C51 COMPILER V8.02   LED                                                                   06/23/2013 13:38:59 PAGE 1   


C51 COMPILER V8.02, COMPILATION OF MODULE LED
OBJECT MODULE PLACED IN led.OBJ
COMPILER INVOKED BY: C:\KEIL\C51\BIN\C51.EXE led.c BROWSE DEBUG OBJECTEXTEND

line level    source

   1          #include<reg52.h>
   2          char a,b;
   3          void delay(int i);
   4          code char table[] = "0123456789ABCDEFXYZ";
   5          void main()
   6          {
   7   1      /*      TMOD=0x01;
   8   1              TR0=1;
   9   1              ET0=1;
  10   1              EA=1;
  11   1              TH0=0xD8;
  12   1              TL0=0xf0;
  13   1              a=0;
  14   1              P1=0x55;*/
  15   1              
  16   1              
  17   1              TMOD = 0x20;                    // 定时器1工作于8位自动重载模式, 用于产生波特率
  18   1              TH1 = 0xFD;                             // 波特率9600
  19   1              TL1 = 0xFD;
  20   1              
  21   1              SCON = 0x50;                    // 设定串行口工作方式
  22   1              PCON &= 0xef;                   // 波特率不倍增
  23   1                      
  24   1              TR1 = 1;                                // 启动定时器1
  25   1              IE = 0x0;                               // 禁止任何中断 
  26   1              a=0;
  27   1              b=0;
  28   1              
  29   1              SBUF = 'H';
  30   1              while(!TI);                             // 等特数据传送
  31   1              TI = 0;                                 // 清除数据传送标志     
  32   1              
  33   1              while(1)
  34   1              {
  35   2                      P2=0xfe;
  36   2                      {
  37   3                              if((P2&0x10)==0)
  38   3                              a=1;
  39   3                              else if((P2&0x20)==0)
  40   3                              a=2;
  41   3                              else if((P2&0x40)==0)
  42   3                              a=3;
  43   3                              else if((P2&0x80)==0)
  44   3                              a=4;
  45   3                              else
  46   3                              a=a;                
  47   3                      }
  48   2                      P2=0xfd;
  49   2                      {
  50   3                              if((P2&0x10)==0)
  51   3                              a=5;
  52   3                              else if((P2&0x20)==0)
  53   3                              a=6;
  54   3                              else if((P2&0x40)==0)
  55   3                              a=7;
C51 COMPILER V8.02   LED                                                                   06/23/2013 13:38:59 PAGE 2   

  56   3                              else if((P2&0x80)==0)
  57   3                              a=8;
  58   3                              else
  59   3                              a=a;
  60   3                      }
  61   2                      P2=0xfb;
  62   2                      {
  63   3                              if((P2&0x10)==0)
  64   3                              a=9;
  65   3                              else if((P2&0x20)==0)
  66   3                              a=10;
  67   3                              else if((P2&0x40)==0)
  68   3                              a=11;
  69   3                              else if((P2&0x80)==0)
  70   3                              a=12;
  71   3                              else
  72   3                              a=a;
  73   3                      }
  74   2                      P2=0xf7;
  75   2                      {
  76   3                              if((P2&0x10)==0)
  77   3                              a=13;
  78   3                              else if((P2&0x20)==0)
  79   3                              a=14;
  80   3                              else if((P2&0x40)==0)
  81   3                              a=15;
  82   3                              else if((P2&0x80)==0)
  83   3                              a=16;
  84   3                              else
  85   3                              a=a;
  86   3                      }
  87   2                      P1=a^0xff;
  88   2                      if(a!=b)
  89   2                      {
  90   3                              SBUF = table[a];
  91   3                              while(!TI);                             // 等特数据传送
  92   3                              TI = 0;                                 // 清除数据传送标志     
  93   3                              b=a;
  94   3                      }
  95   2                      delay(10);
  96   2              }
  97   1      }
  98          void delay(int i)
  99          {
 100   1              int j;
 101   1              
 102   1              while(i--)
 103   1              {
 104   2                      j=400;
 105   2                      while(j--);
 106   2              }
 107   1      }
 108          /*timer0() interrupt 1
 109          {
 110                  a++;
 111                  TH0=0xD8;
 112                  TL0=0xf0;
 113          }*/


MODULE INFORMATION:   STATIC OVERLAYABLE
   CODE SIZE        =    293    ----
C51 COMPILER V8.02   LED                                                                   06/23/2013 13:38:59 PAGE 3   

   CONSTANT SIZE    =     20    ----
   XDATA SIZE       =   ----    ----
   PDATA SIZE       =   ----    ----
   DATA SIZE        =      2    ----
   IDATA SIZE       =   ----    ----
   BIT SIZE         =   ----    ----
END OF MODULE INFORMATION.


C51 COMPILATION COMPLETE.  0 WARNING(S),  0 ERROR(S)
