Sunplus u'nSP Assembler - Ver. 1.14.3.1
              Listing File Has Been Relocated
                            	// GCC for SUNPLUS u'nSP version 1.0.21-3
                            	// Command: D:\PROGRA~1\Sunplus\UNSPID~1.0\cc1.exe C:\DOCUME~1\ZHANGZ~1.YSU\LOCALS~1\Temp\ccmoaaaa.i -fkeep-inline-functions -quiet -dumpbase main.c -mglobal-var-iram -gstabs -o .\Debug/main.asm
                            		.external __sn_func_ptr_sec
                            	
                            	// gcc2_compiled.:
                            	
00000000                    	.debug
00000000 2E 00 73 00        		.dw '.stabs "F:/abc/shibieyuyin5/",0x64,0,3,',0,0,offset Ltext0,seg Ltext0,0x0d,0x0a
         74 00 61 00
         62 00 73 00
         20 00 22 00
         46 00 3A 00
         2F 00 61 00
         62 00 63 00
         2F 00 73 00
         68 00 69 00
         62 00 69 00
         65 00 79 00
         75 00 79 00
         69 00 6E 00
         35 00 2F 00
         22 00 2C 00
         30 00 78 00
         36 00 34 00
         2C 00 30 00
         2C 00 33 00
         2C 00 00 00
         00 00 00 00
         00 00 0D 00
         0A 00      
0000B394                    	.code
0000002D                    	.debug
0000002D 2E 00 73 00        		.dw '.stabs "F:/abc/shibieyuyin5/main.c",0x64,0,3,',0,0,offset Ltext0,seg Ltext0,0x0d,0x0a
         74 00 61 00
         62 00 73 00
         20 00 22 00
         46 00 3A 00
         2F 00 61 00
         62 00 63 00
         2F 00 73 00
         68 00 69 00
         62 00 69 00
         65 00 79 00
         75 00 79 00
         69 00 6E 00
         35 00 2F 00
         6D 00 61 00
         69 00 6E 00
         2E 00 63 00
         22 00 2C 00
         30 00 78 00
         36 00 34 00
         2C 00 30 00
         2C 00 33 00
         2C 00 00 00
         00 00 00 00
         00 00 0D 00
         0A 00      
0000B394                    	.code
0000B394                    	.code
                            	Ltext0:
00000060                    	.debug
00000060 2E 00 73 00        		.dw '.stabs "int:t1=r1;-32768;32767;",128,0,0,0',0x0d,0x0a
         74 00 61 00
         62 00 73 00
         20 00 22 00
         69 00 6E 00
         74 00 3A 00
         74 00 31 00
         3D 00 72 00
         31 00 3B 00
         2D 00 33 00
         32 00 37 00
         36 00 38 00
         3B 00 33 00
         32 00 37 00
         36 00 37 00
         3B 00 22 00
         2C 00 31 00
         32 00 38 00
         2C 00 30 00
         2C 00 30 00
         2C 00 30 00
         0D 00 0A 00
0000B394                    	.CODE
0000008C                    	.debug
0000008C 2E 00 73 00        		.dw '.stabs "char:t2=r2;0;127;",128,0,0,0',0x0d,0x0a
         74 00 61 00
         62 00 73 00
         20 00 22 00
         63 00 68 00
         61 00 72 00
         3A 00 74 00
         32 00 3D 00
         72 00 32 00
         3B 00 30 00
         3B 00 31 00
         32 00 37 00
         3B 00 22 00
         2C 00 31 00
         32 00 38 00
         2C 00 30 00
         2C 00 30 00
         2C 00 30 00
         0D 00 0A 00
0000B394                    	.CODE
000000B2                    	.debug
000000B2 2E 00 73 00        		.dw '.stabs "long int:t3=r3;-2147483648;2147483647;",128,0,0,0',0x0d,0x0a
         74 00 61 00
         62 00 73 00
         20 00 22 00
         6C 00 6F 00
         6E 00 67 00
         20 00 69 00
         6E 00 74 00
         3A 00 74 00
         33 00 3D 00
         72 00 33 00
         3B 00 2D 00
         32 00 31 00
         34 00 37 00
         34 00 38 00
         33 00 36 00
         34 00 38 00
         3B 00 32 00
         31 00 34 00
         37 00 34 00
         38 00 33 00
         36 00 34 00
         37 00 3B 00
         22 00 2C 00
         31 00 32 00
         38 00 2C 00
         30 00 2C 00
         30 00 2C 00
         30 00 0D 00
         0A 00      
0000B394                    	.CODE
000000ED                    	.debug
000000ED 2E 00 73 00        		.dw '.stabs "unsigned int:t4=r4;0;65535;",128,0,0,0',0x0d,0x0a
         74 00 61 00
         62 00 73 00
         20 00 22 00
         75 00 6E 00
         73 00 69 00
         67 00 6E 00
         65 00 64 00
         20 00 69 00
         6E 00 74 00
         3A 00 74 00
         34 00 3D 00
         72 00 34 00
         3B 00 30 00
         3B 00 36 00
         35 00 35 00
         33 00 35 00
         3B 00 22 00
         2C 00 31 00
         32 00 38 00
         2C 00 30 00
         2C 00 30 00
         2C 00 30 00
         0D 00 0A 00
0000B394                    	.CODE
0000011D                    	.debug
0000011D 2E 00 73 00        		.dw '.stabs "long unsigned int:t5=r5;0;4294967295;",128,0,0,0',0x0d,0x0a
         74 00 61 00
         62 00 73 00
         20 00 22 00
         6C 00 6F 00
         6E 00 67 00
         20 00 75 00
         6E 00 73 00
         69 00 67 00
         6E 00 65 00
         64 00 20 00
         69 00 6E 00
         74 00 3A 00
         74 00 35 00
         3D 00 72 00
         35 00 3B 00
         30 00 3B 00
         34 00 32 00
         39 00 34 00
         39 00 36 00
         37 00 32 00
         39 00 35 00
         3B 00 22 00
         2C 00 31 00
         32 00 38 00
         2C 00 30 00
         2C 00 30 00
         2C 00 30 00
         0D 00 0A 00
0000B394                    	.CODE
00000157                    	.debug
00000157 2E 00 73 00        		.dw '.stabs "long long int:t6=r6;-2147483648;2147483647;",128,0,0,0',0x0d,0x0a
         74 00 61 00
         62 00 73 00
         20 00 22 00
         6C 00 6F 00
         6E 00 67 00
         20 00 6C 00
         6F 00 6E 00
         67 00 20 00
         69 00 6E 00
         74 00 3A 00
         74 00 36 00
         3D 00 72 00
         36 00 3B 00
         2D 00 32 00
         31 00 34 00
         37 00 34 00
         38 00 33 00
         36 00 34 00
         38 00 3B 00
         32 00 31 00
         34 00 37 00
         34 00 38 00
         33 00 36 00
         34 00 37 00
         3B 00 22 00
         2C 00 31 00
         32 00 38 00
         2C 00 30 00
         2C 00 30 00
         2C 00 30 00
         0D 00 0A 00
0000B394                    	.CODE
00000197                    	.debug
00000197 2E 00 73 00        		.dw '.stabs "long long unsigned int:t7=r7;0;4294967295;",128,0,0,0',0x0d,0x0a
         74 00 61 00
         62 00 73 00
         20 00 22 00
         6C 00 6F 00
         6E 00 67 00
         20 00 6C 00
         6F 00 6E 00
         67 00 20 00
         75 00 6E 00
         73 00 69 00
         67 00 6E 00
         65 00 64 00
         20 00 69 00
         6E 00 74 00
         3A 00 74 00
         37 00 3D 00
         72 00 37 00
         3B 00 30 00
         3B 00 34 00
         32 00 39 00
         34 00 39 00
         36 00 37 00
         32 00 39 00
         35 00 3B 00
         22 00 2C 00
         31 00 32 00
         38 00 2C 00
         30 00 2C 00
         30 00 2C 00
         30 00 0D 00
         0A 00      
0000B394                    	.CODE
000001D6                    	.debug
000001D6 2E 00 73 00        		.dw '.stabs "short int:t8=r8;-32768;32767;",128,0,0,0',0x0d,0x0a
         74 00 61 00
         62 00 73 00
         20 00 22 00
         73 00 68 00
         6F 00 72 00
         74 00 20 00
         69 00 6E 00
         74 00 3A 00
         74 00 38 00
         3D 00 72 00
         38 00 3B 00
         2D 00 33 00
         32 00 37 00
         36 00 38 00
         3B 00 33 00
         32 00 37 00
         36 00 37 00
         3B 00 22 00
         2C 00 31 00
         32 00 38 00
         2C 00 30 00
         2C 00 30 00
         2C 00 30 00
         0D 00 0A 00
0000B394                    	.CODE
00000208                    	.debug
00000208 2E 00 73 00        		.dw '.stabs "short unsigned int:t9=r9;0;65535;",128,0,0,0',0x0d,0x0a
         74 00 61 00
         62 00 73 00
         20 00 22 00
         73 00 68 00
         6F 00 72 00
         74 00 20 00
         75 00 6E 00
         73 00 69 00
         67 00 6E 00
         65 00 64 00
         20 00 69 00
         6E 00 74 00
         3A 00 74 00
         39 00 3D 00
         72 00 39 00
         3B 00 30 00
         3B 00 36 00
         35 00 35 00
         33 00 35 00
         3B 00 22 00
         2C 00 31 00
         32 00 38 00
         2C 00 30 00
         2C 00 30 00
         2C 00 30 00
         0D 00 0A 00
0000B394                    	.CODE
0000023E                    	.debug
0000023E 2E 00 73 00        		.dw '.stabs "signed char:t10=r10;-32768;32767;",128,0,0,0',0x0d,0x0a
         74 00 61 00
         62 00 73 00
         20 00 22 00
         73 00 69 00
         67 00 6E 00
         65 00 64 00
         20 00 63 00
         68 00 61 00
         72 00 3A 00
         74 00 31 00
         30 00 3D 00
         72 00 31 00
         30 00 3B 00
         2D 00 33 00
         32 00 37 00
         36 00 38 00
         3B 00 33 00
         32 00 37 00
         36 00 37 00
         3B 00 22 00
         2C 00 31 00
         32 00 38 00
         2C 00 30 00
         2C 00 30 00
         2C 00 30 00
         0D 00 0A 00
0000B394                    	.CODE
00000274                    	.debug
00000274 2E 00 73 00        		.dw '.stabs "unsigned char:t11=r11;0;65535;",128,0,0,0',0x0d,0x0a
         74 00 61 00
         62 00 73 00
         20 00 22 00
         75 00 6E 00
         73 00 69 00
         67 00 6E 00
         65 00 64 00
         20 00 63 00
         68 00 61 00
         72 00 3A 00
         74 00 31 00
         31 00 3D 00
         72 00 31 00
         31 00 3B 00
         30 00 3B 00
         36 00 35 00
         35 00 33 00
         35 00 3B 00
         22 00 2C 00
         31 00 32 00
         38 00 2C 00
         30 00 2C 00
         30 00 2C 00
         30 00 0D 00
         0A 00      
0000B394                    	.CODE
000002A7                    	.debug
000002A7 2E 00 73 00        		.dw '.stabs "float:t12=r1;2;0;",128,0,0,0',0x0d,0x0a
         74 00 61 00
         62 00 73 00
         20 00 22 00
         66 00 6C 00
         6F 00 61 00
         74 00 3A 00
         74 00 31 00
         32 00 3D 00
         72 00 31 00
         3B 00 32 00
         3B 00 30 00
         3B 00 22 00
         2C 00 31 00
         32 00 38 00
         2C 00 30 00
         2C 00 30 00
         2C 00 30 00
         0D 00 0A 00
0000B394                    	.CODE
000002CD                    	.debug
000002CD 2E 00 73 00        		.dw '.stabs "double:t13=r1;2;0;",128,0,0,0',0x0d,0x0a
         74 00 61 00
         62 00 73 00
         20 00 22 00
         64 00 6F 00
         75 00 62 00
         6C 00 65 00
         3A 00 74 00
         31 00 33 00
         3D 00 72 00
         31 00 3B 00
         32 00 3B 00
         30 00 3B 00
         22 00 2C 00
         31 00 32 00
         38 00 2C 00
         30 00 2C 00
         30 00 2C 00
         30 00 0D 00
         0A 00      
0000B394                    	.CODE
000002F4                    	.debug
000002F4 2E 00 73 00        		.dw '.stabs "long double:t14=r1;2;0;",128,0,0,0',0x0d,0x0a
         74 00 61 00
         62 00 73 00
         20 00 22 00
         6C 00 6F 00
         6E 00 67 00
         20 00 64 00
         6F 00 75 00
         62 00 6C 00
         65 00 3A 00
         74 00 31 00
         34 00 3D 00
         72 00 31 00
         3B 00 32 00
         3B 00 30 00
         3B 00 22 00
         2C 00 31 00
         32 00 38 00
         2C 00 30 00
         2C 00 30 00
         2C 00 30 00
         0D 00 0A 00
0000B394                    	.CODE
00000320                    	.debug
00000320 2E 00 73 00        		.dw '.stabs "complex int:t15=s2real:1,0,16;imag:1,16,16;;",128,0,0,0',0x0d,0x0a
         74 00 61 00
         62 00 73 00
         20 00 22 00
         63 00 6F 00
         6D 00 70 00
         6C 00 65 00
         78 00 20 00
         69 00 6E 00
         74 00 3A 00
         74 00 31 00
         35 00 3D 00
         73 00 32 00
         72 00 65 00
         61 00 6C 00
         3A 00 31 00
         2C 00 30 00
         2C 00 31 00
         36 00 3B 00
         69 00 6D 00
         61 00 67 00
         3A 00 31 00
         2C 00 31 00
         36 00 2C 00
         31 00 36 00
         3B 00 3B 00
         22 00 2C 00
         31 00 32 00
         38 00 2C 00
         30 00 2C 00
         30 00 2C 00
         30 00 0D 00
         0A 00      
0000B394                    	.CODE
00000361                    	.debug
00000361 2E 00 73 00        		.dw '.stabs "complex float:t16=r16;2;0;",128,0,0,0',0x0d,0x0a
         74 00 61 00
         62 00 73 00
         20 00 22 00
         63 00 6F 00
         6D 00 70 00
         6C 00 65 00
         78 00 20 00
         66 00 6C 00
         6F 00 61 00
         74 00 3A 00
         74 00 31 00
         36 00 3D 00
         72 00 31 00
         36 00 3B 00
         32 00 3B 00
         30 00 3B 00
         22 00 2C 00
         31 00 32 00
         38 00 2C 00
         30 00 2C 00
         30 00 2C 00
         30 00 0D 00
         0A 00      
0000B394                    	.CODE
00000390                    	.debug
00000390 2E 00 73 00        		.dw '.stabs "complex double:t17=r17;2;0;",128,0,0,0',0x0d,0x0a
         74 00 61 00
         62 00 73 00
         20 00 22 00
         63 00 6F 00
         6D 00 70 00
         6C 00 65 00
         78 00 20 00
         64 00 6F 00
         75 00 62 00
         6C 00 65 00
         3A 00 74 00
         31 00 37 00
         3D 00 72 00
         31 00 37 00
         3B 00 32 00
         3B 00 30 00
         3B 00 22 00
         2C 00 31 00
         32 00 38 00
         2C 00 30 00
         2C 00 30 00
         2C 00 30 00
         0D 00 0A 00
0000B394                    	.CODE
000003C0                    	.debug
000003C0 2E 00 73 00        		.dw '.stabs "complex long double:t18=r18;2;0;",128,0,0,0',0x0d,0x0a
         74 00 61 00
         62 00 73 00
         20 00 22 00
         63 00 6F 00
         6D 00 70 00
         6C 00 65 00
         78 00 20 00
         6C 00 6F 00
         6E 00 67 00
         20 00 64 00
         6F 00 75 00
         62 00 6C 00
         65 00 3A 00
         74 00 31 00
         38 00 3D 00
         72 00 31 00
         38 00 3B 00
         32 00 3B 00
         30 00 3B 00
         22 00 2C 00
         31 00 32 00
         38 00 2C 00
         30 00 2C 00
         30 00 2C 00
         30 00 0D 00
         0A 00      
0000B394                    	.CODE
000003F5                    	.debug
000003F5 2E 00 73 00        		.dw '.stabs "void:t19=19",128,0,0,0',0x0d,0x0a
         74 00 61 00
         62 00 73 00
         20 00 22 00
         76 00 6F 00
         69 00 64 00
         3A 00 74 00
         31 00 39 00
         3D 00 31 00
         39 00 22 00
         2C 00 31 00
         32 00 38 00
         2C 00 30 00
         2C 00 30 00
         2C 00 30 00
         0D 00 0A 00
0000B394                    	.CODE
                            	.public _gActivated
000004F0                    	.iram
                            	_gActivated:
000004F0 00 00              		.dw 0
00000415                    	.debug
00000415 2E 00 73 00        		.dw '.stabs "gActivated:G1",32,0,0,',0,0,offset _gActivated,seg _gActivated,0x0d,0x0a
         74 00 61 00
         62 00 73 00
         20 00 22 00
         67 00 41 00
         63 00 74 00
         69 00 76 00
         61 00 74 00
         65 00 64 00
         3A 00 47 00
         31 00 22 00
         2C 00 33 00
         32 00 2C 00
         30 00 2C 00
         30 00 2C 00
         00 00 00 00
         00 00 00 00
         0D 00 0A 00
0000B394                    	.CODE
                            	.public _gTriggerRespond
000004F1                    	.iram
                            	_gTriggerRespond:
000004F1 09 00              		.dw 9
000004F2 0A 00              		.dw 10
000004F3 09 00              		.dw 9
00000439                    	.debug
00000439 2E 00 73 00        		.dw '.stabs "gTriggerRespond:G20=ar1;0;2;1",32,0,0,',0,0,offset _gTriggerRespond,seg _gTriggerRespond,0x0d,0x0a
         74 00 61 00
         62 00 73 00
         20 00 22 00
         67 00 54 00
         72 00 69 00
         67 00 67 00
         65 00 72 00
         52 00 65 00
         73 00 70 00
         6F 00 6E 00
         64 00 3A 00
         47 00 32 00
         30 00 3D 00
         61 00 72 00
         31 00 3B 00
         30 00 3B 00
         32 00 3B 00
         31 00 22 00
         2C 00 33 00
         32 00 2C 00
         30 00 2C 00
         30 00 2C 00
         00 00 00 00
         01 00 00 00
         0D 00 0A 00
0000B394                    	.CODE
                            	.public _gComm2Respond
000004F4                    	.iram
                            	_gComm2Respond:
000004F4 0B 00              		.dw 11
000004F5 0C 00              		.dw 12
000004F6 0D 00              		.dw 13
0000046D                    	.debug
0000046D 2E 00 73 00        		.dw '.stabs "gComm2Respond:G21=ar1;0;2;1",32,0,0,',0,0,offset _gComm2Respond,seg _gComm2Respond,0x0d,0x0a
         74 00 61 00
         62 00 73 00
         20 00 22 00
         67 00 43 00
         6F 00 6D 00
         6D 00 32 00
         52 00 65 00
         73 00 70 00
         6F 00 6E 00
         64 00 3A 00
         47 00 32 00
         31 00 3D 00
         61 00 72 00
         31 00 3B 00
         30 00 3B 00
         32 00 3B 00
         31 00 22 00
         2C 00 33 00
         32 00 2C 00
         30 00 2C 00
         30 00 2C 00
         00 00 00 00
         04 00 00 00
         0D 00 0A 00
0000B394                    	.CODE
                            	.public _PlayFlag
000004F7                    	.iram
                            	_PlayFlag:
000004F7 00 00              		.dw 0
0000049F                    	.debug
0000049F 2E 00 73 00        		.dw '.stabs "PlayFlag:G1",32,0,0,',0,0,offset _PlayFlag,seg _PlayFlag,0x0d,0x0a
         74 00 61 00
         62 00 73 00
         20 00 22 00
         50 00 6C 00
         61 00 79 00
         46 00 6C 00
         61 00 67 00
         3A 00 47 00
         31 00 22 00
         2C 00 33 00
         32 00 2C 00
         30 00 2C 00
         30 00 2C 00
         00 00 00 00
         07 00 00 00
         0D 00 0A 00
0000B394                    	.CODE
0000B394                    	.code
000004C1                    	.debug
000004C1 2E 00 73 00        		.dw '.stabs "PlayRespond2:F19",36,0,0,',0,0,offset _PlayRespond2,seg _PlayRespond2,0x0d,0x0a
         74 00 61 00
         62 00 73 00
         20 00 22 00
         50 00 6C 00
         61 00 79 00
         52 00 65 00
         73 00 70 00
         6F 00 6E 00
         64 00 32 00
         3A 00 46 00
         31 00 39 00
         22 00 2C 00
         33 00 36 00
         2C 00 30 00
         2C 00 30 00
         2C 00 00 00
         00 00 00 00
         00 00 0D 00
         0A 00      
0000B394                    	.CODE
                            	.public _PlayRespond2
                            	_PlayRespond2:	.proc
000004E8                    	.debug
000004E8 2E 00 73 00        		.dw '.stabn 0x44,0,80,',0,0
         74 00 61 00
         62 00 6E 00
         20 00 30 00
         78 00 34 00
         34 00 2C 00
         30 00 2C 00
         38 00 30 00
         2C 00 00 00
         00 00      
000004FB 00 00 00 00        		.dd LM1-_PlayRespond2
000004FD 0D 00 0A 00        		.dw 0x0d,0x0a
0000B394                    	.code
                            	LM1:
                            		// total=1, vars=1
                            		// frame_pointer_needed: 1
0000B394 88 DA              		push bp to [sp]
0000B395 41 20              		sp-=1
0000B396 08 0B 01 00        		bp=sp+1
                            	
0000B398 0D 03 04 00        		R1=BP+4
0000B39A C5 D2              		[BP]=R1	// QImode move
000004FF                    	.debug
000004FF 2E 00 73 00        		.dw '.stabn 0x44,0,81,',0,0
         74 00 61 00
         62 00 6E 00
         20 00 30 00
         78 00 34 00
         34 00 2C 00
         30 00 2C 00
         38 00 31 00
         2C 00 00 00
         00 00      
00000512 07 00 00 00        		.dd LM2-_PlayRespond2
00000514 0D 00 0A 00        		.dw 0x0d,0x0a
0000B39B                    	.code
                            	LM2:
                            	LBB2:
0000B39B 40 F0 72 9B        		call _BSR_StopRecognizer	// call without return value
00000516                    	.debug
00000516 2E 00 73 00        		.dw '.stabn 0x44,0,82,',0,0
         74 00 61 00
         62 00 6E 00
         20 00 30 00
         78 00 34 00
         34 00 2C 00
         30 00 2C 00
         38 00 32 00
         2C 00 00 00
         00 00      
00000529 09 00 00 00        		.dd LM3-_PlayRespond2
0000052B 0D 00 0A 00        		.dw 0x0d,0x0a
0000B39D                    	.code
                            	LM3:
0000B39D 41 92              		R1=1	// QImode move
0000B39E C8 D2              		[SP--]=R1	// QImode move
0000B39F 40 F0 9F AD        		call _SACM_A2000_Initial	// call with return value
0000B3A1 41 00              		SP = SP + 1	//SP
0000052D                    	.debug
0000052D 2E 00 73 00        		.dw '.stabn 0x44,0,83,',0,0
         74 00 61 00
         62 00 6E 00
         20 00 30 00
         78 00 34 00
         34 00 2C 00
         30 00 2C 00
         38 00 33 00
         2C 00 00 00
         00 00      
00000540 0E 00 00 00        		.dd LM4-_PlayRespond2
00000542 0D 00 0A 00        		.dw 0x0d,0x0a
0000B3A2                    	.code
                            	LM4:
0000B3A2 43 92              		R1=3	// QImode move
0000B3A3 C8 D2              		[SP--]=R1	// QImode move
0000B3A4 43 92              		R1=3	// QImode move
0000B3A5 C8 D2              		[SP--]=R1	// QImode move
0000B3A6 C5 94              		R2=[BP]	// QImode move
0000B3A7 C2 92              		R1=[R2]	// QImode move
0000B3A8 C8 D2              		[SP--]=R1	// QImode move
0000B3A9 40 F0 1A AE        		call _SACM_A2000_Play	// call with return value
0000B3AB 43 00              		SP = SP + 3	//SP
00000544                    	.debug
00000544 2E 00 73 00        		.dw '.stabn 0x44,0,84,',0,0
         74 00 61 00
         62 00 6E 00
         20 00 30 00
         78 00 34 00
         34 00 2C 00
         30 00 2C 00
         38 00 34 00
         2C 00 00 00
         00 00      
00000557 18 00 00 00        		.dd LM5-_PlayRespond2
00000559 0D 00 0A 00        		.dw 0x0d,0x0a
0000B3AC                    	.code
                            	LM5:
                            	L3:
0000B3AC 40 F0 2B AF        		call _SACM_A2000_Status	// call with return value
0000B3AE 09 B5 01 00        		R2=R1&1
0000B3B0 40 44              		CMP R2,0	// QImode test
0000B3B1 04 4E 01 EE        		NSJNZ L5	//QImode NE
         00 EE      
0000B3B4 0F 9F BC B3        		pc=L4	// Indirect jump
                            	L5:
0000055B                    	.debug
0000055B 2E 00 73 00        		.dw '.stabn 0x44,0,86,',0,0
         74 00 61 00
         62 00 6E 00
         20 00 30 00
         78 00 34 00
         34 00 2C 00
         30 00 2C 00
         38 00 36 00
         2C 00 00 00
         00 00      
0000056E 22 00 00 00        		.dd LM6-_PlayRespond2
00000570 0D 00 0A 00        		.dw 0x0d,0x0a
0000B3B6                    	.code
                            	LM6:
                            	LBB3:
0000B3B6 40 F0 17 B0        		call _SACM_A2000_ServiceLoop	// call with return value
00000572                    	.debug
00000572 2E 00 73 00        		.dw '.stabn 0x44,0,87,',0,0
         74 00 61 00
         62 00 6E 00
         20 00 30 00
         78 00 34 00
         34 00 2C 00
         30 00 2C 00
         38 00 37 00
         2C 00 00 00
         00 00      
00000585 24 00 00 00        		.dd LM7-_PlayRespond2
00000587 0D 00 0A 00        		.dw 0x0d,0x0a
0000B3B8                    	.code
                            	LM7:
0000B3B8 40 F0 71 B7        		call _ClearWatchDog	// call without return value
00000589                    	.debug
00000589 2E 00 73 00        		.dw '.stabn 0x44,0,88,',0,0
         74 00 61 00
         62 00 6E 00
         20 00 30 00
         78 00 34 00
         34 00 2C 00
         30 00 2C 00
         38 00 38 00
         2C 00 00 00
         00 00      
0000059C 26 00 00 00        		.dd LM8-_PlayRespond2
0000059E 0D 00 0A 00        		.dw 0x0d,0x0a
0000B3BA                    	.code
                            	LM8:
                            	LBE3:
0000B3BA 0F 9F AC B3        		pc=L3	// Indirect jump
                            	L4:
000005A0                    	.debug
000005A0 2E 00 73 00        		.dw '.stabn 0x44,0,89,',0,0
         74 00 61 00
         62 00 6E 00
         20 00 30 00
         78 00 34 00
         34 00 2C 00
         30 00 2C 00
         38 00 39 00
         2C 00 00 00
         00 00      
000005B3 28 00 00 00        		.dd LM9-_PlayRespond2
000005B5 0D 00 0A 00        		.dw 0x0d,0x0a
0000B3BC                    	.code
                            	LM9:
0000B3BC 40 F0 C8 AE        		call _SACM_A2000_Stop	// call with return value
000005B7                    	.debug
000005B7 2E 00 73 00        		.dw '.stabn 0x44,0,90,',0,0
         74 00 61 00
         62 00 6E 00
         20 00 30 00
         78 00 34 00
         34 00 2C 00
         30 00 2C 00
         39 00 30 00
         2C 00 00 00
         00 00      
000005CA 2A 00 00 00        		.dd LM10-_PlayRespond2
000005CC 0D 00 0A 00        		.dw 0x0d,0x0a
0000B3BE                    	.code
                            	LM10:
0000B3BE 40 92              		R1=0	// QImode move
0000B3BF C8 D2              		[SP--]=R1	// QImode move
0000B3C0 40 F0 7F 9B        		call _BSR_InitRecognizer	// call with return value
0000B3C2 41 00              		SP = SP + 1	//SP
000005CE                    	.debug
000005CE 2E 00 73 00        		.dw '.stabn 0x44,0,91,',0,0
         74 00 61 00
         62 00 6E 00
         20 00 30 00
         78 00 34 00
         34 00 2C 00
         30 00 2C 00
         39 00 31 00
         2C 00 00 00
         00 00      
000005E1 2F 00 00 00        		.dd LM11-_PlayRespond2
000005E3 0D 00 0A 00        		.dw 0x0d,0x0a
0000B3C3                    	.code
                            	LM11:
0000B3C3 40 F0 40 9B        		call _BSR_EnableCPUIndicator	// call without return value
000005E5                    	.debug
000005E5 2E 00 73 00        		.dw '.stabn 0x44,0,92,',0,0
         74 00 61 00
         62 00 6E 00
         20 00 30 00
         78 00 34 00
         34 00 2C 00
         30 00 2C 00
         39 00 32 00
         2C 00 00 00
         00 00      
000005F8 31 00 00 00        		.dd LM12-_PlayRespond2
000005FA 0D 00 0A 00        		.dw 0x0d,0x0a
0000B3C5                    	.code
                            	LM12:
                            	LBE2:
000005FC                    	.debug
000005FC 2E 00 73 00        		.dw '.stabn 0x44,0,92,',0,0
         74 00 61 00
         62 00 6E 00
         20 00 30 00
         78 00 34 00
         34 00 2C 00
         30 00 2C 00
         39 00 32 00
         2C 00 00 00
         00 00      
0000060F 31 00 00 00        		.dd LM13-_PlayRespond2
00000611 0D 00 0A 00        		.dw 0x0d,0x0a
0000B3C5                    	.code
                            	LM13:
                            	L2:
                            	
0000B3C5 41 00              		sp+=1
0000B3C6 88 98              		pop bp from [sp]
0000B3C7 90 9A              		retf
                            		.endp	// end of PlayRespond2
                            	
00000613                    	.debug
00000613 2E 00 73 00        		.dw '.stabs "Result:p1",160,0,0,4',0x0d,0x0a
         74 00 61 00
         62 00 73 00
         20 00 22 00
         52 00 65 00
         73 00 75 00
         6C 00 74 00
         3A 00 70 00
         31 00 22 00
         2C 00 31 00
         36 00 30 00
         2C 00 30 00
         2C 00 30 00
         2C 00 34 00
         0D 00 0A 00
0000B3C8                    	.CODE
00000631                    	.debug
00000631 2E 00 73 00        		.dw '.stabn 0xc0,0,0,',0,0
         74 00 61 00
         62 00 6E 00
         20 00 30 00
         78 00 63 00
         30 00 2C 00
         30 00 2C 00
         30 00 2C 00
         00 00 00 00
00000643 07 00 00 00        		.dd LBB2-_PlayRespond2
00000645 0D 00 0A 00        		.dw 0x0d,0x0a
0000B3C8                    	.code
00000647                    	.debug
00000647 2E 00 73 00        		.dw '.stabn 0xc0,0,0,',0,0
         74 00 61 00
         62 00 6E 00
         20 00 30 00
         78 00 63 00
         30 00 2C 00
         30 00 2C 00
         30 00 2C 00
         00 00 00 00
00000659 22 00 00 00        		.dd LBB3-_PlayRespond2
0000065B 0D 00 0A 00        		.dw 0x0d,0x0a
0000B3C8                    	.code
0000065D                    	.debug
0000065D 2E 00 73 00        		.dw '.stabn 0xe0,0,0,',0,0
         74 00 61 00
         62 00 6E 00
         20 00 30 00
         78 00 65 00
         30 00 2C 00
         30 00 2C 00
         30 00 2C 00
         00 00 00 00
0000066F 26 00 00 00        		.dd LBE3-_PlayRespond2
00000671 0D 00 0A 00        		.dw 0x0d,0x0a
0000B3C8                    	.code
00000673                    	.debug
00000673 2E 00 73 00        		.dw '.stabn 0xe0,0,0,',0,0
         74 00 61 00
         62 00 6E 00
         20 00 30 00
         78 00 65 00
         30 00 2C 00
         30 00 2C 00
         30 00 2C 00
         00 00 00 00
00000685 31 00 00 00        		.dd LBE2-_PlayRespond2
00000687 0D 00 0A 00        		.dw 0x0d,0x0a
0000B3C8                    	.code
00000689                    	.debug
00000689 2E 00 73 00        		.dw '.stabf ',0,0
         74 00 61 00
         62 00 66 00
         20 00 00 00
         00 00      
00000692 34 00 00 00        		.dd LME1-_PlayRespond2
00000694 0D 00 0A 00        		.dw 0x0d,0x0a
0000B3C8                    	.code
                            	LME1:
0000B3C8                    	.code
00000696                    	.debug
00000696 2E 00 73 00        		.dw '.stabs "PlayRespond:F19",36,0,0,',0,0,offset _PlayRespond,seg _PlayRespond,0x0d,0x0a
         74 00 61 00
         62 00 73 00
         20 00 22 00
         50 00 6C 00
         61 00 79 00
         52 00 65 00
         73 00 70 00
         6F 00 6E 00
         64 00 3A 00
         46 00 31 00
         39 00 22 00
         2C 00 33 00
         36 00 2C 00
         30 00 2C 00
         30 00 2C 00
         00 00 00 00
         34 00 00 00
         0D 00 0A 00
0000B3C8                    	.CODE
                            	.public _PlayRespond
                            	_PlayRespond:	.proc
000006BC                    	.debug
000006BC 2E 00 73 00        		.dw '.stabn 0x44,0,95,',0,0
         74 00 61 00
         62 00 6E 00
         20 00 30 00
         78 00 34 00
         34 00 2C 00
         30 00 2C 00
         39 00 35 00
         2C 00 00 00
         00 00      
000006CF 00 00 00 00        		.dd LM14-_PlayRespond
000006D1 0D 00 0A 00        		.dw 0x0d,0x0a
0000B3C8                    	.code
                            	LM14:
                            		// total=1, vars=1
                            		// frame_pointer_needed: 1
0000B3C8 88 DA              		push bp to [sp]
0000B3C9 41 20              		sp-=1
0000B3CA 08 0B 01 00        		bp=sp+1
                            	
0000B3CC 0D 03 04 00        		R1=BP+4
0000B3CE C5 D2              		[BP]=R1	// QImode move
000006D3                    	.debug
000006D3 2E 00 73 00        		.dw '.stabn 0x44,0,96,',0,0
         74 00 61 00
         62 00 6E 00
         20 00 30 00
         78 00 34 00
         34 00 2C 00
         30 00 2C 00
         39 00 36 00
         2C 00 00 00
         00 00      
000006E6 07 00 00 00        		.dd LM15-_PlayRespond
000006E8 0D 00 0A 00        		.dw 0x0d,0x0a
0000B3CF                    	.code
                            	LM15:
                            	LBB4:
0000B3CF 40 F0 72 9B        		call _BSR_StopRecognizer	// call without return value
000006EA                    	.debug
000006EA 2E 00 73 00        		.dw '.stabn 0x44,0,97,',0,0
         74 00 61 00
         62 00 6E 00
         20 00 30 00
         78 00 34 00
         34 00 2C 00
         30 00 2C 00
         39 00 37 00
         2C 00 00 00
         00 00      
000006FD 09 00 00 00        		.dd LM16-_PlayRespond
000006FF 0D 00 0A 00        		.dw 0x0d,0x0a
0000B3D1                    	.code
                            	LM16:
0000B3D1 41 92              		R1=1	// QImode move
0000B3D2 C8 D2              		[SP--]=R1	// QImode move
0000B3D3 40 F0 96 A6        		call _SACM_S480_Initial	// call with return value
0000B3D5 41 00              		SP = SP + 1	//SP
00000701                    	.debug
00000701 2E 00 73 00        		.dw '.stabn 0x44,0,98,',0,0
         74 00 61 00
         62 00 6E 00
         20 00 30 00
         78 00 34 00
         34 00 2C 00
         30 00 2C 00
         39 00 38 00
         2C 00 00 00
         00 00      
00000714 0E 00 00 00        		.dd LM17-_PlayRespond
00000716 0D 00 0A 00        		.dw 0x0d,0x0a
0000B3D6                    	.code
                            	LM17:
0000B3D6 43 92              		R1=3	// QImode move
0000B3D7 C8 D2              		[SP--]=R1	// QImode move
0000B3D8 43 92              		R1=3	// QImode move
0000B3D9 C8 D2              		[SP--]=R1	// QImode move
0000B3DA C5 94              		R2=[BP]	// QImode move
0000B3DB C2 92              		R1=[R2]	// QImode move
0000B3DC C8 D2              		[SP--]=R1	// QImode move
0000B3DD 40 F0 CD A6        		call _SACM_S480_Play	// call with return value
0000B3DF 43 00              		SP = SP + 3	//SP
00000718                    	.debug
00000718 2E 00 73 00        		.dw '.stabn 0x44,0,99,',0,0
         74 00 61 00
         62 00 6E 00
         20 00 30 00
         78 00 34 00
         34 00 2C 00
         30 00 2C 00
         39 00 39 00
         2C 00 00 00
         00 00      
0000072B 18 00 00 00        		.dd LM18-_PlayRespond
0000072D 0D 00 0A 00        		.dw 0x0d,0x0a
0000B3E0                    	.code
                            	LM18:
                            	L8:
0000B3E0 40 F0 AF A7        		call _SACM_S480_Status	// call with return value
0000B3E2 09 B5 01 00        		R2=R1&1
0000B3E4 40 44              		CMP R2,0	// QImode test
0000B3E5 04 4E 01 EE        		NSJNZ L10	//QImode NE
         00 EE      
0000B3E8 0F 9F F0 B3        		pc=L9	// Indirect jump
                            	L10:
0000072F                    	.debug
0000072F 2E 00 73 00        		.dw '.stabn 0x44,0,101,',0,0
         74 00 61 00
         62 00 6E 00
         20 00 30 00
         78 00 34 00
         34 00 2C 00
         30 00 2C 00
         31 00 30 00
         31 00 2C 00
         00 00 00 00
00000743 22 00 00 00        		.dd LM19-_PlayRespond
00000745 0D 00 0A 00        		.dw 0x0d,0x0a
0000B3EA                    	.code
                            	LM19:
                            	LBB5:
0000B3EA 40 F0 06 A8        		call _SACM_S480_ServiceLoop	// call with return value
00000747                    	.debug
00000747 2E 00 73 00        		.dw '.stabn 0x44,0,102,',0,0
         74 00 61 00
         62 00 6E 00
         20 00 30 00
         78 00 34 00
         34 00 2C 00
         30 00 2C 00
         31 00 30 00
         32 00 2C 00
         00 00 00 00
0000075B 24 00 00 00        		.dd LM20-_PlayRespond
0000075D 0D 00 0A 00        		.dw 0x0d,0x0a
0000B3EC                    	.code
                            	LM20:
0000B3EC 40 F0 71 B7        		call _ClearWatchDog	// call without return value
0000075F                    	.debug
0000075F 2E 00 73 00        		.dw '.stabn 0x44,0,103,',0,0
         74 00 61 00
         62 00 6E 00
         20 00 30 00
         78 00 34 00
         34 00 2C 00
         30 00 2C 00
         31 00 30 00
         33 00 2C 00
         00 00 00 00
00000773 26 00 00 00        		.dd LM21-_PlayRespond
00000775 0D 00 0A 00        		.dw 0x0d,0x0a
0000B3EE                    	.code
                            	LM21:
                            	LBE5:
0000B3EE 0F 9F E0 B3        		pc=L8	// Indirect jump
                            	L9:
00000777                    	.debug
00000777 2E 00 73 00        		.dw '.stabn 0x44,0,104,',0,0
         74 00 61 00
         62 00 6E 00
         20 00 30 00
         78 00 34 00
         34 00 2C 00
         30 00 2C 00
         31 00 30 00
         34 00 2C 00
         00 00 00 00
0000078B 28 00 00 00        		.dd LM22-_PlayRespond
0000078D 0D 00 0A 00        		.dw 0x0d,0x0a
0000B3F0                    	.code
                            	LM22:
0000B3F0 40 F0 65 A7        		call _SACM_S480_Stop	// call with return value
0000078F                    	.debug
0000078F 2E 00 73 00        		.dw '.stabn 0x44,0,105,',0,0
         74 00 61 00
         62 00 6E 00
         20 00 30 00
         78 00 34 00
         34 00 2C 00
         30 00 2C 00
         31 00 30 00
         35 00 2C 00
         00 00 00 00
000007A3 2A 00 00 00        		.dd LM23-_PlayRespond
000007A5 0D 00 0A 00        		.dw 0x0d,0x0a
0000B3F2                    	.code
                            	LM23:
0000B3F2 40 92              		R1=0	// QImode move
0000B3F3 C8 D2              		[SP--]=R1	// QImode move
0000B3F4 40 F0 7F 9B        		call _BSR_InitRecognizer	// call with return value
0000B3F6 41 00              		SP = SP + 1	//SP
000007A7                    	.debug
000007A7 2E 00 73 00        		.dw '.stabn 0x44,0,106,',0,0
         74 00 61 00
         62 00 6E 00
         20 00 30 00
         78 00 34 00
         34 00 2C 00
         30 00 2C 00
         31 00 30 00
         36 00 2C 00
         00 00 00 00
000007BB 2F 00 00 00        		.dd LM24-_PlayRespond
000007BD 0D 00 0A 00        		.dw 0x0d,0x0a
0000B3F7                    	.code
                            	LM24:
0000B3F7 40 F0 40 9B        		call _BSR_EnableCPUIndicator	// call without return value
000007BF                    	.debug
000007BF 2E 00 73 00        		.dw '.stabn 0x44,0,107,',0,0
         74 00 61 00
         62 00 6E 00
         20 00 30 00
         78 00 34 00
         34 00 2C 00
         30 00 2C 00
         31 00 30 00
         37 00 2C 00
         00 00 00 00
000007D3 31 00 00 00        		.dd LM25-_PlayRespond
000007D5 0D 00 0A 00        		.dw 0x0d,0x0a
0000B3F9                    	.code
                            	LM25:
                            	LBE4:
000007D7                    	.debug
000007D7 2E 00 73 00        		.dw '.stabn 0x44,0,107,',0,0
         74 00 61 00
         62 00 6E 00
         20 00 30 00
         78 00 34 00
         34 00 2C 00
         30 00 2C 00
         31 00 30 00
         37 00 2C 00
         00 00 00 00
000007EB 31 00 00 00        		.dd LM26-_PlayRespond
000007ED 0D 00 0A 00        		.dw 0x0d,0x0a
0000B3F9                    	.code
                            	LM26:
                            	L7:
                            	
0000B3F9 41 00              		sp+=1
0000B3FA 88 98              		pop bp from [sp]
0000B3FB 90 9A              		retf
                            		.endp	// end of PlayRespond
                            	
000007EF                    	.debug
000007EF 2E 00 73 00        		.dw '.stabs "Result:p1",160,0,0,4',0x0d,0x0a
         74 00 61 00
         62 00 73 00
         20 00 22 00
         52 00 65 00
         73 00 75 00
         6C 00 74 00
         3A 00 70 00
         31 00 22 00
         2C 00 31 00
         36 00 30 00
         2C 00 30 00
         2C 00 30 00
         2C 00 34 00
         0D 00 0A 00
0000B3FC                    	.CODE
0000080D                    	.debug
0000080D 2E 00 73 00        		.dw '.stabn 0xc0,0,0,',0,0
         74 00 61 00
         62 00 6E 00
         20 00 30 00
         78 00 63 00
         30 00 2C 00
         30 00 2C 00
         30 00 2C 00
         00 00 00 00
0000081F 07 00 00 00        		.dd LBB4-_PlayRespond
00000821 0D 00 0A 00        		.dw 0x0d,0x0a
0000B3FC                    	.code
00000823                    	.debug
00000823 2E 00 73 00        		.dw '.stabn 0xc0,0,0,',0,0
         74 00 61 00
         62 00 6E 00
         20 00 30 00
         78 00 63 00
         30 00 2C 00
         30 00 2C 00
         30 00 2C 00
         00 00 00 00
00000835 22 00 00 00        		.dd LBB5-_PlayRespond
00000837 0D 00 0A 00        		.dw 0x0d,0x0a
0000B3FC                    	.code
00000839                    	.debug
00000839 2E 00 73 00        		.dw '.stabn 0xe0,0,0,',0,0
         74 00 61 00
         62 00 6E 00
         20 00 30 00
         78 00 65 00
         30 00 2C 00
         30 00 2C 00
         30 00 2C 00
         00 00 00 00
0000084B 26 00 00 00        		.dd LBE5-_PlayRespond
0000084D 0D 00 0A 00        		.dw 0x0d,0x0a
0000B3FC                    	.code
0000084F                    	.debug
0000084F 2E 00 73 00        		.dw '.stabn 0xe0,0,0,',0,0
         74 00 61 00
         62 00 6E 00
         20 00 30 00
         78 00 65 00
         30 00 2C 00
         30 00 2C 00
         30 00 2C 00
         00 00 00 00
00000861 31 00 00 00        		.dd LBE4-_PlayRespond
00000863 0D 00 0A 00        		.dw 0x0d,0x0a
0000B3FC                    	.code
00000865                    	.debug
00000865 2E 00 73 00        		.dw '.stabf ',0,0
         74 00 61 00
         62 00 66 00
         20 00 00 00
         00 00      
0000086E 34 00 00 00        		.dd LME2-_PlayRespond
00000870 0D 00 0A 00        		.dw 0x0d,0x0a
0000B3FC                    	.code
                            	LME2:
0000B3FC                    	.code
00000872                    	.debug
00000872 2E 00 73 00        		.dw '.stabs "TrainWord:F1",36,0,0,',0,0,offset _TrainWord,seg _TrainWord,0x0d,0x0a
         74 00 61 00
         62 00 73 00
         20 00 22 00
         54 00 72 00
         61 00 69 00
         6E 00 57 00
         6F 00 72 00
         64 00 3A 00
         46 00 31 00
         22 00 2C 00
         33 00 36 00
         2C 00 30 00
         2C 00 30 00
         2C 00 00 00
         00 00 68 00
         00 00 0D 00
         0A 00      
0000B3FC                    	.CODE
                            	.public _TrainWord
                            	_TrainWord:	.proc
00000895                    	.debug
00000895 2E 00 73 00        		.dw '.stabn 0x44,0,110,',0,0
         74 00 61 00
         62 00 6E 00
         20 00 30 00
         78 00 34 00
         34 00 2C 00
         30 00 2C 00
         31 00 31 00
         30 00 2C 00
         00 00 00 00
000008A9 00 00 00 00        		.dd LM27-_TrainWord
000008AB 0D 00 0A 00        		.dw 0x0d,0x0a
0000B3FC                    	.code
                            	LM27:
                            		// total=2, vars=2
                            		// frame_pointer_needed: 1
0000B3FC 88 DA              		push bp to [sp]
0000B3FD 42 20              		sp-=2
0000B3FE 08 0B 01 00        		bp=sp+1
                            	
0000B400 0D 03 05 00        		R1=BP+5
0000B402 01 D2              		[bp+1]=R1	// QImode move
000008AD                    	.debug
000008AD 2E 00 73 00        		.dw '.stabn 0x44,0,111,',0,0
         74 00 61 00
         62 00 6E 00
         20 00 30 00
         78 00 34 00
         34 00 2C 00
         30 00 2C 00
         31 00 31 00
         31 00 2C 00
         00 00 00 00
000008C1 07 00 00 00        		.dd LM28-_TrainWord
000008C3 0D 00 0A 00        		.dw 0x0d,0x0a
0000B403                    	.code
                            	LM28:
                            	LBB6:
000008C5                    	.debug
000008C5 2E 00 73 00        		.dw '.stabn 0x44,0,112,',0,0
         74 00 61 00
         62 00 6E 00
         20 00 30 00
         78 00 34 00
         34 00 2C 00
         30 00 2C 00
         31 00 31 00
         32 00 2C 00
         00 00 00 00
000008D9 07 00 00 00        		.dd LM29-_TrainWord
000008DB 0D 00 0A 00        		.dw 0x0d,0x0a
0000B403                    	.code
                            	LM29:
0000B403 01 92              		R1=[bp+1]	// QImode move
0000B404 01 96              		R3=[bp+1]	// QImode move
0000B405 0B 05 01 00        		R2=R3+1
0000B407 02 97              		R3=R2	// QImode move
0000B408 C3 92              		R1=[R3]	// QImode move
0000B409 C8 D2              		[SP--]=R1	// QImode move
0000B40A 40 F0 C8 B3        		call _PlayRespond	// call without return value
0000B40C 41 00              		SP = SP + 1	//SP
000008DD                    	.debug
000008DD 2E 00 73 00        		.dw '.stabn 0x44,0,113,',0,0
         74 00 61 00
         62 00 6E 00
         20 00 30 00
         78 00 34 00
         34 00 2C 00
         30 00 2C 00
         31 00 31 00
         33 00 2C 00
         00 00 00 00
000008F1 11 00 00 00        		.dd LM30-_TrainWord
000008F3 0D 00 0A 00        		.dw 0x0d,0x0a
0000B40D                    	.code
                            	LM30:
                            	L13:
0000B40D 0F 9F 11 B4        		pc=L15	// Indirect jump
0000B40F 0F 9F 64 B4        		pc=L14	// Indirect jump
                            	L15:
000008F5                    	.debug
000008F5 2E 00 73 00        		.dw '.stabn 0x44,0,115,',0,0
         74 00 61 00
         62 00 6E 00
         20 00 30 00
         78 00 34 00
         34 00 2C 00
         30 00 2C 00
         31 00 31 00
         35 00 2C 00
         00 00 00 00
00000909 15 00 00 00        		.dd LM31-_TrainWord
0000090B 0D 00 0A 00        		.dw 0x0d,0x0a
0000B411                    	.code
                            	LM31:
0000B411 40 92              		R1=0	// QImode move
0000B412 C8 D2              		[SP--]=R1	// QImode move
0000B413 01 94              		R2=[bp+1]	// QImode move
0000B414 C2 92              		R1=[R2]	// QImode move
0000B415 C8 D2              		[SP--]=R1	// QImode move
0000B416 40 F0 F1 87        		call _BSR_Train	// call with return value
0000B418 42 00              		SP = SP + 2	//SP
0000B419 C5 D2              		[BP]=R1	// QImode move
0000090D                    	.debug
0000090D 2E 00 73 00        		.dw '.stabn 0x44,0,116,',0,0
         74 00 61 00
         62 00 6E 00
         20 00 30 00
         78 00 34 00
         34 00 2C 00
         30 00 2C 00
         31 00 31 00
         36 00 2C 00
         00 00 00 00
00000921 1E 00 00 00        		.dd LM32-_TrainWord
00000923 0D 00 0A 00        		.dw 0x0d,0x0a
0000B41A                    	.code
                            	LM32:
0000B41A C5 92              		R1=[BP]	// QImode move
0000B41B 40 42              		CMP R1,0	// QImode test
0000B41C 04 4E 01 EE        		NSJNZ L16	//QImode NE
         00 EE      
0000B41F 0F 9F 64 B4        		pc=L14	// Indirect jump
                            	L16:
00000925                    	.debug
00000925 2E 00 73 00        		.dw '.stabn 0x44,0,117,',0,0
         74 00 61 00
         62 00 6E 00
         20 00 30 00
         78 00 34 00
         34 00 2C 00
         30 00 2C 00
         31 00 31 00
         37 00 2C 00
         00 00 00 00
00000939 25 00 00 00        		.dd LM33-_TrainWord
0000093B 0D 00 0A 00        		.dw 0x0d,0x0a
0000B421                    	.code
                            	LM33:
0000B421 C5 94              		R2=[BP]	// QImode move
0000B422 02 93              		R1=R2	// QImode move
0000B423 09 23 FA FF        		R1=R1-(-6)
0000B425 45 42              		CMP R1,5	// QImode compare
0000B426 3B 9E 01 EE        		NSJA L17	//QImode GTU
         00 EE      
0000B429 0A 95 73 A6        		R2=L26	// QImode move
0000B42B 02 03              		R1 = R1 + R2	//addqi3
0000B42C 01 97              		R3=R1	// QImode move
0000B42D C3 92              		R1=[R3]	// QImode move
0000B42E 01 9F              		pc=R1	// tablejump
0000A673                    	.text
                            	L26:
0000A673 5F B4              		.dw L25
0000A674 49 B4              		.dw L22
0000A675 46 B4              		.dw L21
0000A676 3E B4              		.dw L20
0000A677 37 B4              		.dw L19
0000A678 2F B4              		.dw L18
0000B42F                    	.code
                            	L18:
0000093D                    	.debug
0000093D 2E 00 73 00        		.dw '.stabn 0x44,0,120,',0,0
         74 00 61 00
         62 00 6E 00
         20 00 30 00
         78 00 34 00
         34 00 2C 00
         30 00 2C 00
         31 00 32 00
         30 00 2C 00
         00 00 00 00
00000951 33 00 00 00        		.dd LM34-_TrainWord
00000953 0D 00 0A 00        		.dw 0x0d,0x0a
0000B42F                    	.code
                            	LM34:
0000B42F 45 92              		R1=5	// QImode move
0000B430 C8 D2              		[SP--]=R1	// QImode move
0000B431 40 F0 C8 B3        		call _PlayRespond	// call without return value
0000B433 41 00              		SP = SP + 1	//SP
00000955                    	.debug
00000955 2E 00 73 00        		.dw '.stabn 0x44,0,121,',0,0
         74 00 61 00
         62 00 6E 00
         20 00 30 00
         78 00 34 00
         34 00 2C 00
         30 00 2C 00
         31 00 32 00
         31 00 2C 00
         00 00 00 00
00000969 38 00 00 00        		.dd LM35-_TrainWord
0000096B 0D 00 0A 00        		.dw 0x0d,0x0a
0000B434                    	.code
                            	LM35:
0000B434 41 62              		R1=(-1)	// QImode move
0000B435 0F 9F 67 B4        		pc=L12	// Indirect jump
                            	L19:
0000096D                    	.debug
0000096D 2E 00 73 00        		.dw '.stabn 0x44,0,123,',0,0
         74 00 61 00
         62 00 6E 00
         20 00 30 00
         78 00 34 00
         34 00 2C 00
         30 00 2C 00
         31 00 32 00
         33 00 2C 00
         00 00 00 00
00000981 3B 00 00 00        		.dd LM36-_TrainWord
00000983 0D 00 0A 00        		.dw 0x0d,0x0a
0000B437                    	.code
                            	LM36:
0000B437 44 92              		R1=4	// QImode move
0000B438 C8 D2              		[SP--]=R1	// QImode move
0000B439 40 F0 C8 B3        		call _PlayRespond	// call without return value
0000B43B 41 00              		SP = SP + 1	//SP
00000985                    	.debug
00000985 2E 00 73 00        		.dw '.stabn 0x44,0,124,',0,0
         74 00 61 00
         62 00 6E 00
         20 00 30 00
         78 00 34 00
         34 00 2C 00
         30 00 2C 00
         31 00 32 00
         34 00 2C 00
         00 00 00 00
00000999 40 00 00 00        		.dd LM37-_TrainWord
0000099B 0D 00 0A 00        		.dw 0x0d,0x0a
0000B43C                    	.code
                            	LM37:
0000B43C 0F 9F 62 B4        		pc=L17	// Indirect jump
                            	L20:
0000099D                    	.debug
0000099D 2E 00 73 00        		.dw '.stabn 0x44,0,126,',0,0
         74 00 61 00
         62 00 6E 00
         20 00 30 00
         78 00 34 00
         34 00 2C 00
         30 00 2C 00
         31 00 32 00
         36 00 2C 00
         00 00 00 00
000009B1 42 00 00 00        		.dd LM38-_TrainWord
000009B3 0D 00 0A 00        		.dw 0x0d,0x0a
0000B43E                    	.code
                            	LM38:
0000B43E 4E 92              		R1=14	// QImode move
0000B43F C8 D2              		[SP--]=R1	// QImode move
0000B440 40 F0 C8 B3        		call _PlayRespond	// call without return value
0000B442 41 00              		SP = SP + 1	//SP
000009B5                    	.debug
000009B5 2E 00 73 00        		.dw '.stabn 0x44,0,127,',0,0
         74 00 61 00
         62 00 6E 00
         20 00 30 00
         78 00 34 00
         34 00 2C 00
         30 00 2C 00
         31 00 32 00
         37 00 2C 00
         00 00 00 00
000009C9 47 00 00 00        		.dd LM39-_TrainWord
000009CB 0D 00 0A 00        		.dw 0x0d,0x0a
0000B443                    	.code
                            	LM39:
0000B443 41 62              		R1=(-1)	// QImode move
0000B444 0F 9F 67 B4        		pc=L12	// Indirect jump
                            	L21:
000009CD                    	.debug
000009CD 2E 00 73 00        		.dw '.stabn 0x44,0,129,',0,0
         74 00 61 00
         62 00 6E 00
         20 00 30 00
         78 00 34 00
         34 00 2C 00
         30 00 2C 00
         31 00 32 00
         39 00 2C 00
         00 00 00 00
000009E1 4A 00 00 00        		.dd LM40-_TrainWord
000009E3 0D 00 0A 00        		.dw 0x0d,0x0a
0000B446                    	.code
                            	LM40:
0000B446 41 62              		R1=(-1)	// QImode move
0000B447 0F 9F 67 B4        		pc=L12	// Indirect jump
                            	L22:
000009E5                    	.debug
000009E5 2E 00 73 00        		.dw '.stabn 0x44,0,131,',0,0
         74 00 61 00
         62 00 6E 00
         20 00 30 00
         78 00 34 00
         34 00 2C 00
         30 00 2C 00
         31 00 33 00
         31 00 2C 00
         00 00 00 00
000009F9 4D 00 00 00        		.dd LM41-_TrainWord
000009FB 0D 00 0A 00        		.dw 0x0d,0x0a
0000B449                    	.code
                            	LM41:
0000B449 01 94              		R2=[bp+1]	// QImode move
0000B44A C2 92              		R1=[R2]	// QImode move
0000B44B 09 43 00 01        		CMP R1,256	// QImode compare
0000B44D 09 4E 01 EE        		NSJNZ L23	//QImode NE
         00 EE      
0000B450 46 92              		R1=6	// QImode move
0000B451 C8 D2              		[SP--]=R1	// QImode move
0000B452 40 F0 C8 B3        		call _PlayRespond	// call without return value
0000B454 41 00              		SP = SP + 1	//SP
0000B455 0F 9F 5C B4        		pc=L24	// Indirect jump
                            	L23:
000009FD                    	.debug
000009FD 2E 00 73 00        		.dw '.stabn 0x44,0,132,',0,0
         74 00 61 00
         62 00 6E 00
         20 00 30 00
         78 00 34 00
         34 00 2C 00
         30 00 2C 00
         31 00 33 00
         32 00 2C 00
         00 00 00 00
00000A11 5B 00 00 00        		.dd LM42-_TrainWord
00000A13 0D 00 0A 00        		.dw 0x0d,0x0a
0000B457                    	.code
                            	LM42:
0000B457 47 92              		R1=7	// QImode move
0000B458 C8 D2              		[SP--]=R1	// QImode move
0000B459 40 F0 C8 B3        		call _PlayRespond	// call without return value
0000B45B 41 00              		SP = SP + 1	//SP
                            	L24:
00000A15                    	.debug
00000A15 2E 00 73 00        		.dw '.stabn 0x44,0,133,',0,0
         74 00 61 00
         62 00 6E 00
         20 00 30 00
         78 00 34 00
         34 00 2C 00
         30 00 2C 00
         31 00 33 00
         33 00 2C 00
         00 00 00 00
00000A29 60 00 00 00        		.dd LM43-_TrainWord
00000A2B 0D 00 0A 00        		.dw 0x0d,0x0a
0000B45C                    	.code
                            	LM43:
0000B45C 41 62              		R1=(-1)	// QImode move
0000B45D 0F 9F 67 B4        		pc=L12	// Indirect jump
                            	L25:
00000A2D                    	.debug
00000A2D 2E 00 73 00        		.dw '.stabn 0x44,0,135,',0,0
         74 00 61 00
         62 00 6E 00
         20 00 30 00
         78 00 34 00
         34 00 2C 00
         30 00 2C 00
         31 00 33 00
         35 00 2C 00
         00 00 00 00
00000A41 63 00 00 00        		.dd LM44-_TrainWord
00000A43 0D 00 0A 00        		.dw 0x0d,0x0a
0000B45F                    	.code
                            	LM44:
0000B45F 41 62              		R1=(-1)	// QImode move
0000B460 0F 9F 67 B4        		pc=L12	// Indirect jump
                            	L27:
                            	L17:
00000A45                    	.debug
00000A45 2E 00 73 00        		.dw '.stabn 0x44,0,137,',0,0
         74 00 61 00
         62 00 6E 00
         20 00 30 00
         78 00 34 00
         34 00 2C 00
         30 00 2C 00
         31 00 33 00
         37 00 2C 00
         00 00 00 00
00000A59 66 00 00 00        		.dd LM45-_TrainWord
00000A5B 0D 00 0A 00        		.dw 0x0d,0x0a
0000B462                    	.code
                            	LM45:
0000B462 0F 9F 0D B4        		pc=L13	// Indirect jump
                            	L14:
00000A5D                    	.debug
00000A5D 2E 00 73 00        		.dw '.stabn 0x44,0,138,',0,0
         74 00 61 00
         62 00 6E 00
         20 00 30 00
         78 00 34 00
         34 00 2C 00
         30 00 2C 00
         31 00 33 00
         38 00 2C 00
         00 00 00 00
00000A71 68 00 00 00        		.dd LM46-_TrainWord
00000A73 0D 00 0A 00        		.dw 0x0d,0x0a
0000B464                    	.code
                            	LM46:
0000B464 40 92              		R1=0	// QImode move
0000B465 0F 9F 67 B4        		pc=L12	// Indirect jump
00000A75                    	.debug
00000A75 2E 00 73 00        		.dw '.stabn 0x44,0,139,',0,0
         74 00 61 00
         62 00 6E 00
         20 00 30 00
         78 00 34 00
         34 00 2C 00
         30 00 2C 00
         31 00 33 00
         39 00 2C 00
         00 00 00 00
00000A89 6B 00 00 00        		.dd LM47-_TrainWord
00000A8B 0D 00 0A 00        		.dw 0x0d,0x0a
0000B467                    	.code
                            	LM47:
                            	LBE6:
00000A8D                    	.debug
00000A8D 2E 00 73 00        		.dw '.stabn 0x44,0,139,',0,0
         74 00 61 00
         62 00 6E 00
         20 00 30 00
         78 00 34 00
         34 00 2C 00
         30 00 2C 00
         31 00 33 00
         39 00 2C 00
         00 00 00 00
00000AA1 6B 00 00 00        		.dd LM48-_TrainWord
00000AA3 0D 00 0A 00        		.dw 0x0d,0x0a
0000B467                    	.code
                            	LM48:
                            	L12:
                            	
0000B467 42 00              		sp+=2
0000B468 88 98              		pop bp from [sp]
0000B469 90 9A              		retf
                            		.endp	// end of TrainWord
                            	
00000AA5                    	.debug
00000AA5 2E 00 73 00        		.dw '.stabs "WordID:p1",160,0,0,5',0x0d,0x0a
         74 00 61 00
         62 00 73 00
         20 00 22 00
         57 00 6F 00
         72 00 64 00
         49 00 44 00
         3A 00 70 00
         31 00 22 00
         2C 00 31 00
         36 00 30 00
         2C 00 30 00
         2C 00 30 00
         2C 00 35 00
         0D 00 0A 00
0000B46A                    	.CODE
00000AC3                    	.debug
00000AC3 2E 00 73 00        		.dw '.stabs "RespondID:p1",160,0,0,6',0x0d,0x0a
         74 00 61 00
         62 00 73 00
         20 00 22 00
         52 00 65 00
         73 00 70 00
         6F 00 6E 00
         64 00 49 00
         44 00 3A 00
         70 00 31 00
         22 00 2C 00
         31 00 36 00
         30 00 2C 00
         30 00 2C 00
         30 00 2C 00
         36 00 0D 00
         0A 00      
0000B46A                    	.CODE
00000AE4                    	.debug
00000AE4 2E 00 73 00        		.dw '.stabn 0xc0,0,0,',0,0
         74 00 61 00
         62 00 6E 00
         20 00 30 00
         78 00 63 00
         30 00 2C 00
         30 00 2C 00
         30 00 2C 00
         00 00 00 00
00000AF6 07 00 00 00        		.dd LBB6-_TrainWord
00000AF8 0D 00 0A 00        		.dw 0x0d,0x0a
0000B46A                    	.code
00000AFA                    	.debug
00000AFA 2E 00 73 00        		.dw '.stabs "res:1",128,0,0,0',0x0d,0x0a
         74 00 61 00
         62 00 73 00
         20 00 22 00
         72 00 65 00
         73 00 3A 00
         31 00 22 00
         2C 00 31 00
         32 00 38 00
         2C 00 30 00
         2C 00 30 00
         2C 00 30 00
         0D 00 0A 00
0000B46A                    	.CODE
00000B14                    	.debug
00000B14 2E 00 73 00        		.dw '.stabn 0xe0,0,0,',0,0
         74 00 61 00
         62 00 6E 00
         20 00 30 00
         78 00 65 00
         30 00 2C 00
         30 00 2C 00
         30 00 2C 00
         00 00 00 00
00000B26 6B 00 00 00        		.dd LBE6-_TrainWord
00000B28 0D 00 0A 00        		.dw 0x0d,0x0a
0000B46A                    	.code
00000B2A                    	.debug
00000B2A 2E 00 73 00        		.dw '.stabf ',0,0
         74 00 61 00
         62 00 66 00
         20 00 00 00
         00 00      
00000B33 6E 00 00 00        		.dd LME3-_TrainWord
00000B35 0D 00 0A 00        		.dw 0x0d,0x0a
0000B46A                    	.code
                            	LME3:
0000B46A                    	.code
00000B37                    	.debug
00000B37 2E 00 73 00        		.dw '.stabs "main:F1",36,0,0,',0,0,offset _main,seg _main,0x0d,0x0a
         74 00 61 00
         62 00 73 00
         20 00 22 00
         6D 00 61 00
         69 00 6E 00
         3A 00 46 00
         31 00 22 00
         2C 00 33 00
         36 00 2C 00
         30 00 2C 00
         30 00 2C 00
         00 00 00 00
         D6 00 00 00
         0D 00 0A 00
0000B46A                    	.CODE
                            	.public _main
                            	_main:	.proc
00000B55                    	.debug
00000B55 2E 00 73 00        		.dw '.stabn 0x44,0,142,',0,0
         74 00 61 00
         62 00 6E 00
         20 00 30 00
         78 00 34 00
         34 00 2C 00
         30 00 2C 00
         31 00 34 00
         32 00 2C 00
         00 00 00 00
00000B69 00 00 00 00        		.dd LM49-_main
00000B6B 0D 00 0A 00        		.dw 0x0d,0x0a
0000B46A                    	.code
                            	LM49:
                            		// total=4, vars=4
                            		// frame_pointer_needed: 1
0000B46A 88 DA              		push bp to [sp]
0000B46B 44 20              		sp-=4
0000B46C 08 0B 01 00        		bp=sp+1
                            	
0000B46E 0D 03 07 00        		R1=BP+7
0000B470 03 D2              		[bp+3]=R1	// QImode move
00000B6D                    	.debug
00000B6D 2E 00 73 00        		.dw '.stabn 0x44,0,143,',0,0
         74 00 61 00
         62 00 6E 00
         20 00 30 00
         78 00 34 00
         34 00 2C 00
         30 00 2C 00
         31 00 34 00
         33 00 2C 00
         00 00 00 00
00000B81 07 00 00 00        		.dd LM50-_main
00000B83 0D 00 0A 00        		.dw 0x0d,0x0a
0000B471                    	.code
                            	LM50:
                            	LBB7:
0000B471 05 93              		R1=BP	// QImode move
0000B472 0D 05 01 00        		R2=BP+1
0000B474 40 92              		R1=0	// QImode move
0000B475 02 97              		R3=R2	// QImode move
0000B476 C3 D2              		[R3]=R1	// QImode move
0000B477 05 93              		R1=BP	// QImode move
0000B478 0D 05 02 00        		R2=BP+2
0000B47A 40 92              		R1=0	// QImode move
0000B47B 02 99              		R4=R2	// QImode move
0000B47C C4 D2              		[R4]=R1	// QImode move
00000B85                    	.debug
00000B85 2E 00 73 00        		.dw '.stabn 0x44,0,145,',0,0
         74 00 61 00
         62 00 6E 00
         20 00 30 00
         78 00 34 00
         34 00 2C 00
         30 00 2C 00
         31 00 34 00
         35 00 2C 00
         00 00 00 00
00000B99 13 00 00 00        		.dd LM51-_main
00000B9B 0D 00 0A 00        		.dw 0x0d,0x0a
0000B47D                    	.code
                            	LM51:
0000B47D 40 92              		R1=0	// QImode move
0000B47E C8 D2              		[SP--]=R1	// QImode move
0000B47F 40 F0 21 86        		call _BSR_DeleteSDGroup	// call with return value
0000B481 41 00              		SP = SP + 1	//SP
00000B9D                    	.debug
00000B9D 2E 00 73 00        		.dw '.stabn 0x44,0,147,',0,0
         74 00 61 00
         62 00 6E 00
         20 00 30 00
         78 00 34 00
         34 00 2C 00
         30 00 2C 00
         31 00 34 00
         37 00 2C 00
         00 00 00 00
00000BB1 18 00 00 00        		.dd LM52-_main
00000BB3 0D 00 0A 00        		.dw 0x0d,0x0a
0000B482                    	.code
                            	LM52:
0000B482 40 92              		R1=0	// QImode move
0000B483 C8 D2              		[SP--]=R1	// QImode move
0000B484 40 F0 C8 B3        		call _PlayRespond	// call without return value
0000B486 41 00              		SP = SP + 1	//SP
00000BB5                    	.debug
00000BB5 2E 00 73 00        		.dw '.stabn 0x44,0,149,',0,0
         74 00 61 00
         62 00 6E 00
         20 00 30 00
         78 00 34 00
         34 00 2C 00
         30 00 2C 00
         31 00 34 00
         39 00 2C 00
         00 00 00 00
00000BC9 1D 00 00 00        		.dd LM53-_main
00000BCB 0D 00 0A 00        		.dw 0x0d,0x0a
0000B487                    	.code
                            	LM53:
                            	L32:
0000B487 41 92              		R1=1	// QImode move
0000B488 C8 D2              		[SP--]=R1	// QImode move
0000B489 09 93 00 01        		R1=256	// QImode move
0000B48B C8 D2              		[SP--]=R1	// QImode move
0000B48C 40 F0 FC B3        		call _TrainWord	// call with return value
0000B48E 42 00              		SP = SP + 2	//SP
0000B48F 40 42              		CMP R1,0	// QImode test
0000B490 04 4E 01 EE        		NSJNZ L34	//QImode NE
         00 EE      
0000B493 0F 9F 97 B4        		pc=L33	// Indirect jump
                            	L34:
0000B495 0F 9F 87 B4        		pc=L32	// Indirect jump
                            	L33:
00000BCD                    	.debug
00000BCD 2E 00 73 00        		.dw '.stabn 0x44,0,151,',0,0
         74 00 61 00
         62 00 6E 00
         20 00 30 00
         78 00 34 00
         34 00 2C 00
         30 00 2C 00
         31 00 35 00
         31 00 2C 00
         00 00 00 00
00000BE1 2D 00 00 00        		.dd LM54-_main
00000BE3 0D 00 0A 00        		.dw 0x0d,0x0a
0000B497                    	.code
                            	LM54:
                            	L35:
0000B497 42 92              		R1=2	// QImode move
0000B498 C8 D2              		[SP--]=R1	// QImode move
0000B499 09 93 01 01        		R1=257	// QImode move
0000B49B C8 D2              		[SP--]=R1	// QImode move
0000B49C 40 F0 FC B3        		call _TrainWord	// call with return value
0000B49E 42 00              		SP = SP + 2	//SP
0000B49F 40 42              		CMP R1,0	// QImode test
0000B4A0 04 4E 01 EE        		NSJNZ L37	//QImode NE
         00 EE      
0000B4A3 0F 9F A7 B4        		pc=L36	// Indirect jump
                            	L37:
0000B4A5 0F 9F 97 B4        		pc=L35	// Indirect jump
                            	L36:
00000BE5                    	.debug
00000BE5 2E 00 73 00        		.dw '.stabn 0x44,0,153,',0,0
         74 00 61 00
         62 00 6E 00
         20 00 30 00
         78 00 34 00
         34 00 2C 00
         30 00 2C 00
         31 00 35 00
         33 00 2C 00
         00 00 00 00
00000BF9 3D 00 00 00        		.dd LM55-_main
00000BFB 0D 00 0A 00        		.dw 0x0d,0x0a
0000B4A7                    	.code
                            	LM55:
                            	L38:
0000B4A7 43 92              		R1=3	// QImode move
0000B4A8 C8 D2              		[SP--]=R1	// QImode move
0000B4A9 09 93 02 01        		R1=258	// QImode move
0000B4AB C8 D2              		[SP--]=R1	// QImode move
0000B4AC 40 F0 FC B3        		call _TrainWord	// call with return value
0000B4AE 42 00              		SP = SP + 2	//SP
0000B4AF 40 42              		CMP R1,0	// QImode test
0000B4B0 04 4E 01 EE        		NSJNZ L40	//QImode NE
         00 EE      
0000B4B3 0F 9F B7 B4        		pc=L39	// Indirect jump
                            	L40:
0000B4B5 0F 9F A7 B4        		pc=L38	// Indirect jump
                            	L39:
00000BFD                    	.debug
00000BFD 2E 00 73 00        		.dw '.stabn 0x44,0,156,',0,0
         74 00 61 00
         62 00 6E 00
         20 00 30 00
         78 00 34 00
         34 00 2C 00
         30 00 2C 00
         31 00 35 00
         36 00 2C 00
         00 00 00 00
00000C11 4D 00 00 00        		.dd LM56-_main
00000C13 0D 00 0A 00        		.dw 0x0d,0x0a
0000B4B7                    	.code
                            	LM56:
0000B4B7 40 92              		R1=0	// QImode move
0000B4B8 C8 D2              		[SP--]=R1	// QImode move
0000B4B9 40 F0 7F 9B        		call _BSR_InitRecognizer	// call with return value
0000B4BB 41 00              		SP = SP + 1	//SP
00000C15                    	.debug
00000C15 2E 00 73 00        		.dw '.stabn 0x44,0,157,',0,0
         74 00 61 00
         62 00 6E 00
         20 00 30 00
         78 00 34 00
         34 00 2C 00
         30 00 2C 00
         31 00 35 00
         37 00 2C 00
         00 00 00 00
00000C29 52 00 00 00        		.dd LM57-_main
00000C2B 0D 00 0A 00        		.dw 0x0d,0x0a
0000B4BC                    	.code
                            	LM57:
0000B4BC 40 F0 40 9B        		call _BSR_EnableCPUIndicator	// call without return value
00000C2D                    	.debug
00000C2D 2E 00 73 00        		.dw '.stabn 0x44,0,159,',0,0
         74 00 61 00
         62 00 6E 00
         20 00 30 00
         78 00 34 00
         34 00 2C 00
         30 00 2C 00
         31 00 35 00
         39 00 2C 00
         00 00 00 00
00000C41 54 00 00 00        		.dd LM58-_main
00000C43 0D 00 0A 00        		.dw 0x0d,0x0a
0000B4BE                    	.code
                            	LM58:
0000B4BE 48 92              		R1=8	// QImode move
0000B4BF C8 D2              		[SP--]=R1	// QImode move
0000B4C0 40 F0 C8 B3        		call _PlayRespond	// call without return value
0000B4C2 41 00              		SP = SP + 1	//SP
00000C45                    	.debug
00000C45 2E 00 73 00        		.dw '.stabn 0x44,0,161,',0,0
         74 00 61 00
         62 00 6E 00
         20 00 30 00
         78 00 34 00
         34 00 2C 00
         30 00 2C 00
         31 00 36 00
         31 00 2C 00
         00 00 00 00
00000C59 59 00 00 00        		.dd LM59-_main
00000C5B 0D 00 0A 00        		.dw 0x0d,0x0a
0000B4C3                    	.code
                            	LM59:
                            	L41:
0000B4C3 0F 9F C7 B4        		pc=L43	// Indirect jump
0000B4C5 0F 9F 8F B5        		pc=L42	// Indirect jump
                            	L43:
00000C5D                    	.debug
00000C5D 2E 00 73 00        		.dw '.stabn 0x44,0,163,',0,0
         74 00 61 00
         62 00 6E 00
         20 00 30 00
         78 00 34 00
         34 00 2C 00
         30 00 2C 00
         31 00 36 00
         33 00 2C 00
         00 00 00 00
00000C71 5D 00 00 00        		.dd LM60-_main
00000C73 0D 00 0A 00        		.dw 0x0d,0x0a
0000B4C7                    	.code
                            	LM60:
0000B4C7 05 93              		R1=BP	// QImode move
0000B4C8 0D 05 02 00        		R2=BP+2
0000B4CA 05 97              		R3=BP	// QImode move
0000B4CB 0D 03 02 00        		R1=BP+2
0000B4CD 05 95              		R2=BP	// QImode move
0000B4CE 0D 07 02 00        		R3=BP+2
0000B4D0 03 99              		R4=R3	// QImode move
0000B4D1 C4 94              		R2=[R4]	// QImode move
0000B4D2 0A 07 01 00        		R3=R2+1
0000B4D4 01 95              		R2=R1	// QImode move
0000B4D5 C2 D6              		[R2]=R3	// QImode move
00000C75                    	.debug
00000C75 2E 00 73 00        		.dw '.stabn 0x44,0,164,',0,0
         74 00 61 00
         62 00 6E 00
         20 00 30 00
         78 00 34 00
         34 00 2C 00
         30 00 2C 00
         31 00 36 00
         34 00 2C 00
         00 00 00 00
00000C89 6C 00 00 00        		.dd LM61-_main
00000C8B 0D 00 0A 00        		.dw 0x0d,0x0a
0000B4D6                    	.code
                            	LM61:
0000B4D6 05 93              		R1=BP	// QImode move
0000B4D7 0D 05 02 00        		R2=BP+2
0000B4D9 02 97              		R3=R2	// QImode move
0000B4DA C3 92              		R1=[R3]	// QImode move
0000B4DB 42 42              		CMP R1,2	// QImode compare
0000B4DC 08 AE 01 EE        		NSJNG L44	//QImode LE
         00 EE      
0000B4DF 05 93              		R1=BP	// QImode move
0000B4E0 0D 05 02 00        		R2=BP+2
0000B4E2 40 92              		R1=0	// QImode move
0000B4E3 02 99              		R4=R2	// QImode move
0000B4E4 C4 D2              		[R4]=R1	// QImode move
                            	L44:
00000C8D                    	.debug
00000C8D 2E 00 73 00        		.dw '.stabn 0x44,0,165,',0,0
         74 00 61 00
         62 00 6E 00
         20 00 30 00
         78 00 34 00
         34 00 2C 00
         30 00 2C 00
         31 00 36 00
         35 00 2C 00
         00 00 00 00
00000CA1 7B 00 00 00        		.dd LM62-_main
00000CA3 0D 00 0A 00        		.dw 0x0d,0x0a
0000B4E5                    	.code
                            	LM62:
0000B4E5 40 F0 AC 9B        		call _BSR_GetResult	// call with return value
0000B4E7 C5 D2              		[BP]=R1	// QImode move
00000CA5                    	.debug
00000CA5 2E 00 73 00        		.dw '.stabn 0x44,0,167,',0,0
         74 00 61 00
         62 00 6E 00
         20 00 30 00
         78 00 34 00
         34 00 2C 00
         30 00 2C 00
         31 00 36 00
         37 00 2C 00
         00 00 00 00
00000CB9 7E 00 00 00        		.dd LM63-_main
00000CBB 0D 00 0A 00        		.dw 0x0d,0x0a
0000B4E8                    	.code
                            	LM63:
0000B4E8 C5 92              		R1=[BP]	// QImode move
0000B4E9 40 42              		CMP R1,0	// QImode test
0000B4EA 02 BE 0F 9F        		NSJNG L45	//QImode LE
         64 B5      
00000CBD                    	.debug
00000CBD 2E 00 73 00        		.dw '.stabn 0x44,0,169,',0,0
         74 00 61 00
         62 00 6E 00
         20 00 30 00
         78 00 34 00
         34 00 2C 00
         30 00 2C 00
         31 00 36 00
         39 00 2C 00
         00 00 00 00
00000CD1 83 00 00 00        		.dd LM64-_main
00000CD3 0D 00 0A 00        		.dw 0x0d,0x0a
0000B4ED                    	.code
                            	LM64:
0000B4ED 11 93 F0 04        		R1=[_gActivated]	// QImode move
0000B4EF 40 42              		CMP R1,0	// QImode test
0000B4F0 02 4E 0F 9F        		NSJZ L46	//QImode EQ
         45 B5      
00000CD5                    	.debug
00000CD5 2E 00 73 00        		.dw '.stabn 0x44,0,171,',0,0
         74 00 61 00
         62 00 6E 00
         20 00 30 00
         78 00 34 00
         34 00 2C 00
         30 00 2C 00
         31 00 37 00
         31 00 2C 00
         00 00 00 00
00000CE9 89 00 00 00        		.dd LM65-_main
00000CEB 0D 00 0A 00        		.dw 0x0d,0x0a
0000B4F3                    	.code
                            	LM65:
0000B4F3 05 93              		R1=BP	// QImode move
0000B4F4 0D 05 01 00        		R2=BP+1
0000B4F6 40 92              		R1=0	// QImode move
0000B4F7 02 97              		R3=R2	// QImode move
0000B4F8 C3 D2              		[R3]=R1	// QImode move
00000CED                    	.debug
00000CED 2E 00 73 00        		.dw '.stabn 0x44,0,172,',0,0
         74 00 61 00
         62 00 6E 00
         20 00 30 00
         78 00 34 00
         34 00 2C 00
         30 00 2C 00
         31 00 37 00
         32 00 2C 00
         00 00 00 00
00000D01 8F 00 00 00        		.dd LM66-_main
00000D03 0D 00 0A 00        		.dw 0x0d,0x0a
0000B4F9                    	.code
                            	LM66:
0000B4F9 C5 92              		R1=[BP]	// QImode move
0000B4FA 09 43 01 01        		CMP R1,257	// QImode compare
0000B4FC 25 5E 01 EE        		NSJZ L49	//QImode EQ
         00 EE      
0000B4FF 09 43 01 01        		CMP R1,257	// QImode compare
0000B501 09 BE 01 EE        		NSJG L53	//QImode GT
         00 EE      
0000B504 09 43 00 01        		CMP R1,256	// QImode compare
0000B506 0B 5E 01 EE        		NSJZ L48	//QImode EQ
         00 EE      
0000B509 0F 9F 43 B5        		pc=L47	// Indirect jump
                            	L53:
0000B50B 09 43 02 01        		CMP R1,258	// QImode compare
0000B50D 24 5E 01 EE        		NSJZ L50	//QImode EQ
         00 EE      
0000B510 0F 9F 43 B5        		pc=L47	// Indirect jump
                            	L48:
00000D05                    	.debug
00000D05 2E 00 73 00        		.dw '.stabn 0x44,0,175,',0,0
         74 00 61 00
         62 00 6E 00
         20 00 30 00
         78 00 34 00
         34 00 2C 00
         30 00 2C 00
         31 00 37 00
         35 00 2C 00
         00 00 00 00
00000D19 A8 00 00 00        		.dd LM67-_main
00000D1B 0D 00 0A 00        		.dw 0x0d,0x0a
0000B512                    	.code
                            	LM67:
0000B512 05 93              		R1=BP	// QImode move
0000B513 0D 05 02 00        		R2=BP+2
0000B515 09 93 F1 04        		R1=_gTriggerRespond	// QImode move
0000B517 02 99              		R4=R2	// QImode move
0000B518 C4 94              		R2=[R4]	// QImode move
0000B519 02 03              		R1 = R1 + R2	//addqi3
0000B51A 01 97              		R3=R1	// QImode move
0000B51B C3 94              		R2=[R3]	// QImode move
0000B51C C8 D4              		[SP--]=R2	// QImode move
0000B51D 40 F0 C8 B3        		call _PlayRespond	// call without return value
0000B51F 41 00              		SP = SP + 1	//SP
00000D1D                    	.debug
00000D1D 2E 00 73 00        		.dw '.stabn 0x44,0,176,',0,0
         74 00 61 00
         62 00 6E 00
         20 00 30 00
         78 00 34 00
         34 00 2C 00
         30 00 2C 00
         31 00 37 00
         36 00 2C 00
         00 00 00 00
00000D31 B6 00 00 00        		.dd LM68-_main
00000D33 0D 00 0A 00        		.dw 0x0d,0x0a
0000B520                    	.code
                            	LM68:
0000B520 0F 9F 43 B5        		pc=L47	// Indirect jump
                            	L49:
00000D35                    	.debug
00000D35 2E 00 73 00        		.dw '.stabn 0x44,0,178,',0,0
         74 00 61 00
         62 00 6E 00
         20 00 30 00
         78 00 34 00
         34 00 2C 00
         30 00 2C 00
         31 00 37 00
         38 00 2C 00
         00 00 00 00
00000D49 B8 00 00 00        		.dd LM69-_main
00000D4B 0D 00 0A 00        		.dw 0x0d,0x0a
0000B522                    	.code
                            	LM69:
0000B522 41 92              		R1=1	// QImode move
0000B523 19 D3 F7 04        		[_PlayFlag]=R1	// QImode move
00000D4D                    	.debug
00000D4D 2E 00 73 00        		.dw '.stabn 0x44,0,179,',0,0
         74 00 61 00
         62 00 6E 00
         20 00 30 00
         78 00 34 00
         34 00 2C 00
         30 00 2C 00
         31 00 37 00
         39 00 2C 00
         00 00 00 00
00000D61 BB 00 00 00        		.dd LM70-_main
00000D63 0D 00 0A 00        		.dw 0x0d,0x0a
0000B525                    	.code
                            	LM70:
0000B525 40 92              		R1=0	// QImode move
0000B526 C8 D2              		[SP--]=R1	// QImode move
0000B527 40 F0 94 B3        		call _PlayRespond2	// call without return value
0000B529 41 00              		SP = SP + 1	//SP
00000D65                    	.debug
00000D65 2E 00 73 00        		.dw '.stabn 0x44,0,180,',0,0
         74 00 61 00
         62 00 6E 00
         20 00 30 00
         78 00 34 00
         34 00 2C 00
         30 00 2C 00
         31 00 38 00
         30 00 2C 00
         00 00 00 00
00000D79 C0 00 00 00        		.dd LM71-_main
00000D7B 0D 00 0A 00        		.dw 0x0d,0x0a
0000B52A                    	.code
                            	LM71:
0000B52A 40 92              		R1=0	// QImode move
0000B52B 19 D3 F7 04        		[_PlayFlag]=R1	// QImode move
00000D7D                    	.debug
00000D7D 2E 00 73 00        		.dw '.stabn 0x44,0,181,',0,0
         74 00 61 00
         62 00 6E 00
         20 00 30 00
         78 00 34 00
         34 00 2C 00
         30 00 2C 00
         31 00 38 00
         31 00 2C 00
         00 00 00 00
00000D91 C3 00 00 00        		.dd LM72-_main
00000D93 0D 00 0A 00        		.dw 0x0d,0x0a
0000B52D                    	.code
                            	LM72:
0000B52D 40 92              		R1=0	// QImode move
0000B52E 19 D3 F0 04        		[_gActivated]=R1	// QImode move
00000D95                    	.debug
00000D95 2E 00 73 00        		.dw '.stabn 0x44,0,182,',0,0
         74 00 61 00
         62 00 6E 00
         20 00 30 00
         78 00 34 00
         34 00 2C 00
         30 00 2C 00
         31 00 38 00
         32 00 2C 00
         00 00 00 00
00000DA9 C6 00 00 00        		.dd LM73-_main
00000DAB 0D 00 0A 00        		.dw 0x0d,0x0a
0000B530                    	.code
                            	LM73:
0000B530 0F 9F 43 B5        		pc=L47	// Indirect jump
                            	L50:
00000DAD                    	.debug
00000DAD 2E 00 73 00        		.dw '.stabn 0x44,0,184,',0,0
         74 00 61 00
         62 00 6E 00
         20 00 30 00
         78 00 34 00
         34 00 2C 00
         30 00 2C 00
         31 00 38 00
         34 00 2C 00
         00 00 00 00
00000DC1 C8 00 00 00        		.dd LM74-_main
00000DC3 0D 00 0A 00        		.dw 0x0d,0x0a
0000B532                    	.code
                            	LM74:
0000B532 05 93              		R1=BP	// QImode move
0000B533 0D 05 02 00        		R2=BP+2
0000B535 09 93 F4 04        		R1=_gComm2Respond	// QImode move
0000B537 02 99              		R4=R2	// QImode move
0000B538 C4 94              		R2=[R4]	// QImode move
0000B539 02 03              		R1 = R1 + R2	//addqi3
0000B53A 01 97              		R3=R1	// QImode move
0000B53B C3 94              		R2=[R3]	// QImode move
0000B53C C8 D4              		[SP--]=R2	// QImode move
0000B53D 40 F0 C8 B3        		call _PlayRespond	// call without return value
0000B53F 41 00              		SP = SP + 1	//SP
00000DC5                    	.debug
00000DC5 2E 00 73 00        		.dw '.stabn 0x44,0,185,',0,0
         74 00 61 00
         62 00 6E 00
         20 00 30 00
         78 00 34 00
         34 00 2C 00
         30 00 2C 00
         31 00 38 00
         35 00 2C 00
         00 00 00 00
00000DD9 D6 00 00 00        		.dd LM75-_main
00000DDB 0D 00 0A 00        		.dw 0x0d,0x0a
0000B540                    	.code
                            	LM75:
0000B540 40 92              		R1=0	// QImode move
0000B541 19 D3 F0 04        		[_gActivated]=R1	// QImode move
                            	L52:
                            	L47:
00000DDD                    	.debug
00000DDD 2E 00 73 00        		.dw '.stabn 0x44,0,187,',0,0
         74 00 61 00
         62 00 6E 00
         20 00 30 00
         78 00 34 00
         34 00 2C 00
         30 00 2C 00
         31 00 38 00
         37 00 2C 00
         00 00 00 00
00000DF1 D9 00 00 00        		.dd LM76-_main
00000DF3 0D 00 0A 00        		.dw 0x0d,0x0a
0000B543                    	.code
                            	LM76:
0000B543 0F 9F 62 B5        		pc=L54	// Indirect jump
                            	L46:
00000DF5                    	.debug
00000DF5 2E 00 73 00        		.dw '.stabn 0x44,0,190,',0,0
         74 00 61 00
         62 00 6E 00
         20 00 30 00
         78 00 34 00
         34 00 2C 00
         30 00 2C 00
         31 00 39 00
         30 00 2C 00
         00 00 00 00
00000E09 DB 00 00 00        		.dd LM77-_main
00000E0B 0D 00 0A 00        		.dw 0x0d,0x0a
0000B545                    	.code
                            	LM77:
0000B545 C5 92              		R1=[BP]	// QImode move
0000B546 09 43 00 01        		CMP R1,256	// QImode compare
0000B548 19 4E 01 EE        		NSJNZ L54	//QImode NE
         00 EE      
00000E0D                    	.debug
00000E0D 2E 00 73 00        		.dw '.stabn 0x44,0,192,',0,0
         74 00 61 00
         62 00 6E 00
         20 00 30 00
         78 00 34 00
         34 00 2C 00
         30 00 2C 00
         31 00 39 00
         32 00 2C 00
         00 00 00 00
00000E21 E1 00 00 00        		.dd LM78-_main
00000E23 0D 00 0A 00        		.dw 0x0d,0x0a
0000B54B                    	.code
                            	LM78:
0000B54B 05 93              		R1=BP	// QImode move
0000B54C 0D 05 02 00        		R2=BP+2
0000B54E 09 93 F1 04        		R1=_gTriggerRespond	// QImode move
0000B550 02 99              		R4=R2	// QImode move
0000B551 C4 94              		R2=[R4]	// QImode move
0000B552 02 03              		R1 = R1 + R2	//addqi3
0000B553 01 97              		R3=R1	// QImode move
0000B554 C3 94              		R2=[R3]	// QImode move
0000B555 C8 D4              		[SP--]=R2	// QImode move
0000B556 40 F0 C8 B3        		call _PlayRespond	// call without return value
0000B558 41 00              		SP = SP + 1	//SP
00000E25                    	.debug
00000E25 2E 00 73 00        		.dw '.stabn 0x44,0,193,',0,0
         74 00 61 00
         62 00 6E 00
         20 00 30 00
         78 00 34 00
         34 00 2C 00
         30 00 2C 00
         31 00 39 00
         33 00 2C 00
         00 00 00 00
00000E39 EF 00 00 00        		.dd LM79-_main
00000E3B 0D 00 0A 00        		.dw 0x0d,0x0a
0000B559                    	.code
                            	LM79:
0000B559 41 92              		R1=1	// QImode move
0000B55A 19 D3 F0 04        		[_gActivated]=R1	// QImode move
00000E3D                    	.debug
00000E3D 2E 00 73 00        		.dw '.stabn 0x44,0,194,',0,0
         74 00 61 00
         62 00 6E 00
         20 00 30 00
         78 00 34 00
         34 00 2C 00
         30 00 2C 00
         31 00 39 00
         34 00 2C 00
         00 00 00 00
00000E51 F2 00 00 00        		.dd LM80-_main
00000E53 0D 00 0A 00        		.dw 0x0d,0x0a
0000B55C                    	.code
                            	LM80:
0000B55C 05 93              		R1=BP	// QImode move
0000B55D 0D 05 01 00        		R2=BP+1
0000B55F 40 92              		R1=0	// QImode move
0000B560 02 99              		R4=R2	// QImode move
0000B561 C4 D2              		[R4]=R1	// QImode move
                            	L55:
                            	L54:
00000E55                    	.debug
00000E55 2E 00 73 00        		.dw '.stabn 0x44,0,197,',0,0
         74 00 61 00
         62 00 6E 00
         20 00 30 00
         78 00 34 00
         34 00 2C 00
         30 00 2C 00
         31 00 39 00
         37 00 2C 00
         00 00 00 00
00000E69 F8 00 00 00        		.dd LM81-_main
00000E6B 0D 00 0A 00        		.dw 0x0d,0x0a
0000B562                    	.code
                            	LM81:
0000B562 0F 9F 8D B5        		pc=L56	// Indirect jump
                            	L45:
00000E6D                    	.debug
00000E6D 2E 00 73 00        		.dw '.stabn 0x44,0,198,',0,0
         74 00 61 00
         62 00 6E 00
         20 00 30 00
         78 00 34 00
         34 00 2C 00
         30 00 2C 00
         31 00 39 00
         38 00 2C 00
         00 00 00 00
00000E81 FA 00 00 00        		.dd LM82-_main
00000E83 0D 00 0A 00        		.dw 0x0d,0x0a
0000B564                    	.code
                            	LM82:
0000B564 11 93 F0 04        		R1=[_gActivated]	// QImode move
0000B566 40 42              		CMP R1,0	// QImode test
0000B567 25 5E 01 EE        		NSJZ L56	//QImode EQ
         00 EE      
00000E85                    	.debug
00000E85 2E 00 73 00        		.dw '.stabn 0x44,0,200,',0,0
         74 00 61 00
         62 00 6E 00
         20 00 30 00
         78 00 34 00
         34 00 2C 00
         30 00 2C 00
         32 00 30 00
         30 00 2C 00
         00 00 00 00
00000E99 00 01 00 00        		.dd LM83-_main
00000E9B 0D 00 0A 00        		.dw 0x0d,0x0a
0000B56A                    	.code
                            	LM83:
0000B56A 05 93              		R1=BP	// QImode move
0000B56B 0D 05 01 00        		R2=BP+1
0000B56D 05 97              		R3=BP	// QImode move
0000B56E 0D 03 01 00        		R1=BP+1
0000B570 05 95              		R2=BP	// QImode move
0000B571 0D 07 01 00        		R3=BP+1
0000B573 03 95              		R2=R3	// QImode move
0000B574 C2 98              		R4=[R2]	// QImode move
0000B575 0C 05 01 00        		R2=R4+1
0000B577 02 97              		R3=R2	// QImode move
0000B578 01 99              		R4=R1	// QImode move
0000B579 C4 D6              		[R4]=R3	// QImode move
0000B57A 0B 47 C2 01        		CMP R3,450	// QImode compare
0000B57C 10 AE 01 EE        		NSJNG L56	//QImode LE
         00 EE      
00000E9D                    	.debug
00000E9D 2E 00 73 00        		.dw '.stabn 0x44,0,202,',0,0
         74 00 61 00
         62 00 6E 00
         20 00 30 00
         78 00 34 00
         34 00 2C 00
         30 00 2C 00
         32 00 30 00
         32 00 2C 00
         00 00 00 00
00000EB1 15 01 00 00        		.dd LM84-_main
00000EB3 0D 00 0A 00        		.dw 0x0d,0x0a
0000B57F                    	.code
                            	LM84:
0000B57F 45 92              		R1=5	// QImode move
0000B580 C8 D2              		[SP--]=R1	// QImode move
0000B581 40 F0 C8 B3        		call _PlayRespond	// call without return value
0000B583 41 00              		SP = SP + 1	//SP
00000EB5                    	.debug
00000EB5 2E 00 73 00        		.dw '.stabn 0x44,0,203,',0,0
         74 00 61 00
         62 00 6E 00
         20 00 30 00
         78 00 34 00
         34 00 2C 00
         30 00 2C 00
         32 00 30 00
         33 00 2C 00
         00 00 00 00
00000EC9 1A 01 00 00        		.dd LM85-_main
00000ECB 0D 00 0A 00        		.dw 0x0d,0x0a
0000B584                    	.code
                            	LM85:
0000B584 40 92              		R1=0	// QImode move
0000B585 19 D3 F0 04        		[_gActivated]=R1	// QImode move
00000ECD                    	.debug
00000ECD 2E 00 73 00        		.dw '.stabn 0x44,0,204,',0,0
         74 00 61 00
         62 00 6E 00
         20 00 30 00
         78 00 34 00
         34 00 2C 00
         30 00 2C 00
         32 00 30 00
         34 00 2C 00
         00 00 00 00
00000EE1 1D 01 00 00        		.dd LM86-_main
00000EE3 0D 00 0A 00        		.dw 0x0d,0x0a
0000B587                    	.code
                            	LM86:
0000B587 05 93              		R1=BP	// QImode move
0000B588 0D 05 01 00        		R2=BP+1
0000B58A 40 92              		R1=0	// QImode move
0000B58B 02 97              		R3=R2	// QImode move
0000B58C C3 D2              		[R3]=R1	// QImode move
                            	L58:
                            	L57:
                            	L56:
00000EE5                    	.debug
00000EE5 2E 00 73 00        		.dw '.stabn 0x44,0,207,',0,0
         74 00 61 00
         62 00 6E 00
         20 00 30 00
         78 00 34 00
         34 00 2C 00
         30 00 2C 00
         32 00 30 00
         37 00 2C 00
         00 00 00 00
00000EF9 23 01 00 00        		.dd LM87-_main
00000EFB 0D 00 0A 00        		.dw 0x0d,0x0a
0000B58D                    	.code
                            	LM87:
0000B58D 0F 9F C3 B4        		pc=L41	// Indirect jump
                            	L42:
00000EFD                    	.debug
00000EFD 2E 00 73 00        		.dw '.stabn 0x44,0,208,',0,0
         74 00 61 00
         62 00 6E 00
         20 00 30 00
         78 00 34 00
         34 00 2C 00
         30 00 2C 00
         32 00 30 00
         38 00 2C 00
         00 00 00 00
00000F11 25 01 00 00        		.dd LM88-_main
00000F13 0D 00 0A 00        		.dw 0x0d,0x0a
0000B58F                    	.code
                            	LM88:
                            	LBE7:
00000F15                    	.debug
00000F15 2E 00 73 00        		.dw '.stabn 0x44,0,208,',0,0
         74 00 61 00
         62 00 6E 00
         20 00 30 00
         78 00 34 00
         34 00 2C 00
         30 00 2C 00
         32 00 30 00
         38 00 2C 00
         00 00 00 00
00000F29 25 01 00 00        		.dd LM89-_main
00000F2B 0D 00 0A 00        		.dw 0x0d,0x0a
0000B58F                    	.code
                            	LM89:
                            	L31:
                            	
0000B58F 44 00              		sp+=4
0000B590 88 98              		pop bp from [sp]
0000B591 90 9A              		retf
                            		.endp	// end of main
                            	
00000F2D                    	.debug
00000F2D 2E 00 73 00        		.dw '.stabn 0xc0,0,0,',0,0
         74 00 61 00
         62 00 6E 00
         20 00 30 00
         78 00 63 00
         30 00 2C 00
         30 00 2C 00
         30 00 2C 00
         00 00 00 00
00000F3F 07 00 00 00        		.dd LBB7-_main
00000F41 0D 00 0A 00        		.dw 0x0d,0x0a
0000B592                    	.code
00000F43                    	.debug
00000F43 2E 00 73 00        		.dw '.stabs "res:1",128,0,0,0',0x0d,0x0a
         74 00 61 00
         62 00 73 00
         20 00 22 00
         72 00 65 00
         73 00 3A 00
         31 00 22 00
         2C 00 31 00
         32 00 38 00
         2C 00 30 00
         2C 00 30 00
         2C 00 30 00
         0D 00 0A 00
0000B592                    	.CODE
00000F5D                    	.debug
00000F5D 2E 00 73 00        		.dw '.stabs "timeCnt:1",128,0,0,1',0x0d,0x0a
         74 00 61 00
         62 00 73 00
         20 00 22 00
         74 00 69 00
         6D 00 65 00
         43 00 6E 00
         74 00 3A 00
         31 00 22 00
         2C 00 31 00
         32 00 38 00
         2C 00 30 00
         2C 00 30 00
         2C 00 31 00
         0D 00 0A 00
0000B592                    	.CODE
00000F7B                    	.debug
00000F7B 2E 00 73 00        		.dw '.stabs "random_no:1",128,0,0,2',0x0d,0x0a
         74 00 61 00
         62 00 73 00
         20 00 22 00
         72 00 61 00
         6E 00 64 00
         6F 00 6D 00
         5F 00 6E 00
         6F 00 3A 00
         31 00 22 00
         2C 00 31 00
         32 00 38 00
         2C 00 30 00
         2C 00 30 00
         2C 00 32 00
         0D 00 0A 00
0000B592                    	.CODE
00000F9B                    	.debug
00000F9B 2E 00 73 00        		.dw '.stabn 0xe0,0,0,',0,0
         74 00 61 00
         62 00 6E 00
         20 00 30 00
         78 00 65 00
         30 00 2C 00
         30 00 2C 00
         30 00 2C 00
         00 00 00 00
00000FAD 25 01 00 00        		.dd LBE7-_main
00000FAF 0D 00 0A 00        		.dw 0x0d,0x0a
0000B592                    	.code
00000FB1                    	.debug
00000FB1 2E 00 73 00        		.dw '.stabf ',0,0
         74 00 61 00
         62 00 66 00
         20 00 00 00
         00 00      
00000FBA 28 01 00 00        		.dd LME4-_main
00000FBC 0D 00 0A 00        		.dw 0x0d,0x0a
0000B592                    	.code
                            	LME4:
                            	.external _BSR_GetResult
                            	.external _BSR_DeleteSDGroup
                            	.external _BSR_Train
                            	.external _SACM_S480_Stop
                            	.external _SACM_S480_ServiceLoop
                            	.external _SACM_S480_Status
                            	.external _SACM_S480_Play
                            	.external _SACM_S480_Initial
                            	.external _BSR_EnableCPUIndicator
                            	.external _BSR_InitRecognizer
                            	.external _SACM_A2000_Stop
                            	.external _ClearWatchDog
                            	.external _SACM_A2000_ServiceLoop
                            	.external _SACM_A2000_Status
                            	.external _SACM_A2000_Play
                            	.external _SACM_A2000_Initial
                            	.external _BSR_StopRecognizer
                            		.end
0 error(s), 0 warning(s).

