Sunplus u'nSP Assembler - Ver. 1.14.3.1
              Listing File Has Been Relocated
                            	//========================================================================================
                            	// Progarm: Standard function definition
                            	// Writen by: Andy
                            	// Modifiyed: by Arthur Shieh
                            	//
                            	// Lastest modified date: 
                            	// 		2000/06/23: first version
                            	//		2000/07/15: modified
                            	//		2000/07/24: modified					for sacmv25.lib
                            	//		2001/10/03: Add more public about queue for sacmv25f.lib
                            	// 		2001/11/05: Independent Queue for A2000/S480/MS01 Manual Mode - sacmv25h.lib
                            	//		2001/11/06: Fix volume parameter problem - sacmv25i.lib
                            	//      2002/05/26: Modified the length of C_QueueSize to 144 for DVR usage
                            	//
                            	// For: sacmV25n.lib
                            	//
                            	// Note: 
                            	//  1. Don't change this file if possible.
                            	//  2. Update hardware.inc with hardware.asm synchorously
                            	//	3. Provide Open code for sacmVxx.lib
                            	//
                            	//========================================================================================
                            	
                            	.PUBLIC	F_SP_RampUpDAC1
                            	.PUBLIC	F_SP_RampDnDAC1
                            	.PUBLIC	F_SP_RampUpDAC2
                            	.PUBLIC	F_SP_RampDnDAC2
                            	.PUBLIC	_SP_RampUpDAC1 
                            	.PUBLIC	_SP_RampDnDAC1 
                            	.PUBLIC	_SP_RampUpDAC2 
                            	.PUBLIC	_SP_RampDnDAC2 
                            	
                            	.PUBLIC	_SP_InitQueue
                            	.PUBLIC	_SP_InitQueue_A2000
                            	.PUBLIC	_SP_InitQueue_S480
                            	.PUBLIC	_SP_InitQueue_S240
                            	.PUBLIC	_SP_InitQueue_MS01
                            	.PUBLIC	_SP_InitQueue_DVR
                            	
                            	.PUBLIC	F_SP_InitQueue
                            	.PUBLIC	F_SP_InitQueue_A2000
                            	.PUBLIC	F_SP_InitQueue_S480
                            	.PUBLIC	F_SP_InitQueue_S240
                            	.PUBLIC	F_SP_InitQueue_MS01
                            	.PUBLIC	F_SP_InitQueue_DVR
                            	
                            	.PUBLIC	F_SP_ReadQueue
                            	.PUBLIC F_SP_ReadQueue_A2000
                            	.PUBLIC F_SP_ReadQueue_S480
                            	.PUBLIC F_SP_ReadQueue_S240
                            	.PUBLIC F_SP_ReadQueue_MS01
                            	.PUBLIC F_SP_ReadQueue_DVR
                            	
                            	.PUBLIC	F_SP_ReadQueue_NIC			// Read Queue with no index change
                            	.PUBLIC	F_SP_ReadQueue_NIC_A2000
                            	.PUBLIC	F_SP_ReadQueue_NIC_S480
                            	.PUBLIC	F_SP_ReadQueue_NIC_S240
                            	.PUBLIC	F_SP_ReadQueue_NIC_MS01
                            	.PUBLIC	F_SP_ReadQueue_NIC_DVR
                            	
                            	.PUBLIC	F_SP_WriteQueue
                            	.PUBLIC F_SP_WriteQueue_A2000
                            	.PUBLIC F_SP_WriteQueue_S480
                            	.PUBLIC F_SP_WriteQueue_S240
                            	.PUBLIC F_SP_WriteQueue_MS01
                            	.PUBLIC F_SP_WriteQueue_DVR
                            	
                            	.PUBLIC F_SP_TestQueue
                            	.PUBLIC F_SP_TestQueue_A2000
                            	.PUBLIC F_SP_TestQueue_S480
                            	.PUBLIC F_SP_TestQueue_S240
                            	.PUBLIC F_SP_TestQueue_MS01
                            	.PUBLIC F_SP_TestQueue_DVR
                            	
                            	.PUBLIC _SP_Export  
                            	.PUBLIC	_SP_Import 
                            	.PUBLIC _SP_Init_IOB 
                            	.PUBLIC _SP_Init_IOA 
                            	
                            	.PUBLIC	_SP_GetResource	
                            	.PUBLIC F_SP_GetResource
                            	
                            	.PUBLIC F_SP_SACM_A2000_Init_
                            	.PUBLIC F_SP_SACM_S480_Init_
                            	.PUBLIC F_SP_SACM_S240_Init_
                            	
                            	.PUBLIC F_SP_SACM_MS01_Init_
                            	.PUBLIC F_SP_PlayMode0_
                            	.PUBLIC F_SP_PlayMode1_    
                            	.PUBLIC F_SP_PlayMode2_  
                            	.PUBLIC F_SP_PlayMode3_   
                            	
                            	.PUBLIC F_SP_SACM_DVR_Init_
                            	.PUBLIC F_SP_SACM_DVR_Rec_Init_
                            	.PUBLIC F_SP_SACM_DVR_Play_Init_
                            	
                            	
                            	//////////////////////////////////////////////////////////////////
                            	// Definitions for I/O Port
                            	//////////////////////////////////////////////////////////////////
                            	.DEFINE	P_IOA_Data   		0x7000         // Write Data into data register and read from IOA pad
                            	.DEFINE P_IOA_Buffer        0x7001         // Write Data into buffer register and read from buffer register
                            	.DEFINE P_IOA_Dir           0x7002         // Direction vector for IOA
                            	.DEFINE P_IOA_Attrib        0x7003         // Attribute vector for IOA
                            	.DEFINE P_IOA_Latch         0x7004         // Latch PortA data for key change wake-up
                            	
                            	.DEFINE P_IOB_Data         	0x7005         // Write Data into the data register and read from IOB pad
                            	.DEFINE P_IOB_Buffer        0x7006         // Write Data into buffer register and read from buffer register
                            	.DEFINE P_IOB_Dir           0x7007         // Direction vector for IOB
                            	.DEFINE P_IOB_Attrib        0x7008         // Attribute vector for IOB
                            	
                            	.DEFINE P_FeedBack          0x7009         // Clock form external R,C
                            	.DEFINE P_TimerA_Data       0x700A         // Data port for TimerA 
                            	.DEFINE P_TimerA_Ctrl       0x700B         // Control Port for TimerA
                            	.DEFINE P_TimerB_Data       0x700C         // Data port for TimerB
                            	.DEFINE P_TimerB_Ctrl       0x700D         // Control Port for TimerB
                            	.DEFINE P_TimeBase_Setup    0x700E         // TimerBase Freq. Set
                            	.DEFINE P_TimeBase_Clear	0x700F 		   // Reset Timerbase counter
                            	.DEFINE P_INT_Ctrl          0x7010         // Control port for interrupt source
                            	.DEFINE P_INT_Clear         0x7011         // Clear interrupt source
                            	.DEFINE P_Watchdog_Clear    0x7012         // Watchdog Reset
                            	.DEFINE P_SystemClock       0x7013         // Change system clock frequency(include go to standby mode)
                            	
                            	//... PA6442 New version MC52A (For EC-03)....
                            	.DEFINE P_ADC 	        	0x7014         	// Data Port for AD
                            	.DEFINE P_ADC_Ctrl          0x7015         	// Control Port for AD control
                            	.DEFINE P_ADC_Status        0x7015         	// AD Port Status
                            	.DEFINE P_DAC2              0x7016         	// Data Port for DAC2
                            	.DEFINE P_PWM               0x7016         	// Data Port for PWM
                            	.DEFINE P_DAC1	        	0x7017         	// Data Port for DAC1
                            	.DEFINE P_DAC_Ctrl			0x702A 			// Control Port for two DAC and audio output mode
                            	//............................................
                            	
                            	.DEFINE P_IR_Ctrl			0x7018 			// Control Port for IR
                            	.DEFINE P_LVD_Ctrl          0x7019         	// Control Port for LVD
                            	.DEFINE P_SIO_Data			0x701A 			// Data port for serial IO
                            	.DEFINE P_SIO_Addr_Low		0x701B 			// Address Port low
                            	.DEFINE P_SIO_Addr_Mid		0x701C 			// Address Port middle
                            	.DEFINE P_SIO_Addr_High	 	0x701D 			// Address Port high
                            	.DEFINE P_SIO_Ctrl			0x701E 			// Control Port
                            	.DEFINE P_SIO_Start			0x701F 			// Start port for serial interface
                            	.DEFINE P_SIO_Stop			0x7020 			// Stop port for serial interface
                            	
                            	.DEFINE P_UART_Command1		 0x7021 		// Command1 Port for UART
                            	.DEFINE P_UART_Command2		 0x7022 		// Command2 Port for UART
                            	.DEFINE P_UART_Data			 0x7023  		// Data Port for UART
                            	.DEFINE	P_UART_BaudScalarLow 0x7024 		// Set Baud Rate scalar low
                            	.DEFINE	P_UART_BaudScalarHigh 0x7025 		// Set Baud Rate scalar high
                            	
                            	
                            	//... Definitions for P_INT_Ctrl ..............
                            	.DEFINE C_IRQ6_TMB2             0x0001         	// Timer B IRQ6
                            	.DEFINE C_IRQ6_TMB1             0x0002         	// Timer A IRQ6
                            	.DEFINE C_IRQ5_2Hz              0x0004         	// 2Hz IRQ5
                            	.DEFINE C_IRQ5_4Hz              0x0008         	// 4Hz IRQ5
                            	.DEFINE C_IRQ4_1KHz             0x0010         	// 1024Hz IRQ4
                            	.DEFINE C_IRQ4_2KHz             0x0020         	// 2048Hz IRQ4
                            	.DEFINE C_IRQ4_4KHz             0x0040         	// 4096Hz IRQ4
                            	.DEFINE C_IRQ3_KEY              0x0080         	// Key Change IRQ3
                            	.DEFINE C_IRQ3_EXT1             0x0100         	// Ext1 IRQ3
                            	.DEFINE C_IRQ3_EXT2             0x0200         	// Ext2 IRQ3
                            	.DEFINE C_IRQ2_TMB              0x0400         	// Timer B IRQ2
                            	.DEFINE C_FIQ_TMB               0x0800         	// Timer B FIQ
                            	.DEFINE C_IRQ1_TMA              0x1000         	// Timer A IRQ1
                            	.DEFINE C_FIQ_TMA               0x2000         	// Timer A FIQ
                            	.DEFINE C_IRQ0_PWM              0x4000         	// PWM IRQ0
                            	.DEFINE C_FIQ_PWM               0x8000         	// PWM FIQ
                            	
                            	// Definitions for P_TimerA/B_Ctrl ............                               
                            	.DEFINE	C_Fosc_2				0x0000 			// 
                            	.DEFINE	C_Fosc_256		    	0x0001 			//
                            	.DEFINE	C_32768Hz				0x0002 			//
                            	.DEFINE	C_8192Hz				0x0003 			//
                            	.DEFINE	C_4096Hz				0x0004 			//
                            	.DEFINE	C_A1					0x0005 			//
                            	.DEFINE C_A0					0x0006 			//
                            	.DEFINE C_Ext1					0x0007 			//
                            	
                            	.DEFINE	C_2048Hz				0x0000 			//
                            	.DEFINE	C_1024Hz				0x0008 			//
                            	.DEFINE	C_256Hz					0x0010 			//
                            	.DEFINE	C_TMB1Hz				0x0018 			//
                            	.DEFINE	C_4Hz					0x0020 			//
                            	.DEFINE	C_2Hz					0x0028 			//
                            	.DEFINE	C_B1					0x0030 			//
                            	.DEFINE	C_Ext2					0x0038 			//
                            	
                            	.DEFINE	C_Off					0x0000 			//
                            	.DEFINE C_D1					0x0040 			//
                            	.DEFINE C_D2					0x0080 			//
                            	.DEFINE C_D3					0x00C0 			//
                            	.DEFINE C_D4					0x0100 			//
                            	.DEFINE C_D5					0x0140 			//
                            	.DEFINE C_D6					0x0180 			//
                            	.DEFINE C_D7					0x01C0 			//
                            	.DEFINE C_D8					0x0200 			//
                            	.DEFINE C_D9					0x0240 			//
                            	.DEFINE C_D10					0x0280 			//
                            	.DEFINE C_D11					0x02C0 			//
                            	.DEFINE C_D12					0x0300 			//
                            	.DEFINE C_D13					0x0340 			//
                            	.DEFINE C_D14					0x0380 			//
                            	.DEFINE C_TA_Div_2				0x03C0 			// Timer A
                            	.DEFINE C_TB_Div_2				0x03C0 			// Timer B
                            	
                            	//... Definition for P_SystemClock ............
                            	.DEFINE C_Fosc					0x0000 			// b3..b0
                            	.DEFINE C_Fosc_Div_2			0x0001 			//
                            	.DEFINE C_Fosc_Div_4			0x0002 			//
                            	.DEFINE C_Fosc_Div_8			0x0003 			// (default)
                            	.DEFINE C_Fosc_Div_16			0x0004 			//
                            	.DEFINE C_Fosc_Div_32			0x0005 			//
                            	.DEFINE C_Fosc_Div_64			0x0006 			//
                            	.DEFINE C_Sleep					0x0007 		 	//
                            	
                            	.DEFINE	C_32K_Work				0x0000 			// b4
                            	.DEFINE C_32K_Off				0x0000 			// 
                            	.DEFINE C_StrongMode			0x0000 			// b5
                            	.DEFINE C_AutoMode				0x0000 			//
                            	
                            	//... Define for P_AD_Ctrl ....................
                            	.DEFINE	C_AD					0x0001 			//
                            	.DEFINE C_DA					0x0000 			//
                            	.DEFINE C_MIC					0x0000 			//
                            	.DEFINE C_LINE					0x0002 			//
                            	
                            	//... Define for P_DA_Ctrl ....................
                            	.DEFINE C_PushPull				0x0000 			// b0, (default) 
                            	.DEFINE C_DoubleEnd				0x0001 			// b0
                            	.DEFINE	C_DAC_Mode				0x0000 			// b1, (default)
                            	.DEFINE C_PWM_Mode				0x0002 			// b1
                            	
                            	.DEFINE	C_D1_Direct				0x0000 			// DAC1 latch
                            	.DEFINE C_D1_LatchA				0x0008 			// 
                            	.DEFINE C_D1_LatchB				0x0010 			//
                            	.DEFINE C_D1_LatchAB			0x0018 			//
                            	
                            	.DEFINE	C_D2_Direct				0x0000 			// DAC2 latch
                            	.DEFINE C_D2_LatchA				0x0020 			// 
                            	.DEFINE C_D2_LatchB				0x0040 			//
                            	.DEFINE C_D2_LatchAB			0x00C0 			//
                            	
                            	//... Define for P_LVD_Ctrl ...................
                            	.DEFINE C_LVD24V				0x0000 			// LVD = 2.4V 
                            	.DEFINE C_LVD28V				0x0001 			// LVD = 2.8V
                            	.DEFINE C_LVD32V				0x0002 			// LVD = 3.2V
                            	.DEFINE C_LVD36V				0x0003 			// LVD = 3.6V
                            	
                            	
                            	
                            	/////////////////////////////////////////////////////////////////
                            	// Note: This register map to the P_INT_Ctrl(0x7010)
                            	// 	User's interrupt setting have to combine with this register 
                            	//	while co-work with SACM library.
                            	//
                            	//  See. following function for example:
                            	//	F_SP_SACM_A2000_Init_:
                            	//	F_SP_SACM_S480_Init_:
                            	//	F_SP_SACM_S240_Init_:
                            	//	F_SP_SACM_MS01_Init_:
                            	//	F_SP_SACM_DVR_Init_: 
                            	//////////////////////////////////////////////////
000002F5                    	.IRAM
                            	.PUBLIC	R_InterruptStatus 
000002F5 00 00              	.VAR	R_InterruptStatus = 0 					// 
                            	
                            	//////////////////////////////////////////////////
                            	
                            	.DEFINE C_RampDelayTime 32
                            	.DEFINE C_QueueSize 144
                            			
000002F6 00 00              	.VAR 	R_Queue 
000002F7 00 00 00 00        	.DW		C_QueueSize-1	DUP(0) 
         00 00 00 00
         00 00 00 00
         00 00 00 00
         00 00 00 00
         00 00 00 00
         00 00 00 00
         00 00 00 00
         00 00 00 00
         00 00 00 00
         00 00 00 00
         00 00 00 00
         00 00 00 00
         00 00 00 00
         00 00 00 00
         00 00 00 00
         00 00 00 00
         00 00 00 00
         00 00 00 00
         00 00 00 00
         00 00 00 00
         00 00 00 00
         00 00 00 00
         00 00 00 00
         00 00 00 00
         00 00 00 00
         00 00 00 00
         00 00 00 00
         00 00 00 00
         00 00 00 00
         00 00 00 00
         00 00 00 00
         00 00 00 00
         00 00 00 00
         00 00 00 00
         00 00 00 00
         00 00 00 00
         00 00 00 00
         00 00 00 00
         00 00 00 00
         00 00 00 00
         00 00 00 00
         00 00 00 00
         00 00 00 00
         00 00 00 00
         00 00 00 00
         00 00 00 00
         00 00 00 00
         00 00 00 00
         00 00 00 00
         00 00 00 00
         00 00 00 00
         00 00 00 00
         00 00 00 00
         00 00 00 00
         00 00 00 00
         00 00 00 00
         00 00 00 00
         00 00 00 00
         00 00 00 00
         00 00 00 00
         00 00 00 00
         00 00 00 00
         00 00 00 00
         00 00 00 00
         00 00 00 00
         00 00 00 00
         00 00 00 00
         00 00 00 00
         00 00 00 00
         00 00 00 00
         00 00      
00000386 00 00              	.VAR	R_ReadIndex 
00000387 00 00              	.VAR	R_WriteIndex 
                            	
00008CEB                    	.CODE
                            	
                            					
                            	
                            	///////////////////////////////////////////
                            	// Function: Initial Queue
                            	// Destory: R1,r2
                            	///////////////////////////////////////////	
                            	_SP_InitQueue:	.PROC
                            	_SP_InitQueue_A2000:
                            	_SP_InitQueue_S480:
                            	_SP_InitQueue_S240:
                            	_SP_InitQueue_MS01:
                            	_SP_InitQueue_DVR:
                            	
                            	F_SP_InitQueue_A2000:
                            	F_SP_InitQueue_S480:
                            	F_SP_InitQueue_S240:
                            	F_SP_InitQueue_MS01:
                            	F_SP_InitQueue_DVR:
                            	F_SP_InitQueue:
00008CEB 09 93 F6 02        			r1 = R_Queue
00008CED 40 94              			r2 = 0 
                            	L_ClearQueueLoop?:		
00008CEE D1 D4              			[r1++] = r2
00008CEF 09 43 86 03        			cmp	r1, R_Queue+C_QueueSize
00008CF1 44 4E              			jne	L_ClearQueueLoop?
                            				
00008CF2 40 92              			r1 = 0
00008CF3 19 D3 86 03        			[R_ReadIndex] = r1
00008CF5 19 D3 87 03        			[R_WriteIndex] = r1
                            					
00008CF7 90 9A              			RETF
                            			.ENDP
                            			
                            	///////////////////////////////////////////
                            	// Function: Get a data form Queue
                            	// Output:  R1: Data
                            	//			R2: return value
                            	// Destory: R1,R2
                            	///////////////////////////////////////////	
                            	F_SP_ReadQueue_A2000:
                            	F_SP_ReadQueue_S480:
                            	F_SP_ReadQueue_S240:
                            	F_SP_ReadQueue_MS01:
                            	F_SP_ReadQueue_DVR:
                            	F_SP_ReadQueue:
00008CF8 12 95 86 03        			r2 = [R_ReadIndex]
00008CFA 12 45 87 03        			cmp r2,[R_WriteIndex]
00008CFC 0D 5E              			je	L_RQ_QueueEmpty
                            	
00008CFD 0A 05 F6 02        			r2 += R_Queue				// get queue data address
00008CFF C2 92              			r1 = [r2]
                            			
00008D00 12 95 86 03        			r2 = [R_ReadIndex]
00008D02 41 04              			r2 += 1
00008D03 0A 45 90 00        			cmp	r2, C_QueueSize
00008D05 01 4E              			jne	L_RQ_NotQueueBottom
00008D06 40 94              			r2 = 0
                            	L_RQ_NotQueueBottom:	
00008D07 1A D5 86 03        			[R_ReadIndex] = r2		
                            			//r2 = 0x0000 						// get queue data
00008D09 90 9A              			retf 
                            	L_RQ_QueueEmpty:
                            			//r2 = 0x8000 						// queue empty
00008D0A 90 9A              			retf 
                            	
                            	///////////////////////////////////////////
                            	// Function: Get a data from Queue but do 
                            	//			not change queue index
                            	// R1: output
                            	// Destory: R1,R2
                            	///////////////////////////////////////////
                            	F_SP_ReadQueue_NIC:
                            	F_SP_ReadQueue_NIC_A2000:
                            	F_SP_ReadQueue_NIC_S480:
                            	F_SP_ReadQueue_NIC_S240:
                            	F_SP_ReadQueue_NIC_MS01:
                            	F_SP_ReadQueue_NIC_DVR:
00008D0B 12 95 86 03        			r2 = [R_ReadIndex]
00008D0D 12 45 87 03        			cmp r2,[R_WriteIndex]
00008D0F 03 5E              			je	L_RQ_QueueEmpty?
                            	
00008D10 0A 05 F6 02        			r2 += R_Queue				// get queue data index
00008D12 C2 92              			r1 = [r2]
                            	L_RQ_QueueEmpty?:
00008D13 90 9A              			RETF
                            			
                            	///////////////////////////////////////////
                            	// Function: Put a data to Queue
                            	// R1: Input
                            	// Destory: R1,R2
                            	///////////////////////////////////////////	
                            	F_SP_WriteQueue_A2000:
                            	F_SP_WriteQueue_S480:
                            	F_SP_WriteQueue_S240:
                            	F_SP_WriteQueue_MS01:
                            	F_SP_WriteQueue_DVR:
                            	F_SP_WriteQueue:
00008D14 12 95 87 03        			r2 = [R_WriteIndex] 			// put data to queue
00008D16 0A 05 F6 02        			r2 += R_Queue
00008D18 C2 D2              			[r2] = r1
                            	
00008D19 12 95 87 03        			r2 = [R_WriteIndex]
00008D1B 41 04              			r2 += 1
00008D1C 0A 45 90 00        			cmp	r2, C_QueueSize
00008D1E 01 4E              			jne	L_WQ_NotQueueBottom
00008D1F 40 94              			r2 = 0
                            	L_WQ_NotQueueBottom:
00008D20 1A D5 87 03        			[R_WriteIndex] = r2
00008D22 90 9A              			RETF
                            	
                            			
                            	///////////////////////////////////////////
                            	// Function: Test Queue Status
                            	// o/p: R1
                            	// Destory: R1
                            	///////////////////////////////////////////	
                            	F_SP_TestQueue_A2000:
                            	F_SP_TestQueue_S480:
                            	F_SP_TestQueue_S240:
                            	F_SP_TestQueue_MS01:
                            	F_SP_TestQueue_DVR:
                            	F_SP_TestQueue:
                            			//... Test Queue Empty ...
00008D23 11 93 86 03        			r1 = [R_ReadIndex] 
00008D25 11 43 87 03        			cmp r1,[R_WriteIndex] 
00008D27 12 5E              			je	L_TQ_QueueEmpty 
                            	
                            			//... Test Queue Full ...
00008D28 11 93 86 03        			r1 = [R_ReadIndex] 				// For N Queue Full: 1.R=0 and W=N-1 2. R<>0 and W=R-1 
00008D2A 05 4E              			jnz	L_TQ_JudgeCond2 
00008D2B 11 93 87 03        			r1 = [R_WriteIndex] 
00008D2D 09 43 8F 00        			cmp	r1, C_QueueSize-1 			// Cond1
00008D2F 08 5E              			je	L_TQ_QueueFull 			
                            	L_TQ_JudgeCond2:		
00008D30 11 93 86 03        			r1 = [R_ReadIndex] 
00008D32 41 22              			r1 -=1 
00008D33 11 43 87 03        			cmp r1,[R_WriteIndex] 
00008D35 02 5E              			je	L_TQ_QueueFull 	
                            	
00008D36 40 92              			r1 = 0 							// not Full, not empty
00008D37 90 9A              			retf 
                            	L_TQ_QueueFull:
00008D38 41 92              			r1 = 1 							// full
00008D39 90 9A              			retf 
                            	L_TQ_QueueEmpty:
00008D3A 42 92              			r1 = 2 							// empty
00008D3B 90 9A              			retf 
                            	
                            	
                            	
                            	
                            	
                            	///////////////////////////////////////////////////////////////////////////////
                            	// Function: The partial code of hardware setting of SACM_A2000_Initial() 
                            	//			or F_SACM_A2000_Initial:
                            	// Note: The following functions are the partial code of original
                            	//			initial subroutine. (H/W setting part) 
                            	//
                            	//	Ex: F_SACM_A2000_Initial:
                            	//			...
                            	//			call F_SP_SACM_A2000_Init_	: S480/S240/MS01 is same
                            	//			...
                            	//			retf
                            	////////////////////////////////////////////////////////////////////////////////
                            	F_SP_SACM_A2000_Init_:	
00008D3C 40 92              			r1=0x0000;                      // 24MHz, Fcpu=Fosc
00008D3D 19 D3 13 70        	        [P_SystemClock]=r1           	//  Frequency 20MHz
00008D3F 70 92              	        r1 = 0x0030                     // TimerA CKA=Fosc/2 CKB=1 Tout:off
00008D40 19 D3 0B 70        	        [P_TimerA_Ctrl] = r1			// Initial Timer A
00008D42 09 93 00 FD        	        r1 = 0xfd00                  	// 16K
00008D44 19 D3 0A 70        	        [P_TimerA_Data] = r1 
00008D46 09 93 A8 00        	        r1 = 0x00A8                     // Set the DAC Ctrl
00008D48 19 D3 2A 70        	        [P_DAC_Ctrl] = r1
00008D4A 09 93 FF FF        	        r1 = 0xffff
                            	        
00008D4C 19 D3 11 70        	        [P_INT_Clear] = r1          	// Clear interrupt occuiped events
00008D4E 40 92              	        r1 =0x0000						// 
                            	        
                            	        
00008D4F 11 93 2D 70        	        r1 = [0x702D]		//
00008D51 09 A3 00 20        	        r1 |= C_FIQ_TMA					// Enable Timer A FIQ
                            	        //R1 |= C_IRQ4_1KHz
00008D53 19 D3 F5 02        	        [R_InterruptStatus] = r1		//
00008D55 19 D3 10 70        	        [P_INT_Ctrl] = r1				//
                            	
00008D57 90 9A              			RETF
                            	
                            	
                            	//////////////////////////////////////////////////////////////////
                            	// Function: The partial code of hardware setting of SACM_S480_Initial() 
                            	//			or F_SACM_S480_Initial:
                            	//////////////////////////////////////////////////////////////////
                            	F_SP_SACM_S480_Init_:
00008D58 40 92              	        r1 = 0x0000						// 24MHz Fosc
00008D59 19 D3 13 70        	        [P_SystemClock]=r1          	// Initial System Clock
00008D5B 70 92              	        r1=0x0030                       // TimerA CKA=Fosc/2 CKB=1 Tout:off
00008D5C 19 D3 0B 70        	        [P_TimerA_Ctrl]=r1				// Initial Timer A
                            	        //R1 = 0xfd00                  	// 16K
00008D5E 09 93 ED FC        	        r1 = 0xfced						// 15.625K
00008D60 19 D3 0A 70        	        [P_TimerA_Data]=r1
00008D62 09 93 A8 00        	        r1 = 0x00A8						// 
00008D64 19 D3 2A 70        	        [P_DAC_Ctrl] = r1				//
                            	        
00008D66 09 93 FF FF        	        r1 = 0xffff
00008D68 19 D3 11 70        	        [P_INT_Clear] = r1          	// Clear interrupt occuiped events
00008D6A 11 93 2D 70        	        r1 = [0x702D]		//
00008D6C 09 A3 00 20        	        r1 |= C_FIQ_TMA					// Enable Timer A FIQ
                            	        //R1 |= C_IRQ4_1KHz				// Enable 1KHz IRQ4 for S480 decoder
00008D6E 19 D3 F5 02        	        [R_InterruptStatus] = r1		//
00008D70 19 D3 10 70        	        [P_INT_Ctrl] = r1				//
                            	        
00008D72 90 9A              	        RETF
                            	
                            	//////////////////////////////////////////////////////////////////
                            	// Function: The partial code of hardware setting of SACM_S240_Initial() 
                            	//			or F_SACM_S240_Initial:
                            	//////////////////////////////////////////////////////////////////
                            	F_SP_SACM_S240_Init_:	
00008D73 60 92              			r1=0x0020;	
00008D74 19 D3 13 70        			[P_SystemClock]=r1
00008D76 09 93 A8 00        			r1 = 0x00A8;					// 
00008D78 19 D3 2A 70        			[P_DAC_Ctrl]= r1
00008D7A 70 92              			r1 = 0x0030;               	// TimerA CKA=Fosc/2 CKB=1 Tout:off
00008D7B 19 D3 0B 70        	        [P_TimerA_Ctrl] = r1;
00008D7D 09 93 00 FE        			r1 = 0xfe00;                    // 24K
00008D7F 19 D3 0A 70        	    	[P_TimerA_Data] = r1;		
00008D81 09 93 FF FF        	        r1 = 0xffff
00008D83 19 D3 11 70        	        [P_INT_Clear] = r1          	// Clear interrupt occuiped events
00008D85 11 93 2D 70        	        r1 = [0x702D]		//
00008D87 09 A3 00 20        	        r1 |= C_FIQ_TMA					// Enable Timer A FIQ
00008D89 19 D3 F5 02        	        [R_InterruptStatus] = r1		//
00008D8B 19 D3 10 70        	        [P_INT_Ctrl] = r1				//
00008D8D 90 9A              	        RETF
                            	
                            	//////////////////////////////////////////////////////////////////
                            	// Function: The partial code of hardware setting of SACM_MS01_Initial() 
                            	//			or F_SACM_MS01_Initial:
                            	//
                            	//	Ex: F_SACM_MS01_Initial:
                            	//			...
                            	//			call F_SP_SACM_MS01_Init_
                            	//			call F_SP_Play_Mode0/1/2/3	->0,1,2,3 depending on the para1
                            	//			...
                            	//			retf
                            	//////////////////////////////////////////////////////////////////
                            	F_SP_SACM_MS01_Init_:	
00008D8E 40 92              			r1 = 0x0000;                    // 24MHz, Fcpu=Fosc
00008D8F 19 D3 13 70        	        [P_SystemClock] = r1;        	// Initial System Clock
00008D91 70 92              	        r1 = 0x0030;                    // TimerA CKA=Fosc/2 CKB=1 Tout:off
00008D92 19 D3 0B 70        	        [P_TimerA_Ctrl] = r1			// Initial Timer A
                            	        
                            	        //R1 = 0x0003						// 8K
00008D94 40 92              	        r1 = 0x0000						// Fosc/2
00008D95 19 D3 0D 70        	        [P_TimerB_Ctrl] = r1;			// Initial Timer B -> 8192	
                            	        
                            	        //R1 = 0xFFFF        
00008D97 09 93 00 FA        	        r1 = 0xFA00					// Any time for ADPCM channel 0,1
00008D99 19 D3 0C 70        	        [P_TimerB_Data] = r1			// 8K sample rate
                            	        
00008D9B 09 93 FF FF        			r1 = 0xffff
00008D9D 19 D3 11 70        	        [P_INT_Clear] = r1          	// Clear interrupt occuiped events
00008D9F 90 9A              	        RETF
                            	
                            	//........................................
                            	F_SP_PlayMode0_:						// with F_SP_SACM_MS01_Initial
00008DA0 46 92              			r1 = 0x0006
00008DA1 19 D3 2A 70        	        [P_DAC_Ctrl] = r1
00008DA3 09 93 00 FE        	        r1 = 0xFE00
00008DA5 19 D3 0A 70        	        [P_TimerA_Data] = r1 			//
00008DA7 11 93 2D 70        	        r1 = [0x702D]		//
00008DA9 09 A3 10 84        	        r1 |= C_FIQ_PWM+C_IRQ2_TMB+C_IRQ4_1KHz
00008DAB 19 D3 F5 02        	        [R_InterruptStatus] = r1 		//
00008DAD 19 D3 10 70        	        [P_INT_Ctrl] = r1				//
00008DAF 90 9A              	        RETF
                            	
                            	F_SP_PlayMode1_:						// with F_SP_SACM_MS01_Initial
00008DB0 09 93 A8 00        			r1 = 0x00A8
00008DB2 19 D3 2A 70        	        [P_DAC_Ctrl] = r1
00008DB4 09 93 00 FE        	        r1 = 0xFE00
00008DB6 19 D3 0A 70        	        [P_TimerA_Data] = r1 			//
00008DB8 11 93 2D 70        	        r1 = [0x702D]		//
00008DBA 09 A3 10 24        	        r1 |= C_FIQ_TMA+C_IRQ2_TMB+C_IRQ4_1KHz
00008DBC 19 D3 F5 02        	        [R_InterruptStatus] = r1 		//
00008DBE 19 D3 10 70        	        [P_INT_Ctrl] = r1				//
00008DC0 90 9A              	        RETF
                            	
                            	
                            	F_SP_PlayMode2_:	 						// with F_SP_SACM_MS01_Initial
00008DC1 09 93 A8 00        			r1 = 0x00A8
00008DC3 19 D3 2A 70        	        [P_DAC_Ctrl] = r1
00008DC5 09 93 9A FD        	        r1 = 0xFD9A
00008DC7 19 D3 0A 70        	        [P_TimerA_Data] = r1 				//
00008DC9 11 93 2D 70        	        r1 = [0x702D]		//
00008DCB 09 A3 10 24        	        r1 |= C_FIQ_TMA+C_IRQ2_TMB+C_IRQ4_1KHz
00008DCD 19 D3 F5 02        	        [R_InterruptStatus] = r1 			//
00008DCF 19 D3 10 70        	        [P_INT_Ctrl] = r1					//
00008DD1 90 9A              	        RETF
                            	
                            	      
                            	F_SP_PlayMode3_:								// with F_SP_SACM_MS01_Initial
00008DD2 09 93 A8 00        			r1 = 0x00A8
00008DD4 19 D3 2A 70        	        [P_DAC_Ctrl] = r1
00008DD6 09 93 00 FD        	        r1 = 0xFD00
00008DD8 19 D3 0A 70        	        [P_TimerA_Data] = r1 					//
00008DDA 11 93 2D 70        	        r1 = [0x702D]		//
00008DDC 09 A3 10 24        	        r1 |= C_FIQ_TMA+C_IRQ2_TMB+C_IRQ4_1KHz
00008DDE 19 D3 F5 02        		    [R_InterruptStatus] = r1 				//
00008DE0 19 D3 10 70        	        [P_INT_Ctrl] = r1						//
00008DE2 90 9A              	        RETF
                            	        
                            	///////////////////////////////////////////////////////////////////////////////
                            	// Function: The partial code of hardware setting of SACM_MS01_Initial() 
                            	//			or F_SACM_MS01_Initial:
                            	//
                            	//	Ex: F_SACM_DVR_Initial:
                            	//			...
                            	//			call F_SP_SACM_DVR_Init_
                            	//			call F_SP_Play_Mode0/1/2/3	->0,1,2,3 depending on the para1
                            	//			...
                            	//			retf
                            	//	Ex1:
                            	//		F_SACM_DVR_Record: (or F_SACM_DVR_InitEncoder)
                            	//			...
                            	//			call F_SP_SACM_DVR_Rec_Init
                            	//			...
                            	//			retf
                            	//	Ex2:
                            	//		F_SACM_DVR_Play: (or F_SACM_DVR_InitDecoder)
                            	//			...
                            	//			call F_SP_SACM_DVR_Play_Init_
                            	//			...
                            	//			retf
                            	///////////////////////////////////////////////////////////////////////////////
                            	F_SP_SACM_DVR_Init_:
00008DE3 40 92              	        r1 = 0x0000;                    // 24MHz, Fcpu=Fosc
                            	//	r1 = 0x0088						//49MHz
00008DE4 19 D3 13 70        	        [P_SystemClock] = r1;           //  Frequency 20MHz
00008DE6 70 92              	        r1 = 0x0030;                    // TimerA CKA=Fosc/2 CKB=1 Tout:off
00008DE7 19 D3 0B 70        	        [P_TimerA_Ctrl] = r1;
00008DE9 09 93 00 FA        		    r1 = 0xfa00;                    // 8K @ 24.576MHz
                            	        //r1 = 0xfb1d;                  // 8K @ 20MHz
                            	//        r1 = 0xf401					// 8K@49MHz
00008DEB 19 D3 0A 70        	        [P_TimerA_Data] = r1;
00008DED 75 92              	        r1 = 0x0035;                    // ADINI should be open (107)
00008DEE 19 D3 15 70        	        [P_ADC_Ctrl] = r1;
00008DF0 40 92              	        r1 = 0x0000;                    // Set the DA Ctrl
00008DF1 19 D3 2A 70        	        [P_DAC_Ctrl] = r1;
                            	        
00008DF3 09 93 FF FF        	        r1 = 0xffff;
00008DF5 19 D3 11 70        	        [P_INT_Clear] = r1;          	// Clear interrupt occuiped events
                            	        
00008DF7 11 93 2D 70        	        r1 = [0x702D]		//
00008DF9 09 A3 00 20        	        r1 |= C_FIQ_TMA					// Enable Timer A FIQ
00008DFB 19 D3 F5 02        	        [R_InterruptStatus] = r1		//
00008DFD 19 D3 10 70        	        [P_INT_Ctrl] = r1				//
                            	        
00008DFF 90 9A              	        RETF
                            	
                            	
                            	
                            	F_SP_SACM_DVR_Rec_Init_:					// call by SACM_DVR_Record / SACM_DVR_InitEncoder
00008E00 75 92              			r1 = 0x0035;  					//mic input
                            	        //r1 = 0x0037					//line_in input
00008E01 19 D3 15 70        	        [P_ADC_Ctrl] = r1;       		//enable ADC
                            	        
00008E03 09 93 00 FE        	        r1=0xfe00;                     	//24K @ 24.576MHz
00008E05 19 D3 0A 70        	        [P_TimerA_Data] = r1 
00008E07 90 9A              			RETF
                            	
                            	F_SP_SACM_DVR_Play_Init_:
00008E08 40 92              		    r1 = 0x0000						// call by SACM_DVR_Stop / SACM_DVR_Play
00008E09 19 D3 15 70        	        [P_ADC_Ctrl] = r1;       		// Disable ADC
                            	        
00008E0B 09 93 00 FD        	        r1 = 0xfd00;                	// 16K @ 24.576MHz
00008E0D 19 D3 0A 70        	        [P_TimerA_Data] = r1;
00008E0F 90 9A              	        RETF
                            	
                            	
                            	
                            	
                            	/////////////////////////////////////////////////////////////////////////////// 
                            	// Function: Extra Functions provided by Sunplus
                            	//	Type:	
                            	//		1. DAC Ramp up/down
                            	//		2. IO config/import/export
                            	//		3. Get resource data
                            	//
                            	//
                            	///////////////////////////////////////////////////////////////////////////////
                            	
                            	////////////////////////////////////////////////////////
                            	// Function: Ramp Up/Down to avoid speaker "pow" noise
                            	// Destory: R1,R2
                            	////////////////////////////////////////////////////////
                            	_SP_RampUpDAC1:	.PROC
                            	F_SP_RampUpDAC1:
00008E10 90 D4              			push r1,r2 to [sp] 
00008E11 11 93 17 70        	        r1=[P_DAC1] 
00008E13 09 B3 C0 FF        	        r1 &= ~0x003f 
00008E15 09 43 00 80        	        cmp     r1,0x8000
00008E17 0E 0E              	        jb     	L_RU_NormalUp
00008E18 19 5E              	        je      L_RU_End
                            	                
                            	L_RU_DownLoop:
00008E19 40 F0 7C 8E        	        call    F_Delay         
00008E1B 41 94              	        r2 = 0x0001 
00008E1C 1A D5 12 70        	        [P_Watchdog_Clear] = r2 
00008E1E 09 23 40 00        	        r1 -= 0x40 
00008E20 19 D3 17 70        	        [P_DAC1] = r1 
00008E22 09 43 00 80        	        cmp     r1,0x8000 
00008E24 4C 4E              	        jne     L_RU_DownLoop   
                            	L_RD_DownEnd:
00008E25 0C EE              	        jmp     L_RU_End 
                            	
                            	L_RU_NormalUp:
                            	L_RU_Loop:
00008E26 40 F0 7C 8E        	        call    F_Delay 
00008E28 41 94              	        r2 = 0x0001 
00008E29 1A D5 12 70        	        [P_Watchdog_Clear] = r2 
00008E2B 09 03 40 00        	        r1 += 0x40 
00008E2D 19 D3 17 70        	        [P_DAC1] = r1 
00008E2F 09 43 00 80        	        cmp     r1, 0x8000 
00008E31 4C 4E              	        jne     L_RU_Loop 
                            	L_RU_End:
00008E32 90 90              			pop     r1,r2 from [sp] 
00008E33 90 9A              	  		retf 
                            	    	.ENDP
                            	    
                            	//............................................................
                            	_SP_RampDnDAC1:	.PROC
                            	F_SP_RampDnDAC1:
00008E34 90 D4              			push r1,r2 to [sp] 
                            	  		//int off 
00008E35 11 93 17 70        	    	r1 = [P_DAC1] 
00008E37 09 B3 C0 FF        	     	r1 &= ~0x003F 
00008E39 0A 5E              	      	jz      L_RD_End 
                            	L_RD_Loop:                
00008E3A 40 F0 7C 8E        	        call    F_Delay         
00008E3C 41 94              	        r2 = 0x0001 
00008E3D 1A D5 12 70        	        [P_Watchdog_Clear] = r2 
00008E3F 09 23 40 00        	        r1 -= 0x40 
00008E41 19 D3 17 70        	        [P_DAC1] = r1   
00008E43 4A 4E              	        jnz     L_RD_Loop 
                            	L_RD_End:       
                            			//int	fiq,irq
00008E44 90 90              	        pop     r1,r2 from [sp] 
00008E45 90 9A              	        retf 
                            			.ENDP
                            	
                            	//..............................................................
                            	_SP_RampUpDAC2:	.PROC
                            	F_SP_RampUpDAC2:
00008E46 90 D4              			push r1,r2 to [sp] 
00008E47 11 93 16 70        	  		r1=[P_DAC2] 
00008E49 09 B3 C0 FF        	    	r1 &= ~0x003f 
00008E4B 09 43 00 80        	     	cmp     r1,0x8000
00008E4D 0E 0E              	      	jb     	L_RU_NormalUp_   
00008E4E 5D 5E              	       	je      L_RU_End 
                            	                
                            	L_RU_DownLoop_:
00008E4F 40 F0 7C 8E        	        call    F_Delay         
00008E51 41 94              	        r2 = 0x0001 
00008E52 1A D5 12 70        	        [P_Watchdog_Clear] = r2 
00008E54 09 23 40 00        	        r1 -= 0x40 
00008E56 19 D3 16 70        	        [P_DAC2] = r1 
00008E58 09 43 00 80        	        cmp     r1,0x8000 
00008E5A 4C 4E              	        jne     L_RU_DownLoop_   
                            	L_RD_DownEnd_:
00008E5B 0C EE              	        jmp     L_RU_End_ 
                            	
                            	L_RU_NormalUp_:
                            	L_RU_Loop_:
00008E5C 40 F0 7C 8E        			call    F_Delay 
00008E5E 41 94              	  		r2 = 0x0001 
00008E5F 1A D5 12 70        	    	[P_Watchdog_Clear] = r2 
00008E61 09 03 40 00        	        r1 += 0x40 
00008E63 19 D3 16 70        	        [P_DAC2] = r1 
00008E65 09 43 00 80        	        cmp     r1, 0x8000 
00008E67 4C 4E              	        jne     L_RU_Loop_ 
                            	L_RU_End_:
00008E68 90 90              	   		pop     r1,r2 from [sp] 
00008E69 90 9A              	     	retf 
                            	      	.ENDP
                            	//.............................................................
                            	_SP_RampDnDAC2:	.PROC
                            	F_SP_RampDnDAC2:
                            			//int off 
00008E6A 90 D4              			push r1,r2 to [sp] 
                            	                
00008E6B 11 93 16 70        	        r1 = [P_DAC2] 
00008E6D 09 B3 C0 FF        	        r1 &= ~0x003F 
00008E6F 0A 5E              	        jz      L_RD_End_ 
                            	L_RD_Loop_:                
00008E70 40 F0 7C 8E        	        call    F_Delay         
00008E72 41 94              	        r2 = 0x0001 
00008E73 1A D5 12 70        	        [P_Watchdog_Clear] = r2 
00008E75 09 23 40 00        	        r1 -= 0x40 
00008E77 19 D3 16 70        	        [P_DAC2] = r1   
00008E79 4A 4E              	        jnz     L_RD_Loop_ 
                            	L_RD_End_:       
00008E7A 90 90              	        pop     r1,r2 from [sp] 
00008E7B 90 9A              	        retf 
                            			.ENDP
                            	
                            	//..................................................................				
                            	F_Delay:
00008E7C 88 D2              	        push r1 to [sp] 
00008E7D 60 92              	        r1 = C_RampDelayTime			// Ramp Up/Dn delay per step
                            	L_D_Loop:
00008E7E 41 22              	        r1 -= 1 
00008E7F 42 4E              	        jnz     L_D_Loop  
00008E80 88 90              	        pop     r1 from [sp] 
00008E81 90 9A              	        RETF	 
                            	
                            	
                            	
                            	////////////////////////////////////////////////////////////////
                            	// Function: I/O Port A configuration
                            	// 	void SP_Inti_IOA(int Dir, int Data, int Attrib)
                            	////////////////////////////////////////////////////////////////
                            	_SP_Init_IOA: .PROC
00008E82 88 DA              			PUSH bp TO [sp] 
00008E83 08 0B 01 00        	        bp = sp + 1 
00008E85 88 D2              			PUSH r1 TO [sp] 
00008E86 03 92              			r1 = [bp+3] 						// Port direction
00008E87 19 D3 02 70        			[P_IOA_Dir] = r1 
00008E89 04 92              			r1 = [bp+4] 
00008E8A 19 D3 00 70        			[P_IOA_Data] = r1 
00008E8C 05 92              			r1 = [bp+5] 
00008E8D 19 D3 03 70        			[P_IOA_Attrib] = r1 
                            			
00008E8F 88 90              			POP r1 FROM [sp] 
00008E90 88 98              	        POP bp FROM [sp] 
00008E91 90 9A              	        RETF 
                            			.ENDP
                            	
                            	////////////////////////////////////////////////////////////////// 
                            	// Function: I/O Port B configuration
                            	//  void SP_Inti_IOB(int Dir, int Data, int Attrib)
                            	//////////////////////////////////////////////////////////////////    
                            	_SP_Init_IOB: .PROC
00008E92 88 DA              			PUSH bp TO [sp] 
00008E93 08 0B 01 00        	        bp = sp + 1 
00008E95 88 D2              			PUSH r1 TO [sp] 
00008E96 03 92              			r1 = [bp+3] 						// Port direction
00008E97 19 D3 07 70        			[P_IOB_Dir] = r1 
00008E99 04 92              			r1 = [bp+4] 
00008E9A 19 D3 05 70        			[P_IOB_Data] = r1 
00008E9C 05 92              			r1 = [bp+5] 
00008E9D 19 D3 08 70        			[P_IOB_Attrib] = r1 
                            			
00008E9F 88 90              			POP r1 FROM [sp] 
00008EA0 88 98              	        POP bp FROM [sp] 
00008EA1 90 9A              	        RETF 
                            			.ENDP
                            	
                            	////////////////////////////////////////////////////////////////// 
                            	// Function: Get data from port
                            	// 	int SP_Import(unsigned int Port)
                            	//////////////////////////////////////////////////////////////////  
                            	_SP_Import: .PROC
00008EA2 88 DA              	        PUSH bp TO [sp] 
00008EA3 08 0B 01 00        	        bp = sp + 1 
                            	        
00008EA5 03 92              			r1 = [bp+3]  						// Port Number
00008EA6 C1 92              			r1 = [r1]  
                            					
00008EA7 88 98              	        POP bp FROM [sp] 
00008EA8 90 9A              	        RETF 
                            			.ENDP
                            	
                            	_SP_Export: .PROC
00008EA9 88 DA              	        PUSH bp,bp TO [sp] 
00008EAA 41 00              	        sp = sp + 1 
00008EAB 90 D4              			PUSH r1,r2 TO [sp] 
00008EAC 03 92              			r1 = [bp+3]  						// Port Number
00008EAD 04 94              			r2 = [bp+4]  						// Value
00008EAE C1 D4              			[r1] = r2  
00008EAF 90 90              			POP r1,r2 FROM [sp] 
00008EB0 88 98              	        POP bp,bp FROM [sp] 
00008EB1 90 9A              	        RETF         
                            	 		.ENDP
                            	
                            	
                            	////////////////////////////////////////////////////////////////// 
                            	// Function: Get data from resource(ROM area)
                            	// 	int SP_GetResource(int Addr, int Page)
                            	//////////////////////////////////////////////////////////////////  
                            	_SP_GetResource:	.PROC
00008EB2 88 DA              			push bp to [sp] 
00008EB3 08 0B 01 00        			bp = sp + 1 
                            			
00008EB5 03 92              			r1 = [bp+3] 					// Address
00008EB6 04 94              			r2 = [bp+4] 					// Page
                            			
00008EB7 5A 95              			r2 = r2 lsl 4 					// Prepare Page for SR
00008EB8 5A 95              			r2 = r2 lsl 4 
00008EB9 4A 95              			r2 = r2 lsl 2 
                            			
00008EBA 7F BC              			sr &= 0x03f 					// Change Page
00008EBB 06 A5              	        r2 |=sr 						//
00008EBC 02 9D              	        sr = r2 						//
                            	  
00008EBD E1 92              	  		r1 = D:[r1] 					// Get data
                            	       
00008EBE 88 98              			pop	 bp from [sp] 
00008EBF 90 9A              			retf 
                            			.ENDP 
                            	//........................................
                            	F_SP_GetResource:
00008EC0 5A 95              			r2 = r2 lsl 4 					// Prepare Page for SR
00008EC1 5A 95              			r2 = r2 lsl 4 
00008EC2 4A 95              			r2 = r2 lsl 2 
                            			
00008EC3 7F BC              			sr &= 0x03f 					// Change Page
00008EC4 06 A5              	        r2 |=sr 						//
00008EC5 02 9D              	        sr = r2 						//
                            	  
00008EC6 E1 92              	  		r1 = D:[r1] 					// Get data
00008EC7 90 9A              		  	retf
                            	
                            	//////////////////////////////////////////////////////////////////
                            	// Functions: Reserve old defintion
                            	// Note: 	1. Some user who use old library may use the old name
                            	//			2. Have to be put at the end of this file
                            	//////////////////////////////////////////////////////////////////
                            	.PUBLIC	F_RampUpDAC1 
                            	.PUBLIC	F_RampDnDAC1 
                            	.PUBLIC	F_RampUpDAC2 
                            	.PUBLIC	F_RampDnDAC2 
                            	.PUBLIC	_STD_RampUpDAC1 
                            	.PUBLIC	_STD_RampDnDAC1 
                            	.PUBLIC	_STD_RampUpDAC2 
                            	.PUBLIC	_STD_RampDnDAC2 
                            	
                            	.DEFINE F_RampUpDAC1 F_SP_RampUpDAC1
                            	.DEFINE F_RampDnDAC1 F_SP_RampDnDAC1
                            	.DEFINE F_RampUpDAC2 F_SP_RampUpDAC2
                            	.DEFINE F_RampDnDAC2 F_SP_RampDnDAC2
                            	.DEFINE _STD_RampUpDAC1 _SP_RampUpDAC1
                            	.DEFINE _STD_RampDnDAC1 _SP_RampDnDAC1
                            	.DEFINE _STD_RampUpDAC2 _SP_RampUpDAC2
                            	.DEFINE _STD_RampDnDAC2 _SP_RampDnDAC2
                            	
                            	
                            	///////////////////////////////////////////////////////////////////
                            	                
                            	//========================================================================================        
                            	// End of hardware.asm
                            	//========================================================================================
                            	
                            	
                            	
                            	        
                            	        
                            	        
0 error(s), 0 warning(s).


