Sunplus u'nSP Assembler - Ver. 1.14.3.1
              Listing File Has Been Relocated
                            	// GCC for SUNPLUS u'nSP version 1.0.21-3
                            	// Command: D:\PROGRA~1\Sunplus\UNSPID~1.0\cc1.exe C:\DOCUME~1\ZHANGZ~1.YSU\LOCALS~1\Temp\ccGYaaaa.i -fkeep-inline-functions -quiet -dumpbase main.c -mglobal-var-iram -gstabs -Wall -o .\Debug/main.asm
                            		.external __sn_func_ptr_sec
                            	
                            	// gcc2_compiled.:
                            	
00000000                    	.debug
00000000 2E 00 73 00        		.dw '.stabs "F:/abc/exinterrupt/",0x64,0,3,',0,0,offset Ltext0,seg Ltext0,0x0d,0x0a
         74 00 61 00
         62 00 73 00
         20 00 22 00
         46 00 3A 00
         2F 00 61 00
         62 00 63 00
         2F 00 65 00
         78 00 69 00
         6E 00 74 00
         65 00 72 00
         72 00 75 00
         70 00 74 00
         2F 00 22 00
         2C 00 30 00
         78 00 36 00
         34 00 2C 00
         30 00 2C 00
         33 00 2C 00
         00 00 00 00
         00 00 00 00
         0D 00 0A 00
00008053                    	.code
0000002C                    	.debug
0000002C 2E 00 73 00        		.dw '.stabs "F:/abc/exinterrupt/main.c",0x64,0,3,',0,0,offset Ltext0,seg Ltext0,0x0d,0x0a
         74 00 61 00
         62 00 73 00
         20 00 22 00
         46 00 3A 00
         2F 00 61 00
         62 00 63 00
         2F 00 65 00
         78 00 69 00
         6E 00 74 00
         65 00 72 00
         72 00 75 00
         70 00 74 00
         2F 00 6D 00
         61 00 69 00
         6E 00 2E 00
         63 00 22 00
         2C 00 30 00
         78 00 36 00
         34 00 2C 00
         30 00 2C 00
         33 00 2C 00
         00 00 00 00
         00 00 00 00
         0D 00 0A 00
00008053                    	.code
00008053                    	.code
                            	Ltext0:
0000005E                    	.debug
0000005E 2E 00 73 00        		.dw '.stabs "int:t1=r1;-32768;32767;",128,0,0,0',0x0d,0x0a
         74 00 61 00
         62 00 73 00
         20 00 22 00
         69 00 6E 00
         74 00 3A 00
         74 00 31 00
         3D 00 72 00
         31 00 3B 00
         2D 00 33 00
         32 00 37 00
         36 00 38 00
         3B 00 33 00
         32 00 37 00
         36 00 37 00
         3B 00 22 00
         2C 00 31 00
         32 00 38 00
         2C 00 30 00
         2C 00 30 00
         2C 00 30 00
         0D 00 0A 00
00008053                    	.CODE
0000008A                    	.debug
0000008A 2E 00 73 00        		.dw '.stabs "char:t2=r2;0;127;",128,0,0,0',0x0d,0x0a
         74 00 61 00
         62 00 73 00
         20 00 22 00
         63 00 68 00
         61 00 72 00
         3A 00 74 00
         32 00 3D 00
         72 00 32 00
         3B 00 30 00
         3B 00 31 00
         32 00 37 00
         3B 00 22 00
         2C 00 31 00
         32 00 38 00
         2C 00 30 00
         2C 00 30 00
         2C 00 30 00
         0D 00 0A 00
00008053                    	.CODE
000000B0                    	.debug
000000B0 2E 00 73 00        		.dw '.stabs "long int:t3=r3;-2147483648;2147483647;",128,0,0,0',0x0d,0x0a
         74 00 61 00
         62 00 73 00
         20 00 22 00
         6C 00 6F 00
         6E 00 67 00
         20 00 69 00
         6E 00 74 00
         3A 00 74 00
         33 00 3D 00
         72 00 33 00
         3B 00 2D 00
         32 00 31 00
         34 00 37 00
         34 00 38 00
         33 00 36 00
         34 00 38 00
         3B 00 32 00
         31 00 34 00
         37 00 34 00
         38 00 33 00
         36 00 34 00
         37 00 3B 00
         22 00 2C 00
         31 00 32 00
         38 00 2C 00
         30 00 2C 00
         30 00 2C 00
         30 00 0D 00
         0A 00      
00008053                    	.CODE
000000EB                    	.debug
000000EB 2E 00 73 00        		.dw '.stabs "unsigned int:t4=r4;0;65535;",128,0,0,0',0x0d,0x0a
         74 00 61 00
         62 00 73 00
         20 00 22 00
         75 00 6E 00
         73 00 69 00
         67 00 6E 00
         65 00 64 00
         20 00 69 00
         6E 00 74 00
         3A 00 74 00
         34 00 3D 00
         72 00 34 00
         3B 00 30 00
         3B 00 36 00
         35 00 35 00
         33 00 35 00
         3B 00 22 00
         2C 00 31 00
         32 00 38 00
         2C 00 30 00
         2C 00 30 00
         2C 00 30 00
         0D 00 0A 00
00008053                    	.CODE
0000011B                    	.debug
0000011B 2E 00 73 00        		.dw '.stabs "long unsigned int:t5=r5;0;4294967295;",128,0,0,0',0x0d,0x0a
         74 00 61 00
         62 00 73 00
         20 00 22 00
         6C 00 6F 00
         6E 00 67 00
         20 00 75 00
         6E 00 73 00
         69 00 67 00
         6E 00 65 00
         64 00 20 00
         69 00 6E 00
         74 00 3A 00
         74 00 35 00
         3D 00 72 00
         35 00 3B 00
         30 00 3B 00
         34 00 32 00
         39 00 34 00
         39 00 36 00
         37 00 32 00
         39 00 35 00
         3B 00 22 00
         2C 00 31 00
         32 00 38 00
         2C 00 30 00
         2C 00 30 00
         2C 00 30 00
         0D 00 0A 00
00008053                    	.CODE
00000155                    	.debug
00000155 2E 00 73 00        		.dw '.stabs "long long int:t6=r6;-2147483648;2147483647;",128,0,0,0',0x0d,0x0a
         74 00 61 00
         62 00 73 00
         20 00 22 00
         6C 00 6F 00
         6E 00 67 00
         20 00 6C 00
         6F 00 6E 00
         67 00 20 00
         69 00 6E 00
         74 00 3A 00
         74 00 36 00
         3D 00 72 00
         36 00 3B 00
         2D 00 32 00
         31 00 34 00
         37 00 34 00
         38 00 33 00
         36 00 34 00
         38 00 3B 00
         32 00 31 00
         34 00 37 00
         34 00 38 00
         33 00 36 00
         34 00 37 00
         3B 00 22 00
         2C 00 31 00
         32 00 38 00
         2C 00 30 00
         2C 00 30 00
         2C 00 30 00
         0D 00 0A 00
00008053                    	.CODE
00000195                    	.debug
00000195 2E 00 73 00        		.dw '.stabs "long long unsigned int:t7=r7;0;4294967295;",128,0,0,0',0x0d,0x0a
         74 00 61 00
         62 00 73 00
         20 00 22 00
         6C 00 6F 00
         6E 00 67 00
         20 00 6C 00
         6F 00 6E 00
         67 00 20 00
         75 00 6E 00
         73 00 69 00
         67 00 6E 00
         65 00 64 00
         20 00 69 00
         6E 00 74 00
         3A 00 74 00
         37 00 3D 00
         72 00 37 00
         3B 00 30 00
         3B 00 34 00
         32 00 39 00
         34 00 39 00
         36 00 37 00
         32 00 39 00
         35 00 3B 00
         22 00 2C 00
         31 00 32 00
         38 00 2C 00
         30 00 2C 00
         30 00 2C 00
         30 00 0D 00
         0A 00      
00008053                    	.CODE
000001D4                    	.debug
000001D4 2E 00 73 00        		.dw '.stabs "short int:t8=r8;-32768;32767;",128,0,0,0',0x0d,0x0a
         74 00 61 00
         62 00 73 00
         20 00 22 00
         73 00 68 00
         6F 00 72 00
         74 00 20 00
         69 00 6E 00
         74 00 3A 00
         74 00 38 00
         3D 00 72 00
         38 00 3B 00
         2D 00 33 00
         32 00 37 00
         36 00 38 00
         3B 00 33 00
         32 00 37 00
         36 00 37 00
         3B 00 22 00
         2C 00 31 00
         32 00 38 00
         2C 00 30 00
         2C 00 30 00
         2C 00 30 00
         0D 00 0A 00
00008053                    	.CODE
00000206                    	.debug
00000206 2E 00 73 00        		.dw '.stabs "short unsigned int:t9=r9;0;65535;",128,0,0,0',0x0d,0x0a
         74 00 61 00
         62 00 73 00
         20 00 22 00
         73 00 68 00
         6F 00 72 00
         74 00 20 00
         75 00 6E 00
         73 00 69 00
         67 00 6E 00
         65 00 64 00
         20 00 69 00
         6E 00 74 00
         3A 00 74 00
         39 00 3D 00
         72 00 39 00
         3B 00 30 00
         3B 00 36 00
         35 00 35 00
         33 00 35 00
         3B 00 22 00
         2C 00 31 00
         32 00 38 00
         2C 00 30 00
         2C 00 30 00
         2C 00 30 00
         0D 00 0A 00
00008053                    	.CODE
0000023C                    	.debug
0000023C 2E 00 73 00        		.dw '.stabs "signed char:t10=r10;-32768;32767;",128,0,0,0',0x0d,0x0a
         74 00 61 00
         62 00 73 00
         20 00 22 00
         73 00 69 00
         67 00 6E 00
         65 00 64 00
         20 00 63 00
         68 00 61 00
         72 00 3A 00
         74 00 31 00
         30 00 3D 00
         72 00 31 00
         30 00 3B 00
         2D 00 33 00
         32 00 37 00
         36 00 38 00
         3B 00 33 00
         32 00 37 00
         36 00 37 00
         3B 00 22 00
         2C 00 31 00
         32 00 38 00
         2C 00 30 00
         2C 00 30 00
         2C 00 30 00
         0D 00 0A 00
00008053                    	.CODE
00000272                    	.debug
00000272 2E 00 73 00        		.dw '.stabs "unsigned char:t11=r11;0;65535;",128,0,0,0',0x0d,0x0a
         74 00 61 00
         62 00 73 00
         20 00 22 00
         75 00 6E 00
         73 00 69 00
         67 00 6E 00
         65 00 64 00
         20 00 63 00
         68 00 61 00
         72 00 3A 00
         74 00 31 00
         31 00 3D 00
         72 00 31 00
         31 00 3B 00
         30 00 3B 00
         36 00 35 00
         35 00 33 00
         35 00 3B 00
         22 00 2C 00
         31 00 32 00
         38 00 2C 00
         30 00 2C 00
         30 00 2C 00
         30 00 0D 00
         0A 00      
00008053                    	.CODE
000002A5                    	.debug
000002A5 2E 00 73 00        		.dw '.stabs "float:t12=r1;2;0;",128,0,0,0',0x0d,0x0a
         74 00 61 00
         62 00 73 00
         20 00 22 00
         66 00 6C 00
         6F 00 61 00
         74 00 3A 00
         74 00 31 00
         32 00 3D 00
         72 00 31 00
         3B 00 32 00
         3B 00 30 00
         3B 00 22 00
         2C 00 31 00
         32 00 38 00
         2C 00 30 00
         2C 00 30 00
         2C 00 30 00
         0D 00 0A 00
00008053                    	.CODE
000002CB                    	.debug
000002CB 2E 00 73 00        		.dw '.stabs "double:t13=r1;2;0;",128,0,0,0',0x0d,0x0a
         74 00 61 00
         62 00 73 00
         20 00 22 00
         64 00 6F 00
         75 00 62 00
         6C 00 65 00
         3A 00 74 00
         31 00 33 00
         3D 00 72 00
         31 00 3B 00
         32 00 3B 00
         30 00 3B 00
         22 00 2C 00
         31 00 32 00
         38 00 2C 00
         30 00 2C 00
         30 00 2C 00
         30 00 0D 00
         0A 00      
00008053                    	.CODE
000002F2                    	.debug
000002F2 2E 00 73 00        		.dw '.stabs "long double:t14=r1;2;0;",128,0,0,0',0x0d,0x0a
         74 00 61 00
         62 00 73 00
         20 00 22 00
         6C 00 6F 00
         6E 00 67 00
         20 00 64 00
         6F 00 75 00
         62 00 6C 00
         65 00 3A 00
         74 00 31 00
         34 00 3D 00
         72 00 31 00
         3B 00 32 00
         3B 00 30 00
         3B 00 22 00
         2C 00 31 00
         32 00 38 00
         2C 00 30 00
         2C 00 30 00
         2C 00 30 00
         0D 00 0A 00
00008053                    	.CODE
0000031E                    	.debug
0000031E 2E 00 73 00        		.dw '.stabs "complex int:t15=s2real:1,0,16;imag:1,16,16;;",128,0,0,0',0x0d,0x0a
         74 00 61 00
         62 00 73 00
         20 00 22 00
         63 00 6F 00
         6D 00 70 00
         6C 00 65 00
         78 00 20 00
         69 00 6E 00
         74 00 3A 00
         74 00 31 00
         35 00 3D 00
         73 00 32 00
         72 00 65 00
         61 00 6C 00
         3A 00 31 00
         2C 00 30 00
         2C 00 31 00
         36 00 3B 00
         69 00 6D 00
         61 00 67 00
         3A 00 31 00
         2C 00 31 00
         36 00 2C 00
         31 00 36 00
         3B 00 3B 00
         22 00 2C 00
         31 00 32 00
         38 00 2C 00
         30 00 2C 00
         30 00 2C 00
         30 00 0D 00
         0A 00      
00008053                    	.CODE
0000035F                    	.debug
0000035F 2E 00 73 00        		.dw '.stabs "complex float:t16=r16;2;0;",128,0,0,0',0x0d,0x0a
         74 00 61 00
         62 00 73 00
         20 00 22 00
         63 00 6F 00
         6D 00 70 00
         6C 00 65 00
         78 00 20 00
         66 00 6C 00
         6F 00 61 00
         74 00 3A 00
         74 00 31 00
         36 00 3D 00
         72 00 31 00
         36 00 3B 00
         32 00 3B 00
         30 00 3B 00
         22 00 2C 00
         31 00 32 00
         38 00 2C 00
         30 00 2C 00
         30 00 2C 00
         30 00 0D 00
         0A 00      
00008053                    	.CODE
0000038E                    	.debug
0000038E 2E 00 73 00        		.dw '.stabs "complex double:t17=r17;2;0;",128,0,0,0',0x0d,0x0a
         74 00 61 00
         62 00 73 00
         20 00 22 00
         63 00 6F 00
         6D 00 70 00
         6C 00 65 00
         78 00 20 00
         64 00 6F 00
         75 00 62 00
         6C 00 65 00
         3A 00 74 00
         31 00 37 00
         3D 00 72 00
         31 00 37 00
         3B 00 32 00
         3B 00 30 00
         3B 00 22 00
         2C 00 31 00
         32 00 38 00
         2C 00 30 00
         2C 00 30 00
         2C 00 30 00
         0D 00 0A 00
00008053                    	.CODE
000003BE                    	.debug
000003BE 2E 00 73 00        		.dw '.stabs "complex long double:t18=r18;2;0;",128,0,0,0',0x0d,0x0a
         74 00 61 00
         62 00 73 00
         20 00 22 00
         63 00 6F 00
         6D 00 70 00
         6C 00 65 00
         78 00 20 00
         6C 00 6F 00
         6E 00 67 00
         20 00 64 00
         6F 00 75 00
         62 00 6C 00
         65 00 3A 00
         74 00 31 00
         38 00 3D 00
         72 00 31 00
         38 00 3B 00
         32 00 3B 00
         30 00 3B 00
         22 00 2C 00
         31 00 32 00
         38 00 2C 00
         30 00 2C 00
         30 00 2C 00
         30 00 0D 00
         0A 00      
00008053                    	.CODE
000003F3                    	.debug
000003F3 2E 00 73 00        		.dw '.stabs "void:t19=19",128,0,0,0',0x0d,0x0a
         74 00 61 00
         62 00 73 00
         20 00 22 00
         76 00 6F 00
         69 00 64 00
         3A 00 74 00
         31 00 39 00
         3D 00 31 00
         39 00 22 00
         2C 00 31 00
         32 00 38 00
         2C 00 30 00
         2C 00 30 00
         2C 00 30 00
         0D 00 0A 00
00008053                    	.CODE
                            	// ISR ATTRIBUTE FUNCTION, LOCATE in .text SECTION
00008009                    	.text
00000413                    	.debug
00000413 2E 00 73 00        		.dw '.stabs "IRQ3:F19",36,0,0,',0,0,offset _IRQ3,seg _IRQ3,0x0d,0x0a
         74 00 61 00
         62 00 73 00
         20 00 22 00
         49 00 52 00
         51 00 33 00
         3A 00 46 00
         31 00 39 00
         22 00 2C 00
         33 00 36 00
         2C 00 30 00
         2C 00 30 00
         2C 00 00 00
         00 00 00 00
         00 00 0D 00
         0A 00      
00008009                    	.TEXT
                            	.public _IRQ3
                            	_IRQ3:	.proc
00000432                    	.debug
00000432 2E 00 73 00        		.dw '.stabn 0x44,0,4,',0,0
         74 00 61 00
         62 00 6E 00
         20 00 30 00
         78 00 34 00
         34 00 2C 00
         30 00 2C 00
         34 00 2C 00
         00 00 00 00
00000444 00 00 00 00        		.dd LM1-_IRQ3
00000446 0D 00 0A 00        		.dw 0x0d,0x0a
00008009                    	.text
                            	LM1:
                            		// ISR ATTRIBUTE FUNCTION, PUSH r1,bp
00008009 A8 DA              		push r1,bp to [sp]
                            	
                            		// total=1, vars=1
                            		// frame_pointer_needed: 1
0000800A 41 20              		sp-=1
0000800B 08 0B 01 00        		bp=sp+1
                            	
0000800D 0D 03 04 00        		R1=BP+4
00000448                    	.debug
00000448 2E 00 73 00        		.dw '.stabn 0x44,0,5,',0,0
         74 00 61 00
         62 00 6E 00
         20 00 30 00
         78 00 34 00
         34 00 2C 00
         30 00 2C 00
         35 00 2C 00
         00 00 00 00
0000045A 06 00 00 00        		.dd LM2-_IRQ3
0000045C 0D 00 0A 00        		.dw 0x0d,0x0a
0000800F                    	.text
                            	LM2:
                            	LBB2:
0000800F 40 94              		R2=0	// QImode move
00008010 C5 D4              		[BP]=R2	// QImode move
0000045E                    	.debug
0000045E 2E 00 73 00        		.dw '.stabn 0x44,0,7,',0,0
         74 00 61 00
         62 00 6E 00
         20 00 30 00
         78 00 34 00
         34 00 2C 00
         30 00 2C 00
         37 00 2C 00
         00 00 00 00
00000470 08 00 00 00        		.dd LM3-_IRQ3
00000472 0D 00 0A 00        		.dw 0x0d,0x0a
00008011                    	.text
                            	LM3:
00008011 0A 95 00 01        		R2=256	// QImode move
00008013 1A D5 11 70        		[28689]=R2	// QImode move
00000474                    	.debug
00000474 2E 00 73 00        		.dw '.stabn 0x44,0,8,',0,0
         74 00 61 00
         62 00 6E 00
         20 00 30 00
         78 00 34 00
         34 00 2C 00
         30 00 2C 00
         38 00 2C 00
         00 00 00 00
00000486 0C 00 00 00        		.dd LM4-_IRQ3
00000488 0D 00 0A 00        		.dw 0x0d,0x0a
00008015                    	.text
                            	LM4:
00008015 12 95 05 70        		R2=[28677]	// QImode move
00008017 C5 D4              		[BP]=R2	// QImode move
0000048A                    	.debug
0000048A 2E 00 73 00        		.dw '.stabn 0x44,0,9,',0,0
         74 00 61 00
         62 00 6E 00
         20 00 30 00
         78 00 34 00
         34 00 2C 00
         30 00 2C 00
         39 00 2C 00
         00 00 00 00
0000049C 0F 00 00 00        		.dd LM5-_IRQ3
0000049E 0D 00 0A 00        		.dw 0x0d,0x0a
00008018                    	.text
                            	LM5:
00008018 C5 94              		R2=[BP]	// QImode move
00008019 0A B5 F0 00        		R2=R2&240
0000801B C5 D4              		[BP]=R2	// QImode move
000004A0                    	.debug
000004A0 2E 00 73 00        		.dw '.stabn 0x44,0,10,',0,0
         74 00 61 00
         62 00 6E 00
         20 00 30 00
         78 00 34 00
         34 00 2C 00
         30 00 2C 00
         31 00 30 00
         2C 00 00 00
         00 00      
000004B3 13 00 00 00        		.dd LM6-_IRQ3
000004B5 0D 00 0A 00        		.dw 0x0d,0x0a
0000801C                    	.text
                            	LM6:
0000801C C5 94              		R2=[BP]	// QImode move
0000801D 0A 45 F0 00        		CMP R2,240	// QImode compare
0000801F 0D 4E 01 EE        		NSJNZ L3	//QImode NE
         00 EE      
000004B7                    	.debug
000004B7 2E 00 73 00        		.dw '.stabn 0x44,0,12,',0,0
         74 00 61 00
         62 00 6E 00
         20 00 30 00
         78 00 34 00
         34 00 2C 00
         30 00 2C 00
         31 00 32 00
         2C 00 00 00
         00 00      
000004CA 19 00 00 00        		.dd LM7-_IRQ3
000004CC 0D 00 0A 00        		.dw 0x0d,0x0a
00008022                    	.text
                            	LM7:
00008022 0A 65 F1 00        		R2=(-241)	// QImode move
00008024 C5 D4              		[BP]=R2	// QImode move
000004CE                    	.debug
000004CE 2E 00 73 00        		.dw '.stabn 0x44,0,13,',0,0
         74 00 61 00
         62 00 6E 00
         20 00 30 00
         78 00 34 00
         34 00 2C 00
         30 00 2C 00
         31 00 33 00
         2C 00 00 00
         00 00      
000004E1 1C 00 00 00        		.dd LM8-_IRQ3
000004E3 0D 00 0A 00        		.dw 0x0d,0x0a
00008025                    	.text
                            	LM8:
00008025 12 95 05 70        		R2=[28677]	// QImode move
00008027 02 97              		R3=R2	// QImode move
00008028 C5 B6              		R3&=[BP]	// andqi3_r0R
00008029 1B D7 05 70        		[28677]=R3	// QImode move
000004E5                    	.debug
000004E5 2E 00 73 00        		.dw '.stabn 0x44,0,14,',0,0
         74 00 61 00
         62 00 6E 00
         20 00 30 00
         78 00 34 00
         34 00 2C 00
         30 00 2C 00
         31 00 34 00
         2C 00 00 00
         00 00      
000004F8 22 00 00 00        		.dd LM9-_IRQ3
000004FA 0D 00 0A 00        		.dw 0x0d,0x0a
0000802B                    	.text
                            	LM9:
0000802B 0F 9F 33 80        		pc=L4	// Indirect jump
                            	L3:
000004FC                    	.debug
000004FC 2E 00 73 00        		.dw '.stabn 0x44,0,17,',0,0
         74 00 61 00
         62 00 6E 00
         20 00 30 00
         78 00 34 00
         34 00 2C 00
         30 00 2C 00
         31 00 37 00
         2C 00 00 00
         00 00      
0000050F 24 00 00 00        		.dd LM10-_IRQ3
00000511 0D 00 0A 00        		.dw 0x0d,0x0a
0000802D                    	.text
                            	LM10:
0000802D 12 95 05 70        		R2=[28677]	// QImode move
0000802F 0A A7 F0 00        		R3=R2|240
00008031 1B D7 05 70        		[28677]=R3	// QImode move
                            	L4:
00000513                    	.debug
00000513 2E 00 73 00        		.dw '.stabn 0x44,0,19,',0,0
         74 00 61 00
         62 00 6E 00
         20 00 30 00
         78 00 34 00
         34 00 2C 00
         30 00 2C 00
         31 00 39 00
         2C 00 00 00
         00 00      
00000526 2A 00 00 00        		.dd LM11-_IRQ3
00000528 0D 00 0A 00        		.dw 0x0d,0x0a
00008033                    	.text
                            	LM11:
                            	LBE2:
0000052A                    	.debug
0000052A 2E 00 73 00        		.dw '.stabn 0x44,0,19,',0,0
         74 00 61 00
         62 00 6E 00
         20 00 30 00
         78 00 34 00
         34 00 2C 00
         30 00 2C 00
         31 00 39 00
         2C 00 00 00
         00 00      
0000053D 2A 00 00 00        		.dd LM12-_IRQ3
0000053F 0D 00 0A 00        		.dw 0x0d,0x0a
00008033                    	.text
                            	LM12:
                            	L2:
                            	
00008033 41 00              		sp+=1
                            		// ISR ATTRIBUTE FUNCTION, POP r1,bp
00008034 A8 90              		pop r1,bp from [sp]
00008035 98 9A              		reti
                            		.endp	// end of IRQ3
                            	
00000541                    	.debug
00000541 2E 00 73 00        		.dw '.stabn 0xc0,0,0,',0,0
         74 00 61 00
         62 00 6E 00
         20 00 30 00
         78 00 63 00
         30 00 2C 00
         30 00 2C 00
         30 00 2C 00
         00 00 00 00
00000553 06 00 00 00        		.dd LBB2-_IRQ3
00000555 0D 00 0A 00        		.dw 0x0d,0x0a
00008036                    	.text
00000557                    	.debug
00000557 2E 00 73 00        		.dw '.stabs "i:4",128,0,0,0',0x0d,0x0a
         74 00 61 00
         62 00 73 00
         20 00 22 00
         69 00 3A 00
         34 00 22 00
         2C 00 31 00
         32 00 38 00
         2C 00 30 00
         2C 00 30 00
         2C 00 30 00
         0D 00 0A 00
00008036                    	.TEXT
0000056F                    	.debug
0000056F 2E 00 73 00        		.dw '.stabn 0xe0,0,0,',0,0
         74 00 61 00
         62 00 6E 00
         20 00 30 00
         78 00 65 00
         30 00 2C 00
         30 00 2C 00
         30 00 2C 00
         00 00 00 00
00000581 2A 00 00 00        		.dd LBE2-_IRQ3
00000583 0D 00 0A 00        		.dw 0x0d,0x0a
00008036                    	.text
00000585                    	.debug
00000585 2E 00 73 00        		.dw '.stabf ',0,0
         74 00 61 00
         62 00 66 00
         20 00 00 00
         00 00      
0000058E 2D 00 00 00        		.dd LME1-_IRQ3
00000590 0D 00 0A 00        		.dw 0x0d,0x0a
00008036                    	.text
                            	LME1:
00008053                    	.code
00000592                    	.debug
00000592 2E 00 73 00        		.dw '.stabs "main:F1",36,0,0,',0,0,offset _main,seg _main,0x0d,0x0a
         74 00 61 00
         62 00 73 00
         20 00 22 00
         6D 00 61 00
         69 00 6E 00
         3A 00 46 00
         31 00 22 00
         2C 00 33 00
         36 00 2C 00
         30 00 2C 00
         30 00 2C 00
         00 00 00 00
         00 00 00 00
         0D 00 0A 00
00008053                    	.CODE
                            	.public _main
                            	_main:	.proc
000005B0                    	.debug
000005B0 2E 00 73 00        		.dw '.stabn 0x44,0,21,',0,0
         74 00 61 00
         62 00 6E 00
         20 00 30 00
         78 00 34 00
         34 00 2C 00
         30 00 2C 00
         32 00 31 00
         2C 00 00 00
         00 00      
000005C3 00 00 00 00        		.dd LM13-_main
000005C5 0D 00 0A 00        		.dw 0x0d,0x0a
00008053                    	.code
                            	LM13:
                            		// total=0, vars=0
                            		// frame_pointer_needed: 1
00008053 88 DA              		push bp to [sp]
00008054 08 0B 01 00        		bp=sp+1
                            	
00008056 0D 03 03 00        		R1=BP+3
000005C7                    	.debug
000005C7 2E 00 73 00        		.dw '.stabn 0x44,0,22,',0,0
         74 00 61 00
         62 00 6E 00
         20 00 30 00
         78 00 34 00
         34 00 2C 00
         30 00 2C 00
         32 00 32 00
         2C 00 00 00
         00 00      
000005DA 05 00 00 00        		.dd LM14-_main
000005DC 0D 00 0A 00        		.dw 0x0d,0x0a
00008058                    	.code
                            	LM14:
                            	// GCC inline ASM start
00008058 40 F1              		INT OFF
                            	// GCC inline ASM end
000005DE                    	.debug
000005DE 2E 00 73 00        		.dw '.stabn 0x44,0,23,',0,0
         74 00 61 00
         62 00 6E 00
         20 00 30 00
         78 00 34 00
         34 00 2C 00
         30 00 2C 00
         32 00 33 00
         2C 00 00 00
         00 00      
000005F1 06 00 00 00        		.dd LM15-_main
000005F3 0D 00 0A 00        		.dw 0x0d,0x0a
00008059                    	.code
                            	LM15:
00008059 40 94              		R2=0	// QImode move
0000805A 1A D5 09 70        		[28681]=R2	// QImode move
000005F5                    	.debug
000005F5 2E 00 73 00        		.dw '.stabn 0x44,0,24,',0,0
         74 00 61 00
         62 00 6E 00
         20 00 30 00
         78 00 34 00
         34 00 2C 00
         30 00 2C 00
         32 00 34 00
         2C 00 00 00
         00 00      
00000608 09 00 00 00        		.dd LM16-_main
0000060A 0D 00 0A 00        		.dw 0x0d,0x0a
0000805C                    	.code
                            	LM16:
0000805C 0A 95 F0 00        		R2=240	// QImode move
0000805E 1A D5 07 70        		[28679]=R2	// QImode move
0000060C                    	.debug
0000060C 2E 00 73 00        		.dw '.stabn 0x44,0,25,',0,0
         74 00 61 00
         62 00 6E 00
         20 00 30 00
         78 00 34 00
         34 00 2C 00
         30 00 2C 00
         32 00 35 00
         2C 00 00 00
         00 00      
0000061F 0D 00 00 00        		.dd LM17-_main
00000621 0D 00 0A 00        		.dw 0x0d,0x0a
00008060                    	.code
                            	LM17:
00008060 0A 95 F0 00        		R2=240	// QImode move
00008062 1A D5 08 70        		[28680]=R2	// QImode move
00000623                    	.debug
00000623 2E 00 73 00        		.dw '.stabn 0x44,0,26,',0,0
         74 00 61 00
         62 00 6E 00
         20 00 30 00
         78 00 34 00
         34 00 2C 00
         30 00 2C 00
         32 00 36 00
         2C 00 00 00
         00 00      
00000636 11 00 00 00        		.dd LM18-_main
00000638 0D 00 0A 00        		.dw 0x0d,0x0a
00008064                    	.code
                            	LM18:
00008064 4F 94              		R2=15	// QImode move
00008065 1A D5 05 70        		[28677]=R2	// QImode move
0000063A                    	.debug
0000063A 2E 00 73 00        		.dw '.stabn 0x44,0,27,',0,0
         74 00 61 00
         62 00 6E 00
         20 00 30 00
         78 00 34 00
         34 00 2C 00
         30 00 2C 00
         32 00 37 00
         2C 00 00 00
         00 00      
0000064D 14 00 00 00        		.dd LM19-_main
0000064F 0D 00 0A 00        		.dw 0x0d,0x0a
00008067                    	.code
                            	LM19:
00008067 0A 95 00 01        		R2=256	// QImode move
00008069 1A D5 10 70        		[28688]=R2	// QImode move
00000651                    	.debug
00000651 2E 00 73 00        		.dw '.stabn 0x44,0,28,',0,0
         74 00 61 00
         62 00 6E 00
         20 00 30 00
         78 00 34 00
         34 00 2C 00
         30 00 2C 00
         32 00 38 00
         2C 00 00 00
         00 00      
00000664 18 00 00 00        		.dd LM20-_main
00000666 0D 00 0A 00        		.dw 0x0d,0x0a
0000806B                    	.code
                            	LM20:
0000806B 0A 95 00 01        		R2=256	// QImode move
0000806D 1A D5 2D 70        		[28717]=R2	// QImode move
00000668                    	.debug
00000668 2E 00 73 00        		.dw '.stabn 0x44,0,29,',0,0
         74 00 61 00
         62 00 6E 00
         20 00 30 00
         78 00 34 00
         34 00 2C 00
         30 00 2C 00
         32 00 39 00
         2C 00 00 00
         00 00      
0000067B 1C 00 00 00        		.dd LM21-_main
0000067D 0D 00 0A 00        		.dw 0x0d,0x0a
0000806F                    	.code
                            	LM21:
                            	// GCC inline ASM start
0000806F 41 F1              		INT IRQ
                            	// GCC inline ASM end
0000067F                    	.debug
0000067F 2E 00 73 00        		.dw '.stabn 0x44,0,30,',0,0
         74 00 61 00
         62 00 6E 00
         20 00 30 00
         78 00 34 00
         34 00 2C 00
         30 00 2C 00
         33 00 30 00
         2C 00 00 00
         00 00      
00000692 1D 00 00 00        		.dd LM22-_main
00000694 0D 00 0A 00        		.dw 0x0d,0x0a
00008070                    	.code
                            	LM22:
                            	L7:
00008070 0F 9F 74 80        		pc=L9	// Indirect jump
00008072 0F 9F 79 80        		pc=L8	// Indirect jump
                            	L9:
00000696                    	.debug
00000696 2E 00 73 00        		.dw '.stabn 0x44,0,32,',0,0
         74 00 61 00
         62 00 6E 00
         20 00 30 00
         78 00 34 00
         34 00 2C 00
         30 00 2C 00
         33 00 32 00
         2C 00 00 00
         00 00      
000006A9 21 00 00 00        		.dd LM23-_main
000006AB 0D 00 0A 00        		.dw 0x0d,0x0a
00008074                    	.code
                            	LM23:
00008074 41 94              		R2=1	// QImode move
00008075 1A D5 12 70        		[28690]=R2	// QImode move
000006AD                    	.debug
000006AD 2E 00 73 00        		.dw '.stabn 0x44,0,33,',0,0
         74 00 61 00
         62 00 6E 00
         20 00 30 00
         78 00 34 00
         34 00 2C 00
         30 00 2C 00
         33 00 33 00
         2C 00 00 00
         00 00      
000006C0 24 00 00 00        		.dd LM24-_main
000006C2 0D 00 0A 00        		.dw 0x0d,0x0a
00008077                    	.code
                            	LM24:
00008077 0F 9F 70 80        		pc=L7	// Indirect jump
                            	L8:
000006C4                    	.debug
000006C4 2E 00 73 00        		.dw '.stabn 0x44,0,34,',0,0
         74 00 61 00
         62 00 6E 00
         20 00 30 00
         78 00 34 00
         34 00 2C 00
         30 00 2C 00
         33 00 34 00
         2C 00 00 00
         00 00      
000006D7 26 00 00 00        		.dd LM25-_main
000006D9 0D 00 0A 00        		.dw 0x0d,0x0a
00008079                    	.code
                            	LM25:
000006DB                    	.debug
000006DB 2E 00 73 00        		.dw '.stabn 0x44,0,34,',0,0
         74 00 61 00
         62 00 6E 00
         20 00 30 00
         78 00 34 00
         34 00 2C 00
         30 00 2C 00
         33 00 34 00
         2C 00 00 00
         00 00      
000006EE 26 00 00 00        		.dd LM26-_main
000006F0 0D 00 0A 00        		.dw 0x0d,0x0a
00008079                    	.code
                            	LM26:
                            	L6:
                            	
00008079 88 98              		pop bp from [sp]
0000807A 90 9A              		retf
                            		.endp	// end of main
                            	
000006F2                    	.debug
000006F2 2E 00 73 00        		.dw '.stabf ',0,0
         74 00 61 00
         62 00 66 00
         20 00 00 00
         00 00      
000006FB 28 00 00 00        		.dd LME2-_main
000006FD 0D 00 0A 00        		.dw 0x0d,0x0a
0000807B                    	.code
                            	LME2:
                            		.end
0 error(s), 0 warning(s).

