Sunplus u'nSP Assembler - Ver. 1.14.3.1
              Listing File Has Been Relocated
                            	// GCC for SUNPLUS u'nSP version 1.0.21-3
                            	// Command: C:\PROGRA~1\Sunplus\UNSPID~1.0\cc1.exe C:\DOCUME~1\ADMINI~1\LOCALS~1\Temp\ccSIaaaa.i -fkeep-inline-functions -quiet -dumpbase main.c -mglobal-var-iram -gstabs -Wall -o .\Debug/main.asm
                            		.external __sn_func_ptr_sec
                            	
                            	// gcc2_compiled.:
                            	
00000000                    	.debug
00000000 2E 00 73 00        		.dw '.stabs "D:/break/",0x64,0,3,',0,0,offset Ltext0,seg Ltext0,0x0d,0x0a
         74 00 61 00
         62 00 73 00
         20 00 22 00
         44 00 3A 00
         2F 00 62 00
         72 00 65 00
         61 00 6B 00
         2F 00 22 00
         2C 00 30 00
         78 00 36 00
         34 00 2C 00
         30 00 2C 00
         33 00 2C 00
         00 00 00 00
         00 00 00 00
         0D 00 0A 00
00008035                    	.code
00000022                    	.debug
00000022 2E 00 73 00        		.dw '.stabs "D:/break/main.c",0x64,0,3,',0,0,offset Ltext0,seg Ltext0,0x0d,0x0a
         74 00 61 00
         62 00 73 00
         20 00 22 00
         44 00 3A 00
         2F 00 62 00
         72 00 65 00
         61 00 6B 00
         2F 00 6D 00
         61 00 69 00
         6E 00 2E 00
         63 00 22 00
         2C 00 30 00
         78 00 36 00
         34 00 2C 00
         30 00 2C 00
         33 00 2C 00
         00 00 00 00
         00 00 00 00
         0D 00 0A 00
00008035                    	.code
00008035                    	.code
                            	Ltext0:
0000004A                    	.debug
0000004A 2E 00 73 00        		.dw '.stabs "int:t1=r1;-32768;32767;",128,0,0,0',0x0d,0x0a
         74 00 61 00
         62 00 73 00
         20 00 22 00
         69 00 6E 00
         74 00 3A 00
         74 00 31 00
         3D 00 72 00
         31 00 3B 00
         2D 00 33 00
         32 00 37 00
         36 00 38 00
         3B 00 33 00
         32 00 37 00
         36 00 37 00
         3B 00 22 00
         2C 00 31 00
         32 00 38 00
         2C 00 30 00
         2C 00 30 00
         2C 00 30 00
         0D 00 0A 00
00008035                    	.CODE
00000076                    	.debug
00000076 2E 00 73 00        		.dw '.stabs "char:t2=r2;0;127;",128,0,0,0',0x0d,0x0a
         74 00 61 00
         62 00 73 00
         20 00 22 00
         63 00 68 00
         61 00 72 00
         3A 00 74 00
         32 00 3D 00
         72 00 32 00
         3B 00 30 00
         3B 00 31 00
         32 00 37 00
         3B 00 22 00
         2C 00 31 00
         32 00 38 00
         2C 00 30 00
         2C 00 30 00
         2C 00 30 00
         0D 00 0A 00
00008035                    	.CODE
0000009C                    	.debug
0000009C 2E 00 73 00        		.dw '.stabs "long int:t3=r3;-2147483648;2147483647;",128,0,0,0',0x0d,0x0a
         74 00 61 00
         62 00 73 00
         20 00 22 00
         6C 00 6F 00
         6E 00 67 00
         20 00 69 00
         6E 00 74 00
         3A 00 74 00
         33 00 3D 00
         72 00 33 00
         3B 00 2D 00
         32 00 31 00
         34 00 37 00
         34 00 38 00
         33 00 36 00
         34 00 38 00
         3B 00 32 00
         31 00 34 00
         37 00 34 00
         38 00 33 00
         36 00 34 00
         37 00 3B 00
         22 00 2C 00
         31 00 32 00
         38 00 2C 00
         30 00 2C 00
         30 00 2C 00
         30 00 0D 00
         0A 00      
00008035                    	.CODE
000000D7                    	.debug
000000D7 2E 00 73 00        		.dw '.stabs "unsigned int:t4=r4;0;65535;",128,0,0,0',0x0d,0x0a
         74 00 61 00
         62 00 73 00
         20 00 22 00
         75 00 6E 00
         73 00 69 00
         67 00 6E 00
         65 00 64 00
         20 00 69 00
         6E 00 74 00
         3A 00 74 00
         34 00 3D 00
         72 00 34 00
         3B 00 30 00
         3B 00 36 00
         35 00 35 00
         33 00 35 00
         3B 00 22 00
         2C 00 31 00
         32 00 38 00
         2C 00 30 00
         2C 00 30 00
         2C 00 30 00
         0D 00 0A 00
00008035                    	.CODE
00000107                    	.debug
00000107 2E 00 73 00        		.dw '.stabs "long unsigned int:t5=r5;0;4294967295;",128,0,0,0',0x0d,0x0a
         74 00 61 00
         62 00 73 00
         20 00 22 00
         6C 00 6F 00
         6E 00 67 00
         20 00 75 00
         6E 00 73 00
         69 00 67 00
         6E 00 65 00
         64 00 20 00
         69 00 6E 00
         74 00 3A 00
         74 00 35 00
         3D 00 72 00
         35 00 3B 00
         30 00 3B 00
         34 00 32 00
         39 00 34 00
         39 00 36 00
         37 00 32 00
         39 00 35 00
         3B 00 22 00
         2C 00 31 00
         32 00 38 00
         2C 00 30 00
         2C 00 30 00
         2C 00 30 00
         0D 00 0A 00
00008035                    	.CODE
00000141                    	.debug
00000141 2E 00 73 00        		.dw '.stabs "long long int:t6=r6;-2147483648;2147483647;",128,0,0,0',0x0d,0x0a
         74 00 61 00
         62 00 73 00
         20 00 22 00
         6C 00 6F 00
         6E 00 67 00
         20 00 6C 00
         6F 00 6E 00
         67 00 20 00
         69 00 6E 00
         74 00 3A 00
         74 00 36 00
         3D 00 72 00
         36 00 3B 00
         2D 00 32 00
         31 00 34 00
         37 00 34 00
         38 00 33 00
         36 00 34 00
         38 00 3B 00
         32 00 31 00
         34 00 37 00
         34 00 38 00
         33 00 36 00
         34 00 37 00
         3B 00 22 00
         2C 00 31 00
         32 00 38 00
         2C 00 30 00
         2C 00 30 00
         2C 00 30 00
         0D 00 0A 00
00008035                    	.CODE
00000181                    	.debug
00000181 2E 00 73 00        		.dw '.stabs "long long unsigned int:t7=r7;0;4294967295;",128,0,0,0',0x0d,0x0a
         74 00 61 00
         62 00 73 00
         20 00 22 00
         6C 00 6F 00
         6E 00 67 00
         20 00 6C 00
         6F 00 6E 00
         67 00 20 00
         75 00 6E 00
         73 00 69 00
         67 00 6E 00
         65 00 64 00
         20 00 69 00
         6E 00 74 00
         3A 00 74 00
         37 00 3D 00
         72 00 37 00
         3B 00 30 00
         3B 00 34 00
         32 00 39 00
         34 00 39 00
         36 00 37 00
         32 00 39 00
         35 00 3B 00
         22 00 2C 00
         31 00 32 00
         38 00 2C 00
         30 00 2C 00
         30 00 2C 00
         30 00 0D 00
         0A 00      
00008035                    	.CODE
000001C0                    	.debug
000001C0 2E 00 73 00        		.dw '.stabs "short int:t8=r8;-32768;32767;",128,0,0,0',0x0d,0x0a
         74 00 61 00
         62 00 73 00
         20 00 22 00
         73 00 68 00
         6F 00 72 00
         74 00 20 00
         69 00 6E 00
         74 00 3A 00
         74 00 38 00
         3D 00 72 00
         38 00 3B 00
         2D 00 33 00
         32 00 37 00
         36 00 38 00
         3B 00 33 00
         32 00 37 00
         36 00 37 00
         3B 00 22 00
         2C 00 31 00
         32 00 38 00
         2C 00 30 00
         2C 00 30 00
         2C 00 30 00
         0D 00 0A 00
00008035                    	.CODE
000001F2                    	.debug
000001F2 2E 00 73 00        		.dw '.stabs "short unsigned int:t9=r9;0;65535;",128,0,0,0',0x0d,0x0a
         74 00 61 00
         62 00 73 00
         20 00 22 00
         73 00 68 00
         6F 00 72 00
         74 00 20 00
         75 00 6E 00
         73 00 69 00
         67 00 6E 00
         65 00 64 00
         20 00 69 00
         6E 00 74 00
         3A 00 74 00
         39 00 3D 00
         72 00 39 00
         3B 00 30 00
         3B 00 36 00
         35 00 35 00
         33 00 35 00
         3B 00 22 00
         2C 00 31 00
         32 00 38 00
         2C 00 30 00
         2C 00 30 00
         2C 00 30 00
         0D 00 0A 00
00008035                    	.CODE
00000228                    	.debug
00000228 2E 00 73 00        		.dw '.stabs "signed char:t10=r10;-32768;32767;",128,0,0,0',0x0d,0x0a
         74 00 61 00
         62 00 73 00
         20 00 22 00
         73 00 69 00
         67 00 6E 00
         65 00 64 00
         20 00 63 00
         68 00 61 00
         72 00 3A 00
         74 00 31 00
         30 00 3D 00
         72 00 31 00
         30 00 3B 00
         2D 00 33 00
         32 00 37 00
         36 00 38 00
         3B 00 33 00
         32 00 37 00
         36 00 37 00
         3B 00 22 00
         2C 00 31 00
         32 00 38 00
         2C 00 30 00
         2C 00 30 00
         2C 00 30 00
         0D 00 0A 00
00008035                    	.CODE
0000025E                    	.debug
0000025E 2E 00 73 00        		.dw '.stabs "unsigned char:t11=r11;0;65535;",128,0,0,0',0x0d,0x0a
         74 00 61 00
         62 00 73 00
         20 00 22 00
         75 00 6E 00
         73 00 69 00
         67 00 6E 00
         65 00 64 00
         20 00 63 00
         68 00 61 00
         72 00 3A 00
         74 00 31 00
         31 00 3D 00
         72 00 31 00
         31 00 3B 00
         30 00 3B 00
         36 00 35 00
         35 00 33 00
         35 00 3B 00
         22 00 2C 00
         31 00 32 00
         38 00 2C 00
         30 00 2C 00
         30 00 2C 00
         30 00 0D 00
         0A 00      
00008035                    	.CODE
00000291                    	.debug
00000291 2E 00 73 00        		.dw '.stabs "float:t12=r1;2;0;",128,0,0,0',0x0d,0x0a
         74 00 61 00
         62 00 73 00
         20 00 22 00
         66 00 6C 00
         6F 00 61 00
         74 00 3A 00
         74 00 31 00
         32 00 3D 00
         72 00 31 00
         3B 00 32 00
         3B 00 30 00
         3B 00 22 00
         2C 00 31 00
         32 00 38 00
         2C 00 30 00
         2C 00 30 00
         2C 00 30 00
         0D 00 0A 00
00008035                    	.CODE
000002B7                    	.debug
000002B7 2E 00 73 00        		.dw '.stabs "double:t13=r1;2;0;",128,0,0,0',0x0d,0x0a
         74 00 61 00
         62 00 73 00
         20 00 22 00
         64 00 6F 00
         75 00 62 00
         6C 00 65 00
         3A 00 74 00
         31 00 33 00
         3D 00 72 00
         31 00 3B 00
         32 00 3B 00
         30 00 3B 00
         22 00 2C 00
         31 00 32 00
         38 00 2C 00
         30 00 2C 00
         30 00 2C 00
         30 00 0D 00
         0A 00      
00008035                    	.CODE
000002DE                    	.debug
000002DE 2E 00 73 00        		.dw '.stabs "long double:t14=r1;2;0;",128,0,0,0',0x0d,0x0a
         74 00 61 00
         62 00 73 00
         20 00 22 00
         6C 00 6F 00
         6E 00 67 00
         20 00 64 00
         6F 00 75 00
         62 00 6C 00
         65 00 3A 00
         74 00 31 00
         34 00 3D 00
         72 00 31 00
         3B 00 32 00
         3B 00 30 00
         3B 00 22 00
         2C 00 31 00
         32 00 38 00
         2C 00 30 00
         2C 00 30 00
         2C 00 30 00
         0D 00 0A 00
00008035                    	.CODE
0000030A                    	.debug
0000030A 2E 00 73 00        		.dw '.stabs "complex int:t15=s2real:1,0,16;imag:1,16,16;;",128,0,0,0',0x0d,0x0a
         74 00 61 00
         62 00 73 00
         20 00 22 00
         63 00 6F 00
         6D 00 70 00
         6C 00 65 00
         78 00 20 00
         69 00 6E 00
         74 00 3A 00
         74 00 31 00
         35 00 3D 00
         73 00 32 00
         72 00 65 00
         61 00 6C 00
         3A 00 31 00
         2C 00 30 00
         2C 00 31 00
         36 00 3B 00
         69 00 6D 00
         61 00 67 00
         3A 00 31 00
         2C 00 31 00
         36 00 2C 00
         31 00 36 00
         3B 00 3B 00
         22 00 2C 00
         31 00 32 00
         38 00 2C 00
         30 00 2C 00
         30 00 2C 00
         30 00 0D 00
         0A 00      
00008035                    	.CODE
0000034B                    	.debug
0000034B 2E 00 73 00        		.dw '.stabs "complex float:t16=r16;2;0;",128,0,0,0',0x0d,0x0a
         74 00 61 00
         62 00 73 00
         20 00 22 00
         63 00 6F 00
         6D 00 70 00
         6C 00 65 00
         78 00 20 00
         66 00 6C 00
         6F 00 61 00
         74 00 3A 00
         74 00 31 00
         36 00 3D 00
         72 00 31 00
         36 00 3B 00
         32 00 3B 00
         30 00 3B 00
         22 00 2C 00
         31 00 32 00
         38 00 2C 00
         30 00 2C 00
         30 00 2C 00
         30 00 0D 00
         0A 00      
00008035                    	.CODE
0000037A                    	.debug
0000037A 2E 00 73 00        		.dw '.stabs "complex double:t17=r17;2;0;",128,0,0,0',0x0d,0x0a
         74 00 61 00
         62 00 73 00
         20 00 22 00
         63 00 6F 00
         6D 00 70 00
         6C 00 65 00
         78 00 20 00
         64 00 6F 00
         75 00 62 00
         6C 00 65 00
         3A 00 74 00
         31 00 37 00
         3D 00 72 00
         31 00 37 00
         3B 00 32 00
         3B 00 30 00
         3B 00 22 00
         2C 00 31 00
         32 00 38 00
         2C 00 30 00
         2C 00 30 00
         2C 00 30 00
         0D 00 0A 00
00008035                    	.CODE
000003AA                    	.debug
000003AA 2E 00 73 00        		.dw '.stabs "complex long double:t18=r18;2;0;",128,0,0,0',0x0d,0x0a
         74 00 61 00
         62 00 73 00
         20 00 22 00
         63 00 6F 00
         6D 00 70 00
         6C 00 65 00
         78 00 20 00
         6C 00 6F 00
         6E 00 67 00
         20 00 64 00
         6F 00 75 00
         62 00 6C 00
         65 00 3A 00
         74 00 31 00
         38 00 3D 00
         72 00 31 00
         38 00 3B 00
         32 00 3B 00
         30 00 3B 00
         22 00 2C 00
         31 00 32 00
         38 00 2C 00
         30 00 2C 00
         30 00 2C 00
         30 00 0D 00
         0A 00      
00008035                    	.CODE
000003DF                    	.debug
000003DF 2E 00 73 00        		.dw '.stabs "void:t19=19",128,0,0,0',0x0d,0x0a
         74 00 61 00
         62 00 73 00
         20 00 22 00
         76 00 6F 00
         69 00 64 00
         3A 00 74 00
         31 00 39 00
         3D 00 31 00
         39 00 22 00
         2C 00 31 00
         32 00 38 00
         2C 00 30 00
         2C 00 30 00
         2C 00 30 00
         0D 00 0A 00
00008035                    	.CODE
                            	.public _flag
00000001                    	.iram
                            	_flag:
00000001 01 00              		.dw 1
000003FF                    	.debug
000003FF 2E 00 73 00        		.dw '.stabs "flag:G11",32,0,0,',0,0,offset _flag,seg _flag,0x0d,0x0a
         74 00 61 00
         62 00 73 00
         20 00 22 00
         66 00 6C 00
         61 00 67 00
         3A 00 47 00
         31 00 31 00
         22 00 2C 00
         33 00 32 00
         2C 00 30 00
         2C 00 30 00
         2C 00 00 00
         00 00 00 00
         00 00 0D 00
         0A 00      
00008035                    	.CODE
00008035                    	.code
0000041E                    	.debug
0000041E 2E 00 73 00        		.dw '.stabs "fun:F19",36,0,0,',0,0,offset _fun,seg _fun,0x0d,0x0a
         74 00 61 00
         62 00 73 00
         20 00 22 00
         66 00 75 00
         6E 00 3A 00
         46 00 31 00
         39 00 22 00
         2C 00 33 00
         36 00 2C 00
         30 00 2C 00
         30 00 2C 00
         00 00 00 00
         00 00 00 00
         0D 00 0A 00
00008035                    	.CODE
                            	.public _fun
                            	_fun:	.proc
0000043C                    	.debug
0000043C 2E 00 73 00        		.dw '.stabn 0x44,0,7,',0,0
         74 00 61 00
         62 00 6E 00
         20 00 30 00
         78 00 34 00
         34 00 2C 00
         30 00 2C 00
         37 00 2C 00
         00 00 00 00
0000044E 00 00 00 00        		.dd LM1-_fun
00000450 0D 00 0A 00        		.dw 0x0d,0x0a
00008035                    	.code
                            	LM1:
                            		// total=0, vars=0
                            		// frame_pointer_needed: 1
00008035 88 DA              		push bp to [sp]
00008036 08 0B 01 00        		bp=sp+1
                            	
00008038 0D 03 03 00        		R1=BP+3
00000452                    	.debug
00000452 2E 00 73 00        		.dw '.stabn 0x44,0,8,',0,0
         74 00 61 00
         62 00 6E 00
         20 00 30 00
         78 00 34 00
         34 00 2C 00
         30 00 2C 00
         38 00 2C 00
         00 00 00 00
00000464 05 00 00 00        		.dd LM2-_fun
00000466 0D 00 0A 00        		.dw 0x0d,0x0a
0000803A                    	.code
                            	LM2:
                            	L3:
0000803A 0F 9F 3E 80        		pc=L5	// Indirect jump
0000803C 0F 9F 47 80        		pc=L4	// Indirect jump
                            	L5:
00000468                    	.debug
00000468 2E 00 73 00        		.dw '.stabn 0x44,0,10,',0,0
         74 00 61 00
         62 00 6E 00
         20 00 30 00
         78 00 34 00
         34 00 2C 00
         30 00 2C 00
         31 00 30 00
         2C 00 00 00
         00 00      
0000047B 09 00 00 00        		.dd LM3-_fun
0000047D 0D 00 0A 00        		.dw 0x0d,0x0a
0000803E                    	.code
                            	LM3:
0000803E 41 94              		R2=1	// QImode move
0000803F 1A D5 12 70        		[28690]=R2	// QImode move
0000047F                    	.debug
0000047F 2E 00 73 00        		.dw '.stabn 0x44,0,11,',0,0
         74 00 61 00
         62 00 6E 00
         20 00 30 00
         78 00 34 00
         34 00 2C 00
         30 00 2C 00
         31 00 31 00
         2C 00 00 00
         00 00      
00000492 0C 00 00 00        		.dd LM4-_fun
00000494 0D 00 0A 00        		.dw 0x0d,0x0a
00008041                    	.code
                            	LM4:
00008041 41 94              		R2=1	// QImode move
00008042 1A D5 01 00        		[_flag]=R2	// QImode move
00000496                    	.debug
00000496 2E 00 73 00        		.dw '.stabn 0x44,0,12,',0,0
         74 00 61 00
         62 00 6E 00
         20 00 30 00
         78 00 34 00
         34 00 2C 00
         30 00 2C 00
         31 00 32 00
         2C 00 00 00
         00 00      
000004A9 0F 00 00 00        		.dd LM5-_fun
000004AB 0D 00 0A 00        		.dw 0x0d,0x0a
00008044                    	.code
                            	LM5:
                            	// GCC inline ASM start
00008044 60 F1              		break
                            	// GCC inline ASM end
000004AD                    	.debug
000004AD 2E 00 73 00        		.dw '.stabn 0x44,0,13,',0,0
         74 00 61 00
         62 00 6E 00
         20 00 30 00
         78 00 34 00
         34 00 2C 00
         30 00 2C 00
         31 00 33 00
         2C 00 00 00
         00 00      
000004C0 10 00 00 00        		.dd LM6-_fun
000004C2 0D 00 0A 00        		.dw 0x0d,0x0a
00008045                    	.code
                            	LM6:
00008045 0F 9F 3A 80        		pc=L3	// Indirect jump
                            	L4:
000004C4                    	.debug
000004C4 2E 00 73 00        		.dw '.stabn 0x44,0,14,',0,0
         74 00 61 00
         62 00 6E 00
         20 00 30 00
         78 00 34 00
         34 00 2C 00
         30 00 2C 00
         31 00 34 00
         2C 00 00 00
         00 00      
000004D7 12 00 00 00        		.dd LM7-_fun
000004D9 0D 00 0A 00        		.dw 0x0d,0x0a
00008047                    	.code
                            	LM7:
000004DB                    	.debug
000004DB 2E 00 73 00        		.dw '.stabn 0x44,0,14,',0,0
         74 00 61 00
         62 00 6E 00
         20 00 30 00
         78 00 34 00
         34 00 2C 00
         30 00 2C 00
         31 00 34 00
         2C 00 00 00
         00 00      
000004EE 12 00 00 00        		.dd LM8-_fun
000004F0 0D 00 0A 00        		.dw 0x0d,0x0a
00008047                    	.code
                            	LM8:
                            	L2:
                            	
00008047 88 98              		pop bp from [sp]
00008048 90 9A              		retf
                            		.endp	// end of fun
                            	
000004F2                    	.debug
000004F2 2E 00 73 00        		.dw '.stabf ',0,0
         74 00 61 00
         62 00 66 00
         20 00 00 00
         00 00      
000004FB 14 00 00 00        		.dd LME1-_fun
000004FD 0D 00 0A 00        		.dw 0x0d,0x0a
00008049                    	.code
                            	LME1:
00008049                    	.code
000004FF                    	.debug
000004FF 2E 00 73 00        		.dw '.stabs "fun2:F19",36,0,0,',0,0,offset _fun2,seg _fun2,0x0d,0x0a
         74 00 61 00
         62 00 73 00
         20 00 22 00
         66 00 75 00
         6E 00 32 00
         3A 00 46 00
         31 00 39 00
         22 00 2C 00
         33 00 36 00
         2C 00 30 00
         2C 00 30 00
         2C 00 00 00
         00 00 14 00
         00 00 0D 00
         0A 00      
00008049                    	.CODE
                            	.public _fun2
                            	_fun2:	.proc
0000051E                    	.debug
0000051E 2E 00 73 00        		.dw '.stabn 0x44,0,16,',0,0
         74 00 61 00
         62 00 6E 00
         20 00 30 00
         78 00 34 00
         34 00 2C 00
         30 00 2C 00
         31 00 36 00
         2C 00 00 00
         00 00      
00000531 00 00 00 00        		.dd LM9-_fun2
00000533 0D 00 0A 00        		.dw 0x0d,0x0a
00008049                    	.code
                            	LM9:
                            		// total=0, vars=0
                            		// frame_pointer_needed: 1
00008049 88 DA              		push bp to [sp]
0000804A 08 0B 01 00        		bp=sp+1
                            	
0000804C 0D 03 03 00        		R1=BP+3
00000535                    	.debug
00000535 2E 00 73 00        		.dw '.stabn 0x44,0,17,',0,0
         74 00 61 00
         62 00 6E 00
         20 00 30 00
         78 00 34 00
         34 00 2C 00
         30 00 2C 00
         31 00 37 00
         2C 00 00 00
         00 00      
00000548 05 00 00 00        		.dd LM10-_fun2
0000054A 0D 00 0A 00        		.dw 0x0d,0x0a
0000804E                    	.code
                            	LM10:
                            	L7:
0000804E 0F 9F 52 80        		pc=L9	// Indirect jump
00008050 0F 9F 5B 80        		pc=L8	// Indirect jump
                            	L9:
0000054C                    	.debug
0000054C 2E 00 73 00        		.dw '.stabn 0x44,0,19,',0,0
         74 00 61 00
         62 00 6E 00
         20 00 30 00
         78 00 34 00
         34 00 2C 00
         30 00 2C 00
         31 00 39 00
         2C 00 00 00
         00 00      
0000055F 09 00 00 00        		.dd LM11-_fun2
00000561 0D 00 0A 00        		.dw 0x0d,0x0a
00008052                    	.code
                            	LM11:
00008052 41 94              		R2=1	// QImode move
00008053 1A D5 12 70        		[28690]=R2	// QImode move
00000563                    	.debug
00000563 2E 00 73 00        		.dw '.stabn 0x44,0,20,',0,0
         74 00 61 00
         62 00 6E 00
         20 00 30 00
         78 00 34 00
         34 00 2C 00
         30 00 2C 00
         32 00 30 00
         2C 00 00 00
         00 00      
00000576 0C 00 00 00        		.dd LM12-_fun2
00000578 0D 00 0A 00        		.dw 0x0d,0x0a
00008055                    	.code
                            	LM12:
00008055 42 94              		R2=2	// QImode move
00008056 1A D5 01 00        		[_flag]=R2	// QImode move
0000057A                    	.debug
0000057A 2E 00 73 00        		.dw '.stabn 0x44,0,21,',0,0
         74 00 61 00
         62 00 6E 00
         20 00 30 00
         78 00 34 00
         34 00 2C 00
         30 00 2C 00
         32 00 31 00
         2C 00 00 00
         00 00      
0000058D 0F 00 00 00        		.dd LM13-_fun2
0000058F 0D 00 0A 00        		.dw 0x0d,0x0a
00008058                    	.code
                            	LM13:
                            	// GCC inline ASM start
00008058 60 F1              		break
                            	// GCC inline ASM end
00000591                    	.debug
00000591 2E 00 73 00        		.dw '.stabn 0x44,0,22,',0,0
         74 00 61 00
         62 00 6E 00
         20 00 30 00
         78 00 34 00
         34 00 2C 00
         30 00 2C 00
         32 00 32 00
         2C 00 00 00
         00 00      
000005A4 10 00 00 00        		.dd LM14-_fun2
000005A6 0D 00 0A 00        		.dw 0x0d,0x0a
00008059                    	.code
                            	LM14:
00008059 0F 9F 4E 80        		pc=L7	// Indirect jump
                            	L8:
000005A8                    	.debug
000005A8 2E 00 73 00        		.dw '.stabn 0x44,0,23,',0,0
         74 00 61 00
         62 00 6E 00
         20 00 30 00
         78 00 34 00
         34 00 2C 00
         30 00 2C 00
         32 00 33 00
         2C 00 00 00
         00 00      
000005BB 12 00 00 00        		.dd LM15-_fun2
000005BD 0D 00 0A 00        		.dw 0x0d,0x0a
0000805B                    	.code
                            	LM15:
000005BF                    	.debug
000005BF 2E 00 73 00        		.dw '.stabn 0x44,0,23,',0,0
         74 00 61 00
         62 00 6E 00
         20 00 30 00
         78 00 34 00
         34 00 2C 00
         30 00 2C 00
         32 00 33 00
         2C 00 00 00
         00 00      
000005D2 12 00 00 00        		.dd LM16-_fun2
000005D4 0D 00 0A 00        		.dw 0x0d,0x0a
0000805B                    	.code
                            	LM16:
                            	L6:
                            	
0000805B 88 98              		pop bp from [sp]
0000805C 90 9A              		retf
                            		.endp	// end of fun2
                            	
000005D6                    	.debug
000005D6 2E 00 73 00        		.dw '.stabf ',0,0
         74 00 61 00
         62 00 66 00
         20 00 00 00
         00 00      
000005DF 14 00 00 00        		.dd LME2-_fun2
000005E1 0D 00 0A 00        		.dw 0x0d,0x0a
0000805D                    	.code
                            	LME2:
0000805D                    	.code
000005E3                    	.debug
000005E3 2E 00 73 00        		.dw '.stabs "main:F1",36,0,0,',0,0,offset _main,seg _main,0x0d,0x0a
         74 00 61 00
         62 00 73 00
         20 00 22 00
         6D 00 61 00
         69 00 6E 00
         3A 00 46 00
         31 00 22 00
         2C 00 33 00
         36 00 2C 00
         30 00 2C 00
         30 00 2C 00
         00 00 00 00
         28 00 00 00
         0D 00 0A 00
0000805D                    	.CODE
                            	.public _main
                            	_main:	.proc
00000601                    	.debug
00000601 2E 00 73 00        		.dw '.stabn 0x44,0,25,',0,0
         74 00 61 00
         62 00 6E 00
         20 00 30 00
         78 00 34 00
         34 00 2C 00
         30 00 2C 00
         32 00 35 00
         2C 00 00 00
         00 00      
00000614 00 00 00 00        		.dd LM17-_main
00000616 0D 00 0A 00        		.dw 0x0d,0x0a
0000805D                    	.code
                            	LM17:
                            		// total=1, vars=1
                            		// frame_pointer_needed: 1
0000805D 88 DA              		push bp to [sp]
0000805E 41 20              		sp-=1
0000805F 08 0B 01 00        		bp=sp+1
                            	
00008061 0D 03 04 00        		R1=BP+4
00008063 C5 D2              		[BP]=R1	// QImode move
00000618                    	.debug
00000618 2E 00 73 00        		.dw '.stabn 0x44,0,26,',0,0
         74 00 61 00
         62 00 6E 00
         20 00 30 00
         78 00 34 00
         34 00 2C 00
         30 00 2C 00
         32 00 36 00
         2C 00 00 00
         00 00      
0000062B 07 00 00 00        		.dd LM18-_main
0000062D 0D 00 0A 00        		.dw 0x0d,0x0a
00008064                    	.code
                            	LM18:
00008064 40 F0 35 80        		call _fun	// call without return value
0000062F                    	.debug
0000062F 2E 00 73 00        		.dw '.stabn 0x44,0,27,',0,0
         74 00 61 00
         62 00 6E 00
         20 00 30 00
         78 00 34 00
         34 00 2C 00
         30 00 2C 00
         32 00 37 00
         2C 00 00 00
         00 00      
00000642 09 00 00 00        		.dd LM19-_main
00000644 0D 00 0A 00        		.dw 0x0d,0x0a
00008066                    	.code
                            	LM19:
00000646                    	.debug
00000646 2E 00 73 00        		.dw '.stabn 0x44,0,27,',0,0
         74 00 61 00
         62 00 6E 00
         20 00 30 00
         78 00 34 00
         34 00 2C 00
         30 00 2C 00
         32 00 37 00
         2C 00 00 00
         00 00      
00000659 09 00 00 00        		.dd LM20-_main
0000065B 0D 00 0A 00        		.dw 0x0d,0x0a
00008066                    	.code
                            	LM20:
                            	L10:
                            	
00008066 41 00              		sp+=1
00008067 88 98              		pop bp from [sp]
00008068 90 9A              		retf
                            		.endp	// end of main
                            	
0000065D                    	.debug
0000065D 2E 00 73 00        		.dw '.stabf ',0,0
         74 00 61 00
         62 00 66 00
         20 00 00 00
         00 00      
00000666 0C 00 00 00        		.dd LME3-_main
00000668 0D 00 0A 00        		.dw 0x0d,0x0a
00008069                    	.code
                            	LME3:
                            		.end
0 error(s), 0 warning(s).


