C51 COMPILER V7.06   MAIN                                                                  12/17/2008 13:37:28 PAGE 1   


C51 COMPILER V7.06, COMPILATION OF MODULE MAIN
OBJECT MODULE PLACED IN main.OBJ
COMPILER INVOKED BY: d:\Program Files\Keil\C51\BIN\C51.EXE main.c BROWSE DEBUG OBJECTEXTEND

stmt level    source

   1          #include <at89x51.h>
   2          unsigned char t[]={0x01,0x03,0x02,0x06,0x04,0x0c,0x08,0x09};
   3          void delay(void)
   4          {
   5   1              unsigned char i,j;
   6   1              for(i=255;i;i--)
   7   1                      for(j=20;j;j--);
   8   1      }
   9          
  10          void main(void)
  11          {
  12   1              unsigned char i=0;
  13   1              while(1)
  14   1              {
  15   2                      P2=t[i++];
  16   2                      delay();
  17   2                      delay();
  18   2                      i%=8;
  19   2              }
  20   1      }


MODULE INFORMATION:   STATIC OVERLAYABLE
   CODE SIZE        =     32    ----
   CONSTANT SIZE    =   ----    ----
   XDATA SIZE       =   ----    ----
   PDATA SIZE       =   ----    ----
   DATA SIZE        =      8    ----
   IDATA SIZE       =   ----    ----
   BIT SIZE         =   ----    ----
END OF MODULE INFORMATION.


C51 COMPILATION COMPLETE.  0 WARNING(S),  0 ERROR(S)
