###############################################################################
#                                                                             #
#                                                       02/Mar/2012  23:24:06 #
# IAR C/C++ Compiler V5.30.3.20305/W32, Evaluation edition for MSP430         #
# Copyright 1996-2011 IAR Systems AB.                                         #
#                                                                             #
#    __rt_version  =  3                                                       #
#    __double_size =  32                                                      #
#    __reg_r4      =  free                                                    #
#    __reg_r5      =  free                                                    #
#    __pic         =  no                                                      #
#    __core        =  430                                                     #
#    Source file   =  E:\AllProject\430\G2231_Self\main.c                     #
#    Command line  =  E:\AllProject\430\G2231_Self\main.c --preprocess=cl     #
#                     E:\AllProject\430\G2231_Self\Debug\List\ -lC            #
#                     E:\AllProject\430\G2231_Self\Debug\List\ -lA            #
#                     E:\AllProject\430\G2231_Self\Debug\List\ -o             #
#                     E:\AllProject\430\G2231_Self\Debug\Obj\ --no_cse        #
#                     --no_unroll --no_inline --no_code_motion --no_tbaa      #
#                     --debug -D__MSP430G2231__ -e --double=32 --dlib_config  #
#                     "D:\Program Files\IAR Systems\Embedded Workbench 6.0    #
#                     Evaluation\430\LIB\DLIB\dl430fn.h" -Ol                  #
#    List file     =  E:\AllProject\430\G2231_Self\Debug\List\main.lst        #
#    Object file   =  E:\AllProject\430\G2231_Self\Debug\Obj\main.r43         #
#                                                                             #
#                                                                             #
###############################################################################

E:\AllProject\430\G2231_Self\main.c
      1          #include "io430.h"

   \                                 In  segment DATA16_AN, at 0x20
   \   union <unnamed> volatile _A_P1IN
   \                     _A_P1IN:
   \   000000                DS8 1

   \                                 In  segment DATA16_AN, at 0x21
   \   union <unnamed> volatile _A_P1OUT
   \                     _A_P1OUT:
   \   000000                DS8 1

   \                                 In  segment DATA16_AN, at 0x22
   \   union <unnamed> volatile _A_P1DIR
   \                     _A_P1DIR:
   \   000000                DS8 1

   \                                 In  segment DATA16_AN, at 0x120
   \   union <unnamed> volatile _A_WDTCTL
   \                     _A_WDTCTL:
   \   000000                DS8 2

   \                                 In  segment CODE, align 2
      2          void delay(unsigned int t)
   \                     delay:
   \                     ??delay_0:
      3          {
      4          	while(t--);
   \   000000   0F4C         MOV.W   R12, R15
   \   000002   0C4F         MOV.W   R15, R12
   \   000004   3C53         ADD.W   #0xffff, R12
   \   000006   0F93         CMP.W   #0x0, R15
   \   000008   FB23         JNE     ??delay_0
      5          }
   \   00000A   3041         RET

   \                                 In  segment CODE, align 2
      6          int main( void )
   \                     main:
      7          {
      8          	// Stop watchdog timer to prevent time out reset
      9          	WDTCTL = WDTPW + WDTHOLD;
   \   000000   B240805A2001 MOV.W   #0x5a80, &0x120
     10          	P1DIR|=0x41;
   \   000006   F2D041002200 BIS.B   #0x41, &0x22
     11          	
     12          	while(1)
     13          	{
     14          		if(!(P1IN&0x08))//如果S2按下
   \                     ??main_0:
   \   00000C   F2B22000     BIT.B   #0x8, &0x20
   \   000010   FD2F         JC      ??main_0
     15          		{
     16          			P1OUT|=0x40;
   \   000012   F2D040002100 BIS.B   #0x40, &0x21
     17          			P1OUT&=~0x01;
   \   000018   D2C32100     BIC.B   #0x1, &0x21
     18          			delay(15000);
   \   00001C   3C40983A     MOV.W   #0x3a98, R12
   \   000020   B012....     CALL    #delay
     19          			P1OUT|=0x01;
   \   000024   D2D32100     BIS.B   #0x1, &0x21
     20          			P1OUT&=~0x40;
   \   000028   F2C040002100 BIC.B   #0x40, &0x21
     21          			delay(15000);
   \   00002E   3C40983A     MOV.W   #0x3a98, R12
   \   000032   B012....     CALL    #delay
   \   000036   EA3F         JMP     ??main_0
   \   000038                REQUIRE _A_WDTCTL
   \   000038                REQUIRE _A_P1DIR
   \   000038                REQUIRE _A_P1IN
   \   000038                REQUIRE _A_P1OUT
     22          		}
     23          	}
     24          	return 0;
                 	^
Warning[Pe111]: statement is unreachable
     25          }

   Maximum stack usage in bytes:

     Function   CSTACK
     --------   ------
     delay          2
     main           2
       -> delay     2
       -> delay     2


   Segment part sizes:

     Function/Label Bytes
     -------------- -----
     _A_P1IN           1
     _A_P1OUT          1
     _A_P1DIR          1
     _A_WDTCTL         2
     delay            12
     main             56

 
 68 bytes in segment CODE
  5 bytes in segment DATA16_AN
 
 68 bytes of CODE memory
  0 bytes of DATA memory (+ 5 bytes shared)

Errors: none
Warnings: 1
