C51 COMPILER V8.02   TEXT1                                                                 06/24/2009 08:36:21 PAGE 1   


C51 COMPILER V8.02, COMPILATION OF MODULE TEXT1
OBJECT MODULE PLACED IN Text1.OBJ
COMPILER INVOKED BY: C:\Keil\C51\BIN\C51.EXE Text1.c BROWSE DEBUG OBJECTEXTEND

line level    source

   1          #include <reg51.h>
   2          #include <intrins.h>
   3          
   4          #define ACK 0x00
   5          #define NACK 0x01
   6          #define ADREAD 0xd1
   7          #define ADWRITE 0xd0
   8          sbit SCL=P1^0;
   9          sbit SDA=P1^1;
  10          unsigned char tab[10];
  11          void start_iic(void);
  12          void stop_iic(void);
  13          unsigned char send1byte(unsigned char b);
  14          unsigned char read1byte();
  15          void readnbyte(unsigned char *d,unsigned char n);
  16          void delay(unsigned char i);
  17          void main(void)
  18          {
  19   1              unsigned char i;
  20   1              delay(10);
  21   1              start_iic();
  22   1              if(send1byte(ADREAD)==ACK)
  23   1              {
  24   2                      delay(100);
  25   2                      readnbyte(tab,8);
  26   2              }
  27   1              stop_iic();
  28   1              while(1)
  29   1              {
  30   2                      for(i=0;i<8;i++)
  31   2                      {
  32   3                              P3=tab[i];
  33   3                              delay(40);
  34   3                      }
  35   2      
  36   2              }
  37   1      }
  38          void start_iic(void)
  39          {
  40   1              SCL=1;
  41   1              SDA=1;
  42   1              _nop_();
  43   1              SDA=0;
  44   1      }
  45          void stop_iic(void)
  46          {
  47   1              SCL=1;
  48   1              SDA=0;
  49   1              _nop_();
  50   1              SDA=1;
  51   1      }
  52          unsigned char send1byte(unsigned char b)
  53          {
  54   1              unsigned char i;
  55   1              for(i=0;i<8;i++)
C51 COMPILER V8.02   TEXT1                                                                 06/24/2009 08:36:21 PAGE 2   

  56   1              {
  57   2                      SCL=0;
  58   2                      if(b&0x80)
  59   2                      {
  60   3                              SDA=1;
  61   3                      }
  62   2                      else
  63   2                      {
  64   3                              SDA=0;
  65   3                      }
  66   2                      SCL=1;
  67   2                      _nop_();
  68   2                      b<<=1;
  69   2              }
  70   1              SCL=0;
  71   1              _nop_();
  72   1              SDA=1;
  73   1              _nop_();
  74   1              SCL=1;
  75   1              if(SDA==1)
  76   1              {
  77   2                      return NACK;
  78   2              }
  79   1              else
  80   1                      return ACK;
  81   1      }
  82          void readnbyte(unsigned char * d,unsigned char n)
  83          {
  84   1              unsigned char i,t;
  85   1              while(n--)
  86   1              {
  87   2                      t=0x00;
  88   2                      for(i=0;i<8;i++)
  89   2                      {
  90   3                              t<<=1;
  91   3                              SCL=0;
  92   3                              _nop_();
  93   3                              SCL=1;
  94   3                              _nop_();
  95   3                              if(SDA)
  96   3                              {
  97   4                                      t|=0x01;
  98   4                              }
  99   3                      }
 100   2                      *d++=t;
 101   2                      SCL=0;
 102   2                      SDA=0;
 103   2                      SCL=1;
 104   2                      SCL=0;
 105   2                      SDA=1;
 106   2              }
 107   1      }
 108          unsigned char read1byte(void)
 109          {
 110   1              unsigned char i,t;
 111   1              t=0x00;
 112   1              for(i=0;i<8;i++)
 113   1              {
 114   2                      t<<=1;
 115   2                      SCL=0;
 116   2                      _nop_();
 117   2                      SCL=1;
C51 COMPILER V8.02   TEXT1                                                                 06/24/2009 08:36:21 PAGE 3   

 118   2                      _nop_();
 119   2                      if(SDA)
 120   2                      {
 121   3                              t|=0x01;
 122   3                      }
 123   2              }
 124   1              _nop_();
 125   1              SCL=0;
 126   1              _nop_();
 127   1              SDA=0;
 128   1              _nop_();
 129   1              SCL=1;
 130   1              _nop_();
 131   1              SCL=0;
 132   1              _nop_();
 133   1              SDA=1;
 134   1              _nop_();
 135   1              SCL=1;
 136   1              return t;
 137   1      }
 138          void delay(unsigned char i)
 139          {
 140   1              unsigned char j,k;
 141   1              while(i--)
 142   1              {
 143   2                      for(j=200;j;j--)
 144   2                      for(k=155;k;k--);
 145   2              }
 146   1      }


MODULE INFORMATION:   STATIC OVERLAYABLE
   CODE SIZE        =    247    ----
   CONSTANT SIZE    =   ----    ----
   XDATA SIZE       =   ----    ----
   PDATA SIZE       =   ----    ----
   DATA SIZE        =     10       4
   IDATA SIZE       =   ----    ----
   BIT SIZE         =   ----    ----
END OF MODULE INFORMATION.


C51 COMPILATION COMPLETE.  0 WARNING(S),  0 ERROR(S)
