Sunplus u'nSP Assembler - Ver. 1.14.3.1
              Listing File Has Been Relocated
                            	// GCC for SUNPLUS u'nSP version 1.0.21-3
                            	// Command: D:\PROGRA~1\SunPlus\UNSPID~1.0\cc1.exe C:\DOCUME~1\a\LOCALS~1\Temp\ccIHaaaa.i -fkeep-inline-functions -quiet -dumpbase ddd.c -mglobal-var-iram -gstabs -Wall -o .\Debug/ddd.asm
                            		.external __sn_func_ptr_sec
                            	
                            	// gcc2_compiled.:
                            	
00000000                    	.debug
00000000 2E 00 73 00        		.dw '.stabs "G:/neike/",0x64,0,3,',0,0,offset Ltext0,seg Ltext0,0x0d,0x0a
         74 00 61 00
         62 00 73 00
         20 00 22 00
         47 00 3A 00
         2F 00 6E 00
         65 00 69 00
         6B 00 65 00
         2F 00 22 00
         2C 00 30 00
         78 00 36 00
         34 00 2C 00
         30 00 2C 00
         33 00 2C 00
         00 00 00 00
         00 00 00 00
         0D 00 0A 00
00008045                    	.code
00000022                    	.debug
00000022 2E 00 73 00        		.dw '.stabs "G:/neike/ddd.c",0x64,0,3,',0,0,offset Ltext0,seg Ltext0,0x0d,0x0a
         74 00 61 00
         62 00 73 00
         20 00 22 00
         47 00 3A 00
         2F 00 6E 00
         65 00 69 00
         6B 00 65 00
         2F 00 64 00
         64 00 64 00
         2E 00 63 00
         22 00 2C 00
         30 00 78 00
         36 00 34 00
         2C 00 30 00
         2C 00 33 00
         2C 00 00 00
         00 00 00 00
         00 00 0D 00
         0A 00      
00008045                    	.code
00008045                    	.code
                            	Ltext0:
00000049                    	.debug
00000049 2E 00 73 00        		.dw '.stabs "int:t1=r1;-32768;32767;",128,0,0,0',0x0d,0x0a
         74 00 61 00
         62 00 73 00
         20 00 22 00
         69 00 6E 00
         74 00 3A 00
         74 00 31 00
         3D 00 72 00
         31 00 3B 00
         2D 00 33 00
         32 00 37 00
         36 00 38 00
         3B 00 33 00
         32 00 37 00
         36 00 37 00
         3B 00 22 00
         2C 00 31 00
         32 00 38 00
         2C 00 30 00
         2C 00 30 00
         2C 00 30 00
         0D 00 0A 00
00008045                    	.CODE
00000075                    	.debug
00000075 2E 00 73 00        		.dw '.stabs "char:t2=r2;0;127;",128,0,0,0',0x0d,0x0a
         74 00 61 00
         62 00 73 00
         20 00 22 00
         63 00 68 00
         61 00 72 00
         3A 00 74 00
         32 00 3D 00
         72 00 32 00
         3B 00 30 00
         3B 00 31 00
         32 00 37 00
         3B 00 22 00
         2C 00 31 00
         32 00 38 00
         2C 00 30 00
         2C 00 30 00
         2C 00 30 00
         0D 00 0A 00
00008045                    	.CODE
0000009B                    	.debug
0000009B 2E 00 73 00        		.dw '.stabs "long int:t3=r3;-2147483648;2147483647;",128,0,0,0',0x0d,0x0a
         74 00 61 00
         62 00 73 00
         20 00 22 00
         6C 00 6F 00
         6E 00 67 00
         20 00 69 00
         6E 00 74 00
         3A 00 74 00
         33 00 3D 00
         72 00 33 00
         3B 00 2D 00
         32 00 31 00
         34 00 37 00
         34 00 38 00
         33 00 36 00
         34 00 38 00
         3B 00 32 00
         31 00 34 00
         37 00 34 00
         38 00 33 00
         36 00 34 00
         37 00 3B 00
         22 00 2C 00
         31 00 32 00
         38 00 2C 00
         30 00 2C 00
         30 00 2C 00
         30 00 0D 00
         0A 00      
00008045                    	.CODE
000000D6                    	.debug
000000D6 2E 00 73 00        		.dw '.stabs "unsigned int:t4=r4;0;65535;",128,0,0,0',0x0d,0x0a
         74 00 61 00
         62 00 73 00
         20 00 22 00
         75 00 6E 00
         73 00 69 00
         67 00 6E 00
         65 00 64 00
         20 00 69 00
         6E 00 74 00
         3A 00 74 00
         34 00 3D 00
         72 00 34 00
         3B 00 30 00
         3B 00 36 00
         35 00 35 00
         33 00 35 00
         3B 00 22 00
         2C 00 31 00
         32 00 38 00
         2C 00 30 00
         2C 00 30 00
         2C 00 30 00
         0D 00 0A 00
00008045                    	.CODE
00000106                    	.debug
00000106 2E 00 73 00        		.dw '.stabs "long unsigned int:t5=r5;0;4294967295;",128,0,0,0',0x0d,0x0a
         74 00 61 00
         62 00 73 00
         20 00 22 00
         6C 00 6F 00
         6E 00 67 00
         20 00 75 00
         6E 00 73 00
         69 00 67 00
         6E 00 65 00
         64 00 20 00
         69 00 6E 00
         74 00 3A 00
         74 00 35 00
         3D 00 72 00
         35 00 3B 00
         30 00 3B 00
         34 00 32 00
         39 00 34 00
         39 00 36 00
         37 00 32 00
         39 00 35 00
         3B 00 22 00
         2C 00 31 00
         32 00 38 00
         2C 00 30 00
         2C 00 30 00
         2C 00 30 00
         0D 00 0A 00
00008045                    	.CODE
00000140                    	.debug
00000140 2E 00 73 00        		.dw '.stabs "long long int:t6=r6;-2147483648;2147483647;",128,0,0,0',0x0d,0x0a
         74 00 61 00
         62 00 73 00
         20 00 22 00
         6C 00 6F 00
         6E 00 67 00
         20 00 6C 00
         6F 00 6E 00
         67 00 20 00
         69 00 6E 00
         74 00 3A 00
         74 00 36 00
         3D 00 72 00
         36 00 3B 00
         2D 00 32 00
         31 00 34 00
         37 00 34 00
         38 00 33 00
         36 00 34 00
         38 00 3B 00
         32 00 31 00
         34 00 37 00
         34 00 38 00
         33 00 36 00
         34 00 37 00
         3B 00 22 00
         2C 00 31 00
         32 00 38 00
         2C 00 30 00
         2C 00 30 00
         2C 00 30 00
         0D 00 0A 00
00008045                    	.CODE
00000180                    	.debug
00000180 2E 00 73 00        		.dw '.stabs "long long unsigned int:t7=r7;0;4294967295;",128,0,0,0',0x0d,0x0a
         74 00 61 00
         62 00 73 00
         20 00 22 00
         6C 00 6F 00
         6E 00 67 00
         20 00 6C 00
         6F 00 6E 00
         67 00 20 00
         75 00 6E 00
         73 00 69 00
         67 00 6E 00
         65 00 64 00
         20 00 69 00
         6E 00 74 00
         3A 00 74 00
         37 00 3D 00
         72 00 37 00
         3B 00 30 00
         3B 00 34 00
         32 00 39 00
         34 00 39 00
         36 00 37 00
         32 00 39 00
         35 00 3B 00
         22 00 2C 00
         31 00 32 00
         38 00 2C 00
         30 00 2C 00
         30 00 2C 00
         30 00 0D 00
         0A 00      
00008045                    	.CODE
000001BF                    	.debug
000001BF 2E 00 73 00        		.dw '.stabs "short int:t8=r8;-32768;32767;",128,0,0,0',0x0d,0x0a
         74 00 61 00
         62 00 73 00
         20 00 22 00
         73 00 68 00
         6F 00 72 00
         74 00 20 00
         69 00 6E 00
         74 00 3A 00
         74 00 38 00
         3D 00 72 00
         38 00 3B 00
         2D 00 33 00
         32 00 37 00
         36 00 38 00
         3B 00 33 00
         32 00 37 00
         36 00 37 00
         3B 00 22 00
         2C 00 31 00
         32 00 38 00
         2C 00 30 00
         2C 00 30 00
         2C 00 30 00
         0D 00 0A 00
00008045                    	.CODE
000001F1                    	.debug
000001F1 2E 00 73 00        		.dw '.stabs "short unsigned int:t9=r9;0;65535;",128,0,0,0',0x0d,0x0a
         74 00 61 00
         62 00 73 00
         20 00 22 00
         73 00 68 00
         6F 00 72 00
         74 00 20 00
         75 00 6E 00
         73 00 69 00
         67 00 6E 00
         65 00 64 00
         20 00 69 00
         6E 00 74 00
         3A 00 74 00
         39 00 3D 00
         72 00 39 00
         3B 00 30 00
         3B 00 36 00
         35 00 35 00
         33 00 35 00
         3B 00 22 00
         2C 00 31 00
         32 00 38 00
         2C 00 30 00
         2C 00 30 00
         2C 00 30 00
         0D 00 0A 00
00008045                    	.CODE
00000227                    	.debug
00000227 2E 00 73 00        		.dw '.stabs "signed char:t10=r10;-32768;32767;",128,0,0,0',0x0d,0x0a
         74 00 61 00
         62 00 73 00
         20 00 22 00
         73 00 69 00
         67 00 6E 00
         65 00 64 00
         20 00 63 00
         68 00 61 00
         72 00 3A 00
         74 00 31 00
         30 00 3D 00
         72 00 31 00
         30 00 3B 00
         2D 00 33 00
         32 00 37 00
         36 00 38 00
         3B 00 33 00
         32 00 37 00
         36 00 37 00
         3B 00 22 00
         2C 00 31 00
         32 00 38 00
         2C 00 30 00
         2C 00 30 00
         2C 00 30 00
         0D 00 0A 00
00008045                    	.CODE
0000025D                    	.debug
0000025D 2E 00 73 00        		.dw '.stabs "unsigned char:t11=r11;0;65535;",128,0,0,0',0x0d,0x0a
         74 00 61 00
         62 00 73 00
         20 00 22 00
         75 00 6E 00
         73 00 69 00
         67 00 6E 00
         65 00 64 00
         20 00 63 00
         68 00 61 00
         72 00 3A 00
         74 00 31 00
         31 00 3D 00
         72 00 31 00
         31 00 3B 00
         30 00 3B 00
         36 00 35 00
         35 00 33 00
         35 00 3B 00
         22 00 2C 00
         31 00 32 00
         38 00 2C 00
         30 00 2C 00
         30 00 2C 00
         30 00 0D 00
         0A 00      
00008045                    	.CODE
00000290                    	.debug
00000290 2E 00 73 00        		.dw '.stabs "float:t12=r1;2;0;",128,0,0,0',0x0d,0x0a
         74 00 61 00
         62 00 73 00
         20 00 22 00
         66 00 6C 00
         6F 00 61 00
         74 00 3A 00
         74 00 31 00
         32 00 3D 00
         72 00 31 00
         3B 00 32 00
         3B 00 30 00
         3B 00 22 00
         2C 00 31 00
         32 00 38 00
         2C 00 30 00
         2C 00 30 00
         2C 00 30 00
         0D 00 0A 00
00008045                    	.CODE
000002B6                    	.debug
000002B6 2E 00 73 00        		.dw '.stabs "double:t13=r1;2;0;",128,0,0,0',0x0d,0x0a
         74 00 61 00
         62 00 73 00
         20 00 22 00
         64 00 6F 00
         75 00 62 00
         6C 00 65 00
         3A 00 74 00
         31 00 33 00
         3D 00 72 00
         31 00 3B 00
         32 00 3B 00
         30 00 3B 00
         22 00 2C 00
         31 00 32 00
         38 00 2C 00
         30 00 2C 00
         30 00 2C 00
         30 00 0D 00
         0A 00      
00008045                    	.CODE
000002DD                    	.debug
000002DD 2E 00 73 00        		.dw '.stabs "long double:t14=r1;2;0;",128,0,0,0',0x0d,0x0a
         74 00 61 00
         62 00 73 00
         20 00 22 00
         6C 00 6F 00
         6E 00 67 00
         20 00 64 00
         6F 00 75 00
         62 00 6C 00
         65 00 3A 00
         74 00 31 00
         34 00 3D 00
         72 00 31 00
         3B 00 32 00
         3B 00 30 00
         3B 00 22 00
         2C 00 31 00
         32 00 38 00
         2C 00 30 00
         2C 00 30 00
         2C 00 30 00
         0D 00 0A 00
00008045                    	.CODE
00000309                    	.debug
00000309 2E 00 73 00        		.dw '.stabs "complex int:t15=s2real:1,0,16;imag:1,16,16;;",128,0,0,0',0x0d,0x0a
         74 00 61 00
         62 00 73 00
         20 00 22 00
         63 00 6F 00
         6D 00 70 00
         6C 00 65 00
         78 00 20 00
         69 00 6E 00
         74 00 3A 00
         74 00 31 00
         35 00 3D 00
         73 00 32 00
         72 00 65 00
         61 00 6C 00
         3A 00 31 00
         2C 00 30 00
         2C 00 31 00
         36 00 3B 00
         69 00 6D 00
         61 00 67 00
         3A 00 31 00
         2C 00 31 00
         36 00 2C 00
         31 00 36 00
         3B 00 3B 00
         22 00 2C 00
         31 00 32 00
         38 00 2C 00
         30 00 2C 00
         30 00 2C 00
         30 00 0D 00
         0A 00      
00008045                    	.CODE
0000034A                    	.debug
0000034A 2E 00 73 00        		.dw '.stabs "complex float:t16=r16;2;0;",128,0,0,0',0x0d,0x0a
         74 00 61 00
         62 00 73 00
         20 00 22 00
         63 00 6F 00
         6D 00 70 00
         6C 00 65 00
         78 00 20 00
         66 00 6C 00
         6F 00 61 00
         74 00 3A 00
         74 00 31 00
         36 00 3D 00
         72 00 31 00
         36 00 3B 00
         32 00 3B 00
         30 00 3B 00
         22 00 2C 00
         31 00 32 00
         38 00 2C 00
         30 00 2C 00
         30 00 2C 00
         30 00 0D 00
         0A 00      
00008045                    	.CODE
00000379                    	.debug
00000379 2E 00 73 00        		.dw '.stabs "complex double:t17=r17;2;0;",128,0,0,0',0x0d,0x0a
         74 00 61 00
         62 00 73 00
         20 00 22 00
         63 00 6F 00
         6D 00 70 00
         6C 00 65 00
         78 00 20 00
         64 00 6F 00
         75 00 62 00
         6C 00 65 00
         3A 00 74 00
         31 00 37 00
         3D 00 72 00
         31 00 37 00
         3B 00 32 00
         3B 00 30 00
         3B 00 22 00
         2C 00 31 00
         32 00 38 00
         2C 00 30 00
         2C 00 30 00
         2C 00 30 00
         0D 00 0A 00
00008045                    	.CODE
000003A9                    	.debug
000003A9 2E 00 73 00        		.dw '.stabs "complex long double:t18=r18;2;0;",128,0,0,0',0x0d,0x0a
         74 00 61 00
         62 00 73 00
         20 00 22 00
         63 00 6F 00
         6D 00 70 00
         6C 00 65 00
         78 00 20 00
         6C 00 6F 00
         6E 00 67 00
         20 00 64 00
         6F 00 75 00
         62 00 6C 00
         65 00 3A 00
         74 00 31 00
         38 00 3D 00
         72 00 31 00
         38 00 3B 00
         32 00 3B 00
         30 00 3B 00
         22 00 2C 00
         31 00 32 00
         38 00 2C 00
         30 00 2C 00
         30 00 2C 00
         30 00 0D 00
         0A 00      
00008045                    	.CODE
000003DE                    	.debug
000003DE 2E 00 73 00        		.dw '.stabs "void:t19=19",128,0,0,0',0x0d,0x0a
         74 00 61 00
         62 00 73 00
         20 00 22 00
         76 00 6F 00
         69 00 64 00
         3A 00 74 00
         31 00 39 00
         3D 00 31 00
         39 00 22 00
         2C 00 31 00
         32 00 38 00
         2C 00 30 00
         2C 00 30 00
         2C 00 30 00
         0D 00 0A 00
00008045                    	.CODE
                            	.public _i
00000001                    	.iram
                            	_i:
00000001 00 00              		.dw 0
000003FE                    	.debug
000003FE 2E 00 73 00        		.dw '.stabs "i:G4",32,0,0,',0,0,offset _i,seg _i,0x0d,0x0a
         74 00 61 00
         62 00 73 00
         20 00 22 00
         69 00 3A 00
         47 00 34 00
         22 00 2C 00
         33 00 32 00
         2C 00 30 00
         2C 00 30 00
         2C 00 00 00
         00 00 00 00
         00 00 0D 00
         0A 00      
00008045                    	.CODE
                            	// ISR ATTRIBUTE FUNCTION, LOCATE in .text SECTION
00008009                    	.text
00000419                    	.debug
00000419 2E 00 73 00        		.dw '.stabs "IRQ1:F19",36,0,0,',0,0,offset _IRQ1,seg _IRQ1,0x0d,0x0a
         74 00 61 00
         62 00 73 00
         20 00 22 00
         49 00 52 00
         51 00 31 00
         3A 00 46 00
         31 00 39 00
         22 00 2C 00
         33 00 36 00
         2C 00 30 00
         2C 00 30 00
         2C 00 00 00
         00 00 00 00
         00 00 0D 00
         0A 00      
00008009                    	.TEXT
                            	.public _IRQ1
                            	_IRQ1:	.proc
00000438                    	.debug
00000438 2E 00 73 00        		.dw '.stabn 0x44,0,5,',0,0
         74 00 61 00
         62 00 6E 00
         20 00 30 00
         78 00 34 00
         34 00 2C 00
         30 00 2C 00
         35 00 2C 00
         00 00 00 00
0000044A 00 00 00 00        		.dd LM1-_IRQ1
0000044C 0D 00 0A 00        		.dw 0x0d,0x0a
00008009                    	.text
                            	LM1:
                            		// ISR ATTRIBUTE FUNCTION, PUSH r1,bp
00008009 A8 DA              		push r1,bp to [sp]
                            	
                            		// total=0, vars=0
                            		// frame_pointer_needed: 1
0000800A 08 0B 01 00        		bp=sp+1
                            	
0000800C 0D 03 03 00        		R1=BP+3
0000044E                    	.debug
0000044E 2E 00 73 00        		.dw '.stabn 0x44,0,6,',0,0
         74 00 61 00
         62 00 6E 00
         20 00 30 00
         78 00 34 00
         34 00 2C 00
         30 00 2C 00
         36 00 2C 00
         00 00 00 00
00000460 05 00 00 00        		.dd LM2-_IRQ1
00000462 0D 00 0A 00        		.dw 0x0d,0x0a
0000800E                    	.text
                            	LM2:
0000800E 12 95 01 00        		R2=[_i]	// QImode move
00008010 4A 96              		R3=10	// QImode move
00008011 1A 07 01 00        		[_i]=R2+R3  //addqi3_Qrr
00000464                    	.debug
00000464 2E 00 73 00        		.dw '.stabn 0x44,0,7,',0,0
         74 00 61 00
         62 00 6E 00
         20 00 30 00
         78 00 34 00
         34 00 2C 00
         30 00 2C 00
         37 00 2C 00
         00 00 00 00
00000476 0A 00 00 00        		.dd LM3-_IRQ1
00000478 0D 00 0A 00        		.dw 0x0d,0x0a
00008013                    	.text
                            	LM3:
00008013 12 95 01 00        		R2=[_i]	// QImode move
00008015 4A 97              		R3=R2 lsl 2
00008016 5B 97              		R3=R3 lsl 4
00008017 1B D7 17 70        		[28695]=R3	// QImode move
0000047A                    	.debug
0000047A 2E 00 73 00        		.dw '.stabn 0x44,0,8,',0,0
         74 00 61 00
         62 00 6E 00
         20 00 30 00
         78 00 34 00
         34 00 2C 00
         30 00 2C 00
         38 00 2C 00
         00 00 00 00
0000048C 10 00 00 00        		.dd LM4-_IRQ1
0000048E 0D 00 0A 00        		.dw 0x0d,0x0a
00008019                    	.text
                            	LM4:
00008019 12 95 01 00        		R2=[_i]	// QImode move
0000801B 0A 45 20 03        		CMP R2,800	// QImode compare
0000801D 05 4E 01 EE        		NSJNZ L3	//QImode NE
         00 EE      
00000490                    	.debug
00000490 2E 00 73 00        		.dw '.stabn 0x44,0,9,',0,0
         74 00 61 00
         62 00 6E 00
         20 00 30 00
         78 00 34 00
         34 00 2C 00
         30 00 2C 00
         39 00 2C 00
         00 00 00 00
000004A2 17 00 00 00        		.dd LM5-_IRQ1
000004A4 0D 00 0A 00        		.dw 0x0d,0x0a
00008020                    	.text
                            	LM5:
00008020 40 94              		R2=0	// QImode move
00008021 1A D5 01 00        		[_i]=R2	// QImode move
                            	L3:
000004A6                    	.debug
000004A6 2E 00 73 00        		.dw '.stabn 0x44,0,10,',0,0
         74 00 61 00
         62 00 6E 00
         20 00 30 00
         78 00 34 00
         34 00 2C 00
         30 00 2C 00
         31 00 30 00
         2C 00 00 00
         00 00      
000004B9 1A 00 00 00        		.dd LM6-_IRQ1
000004BB 0D 00 0A 00        		.dw 0x0d,0x0a
00008023                    	.text
                            	LM6:
00008023 41 94              		R2=1	// QImode move
00008024 1A D5 11 70        		[28689]=R2	// QImode move
000004BD                    	.debug
000004BD 2E 00 73 00        		.dw '.stabn 0x44,0,11,',0,0
         74 00 61 00
         62 00 6E 00
         20 00 30 00
         78 00 34 00
         34 00 2C 00
         30 00 2C 00
         31 00 31 00
         2C 00 00 00
         00 00      
000004D0 1D 00 00 00        		.dd LM7-_IRQ1
000004D2 0D 00 0A 00        		.dw 0x0d,0x0a
00008026                    	.text
                            	LM7:
000004D4                    	.debug
000004D4 2E 00 73 00        		.dw '.stabn 0x44,0,11,',0,0
         74 00 61 00
         62 00 6E 00
         20 00 30 00
         78 00 34 00
         34 00 2C 00
         30 00 2C 00
         31 00 31 00
         2C 00 00 00
         00 00      
000004E7 1D 00 00 00        		.dd LM8-_IRQ1
000004E9 0D 00 0A 00        		.dw 0x0d,0x0a
00008026                    	.text
                            	LM8:
                            	L2:
                            	
                            		// ISR ATTRIBUTE FUNCTION, POP r1,bp
00008026 A8 90              		pop r1,bp from [sp]
00008027 98 9A              		reti
                            		.endp	// end of IRQ1
                            	
000004EB                    	.debug
000004EB 2E 00 73 00        		.dw '.stabf ',0,0
         74 00 61 00
         62 00 66 00
         20 00 00 00
         00 00      
000004F4 1F 00 00 00        		.dd LME1-_IRQ1
000004F6 0D 00 0A 00        		.dw 0x0d,0x0a
00008028                    	.text
                            	LME1:
00008045                    	.code
000004F8                    	.debug
000004F8 2E 00 73 00        		.dw '.stabs "delay:F19",36,0,0,',0,0,offset _delay,seg _delay,0x0d,0x0a
         74 00 61 00
         62 00 73 00
         20 00 22 00
         64 00 65 00
         6C 00 61 00
         79 00 3A 00
         46 00 31 00
         39 00 22 00
         2C 00 33 00
         36 00 2C 00
         30 00 2C 00
         30 00 2C 00
         00 00 00 00
         00 00 00 00
         0D 00 0A 00
00008045                    	.CODE
                            	.public _delay
                            	_delay:	.proc
00000518                    	.debug
00000518 2E 00 73 00        		.dw '.stabn 0x44,0,13,',0,0
         74 00 61 00
         62 00 6E 00
         20 00 30 00
         78 00 34 00
         34 00 2C 00
         30 00 2C 00
         31 00 33 00
         2C 00 00 00
         00 00      
0000052B 00 00 00 00        		.dd LM9-_delay
0000052D 0D 00 0A 00        		.dw 0x0d,0x0a
00008045                    	.code
                            	LM9:
                            		// total=0, vars=0
                            		// frame_pointer_needed: 1
00008045 88 DA              		push bp to [sp]
00008046 08 0B 01 00        		bp=sp+1
                            	
00008048 0D 03 03 00        		R1=BP+3
0000052F                    	.debug
0000052F 2E 00 73 00        		.dw '.stabn 0x44,0,15,',0,0
         74 00 61 00
         62 00 6E 00
         20 00 30 00
         78 00 34 00
         34 00 2C 00
         30 00 2C 00
         31 00 35 00
         2C 00 00 00
         00 00      
00000542 05 00 00 00        		.dd LM10-_delay
00000544 0D 00 0A 00        		.dw 0x0d,0x0a
0000804A                    	.code
                            	LM10:
                            	L6:
0000804A 01 95              		R2=R1	// QImode move
0000804B C2 96              		R3=[R2]	// QImode move
0000804C 0B 05 FF FF        		R2=R3+(-1)
0000804E 02 97              		R3=R2	// QImode move
0000804F 01 95              		R2=R1	// QImode move
00008050 C2 D6              		[R2]=R3	// QImode move
00008051 0B 47 FF FF        		CMP R3,(-1)	// QImode compare
00008053 04 4E 01 EE        		NSJNZ L8	//QImode NE
         00 EE      
00008056 0F 9F 5D 80        		pc=L7	// Indirect jump
                            	L8:
00000546                    	.debug
00000546 2E 00 73 00        		.dw '.stabn 0x44,0,17,',0,0
         74 00 61 00
         62 00 6E 00
         20 00 30 00
         78 00 34 00
         34 00 2C 00
         30 00 2C 00
         31 00 37 00
         2C 00 00 00
         00 00      
00000559 13 00 00 00        		.dd LM11-_delay
0000055B 0D 00 0A 00        		.dw 0x0d,0x0a
00008058                    	.code
                            	LM11:
00008058 41 94              		R2=1	// QImode move
00008059 1A D5 12 70        		[28690]=R2	// QImode move
0000055D                    	.debug
0000055D 2E 00 73 00        		.dw '.stabn 0x44,0,18,',0,0
         74 00 61 00
         62 00 6E 00
         20 00 30 00
         78 00 34 00
         34 00 2C 00
         30 00 2C 00
         31 00 38 00
         2C 00 00 00
         00 00      
00000570 16 00 00 00        		.dd LM12-_delay
00000572 0D 00 0A 00        		.dw 0x0d,0x0a
0000805B                    	.code
                            	LM12:
0000805B 0F 9F 4A 80        		pc=L6	// Indirect jump
                            	L7:
00000574                    	.debug
00000574 2E 00 73 00        		.dw '.stabn 0x44,0,19,',0,0
         74 00 61 00
         62 00 6E 00
         20 00 30 00
         78 00 34 00
         34 00 2C 00
         30 00 2C 00
         31 00 39 00
         2C 00 00 00
         00 00      
00000587 18 00 00 00        		.dd LM13-_delay
00000589 0D 00 0A 00        		.dw 0x0d,0x0a
0000805D                    	.code
                            	LM13:
0000058B                    	.debug
0000058B 2E 00 73 00        		.dw '.stabn 0x44,0,19,',0,0
         74 00 61 00
         62 00 6E 00
         20 00 30 00
         78 00 34 00
         34 00 2C 00
         30 00 2C 00
         31 00 39 00
         2C 00 00 00
         00 00      
0000059E 18 00 00 00        		.dd LM14-_delay
000005A0 0D 00 0A 00        		.dw 0x0d,0x0a
0000805D                    	.code
                            	LM14:
                            	L5:
                            	
0000805D 88 98              		pop bp from [sp]
0000805E 90 9A              		retf
                            		.endp	// end of delay
                            	
000005A2                    	.debug
000005A2 2E 00 73 00        		.dw '.stabs "i:p1",160,0,0,3',0x0d,0x0a
         74 00 61 00
         62 00 73 00
         20 00 22 00
         69 00 3A 00
         70 00 31 00
         22 00 2C 00
         31 00 36 00
         30 00 2C 00
         30 00 2C 00
         30 00 2C 00
         33 00 0D 00
         0A 00      
0000805F                    	.CODE
000005BB                    	.debug
000005BB 2E 00 73 00        		.dw '.stabf ',0,0
         74 00 61 00
         62 00 66 00
         20 00 00 00
         00 00      
000005C4 1A 00 00 00        		.dd LME2-_delay
000005C6 0D 00 0A 00        		.dw 0x0d,0x0a
0000805F                    	.code
                            	LME2:
0000805F                    	.code
000005C8                    	.debug
000005C8 2E 00 73 00        		.dw '.stabs "main:F1",36,0,0,',0,0,offset _main,seg _main,0x0d,0x0a
         74 00 61 00
         62 00 73 00
         20 00 22 00
         6D 00 61 00
         69 00 6E 00
         3A 00 46 00
         31 00 22 00
         2C 00 33 00
         36 00 2C 00
         30 00 2C 00
         30 00 2C 00
         00 00 00 00
         1A 00 00 00
         0D 00 0A 00
0000805F                    	.CODE
                            	.public _main
                            	_main:	.proc
000005E6                    	.debug
000005E6 2E 00 73 00        		.dw '.stabn 0x44,0,21,',0,0
         74 00 61 00
         62 00 6E 00
         20 00 30 00
         78 00 34 00
         34 00 2C 00
         30 00 2C 00
         32 00 31 00
         2C 00 00 00
         00 00      
000005F9 00 00 00 00        		.dd LM15-_main
000005FB 0D 00 0A 00        		.dw 0x0d,0x0a
0000805F                    	.code
                            	LM15:
                            		// total=0, vars=0
                            		// frame_pointer_needed: 1
0000805F 88 DA              		push bp to [sp]
00008060 08 0B 01 00        		bp=sp+1
                            	
00008062 0D 03 03 00        		R1=BP+3
000005FD                    	.debug
000005FD 2E 00 73 00        		.dw '.stabn 0x44,0,22,',0,0
         74 00 61 00
         62 00 6E 00
         20 00 30 00
         78 00 34 00
         34 00 2C 00
         30 00 2C 00
         32 00 32 00
         2C 00 00 00
         00 00      
00000610 05 00 00 00        		.dd LM16-_main
00000612 0D 00 0A 00        		.dw 0x0d,0x0a
00008064                    	.code
                            	LM16:
00008064 0A 95 80 00        		R2=128	// QImode move
00008066 1A D5 13 70        		[28691]=R2	// QImode move
00000614                    	.debug
00000614 2E 00 73 00        		.dw '.stabn 0x44,0,23,',0,0
         74 00 61 00
         62 00 6E 00
         20 00 30 00
         78 00 34 00
         34 00 2C 00
         30 00 2C 00
         32 00 33 00
         2C 00 00 00
         00 00      
00000627 09 00 00 00        		.dd LM17-_main
00000629 0D 00 0A 00        		.dw 0x0d,0x0a
00008068                    	.code
                            	LM17:
00008068 0A 95 00 10        		R2=4096	// QImode move
0000806A 1A D5 10 70        		[28688]=R2	// QImode move
0000062B                    	.debug
0000062B 2E 00 73 00        		.dw '.stabn 0x44,0,24,',0,0
         74 00 61 00
         62 00 6E 00
         20 00 30 00
         78 00 34 00
         34 00 2C 00
         30 00 2C 00
         32 00 34 00
         2C 00 00 00
         00 00      
0000063E 0D 00 00 00        		.dd LM18-_main
00000640 0D 00 0A 00        		.dw 0x0d,0x0a
0000806C                    	.code
                            	LM18:
0000806C 70 94              		R2=48	// QImode move
0000806D 1A D5 0B 70        		[28683]=R2	// QImode move
00000642                    	.debug
00000642 2E 00 73 00        		.dw '.stabn 0x44,0,25,',0,0
         74 00 61 00
         62 00 6E 00
         20 00 30 00
         78 00 34 00
         34 00 2C 00
         30 00 2C 00
         32 00 35 00
         2C 00 00 00
         00 00      
00000655 10 00 00 00        		.dd LM19-_main
00000657 0D 00 0A 00        		.dw 0x0d,0x0a
0000806F                    	.code
                            	LM19:
0000806F 41 64              		R2=(-1)	// QImode move
00008070 1A D5 0A 70        		[28682]=R2	// QImode move
00000659                    	.debug
00000659 2E 00 73 00        		.dw '.stabn 0x44,0,26,',0,0
         74 00 61 00
         62 00 6E 00
         20 00 30 00
         78 00 34 00
         34 00 2C 00
         30 00 2C 00
         32 00 36 00
         2C 00 00 00
         00 00      
0000066C 13 00 00 00        		.dd LM20-_main
0000066E 0D 00 0A 00        		.dw 0x0d,0x0a
00008072                    	.code
                            	LM20:
00008072 40 94              		R2=0	// QImode move
00008073 1A D5 2A 70        		[28714]=R2	// QImode move
00000670                    	.debug
00000670 2E 00 73 00        		.dw '.stabn 0x44,0,27,',0,0
         74 00 61 00
         62 00 6E 00
         20 00 30 00
         78 00 34 00
         34 00 2C 00
         30 00 2C 00
         32 00 37 00
         2C 00 00 00
         00 00      
00000683 16 00 00 00        		.dd LM21-_main
00000685 0D 00 0A 00        		.dw 0x0d,0x0a
00008075                    	.code
                            	LM21:
00008075 41 64              		R2=(-1)	// QImode move
00008076 1A D5 02 70        		[28674]=R2	// QImode move
00000687                    	.debug
00000687 2E 00 73 00        		.dw '.stabn 0x44,0,28,',0,0
         74 00 61 00
         62 00 6E 00
         20 00 30 00
         78 00 34 00
         34 00 2C 00
         30 00 2C 00
         32 00 38 00
         2C 00 00 00
         00 00      
0000069A 19 00 00 00        		.dd LM22-_main
0000069C 0D 00 0A 00        		.dw 0x0d,0x0a
00008078                    	.code
                            	LM22:
00008078 41 64              		R2=(-1)	// QImode move
00008079 1A D5 03 70        		[28675]=R2	// QImode move
0000069E                    	.debug
0000069E 2E 00 73 00        		.dw '.stabn 0x44,0,29,',0,0
         74 00 61 00
         62 00 6E 00
         20 00 30 00
         78 00 34 00
         34 00 2C 00
         30 00 2C 00
         32 00 39 00
         2C 00 00 00
         00 00      
000006B1 1C 00 00 00        		.dd LM23-_main
000006B3 0D 00 0A 00        		.dw 0x0d,0x0a
0000807B                    	.code
                            	LM23:
0000807B 41 64              		R2=(-1)	// QImode move
0000807C 1A D5 00 70        		[28672]=R2	// QImode move
000006B5                    	.debug
000006B5 2E 00 73 00        		.dw '.stabn 0x44,0,31,',0,0
         74 00 61 00
         62 00 6E 00
         20 00 30 00
         78 00 34 00
         34 00 2C 00
         30 00 2C 00
         33 00 31 00
         2C 00 00 00
         00 00      
000006C8 1F 00 00 00        		.dd LM24-_main
000006CA 0D 00 0A 00        		.dw 0x0d,0x0a
0000807E                    	.code
                            	LM24:
                            	L11:
0000807E 0F 9F 82 80        		pc=L13	// Indirect jump
00008080 0F 9F 8D 80        		pc=L12	// Indirect jump
                            	L13:
000006CC                    	.debug
000006CC 2E 00 73 00        		.dw '.stabn 0x44,0,33,',0,0
         74 00 61 00
         62 00 6E 00
         20 00 30 00
         78 00 34 00
         34 00 2C 00
         30 00 2C 00
         33 00 33 00
         2C 00 00 00
         00 00      
000006DF 23 00 00 00        		.dd LM25-_main
000006E1 0D 00 0A 00        		.dw 0x0d,0x0a
00008082                    	.code
                            	LM25:
00008082 41 64              		R2=(-1)	// QImode move
00008083 1A D5 17 70        		[28695]=R2	// QImode move
000006E3                    	.debug
000006E3 2E 00 73 00        		.dw '.stabn 0x44,0,35,',0,0
         74 00 61 00
         62 00 6E 00
         20 00 30 00
         78 00 34 00
         34 00 2C 00
         30 00 2C 00
         33 00 35 00
         2C 00 00 00
         00 00      
000006F6 26 00 00 00        		.dd LM26-_main
000006F8 0D 00 0A 00        		.dw 0x0d,0x0a
00008085                    	.code
                            	LM26:
00008085 40 94              		R2=0	// QImode move
00008086 1A D5 17 70        		[28695]=R2	// QImode move
000006FA                    	.debug
000006FA 2E 00 73 00        		.dw '.stabn 0x44,0,37,',0,0
         74 00 61 00
         62 00 6E 00
         20 00 30 00
         78 00 34 00
         34 00 2C 00
         30 00 2C 00
         33 00 37 00
         2C 00 00 00
         00 00      
0000070D 29 00 00 00        		.dd LM27-_main
0000070F 0D 00 0A 00        		.dw 0x0d,0x0a
00008088                    	.code
                            	LM27:
00008088 41 94              		R2=1	// QImode move
00008089 1A D5 12 70        		[28690]=R2	// QImode move
00000711                    	.debug
00000711 2E 00 73 00        		.dw '.stabn 0x44,0,38,',0,0
         74 00 61 00
         62 00 6E 00
         20 00 30 00
         78 00 34 00
         34 00 2C 00
         30 00 2C 00
         33 00 38 00
         2C 00 00 00
         00 00      
00000724 2C 00 00 00        		.dd LM28-_main
00000726 0D 00 0A 00        		.dw 0x0d,0x0a
0000808B                    	.code
                            	LM28:
0000808B 0F 9F 7E 80        		pc=L11	// Indirect jump
                            	L12:
00000728                    	.debug
00000728 2E 00 73 00        		.dw '.stabn 0x44,0,39,',0,0
         74 00 61 00
         62 00 6E 00
         20 00 30 00
         78 00 34 00
         34 00 2C 00
         30 00 2C 00
         33 00 39 00
         2C 00 00 00
         00 00      
0000073B 2E 00 00 00        		.dd LM29-_main
0000073D 0D 00 0A 00        		.dw 0x0d,0x0a
0000808D                    	.code
                            	LM29:
0000073F                    	.debug
0000073F 2E 00 73 00        		.dw '.stabn 0x44,0,39,',0,0
         74 00 61 00
         62 00 6E 00
         20 00 30 00
         78 00 34 00
         34 00 2C 00
         30 00 2C 00
         33 00 39 00
         2C 00 00 00
         00 00      
00000752 2E 00 00 00        		.dd LM30-_main
00000754 0D 00 0A 00        		.dw 0x0d,0x0a
0000808D                    	.code
                            	LM30:
                            	L10:
                            	
0000808D 88 98              		pop bp from [sp]
0000808E 90 9A              		retf
                            		.endp	// end of main
                            	
00000756                    	.debug
00000756 2E 00 73 00        		.dw '.stabf ',0,0
         74 00 61 00
         62 00 66 00
         20 00 00 00
         00 00      
0000075F 30 00 00 00        		.dd LME3-_main
00000761 0D 00 0A 00        		.dw 0x0d,0x0a
0000808F                    	.code
                            	LME3:
                            		.end
0 error(s), 0 warning(s).

