Sunplus u'nSP Assembler - Ver. 1.14.3.1
              Listing File Has Been Relocated
                            	// GCC for SUNPLUS u'nSP version 1.0.21-3
                            	// Command: D:\PROGRA~1\Sunplus\UNSPID~1.0\cc1.exe C:\DOCUME~1\ZHANGZ~1.YSU\LOCALS~1\Temp\ccs5aaaa.i -fkeep-inline-functions -quiet -dumpbase main.c -mglobal-var-iram -gstabs -Wall -o .\Debug/main.asm
                            		.external __sn_func_ptr_sec
                            	
                            	// gcc2_compiled.:
                            	
00000000                    	.debug
00000000 2E 00 73 00        		.dw '.stabs "F:/abc/cbasetime/",0x64,0,3,',0,0,offset Ltext0,seg Ltext0,0x0d,0x0a
         74 00 61 00
         62 00 73 00
         20 00 22 00
         46 00 3A 00
         2F 00 61 00
         62 00 63 00
         2F 00 63 00
         62 00 61 00
         73 00 65 00
         74 00 69 00
         6D 00 65 00
         2F 00 22 00
         2C 00 30 00
         78 00 36 00
         34 00 2C 00
         30 00 2C 00
         33 00 2C 00
         00 00 00 00
         00 00 00 00
         0D 00 0A 00
00008044                    	.code
0000002A                    	.debug
0000002A 2E 00 73 00        		.dw '.stabs "F:/abc/cbasetime/main.c",0x64,0,3,',0,0,offset Ltext0,seg Ltext0,0x0d,0x0a
         74 00 61 00
         62 00 73 00
         20 00 22 00
         46 00 3A 00
         2F 00 61 00
         62 00 63 00
         2F 00 63 00
         62 00 61 00
         73 00 65 00
         74 00 69 00
         6D 00 65 00
         2F 00 6D 00
         61 00 69 00
         6E 00 2E 00
         63 00 22 00
         2C 00 30 00
         78 00 36 00
         34 00 2C 00
         30 00 2C 00
         33 00 2C 00
         00 00 00 00
         00 00 00 00
         0D 00 0A 00
00008044                    	.code
00008044                    	.code
                            	Ltext0:
0000005A                    	.debug
0000005A 2E 00 73 00        		.dw '.stabs "int:t1=r1;-32768;32767;",128,0,0,0',0x0d,0x0a
         74 00 61 00
         62 00 73 00
         20 00 22 00
         69 00 6E 00
         74 00 3A 00
         74 00 31 00
         3D 00 72 00
         31 00 3B 00
         2D 00 33 00
         32 00 37 00
         36 00 38 00
         3B 00 33 00
         32 00 37 00
         36 00 37 00
         3B 00 22 00
         2C 00 31 00
         32 00 38 00
         2C 00 30 00
         2C 00 30 00
         2C 00 30 00
         0D 00 0A 00
00008044                    	.CODE
00000086                    	.debug
00000086 2E 00 73 00        		.dw '.stabs "char:t2=r2;0;127;",128,0,0,0',0x0d,0x0a
         74 00 61 00
         62 00 73 00
         20 00 22 00
         63 00 68 00
         61 00 72 00
         3A 00 74 00
         32 00 3D 00
         72 00 32 00
         3B 00 30 00
         3B 00 31 00
         32 00 37 00
         3B 00 22 00
         2C 00 31 00
         32 00 38 00
         2C 00 30 00
         2C 00 30 00
         2C 00 30 00
         0D 00 0A 00
00008044                    	.CODE
000000AC                    	.debug
000000AC 2E 00 73 00        		.dw '.stabs "long int:t3=r3;-2147483648;2147483647;",128,0,0,0',0x0d,0x0a
         74 00 61 00
         62 00 73 00
         20 00 22 00
         6C 00 6F 00
         6E 00 67 00
         20 00 69 00
         6E 00 74 00
         3A 00 74 00
         33 00 3D 00
         72 00 33 00
         3B 00 2D 00
         32 00 31 00
         34 00 37 00
         34 00 38 00
         33 00 36 00
         34 00 38 00
         3B 00 32 00
         31 00 34 00
         37 00 34 00
         38 00 33 00
         36 00 34 00
         37 00 3B 00
         22 00 2C 00
         31 00 32 00
         38 00 2C 00
         30 00 2C 00
         30 00 2C 00
         30 00 0D 00
         0A 00      
00008044                    	.CODE
000000E7                    	.debug
000000E7 2E 00 73 00        		.dw '.stabs "unsigned int:t4=r4;0;65535;",128,0,0,0',0x0d,0x0a
         74 00 61 00
         62 00 73 00
         20 00 22 00
         75 00 6E 00
         73 00 69 00
         67 00 6E 00
         65 00 64 00
         20 00 69 00
         6E 00 74 00
         3A 00 74 00
         34 00 3D 00
         72 00 34 00
         3B 00 30 00
         3B 00 36 00
         35 00 35 00
         33 00 35 00
         3B 00 22 00
         2C 00 31 00
         32 00 38 00
         2C 00 30 00
         2C 00 30 00
         2C 00 30 00
         0D 00 0A 00
00008044                    	.CODE
00000117                    	.debug
00000117 2E 00 73 00        		.dw '.stabs "long unsigned int:t5=r5;0;4294967295;",128,0,0,0',0x0d,0x0a
         74 00 61 00
         62 00 73 00
         20 00 22 00
         6C 00 6F 00
         6E 00 67 00
         20 00 75 00
         6E 00 73 00
         69 00 67 00
         6E 00 65 00
         64 00 20 00
         69 00 6E 00
         74 00 3A 00
         74 00 35 00
         3D 00 72 00
         35 00 3B 00
         30 00 3B 00
         34 00 32 00
         39 00 34 00
         39 00 36 00
         37 00 32 00
         39 00 35 00
         3B 00 22 00
         2C 00 31 00
         32 00 38 00
         2C 00 30 00
         2C 00 30 00
         2C 00 30 00
         0D 00 0A 00
00008044                    	.CODE
00000151                    	.debug
00000151 2E 00 73 00        		.dw '.stabs "long long int:t6=r6;-2147483648;2147483647;",128,0,0,0',0x0d,0x0a
         74 00 61 00
         62 00 73 00
         20 00 22 00
         6C 00 6F 00
         6E 00 67 00
         20 00 6C 00
         6F 00 6E 00
         67 00 20 00
         69 00 6E 00
         74 00 3A 00
         74 00 36 00
         3D 00 72 00
         36 00 3B 00
         2D 00 32 00
         31 00 34 00
         37 00 34 00
         38 00 33 00
         36 00 34 00
         38 00 3B 00
         32 00 31 00
         34 00 37 00
         34 00 38 00
         33 00 36 00
         34 00 37 00
         3B 00 22 00
         2C 00 31 00
         32 00 38 00
         2C 00 30 00
         2C 00 30 00
         2C 00 30 00
         0D 00 0A 00
00008044                    	.CODE
00000191                    	.debug
00000191 2E 00 73 00        		.dw '.stabs "long long unsigned int:t7=r7;0;4294967295;",128,0,0,0',0x0d,0x0a
         74 00 61 00
         62 00 73 00
         20 00 22 00
         6C 00 6F 00
         6E 00 67 00
         20 00 6C 00
         6F 00 6E 00
         67 00 20 00
         75 00 6E 00
         73 00 69 00
         67 00 6E 00
         65 00 64 00
         20 00 69 00
         6E 00 74 00
         3A 00 74 00
         37 00 3D 00
         72 00 37 00
         3B 00 30 00
         3B 00 34 00
         32 00 39 00
         34 00 39 00
         36 00 37 00
         32 00 39 00
         35 00 3B 00
         22 00 2C 00
         31 00 32 00
         38 00 2C 00
         30 00 2C 00
         30 00 2C 00
         30 00 0D 00
         0A 00      
00008044                    	.CODE
000001D0                    	.debug
000001D0 2E 00 73 00        		.dw '.stabs "short int:t8=r8;-32768;32767;",128,0,0,0',0x0d,0x0a
         74 00 61 00
         62 00 73 00
         20 00 22 00
         73 00 68 00
         6F 00 72 00
         74 00 20 00
         69 00 6E 00
         74 00 3A 00
         74 00 38 00
         3D 00 72 00
         38 00 3B 00
         2D 00 33 00
         32 00 37 00
         36 00 38 00
         3B 00 33 00
         32 00 37 00
         36 00 37 00
         3B 00 22 00
         2C 00 31 00
         32 00 38 00
         2C 00 30 00
         2C 00 30 00
         2C 00 30 00
         0D 00 0A 00
00008044                    	.CODE
00000202                    	.debug
00000202 2E 00 73 00        		.dw '.stabs "short unsigned int:t9=r9;0;65535;",128,0,0,0',0x0d,0x0a
         74 00 61 00
         62 00 73 00
         20 00 22 00
         73 00 68 00
         6F 00 72 00
         74 00 20 00
         75 00 6E 00
         73 00 69 00
         67 00 6E 00
         65 00 64 00
         20 00 69 00
         6E 00 74 00
         3A 00 74 00
         39 00 3D 00
         72 00 39 00
         3B 00 30 00
         3B 00 36 00
         35 00 35 00
         33 00 35 00
         3B 00 22 00
         2C 00 31 00
         32 00 38 00
         2C 00 30 00
         2C 00 30 00
         2C 00 30 00
         0D 00 0A 00
00008044                    	.CODE
00000238                    	.debug
00000238 2E 00 73 00        		.dw '.stabs "signed char:t10=r10;-32768;32767;",128,0,0,0',0x0d,0x0a
         74 00 61 00
         62 00 73 00
         20 00 22 00
         73 00 69 00
         67 00 6E 00
         65 00 64 00
         20 00 63 00
         68 00 61 00
         72 00 3A 00
         74 00 31 00
         30 00 3D 00
         72 00 31 00
         30 00 3B 00
         2D 00 33 00
         32 00 37 00
         36 00 38 00
         3B 00 33 00
         32 00 37 00
         36 00 37 00
         3B 00 22 00
         2C 00 31 00
         32 00 38 00
         2C 00 30 00
         2C 00 30 00
         2C 00 30 00
         0D 00 0A 00
00008044                    	.CODE
0000026E                    	.debug
0000026E 2E 00 73 00        		.dw '.stabs "unsigned char:t11=r11;0;65535;",128,0,0,0',0x0d,0x0a
         74 00 61 00
         62 00 73 00
         20 00 22 00
         75 00 6E 00
         73 00 69 00
         67 00 6E 00
         65 00 64 00
         20 00 63 00
         68 00 61 00
         72 00 3A 00
         74 00 31 00
         31 00 3D 00
         72 00 31 00
         31 00 3B 00
         30 00 3B 00
         36 00 35 00
         35 00 33 00
         35 00 3B 00
         22 00 2C 00
         31 00 32 00
         38 00 2C 00
         30 00 2C 00
         30 00 2C 00
         30 00 0D 00
         0A 00      
00008044                    	.CODE
000002A1                    	.debug
000002A1 2E 00 73 00        		.dw '.stabs "float:t12=r1;2;0;",128,0,0,0',0x0d,0x0a
         74 00 61 00
         62 00 73 00
         20 00 22 00
         66 00 6C 00
         6F 00 61 00
         74 00 3A 00
         74 00 31 00
         32 00 3D 00
         72 00 31 00
         3B 00 32 00
         3B 00 30 00
         3B 00 22 00
         2C 00 31 00
         32 00 38 00
         2C 00 30 00
         2C 00 30 00
         2C 00 30 00
         0D 00 0A 00
00008044                    	.CODE
000002C7                    	.debug
000002C7 2E 00 73 00        		.dw '.stabs "double:t13=r1;2;0;",128,0,0,0',0x0d,0x0a
         74 00 61 00
         62 00 73 00
         20 00 22 00
         64 00 6F 00
         75 00 62 00
         6C 00 65 00
         3A 00 74 00
         31 00 33 00
         3D 00 72 00
         31 00 3B 00
         32 00 3B 00
         30 00 3B 00
         22 00 2C 00
         31 00 32 00
         38 00 2C 00
         30 00 2C 00
         30 00 2C 00
         30 00 0D 00
         0A 00      
00008044                    	.CODE
000002EE                    	.debug
000002EE 2E 00 73 00        		.dw '.stabs "long double:t14=r1;2;0;",128,0,0,0',0x0d,0x0a
         74 00 61 00
         62 00 73 00
         20 00 22 00
         6C 00 6F 00
         6E 00 67 00
         20 00 64 00
         6F 00 75 00
         62 00 6C 00
         65 00 3A 00
         74 00 31 00
         34 00 3D 00
         72 00 31 00
         3B 00 32 00
         3B 00 30 00
         3B 00 22 00
         2C 00 31 00
         32 00 38 00
         2C 00 30 00
         2C 00 30 00
         2C 00 30 00
         0D 00 0A 00
00008044                    	.CODE
0000031A                    	.debug
0000031A 2E 00 73 00        		.dw '.stabs "complex int:t15=s2real:1,0,16;imag:1,16,16;;",128,0,0,0',0x0d,0x0a
         74 00 61 00
         62 00 73 00
         20 00 22 00
         63 00 6F 00
         6D 00 70 00
         6C 00 65 00
         78 00 20 00
         69 00 6E 00
         74 00 3A 00
         74 00 31 00
         35 00 3D 00
         73 00 32 00
         72 00 65 00
         61 00 6C 00
         3A 00 31 00
         2C 00 30 00
         2C 00 31 00
         36 00 3B 00
         69 00 6D 00
         61 00 67 00
         3A 00 31 00
         2C 00 31 00
         36 00 2C 00
         31 00 36 00
         3B 00 3B 00
         22 00 2C 00
         31 00 32 00
         38 00 2C 00
         30 00 2C 00
         30 00 2C 00
         30 00 0D 00
         0A 00      
00008044                    	.CODE
0000035B                    	.debug
0000035B 2E 00 73 00        		.dw '.stabs "complex float:t16=r16;2;0;",128,0,0,0',0x0d,0x0a
         74 00 61 00
         62 00 73 00
         20 00 22 00
         63 00 6F 00
         6D 00 70 00
         6C 00 65 00
         78 00 20 00
         66 00 6C 00
         6F 00 61 00
         74 00 3A 00
         74 00 31 00
         36 00 3D 00
         72 00 31 00
         36 00 3B 00
         32 00 3B 00
         30 00 3B 00
         22 00 2C 00
         31 00 32 00
         38 00 2C 00
         30 00 2C 00
         30 00 2C 00
         30 00 0D 00
         0A 00      
00008044                    	.CODE
0000038A                    	.debug
0000038A 2E 00 73 00        		.dw '.stabs "complex double:t17=r17;2;0;",128,0,0,0',0x0d,0x0a
         74 00 61 00
         62 00 73 00
         20 00 22 00
         63 00 6F 00
         6D 00 70 00
         6C 00 65 00
         78 00 20 00
         64 00 6F 00
         75 00 62 00
         6C 00 65 00
         3A 00 74 00
         31 00 37 00
         3D 00 72 00
         31 00 37 00
         3B 00 32 00
         3B 00 30 00
         3B 00 22 00
         2C 00 31 00
         32 00 38 00
         2C 00 30 00
         2C 00 30 00
         2C 00 30 00
         0D 00 0A 00
00008044                    	.CODE
000003BA                    	.debug
000003BA 2E 00 73 00        		.dw '.stabs "complex long double:t18=r18;2;0;",128,0,0,0',0x0d,0x0a
         74 00 61 00
         62 00 73 00
         20 00 22 00
         63 00 6F 00
         6D 00 70 00
         6C 00 65 00
         78 00 20 00
         6C 00 6F 00
         6E 00 67 00
         20 00 64 00
         6F 00 75 00
         62 00 6C 00
         65 00 3A 00
         74 00 31 00
         38 00 3D 00
         72 00 31 00
         38 00 3B 00
         32 00 3B 00
         30 00 3B 00
         22 00 2C 00
         31 00 32 00
         38 00 2C 00
         30 00 2C 00
         30 00 2C 00
         30 00 0D 00
         0A 00      
00008044                    	.CODE
000003EF                    	.debug
000003EF 2E 00 73 00        		.dw '.stabs "void:t19=19",128,0,0,0',0x0d,0x0a
         74 00 61 00
         62 00 73 00
         20 00 22 00
         76 00 6F 00
         69 00 64 00
         3A 00 74 00
         31 00 39 00
         3D 00 31 00
         39 00 22 00
         2C 00 31 00
         32 00 38 00
         2C 00 30 00
         2C 00 30 00
         2C 00 30 00
         0D 00 0A 00
00008044                    	.CODE
                            	.public _Flag
00000001                    	.iram
                            	_Flag:
00000001 00 00              		.dw 0
0000040F                    	.debug
0000040F 2E 00 73 00        		.dw '.stabs "Flag:G4",32,0,0,',0,0,offset _Flag,seg _Flag,0x0d,0x0a
         74 00 61 00
         62 00 73 00
         20 00 22 00
         46 00 6C 00
         61 00 67 00
         3A 00 47 00
         34 00 22 00
         2C 00 33 00
         32 00 2C 00
         30 00 2C 00
         30 00 2C 00
         00 00 00 00
         00 00 00 00
         0D 00 0A 00
00008044                    	.CODE
                            	// ISR ATTRIBUTE FUNCTION, LOCATE in .text SECTION
00008009                    	.text
0000042D                    	.debug
0000042D 2E 00 73 00        		.dw '.stabs "IRQ5:F19",36,0,0,',0,0,offset _IRQ5,seg _IRQ5,0x0d,0x0a
         74 00 61 00
         62 00 73 00
         20 00 22 00
         49 00 52 00
         51 00 35 00
         3A 00 46 00
         31 00 39 00
         22 00 2C 00
         33 00 36 00
         2C 00 30 00
         2C 00 30 00
         2C 00 00 00
         00 00 00 00
         00 00 0D 00
         0A 00      
00008009                    	.TEXT
                            	.public _IRQ5
                            	_IRQ5:	.proc
0000044C                    	.debug
0000044C 2E 00 73 00        		.dw '.stabn 0x44,0,5,',0,0
         74 00 61 00
         62 00 6E 00
         20 00 30 00
         78 00 34 00
         34 00 2C 00
         30 00 2C 00
         35 00 2C 00
         00 00 00 00
0000045E 00 00 00 00        		.dd LM1-_IRQ5
00000460 0D 00 0A 00        		.dw 0x0d,0x0a
00008009                    	.text
                            	LM1:
                            		// ISR ATTRIBUTE FUNCTION, PUSH r1,bp
00008009 A8 DA              		push r1,bp to [sp]
                            	
                            		// total=0, vars=0
                            		// frame_pointer_needed: 1
0000800A 08 0B 01 00        		bp=sp+1
                            	
0000800C 0D 03 03 00        		R1=BP+3
00000462                    	.debug
00000462 2E 00 73 00        		.dw '.stabn 0x44,0,6,',0,0
         74 00 61 00
         62 00 6E 00
         20 00 30 00
         78 00 34 00
         34 00 2C 00
         30 00 2C 00
         36 00 2C 00
         00 00 00 00
00000474 05 00 00 00        		.dd LM2-_IRQ5
00000476 0D 00 0A 00        		.dw 0x0d,0x0a
0000800E                    	.text
                            	LM2:
0000800E 48 94              		R2=8	// QImode move
0000800F 1A D5 11 70        		[28689]=R2	// QImode move
00000478                    	.debug
00000478 2E 00 73 00        		.dw '.stabn 0x44,0,7,',0,0
         74 00 61 00
         62 00 6E 00
         20 00 30 00
         78 00 34 00
         34 00 2C 00
         30 00 2C 00
         37 00 2C 00
         00 00 00 00
0000048A 08 00 00 00        		.dd LM3-_IRQ5
0000048C 0D 00 0A 00        		.dw 0x0d,0x0a
00008011                    	.text
                            	LM3:
00008011 12 95 01 00        		R2=[_Flag]	// QImode move
00008013 40 44              		CMP R2,0	// QImode test
00008014 0A 4E 01 EE        		NSJNZ L3	//QImode NE
         00 EE      
0000048E                    	.debug
0000048E 2E 00 73 00        		.dw '.stabn 0x44,0,9,',0,0
         74 00 61 00
         62 00 6E 00
         20 00 30 00
         78 00 34 00
         34 00 2C 00
         30 00 2C 00
         39 00 2C 00
         00 00 00 00
000004A0 0E 00 00 00        		.dd LM4-_IRQ5
000004A2 0D 00 0A 00        		.dw 0x0d,0x0a
00008017                    	.text
                            	LM4:
00008017 41 94              		R2=1	// QImode move
00008018 1A D5 01 00        		[_Flag]=R2	// QImode move
000004A4                    	.debug
000004A4 2E 00 73 00        		.dw '.stabn 0x44,0,10,',0,0
         74 00 61 00
         62 00 6E 00
         20 00 30 00
         78 00 34 00
         34 00 2C 00
         30 00 2C 00
         31 00 30 00
         2C 00 00 00
         00 00      
000004B7 11 00 00 00        		.dd LM5-_IRQ5
000004B9 0D 00 0A 00        		.dw 0x0d,0x0a
0000801A                    	.text
                            	LM5:
0000801A 40 94              		R2=0	// QImode move
0000801B 1A D5 05 70        		[28677]=R2	// QImode move
000004BB                    	.debug
000004BB 2E 00 73 00        		.dw '.stabn 0x44,0,11,',0,0
         74 00 61 00
         62 00 6E 00
         20 00 30 00
         78 00 34 00
         34 00 2C 00
         30 00 2C 00
         31 00 31 00
         2C 00 00 00
         00 00      
000004CE 14 00 00 00        		.dd LM6-_IRQ5
000004D0 0D 00 0A 00        		.dw 0x0d,0x0a
0000801D                    	.text
                            	LM6:
0000801D 0F 9F 25 80        		pc=L4	// Indirect jump
                            	L3:
000004D2                    	.debug
000004D2 2E 00 73 00        		.dw '.stabn 0x44,0,14,',0,0
         74 00 61 00
         62 00 6E 00
         20 00 30 00
         78 00 34 00
         34 00 2C 00
         30 00 2C 00
         31 00 34 00
         2C 00 00 00
         00 00      
000004E5 16 00 00 00        		.dd LM7-_IRQ5
000004E7 0D 00 0A 00        		.dw 0x0d,0x0a
0000801F                    	.text
                            	LM7:
0000801F 40 94              		R2=0	// QImode move
00008020 1A D5 01 00        		[_Flag]=R2	// QImode move
000004E9                    	.debug
000004E9 2E 00 73 00        		.dw '.stabn 0x44,0,15,',0,0
         74 00 61 00
         62 00 6E 00
         20 00 30 00
         78 00 34 00
         34 00 2C 00
         30 00 2C 00
         31 00 35 00
         2C 00 00 00
         00 00      
000004FC 19 00 00 00        		.dd LM8-_IRQ5
000004FE 0D 00 0A 00        		.dw 0x0d,0x0a
00008022                    	.text
                            	LM8:
00008022 41 64              		R2=(-1)	// QImode move
00008023 1A D5 05 70        		[28677]=R2	// QImode move
                            	L4:
00000500                    	.debug
00000500 2E 00 73 00        		.dw '.stabn 0x44,0,17,',0,0
         74 00 61 00
         62 00 6E 00
         20 00 30 00
         78 00 34 00
         34 00 2C 00
         30 00 2C 00
         31 00 37 00
         2C 00 00 00
         00 00      
00000513 1C 00 00 00        		.dd LM9-_IRQ5
00000515 0D 00 0A 00        		.dw 0x0d,0x0a
00008025                    	.text
                            	LM9:
00000517                    	.debug
00000517 2E 00 73 00        		.dw '.stabn 0x44,0,17,',0,0
         74 00 61 00
         62 00 6E 00
         20 00 30 00
         78 00 34 00
         34 00 2C 00
         30 00 2C 00
         31 00 37 00
         2C 00 00 00
         00 00      
0000052A 1C 00 00 00        		.dd LM10-_IRQ5
0000052C 0D 00 0A 00        		.dw 0x0d,0x0a
00008025                    	.text
                            	LM10:
                            	L2:
                            	
                            		// ISR ATTRIBUTE FUNCTION, POP r1,bp
00008025 A8 90              		pop r1,bp from [sp]
00008026 98 9A              		reti
                            		.endp	// end of IRQ5
                            	
0000052E                    	.debug
0000052E 2E 00 73 00        		.dw '.stabf ',0,0
         74 00 61 00
         62 00 66 00
         20 00 00 00
         00 00      
00000537 1E 00 00 00        		.dd LME1-_IRQ5
00000539 0D 00 0A 00        		.dw 0x0d,0x0a
00008027                    	.text
                            	LME1:
00008044                    	.code
0000053B                    	.debug
0000053B 2E 00 73 00        		.dw '.stabs "main:F1",36,0,0,',0,0,offset _main,seg _main,0x0d,0x0a
         74 00 61 00
         62 00 73 00
         20 00 22 00
         6D 00 61 00
         69 00 6E 00
         3A 00 46 00
         31 00 22 00
         2C 00 33 00
         36 00 2C 00
         30 00 2C 00
         30 00 2C 00
         00 00 00 00
         00 00 00 00
         0D 00 0A 00
00008044                    	.CODE
                            	.public _main
                            	_main:	.proc
00000559                    	.debug
00000559 2E 00 73 00        		.dw '.stabn 0x44,0,20,',0,0
         74 00 61 00
         62 00 6E 00
         20 00 30 00
         78 00 34 00
         34 00 2C 00
         30 00 2C 00
         32 00 30 00
         2C 00 00 00
         00 00      
0000056C 00 00 00 00        		.dd LM11-_main
0000056E 0D 00 0A 00        		.dw 0x0d,0x0a
00008044                    	.code
                            	LM11:
                            		// total=0, vars=0
                            		// frame_pointer_needed: 1
00008044 88 DA              		push bp to [sp]
00008045 08 0B 01 00        		bp=sp+1
                            	
00008047 0D 03 03 00        		R1=BP+3
00000570                    	.debug
00000570 2E 00 73 00        		.dw '.stabn 0x44,0,21,',0,0
         74 00 61 00
         62 00 6E 00
         20 00 30 00
         78 00 34 00
         34 00 2C 00
         30 00 2C 00
         32 00 31 00
         2C 00 00 00
         00 00      
00000583 05 00 00 00        		.dd LM12-_main
00000585 0D 00 0A 00        		.dw 0x0d,0x0a
00008049                    	.code
                            	LM12:
00008049 41 64              		R2=(-1)	// QImode move
0000804A 1A D5 02 70        		[28674]=R2	// QImode move
00000587                    	.debug
00000587 2E 00 73 00        		.dw '.stabn 0x44,0,22,',0,0
         74 00 61 00
         62 00 6E 00
         20 00 30 00
         78 00 34 00
         34 00 2C 00
         30 00 2C 00
         32 00 32 00
         2C 00 00 00
         00 00      
0000059A 08 00 00 00        		.dd LM13-_main
0000059C 0D 00 0A 00        		.dw 0x0d,0x0a
0000804C                    	.code
                            	LM13:
0000804C 41 64              		R2=(-1)	// QImode move
0000804D 1A D5 03 70        		[28675]=R2	// QImode move
0000059E                    	.debug
0000059E 2E 00 73 00        		.dw '.stabn 0x44,0,23,',0,0
         74 00 61 00
         62 00 6E 00
         20 00 30 00
         78 00 34 00
         34 00 2C 00
         30 00 2C 00
         32 00 33 00
         2C 00 00 00
         00 00      
000005B1 0B 00 00 00        		.dd LM14-_main
000005B3 0D 00 0A 00        		.dw 0x0d,0x0a
0000804F                    	.code
                            	LM14:
0000804F 41 64              		R2=(-1)	// QImode move
00008050 1A D5 00 70        		[28672]=R2	// QImode move
000005B5                    	.debug
000005B5 2E 00 73 00        		.dw '.stabn 0x44,0,24,',0,0
         74 00 61 00
         62 00 6E 00
         20 00 30 00
         78 00 34 00
         34 00 2C 00
         30 00 2C 00
         32 00 34 00
         2C 00 00 00
         00 00      
000005C8 0E 00 00 00        		.dd LM15-_main
000005CA 0D 00 0A 00        		.dw 0x0d,0x0a
00008052                    	.code
                            	LM15:
00008052 41 64              		R2=(-1)	// QImode move
00008053 1A D5 07 70        		[28679]=R2	// QImode move
000005CC                    	.debug
000005CC 2E 00 73 00        		.dw '.stabn 0x44,0,25,',0,0
         74 00 61 00
         62 00 6E 00
         20 00 30 00
         78 00 34 00
         34 00 2C 00
         30 00 2C 00
         32 00 35 00
         2C 00 00 00
         00 00      
000005DF 11 00 00 00        		.dd LM16-_main
000005E1 0D 00 0A 00        		.dw 0x0d,0x0a
00008055                    	.code
                            	LM16:
00008055 41 64              		R2=(-1)	// QImode move
00008056 1A D5 08 70        		[28680]=R2	// QImode move
000005E3                    	.debug
000005E3 2E 00 73 00        		.dw '.stabn 0x44,0,26,',0,0
         74 00 61 00
         62 00 6E 00
         20 00 30 00
         78 00 34 00
         34 00 2C 00
         30 00 2C 00
         32 00 36 00
         2C 00 00 00
         00 00      
000005F6 14 00 00 00        		.dd LM17-_main
000005F8 0D 00 0A 00        		.dw 0x0d,0x0a
00008058                    	.code
                            	LM17:
00008058 41 64              		R2=(-1)	// QImode move
00008059 1A D5 05 70        		[28677]=R2	// QImode move
000005FA                    	.debug
000005FA 2E 00 73 00        		.dw '.stabn 0x44,0,27,',0,0
         74 00 61 00
         62 00 6E 00
         20 00 30 00
         78 00 34 00
         34 00 2C 00
         30 00 2C 00
         32 00 37 00
         2C 00 00 00
         00 00      
0000060D 17 00 00 00        		.dd LM18-_main
0000060F 0D 00 0A 00        		.dw 0x0d,0x0a
0000805B                    	.code
                            	LM18:
0000805B 48 94              		R2=8	// QImode move
0000805C 1A D5 10 70        		[28688]=R2	// QImode move
00000611                    	.debug
00000611 2E 00 73 00        		.dw '.stabn 0x44,0,28,',0,0
         74 00 61 00
         62 00 6E 00
         20 00 30 00
         78 00 34 00
         34 00 2C 00
         30 00 2C 00
         32 00 38 00
         2C 00 00 00
         00 00      
00000624 1A 00 00 00        		.dd LM19-_main
00000626 0D 00 0A 00        		.dw 0x0d,0x0a
0000805E                    	.code
                            	LM19:
0000805E 48 94              		R2=8	// QImode move
0000805F 1A D5 2D 70        		[28717]=R2	// QImode move
00000628                    	.debug
00000628 2E 00 73 00        		.dw '.stabn 0x44,0,30,',0,0
         74 00 61 00
         62 00 6E 00
         20 00 30 00
         78 00 34 00
         34 00 2C 00
         30 00 2C 00
         33 00 30 00
         2C 00 00 00
         00 00      
0000063B 1D 00 00 00        		.dd LM20-_main
0000063D 0D 00 0A 00        		.dw 0x0d,0x0a
00008061                    	.code
                            	LM20:
                            	// GCC inline ASM start
00008061 41 F1              		INT IRQ
                            	// GCC inline ASM end
0000063F                    	.debug
0000063F 2E 00 73 00        		.dw '.stabn 0x44,0,33,',0,0
         74 00 61 00
         62 00 6E 00
         20 00 30 00
         78 00 34 00
         34 00 2C 00
         30 00 2C 00
         33 00 33 00
         2C 00 00 00
         00 00      
00000652 1E 00 00 00        		.dd LM21-_main
00000654 0D 00 0A 00        		.dw 0x0d,0x0a
00008062                    	.code
                            	LM21:
                            	L7:
00008062 0F 9F 66 80        		pc=L9	// Indirect jump
00008064 0F 9F 6B 80        		pc=L8	// Indirect jump
                            	L9:
00000656                    	.debug
00000656 2E 00 73 00        		.dw '.stabn 0x44,0,35,',0,0
         74 00 61 00
         62 00 6E 00
         20 00 30 00
         78 00 34 00
         34 00 2C 00
         30 00 2C 00
         33 00 35 00
         2C 00 00 00
         00 00      
00000669 22 00 00 00        		.dd LM22-_main
0000066B 0D 00 0A 00        		.dw 0x0d,0x0a
00008066                    	.code
                            	LM22:
00008066 41 94              		R2=1	// QImode move
00008067 1A D5 12 70        		[28690]=R2	// QImode move
0000066D                    	.debug
0000066D 2E 00 73 00        		.dw '.stabn 0x44,0,36,',0,0
         74 00 61 00
         62 00 6E 00
         20 00 30 00
         78 00 34 00
         34 00 2C 00
         30 00 2C 00
         33 00 36 00
         2C 00 00 00
         00 00      
00000680 25 00 00 00        		.dd LM23-_main
00000682 0D 00 0A 00        		.dw 0x0d,0x0a
00008069                    	.code
                            	LM23:
00008069 0F 9F 62 80        		pc=L7	// Indirect jump
                            	L8:
00000684                    	.debug
00000684 2E 00 73 00        		.dw '.stabn 0x44,0,37,',0,0
         74 00 61 00
         62 00 6E 00
         20 00 30 00
         78 00 34 00
         34 00 2C 00
         30 00 2C 00
         33 00 37 00
         2C 00 00 00
         00 00      
00000697 27 00 00 00        		.dd LM24-_main
00000699 0D 00 0A 00        		.dw 0x0d,0x0a
0000806B                    	.code
                            	LM24:
0000069B                    	.debug
0000069B 2E 00 73 00        		.dw '.stabn 0x44,0,37,',0,0
         74 00 61 00
         62 00 6E 00
         20 00 30 00
         78 00 34 00
         34 00 2C 00
         30 00 2C 00
         33 00 37 00
         2C 00 00 00
         00 00      
000006AE 27 00 00 00        		.dd LM25-_main
000006B0 0D 00 0A 00        		.dw 0x0d,0x0a
0000806B                    	.code
                            	LM25:
                            	L6:
                            	
0000806B 88 98              		pop bp from [sp]
0000806C 90 9A              		retf
                            		.endp	// end of main
                            	
000006B2                    	.debug
000006B2 2E 00 73 00        		.dw '.stabf ',0,0
         74 00 61 00
         62 00 66 00
         20 00 00 00
         00 00      
000006BB 29 00 00 00        		.dd LME2-_main
000006BD 0D 00 0A 00        		.dw 0x0d,0x0a
0000806D                    	.code
                            	LME2:
                            		.end
0 error(s), 0 warning(s).

