Sunplus u'nSP Assembler - Ver. 1.14.3.1
              Listing File Has Been Relocated
                            	// GCC for SUNPLUS u'nSP version 1.0.21-3
                            	// Command: D:\PROGRA~1\SunPlus\UNSPID~1.0\cc1.exe C:\DOCUME~1\a\LOCALS~1\Temp\ccG0caaa.i -fkeep-inline-functions -quiet -dumpbase main.c -mglobal-var-iram -gstabs -Wall -o .\Debug/main.asm
                            		.external __sn_func_ptr_sec
                            	
                            	// gcc2_compiled.:
                            	
00000000                    	.debug
00000000 2E 00 73 00        		.dw '.stabs "E:/¸öÈË¹¤³ÌÎÄ¼þ¼Ð/ÕÔÓÀ¿Æ/sp1602/",0x64,0,3,',0,0,offset Ltext0,seg Ltext0,0x0d,0x0a
         74 00 61 00
         62 00 73 00
         20 00 22 00
         45 00 3A 00
         2F 00 B8 00
         F6 00 C8 00
         CB 00 B9 00
         A4 00 B3 00
         CC 00 CE 00
         C4 00 BC 00
         FE 00 BC 00
         D0 00 2F 00
         D5 00 D4 00
         D3 00 C0 00
         BF 00 C6 00
         2F 00 73 00
         70 00 31 00
         36 00 30 00
         32 00 2F 00
         22 00 2C 00
         30 00 78 00
         36 00 34 00
         2C 00 30 00
         2C 00 33 00
         2C 00 00 00
         00 00 00 00
         00 00 0D 00
         0A 00      
00008026                    	.code
00000039                    	.debug
00000039 2E 00 73 00        		.dw '.stabs "E:/¸/366È/313¹/244³/314Î/304¼/376¼/320/Õ/324Ó/300¿/306/sp1602/main.c",0x64,0,3,',0,0,offset Ltext0,seg Ltext0,0x0d,0x0a
         74 00 61 00
         62 00 73 00
         20 00 22 00
         45 00 3A 00
         2F 00 B8 00
         2F 00 33 00
         36 00 36 00
         C8 00 2F 00
         33 00 31 00
         33 00 B9 00
         2F 00 32 00
         34 00 34 00
         B3 00 2F 00
         33 00 31 00
         34 00 CE 00
         2F 00 33 00
         30 00 34 00
         BC 00 2F 00
         33 00 37 00
         36 00 BC 00
         2F 00 33 00
         32 00 30 00
         2F 00 D5 00
         2F 00 33 00
         32 00 34 00
         D3 00 2F 00
         33 00 30 00
         30 00 BF 00
         2F 00 33 00
         30 00 36 00
         2F 00 73 00
         70 00 31 00
         36 00 30 00
         32 00 2F 00
         6D 00 61 00
         69 00 6E 00
         2E 00 63 00
         22 00 2C 00
         30 00 78 00
         36 00 34 00
         2C 00 30 00
         2C 00 33 00
         2C 00 00 00
         00 00 00 00
         00 00 0D 00
         0A 00      
00008026                    	.code
00008026                    	.code
                            	Ltext0:
00000096                    	.debug
00000096 2E 00 73 00        		.dw '.stabs "int:t1=r1;-32768;32767;",128,0,0,0',0x0d,0x0a
         74 00 61 00
         62 00 73 00
         20 00 22 00
         69 00 6E 00
         74 00 3A 00
         74 00 31 00
         3D 00 72 00
         31 00 3B 00
         2D 00 33 00
         32 00 37 00
         36 00 38 00
         3B 00 33 00
         32 00 37 00
         36 00 37 00
         3B 00 22 00
         2C 00 31 00
         32 00 38 00
         2C 00 30 00
         2C 00 30 00
         2C 00 30 00
         0D 00 0A 00
00008026                    	.CODE
000000C2                    	.debug
000000C2 2E 00 73 00        		.dw '.stabs "char:t2=r2;0;127;",128,0,0,0',0x0d,0x0a
         74 00 61 00
         62 00 73 00
         20 00 22 00
         63 00 68 00
         61 00 72 00
         3A 00 74 00
         32 00 3D 00
         72 00 32 00
         3B 00 30 00
         3B 00 31 00
         32 00 37 00
         3B 00 22 00
         2C 00 31 00
         32 00 38 00
         2C 00 30 00
         2C 00 30 00
         2C 00 30 00
         0D 00 0A 00
00008026                    	.CODE
000000E8                    	.debug
000000E8 2E 00 73 00        		.dw '.stabs "long int:t3=r3;-2147483648;2147483647;",128,0,0,0',0x0d,0x0a
         74 00 61 00
         62 00 73 00
         20 00 22 00
         6C 00 6F 00
         6E 00 67 00
         20 00 69 00
         6E 00 74 00
         3A 00 74 00
         33 00 3D 00
         72 00 33 00
         3B 00 2D 00
         32 00 31 00
         34 00 37 00
         34 00 38 00
         33 00 36 00
         34 00 38 00
         3B 00 32 00
         31 00 34 00
         37 00 34 00
         38 00 33 00
         36 00 34 00
         37 00 3B 00
         22 00 2C 00
         31 00 32 00
         38 00 2C 00
         30 00 2C 00
         30 00 2C 00
         30 00 0D 00
         0A 00      
00008026                    	.CODE
00000123                    	.debug
00000123 2E 00 73 00        		.dw '.stabs "unsigned int:t4=r4;0;65535;",128,0,0,0',0x0d,0x0a
         74 00 61 00
         62 00 73 00
         20 00 22 00
         75 00 6E 00
         73 00 69 00
         67 00 6E 00
         65 00 64 00
         20 00 69 00
         6E 00 74 00
         3A 00 74 00
         34 00 3D 00
         72 00 34 00
         3B 00 30 00
         3B 00 36 00
         35 00 35 00
         33 00 35 00
         3B 00 22 00
         2C 00 31 00
         32 00 38 00
         2C 00 30 00
         2C 00 30 00
         2C 00 30 00
         0D 00 0A 00
00008026                    	.CODE
00000153                    	.debug
00000153 2E 00 73 00        		.dw '.stabs "long unsigned int:t5=r5;0;4294967295;",128,0,0,0',0x0d,0x0a
         74 00 61 00
         62 00 73 00
         20 00 22 00
         6C 00 6F 00
         6E 00 67 00
         20 00 75 00
         6E 00 73 00
         69 00 67 00
         6E 00 65 00
         64 00 20 00
         69 00 6E 00
         74 00 3A 00
         74 00 35 00
         3D 00 72 00
         35 00 3B 00
         30 00 3B 00
         34 00 32 00
         39 00 34 00
         39 00 36 00
         37 00 32 00
         39 00 35 00
         3B 00 22 00
         2C 00 31 00
         32 00 38 00
         2C 00 30 00
         2C 00 30 00
         2C 00 30 00
         0D 00 0A 00
00008026                    	.CODE
0000018D                    	.debug
0000018D 2E 00 73 00        		.dw '.stabs "long long int:t6=r6;-2147483648;2147483647;",128,0,0,0',0x0d,0x0a
         74 00 61 00
         62 00 73 00
         20 00 22 00
         6C 00 6F 00
         6E 00 67 00
         20 00 6C 00
         6F 00 6E 00
         67 00 20 00
         69 00 6E 00
         74 00 3A 00
         74 00 36 00
         3D 00 72 00
         36 00 3B 00
         2D 00 32 00
         31 00 34 00
         37 00 34 00
         38 00 33 00
         36 00 34 00
         38 00 3B 00
         32 00 31 00
         34 00 37 00
         34 00 38 00
         33 00 36 00
         34 00 37 00
         3B 00 22 00
         2C 00 31 00
         32 00 38 00
         2C 00 30 00
         2C 00 30 00
         2C 00 30 00
         0D 00 0A 00
00008026                    	.CODE
000001CD                    	.debug
000001CD 2E 00 73 00        		.dw '.stabs "long long unsigned int:t7=r7;0;4294967295;",128,0,0,0',0x0d,0x0a
         74 00 61 00
         62 00 73 00
         20 00 22 00
         6C 00 6F 00
         6E 00 67 00
         20 00 6C 00
         6F 00 6E 00
         67 00 20 00
         75 00 6E 00
         73 00 69 00
         67 00 6E 00
         65 00 64 00
         20 00 69 00
         6E 00 74 00
         3A 00 74 00
         37 00 3D 00
         72 00 37 00
         3B 00 30 00
         3B 00 34 00
         32 00 39 00
         34 00 39 00
         36 00 37 00
         32 00 39 00
         35 00 3B 00
         22 00 2C 00
         31 00 32 00
         38 00 2C 00
         30 00 2C 00
         30 00 2C 00
         30 00 0D 00
         0A 00      
00008026                    	.CODE
0000020C                    	.debug
0000020C 2E 00 73 00        		.dw '.stabs "short int:t8=r8;-32768;32767;",128,0,0,0',0x0d,0x0a
         74 00 61 00
         62 00 73 00
         20 00 22 00
         73 00 68 00
         6F 00 72 00
         74 00 20 00
         69 00 6E 00
         74 00 3A 00
         74 00 38 00
         3D 00 72 00
         38 00 3B 00
         2D 00 33 00
         32 00 37 00
         36 00 38 00
         3B 00 33 00
         32 00 37 00
         36 00 37 00
         3B 00 22 00
         2C 00 31 00
         32 00 38 00
         2C 00 30 00
         2C 00 30 00
         2C 00 30 00
         0D 00 0A 00
00008026                    	.CODE
0000023E                    	.debug
0000023E 2E 00 73 00        		.dw '.stabs "short unsigned int:t9=r9;0;65535;",128,0,0,0',0x0d,0x0a
         74 00 61 00
         62 00 73 00
         20 00 22 00
         73 00 68 00
         6F 00 72 00
         74 00 20 00
         75 00 6E 00
         73 00 69 00
         67 00 6E 00
         65 00 64 00
         20 00 69 00
         6E 00 74 00
         3A 00 74 00
         39 00 3D 00
         72 00 39 00
         3B 00 30 00
         3B 00 36 00
         35 00 35 00
         33 00 35 00
         3B 00 22 00
         2C 00 31 00
         32 00 38 00
         2C 00 30 00
         2C 00 30 00
         2C 00 30 00
         0D 00 0A 00
00008026                    	.CODE
00000274                    	.debug
00000274 2E 00 73 00        		.dw '.stabs "signed char:t10=r10;-32768;32767;",128,0,0,0',0x0d,0x0a
         74 00 61 00
         62 00 73 00
         20 00 22 00
         73 00 69 00
         67 00 6E 00
         65 00 64 00
         20 00 63 00
         68 00 61 00
         72 00 3A 00
         74 00 31 00
         30 00 3D 00
         72 00 31 00
         30 00 3B 00
         2D 00 33 00
         32 00 37 00
         36 00 38 00
         3B 00 33 00
         32 00 37 00
         36 00 37 00
         3B 00 22 00
         2C 00 31 00
         32 00 38 00
         2C 00 30 00
         2C 00 30 00
         2C 00 30 00
         0D 00 0A 00
00008026                    	.CODE
000002AA                    	.debug
000002AA 2E 00 73 00        		.dw '.stabs "unsigned char:t11=r11;0;65535;",128,0,0,0',0x0d,0x0a
         74 00 61 00
         62 00 73 00
         20 00 22 00
         75 00 6E 00
         73 00 69 00
         67 00 6E 00
         65 00 64 00
         20 00 63 00
         68 00 61 00
         72 00 3A 00
         74 00 31 00
         31 00 3D 00
         72 00 31 00
         31 00 3B 00
         30 00 3B 00
         36 00 35 00
         35 00 33 00
         35 00 3B 00
         22 00 2C 00
         31 00 32 00
         38 00 2C 00
         30 00 2C 00
         30 00 2C 00
         30 00 0D 00
         0A 00      
00008026                    	.CODE
000002DD                    	.debug
000002DD 2E 00 73 00        		.dw '.stabs "float:t12=r1;2;0;",128,0,0,0',0x0d,0x0a
         74 00 61 00
         62 00 73 00
         20 00 22 00
         66 00 6C 00
         6F 00 61 00
         74 00 3A 00
         74 00 31 00
         32 00 3D 00
         72 00 31 00
         3B 00 32 00
         3B 00 30 00
         3B 00 22 00
         2C 00 31 00
         32 00 38 00
         2C 00 30 00
         2C 00 30 00
         2C 00 30 00
         0D 00 0A 00
00008026                    	.CODE
00000303                    	.debug
00000303 2E 00 73 00        		.dw '.stabs "double:t13=r1;2;0;",128,0,0,0',0x0d,0x0a
         74 00 61 00
         62 00 73 00
         20 00 22 00
         64 00 6F 00
         75 00 62 00
         6C 00 65 00
         3A 00 74 00
         31 00 33 00
         3D 00 72 00
         31 00 3B 00
         32 00 3B 00
         30 00 3B 00
         22 00 2C 00
         31 00 32 00
         38 00 2C 00
         30 00 2C 00
         30 00 2C 00
         30 00 0D 00
         0A 00      
00008026                    	.CODE
0000032A                    	.debug
0000032A 2E 00 73 00        		.dw '.stabs "long double:t14=r1;2;0;",128,0,0,0',0x0d,0x0a
         74 00 61 00
         62 00 73 00
         20 00 22 00
         6C 00 6F 00
         6E 00 67 00
         20 00 64 00
         6F 00 75 00
         62 00 6C 00
         65 00 3A 00
         74 00 31 00
         34 00 3D 00
         72 00 31 00
         3B 00 32 00
         3B 00 30 00
         3B 00 22 00
         2C 00 31 00
         32 00 38 00
         2C 00 30 00
         2C 00 30 00
         2C 00 30 00
         0D 00 0A 00
00008026                    	.CODE
00000356                    	.debug
00000356 2E 00 73 00        		.dw '.stabs "complex int:t15=s2real:1,0,16;imag:1,16,16;;",128,0,0,0',0x0d,0x0a
         74 00 61 00
         62 00 73 00
         20 00 22 00
         63 00 6F 00
         6D 00 70 00
         6C 00 65 00
         78 00 20 00
         69 00 6E 00
         74 00 3A 00
         74 00 31 00
         35 00 3D 00
         73 00 32 00
         72 00 65 00
         61 00 6C 00
         3A 00 31 00
         2C 00 30 00
         2C 00 31 00
         36 00 3B 00
         69 00 6D 00
         61 00 67 00
         3A 00 31 00
         2C 00 31 00
         36 00 2C 00
         31 00 36 00
         3B 00 3B 00
         22 00 2C 00
         31 00 32 00
         38 00 2C 00
         30 00 2C 00
         30 00 2C 00
         30 00 0D 00
         0A 00      
00008026                    	.CODE
00000397                    	.debug
00000397 2E 00 73 00        		.dw '.stabs "complex float:t16=r16;2;0;",128,0,0,0',0x0d,0x0a
         74 00 61 00
         62 00 73 00
         20 00 22 00
         63 00 6F 00
         6D 00 70 00
         6C 00 65 00
         78 00 20 00
         66 00 6C 00
         6F 00 61 00
         74 00 3A 00
         74 00 31 00
         36 00 3D 00
         72 00 31 00
         36 00 3B 00
         32 00 3B 00
         30 00 3B 00
         22 00 2C 00
         31 00 32 00
         38 00 2C 00
         30 00 2C 00
         30 00 2C 00
         30 00 0D 00
         0A 00      
00008026                    	.CODE
000003C6                    	.debug
000003C6 2E 00 73 00        		.dw '.stabs "complex double:t17=r17;2;0;",128,0,0,0',0x0d,0x0a
         74 00 61 00
         62 00 73 00
         20 00 22 00
         63 00 6F 00
         6D 00 70 00
         6C 00 65 00
         78 00 20 00
         64 00 6F 00
         75 00 62 00
         6C 00 65 00
         3A 00 74 00
         31 00 37 00
         3D 00 72 00
         31 00 37 00
         3B 00 32 00
         3B 00 30 00
         3B 00 22 00
         2C 00 31 00
         32 00 38 00
         2C 00 30 00
         2C 00 30 00
         2C 00 30 00
         0D 00 0A 00
00008026                    	.CODE
000003F6                    	.debug
000003F6 2E 00 73 00        		.dw '.stabs "complex long double:t18=r18;2;0;",128,0,0,0',0x0d,0x0a
         74 00 61 00
         62 00 73 00
         20 00 22 00
         63 00 6F 00
         6D 00 70 00
         6C 00 65 00
         78 00 20 00
         6C 00 6F 00
         6E 00 67 00
         20 00 64 00
         6F 00 75 00
         62 00 6C 00
         65 00 3A 00
         74 00 31 00
         38 00 3D 00
         72 00 31 00
         38 00 3B 00
         32 00 3B 00
         30 00 3B 00
         22 00 2C 00
         31 00 32 00
         38 00 2C 00
         30 00 2C 00
         30 00 2C 00
         30 00 0D 00
         0A 00      
00008026                    	.CODE
0000042B                    	.debug
0000042B 2E 00 73 00        		.dw '.stabs "void:t19=19",128,0,0,0',0x0d,0x0a
         74 00 61 00
         62 00 73 00
         20 00 22 00
         76 00 6F 00
         69 00 64 00
         3A 00 74 00
         31 00 39 00
         3D 00 31 00
         39 00 22 00
         2C 00 31 00
         32 00 38 00
         2C 00 30 00
         2C 00 30 00
         2C 00 30 00
         0D 00 0A 00
00008026                    	.CODE
00008026                    	.code
0000044B                    	.debug
0000044B 2E 00 73 00        		.dw '.stabs "delay:F19",36,0,0,',0,0,offset _delay,seg _delay,0x0d,0x0a
         74 00 61 00
         62 00 73 00
         20 00 22 00
         64 00 65 00
         6C 00 61 00
         79 00 3A 00
         46 00 31 00
         39 00 22 00
         2C 00 33 00
         36 00 2C 00
         30 00 2C 00
         30 00 2C 00
         00 00 00 00
         00 00 00 00
         0D 00 0A 00
00008026                    	.CODE
                            	.public _delay
                            	_delay:	.proc
0000046B                    	.debug
0000046B 2E 00 73 00        		.dw '.stabn 0x44,0,13,',0,0
         74 00 61 00
         62 00 6E 00
         20 00 30 00
         78 00 34 00
         34 00 2C 00
         30 00 2C 00
         31 00 33 00
         2C 00 00 00
         00 00      
0000047E 00 00 00 00        		.dd LM1-_delay
00000480 0D 00 0A 00        		.dw 0x0d,0x0a
00008026                    	.code
                            	LM1:
                            		// total=3, vars=3
                            		// frame_pointer_needed: 1
00008026 88 DA              		push bp to [sp]
00008027 43 20              		sp-=3
00008028 08 0B 01 00        		bp=sp+1
                            	
0000802A 0D 03 06 00        		R1=BP+6
00000482                    	.debug
00000482 2E 00 73 00        		.dw '.stabn 0x44,0,14,',0,0
         74 00 61 00
         62 00 6E 00
         20 00 30 00
         78 00 34 00
         34 00 2C 00
         30 00 2C 00
         31 00 34 00
         2C 00 00 00
         00 00      
00000495 06 00 00 00        		.dd LM2-_delay
00000497 0D 00 0A 00        		.dw 0x0d,0x0a
0000802C                    	.code
                            	LM2:
                            	LBB2:
00000499                    	.debug
00000499 2E 00 73 00        		.dw '.stabn 0x44,0,15,',0,0
         74 00 61 00
         62 00 6E 00
         20 00 30 00
         78 00 34 00
         34 00 2C 00
         30 00 2C 00
         31 00 35 00
         2C 00 00 00
         00 00      
000004AC 06 00 00 00        		.dd LM3-_delay
000004AE 0D 00 0A 00        		.dw 0x0d,0x0a
0000802C                    	.code
                            	LM3:
                            	L3:
0000802C 01 97              		R3=R1	// QImode move
0000802D C3 94              		R2=[R3]	// QImode move
0000802E 40 44              		CMP R2,0	// QImode test
0000802F 04 4E 01 EE        		NSJNZ L6	//QImode NE
         00 EE      
00008032 0F 9F 73 80        		pc=L4	// Indirect jump
                            	L6:
000004B0                    	.debug
000004B0 2E 00 73 00        		.dw '.stabn 0x44,0,16,',0,0
         74 00 61 00
         62 00 6E 00
         20 00 30 00
         78 00 34 00
         34 00 2C 00
         30 00 2C 00
         31 00 36 00
         2C 00 00 00
         00 00      
000004C3 0E 00 00 00        		.dd LM4-_delay
000004C5 0D 00 0A 00        		.dw 0x0d,0x0a
00008034                    	.code
                            	LM4:
00008034 0A 95 C8 00        		R2=200	// QImode move
00008036 C5 D4              		[BP]=R2	// QImode move
                            	L7:
00008037 C5 94              		R2=[BP]	// QImode move
00008038 40 44              		CMP R2,0	// QImode test
00008039 04 4E 01 EE        		NSJNZ L10	//QImode NE
         00 EE      
0000803C 0F 9F 6B 80        		pc=L5	// Indirect jump
                            	L10:
000004C7                    	.debug
000004C7 2E 00 73 00        		.dw '.stabn 0x44,0,17,',0,0
         74 00 61 00
         62 00 6E 00
         20 00 30 00
         78 00 34 00
         34 00 2C 00
         30 00 2C 00
         31 00 37 00
         2C 00 00 00
         00 00      
000004DA 18 00 00 00        		.dd LM5-_delay
000004DC 0D 00 0A 00        		.dw 0x0d,0x0a
0000803E                    	.code
                            	LM5:
0000803E 05 95              		R2=BP	// QImode move
0000803F 0D 07 01 00        		R3=BP+1
00008041 0A 95 64 00        		R2=100	// QImode move
00008043 03 99              		R4=R3	// QImode move
00008044 C4 D4              		[R4]=R2	// QImode move
                            	L11:
00008045 05 95              		R2=BP	// QImode move
00008046 0D 07 01 00        		R3=BP+1
00008048 03 99              		R4=R3	// QImode move
00008049 C4 94              		R2=[R4]	// QImode move
0000804A 40 44              		CMP R2,0	// QImode test
0000804B 04 4E 01 EE        		NSJNZ L14	//QImode NE
         00 EE      
0000804E 0F 9F 65 80        		pc=L9	// Indirect jump
                            	L14:
000004DE                    	.debug
000004DE 2E 00 73 00        		.dw '.stabn 0x44,0,18,',0,0
         74 00 61 00
         62 00 6E 00
         20 00 30 00
         78 00 34 00
         34 00 2C 00
         30 00 2C 00
         31 00 38 00
         2C 00 00 00
         00 00      
000004F1 2A 00 00 00        		.dd LM6-_delay
000004F3 0D 00 0A 00        		.dw 0x0d,0x0a
00008050                    	.code
                            	LM6:
00008050 41 94              		R2=1	// QImode move
00008051 1A D5 12 70        		[28690]=R2	// QImode move
000004F5                    	.debug
000004F5 2E 00 73 00        		.dw '.stabn 0x44,0,17,',0,0
         74 00 61 00
         62 00 6E 00
         20 00 30 00
         78 00 34 00
         34 00 2C 00
         30 00 2C 00
         31 00 37 00
         2C 00 00 00
         00 00      
00000508 2D 00 00 00        		.dd LM7-_delay
0000050A 0D 00 0A 00        		.dw 0x0d,0x0a
00008053                    	.code
                            	LM7:
                            	L13:
00008053 05 95              		R2=BP	// QImode move
00008054 0D 07 01 00        		R3=BP+1
00008056 05 99              		R4=BP	// QImode move
00008057 0D 05 01 00        		R2=BP+1
00008059 05 97              		R3=BP	// QImode move
0000805A 0D 07 01 00        		R3=BP+1
0000805C 02 D6              		[bp+2]=R3	// QImode move
0000805D 02 98              		R4=[bp+2]	// QImode move
0000805E C4 96              		R3=[R4]	// QImode move
0000805F 0B 09 FF FF        		R4=R3+(-1)
00008061 02 97              		R3=R2	// QImode move
00008062 C3 D8              		[R3]=R4	// QImode move
00008063 0F 9F 45 80        		pc=L11	// Indirect jump
                            	L12:
0000050C                    	.debug
0000050C 2E 00 73 00        		.dw '.stabn 0x44,0,16,',0,0
         74 00 61 00
         62 00 6E 00
         20 00 30 00
         78 00 34 00
         34 00 2C 00
         30 00 2C 00
         31 00 36 00
         2C 00 00 00
         00 00      
0000051F 3F 00 00 00        		.dd LM8-_delay
00000521 0D 00 0A 00        		.dw 0x0d,0x0a
00008065                    	.code
                            	LM8:
                            	L9:
00008065 C5 94              		R2=[BP]	// QImode move
00008066 0A 07 FF FF        		R3=R2+(-1)
00008068 C5 D6              		[BP]=R3	// QImode move
00008069 0F 9F 37 80        		pc=L7	// Indirect jump
                            	L8:
00000523                    	.debug
00000523 2E 00 73 00        		.dw '.stabn 0x44,0,15,',0,0
         74 00 61 00
         62 00 6E 00
         20 00 30 00
         78 00 34 00
         34 00 2C 00
         30 00 2C 00
         31 00 35 00
         2C 00 00 00
         00 00      
00000536 45 00 00 00        		.dd LM9-_delay
00000538 0D 00 0A 00        		.dw 0x0d,0x0a
0000806B                    	.code
                            	LM9:
                            	L5:
0000806B 01 99              		R4=R1	// QImode move
0000806C C4 94              		R2=[R4]	// QImode move
0000806D 0A 07 FF FF        		R3=R2+(-1)
0000806F 01 95              		R2=R1	// QImode move
00008070 C2 D6              		[R2]=R3	// QImode move
00008071 0F 9F 2C 80        		pc=L3	// Indirect jump
                            	L4:
0000053A                    	.debug
0000053A 2E 00 73 00        		.dw '.stabn 0x44,0,19,',0,0
         74 00 61 00
         62 00 6E 00
         20 00 30 00
         78 00 34 00
         34 00 2C 00
         30 00 2C 00
         31 00 39 00
         2C 00 00 00
         00 00      
0000054D 4D 00 00 00        		.dd LM10-_delay
0000054F 0D 00 0A 00        		.dw 0x0d,0x0a
00008073                    	.code
                            	LM10:
                            	LBE2:
00000551                    	.debug
00000551 2E 00 73 00        		.dw '.stabn 0x44,0,19,',0,0
         74 00 61 00
         62 00 6E 00
         20 00 30 00
         78 00 34 00
         34 00 2C 00
         30 00 2C 00
         31 00 39 00
         2C 00 00 00
         00 00      
00000564 4D 00 00 00        		.dd LM11-_delay
00000566 0D 00 0A 00        		.dw 0x0d,0x0a
00008073                    	.code
                            	LM11:
                            	L2:
                            	
00008073 43 00              		sp+=3
00008074 88 98              		pop bp from [sp]
00008075 90 9A              		retf
                            		.endp	// end of delay
                            	
00000568                    	.debug
00000568 2E 00 73 00        		.dw '.stabs "i:p4",160,0,0,6',0x0d,0x0a
         74 00 61 00
         62 00 73 00
         20 00 22 00
         69 00 3A 00
         70 00 34 00
         22 00 2C 00
         31 00 36 00
         30 00 2C 00
         30 00 2C 00
         30 00 2C 00
         36 00 0D 00
         0A 00      
00008076                    	.CODE
00000581                    	.debug
00000581 2E 00 73 00        		.dw '.stabn 0xc0,0,0,',0,0
         74 00 61 00
         62 00 6E 00
         20 00 30 00
         78 00 63 00
         30 00 2C 00
         30 00 2C 00
         30 00 2C 00
         00 00 00 00
00000593 06 00 00 00        		.dd LBB2-_delay
00000595 0D 00 0A 00        		.dw 0x0d,0x0a
00008076                    	.code
00000597                    	.debug
00000597 2E 00 73 00        		.dw '.stabs "x:4",128,0,0,0',0x0d,0x0a
         74 00 61 00
         62 00 73 00
         20 00 22 00
         78 00 3A 00
         34 00 22 00
         2C 00 31 00
         32 00 38 00
         2C 00 30 00
         2C 00 30 00
         2C 00 30 00
         0D 00 0A 00
00008076                    	.CODE
000005AF                    	.debug
000005AF 2E 00 73 00        		.dw '.stabs "y:4",128,0,0,1',0x0d,0x0a
         74 00 61 00
         62 00 73 00
         20 00 22 00
         79 00 3A 00
         34 00 22 00
         2C 00 31 00
         32 00 38 00
         2C 00 30 00
         2C 00 30 00
         2C 00 31 00
         0D 00 0A 00
00008076                    	.CODE
000005C7                    	.debug
000005C7 2E 00 73 00        		.dw '.stabn 0xe0,0,0,',0,0
         74 00 61 00
         62 00 6E 00
         20 00 30 00
         78 00 65 00
         30 00 2C 00
         30 00 2C 00
         30 00 2C 00
         00 00 00 00
000005D9 4D 00 00 00        		.dd LBE2-_delay
000005DB 0D 00 0A 00        		.dw 0x0d,0x0a
00008076                    	.code
000005DD                    	.debug
000005DD 2E 00 73 00        		.dw '.stabf ',0,0
         74 00 61 00
         62 00 66 00
         20 00 00 00
         00 00      
000005E6 50 00 00 00        		.dd LME1-_delay
000005E8 0D 00 0A 00        		.dw 0x0d,0x0a
00008076                    	.code
                            	LME1:
00008076                    	.code
000005EA                    	.debug
000005EA 2E 00 73 00        		.dw '.stabs "send1602:F19",36,0,0,',0,0,offset _send1602,seg _send1602,0x0d,0x0a
         74 00 61 00
         62 00 73 00
         20 00 22 00
         73 00 65 00
         6E 00 64 00
         31 00 36 00
         30 00 32 00
         3A 00 46 00
         31 00 39 00
         22 00 2C 00
         33 00 36 00
         2C 00 30 00
         2C 00 30 00
         2C 00 00 00
         00 00 50 00
         00 00 0D 00
         0A 00      
00008076                    	.CODE
                            	.public _send1602
                            	_send1602:	.proc
0000060D                    	.debug
0000060D 2E 00 73 00        		.dw '.stabn 0x44,0,22,',0,0
         74 00 61 00
         62 00 6E 00
         20 00 30 00
         78 00 34 00
         34 00 2C 00
         30 00 2C 00
         32 00 32 00
         2C 00 00 00
         00 00      
00000620 00 00 00 00        		.dd LM12-_send1602
00000622 0D 00 0A 00        		.dw 0x0d,0x0a
00008076                    	.code
                            	LM12:
                            		// total=0, vars=0
                            		// frame_pointer_needed: 1
00008076 88 DA              		push bp to [sp]
00008077 08 0B 01 00        		bp=sp+1
                            	
00008079 0D 03 03 00        		R1=BP+3
00000624                    	.debug
00000624 2E 00 73 00        		.dw '.stabn 0x44,0,24,',0,0
         74 00 61 00
         62 00 6E 00
         20 00 30 00
         78 00 34 00
         34 00 2C 00
         30 00 2C 00
         32 00 34 00
         2C 00 00 00
         00 00      
00000637 05 00 00 00        		.dd LM13-_send1602
00000639 0D 00 0A 00        		.dw 0x0d,0x0a
0000807B                    	.code
                            	LM13:
                            	L18:
                            	
0000807B 88 98              		pop bp from [sp]
0000807C 90 9A              		retf
                            		.endp	// end of send1602
                            	
0000063B                    	.debug
0000063B 2E 00 73 00        		.dw '.stabs "c:p11",160,0,0,3',0x0d,0x0a
         74 00 61 00
         62 00 73 00
         20 00 22 00
         63 00 3A 00
         70 00 31 00
         31 00 22 00
         2C 00 31 00
         36 00 30 00
         2C 00 30 00
         2C 00 30 00
         2C 00 33 00
         0D 00 0A 00
0000807D                    	.CODE
00000655                    	.debug
00000655 2E 00 73 00        		.dw '.stabf ',0,0
         74 00 61 00
         62 00 66 00
         20 00 00 00
         00 00      
0000065E 07 00 00 00        		.dd LME2-_send1602
00000660 0D 00 0A 00        		.dw 0x0d,0x0a
0000807D                    	.code
                            	LME2:
0000807D                    	.code
00000662                    	.debug
00000662 2E 00 73 00        		.dw '.stabs "main:F1",36,0,0,',0,0,offset _main,seg _main,0x0d,0x0a
         74 00 61 00
         62 00 73 00
         20 00 22 00
         6D 00 61 00
         69 00 6E 00
         3A 00 46 00
         31 00 22 00
         2C 00 33 00
         36 00 2C 00
         30 00 2C 00
         30 00 2C 00
         00 00 00 00
         57 00 00 00
         0D 00 0A 00
0000807D                    	.CODE
                            	.public _main
                            	_main:	.proc
00000680                    	.debug
00000680 2E 00 73 00        		.dw '.stabn 0x44,0,26,',0,0
         74 00 61 00
         62 00 6E 00
         20 00 30 00
         78 00 34 00
         34 00 2C 00
         30 00 2C 00
         32 00 36 00
         2C 00 00 00
         00 00      
00000693 00 00 00 00        		.dd LM14-_main
00000695 0D 00 0A 00        		.dw 0x0d,0x0a
0000807D                    	.code
                            	LM14:
                            		// total=0, vars=0
                            		// frame_pointer_needed: 1
0000807D 88 DA              		push bp to [sp]
0000807E 08 0B 01 00        		bp=sp+1
                            	
00008080 0D 03 03 00        		R1=BP+3
00000697                    	.debug
00000697 2E 00 73 00        		.dw '.stabn 0x44,0,27,',0,0
         74 00 61 00
         62 00 6E 00
         20 00 30 00
         78 00 34 00
         34 00 2C 00
         30 00 2C 00
         32 00 37 00
         2C 00 00 00
         00 00      
000006AA 05 00 00 00        		.dd LM15-_main
000006AC 0D 00 0A 00        		.dw 0x0d,0x0a
00008082                    	.code
                            	LM15:
                            	L19:
                            	
00008082 88 98              		pop bp from [sp]
00008083 90 9A              		retf
                            		.endp	// end of main
                            	
000006AE                    	.debug
000006AE 2E 00 73 00        		.dw '.stabf ',0,0
         74 00 61 00
         62 00 66 00
         20 00 00 00
         00 00      
000006B7 07 00 00 00        		.dd LME3-_main
000006B9 0D 00 0A 00        		.dw 0x0d,0x0a
00008084                    	.code
                            	LME3:
                            		.end
0 error(s), 0 warning(s).

