Sunplus u'nSP Assembler - Ver. 1.14.3.1
              Listing File Has Been Relocated
                            	// GCC for SUNPLUS u'nSP version 1.0.21-3
                            	// Command: D:\PROGRA~1\Sunplus\UNSPID~1.0\cc1.exe C:\DOCUME~1\a\LOCALS~1\Temp\cco9aaaa.i -fkeep-inline-functions -quiet -dumpbase my525.c -mglobal-var-iram -gstabs -Wall -o .\Debug/my525.asm
                            		.external __sn_func_ptr_sec
                            	
                            	// gcc2_compiled.:
                            	
00000000                    	.debug
00000000 2E 00 73 00        		.dw '.stabs "H:/525/",0x64,0,3,',0,0,offset Ltext0,seg Ltext0,0x0d,0x0a
         74 00 61 00
         62 00 73 00
         20 00 22 00
         48 00 3A 00
         2F 00 35 00
         32 00 35 00
         2F 00 22 00
         2C 00 30 00
         78 00 36 00
         34 00 2C 00
         30 00 2C 00
         33 00 2C 00
         00 00 00 00
         00 00 00 00
         0D 00 0A 00
00008026                    	.code
00000020                    	.debug
00000020 2E 00 73 00        		.dw '.stabs "H:/525/my525.c",0x64,0,3,',0,0,offset Ltext0,seg Ltext0,0x0d,0x0a
         74 00 61 00
         62 00 73 00
         20 00 22 00
         48 00 3A 00
         2F 00 35 00
         32 00 35 00
         2F 00 6D 00
         79 00 35 00
         32 00 35 00
         2E 00 63 00
         22 00 2C 00
         30 00 78 00
         36 00 34 00
         2C 00 30 00
         2C 00 33 00
         2C 00 00 00
         00 00 00 00
         00 00 0D 00
         0A 00      
00008026                    	.code
00008026                    	.code
                            	Ltext0:
00000047                    	.debug
00000047 2E 00 73 00        		.dw '.stabs "int:t1=r1;-32768;32767;",128,0,0,0',0x0d,0x0a
         74 00 61 00
         62 00 73 00
         20 00 22 00
         69 00 6E 00
         74 00 3A 00
         74 00 31 00
         3D 00 72 00
         31 00 3B 00
         2D 00 33 00
         32 00 37 00
         36 00 38 00
         3B 00 33 00
         32 00 37 00
         36 00 37 00
         3B 00 22 00
         2C 00 31 00
         32 00 38 00
         2C 00 30 00
         2C 00 30 00
         2C 00 30 00
         0D 00 0A 00
00008026                    	.CODE
00000073                    	.debug
00000073 2E 00 73 00        		.dw '.stabs "char:t2=r2;0;127;",128,0,0,0',0x0d,0x0a
         74 00 61 00
         62 00 73 00
         20 00 22 00
         63 00 68 00
         61 00 72 00
         3A 00 74 00
         32 00 3D 00
         72 00 32 00
         3B 00 30 00
         3B 00 31 00
         32 00 37 00
         3B 00 22 00
         2C 00 31 00
         32 00 38 00
         2C 00 30 00
         2C 00 30 00
         2C 00 30 00
         0D 00 0A 00
00008026                    	.CODE
00000099                    	.debug
00000099 2E 00 73 00        		.dw '.stabs "long int:t3=r3;-2147483648;2147483647;",128,0,0,0',0x0d,0x0a
         74 00 61 00
         62 00 73 00
         20 00 22 00
         6C 00 6F 00
         6E 00 67 00
         20 00 69 00
         6E 00 74 00
         3A 00 74 00
         33 00 3D 00
         72 00 33 00
         3B 00 2D 00
         32 00 31 00
         34 00 37 00
         34 00 38 00
         33 00 36 00
         34 00 38 00
         3B 00 32 00
         31 00 34 00
         37 00 34 00
         38 00 33 00
         36 00 34 00
         37 00 3B 00
         22 00 2C 00
         31 00 32 00
         38 00 2C 00
         30 00 2C 00
         30 00 2C 00
         30 00 0D 00
         0A 00      
00008026                    	.CODE
000000D4                    	.debug
000000D4 2E 00 73 00        		.dw '.stabs "unsigned int:t4=r4;0;65535;",128,0,0,0',0x0d,0x0a
         74 00 61 00
         62 00 73 00
         20 00 22 00
         75 00 6E 00
         73 00 69 00
         67 00 6E 00
         65 00 64 00
         20 00 69 00
         6E 00 74 00
         3A 00 74 00
         34 00 3D 00
         72 00 34 00
         3B 00 30 00
         3B 00 36 00
         35 00 35 00
         33 00 35 00
         3B 00 22 00
         2C 00 31 00
         32 00 38 00
         2C 00 30 00
         2C 00 30 00
         2C 00 30 00
         0D 00 0A 00
00008026                    	.CODE
00000104                    	.debug
00000104 2E 00 73 00        		.dw '.stabs "long unsigned int:t5=r5;0;4294967295;",128,0,0,0',0x0d,0x0a
         74 00 61 00
         62 00 73 00
         20 00 22 00
         6C 00 6F 00
         6E 00 67 00
         20 00 75 00
         6E 00 73 00
         69 00 67 00
         6E 00 65 00
         64 00 20 00
         69 00 6E 00
         74 00 3A 00
         74 00 35 00
         3D 00 72 00
         35 00 3B 00
         30 00 3B 00
         34 00 32 00
         39 00 34 00
         39 00 36 00
         37 00 32 00
         39 00 35 00
         3B 00 22 00
         2C 00 31 00
         32 00 38 00
         2C 00 30 00
         2C 00 30 00
         2C 00 30 00
         0D 00 0A 00
00008026                    	.CODE
0000013E                    	.debug
0000013E 2E 00 73 00        		.dw '.stabs "long long int:t6=r6;-2147483648;2147483647;",128,0,0,0',0x0d,0x0a
         74 00 61 00
         62 00 73 00
         20 00 22 00
         6C 00 6F 00
         6E 00 67 00
         20 00 6C 00
         6F 00 6E 00
         67 00 20 00
         69 00 6E 00
         74 00 3A 00
         74 00 36 00
         3D 00 72 00
         36 00 3B 00
         2D 00 32 00
         31 00 34 00
         37 00 34 00
         38 00 33 00
         36 00 34 00
         38 00 3B 00
         32 00 31 00
         34 00 37 00
         34 00 38 00
         33 00 36 00
         34 00 37 00
         3B 00 22 00
         2C 00 31 00
         32 00 38 00
         2C 00 30 00
         2C 00 30 00
         2C 00 30 00
         0D 00 0A 00
00008026                    	.CODE
0000017E                    	.debug
0000017E 2E 00 73 00        		.dw '.stabs "long long unsigned int:t7=r7;0;4294967295;",128,0,0,0',0x0d,0x0a
         74 00 61 00
         62 00 73 00
         20 00 22 00
         6C 00 6F 00
         6E 00 67 00
         20 00 6C 00
         6F 00 6E 00
         67 00 20 00
         75 00 6E 00
         73 00 69 00
         67 00 6E 00
         65 00 64 00
         20 00 69 00
         6E 00 74 00
         3A 00 74 00
         37 00 3D 00
         72 00 37 00
         3B 00 30 00
         3B 00 34 00
         32 00 39 00
         34 00 39 00
         36 00 37 00
         32 00 39 00
         35 00 3B 00
         22 00 2C 00
         31 00 32 00
         38 00 2C 00
         30 00 2C 00
         30 00 2C 00
         30 00 0D 00
         0A 00      
00008026                    	.CODE
000001BD                    	.debug
000001BD 2E 00 73 00        		.dw '.stabs "short int:t8=r8;-32768;32767;",128,0,0,0',0x0d,0x0a
         74 00 61 00
         62 00 73 00
         20 00 22 00
         73 00 68 00
         6F 00 72 00
         74 00 20 00
         69 00 6E 00
         74 00 3A 00
         74 00 38 00
         3D 00 72 00
         38 00 3B 00
         2D 00 33 00
         32 00 37 00
         36 00 38 00
         3B 00 33 00
         32 00 37 00
         36 00 37 00
         3B 00 22 00
         2C 00 31 00
         32 00 38 00
         2C 00 30 00
         2C 00 30 00
         2C 00 30 00
         0D 00 0A 00
00008026                    	.CODE
000001EF                    	.debug
000001EF 2E 00 73 00        		.dw '.stabs "short unsigned int:t9=r9;0;65535;",128,0,0,0',0x0d,0x0a
         74 00 61 00
         62 00 73 00
         20 00 22 00
         73 00 68 00
         6F 00 72 00
         74 00 20 00
         75 00 6E 00
         73 00 69 00
         67 00 6E 00
         65 00 64 00
         20 00 69 00
         6E 00 74 00
         3A 00 74 00
         39 00 3D 00
         72 00 39 00
         3B 00 30 00
         3B 00 36 00
         35 00 35 00
         33 00 35 00
         3B 00 22 00
         2C 00 31 00
         32 00 38 00
         2C 00 30 00
         2C 00 30 00
         2C 00 30 00
         0D 00 0A 00
00008026                    	.CODE
00000225                    	.debug
00000225 2E 00 73 00        		.dw '.stabs "signed char:t10=r10;-32768;32767;",128,0,0,0',0x0d,0x0a
         74 00 61 00
         62 00 73 00
         20 00 22 00
         73 00 69 00
         67 00 6E 00
         65 00 64 00
         20 00 63 00
         68 00 61 00
         72 00 3A 00
         74 00 31 00
         30 00 3D 00
         72 00 31 00
         30 00 3B 00
         2D 00 33 00
         32 00 37 00
         36 00 38 00
         3B 00 33 00
         32 00 37 00
         36 00 37 00
         3B 00 22 00
         2C 00 31 00
         32 00 38 00
         2C 00 30 00
         2C 00 30 00
         2C 00 30 00
         0D 00 0A 00
00008026                    	.CODE
0000025B                    	.debug
0000025B 2E 00 73 00        		.dw '.stabs "unsigned char:t11=r11;0;65535;",128,0,0,0',0x0d,0x0a
         74 00 61 00
         62 00 73 00
         20 00 22 00
         75 00 6E 00
         73 00 69 00
         67 00 6E 00
         65 00 64 00
         20 00 63 00
         68 00 61 00
         72 00 3A 00
         74 00 31 00
         31 00 3D 00
         72 00 31 00
         31 00 3B 00
         30 00 3B 00
         36 00 35 00
         35 00 33 00
         35 00 3B 00
         22 00 2C 00
         31 00 32 00
         38 00 2C 00
         30 00 2C 00
         30 00 2C 00
         30 00 0D 00
         0A 00      
00008026                    	.CODE
0000028E                    	.debug
0000028E 2E 00 73 00        		.dw '.stabs "float:t12=r1;2;0;",128,0,0,0',0x0d,0x0a
         74 00 61 00
         62 00 73 00
         20 00 22 00
         66 00 6C 00
         6F 00 61 00
         74 00 3A 00
         74 00 31 00
         32 00 3D 00
         72 00 31 00
         3B 00 32 00
         3B 00 30 00
         3B 00 22 00
         2C 00 31 00
         32 00 38 00
         2C 00 30 00
         2C 00 30 00
         2C 00 30 00
         0D 00 0A 00
00008026                    	.CODE
000002B4                    	.debug
000002B4 2E 00 73 00        		.dw '.stabs "double:t13=r1;2;0;",128,0,0,0',0x0d,0x0a
         74 00 61 00
         62 00 73 00
         20 00 22 00
         64 00 6F 00
         75 00 62 00
         6C 00 65 00
         3A 00 74 00
         31 00 33 00
         3D 00 72 00
         31 00 3B 00
         32 00 3B 00
         30 00 3B 00
         22 00 2C 00
         31 00 32 00
         38 00 2C 00
         30 00 2C 00
         30 00 2C 00
         30 00 0D 00
         0A 00      
00008026                    	.CODE
000002DB                    	.debug
000002DB 2E 00 73 00        		.dw '.stabs "long double:t14=r1;2;0;",128,0,0,0',0x0d,0x0a
         74 00 61 00
         62 00 73 00
         20 00 22 00
         6C 00 6F 00
         6E 00 67 00
         20 00 64 00
         6F 00 75 00
         62 00 6C 00
         65 00 3A 00
         74 00 31 00
         34 00 3D 00
         72 00 31 00
         3B 00 32 00
         3B 00 30 00
         3B 00 22 00
         2C 00 31 00
         32 00 38 00
         2C 00 30 00
         2C 00 30 00
         2C 00 30 00
         0D 00 0A 00
00008026                    	.CODE
00000307                    	.debug
00000307 2E 00 73 00        		.dw '.stabs "complex int:t15=s2real:1,0,16;imag:1,16,16;;",128,0,0,0',0x0d,0x0a
         74 00 61 00
         62 00 73 00
         20 00 22 00
         63 00 6F 00
         6D 00 70 00
         6C 00 65 00
         78 00 20 00
         69 00 6E 00
         74 00 3A 00
         74 00 31 00
         35 00 3D 00
         73 00 32 00
         72 00 65 00
         61 00 6C 00
         3A 00 31 00
         2C 00 30 00
         2C 00 31 00
         36 00 3B 00
         69 00 6D 00
         61 00 67 00
         3A 00 31 00
         2C 00 31 00
         36 00 2C 00
         31 00 36 00
         3B 00 3B 00
         22 00 2C 00
         31 00 32 00
         38 00 2C 00
         30 00 2C 00
         30 00 2C 00
         30 00 0D 00
         0A 00      
00008026                    	.CODE
00000348                    	.debug
00000348 2E 00 73 00        		.dw '.stabs "complex float:t16=r16;2;0;",128,0,0,0',0x0d,0x0a
         74 00 61 00
         62 00 73 00
         20 00 22 00
         63 00 6F 00
         6D 00 70 00
         6C 00 65 00
         78 00 20 00
         66 00 6C 00
         6F 00 61 00
         74 00 3A 00
         74 00 31 00
         36 00 3D 00
         72 00 31 00
         36 00 3B 00
         32 00 3B 00
         30 00 3B 00
         22 00 2C 00
         31 00 32 00
         38 00 2C 00
         30 00 2C 00
         30 00 2C 00
         30 00 0D 00
         0A 00      
00008026                    	.CODE
00000377                    	.debug
00000377 2E 00 73 00        		.dw '.stabs "complex double:t17=r17;2;0;",128,0,0,0',0x0d,0x0a
         74 00 61 00
         62 00 73 00
         20 00 22 00
         63 00 6F 00
         6D 00 70 00
         6C 00 65 00
         78 00 20 00
         64 00 6F 00
         75 00 62 00
         6C 00 65 00
         3A 00 74 00
         31 00 37 00
         3D 00 72 00
         31 00 37 00
         3B 00 32 00
         3B 00 30 00
         3B 00 22 00
         2C 00 31 00
         32 00 38 00
         2C 00 30 00
         2C 00 30 00
         2C 00 30 00
         0D 00 0A 00
00008026                    	.CODE
000003A7                    	.debug
000003A7 2E 00 73 00        		.dw '.stabs "complex long double:t18=r18;2;0;",128,0,0,0',0x0d,0x0a
         74 00 61 00
         62 00 73 00
         20 00 22 00
         63 00 6F 00
         6D 00 70 00
         6C 00 65 00
         78 00 20 00
         6C 00 6F 00
         6E 00 67 00
         20 00 64 00
         6F 00 75 00
         62 00 6C 00
         65 00 3A 00
         74 00 31 00
         38 00 3D 00
         72 00 31 00
         38 00 3B 00
         32 00 3B 00
         30 00 3B 00
         22 00 2C 00
         31 00 32 00
         38 00 2C 00
         30 00 2C 00
         30 00 2C 00
         30 00 0D 00
         0A 00      
00008026                    	.CODE
000003DC                    	.debug
000003DC 2E 00 73 00        		.dw '.stabs "void:t19=19",128,0,0,0',0x0d,0x0a
         74 00 61 00
         62 00 73 00
         20 00 22 00
         76 00 6F 00
         69 00 64 00
         3A 00 74 00
         31 00 39 00
         3D 00 31 00
         39 00 22 00
         2C 00 31 00
         32 00 38 00
         2C 00 30 00
         2C 00 30 00
         2C 00 30 00
         0D 00 0A 00
00008026                    	.CODE
                            	.public _table
00000001                    	.iram
                            	_table:
00000001 00 00              		.dw 0
00000002 0C 00              		.dw 12
00000003 19 00              		.dw 25
00000004 25 00              		.dw 37
00000005 30 00              		.dw 48
00000006 3B 00              		.dw 59
00000007 44 00              		.dw 68
00000008 4D 00              		.dw 77
00000009 54 00              		.dw 84
0000000A 5A 00              		.dw 90
0000000B 5F 00              		.dw 95
0000000C 62 00              		.dw 98
0000000D 64 00              		.dw 100
0000000E 64 00              		.dw 100
0000000F 62 00              		.dw 98
00000010 5F 00              		.dw 95
00000011 5A 00              		.dw 90
00000012 54 00              		.dw 84
00000013 4D 00              		.dw 77
00000014 44 00              		.dw 68
00000015 3B 00              		.dw 59
00000016 30 00              		.dw 48
00000017 25 00              		.dw 37
00000018 19 00              		.dw 25
00000019 0C 00              		.dw 12
0000001A 00 00              		.dw 0
000003FC                    	.debug
000003FC 2E 00 73 00        		.dw '.stabs "table:G20=ar1;0;25;4",32,0,0,',0,0,offset _table,seg _table,0x0d,0x0a
         74 00 61 00
         62 00 73 00
         20 00 22 00
         74 00 61 00
         62 00 6C 00
         65 00 3A 00
         47 00 32 00
         30 00 3D 00
         61 00 72 00
         31 00 3B 00
         30 00 3B 00
         32 00 35 00
         3B 00 34 00
         22 00 2C 00
         33 00 32 00
         2C 00 30 00
         2C 00 30 00
         2C 00 00 00
         00 00 00 00
         00 00 0D 00
         0A 00      
00008026                    	.CODE
00008026                    	.code
00000427                    	.debug
00000427 2E 00 73 00        		.dw '.stabs "send525:F19",36,0,0,',0,0,offset _send525,seg _send525,0x0d,0x0a
         74 00 61 00
         62 00 73 00
         20 00 22 00
         73 00 65 00
         6E 00 64 00
         35 00 32 00
         35 00 3A 00
         46 00 31 00
         39 00 22 00
         2C 00 33 00
         36 00 2C 00
         30 00 2C 00
         30 00 2C 00
         00 00 00 00
         00 00 00 00
         0D 00 0A 00
00008026                    	.CODE
                            	.public _send525
                            	_send525:	.proc
00000449                    	.debug
00000449 2E 00 73 00        		.dw '.stabn 0x44,0,29,',0,0
         74 00 61 00
         62 00 6E 00
         20 00 30 00
         78 00 34 00
         34 00 2C 00
         30 00 2C 00
         32 00 39 00
         2C 00 00 00
         00 00      
0000045C 00 00 00 00        		.dd LM1-_send525
0000045E 0D 00 0A 00        		.dw 0x0d,0x0a
00008026                    	.code
                            	LM1:
                            		// total=3, vars=3
                            		// frame_pointer_needed: 1
00008026 88 DA              		push bp to [sp]
00008027 43 20              		sp-=3
00008028 08 0B 01 00        		bp=sp+1
                            	
0000802A 0D 03 06 00        		R1=BP+6
00000460                    	.debug
00000460 2E 00 73 00        		.dw '.stabn 0x44,0,30,',0,0
         74 00 61 00
         62 00 6E 00
         20 00 30 00
         78 00 34 00
         34 00 2C 00
         30 00 2C 00
         33 00 30 00
         2C 00 00 00
         00 00      
00000473 06 00 00 00        		.dd LM2-_send525
00000475 0D 00 0A 00        		.dw 0x0d,0x0a
0000802C                    	.code
                            	LM2:
                            	LBB2:
00000477                    	.debug
00000477 2E 00 73 00        		.dw '.stabn 0x44,0,31,',0,0
         74 00 61 00
         62 00 6E 00
         20 00 30 00
         78 00 34 00
         34 00 2C 00
         30 00 2C 00
         33 00 31 00
         2C 00 00 00
         00 00      
0000048A 06 00 00 00        		.dd LM3-_send525
0000048C 0D 00 0A 00        		.dw 0x0d,0x0a
0000802C                    	.code
                            	LM3:
0000802C 12 95 00 70        		R2=[28672]	// QImode move
0000802E 0A B7 FB FF        		R3=R2&(-5)
00008030 1B D7 00 70        		[28672]=R3	// QImode move
0000048E                    	.debug
0000048E 2E 00 73 00        		.dw '.stabn 0x44,0,32,',0,0
         74 00 61 00
         62 00 6E 00
         20 00 30 00
         78 00 34 00
         34 00 2C 00
         30 00 2C 00
         33 00 32 00
         2C 00 00 00
         00 00      
000004A1 0C 00 00 00        		.dd LM4-_send525
000004A3 0D 00 0A 00        		.dw 0x0d,0x0a
00008032                    	.code
                            	LM4:
00008032 12 95 00 70        		R2=[28672]	// QImode move
00008034 0A B7 FE FF        		R3=R2&(-2)
00008036 1B D7 00 70        		[28672]=R3	// QImode move
000004A5                    	.debug
000004A5 2E 00 73 00        		.dw '.stabn 0x44,0,33,',0,0
         74 00 61 00
         62 00 6E 00
         20 00 30 00
         78 00 34 00
         34 00 2C 00
         30 00 2C 00
         33 00 33 00
         2C 00 00 00
         00 00      
000004B8 12 00 00 00        		.dd LM5-_send525
000004BA 0D 00 0A 00        		.dw 0x0d,0x0a
00008038                    	.code
                            	LM5:
00008038 01 95              		R2=R1	// QImode move
00008039 C2 96              		R3=[R2]	// QImode move
0000803A 0B B7 FC 0F        		R3=R3&4092
0000803C C2 D6              		[R2]=R3	// QImode move
000004BC                    	.debug
000004BC 2E 00 73 00        		.dw '.stabn 0x44,0,34,',0,0
         74 00 61 00
         62 00 6E 00
         20 00 30 00
         78 00 34 00
         34 00 2C 00
         30 00 2C 00
         33 00 34 00
         2C 00 00 00
         00 00      
000004CF 17 00 00 00        		.dd LM6-_send525
000004D1 0D 00 0A 00        		.dw 0x0d,0x0a
0000803D                    	.code
                            	LM6:
0000803D 01 99              		R4=R1	// QImode move
0000803E C4 94              		R2=[R4]	// QImode move
0000803F 0A A5 00 80        		R2=R2|(-32768)
00008041 C4 D4              		[R4]=R2	// QImode move
000004D3                    	.debug
000004D3 2E 00 73 00        		.dw '.stabn 0x44,0,35,',0,0
         74 00 61 00
         62 00 6E 00
         20 00 30 00
         78 00 34 00
         34 00 2C 00
         30 00 2C 00
         33 00 35 00
         2C 00 00 00
         00 00      
000004E6 1C 00 00 00        		.dd LM7-_send525
000004E8 0D 00 0A 00        		.dw 0x0d,0x0a
00008042                    	.code
                            	LM7:
00008042 41 94              		R2=1	// QImode move
00008043 1A D5 12 70        		[28690]=R2	// QImode move
000004EA                    	.debug
000004EA 2E 00 73 00        		.dw '.stabn 0x44,0,36,',0,0
         74 00 61 00
         62 00 6E 00
         20 00 30 00
         78 00 34 00
         34 00 2C 00
         30 00 2C 00
         33 00 36 00
         2C 00 00 00
         00 00      
000004FD 1F 00 00 00        		.dd LM8-_send525
000004FF 0D 00 0A 00        		.dw 0x0d,0x0a
00008045                    	.code
                            	LM8:
00008045 05 95              		R2=BP	// QImode move
00008046 0D 07 01 00        		R3=BP+1
00008048 40 94              		R2=0	// QImode move
00008049 03 99              		R4=R3	// QImode move
0000804A C4 D4              		[R4]=R2	// QImode move
                            	L3:
0000804B 05 95              		R2=BP	// QImode move
0000804C 0D 07 01 00        		R3=BP+1
0000804E 03 99              		R4=R3	// QImode move
0000804F C4 94              		R2=[R4]	// QImode move
00008050 4F 44              		CMP R2,15	// QImode compare
00008051 04 AE 01 EE        		NSJNG L6	//QImode LE
         00 EE      
00008054 0F 9F 9D 80        		pc=L4	// Indirect jump
                            	L6:
00000501                    	.debug
00000501 2E 00 73 00        		.dw '.stabn 0x44,0,38,',0,0
         74 00 61 00
         62 00 6E 00
         20 00 30 00
         78 00 34 00
         34 00 2C 00
         30 00 2C 00
         33 00 38 00
         2C 00 00 00
         00 00      
00000514 30 00 00 00        		.dd LM9-_send525
00000516 0D 00 0A 00        		.dw 0x0d,0x0a
00008056                    	.code
                            	LM9:
00008056 01 95              		R2=R1	// QImode move
00008057 C2 94              		R2=[R2]	// QImode move
00008058 0A B5 00 80        		R2=R2&(-32768)
0000805A C5 D4              		[BP]=R2	// QImode move
00000518                    	.debug
00000518 2E 00 73 00        		.dw '.stabn 0x44,0,39,',0,0
         74 00 61 00
         62 00 6E 00
         20 00 30 00
         78 00 34 00
         34 00 2C 00
         30 00 2C 00
         33 00 39 00
         2C 00 00 00
         00 00      
0000052B 35 00 00 00        		.dd LM10-_send525
0000052D 0D 00 0A 00        		.dw 0x0d,0x0a
0000805B                    	.code
                            	LM10:
0000805B 01 97              		R3=R1	// QImode move
0000805C C3 94              		R2=[R3]	// QImode move
0000805D 42 97              		R3=R2 lsl 1
0000805E 01 99              		R4=R1	// QImode move
0000805F C4 D6              		[R4]=R3	// QImode move
0000052F                    	.debug
0000052F 2E 00 73 00        		.dw '.stabn 0x44,0,40,',0,0
         74 00 61 00
         62 00 6E 00
         20 00 30 00
         78 00 34 00
         34 00 2C 00
         30 00 2C 00
         34 00 30 00
         2C 00 00 00
         00 00      
00000542 3A 00 00 00        		.dd LM11-_send525
00000544 0D 00 0A 00        		.dw 0x0d,0x0a
00008060                    	.code
                            	LM11:
00008060 C5 94              		R2=[BP]	// QImode move
00008061 40 44              		CMP R2,0	// QImode test
00008062 16 5E 01 EE        		NSJZ L7	//QImode EQ
         00 EE      
00000546                    	.debug
00000546 2E 00 73 00        		.dw '.stabn 0x44,0,42,',0,0
         74 00 61 00
         62 00 6E 00
         20 00 30 00
         78 00 34 00
         34 00 2C 00
         30 00 2C 00
         34 00 32 00
         2C 00 00 00
         00 00      
00000559 3F 00 00 00        		.dd LM12-_send525
0000055B 0D 00 0A 00        		.dw 0x0d,0x0a
00008065                    	.code
                            	LM12:
00008065 12 95 00 70        		R2=[28672]	// QImode move
00008067 0A A7 02 00        		R3=R2|2
00008069 1B D7 00 70        		[28672]=R3	// QImode move
0000055D                    	.debug
0000055D 2E 00 73 00        		.dw '.stabn 0x44,0,43,',0,0
         74 00 61 00
         62 00 6E 00
         20 00 30 00
         78 00 34 00
         34 00 2C 00
         30 00 2C 00
         34 00 33 00
         2C 00 00 00
         00 00      
00000570 45 00 00 00        		.dd LM13-_send525
00000572 0D 00 0A 00        		.dw 0x0d,0x0a
0000806B                    	.code
                            	LM13:
0000806B 12 95 00 70        		R2=[28672]	// QImode move
0000806D 0A B7 FE FF        		R3=R2&(-2)
0000806F 1B D7 00 70        		[28672]=R3	// QImode move
00000574                    	.debug
00000574 2E 00 73 00        		.dw '.stabn 0x44,0,44,',0,0
         74 00 61 00
         62 00 6E 00
         20 00 30 00
         78 00 34 00
         34 00 2C 00
         30 00 2C 00
         34 00 34 00
         2C 00 00 00
         00 00      
00000587 4B 00 00 00        		.dd LM14-_send525
00000589 0D 00 0A 00        		.dw 0x0d,0x0a
00008071                    	.code
                            	LM14:
00008071 12 95 00 70        		R2=[28672]	// QImode move
00008073 0A A7 01 00        		R3=R2|1
00008075 1B D7 00 70        		[28672]=R3	// QImode move
0000058B                    	.debug
0000058B 2E 00 73 00        		.dw '.stabn 0x44,0,45,',0,0
         74 00 61 00
         62 00 6E 00
         20 00 30 00
         78 00 34 00
         34 00 2C 00
         30 00 2C 00
         34 00 35 00
         2C 00 00 00
         00 00      
0000059E 51 00 00 00        		.dd LM15-_send525
000005A0 0D 00 0A 00        		.dw 0x0d,0x0a
00008077                    	.code
                            	LM15:
00008077 0F 9F 8B 80        		pc=L5	// Indirect jump
                            	L7:
000005A2                    	.debug
000005A2 2E 00 73 00        		.dw '.stabn 0x44,0,48,',0,0
         74 00 61 00
         62 00 6E 00
         20 00 30 00
         78 00 34 00
         34 00 2C 00
         30 00 2C 00
         34 00 38 00
         2C 00 00 00
         00 00      
000005B5 53 00 00 00        		.dd LM16-_send525
000005B7 0D 00 0A 00        		.dw 0x0d,0x0a
00008079                    	.code
                            	LM16:
00008079 12 95 00 70        		R2=[28672]	// QImode move
0000807B 0A B7 FD FF        		R3=R2&(-3)
0000807D 1B D7 00 70        		[28672]=R3	// QImode move
000005B9                    	.debug
000005B9 2E 00 73 00        		.dw '.stabn 0x44,0,49,',0,0
         74 00 61 00
         62 00 6E 00
         20 00 30 00
         78 00 34 00
         34 00 2C 00
         30 00 2C 00
         34 00 39 00
         2C 00 00 00
         00 00      
000005CC 59 00 00 00        		.dd LM17-_send525
000005CE 0D 00 0A 00        		.dw 0x0d,0x0a
0000807F                    	.code
                            	LM17:
0000807F 12 95 00 70        		R2=[28672]	// QImode move
00008081 0A B7 FE FF        		R3=R2&(-2)
00008083 1B D7 00 70        		[28672]=R3	// QImode move
000005D0                    	.debug
000005D0 2E 00 73 00        		.dw '.stabn 0x44,0,50,',0,0
         74 00 61 00
         62 00 6E 00
         20 00 30 00
         78 00 34 00
         34 00 2C 00
         30 00 2C 00
         35 00 30 00
         2C 00 00 00
         00 00      
000005E3 5F 00 00 00        		.dd LM18-_send525
000005E5 0D 00 0A 00        		.dw 0x0d,0x0a
00008085                    	.code
                            	LM18:
00008085 12 95 00 70        		R2=[28672]	// QImode move
00008087 0A A7 01 00        		R3=R2|1
00008089 1B D7 00 70        		[28672]=R3	// QImode move
                            	L8:
000005E7                    	.debug
000005E7 2E 00 73 00        		.dw '.stabn 0x44,0,36,',0,0
         74 00 61 00
         62 00 6E 00
         20 00 30 00
         78 00 34 00
         34 00 2C 00
         30 00 2C 00
         33 00 36 00
         2C 00 00 00
         00 00      
000005FA 65 00 00 00        		.dd LM19-_send525
000005FC 0D 00 0A 00        		.dw 0x0d,0x0a
0000808B                    	.code
                            	LM19:
                            	L5:
0000808B 05 95              		R2=BP	// QImode move
0000808C 0D 07 01 00        		R3=BP+1
0000808E 05 99              		R4=BP	// QImode move
0000808F 0D 05 01 00        		R2=BP+1
00008091 05 97              		R3=BP	// QImode move
00008092 0D 07 01 00        		R3=BP+1
00008094 02 D6              		[bp+2]=R3	// QImode move
00008095 02 98              		R4=[bp+2]	// QImode move
00008096 C4 96              		R3=[R4]	// QImode move
00008097 0B 09 01 00        		R4=R3+1
00008099 02 97              		R3=R2	// QImode move
0000809A C3 D8              		[R3]=R4	// QImode move
0000809B 0F 9F 4B 80        		pc=L3	// Indirect jump
                            	L4:
000005FE                    	.debug
000005FE 2E 00 73 00        		.dw '.stabn 0x44,0,53,',0,0
         74 00 61 00
         62 00 6E 00
         20 00 30 00
         78 00 34 00
         34 00 2C 00
         30 00 2C 00
         35 00 33 00
         2C 00 00 00
         00 00      
00000611 77 00 00 00        		.dd LM20-_send525
00000613 0D 00 0A 00        		.dw 0x0d,0x0a
0000809D                    	.code
                            	LM20:
0000809D 12 95 00 70        		R2=[28672]	// QImode move
0000809F 0A A7 04 00        		R3=R2|4
000080A1 1B D7 00 70        		[28672]=R3	// QImode move
00000615                    	.debug
00000615 2E 00 73 00        		.dw '.stabn 0x44,0,54,',0,0
         74 00 61 00
         62 00 6E 00
         20 00 30 00
         78 00 34 00
         34 00 2C 00
         30 00 2C 00
         35 00 34 00
         2C 00 00 00
         00 00      
00000628 7D 00 00 00        		.dd LM21-_send525
0000062A 0D 00 0A 00        		.dw 0x0d,0x0a
000080A3                    	.code
                            	LM21:
                            	LBE2:
0000062C                    	.debug
0000062C 2E 00 73 00        		.dw '.stabn 0x44,0,54,',0,0
         74 00 61 00
         62 00 6E 00
         20 00 30 00
         78 00 34 00
         34 00 2C 00
         30 00 2C 00
         35 00 34 00
         2C 00 00 00
         00 00      
0000063F 7D 00 00 00        		.dd LM22-_send525
00000641 0D 00 0A 00        		.dw 0x0d,0x0a
000080A3                    	.code
                            	LM22:
                            	L2:
                            	
000080A3 43 00              		sp+=3
000080A4 88 98              		pop bp from [sp]
000080A5 90 9A              		retf
                            		.endp	// end of send525
                            	
00000643                    	.debug
00000643 2E 00 73 00        		.dw '.stabs "data:p1",160,0,0,6',0x0d,0x0a
         74 00 61 00
         62 00 73 00
         20 00 22 00
         64 00 61 00
         74 00 61 00
         3A 00 70 00
         31 00 22 00
         2C 00 31 00
         36 00 30 00
         2C 00 30 00
         2C 00 30 00
         2C 00 36 00
         0D 00 0A 00
000080A6                    	.CODE
0000065F                    	.debug
0000065F 2E 00 73 00        		.dw '.stabn 0xc0,0,0,',0,0
         74 00 61 00
         62 00 6E 00
         20 00 30 00
         78 00 63 00
         30 00 2C 00
         30 00 2C 00
         30 00 2C 00
         00 00 00 00
00000671 06 00 00 00        		.dd LBB2-_send525
00000673 0D 00 0A 00        		.dw 0x0d,0x0a
000080A6                    	.code
00000675                    	.debug
00000675 2E 00 73 00        		.dw '.stabs "temp:1",128,0,0,0',0x0d,0x0a
         74 00 61 00
         62 00 73 00
         20 00 22 00
         74 00 65 00
         6D 00 70 00
         3A 00 31 00
         22 00 2C 00
         31 00 32 00
         38 00 2C 00
         30 00 2C 00
         30 00 2C 00
         30 00 0D 00
         0A 00      
000080A6                    	.CODE
00000690                    	.debug
00000690 2E 00 73 00        		.dw '.stabs "i:1",128,0,0,1',0x0d,0x0a
         74 00 61 00
         62 00 73 00
         20 00 22 00
         69 00 3A 00
         31 00 22 00
         2C 00 31 00
         32 00 38 00
         2C 00 30 00
         2C 00 30 00
         2C 00 31 00
         0D 00 0A 00
000080A6                    	.CODE
000006A8                    	.debug
000006A8 2E 00 73 00        		.dw '.stabn 0xe0,0,0,',0,0
         74 00 61 00
         62 00 6E 00
         20 00 30 00
         78 00 65 00
         30 00 2C 00
         30 00 2C 00
         30 00 2C 00
         00 00 00 00
000006BA 7D 00 00 00        		.dd LBE2-_send525
000006BC 0D 00 0A 00        		.dw 0x0d,0x0a
000080A6                    	.code
000006BE                    	.debug
000006BE 2E 00 73 00        		.dw '.stabf ',0,0
         74 00 61 00
         62 00 66 00
         20 00 00 00
         00 00      
000006C7 80 00 00 00        		.dd LME1-_send525
000006C9 0D 00 0A 00        		.dw 0x0d,0x0a
000080A6                    	.code
                            	LME1:
000080A6                    	.code
000006CB                    	.debug
000006CB 2E 00 73 00        		.dw '.stabs "init525:F19",36,0,0,',0,0,offset _init525,seg _init525,0x0d,0x0a
         74 00 61 00
         62 00 73 00
         20 00 22 00
         69 00 6E 00
         69 00 74 00
         35 00 32 00
         35 00 3A 00
         46 00 31 00
         39 00 22 00
         2C 00 33 00
         36 00 2C 00
         30 00 2C 00
         30 00 2C 00
         00 00 00 00
         80 00 00 00
         0D 00 0A 00
000080A6                    	.CODE
                            	.public _init525
                            	_init525:	.proc
000006ED                    	.debug
000006ED 2E 00 73 00        		.dw '.stabn 0x44,0,58,',0,0
         74 00 61 00
         62 00 6E 00
         20 00 30 00
         78 00 34 00
         34 00 2C 00
         30 00 2C 00
         35 00 38 00
         2C 00 00 00
         00 00      
00000700 00 00 00 00        		.dd LM23-_init525
00000702 0D 00 0A 00        		.dw 0x0d,0x0a
000080A6                    	.code
                            	LM23:
                            		// total=1, vars=1
                            		// frame_pointer_needed: 1
000080A6 88 DA              		push bp to [sp]
000080A7 41 20              		sp-=1
000080A8 08 0B 01 00        		bp=sp+1
                            	
000080AA 0D 03 04 00        		R1=BP+4
000080AC C5 D2              		[BP]=R1	// QImode move
00000704                    	.debug
00000704 2E 00 73 00        		.dw '.stabn 0x44,0,59,',0,0
         74 00 61 00
         62 00 6E 00
         20 00 30 00
         78 00 34 00
         34 00 2C 00
         30 00 2C 00
         35 00 39 00
         2C 00 00 00
         00 00      
00000717 07 00 00 00        		.dd LM24-_init525
00000719 0D 00 0A 00        		.dw 0x0d,0x0a
000080AD                    	.code
                            	LM24:
000080AD 11 93 02 70        		R1=[28674]	// QImode move
000080AF 09 A5 0F 00        		R2=R1|15
000080B1 1A D5 02 70        		[28674]=R2	// QImode move
0000071B                    	.debug
0000071B 2E 00 73 00        		.dw '.stabn 0x44,0,60,',0,0
         74 00 61 00
         62 00 6E 00
         20 00 30 00
         78 00 34 00
         34 00 2C 00
         30 00 2C 00
         36 00 30 00
         2C 00 00 00
         00 00      
0000072E 0D 00 00 00        		.dd LM25-_init525
00000730 0D 00 0A 00        		.dw 0x0d,0x0a
000080B3                    	.code
                            	LM25:
000080B3 11 93 03 70        		R1=[28675]	// QImode move
000080B5 09 A5 0F 00        		R2=R1|15
000080B7 1A D5 03 70        		[28675]=R2	// QImode move
00000732                    	.debug
00000732 2E 00 73 00        		.dw '.stabn 0x44,0,61,',0,0
         74 00 61 00
         62 00 6E 00
         20 00 30 00
         78 00 34 00
         34 00 2C 00
         30 00 2C 00
         36 00 31 00
         2C 00 00 00
         00 00      
00000745 13 00 00 00        		.dd LM26-_init525
00000747 0D 00 0A 00        		.dw 0x0d,0x0a
000080B9                    	.code
                            	LM26:
000080B9 11 93 00 70        		R1=[28672]	// QImode move
000080BB 09 B5 F0 FF        		R2=R1&(-16)
000080BD 1A D5 00 70        		[28672]=R2	// QImode move
00000749                    	.debug
00000749 2E 00 73 00        		.dw '.stabn 0x44,0,62,',0,0
         74 00 61 00
         62 00 6E 00
         20 00 30 00
         78 00 34 00
         34 00 2C 00
         30 00 2C 00
         36 00 32 00
         2C 00 00 00
         00 00      
0000075C 19 00 00 00        		.dd LM27-_init525
0000075E 0D 00 0A 00        		.dw 0x0d,0x0a
000080BF                    	.code
                            	LM27:
000080BF 11 93 00 70        		R1=[28672]	// QImode move
000080C1 09 B5 F7 FF        		R2=R1&(-9)
000080C3 1A D5 00 70        		[28672]=R2	// QImode move
00000760                    	.debug
00000760 2E 00 73 00        		.dw '.stabn 0x44,0,63,',0,0
         74 00 61 00
         62 00 6E 00
         20 00 30 00
         78 00 34 00
         34 00 2C 00
         30 00 2C 00
         36 00 33 00
         2C 00 00 00
         00 00      
00000773 1F 00 00 00        		.dd LM28-_init525
00000775 0D 00 0A 00        		.dw 0x0d,0x0a
000080C5                    	.code
                            	LM28:
000080C5 11 93 00 70        		R1=[28672]	// QImode move
000080C7 09 A5 08 00        		R2=R1|8
000080C9 1A D5 00 70        		[28672]=R2	// QImode move
00000777                    	.debug
00000777 2E 00 73 00        		.dw '.stabn 0x44,0,64,',0,0
         74 00 61 00
         62 00 6E 00
         20 00 30 00
         78 00 34 00
         34 00 2C 00
         30 00 2C 00
         36 00 34 00
         2C 00 00 00
         00 00      
0000078A 25 00 00 00        		.dd LM29-_init525
0000078C 0D 00 0A 00        		.dw 0x0d,0x0a
000080CB                    	.code
                            	LM29:
000080CB 09 63 01 7F        		R1=(-32513)	// QImode move
000080CD C8 D2              		[SP--]=R1	// QImode move
000080CE 40 F0 26 80        		call _send525	// call without return value
000080D0 41 00              		SP = SP + 1	//SP
0000078E                    	.debug
0000078E 2E 00 73 00        		.dw '.stabn 0x44,0,65,',0,0
         74 00 61 00
         62 00 6E 00
         20 00 30 00
         78 00 34 00
         34 00 2C 00
         30 00 2C 00
         36 00 35 00
         2C 00 00 00
         00 00      
000007A1 2B 00 00 00        		.dd LM30-_init525
000007A3 0D 00 0A 00        		.dw 0x0d,0x0a
000080D1                    	.code
                            	LM30:
000007A5                    	.debug
000007A5 2E 00 73 00        		.dw '.stabn 0x44,0,65,',0,0
         74 00 61 00
         62 00 6E 00
         20 00 30 00
         78 00 34 00
         34 00 2C 00
         30 00 2C 00
         36 00 35 00
         2C 00 00 00
         00 00      
000007B8 2B 00 00 00        		.dd LM31-_init525
000007BA 0D 00 0A 00        		.dw 0x0d,0x0a
000080D1                    	.code
                            	LM31:
                            	L11:
                            	
000080D1 41 00              		sp+=1
000080D2 88 98              		pop bp from [sp]
000080D3 90 9A              		retf
                            		.endp	// end of init525
                            	
000007BC                    	.debug
000007BC 2E 00 73 00        		.dw '.stabf ',0,0
         74 00 61 00
         62 00 66 00
         20 00 00 00
         00 00      
000007C5 2E 00 00 00        		.dd LME2-_init525
000007C7 0D 00 0A 00        		.dw 0x0d,0x0a
000080D4                    	.code
                            	LME2:
000080D4                    	.code
000007C9                    	.debug
000007C9 2E 00 73 00        		.dw '.stabs "delay:F19",36,0,0,',0,0,offset _delay,seg _delay,0x0d,0x0a
         74 00 61 00
         62 00 73 00
         20 00 22 00
         64 00 65 00
         6C 00 61 00
         79 00 3A 00
         46 00 31 00
         39 00 22 00
         2C 00 33 00
         36 00 2C 00
         30 00 2C 00
         30 00 2C 00
         00 00 00 00
         AE 00 00 00
         0D 00 0A 00
000080D4                    	.CODE
                            	.public _delay
                            	_delay:	.proc
000007E9                    	.debug
000007E9 2E 00 73 00        		.dw '.stabn 0x44,0,68,',0,0
         74 00 61 00
         62 00 6E 00
         20 00 30 00
         78 00 34 00
         34 00 2C 00
         30 00 2C 00
         36 00 38 00
         2C 00 00 00
         00 00      
000007FC 00 00 00 00        		.dd LM32-_delay
000007FE 0D 00 0A 00        		.dw 0x0d,0x0a
000080D4                    	.code
                            	LM32:
                            		// total=3, vars=3
                            		// frame_pointer_needed: 1
000080D4 88 DA              		push bp to [sp]
000080D5 43 20              		sp-=3
000080D6 08 0B 01 00        		bp=sp+1
                            	
000080D8 0D 03 06 00        		R1=BP+6
00000800                    	.debug
00000800 2E 00 73 00        		.dw '.stabn 0x44,0,69,',0,0
         74 00 61 00
         62 00 6E 00
         20 00 30 00
         78 00 34 00
         34 00 2C 00
         30 00 2C 00
         36 00 39 00
         2C 00 00 00
         00 00      
00000813 06 00 00 00        		.dd LM33-_delay
00000815 0D 00 0A 00        		.dw 0x0d,0x0a
000080DA                    	.code
                            	LM33:
                            	LBB3:
00000817                    	.debug
00000817 2E 00 73 00        		.dw '.stabn 0x44,0,70,',0,0
         74 00 61 00
         62 00 6E 00
         20 00 30 00
         78 00 34 00
         34 00 2C 00
         30 00 2C 00
         37 00 30 00
         2C 00 00 00
         00 00      
0000082A 06 00 00 00        		.dd LM34-_delay
0000082C 0D 00 0A 00        		.dw 0x0d,0x0a
000080DA                    	.code
                            	LM34:
000080DA 40 94              		R2=0	// QImode move
000080DB C5 D4              		[BP]=R2	// QImode move
                            	L13:
000080DC C5 94              		R2=[BP]	// QImode move
000080DD 49 44              		CMP R2,9	// QImode compare
000080DE 04 AE 01 EE        		NSJNG L16	//QImode LE
         00 EE      
000080E1 0F 9F 0F 81        		pc=L14	// Indirect jump
                            	L16:
0000082E                    	.debug
0000082E 2E 00 73 00        		.dw '.stabn 0x44,0,71,',0,0
         74 00 61 00
         62 00 6E 00
         20 00 30 00
         78 00 34 00
         34 00 2C 00
         30 00 2C 00
         37 00 31 00
         2C 00 00 00
         00 00      
00000841 0F 00 00 00        		.dd LM35-_delay
00000843 0D 00 0A 00        		.dw 0x0d,0x0a
000080E3                    	.code
                            	LM35:
000080E3 05 95              		R2=BP	// QImode move
000080E4 0D 07 01 00        		R3=BP+1
000080E6 40 94              		R2=0	// QImode move
000080E7 03 99              		R4=R3	// QImode move
000080E8 C4 D4              		[R4]=R2	// QImode move
                            	L17:
000080E9 05 95              		R2=BP	// QImode move
000080EA 0D 07 01 00        		R3=BP+1
000080EC 03 99              		R4=R3	// QImode move
000080ED C4 94              		R2=[R4]	// QImode move
000080EE 49 44              		CMP R2,9	// QImode compare
000080EF 04 AE 01 EE        		NSJNG L20	//QImode LE
         00 EE      
000080F2 0F 9F 09 81        		pc=L15	// Indirect jump
                            	L20:
00000845                    	.debug
00000845 2E 00 73 00        		.dw '.stabn 0x44,0,72,',0,0
         74 00 61 00
         62 00 6E 00
         20 00 30 00
         78 00 34 00
         34 00 2C 00
         30 00 2C 00
         37 00 32 00
         2C 00 00 00
         00 00      
00000858 20 00 00 00        		.dd LM36-_delay
0000085A 0D 00 0A 00        		.dw 0x0d,0x0a
000080F4                    	.code
                            	LM36:
000080F4 41 94              		R2=1	// QImode move
000080F5 1A D5 12 70        		[28690]=R2	// QImode move
0000085C                    	.debug
0000085C 2E 00 73 00        		.dw '.stabn 0x44,0,71,',0,0
         74 00 61 00
         62 00 6E 00
         20 00 30 00
         78 00 34 00
         34 00 2C 00
         30 00 2C 00
         37 00 31 00
         2C 00 00 00
         00 00      
0000086F 23 00 00 00        		.dd LM37-_delay
00000871 0D 00 0A 00        		.dw 0x0d,0x0a
000080F7                    	.code
                            	LM37:
                            	L19:
000080F7 05 95              		R2=BP	// QImode move
000080F8 0D 07 01 00        		R3=BP+1
000080FA 05 99              		R4=BP	// QImode move
000080FB 0D 05 01 00        		R2=BP+1
000080FD 05 97              		R3=BP	// QImode move
000080FE 0D 07 01 00        		R3=BP+1
00008100 02 D6              		[bp+2]=R3	// QImode move
00008101 02 98              		R4=[bp+2]	// QImode move
00008102 C4 96              		R3=[R4]	// QImode move
00008103 0B 09 01 00        		R4=R3+1
00008105 02 97              		R3=R2	// QImode move
00008106 C3 D8              		[R3]=R4	// QImode move
00008107 0F 9F E9 80        		pc=L17	// Indirect jump
                            	L18:
00000873                    	.debug
00000873 2E 00 73 00        		.dw '.stabn 0x44,0,70,',0,0
         74 00 61 00
         62 00 6E 00
         20 00 30 00
         78 00 34 00
         34 00 2C 00
         30 00 2C 00
         37 00 30 00
         2C 00 00 00
         00 00      
00000886 35 00 00 00        		.dd LM38-_delay
00000888 0D 00 0A 00        		.dw 0x0d,0x0a
00008109                    	.code
                            	LM38:
                            	L15:
00008109 C5 94              		R2=[BP]	// QImode move
0000810A 0A 07 01 00        		R3=R2+1
0000810C C5 D6              		[BP]=R3	// QImode move
0000810D 0F 9F DC 80        		pc=L13	// Indirect jump
                            	L14:
0000088A                    	.debug
0000088A 2E 00 73 00        		.dw '.stabn 0x44,0,73,',0,0
         74 00 61 00
         62 00 6E 00
         20 00 30 00
         78 00 34 00
         34 00 2C 00
         30 00 2C 00
         37 00 33 00
         2C 00 00 00
         00 00      
0000089D 3B 00 00 00        		.dd LM39-_delay
0000089F 0D 00 0A 00        		.dw 0x0d,0x0a
0000810F                    	.code
                            	LM39:
                            	LBE3:
000008A1                    	.debug
000008A1 2E 00 73 00        		.dw '.stabn 0x44,0,73,',0,0
         74 00 61 00
         62 00 6E 00
         20 00 30 00
         78 00 34 00
         34 00 2C 00
         30 00 2C 00
         37 00 33 00
         2C 00 00 00
         00 00      
000008B4 3B 00 00 00        		.dd LM40-_delay
000008B6 0D 00 0A 00        		.dw 0x0d,0x0a
0000810F                    	.code
                            	LM40:
                            	L12:
                            	
0000810F 43 00              		sp+=3
00008110 88 98              		pop bp from [sp]
00008111 90 9A              		retf
                            		.endp	// end of delay
                            	
000008B8                    	.debug
000008B8 2E 00 73 00        		.dw '.stabn 0xc0,0,0,',0,0
         74 00 61 00
         62 00 6E 00
         20 00 30 00
         78 00 63 00
         30 00 2C 00
         30 00 2C 00
         30 00 2C 00
         00 00 00 00
000008CA 06 00 00 00        		.dd LBB3-_delay
000008CC 0D 00 0A 00        		.dw 0x0d,0x0a
00008112                    	.code
000008CE                    	.debug
000008CE 2E 00 73 00        		.dw '.stabs "i:1",128,0,0,0',0x0d,0x0a
         74 00 61 00
         62 00 73 00
         20 00 22 00
         69 00 3A 00
         31 00 22 00
         2C 00 31 00
         32 00 38 00
         2C 00 30 00
         2C 00 30 00
         2C 00 30 00
         0D 00 0A 00
00008112                    	.CODE
000008E6                    	.debug
000008E6 2E 00 73 00        		.dw '.stabs "j:1",128,0,0,1',0x0d,0x0a
         74 00 61 00
         62 00 73 00
         20 00 22 00
         6A 00 3A 00
         31 00 22 00
         2C 00 31 00
         32 00 38 00
         2C 00 30 00
         2C 00 30 00
         2C 00 31 00
         0D 00 0A 00
00008112                    	.CODE
000008FE                    	.debug
000008FE 2E 00 73 00        		.dw '.stabn 0xe0,0,0,',0,0
         74 00 61 00
         62 00 6E 00
         20 00 30 00
         78 00 65 00
         30 00 2C 00
         30 00 2C 00
         30 00 2C 00
         00 00 00 00
00000910 3B 00 00 00        		.dd LBE3-_delay
00000912 0D 00 0A 00        		.dw 0x0d,0x0a
00008112                    	.code
00000914                    	.debug
00000914 2E 00 73 00        		.dw '.stabf ',0,0
         74 00 61 00
         62 00 66 00
         20 00 00 00
         00 00      
0000091D 3E 00 00 00        		.dd LME3-_delay
0000091F 0D 00 0A 00        		.dw 0x0d,0x0a
00008112                    	.code
                            	LME3:
00008112                    	.code
00000921                    	.debug
00000921 2E 00 73 00        		.dw '.stabs "main:F1",36,0,0,',0,0,offset _main,seg _main,0x0d,0x0a
         74 00 61 00
         62 00 73 00
         20 00 22 00
         6D 00 61 00
         69 00 6E 00
         3A 00 46 00
         31 00 22 00
         2C 00 33 00
         36 00 2C 00
         30 00 2C 00
         30 00 2C 00
         00 00 00 00
         EC 00 00 00
         0D 00 0A 00
00008112                    	.CODE
                            	.public _main
                            	_main:	.proc
0000093F                    	.debug
0000093F 2E 00 73 00        		.dw '.stabn 0x44,0,75,',0,0
         74 00 61 00
         62 00 6E 00
         20 00 30 00
         78 00 34 00
         34 00 2C 00
         30 00 2C 00
         37 00 35 00
         2C 00 00 00
         00 00      
00000952 00 00 00 00        		.dd LM41-_main
00000954 0D 00 0A 00        		.dw 0x0d,0x0a
00008112                    	.code
                            	LM41:
                            		// total=2, vars=2
                            		// frame_pointer_needed: 1
00008112 88 DA              		push bp to [sp]
00008113 42 20              		sp-=2
00008114 08 0B 01 00        		bp=sp+1
                            	
00008116 0D 03 05 00        		R1=BP+5
00008118 01 D2              		[bp+1]=R1	// QImode move
00000956                    	.debug
00000956 2E 00 73 00        		.dw '.stabn 0x44,0,76,',0,0
         74 00 61 00
         62 00 6E 00
         20 00 30 00
         78 00 34 00
         34 00 2C 00
         30 00 2C 00
         37 00 36 00
         2C 00 00 00
         00 00      
00000969 07 00 00 00        		.dd LM42-_main
0000096B 0D 00 0A 00        		.dw 0x0d,0x0a
00008119                    	.code
                            	LM42:
                            	LBB4:
0000096D                    	.debug
0000096D 2E 00 73 00        		.dw '.stabn 0x44,0,77,',0,0
         74 00 61 00
         62 00 6E 00
         20 00 30 00
         78 00 34 00
         34 00 2C 00
         30 00 2C 00
         37 00 37 00
         2C 00 00 00
         00 00      
00000980 07 00 00 00        		.dd LM43-_main
00000982 0D 00 0A 00        		.dw 0x0d,0x0a
00008119                    	.code
                            	LM43:
00008119 40 F0 A6 80        		call _init525	// call without return value
00000984                    	.debug
00000984 2E 00 73 00        		.dw '.stabn 0x44,0,79,',0,0
         74 00 61 00
         62 00 6E 00
         20 00 30 00
         78 00 34 00
         34 00 2C 00
         30 00 2C 00
         37 00 39 00
         2C 00 00 00
         00 00      
00000997 09 00 00 00        		.dd LM44-_main
00000999 0D 00 0A 00        		.dw 0x0d,0x0a
0000811B                    	.code
                            	LM44:
                            	L24:
0000811B 0F 9F 1F 81        		pc=L26	// Indirect jump
0000811D 0F 9F 3F 81        		pc=L25	// Indirect jump
                            	L26:
0000099B                    	.debug
0000099B 2E 00 73 00        		.dw '.stabn 0x44,0,81,',0,0
         74 00 61 00
         62 00 6E 00
         20 00 30 00
         78 00 34 00
         34 00 2C 00
         30 00 2C 00
         38 00 31 00
         2C 00 00 00
         00 00      
000009AE 0D 00 00 00        		.dd LM45-_main
000009B0 0D 00 0A 00        		.dw 0x0d,0x0a
0000811F                    	.code
                            	LM45:
0000811F 40 92              		R1=0	// QImode move
00008120 C5 D2              		[BP]=R1	// QImode move
                            	L27:
00008121 C5 92              		R1=[BP]	// QImode move
00008122 58 42              		CMP R1,24	// QImode compare
00008123 04 AE 01 EE        		NSJNG L30	//QImode LE
         00 EE      
00008126 0F 9F 3D 81        		pc=L28	// Indirect jump
                            	L30:
000009B2                    	.debug
000009B2 2E 00 73 00        		.dw '.stabn 0x44,0,83,',0,0
         74 00 61 00
         62 00 6E 00
         20 00 30 00
         78 00 34 00
         34 00 2C 00
         30 00 2C 00
         38 00 33 00
         2C 00 00 00
         00 00      
000009C5 16 00 00 00        		.dd LM46-_main
000009C7 0D 00 0A 00        		.dw 0x0d,0x0a
00008128                    	.code
                            	LM46:
00008128 09 93 01 00        		R1=_table	// QImode move
0000812A C5 94              		R2=[BP]	// QImode move
0000812B 02 03              		R1 = R1 + R2	//addqi3
0000812C 01 97              		R3=R1	// QImode move
0000812D C3 94              		R2=[R3]	// QImode move
0000812E 4A 92              		R1=10	// QImode move
0000812F 09 F5              		mr=R2*R1	// r3=R2*R1 16bit=16bit*16bit
00008130 C8 D6              		[SP--]=R3	// QImode move
00008131 40 F0 26 80        		call _send525	// call without return value
00008133 41 00              		SP = SP + 1	//SP
000009C9                    	.debug
000009C9 2E 00 73 00        		.dw '.stabn 0x44,0,85,',0,0
         74 00 61 00
         62 00 6E 00
         20 00 30 00
         78 00 34 00
         34 00 2C 00
         30 00 2C 00
         38 00 35 00
         2C 00 00 00
         00 00      
000009DC 22 00 00 00        		.dd LM47-_main
000009DE 0D 00 0A 00        		.dw 0x0d,0x0a
00008134                    	.code
                            	LM47:
00008134 41 92              		R1=1	// QImode move
00008135 19 D3 12 70        		[28690]=R1	// QImode move
000009E0                    	.debug
000009E0 2E 00 73 00        		.dw '.stabn 0x44,0,81,',0,0
         74 00 61 00
         62 00 6E 00
         20 00 30 00
         78 00 34 00
         34 00 2C 00
         30 00 2C 00
         38 00 31 00
         2C 00 00 00
         00 00      
000009F3 25 00 00 00        		.dd LM48-_main
000009F5 0D 00 0A 00        		.dw 0x0d,0x0a
00008137                    	.code
                            	LM48:
                            	L29:
00008137 C5 92              		R1=[BP]	// QImode move
00008138 09 05 01 00        		R2=R1+1
0000813A C5 D4              		[BP]=R2	// QImode move
0000813B 0F 9F 21 81        		pc=L27	// Indirect jump
                            	L28:
000009F7                    	.debug
000009F7 2E 00 73 00        		.dw '.stabn 0x44,0,88,',0,0
         74 00 61 00
         62 00 6E 00
         20 00 30 00
         78 00 34 00
         34 00 2C 00
         30 00 2C 00
         38 00 38 00
         2C 00 00 00
         00 00      
00000A0A 2B 00 00 00        		.dd LM49-_main
00000A0C 0D 00 0A 00        		.dw 0x0d,0x0a
0000813D                    	.code
                            	LM49:
0000813D 0F 9F 1B 81        		pc=L24	// Indirect jump
                            	L25:
00000A0E                    	.debug
00000A0E 2E 00 73 00        		.dw '.stabn 0x44,0,89,',0,0
         74 00 61 00
         62 00 6E 00
         20 00 30 00
         78 00 34 00
         34 00 2C 00
         30 00 2C 00
         38 00 39 00
         2C 00 00 00
         00 00      
00000A21 2D 00 00 00        		.dd LM50-_main
00000A23 0D 00 0A 00        		.dw 0x0d,0x0a
0000813F                    	.code
                            	LM50:
                            	LBE4:
00000A25                    	.debug
00000A25 2E 00 73 00        		.dw '.stabn 0x44,0,89,',0,0
         74 00 61 00
         62 00 6E 00
         20 00 30 00
         78 00 34 00
         34 00 2C 00
         30 00 2C 00
         38 00 39 00
         2C 00 00 00
         00 00      
00000A38 2D 00 00 00        		.dd LM51-_main
00000A3A 0D 00 0A 00        		.dw 0x0d,0x0a
0000813F                    	.code
                            	LM51:
                            	L23:
                            	
0000813F 42 00              		sp+=2
00008140 88 98              		pop bp from [sp]
00008141 90 9A              		retf
                            		.endp	// end of main
                            	
00000A3C                    	.debug
00000A3C 2E 00 73 00        		.dw '.stabn 0xc0,0,0,',0,0
         74 00 61 00
         62 00 6E 00
         20 00 30 00
         78 00 63 00
         30 00 2C 00
         30 00 2C 00
         30 00 2C 00
         00 00 00 00
00000A4E 07 00 00 00        		.dd LBB4-_main
00000A50 0D 00 0A 00        		.dw 0x0d,0x0a
00008142                    	.code
00000A52                    	.debug
00000A52 2E 00 73 00        		.dw '.stabs "i:1",128,0,0,0',0x0d,0x0a
         74 00 61 00
         62 00 73 00
         20 00 22 00
         69 00 3A 00
         31 00 22 00
         2C 00 31 00
         32 00 38 00
         2C 00 30 00
         2C 00 30 00
         2C 00 30 00
         0D 00 0A 00
00008142                    	.CODE
00000A6A                    	.debug
00000A6A 2E 00 73 00        		.dw '.stabn 0xe0,0,0,',0,0
         74 00 61 00
         62 00 6E 00
         20 00 30 00
         78 00 65 00
         30 00 2C 00
         30 00 2C 00
         30 00 2C 00
         00 00 00 00
00000A7C 2D 00 00 00        		.dd LBE4-_main
00000A7E 0D 00 0A 00        		.dw 0x0d,0x0a
00008142                    	.code
00000A80                    	.debug
00000A80 2E 00 73 00        		.dw '.stabf ',0,0
         74 00 61 00
         62 00 66 00
         20 00 00 00
         00 00      
00000A89 30 00 00 00        		.dd LME4-_main
00000A8B 0D 00 0A 00        		.dw 0x0d,0x0a
00008142                    	.code
                            	LME4:
                            		.end
0 error(s), 0 warning(s).

