C51 COMPILER V8.02   MAIN                                                                  07/18/2010 16:41:07 PAGE 1   


C51 COMPILER V8.02, COMPILATION OF MODULE MAIN
OBJECT MODULE PLACED IN main.OBJ
COMPILER INVOKED BY: C:\Keil\C51\BIN\C51.EXE main.c BROWSE DEFINE(WORK_AROUND_192) DEBUG OBJECTEXTEND CODE

line level    source

   1          #include "reg52modified.h"
   2          #include "types.h"
   3          #include "usb.h"
   4          #include "tusb2136.h"
   5          #include "serial.h"
   6          
   7          
   8          extern void InitializeUsbFunction(void);
   9          
  10          extern bit deviceReady;
  11          extern bit bSuspended;
  12          
  13          extern tEDB xdata tInputEndPointDescriptorBlock[3];
  14          extern BYTE xdata pbInBufferAddress[EP_MAX_PACKET_SIZE];  // ENDPOINT 1 IN X buffer
  15          extern BYTE xdata pb48BufferAddress[EP_MAX_PACKET_SIZE];  // use ENDPOINT 1 OUT Y buffer space for bufferi
             -ng the 1st 
  16                                                                    // half of 96-byte block write for UCD9110 flash
             - programming
  17          extern BYTE previous_crc8;
  18          sbit key=P3^2;
  19          sbit led=P1^1;
  20          BYTE intFlags = 0x00;
  21          BYTE otherFlags = 0x00;
  22          BYTE modifierByte = 0x00;
  23          
  24          void IEP1InterruptHandler(void);
  25          void OEP0SetLEDs(void);
  26          void delay(unsigned int k)
  27          {
  28   1              unsigned char i,j;
  29   1              for(;k;k--)
  30   1              for(i=200;i;i--)
  31   1              for(j=200;j;j--);
  32   1      }
  33          
  34          
  35          void main(void)
  36          {
  37   1              unsigned char i;
  38   1              // Make sure we're disconnected from the upstream port
  39   1              bUSBCTL = 0x00;
  40   1              rs232_init();
  41   1              rs232_printstr("Hello world!\r\n");
  42   1              InitializeUsbFunction(); // Initialize the USB embedded function
  43   1              while(1) 
  44   1              { // Indefinite loop to handle keyboard scanning
  45   2      
  46   2      
  47   2                      
  48   2              }
  49   1      }
*** WARNING C280 IN LINE 37 OF MAIN.C: 'i': unreferenced local variable
  50          
  51          
  52          void IEP1InterruptHandler(void)
C51 COMPILER V8.02   MAIN                                                                  07/18/2010 16:41:07 PAGE 2   

  53          {
  54   1              // Just clear the NAK bit
  55   1              bIEPDCTX_1=EPBCT_NAK;
  56   1              pbInBufferAddress[0]=(~(P3>>2))&0x0f;
  57   1              bIEPDCTX_1=0x08;
  58   1      }
  59          
  60          
  61          void OEP0SetLEDs(void)
  62          {
  63   1      }
C51 COMPILER V8.02   MAIN                                                                  07/18/2010 16:41:07 PAGE 3   

ASSEMBLY LISTING OF GENERATED OBJECT CODE


             ; FUNCTION _delay (BEGIN)
                                           ; SOURCE LINE # 26
;---- Variable 'k' assigned to Register 'R6/R7' ----
                                           ; SOURCE LINE # 27
                                           ; SOURCE LINE # 29
0000         ?C0001:
0000 EF                MOV     A,R7
0001 4E                ORL     A,R6
0002 600F              JZ      ?C0010
                                           ; SOURCE LINE # 30
;---- Variable 'i' assigned to Register 'R5' ----
0004 7DC8              MOV     R5,#0C8H
0006         ?C0004:
                                           ; SOURCE LINE # 31
;---- Variable 'j' assigned to Register 'R4' ----
0006 7CC8              MOV     R4,#0C8H
0008         ?C0007:
0008 DCFE              DJNZ    R4,?C0007
000A         ?C0006:
000A DDFA              DJNZ    R5,?C0004
000C         ?C0003:
000C EF                MOV     A,R7
000D 1F                DEC     R7
000E 70F0              JNZ     ?C0001
0010 1E                DEC     R6
0011         ?C0016:
0011 80ED              SJMP    ?C0001
                                           ; SOURCE LINE # 32
0013         ?C0010:
0013 22                RET     
             ; FUNCTION _delay (END)

             ; FUNCTION main (BEGIN)
                                           ; SOURCE LINE # 35
                                           ; SOURCE LINE # 36
                                           ; SOURCE LINE # 39
0000 90FFFC            MOV     DPTR,#0FFFCH
0003 E4                CLR     A
0004 F0                MOVX    @DPTR,A
                                           ; SOURCE LINE # 40
0005 120000      E     LCALL   rs232_init
                                           ; SOURCE LINE # 41
0008 7BFF              MOV     R3,#0FFH
000A 7A00        R     MOV     R2,#HIGH ?SC_0
000C 7900        R     MOV     R1,#LOW ?SC_0
000E 120000      E     LCALL   _rs232_printstr
                                           ; SOURCE LINE # 42
0011 120000      E     LCALL   InitializeUsbFunction
0014         ?C0011:
                                           ; SOURCE LINE # 43
                                           ; SOURCE LINE # 44
                                           ; SOURCE LINE # 48
0014 80FE              SJMP    ?C0011
             ; FUNCTION main (END)

             ; FUNCTION IEP1InterruptHandler (BEGIN)
                                           ; SOURCE LINE # 52
                                           ; SOURCE LINE # 53
                                           ; SOURCE LINE # 55
C51 COMPILER V8.02   MAIN                                                                  07/18/2010 16:41:07 PAGE 4   

0000 90FF4A            MOV     DPTR,#0FF4AH
0003 7480              MOV     A,#080H
0005 F0                MOVX    @DPTR,A
                                           ; SOURCE LINE # 56
0006 E5B0              MOV     A,P3
0008 13                RRC     A
0009 13                RRC     A
000A 543F              ANL     A,#03FH
000C F4                CPL     A
000D 540F              ANL     A,#0FH
000F 900000      E     MOV     DPTR,#pbInBufferAddress
0012 F0                MOVX    @DPTR,A
                                           ; SOURCE LINE # 57
0013 90FF4A            MOV     DPTR,#0FF4AH
0016 7408              MOV     A,#08H
0018 F0                MOVX    @DPTR,A
                                           ; SOURCE LINE # 58
0019 22                RET     
             ; FUNCTION IEP1InterruptHandler (END)

             ; FUNCTION OEP0SetLEDs (BEGIN)
                                           ; SOURCE LINE # 61
                                           ; SOURCE LINE # 62
                                           ; SOURCE LINE # 63
0000 22                RET     
             ; FUNCTION OEP0SetLEDs (END)



MODULE INFORMATION:   STATIC OVERLAYABLE
   CODE SIZE        =     69    ----
   CONSTANT SIZE    =     15    ----
   XDATA SIZE       =   ----    ----
   PDATA SIZE       =   ----    ----
   DATA SIZE        =      3       1
   IDATA SIZE       =   ----    ----
   BIT SIZE         =   ----    ----
END OF MODULE INFORMATION.


C51 COMPILATION COMPLETE.  1 WARNING(S),  0 ERROR(S)
