Sunplus u'nSP Assembler - Ver. 1.14.3.1
              Listing File Has Been Relocated
                            	// GCC for SUNPLUS u'nSP version 1.0.21-3
                            	// Command: C:\PROGRA~1\Sunplus\UNSPID~1.0\cc1.exe C:\DOCUME~1\ADMINI~1\LOCALS~1\Temp\ccovaaaa.i -fkeep-inline-functions -quiet -dumpbase Clock.c -mglobal-var-iram -gstabs -Wall -o .\Debug/Clock.asm
                            		.external __sn_func_ptr_sec
                            	
                            	// gcc2_compiled.:
                            	
00000000                    	.debug
00000000 2E 00 73 00        		.dw '.stabs "F:/myproject/lingyang/sound/",0x64,0,3,',0,0,offset Ltext0,seg Ltext0,0x0d,0x0a
         74 00 61 00
         62 00 73 00
         20 00 22 00
         46 00 3A 00
         2F 00 6D 00
         79 00 70 00
         72 00 6F 00
         6A 00 65 00
         63 00 74 00
         2F 00 6C 00
         69 00 6E 00
         67 00 79 00
         61 00 6E 00
         67 00 2F 00
         73 00 6F 00
         75 00 6E 00
         64 00 2F 00
         22 00 2C 00
         30 00 78 00
         36 00 34 00
         2C 00 30 00
         2C 00 33 00
         2C 00 00 00
         00 00 00 00
         00 00 0D 00
         0A 00      
000095C9                    	.code
00000035                    	.debug
00000035 2E 00 73 00        		.dw '.stabs "F:/myproject/lingyang/sound/Clock.c",0x64,0,3,',0,0,offset Ltext0,seg Ltext0,0x0d,0x0a
         74 00 61 00
         62 00 73 00
         20 00 22 00
         46 00 3A 00
         2F 00 6D 00
         79 00 70 00
         72 00 6F 00
         6A 00 65 00
         63 00 74 00
         2F 00 6C 00
         69 00 6E 00
         67 00 79 00
         61 00 6E 00
         67 00 2F 00
         73 00 6F 00
         75 00 6E 00
         64 00 2F 00
         43 00 6C 00
         6F 00 63 00
         6B 00 2E 00
         63 00 22 00
         2C 00 30 00
         78 00 36 00
         34 00 2C 00
         30 00 2C 00
         33 00 2C 00
         00 00 00 00
         00 00 00 00
         0D 00 0A 00
000095C9                    	.code
000095C9                    	.code
                            	Ltext0:
00000071                    	.debug
00000071 2E 00 73 00        		.dw '.stabs "int:t1=r1;-32768;32767;",128,0,0,0',0x0d,0x0a
         74 00 61 00
         62 00 73 00
         20 00 22 00
         69 00 6E 00
         74 00 3A 00
         74 00 31 00
         3D 00 72 00
         31 00 3B 00
         2D 00 33 00
         32 00 37 00
         36 00 38 00
         3B 00 33 00
         32 00 37 00
         36 00 37 00
         3B 00 22 00
         2C 00 31 00
         32 00 38 00
         2C 00 30 00
         2C 00 30 00
         2C 00 30 00
         0D 00 0A 00
000095C9                    	.CODE
0000009D                    	.debug
0000009D 2E 00 73 00        		.dw '.stabs "char:t2=r2;0;127;",128,0,0,0',0x0d,0x0a
         74 00 61 00
         62 00 73 00
         20 00 22 00
         63 00 68 00
         61 00 72 00
         3A 00 74 00
         32 00 3D 00
         72 00 32 00
         3B 00 30 00
         3B 00 31 00
         32 00 37 00
         3B 00 22 00
         2C 00 31 00
         32 00 38 00
         2C 00 30 00
         2C 00 30 00
         2C 00 30 00
         0D 00 0A 00
000095C9                    	.CODE
000000C3                    	.debug
000000C3 2E 00 73 00        		.dw '.stabs "long int:t3=r3;-2147483648;2147483647;",128,0,0,0',0x0d,0x0a
         74 00 61 00
         62 00 73 00
         20 00 22 00
         6C 00 6F 00
         6E 00 67 00
         20 00 69 00
         6E 00 74 00
         3A 00 74 00
         33 00 3D 00
         72 00 33 00
         3B 00 2D 00
         32 00 31 00
         34 00 37 00
         34 00 38 00
         33 00 36 00
         34 00 38 00
         3B 00 32 00
         31 00 34 00
         37 00 34 00
         38 00 33 00
         36 00 34 00
         37 00 3B 00
         22 00 2C 00
         31 00 32 00
         38 00 2C 00
         30 00 2C 00
         30 00 2C 00
         30 00 0D 00
         0A 00      
000095C9                    	.CODE
000000FE                    	.debug
000000FE 2E 00 73 00        		.dw '.stabs "unsigned int:t4=r4;0;65535;",128,0,0,0',0x0d,0x0a
         74 00 61 00
         62 00 73 00
         20 00 22 00
         75 00 6E 00
         73 00 69 00
         67 00 6E 00
         65 00 64 00
         20 00 69 00
         6E 00 74 00
         3A 00 74 00
         34 00 3D 00
         72 00 34 00
         3B 00 30 00
         3B 00 36 00
         35 00 35 00
         33 00 35 00
         3B 00 22 00
         2C 00 31 00
         32 00 38 00
         2C 00 30 00
         2C 00 30 00
         2C 00 30 00
         0D 00 0A 00
000095C9                    	.CODE
0000012E                    	.debug
0000012E 2E 00 73 00        		.dw '.stabs "long unsigned int:t5=r5;0;4294967295;",128,0,0,0',0x0d,0x0a
         74 00 61 00
         62 00 73 00
         20 00 22 00
         6C 00 6F 00
         6E 00 67 00
         20 00 75 00
         6E 00 73 00
         69 00 67 00
         6E 00 65 00
         64 00 20 00
         69 00 6E 00
         74 00 3A 00
         74 00 35 00
         3D 00 72 00
         35 00 3B 00
         30 00 3B 00
         34 00 32 00
         39 00 34 00
         39 00 36 00
         37 00 32 00
         39 00 35 00
         3B 00 22 00
         2C 00 31 00
         32 00 38 00
         2C 00 30 00
         2C 00 30 00
         2C 00 30 00
         0D 00 0A 00
000095C9                    	.CODE
00000168                    	.debug
00000168 2E 00 73 00        		.dw '.stabs "long long int:t6=r6;-2147483648;2147483647;",128,0,0,0',0x0d,0x0a
         74 00 61 00
         62 00 73 00
         20 00 22 00
         6C 00 6F 00
         6E 00 67 00
         20 00 6C 00
         6F 00 6E 00
         67 00 20 00
         69 00 6E 00
         74 00 3A 00
         74 00 36 00
         3D 00 72 00
         36 00 3B 00
         2D 00 32 00
         31 00 34 00
         37 00 34 00
         38 00 33 00
         36 00 34 00
         38 00 3B 00
         32 00 31 00
         34 00 37 00
         34 00 38 00
         33 00 36 00
         34 00 37 00
         3B 00 22 00
         2C 00 31 00
         32 00 38 00
         2C 00 30 00
         2C 00 30 00
         2C 00 30 00
         0D 00 0A 00
000095C9                    	.CODE
000001A8                    	.debug
000001A8 2E 00 73 00        		.dw '.stabs "long long unsigned int:t7=r7;0;4294967295;",128,0,0,0',0x0d,0x0a
         74 00 61 00
         62 00 73 00
         20 00 22 00
         6C 00 6F 00
         6E 00 67 00
         20 00 6C 00
         6F 00 6E 00
         67 00 20 00
         75 00 6E 00
         73 00 69 00
         67 00 6E 00
         65 00 64 00
         20 00 69 00
         6E 00 74 00
         3A 00 74 00
         37 00 3D 00
         72 00 37 00
         3B 00 30 00
         3B 00 34 00
         32 00 39 00
         34 00 39 00
         36 00 37 00
         32 00 39 00
         35 00 3B 00
         22 00 2C 00
         31 00 32 00
         38 00 2C 00
         30 00 2C 00
         30 00 2C 00
         30 00 0D 00
         0A 00      
000095C9                    	.CODE
000001E7                    	.debug
000001E7 2E 00 73 00        		.dw '.stabs "short int:t8=r8;-32768;32767;",128,0,0,0',0x0d,0x0a
         74 00 61 00
         62 00 73 00
         20 00 22 00
         73 00 68 00
         6F 00 72 00
         74 00 20 00
         69 00 6E 00
         74 00 3A 00
         74 00 38 00
         3D 00 72 00
         38 00 3B 00
         2D 00 33 00
         32 00 37 00
         36 00 38 00
         3B 00 33 00
         32 00 37 00
         36 00 37 00
         3B 00 22 00
         2C 00 31 00
         32 00 38 00
         2C 00 30 00
         2C 00 30 00
         2C 00 30 00
         0D 00 0A 00
000095C9                    	.CODE
00000219                    	.debug
00000219 2E 00 73 00        		.dw '.stabs "short unsigned int:t9=r9;0;65535;",128,0,0,0',0x0d,0x0a
         74 00 61 00
         62 00 73 00
         20 00 22 00
         73 00 68 00
         6F 00 72 00
         74 00 20 00
         75 00 6E 00
         73 00 69 00
         67 00 6E 00
         65 00 64 00
         20 00 69 00
         6E 00 74 00
         3A 00 74 00
         39 00 3D 00
         72 00 39 00
         3B 00 30 00
         3B 00 36 00
         35 00 35 00
         33 00 35 00
         3B 00 22 00
         2C 00 31 00
         32 00 38 00
         2C 00 30 00
         2C 00 30 00
         2C 00 30 00
         0D 00 0A 00
000095C9                    	.CODE
0000024F                    	.debug
0000024F 2E 00 73 00        		.dw '.stabs "signed char:t10=r10;-32768;32767;",128,0,0,0',0x0d,0x0a
         74 00 61 00
         62 00 73 00
         20 00 22 00
         73 00 69 00
         67 00 6E 00
         65 00 64 00
         20 00 63 00
         68 00 61 00
         72 00 3A 00
         74 00 31 00
         30 00 3D 00
         72 00 31 00
         30 00 3B 00
         2D 00 33 00
         32 00 37 00
         36 00 38 00
         3B 00 33 00
         32 00 37 00
         36 00 37 00
         3B 00 22 00
         2C 00 31 00
         32 00 38 00
         2C 00 30 00
         2C 00 30 00
         2C 00 30 00
         0D 00 0A 00
000095C9                    	.CODE
00000285                    	.debug
00000285 2E 00 73 00        		.dw '.stabs "unsigned char:t11=r11;0;65535;",128,0,0,0',0x0d,0x0a
         74 00 61 00
         62 00 73 00
         20 00 22 00
         75 00 6E 00
         73 00 69 00
         67 00 6E 00
         65 00 64 00
         20 00 63 00
         68 00 61 00
         72 00 3A 00
         74 00 31 00
         31 00 3D 00
         72 00 31 00
         31 00 3B 00
         30 00 3B 00
         36 00 35 00
         35 00 33 00
         35 00 3B 00
         22 00 2C 00
         31 00 32 00
         38 00 2C 00
         30 00 2C 00
         30 00 2C 00
         30 00 0D 00
         0A 00      
000095C9                    	.CODE
000002B8                    	.debug
000002B8 2E 00 73 00        		.dw '.stabs "float:t12=r1;2;0;",128,0,0,0',0x0d,0x0a
         74 00 61 00
         62 00 73 00
         20 00 22 00
         66 00 6C 00
         6F 00 61 00
         74 00 3A 00
         74 00 31 00
         32 00 3D 00
         72 00 31 00
         3B 00 32 00
         3B 00 30 00
         3B 00 22 00
         2C 00 31 00
         32 00 38 00
         2C 00 30 00
         2C 00 30 00
         2C 00 30 00
         0D 00 0A 00
000095C9                    	.CODE
000002DE                    	.debug
000002DE 2E 00 73 00        		.dw '.stabs "double:t13=r1;2;0;",128,0,0,0',0x0d,0x0a
         74 00 61 00
         62 00 73 00
         20 00 22 00
         64 00 6F 00
         75 00 62 00
         6C 00 65 00
         3A 00 74 00
         31 00 33 00
         3D 00 72 00
         31 00 3B 00
         32 00 3B 00
         30 00 3B 00
         22 00 2C 00
         31 00 32 00
         38 00 2C 00
         30 00 2C 00
         30 00 2C 00
         30 00 0D 00
         0A 00      
000095C9                    	.CODE
00000305                    	.debug
00000305 2E 00 73 00        		.dw '.stabs "long double:t14=r1;2;0;",128,0,0,0',0x0d,0x0a
         74 00 61 00
         62 00 73 00
         20 00 22 00
         6C 00 6F 00
         6E 00 67 00
         20 00 64 00
         6F 00 75 00
         62 00 6C 00
         65 00 3A 00
         74 00 31 00
         34 00 3D 00
         72 00 31 00
         3B 00 32 00
         3B 00 30 00
         3B 00 22 00
         2C 00 31 00
         32 00 38 00
         2C 00 30 00
         2C 00 30 00
         2C 00 30 00
         0D 00 0A 00
000095C9                    	.CODE
00000331                    	.debug
00000331 2E 00 73 00        		.dw '.stabs "complex int:t15=s2real:1,0,16;imag:1,16,16;;",128,0,0,0',0x0d,0x0a
         74 00 61 00
         62 00 73 00
         20 00 22 00
         63 00 6F 00
         6D 00 70 00
         6C 00 65 00
         78 00 20 00
         69 00 6E 00
         74 00 3A 00
         74 00 31 00
         35 00 3D 00
         73 00 32 00
         72 00 65 00
         61 00 6C 00
         3A 00 31 00
         2C 00 30 00
         2C 00 31 00
         36 00 3B 00
         69 00 6D 00
         61 00 67 00
         3A 00 31 00
         2C 00 31 00
         36 00 2C 00
         31 00 36 00
         3B 00 3B 00
         22 00 2C 00
         31 00 32 00
         38 00 2C 00
         30 00 2C 00
         30 00 2C 00
         30 00 0D 00
         0A 00      
000095C9                    	.CODE
00000372                    	.debug
00000372 2E 00 73 00        		.dw '.stabs "complex float:t16=r16;2;0;",128,0,0,0',0x0d,0x0a
         74 00 61 00
         62 00 73 00
         20 00 22 00
         63 00 6F 00
         6D 00 70 00
         6C 00 65 00
         78 00 20 00
         66 00 6C 00
         6F 00 61 00
         74 00 3A 00
         74 00 31 00
         36 00 3D 00
         72 00 31 00
         36 00 3B 00
         32 00 3B 00
         30 00 3B 00
         22 00 2C 00
         31 00 32 00
         38 00 2C 00
         30 00 2C 00
         30 00 2C 00
         30 00 0D 00
         0A 00      
000095C9                    	.CODE
000003A1                    	.debug
000003A1 2E 00 73 00        		.dw '.stabs "complex double:t17=r17;2;0;",128,0,0,0',0x0d,0x0a
         74 00 61 00
         62 00 73 00
         20 00 22 00
         63 00 6F 00
         6D 00 70 00
         6C 00 65 00
         78 00 20 00
         64 00 6F 00
         75 00 62 00
         6C 00 65 00
         3A 00 74 00
         31 00 37 00
         3D 00 72 00
         31 00 37 00
         3B 00 32 00
         3B 00 30 00
         3B 00 22 00
         2C 00 31 00
         32 00 38 00
         2C 00 30 00
         2C 00 30 00
         2C 00 30 00
         0D 00 0A 00
000095C9                    	.CODE
000003D1                    	.debug
000003D1 2E 00 73 00        		.dw '.stabs "complex long double:t18=r18;2;0;",128,0,0,0',0x0d,0x0a
         74 00 61 00
         62 00 73 00
         20 00 22 00
         63 00 6F 00
         6D 00 70 00
         6C 00 65 00
         78 00 20 00
         6C 00 6F 00
         6E 00 67 00
         20 00 64 00
         6F 00 75 00
         62 00 6C 00
         65 00 3A 00
         74 00 31 00
         38 00 3D 00
         72 00 31 00
         38 00 3B 00
         32 00 3B 00
         30 00 3B 00
         22 00 2C 00
         31 00 32 00
         38 00 2C 00
         30 00 2C 00
         30 00 2C 00
         30 00 0D 00
         0A 00      
000095C9                    	.CODE
00000406                    	.debug
00000406 2E 00 73 00        		.dw '.stabs "void:t19=19",128,0,0,0',0x0d,0x0a
         74 00 61 00
         62 00 73 00
         20 00 22 00
         76 00 6F 00
         69 00 64 00
         3A 00 74 00
         31 00 39 00
         3D 00 31 00
         39 00 22 00
         2C 00 31 00
         32 00 38 00
         2C 00 30 00
         2C 00 30 00
         2C 00 30 00
         0D 00 0A 00
000095C9                    	.CODE
00000426                    	.debug
00000426 2E 00 73 00        		.dw '.stabs "STR_CLOCK:T20=s7Year:4,0,16;Mon:4,16,16;\\",128,0,0,0',0x0d,0x0a
         74 00 61 00
         62 00 73 00
         20 00 22 00
         53 00 54 00
         52 00 5F 00
         43 00 4C 00
         4F 00 43 00
         4B 00 3A 00
         54 00 32 00
         30 00 3D 00
         73 00 37 00
         59 00 65 00
         61 00 72 00
         3A 00 34 00
         2C 00 30 00
         2C 00 31 00
         36 00 3B 00
         4D 00 6F 00
         6E 00 3A 00
         34 00 2C 00
         31 00 36 00
         2C 00 31 00
         36 00 3B 00
         5C 00 5C 00
         22 00 2C 00
         31 00 32 00
         38 00 2C 00
         30 00 2C 00
         30 00 2C 00
         30 00 0D 00
         0A 00      
00000465 2E 00 73 00        		.DW '.stabs "Day:4,32,16;Hour:4,48,16;Min:4,64,16;\\",128,0,0,0',0x0d,0x0a
         74 00 61 00
         62 00 73 00
         20 00 22 00
         44 00 61 00
         79 00 3A 00
         34 00 2C 00
         33 00 32 00
         2C 00 31 00
         36 00 3B 00
         48 00 6F 00
         75 00 72 00
         3A 00 34 00
         2C 00 34 00
         38 00 2C 00
         31 00 36 00
         3B 00 4D 00
         69 00 6E 00
         3A 00 34 00
         2C 00 36 00
         34 00 2C 00
         31 00 36 00
         3B 00 5C 00
         5C 00 22 00
         2C 00 31 00
         32 00 38 00
         2C 00 30 00
         2C 00 30 00
         2C 00 30 00
         0D 00 0A 00
000004A1 2E 00 73 00        		.DW '.stabs "Sec:4,80,16;HalfSec:4,96,16;;",128,0,0,0',0x0d,0x0a
         74 00 61 00
         62 00 73 00
         20 00 22 00
         53 00 65 00
         63 00 3A 00
         34 00 2C 00
         38 00 30 00
         2C 00 31 00
         36 00 3B 00
         48 00 61 00
         6C 00 66 00
         53 00 65 00
         63 00 3A 00
         34 00 2C 00
         39 00 36 00
         2C 00 31 00
         36 00 3B 00
         3B 00 22 00
         2C 00 31 00
         32 00 38 00
         2C 00 30 00
         2C 00 30 00
         2C 00 30 00
         0D 00 0A 00
000095C9                    	.CODE
000004D3                    	.debug
000004D3 2E 00 73 00        		.dw '.stabs "CLOCK:t21=20",128,0,0,0',0x0d,0x0a
         74 00 61 00
         62 00 73 00
         20 00 22 00
         43 00 4C 00
         4F 00 43 00
         4B 00 3A 00
         74 00 32 00
         31 00 3D 00
         32 00 30 00
         22 00 2C 00
         31 00 32 00
         38 00 2C 00
         30 00 2C 00
         30 00 2C 00
         30 00 0D 00
         0A 00      
000095C9                    	.CODE
                            	.public _Clock
0000038B                    	.iram
                            	_Clock:
0000038B D6 07              		.dw 2006
0000038C 01 00              		.dw 1
0000038D 01 00              		.dw 1
0000038E 00 00              		.dw 0
0000038F 00 00              		.dw 0
00000390 00 00              		.dw 0
00000391 00 00              		.dw 0
000004F4                    	.debug
000004F4 2E 00 73 00        		.dw '.stabs "Clock:G21",32,0,0,',0,0,offset _Clock,seg _Clock,0x0d,0x0a
         74 00 61 00
         62 00 73 00
         20 00 22 00
         43 00 6C 00
         6F 00 63 00
         6B 00 3A 00
         47 00 32 00
         31 00 22 00
         2C 00 33 00
         32 00 2C 00
         30 00 2C 00
         30 00 2C 00
         00 00 00 00
         00 00 00 00
         0D 00 0A 00
000095C9                    	.CODE
                            	.public _Month_Day
00008759                    	.text
                            	_Month_Day:
00008759 1F 00              		.dw 31
0000875A 1C 00              		.dw 28
0000875B 1F 00              		.dw 31
0000875C 1E 00              		.dw 30
0000875D 1F 00              		.dw 31
0000875E 1E 00              		.dw 30
0000875F 1F 00              		.dw 31
00008760 1F 00              		.dw 31
00008761 1E 00              		.dw 30
00008762 1F 00              		.dw 31
00008763 1E 00              		.dw 30
00008764 1F 00              		.dw 31
00000514                    	.debug
00000514 2E 00 73 00        		.dw '.stabs "Month_Day:G22=ar1;0;11;4",32,0,0,',0,0,offset _Month_Day,seg _Month_Day,0x0d,0x0a
         74 00 61 00
         62 00 73 00
         20 00 22 00
         4D 00 6F 00
         6E 00 74 00
         68 00 5F 00
         44 00 61 00
         79 00 3A 00
         47 00 32 00
         32 00 3D 00
         61 00 72 00
         31 00 3B 00
         30 00 3B 00
         31 00 31 00
         3B 00 34 00
         22 00 2C 00
         33 00 32 00
         2C 00 30 00
         2C 00 30 00
         2C 00 00 00
         00 00 00 00
         00 00 0D 00
         0A 00      
000095C9                    	.CODE
000095C9                    	.code
00000543                    	.debug
00000543 2E 00 73 00        		.dw '.stabs "Clock_ISR:F19",36,0,0,',0,0,offset _Clock_ISR,seg _Clock_ISR,0x0d,0x0a
         74 00 61 00
         62 00 73 00
         20 00 22 00
         43 00 6C 00
         6F 00 63 00
         6B 00 5F 00
         49 00 53 00
         52 00 3A 00
         46 00 31 00
         39 00 22 00
         2C 00 33 00
         36 00 2C 00
         30 00 2C 00
         30 00 2C 00
         00 00 00 00
         00 00 00 00
         0D 00 0A 00
000095C9                    	.CODE
                            	.public _Clock_ISR
                            	_Clock_ISR:	.proc
00000567                    	.debug
00000567 2E 00 73 00        		.dw '.stabn 0x44,0,32,',0,0
         74 00 61 00
         62 00 6E 00
         20 00 30 00
         78 00 34 00
         34 00 2C 00
         30 00 2C 00
         33 00 32 00
         2C 00 00 00
         00 00      
0000057A 00 00 00 00        		.dd LM1-_Clock_ISR
0000057C 0D 00 0A 00        		.dw 0x0d,0x0a
000095C9                    	.code
                            	LM1:
                            		// total=0, vars=0
                            		// frame_pointer_needed: 1
000095C9 88 DA              		push bp to [sp]
000095CA 08 0B 01 00        		bp=sp+1
                            	
000095CC 0D 03 03 00        		R1=BP+3
0000057E                    	.debug
0000057E 2E 00 73 00        		.dw '.stabn 0x44,0,33,',0,0
         74 00 61 00
         62 00 6E 00
         20 00 30 00
         78 00 34 00
         34 00 2C 00
         30 00 2C 00
         33 00 33 00
         2C 00 00 00
         00 00      
00000591 05 00 00 00        		.dd LM2-_Clock_ISR
00000593 0D 00 0A 00        		.dw 0x0d,0x0a
000095CE                    	.code
                            	LM2:
000095CE 12 95 91 03        		R2=[_Clock+6]	// QImode move
000095D0 40 44              		CMP R2,0	// QImode test
000095D1 07 4E 01 EE        		NSJNZ L3	//QImode NE
         00 EE      
00000595                    	.debug
00000595 2E 00 73 00        		.dw '.stabn 0x44,0,34,',0,0
         74 00 61 00
         62 00 6E 00
         20 00 30 00
         78 00 34 00
         34 00 2C 00
         30 00 2C 00
         33 00 34 00
         2C 00 00 00
         00 00      
000005A8 0B 00 00 00        		.dd LM3-_Clock_ISR
000005AA 0D 00 0A 00        		.dw 0x0d,0x0a
000095D4                    	.code
                            	LM3:
000095D4 41 94              		R2=1	// QImode move
000095D5 1A D5 91 03        		[_Clock+6]=R2	// QImode move
000095D7 0F 9F 46 96        		pc=L4	// Indirect jump
                            	L3:
000005AC                    	.debug
000005AC 2E 00 73 00        		.dw '.stabn 0x44,0,37,',0,0
         74 00 61 00
         62 00 6E 00
         20 00 30 00
         78 00 34 00
         34 00 2C 00
         30 00 2C 00
         33 00 37 00
         2C 00 00 00
         00 00      
000005BF 10 00 00 00        		.dd LM4-_Clock_ISR
000005C1 0D 00 0A 00        		.dw 0x0d,0x0a
000095D9                    	.code
                            	LM4:
000095D9 40 94              		R2=0	// QImode move
000095DA 1A D5 91 03        		[_Clock+6]=R2	// QImode move
000005C3                    	.debug
000005C3 2E 00 73 00        		.dw '.stabn 0x44,0,38,',0,0
         74 00 61 00
         62 00 6E 00
         20 00 30 00
         78 00 34 00
         34 00 2C 00
         30 00 2C 00
         33 00 38 00
         2C 00 00 00
         00 00      
000005D6 13 00 00 00        		.dd LM5-_Clock_ISR
000005D8 0D 00 0A 00        		.dw 0x0d,0x0a
000095DC                    	.code
                            	LM5:
000095DC 12 95 90 03        		R2=[_Clock+5]	// QImode move
000095DE 41 96              		R3=1	// QImode move
000095DF 1A 07 90 03        		[_Clock+5]=R2+R3  //addqi3_Qrr
000005DA                    	.debug
000005DA 2E 00 73 00        		.dw '.stabn 0x44,0,39,',0,0
         74 00 61 00
         62 00 6E 00
         20 00 30 00
         78 00 34 00
         34 00 2C 00
         30 00 2C 00
         33 00 39 00
         2C 00 00 00
         00 00      
000005ED 18 00 00 00        		.dd LM6-_Clock_ISR
000005EF 0D 00 0A 00        		.dw 0x0d,0x0a
000095E1                    	.code
                            	LM6:
000095E1 12 95 90 03        		R2=[_Clock+5]	// QImode move
000095E3 7C 44              		CMP R2,60	// QImode compare
000095E4 02 5E 0F 9F        		NSJNZ L4	//QImode NE
         46 96      
000005F1                    	.debug
000005F1 2E 00 73 00        		.dw '.stabn 0x44,0,41,',0,0
         74 00 61 00
         62 00 6E 00
         20 00 30 00
         78 00 34 00
         34 00 2C 00
         30 00 2C 00
         34 00 31 00
         2C 00 00 00
         00 00      
00000604 1E 00 00 00        		.dd LM7-_Clock_ISR
00000606 0D 00 0A 00        		.dw 0x0d,0x0a
000095E7                    	.code
                            	LM7:
000095E7 40 94              		R2=0	// QImode move
000095E8 1A D5 90 03        		[_Clock+5]=R2	// QImode move
00000608                    	.debug
00000608 2E 00 73 00        		.dw '.stabn 0x44,0,42,',0,0
         74 00 61 00
         62 00 6E 00
         20 00 30 00
         78 00 34 00
         34 00 2C 00
         30 00 2C 00
         34 00 32 00
         2C 00 00 00
         00 00      
0000061B 21 00 00 00        		.dd LM8-_Clock_ISR
0000061D 0D 00 0A 00        		.dw 0x0d,0x0a
000095EA                    	.code
                            	LM8:
000095EA 12 95 8F 03        		R2=[_Clock+4]	// QImode move
000095EC 41 96              		R3=1	// QImode move
000095ED 1A 07 8F 03        		[_Clock+4]=R2+R3  //addqi3_Qrr
0000061F                    	.debug
0000061F 2E 00 73 00        		.dw '.stabn 0x44,0,43,',0,0
         74 00 61 00
         62 00 6E 00
         20 00 30 00
         78 00 34 00
         34 00 2C 00
         30 00 2C 00
         34 00 33 00
         2C 00 00 00
         00 00      
00000632 26 00 00 00        		.dd LM9-_Clock_ISR
00000634 0D 00 0A 00        		.dw 0x0d,0x0a
000095EF                    	.code
                            	LM9:
000095EF 12 95 8F 03        		R2=[_Clock+4]	// QImode move
000095F1 7C 44              		CMP R2,60	// QImode compare
000095F2 02 5E 0F 9F        		NSJNZ L4	//QImode NE
         46 96      
00000636                    	.debug
00000636 2E 00 73 00        		.dw '.stabn 0x44,0,45,',0,0
         74 00 61 00
         62 00 6E 00
         20 00 30 00
         78 00 34 00
         34 00 2C 00
         30 00 2C 00
         34 00 35 00
         2C 00 00 00
         00 00      
00000649 2C 00 00 00        		.dd LM10-_Clock_ISR
0000064B 0D 00 0A 00        		.dw 0x0d,0x0a
000095F5                    	.code
                            	LM10:
000095F5 40 94              		R2=0	// QImode move
000095F6 1A D5 8F 03        		[_Clock+4]=R2	// QImode move
0000064D                    	.debug
0000064D 2E 00 73 00        		.dw '.stabn 0x44,0,46,',0,0
         74 00 61 00
         62 00 6E 00
         20 00 30 00
         78 00 34 00
         34 00 2C 00
         30 00 2C 00
         34 00 36 00
         2C 00 00 00
         00 00      
00000660 2F 00 00 00        		.dd LM11-_Clock_ISR
00000662 0D 00 0A 00        		.dw 0x0d,0x0a
000095F8                    	.code
                            	LM11:
000095F8 12 95 8E 03        		R2=[_Clock+3]	// QImode move
000095FA 41 96              		R3=1	// QImode move
000095FB 1A 07 8E 03        		[_Clock+3]=R2+R3  //addqi3_Qrr
00000664                    	.debug
00000664 2E 00 73 00        		.dw '.stabn 0x44,0,47,',0,0
         74 00 61 00
         62 00 6E 00
         20 00 30 00
         78 00 34 00
         34 00 2C 00
         30 00 2C 00
         34 00 37 00
         2C 00 00 00
         00 00      
00000677 34 00 00 00        		.dd LM12-_Clock_ISR
00000679 0D 00 0A 00        		.dw 0x0d,0x0a
000095FD                    	.code
                            	LM12:
000095FD 12 95 8E 03        		R2=[_Clock+3]	// QImode move
000095FF 58 44              		CMP R2,24	// QImode compare
00009600 02 5E 0F 9F        		NSJNZ L4	//QImode NE
         46 96      
0000067B                    	.debug
0000067B 2E 00 73 00        		.dw '.stabn 0x44,0,49,',0,0
         74 00 61 00
         62 00 6E 00
         20 00 30 00
         78 00 34 00
         34 00 2C 00
         30 00 2C 00
         34 00 39 00
         2C 00 00 00
         00 00      
0000068E 3A 00 00 00        		.dd LM13-_Clock_ISR
00000690 0D 00 0A 00        		.dw 0x0d,0x0a
00009603                    	.code
                            	LM13:
00009603 40 94              		R2=0	// QImode move
00009604 1A D5 8E 03        		[_Clock+3]=R2	// QImode move
00000692                    	.debug
00000692 2E 00 73 00        		.dw '.stabn 0x44,0,50,',0,0
         74 00 61 00
         62 00 6E 00
         20 00 30 00
         78 00 34 00
         34 00 2C 00
         30 00 2C 00
         35 00 30 00
         2C 00 00 00
         00 00      
000006A5 3D 00 00 00        		.dd LM14-_Clock_ISR
000006A7 0D 00 0A 00        		.dw 0x0d,0x0a
00009606                    	.code
                            	LM14:
00009606 12 95 8D 03        		R2=[_Clock+2]	// QImode move
00009608 41 96              		R3=1	// QImode move
00009609 1A 07 8D 03        		[_Clock+2]=R2+R3  //addqi3_Qrr
000006A9                    	.debug
000006A9 2E 00 73 00        		.dw '.stabn 0x44,0,51,',0,0
         74 00 61 00
         62 00 6E 00
         20 00 30 00
         78 00 34 00
         34 00 2C 00
         30 00 2C 00
         35 00 31 00
         2C 00 00 00
         00 00      
000006BC 42 00 00 00        		.dd LM15-_Clock_ISR
000006BE 0D 00 0A 00        		.dw 0x0d,0x0a
0000960B                    	.code
                            	LM15:
0000960B 13 97 8C 03        		R3=[_Clock+1]	// QImode move
0000960D 0B 05 FF FF        		R2=R3+(-1)
0000960F 0C 99 59 87        		R4=_Month_Day	// QImode move
00009611 04 97              		R3=R4	// QImode move
00009612 02 07              		R3 = R3 + R2	//addqi3
00009613 12 95 8D 03        		R2=[_Clock+2]	// QImode move
00009615 03 99              		R4=R3	// QImode move
00009616 C4 44              		CMP R2,[R4]	// QImode compare
00009617 2E 8E 01 EE        		NSJNA L4	//QImode LEU
         00 EE      
000006C0                    	.debug
000006C0 2E 00 73 00        		.dw '.stabn 0x44,0,53,',0,0
         74 00 61 00
         62 00 6E 00
         20 00 30 00
         78 00 34 00
         34 00 2C 00
         30 00 2C 00
         35 00 33 00
         2C 00 00 00
         00 00      
000006D3 51 00 00 00        		.dd LM16-_Clock_ISR
000006D5 0D 00 0A 00        		.dw 0x0d,0x0a
0000961A                    	.code
                            	LM16:
0000961A 12 95 8C 03        		R2=[_Clock+1]	// QImode move
0000961C 42 44              		CMP R2,2	// QImode compare
0000961D 12 4E 01 EE        		NSJNZ L10	//QImode NE
         00 EE      
00009620 13 97 8B 03        		R3=[_Clock]	// QImode move
00009622 0B B5 03 00        		R2=R3&3
00009624 40 44              		CMP R2,0	// QImode test
00009625 0A 4E 01 EE        		NSJNZ L10	//QImode NE
         00 EE      
00009628 12 95 8D 03        		R2=[_Clock+2]	// QImode move
0000962A 5D 44              		CMP R2,29	// QImode compare
0000962B 04 9E 01 EE        		NSJA L10	//QImode GTU
         00 EE      
0000962E 0F 9F 46 96        		pc=L4	// Indirect jump
                            	L10:
000006D7                    	.debug
000006D7 2E 00 73 00        		.dw '.stabn 0x44,0,55,',0,0
         74 00 61 00
         62 00 6E 00
         20 00 30 00
         78 00 34 00
         34 00 2C 00
         30 00 2C 00
         35 00 35 00
         2C 00 00 00
         00 00      
000006EA 67 00 00 00        		.dd LM17-_Clock_ISR
000006EC 0D 00 0A 00        		.dw 0x0d,0x0a
00009630                    	.code
                            	LM17:
00009630 41 94              		R2=1	// QImode move
00009631 1A D5 8D 03        		[_Clock+2]=R2	// QImode move
000006EE                    	.debug
000006EE 2E 00 73 00        		.dw '.stabn 0x44,0,56,',0,0
         74 00 61 00
         62 00 6E 00
         20 00 30 00
         78 00 34 00
         34 00 2C 00
         30 00 2C 00
         35 00 36 00
         2C 00 00 00
         00 00      
00000701 6A 00 00 00        		.dd LM18-_Clock_ISR
00000703 0D 00 0A 00        		.dw 0x0d,0x0a
00009633                    	.code
                            	LM18:
00009633 12 95 8C 03        		R2=[_Clock+1]	// QImode move
00009635 41 96              		R3=1	// QImode move
00009636 1A 07 8C 03        		[_Clock+1]=R2+R3  //addqi3_Qrr
00000705                    	.debug
00000705 2E 00 73 00        		.dw '.stabn 0x44,0,57,',0,0
         74 00 61 00
         62 00 6E 00
         20 00 30 00
         78 00 34 00
         34 00 2C 00
         30 00 2C 00
         35 00 37 00
         2C 00 00 00
         00 00      
00000718 6F 00 00 00        		.dd LM19-_Clock_ISR
0000071A 0D 00 0A 00        		.dw 0x0d,0x0a
00009638                    	.code
                            	LM19:
00009638 12 95 8C 03        		R2=[_Clock+1]	// QImode move
0000963A 4C 44              		CMP R2,12	// QImode compare
0000963B 0A 8E 01 EE        		NSJNA L4	//QImode LEU
         00 EE      
0000071C                    	.debug
0000071C 2E 00 73 00        		.dw '.stabn 0x44,0,59,',0,0
         74 00 61 00
         62 00 6E 00
         20 00 30 00
         78 00 34 00
         34 00 2C 00
         30 00 2C 00
         35 00 39 00
         2C 00 00 00
         00 00      
0000072F 75 00 00 00        		.dd LM20-_Clock_ISR
00000731 0D 00 0A 00        		.dw 0x0d,0x0a
0000963E                    	.code
                            	LM20:
0000963E 41 94              		R2=1	// QImode move
0000963F 1A D5 8C 03        		[_Clock+1]=R2	// QImode move
00000733                    	.debug
00000733 2E 00 73 00        		.dw '.stabn 0x44,0,60,',0,0
         74 00 61 00
         62 00 6E 00
         20 00 30 00
         78 00 34 00
         34 00 2C 00
         30 00 2C 00
         36 00 30 00
         2C 00 00 00
         00 00      
00000746 78 00 00 00        		.dd LM21-_Clock_ISR
00000748 0D 00 0A 00        		.dw 0x0d,0x0a
00009641                    	.code
                            	LM21:
00009641 12 95 8B 03        		R2=[_Clock]	// QImode move
00009643 41 96              		R3=1	// QImode move
00009644 1A 07 8B 03        		[_Clock]=R2+R3  //addqi3_Qrr
                            	L11:
                            	L9:
                            	L8:
                            	L7:
                            	L6:
                            	L5:
                            	L4:
0000074A                    	.debug
0000074A 2E 00 73 00        		.dw '.stabn 0x44,0,68,',0,0
         74 00 61 00
         62 00 6E 00
         20 00 30 00
         78 00 34 00
         34 00 2C 00
         30 00 2C 00
         36 00 38 00
         2C 00 00 00
         00 00      
0000075D 7D 00 00 00        		.dd LM22-_Clock_ISR
0000075F 0D 00 0A 00        		.dw 0x0d,0x0a
00009646                    	.code
                            	LM22:
00000761                    	.debug
00000761 2E 00 73 00        		.dw '.stabn 0x44,0,68,',0,0
         74 00 61 00
         62 00 6E 00
         20 00 30 00
         78 00 34 00
         34 00 2C 00
         30 00 2C 00
         36 00 38 00
         2C 00 00 00
         00 00      
00000774 7D 00 00 00        		.dd LM23-_Clock_ISR
00000776 0D 00 0A 00        		.dw 0x0d,0x0a
00009646                    	.code
                            	LM23:
                            	L2:
                            	
00009646 88 98              		pop bp from [sp]
00009647 90 9A              		retf
                            		.endp	// end of Clock_ISR
                            	
00000778                    	.debug
00000778 2E 00 73 00        		.dw '.stabf ',0,0
         74 00 61 00
         62 00 66 00
         20 00 00 00
         00 00      
00000781 7F 00 00 00        		.dd LME1-_Clock_ISR
00000783 0D 00 0A 00        		.dw 0x0d,0x0a
00009648                    	.code
                            	LME1:
00009648                    	.code
00000785                    	.debug
00000785 2E 00 73 00        		.dw '.stabs "Clock_Start:F19",36,0,0,',0,0,offset _Clock_Start,seg _Clock_Start,0x0d,0x0a
         74 00 61 00
         62 00 73 00
         20 00 22 00
         43 00 6C 00
         6F 00 63 00
         6B 00 5F 00
         53 00 74 00
         61 00 72 00
         74 00 3A 00
         46 00 31 00
         39 00 22 00
         2C 00 33 00
         36 00 2C 00
         30 00 2C 00
         30 00 2C 00
         00 00 00 00
         7F 00 00 00
         0D 00 0A 00
00009648                    	.CODE
                            	.public _Clock_Start
                            	_Clock_Start:	.proc
000007AB                    	.debug
000007AB 2E 00 73 00        		.dw '.stabn 0x44,0,77,',0,0
         74 00 61 00
         62 00 6E 00
         20 00 30 00
         78 00 34 00
         34 00 2C 00
         30 00 2C 00
         37 00 37 00
         2C 00 00 00
         00 00      
000007BE 00 00 00 00        		.dd LM24-_Clock_Start
000007C0 0D 00 0A 00        		.dw 0x0d,0x0a
00009648                    	.code
                            	LM24:
                            		// total=0, vars=0
                            		// frame_pointer_needed: 1
00009648 88 DA              		push bp to [sp]
00009649 08 0B 01 00        		bp=sp+1
                            	
0000964B 0D 03 03 00        		R1=BP+3
000007C2                    	.debug
000007C2 2E 00 73 00        		.dw '.stabn 0x44,0,78,',0,0
         74 00 61 00
         62 00 6E 00
         20 00 30 00
         78 00 34 00
         34 00 2C 00
         30 00 2C 00
         37 00 38 00
         2C 00 00 00
         00 00      
000007D5 05 00 00 00        		.dd LM25-_Clock_Start
000007D7 0D 00 0A 00        		.dw 0x0d,0x0a
0000964D                    	.code
                            	LM25:
0000964D 12 95 2D 70        		R2=[28717]	// QImode move
0000964F 0A A7 04 00        		R3=R2|4
00009651 1B D7 2D 70        		[28717]=R3	// QImode move
000007D9                    	.debug
000007D9 2E 00 73 00        		.dw '.stabn 0x44,0,79,',0,0
         74 00 61 00
         62 00 6E 00
         20 00 30 00
         78 00 34 00
         34 00 2C 00
         30 00 2C 00
         37 00 39 00
         2C 00 00 00
         00 00      
000007EC 0B 00 00 00        		.dd LM26-_Clock_Start
000007EE 0D 00 0A 00        		.dw 0x0d,0x0a
00009653                    	.code
                            	LM26:
                            	// GCC inline ASM start
00009653 49 F1              		IRQ ON
                            	// GCC inline ASM end
000007F0                    	.debug
000007F0 2E 00 73 00        		.dw '.stabn 0x44,0,80,',0,0
         74 00 61 00
         62 00 6E 00
         20 00 30 00
         78 00 34 00
         34 00 2C 00
         30 00 2C 00
         38 00 30 00
         2C 00 00 00
         00 00      
00000803 0C 00 00 00        		.dd LM27-_Clock_Start
00000805 0D 00 0A 00        		.dw 0x0d,0x0a
00009654                    	.code
                            	LM27:
00000807                    	.debug
00000807 2E 00 73 00        		.dw '.stabn 0x44,0,80,',0,0
         74 00 61 00
         62 00 6E 00
         20 00 30 00
         78 00 34 00
         34 00 2C 00
         30 00 2C 00
         38 00 30 00
         2C 00 00 00
         00 00      
0000081A 0C 00 00 00        		.dd LM28-_Clock_Start
0000081C 0D 00 0A 00        		.dw 0x0d,0x0a
00009654                    	.code
                            	LM28:
                            	L21:
                            	
00009654 88 98              		pop bp from [sp]
00009655 90 9A              		retf
                            		.endp	// end of Clock_Start
                            	
0000081E                    	.debug
0000081E 2E 00 73 00        		.dw '.stabf ',0,0
         74 00 61 00
         62 00 66 00
         20 00 00 00
         00 00      
00000827 0E 00 00 00        		.dd LME2-_Clock_Start
00000829 0D 00 0A 00        		.dw 0x0d,0x0a
00009656                    	.code
                            	LME2:
00009656                    	.code
0000082B                    	.debug
0000082B 2E 00 73 00        		.dw '.stabs "Clock_GetYear:F4",36,0,0,',0,0,offset _Clock_GetYear,seg _Clock_GetYear,0x0d,0x0a
         74 00 61 00
         62 00 73 00
         20 00 22 00
         43 00 6C 00
         6F 00 63 00
         6B 00 5F 00
         47 00 65 00
         74 00 59 00
         65 00 61 00
         72 00 3A 00
         46 00 34 00
         22 00 2C 00
         33 00 36 00
         2C 00 30 00
         2C 00 30 00
         2C 00 00 00
         00 00 8D 00
         00 00 0D 00
         0A 00      
00009656                    	.CODE
                            	.public _Clock_GetYear
                            	_Clock_GetYear:	.proc
00000852                    	.debug
00000852 2E 00 73 00        		.dw '.stabn 0x44,0,90,',0,0
         74 00 61 00
         62 00 6E 00
         20 00 30 00
         78 00 34 00
         34 00 2C 00
         30 00 2C 00
         39 00 30 00
         2C 00 00 00
         00 00      
00000865 00 00 00 00        		.dd LM29-_Clock_GetYear
00000867 0D 00 0A 00        		.dw 0x0d,0x0a
00009656                    	.code
                            	LM29:
                            		// total=0, vars=0
                            		// frame_pointer_needed: 1
00009656 88 DA              		push bp to [sp]
00009657 08 0B 01 00        		bp=sp+1
                            	
00009659 0D 05 03 00        		R2=BP+3
00000869                    	.debug
00000869 2E 00 73 00        		.dw '.stabn 0x44,0,91,',0,0
         74 00 61 00
         62 00 6E 00
         20 00 30 00
         78 00 34 00
         34 00 2C 00
         30 00 2C 00
         39 00 31 00
         2C 00 00 00
         00 00      
0000087C 05 00 00 00        		.dd LM30-_Clock_GetYear
0000087E 0D 00 0A 00        		.dw 0x0d,0x0a
0000965B                    	.code
                            	LM30:
0000965B 13 97 8B 03        		R3=[_Clock]	// QImode move
0000965D 03 93              		R1=R3	// QImode move
0000965E 0F 9F 60 96        		pc=L22	// Indirect jump
00000880                    	.debug
00000880 2E 00 73 00        		.dw '.stabn 0x44,0,92,',0,0
         74 00 61 00
         62 00 6E 00
         20 00 30 00
         78 00 34 00
         34 00 2C 00
         30 00 2C 00
         39 00 32 00
         2C 00 00 00
         00 00      
00000893 0A 00 00 00        		.dd LM31-_Clock_GetYear
00000895 0D 00 0A 00        		.dw 0x0d,0x0a
00009660                    	.code
                            	LM31:
00000897                    	.debug
00000897 2E 00 73 00        		.dw '.stabn 0x44,0,92,',0,0
         74 00 61 00
         62 00 6E 00
         20 00 30 00
         78 00 34 00
         34 00 2C 00
         30 00 2C 00
         39 00 32 00
         2C 00 00 00
         00 00      
000008AA 0A 00 00 00        		.dd LM32-_Clock_GetYear
000008AC 0D 00 0A 00        		.dw 0x0d,0x0a
00009660                    	.code
                            	LM32:
                            	L22:
                            	
00009660 88 98              		pop bp from [sp]
00009661 90 9A              		retf
                            		.endp	// end of Clock_GetYear
                            	
000008AE                    	.debug
000008AE 2E 00 73 00        		.dw '.stabf ',0,0
         74 00 61 00
         62 00 66 00
         20 00 00 00
         00 00      
000008B7 0C 00 00 00        		.dd LME3-_Clock_GetYear
000008B9 0D 00 0A 00        		.dw 0x0d,0x0a
00009662                    	.code
                            	LME3:
00009662                    	.code
000008BB                    	.debug
000008BB 2E 00 73 00        		.dw '.stabs "Clock_GetMon:F4",36,0,0,',0,0,offset _Clock_GetMon,seg _Clock_GetMon,0x0d,0x0a
         74 00 61 00
         62 00 73 00
         20 00 22 00
         43 00 6C 00
         6F 00 63 00
         6B 00 5F 00
         47 00 65 00
         74 00 4D 00
         6F 00 6E 00
         3A 00 46 00
         34 00 22 00
         2C 00 33 00
         36 00 2C 00
         30 00 2C 00
         30 00 2C 00
         00 00 00 00
         99 00 00 00
         0D 00 0A 00
00009662                    	.CODE
                            	.public _Clock_GetMon
                            	_Clock_GetMon:	.proc
000008E1                    	.debug
000008E1 2E 00 73 00        		.dw '.stabn 0x44,0,101,',0,0
         74 00 61 00
         62 00 6E 00
         20 00 30 00
         78 00 34 00
         34 00 2C 00
         30 00 2C 00
         31 00 30 00
         31 00 2C 00
         00 00 00 00
000008F5 00 00 00 00        		.dd LM33-_Clock_GetMon
000008F7 0D 00 0A 00        		.dw 0x0d,0x0a
00009662                    	.code
                            	LM33:
                            		// total=0, vars=0
                            		// frame_pointer_needed: 1
00009662 88 DA              		push bp to [sp]
00009663 08 0B 01 00        		bp=sp+1
                            	
00009665 0D 05 03 00        		R2=BP+3
000008F9                    	.debug
000008F9 2E 00 73 00        		.dw '.stabn 0x44,0,102,',0,0
         74 00 61 00
         62 00 6E 00
         20 00 30 00
         78 00 34 00
         34 00 2C 00
         30 00 2C 00
         31 00 30 00
         32 00 2C 00
         00 00 00 00
0000090D 05 00 00 00        		.dd LM34-_Clock_GetMon
0000090F 0D 00 0A 00        		.dw 0x0d,0x0a
00009667                    	.code
                            	LM34:
00009667 13 97 8C 03        		R3=[_Clock+1]	// QImode move
00009669 03 93              		R1=R3	// QImode move
0000966A 0F 9F 6C 96        		pc=L23	// Indirect jump
00000911                    	.debug
00000911 2E 00 73 00        		.dw '.stabn 0x44,0,103,',0,0
         74 00 61 00
         62 00 6E 00
         20 00 30 00
         78 00 34 00
         34 00 2C 00
         30 00 2C 00
         31 00 30 00
         33 00 2C 00
         00 00 00 00
00000925 0A 00 00 00        		.dd LM35-_Clock_GetMon
00000927 0D 00 0A 00        		.dw 0x0d,0x0a
0000966C                    	.code
                            	LM35:
00000929                    	.debug
00000929 2E 00 73 00        		.dw '.stabn 0x44,0,103,',0,0
         74 00 61 00
         62 00 6E 00
         20 00 30 00
         78 00 34 00
         34 00 2C 00
         30 00 2C 00
         31 00 30 00
         33 00 2C 00
         00 00 00 00
0000093D 0A 00 00 00        		.dd LM36-_Clock_GetMon
0000093F 0D 00 0A 00        		.dw 0x0d,0x0a
0000966C                    	.code
                            	LM36:
                            	L23:
                            	
0000966C 88 98              		pop bp from [sp]
0000966D 90 9A              		retf
                            		.endp	// end of Clock_GetMon
                            	
00000941                    	.debug
00000941 2E 00 73 00        		.dw '.stabf ',0,0
         74 00 61 00
         62 00 66 00
         20 00 00 00
         00 00      
0000094A 0C 00 00 00        		.dd LME4-_Clock_GetMon
0000094C 0D 00 0A 00        		.dw 0x0d,0x0a
0000966E                    	.code
                            	LME4:
0000966E                    	.code
0000094E                    	.debug
0000094E 2E 00 73 00        		.dw '.stabs "Clock_GetDay:F4",36,0,0,',0,0,offset _Clock_GetDay,seg _Clock_GetDay,0x0d,0x0a
         74 00 61 00
         62 00 73 00
         20 00 22 00
         43 00 6C 00
         6F 00 63 00
         6B 00 5F 00
         47 00 65 00
         74 00 44 00
         61 00 79 00
         3A 00 46 00
         34 00 22 00
         2C 00 33 00
         36 00 2C 00
         30 00 2C 00
         30 00 2C 00
         00 00 00 00
         A5 00 00 00
         0D 00 0A 00
0000966E                    	.CODE
                            	.public _Clock_GetDay
                            	_Clock_GetDay:	.proc
00000974                    	.debug
00000974 2E 00 73 00        		.dw '.stabn 0x44,0,112,',0,0
         74 00 61 00
         62 00 6E 00
         20 00 30 00
         78 00 34 00
         34 00 2C 00
         30 00 2C 00
         31 00 31 00
         32 00 2C 00
         00 00 00 00
00000988 00 00 00 00        		.dd LM37-_Clock_GetDay
0000098A 0D 00 0A 00        		.dw 0x0d,0x0a
0000966E                    	.code
                            	LM37:
                            		// total=0, vars=0
                            		// frame_pointer_needed: 1
0000966E 88 DA              		push bp to [sp]
0000966F 08 0B 01 00        		bp=sp+1
                            	
00009671 0D 05 03 00        		R2=BP+3
0000098C                    	.debug
0000098C 2E 00 73 00        		.dw '.stabn 0x44,0,113,',0,0
         74 00 61 00
         62 00 6E 00
         20 00 30 00
         78 00 34 00
         34 00 2C 00
         30 00 2C 00
         31 00 31 00
         33 00 2C 00
         00 00 00 00
000009A0 05 00 00 00        		.dd LM38-_Clock_GetDay
000009A2 0D 00 0A 00        		.dw 0x0d,0x0a
00009673                    	.code
                            	LM38:
00009673 13 97 8D 03        		R3=[_Clock+2]	// QImode move
00009675 03 93              		R1=R3	// QImode move
00009676 0F 9F 78 96        		pc=L24	// Indirect jump
000009A4                    	.debug
000009A4 2E 00 73 00        		.dw '.stabn 0x44,0,114,',0,0
         74 00 61 00
         62 00 6E 00
         20 00 30 00
         78 00 34 00
         34 00 2C 00
         30 00 2C 00
         31 00 31 00
         34 00 2C 00
         00 00 00 00
000009B8 0A 00 00 00        		.dd LM39-_Clock_GetDay
000009BA 0D 00 0A 00        		.dw 0x0d,0x0a
00009678                    	.code
                            	LM39:
000009BC                    	.debug
000009BC 2E 00 73 00        		.dw '.stabn 0x44,0,114,',0,0
         74 00 61 00
         62 00 6E 00
         20 00 30 00
         78 00 34 00
         34 00 2C 00
         30 00 2C 00
         31 00 31 00
         34 00 2C 00
         00 00 00 00
000009D0 0A 00 00 00        		.dd LM40-_Clock_GetDay
000009D2 0D 00 0A 00        		.dw 0x0d,0x0a
00009678                    	.code
                            	LM40:
                            	L24:
                            	
00009678 88 98              		pop bp from [sp]
00009679 90 9A              		retf
                            		.endp	// end of Clock_GetDay
                            	
000009D4                    	.debug
000009D4 2E 00 73 00        		.dw '.stabf ',0,0
         74 00 61 00
         62 00 66 00
         20 00 00 00
         00 00      
000009DD 0C 00 00 00        		.dd LME5-_Clock_GetDay
000009DF 0D 00 0A 00        		.dw 0x0d,0x0a
0000967A                    	.code
                            	LME5:
0000967A                    	.code
000009E1                    	.debug
000009E1 2E 00 73 00        		.dw '.stabs "Clock_GetHour:F4",36,0,0,',0,0,offset _Clock_GetHour,seg _Clock_GetHour,0x0d,0x0a
         74 00 61 00
         62 00 73 00
         20 00 22 00
         43 00 6C 00
         6F 00 63 00
         6B 00 5F 00
         47 00 65 00
         74 00 48 00
         6F 00 75 00
         72 00 3A 00
         46 00 34 00
         22 00 2C 00
         33 00 36 00
         2C 00 30 00
         2C 00 30 00
         2C 00 00 00
         00 00 B1 00
         00 00 0D 00
         0A 00      
0000967A                    	.CODE
                            	.public _Clock_GetHour
                            	_Clock_GetHour:	.proc
00000A08                    	.debug
00000A08 2E 00 73 00        		.dw '.stabn 0x44,0,123,',0,0
         74 00 61 00
         62 00 6E 00
         20 00 30 00
         78 00 34 00
         34 00 2C 00
         30 00 2C 00
         31 00 32 00
         33 00 2C 00
         00 00 00 00
00000A1C 00 00 00 00        		.dd LM41-_Clock_GetHour
00000A1E 0D 00 0A 00        		.dw 0x0d,0x0a
0000967A                    	.code
                            	LM41:
                            		// total=0, vars=0
                            		// frame_pointer_needed: 1
0000967A 88 DA              		push bp to [sp]
0000967B 08 0B 01 00        		bp=sp+1
                            	
0000967D 0D 05 03 00        		R2=BP+3
00000A20                    	.debug
00000A20 2E 00 73 00        		.dw '.stabn 0x44,0,124,',0,0
         74 00 61 00
         62 00 6E 00
         20 00 30 00
         78 00 34 00
         34 00 2C 00
         30 00 2C 00
         31 00 32 00
         34 00 2C 00
         00 00 00 00
00000A34 05 00 00 00        		.dd LM42-_Clock_GetHour
00000A36 0D 00 0A 00        		.dw 0x0d,0x0a
0000967F                    	.code
                            	LM42:
0000967F 13 97 8E 03        		R3=[_Clock+3]	// QImode move
00009681 03 93              		R1=R3	// QImode move
00009682 0F 9F 84 96        		pc=L25	// Indirect jump
00000A38                    	.debug
00000A38 2E 00 73 00        		.dw '.stabn 0x44,0,125,',0,0
         74 00 61 00
         62 00 6E 00
         20 00 30 00
         78 00 34 00
         34 00 2C 00
         30 00 2C 00
         31 00 32 00
         35 00 2C 00
         00 00 00 00
00000A4C 0A 00 00 00        		.dd LM43-_Clock_GetHour
00000A4E 0D 00 0A 00        		.dw 0x0d,0x0a
00009684                    	.code
                            	LM43:
00000A50                    	.debug
00000A50 2E 00 73 00        		.dw '.stabn 0x44,0,125,',0,0
         74 00 61 00
         62 00 6E 00
         20 00 30 00
         78 00 34 00
         34 00 2C 00
         30 00 2C 00
         31 00 32 00
         35 00 2C 00
         00 00 00 00
00000A64 0A 00 00 00        		.dd LM44-_Clock_GetHour
00000A66 0D 00 0A 00        		.dw 0x0d,0x0a
00009684                    	.code
                            	LM44:
                            	L25:
                            	
00009684 88 98              		pop bp from [sp]
00009685 90 9A              		retf
                            		.endp	// end of Clock_GetHour
                            	
00000A68                    	.debug
00000A68 2E 00 73 00        		.dw '.stabf ',0,0
         74 00 61 00
         62 00 66 00
         20 00 00 00
         00 00      
00000A71 0C 00 00 00        		.dd LME6-_Clock_GetHour
00000A73 0D 00 0A 00        		.dw 0x0d,0x0a
00009686                    	.code
                            	LME6:
00009686                    	.code
00000A75                    	.debug
00000A75 2E 00 73 00        		.dw '.stabs "Clock_GetMin:F4",36,0,0,',0,0,offset _Clock_GetMin,seg _Clock_GetMin,0x0d,0x0a
         74 00 61 00
         62 00 73 00
         20 00 22 00
         43 00 6C 00
         6F 00 63 00
         6B 00 5F 00
         47 00 65 00
         74 00 4D 00
         69 00 6E 00
         3A 00 46 00
         34 00 22 00
         2C 00 33 00
         36 00 2C 00
         30 00 2C 00
         30 00 2C 00
         00 00 00 00
         BD 00 00 00
         0D 00 0A 00
00009686                    	.CODE
                            	.public _Clock_GetMin
                            	_Clock_GetMin:	.proc
00000A9B                    	.debug
00000A9B 2E 00 73 00        		.dw '.stabn 0x44,0,134,',0,0
         74 00 61 00
         62 00 6E 00
         20 00 30 00
         78 00 34 00
         34 00 2C 00
         30 00 2C 00
         31 00 33 00
         34 00 2C 00
         00 00 00 00
00000AAF 00 00 00 00        		.dd LM45-_Clock_GetMin
00000AB1 0D 00 0A 00        		.dw 0x0d,0x0a
00009686                    	.code
                            	LM45:
                            		// total=0, vars=0
                            		// frame_pointer_needed: 1
00009686 88 DA              		push bp to [sp]
00009687 08 0B 01 00        		bp=sp+1
                            	
00009689 0D 05 03 00        		R2=BP+3
00000AB3                    	.debug
00000AB3 2E 00 73 00        		.dw '.stabn 0x44,0,135,',0,0
         74 00 61 00
         62 00 6E 00
         20 00 30 00
         78 00 34 00
         34 00 2C 00
         30 00 2C 00
         31 00 33 00
         35 00 2C 00
         00 00 00 00
00000AC7 05 00 00 00        		.dd LM46-_Clock_GetMin
00000AC9 0D 00 0A 00        		.dw 0x0d,0x0a
0000968B                    	.code
                            	LM46:
0000968B 13 97 8F 03        		R3=[_Clock+4]	// QImode move
0000968D 03 93              		R1=R3	// QImode move
0000968E 0F 9F 90 96        		pc=L26	// Indirect jump
00000ACB                    	.debug
00000ACB 2E 00 73 00        		.dw '.stabn 0x44,0,136,',0,0
         74 00 61 00
         62 00 6E 00
         20 00 30 00
         78 00 34 00
         34 00 2C 00
         30 00 2C 00
         31 00 33 00
         36 00 2C 00
         00 00 00 00
00000ADF 0A 00 00 00        		.dd LM47-_Clock_GetMin
00000AE1 0D 00 0A 00        		.dw 0x0d,0x0a
00009690                    	.code
                            	LM47:
00000AE3                    	.debug
00000AE3 2E 00 73 00        		.dw '.stabn 0x44,0,136,',0,0
         74 00 61 00
         62 00 6E 00
         20 00 30 00
         78 00 34 00
         34 00 2C 00
         30 00 2C 00
         31 00 33 00
         36 00 2C 00
         00 00 00 00
00000AF7 0A 00 00 00        		.dd LM48-_Clock_GetMin
00000AF9 0D 00 0A 00        		.dw 0x0d,0x0a
00009690                    	.code
                            	LM48:
                            	L26:
                            	
00009690 88 98              		pop bp from [sp]
00009691 90 9A              		retf
                            		.endp	// end of Clock_GetMin
                            	
00000AFB                    	.debug
00000AFB 2E 00 73 00        		.dw '.stabf ',0,0
         74 00 61 00
         62 00 66 00
         20 00 00 00
         00 00      
00000B04 0C 00 00 00        		.dd LME7-_Clock_GetMin
00000B06 0D 00 0A 00        		.dw 0x0d,0x0a
00009692                    	.code
                            	LME7:
00009692                    	.code
00000B08                    	.debug
00000B08 2E 00 73 00        		.dw '.stabs "Clock_GetSec:F4",36,0,0,',0,0,offset _Clock_GetSec,seg _Clock_GetSec,0x0d,0x0a
         74 00 61 00
         62 00 73 00
         20 00 22 00
         43 00 6C 00
         6F 00 63 00
         6B 00 5F 00
         47 00 65 00
         74 00 53 00
         65 00 63 00
         3A 00 46 00
         34 00 22 00
         2C 00 33 00
         36 00 2C 00
         30 00 2C 00
         30 00 2C 00
         00 00 00 00
         C9 00 00 00
         0D 00 0A 00
00009692                    	.CODE
                            	.public _Clock_GetSec
                            	_Clock_GetSec:	.proc
00000B2E                    	.debug
00000B2E 2E 00 73 00        		.dw '.stabn 0x44,0,145,',0,0
         74 00 61 00
         62 00 6E 00
         20 00 30 00
         78 00 34 00
         34 00 2C 00
         30 00 2C 00
         31 00 34 00
         35 00 2C 00
         00 00 00 00
00000B42 00 00 00 00        		.dd LM49-_Clock_GetSec
00000B44 0D 00 0A 00        		.dw 0x0d,0x0a
00009692                    	.code
                            	LM49:
                            		// total=0, vars=0
                            		// frame_pointer_needed: 1
00009692 88 DA              		push bp to [sp]
00009693 08 0B 01 00        		bp=sp+1
                            	
00009695 0D 05 03 00        		R2=BP+3
00000B46                    	.debug
00000B46 2E 00 73 00        		.dw '.stabn 0x44,0,146,',0,0
         74 00 61 00
         62 00 6E 00
         20 00 30 00
         78 00 34 00
         34 00 2C 00
         30 00 2C 00
         31 00 34 00
         36 00 2C 00
         00 00 00 00
00000B5A 05 00 00 00        		.dd LM50-_Clock_GetSec
00000B5C 0D 00 0A 00        		.dw 0x0d,0x0a
00009697                    	.code
                            	LM50:
00009697 13 97 90 03        		R3=[_Clock+5]	// QImode move
00009699 03 93              		R1=R3	// QImode move
0000969A 0F 9F 9C 96        		pc=L27	// Indirect jump
00000B5E                    	.debug
00000B5E 2E 00 73 00        		.dw '.stabn 0x44,0,147,',0,0
         74 00 61 00
         62 00 6E 00
         20 00 30 00
         78 00 34 00
         34 00 2C 00
         30 00 2C 00
         31 00 34 00
         37 00 2C 00
         00 00 00 00
00000B72 0A 00 00 00        		.dd LM51-_Clock_GetSec
00000B74 0D 00 0A 00        		.dw 0x0d,0x0a
0000969C                    	.code
                            	LM51:
00000B76                    	.debug
00000B76 2E 00 73 00        		.dw '.stabn 0x44,0,147,',0,0
         74 00 61 00
         62 00 6E 00
         20 00 30 00
         78 00 34 00
         34 00 2C 00
         30 00 2C 00
         31 00 34 00
         37 00 2C 00
         00 00 00 00
00000B8A 0A 00 00 00        		.dd LM52-_Clock_GetSec
00000B8C 0D 00 0A 00        		.dw 0x0d,0x0a
0000969C                    	.code
                            	LM52:
                            	L27:
                            	
0000969C 88 98              		pop bp from [sp]
0000969D 90 9A              		retf
                            		.endp	// end of Clock_GetSec
                            	
00000B8E                    	.debug
00000B8E 2E 00 73 00        		.dw '.stabf ',0,0
         74 00 61 00
         62 00 66 00
         20 00 00 00
         00 00      
00000B97 0C 00 00 00        		.dd LME8-_Clock_GetSec
00000B99 0D 00 0A 00        		.dw 0x0d,0x0a
0000969E                    	.code
                            	LME8:
0000969E                    	.code
00000B9B                    	.debug
00000B9B 2E 00 73 00        		.dw '.stabs "Clock_SetYear:F19",36,0,0,',0,0,offset _Clock_SetYear,seg _Clock_SetYear,0x0d,0x0a
         74 00 61 00
         62 00 73 00
         20 00 22 00
         43 00 6C 00
         6F 00 63 00
         6B 00 5F 00
         53 00 65 00
         74 00 59 00
         65 00 61 00
         72 00 3A 00
         46 00 31 00
         39 00 22 00
         2C 00 33 00
         36 00 2C 00
         30 00 2C 00
         30 00 2C 00
         00 00 00 00
         D5 00 00 00
         0D 00 0A 00
0000969E                    	.CODE
                            	.public _Clock_SetYear
                            	_Clock_SetYear:	.proc
00000BC3                    	.debug
00000BC3 2E 00 73 00        		.dw '.stabn 0x44,0,156,',0,0
         74 00 61 00
         62 00 6E 00
         20 00 30 00
         78 00 34 00
         34 00 2C 00
         30 00 2C 00
         31 00 35 00
         36 00 2C 00
         00 00 00 00
00000BD7 00 00 00 00        		.dd LM53-_Clock_SetYear
00000BD9 0D 00 0A 00        		.dw 0x0d,0x0a
0000969E                    	.code
                            	LM53:
                            		// total=0, vars=0
                            		// frame_pointer_needed: 1
0000969E 88 DA              		push bp to [sp]
0000969F 08 0B 01 00        		bp=sp+1
                            	
000096A1 0D 03 03 00        		R1=BP+3
00000BDB                    	.debug
00000BDB 2E 00 73 00        		.dw '.stabn 0x44,0,157,',0,0
         74 00 61 00
         62 00 6E 00
         20 00 30 00
         78 00 34 00
         34 00 2C 00
         30 00 2C 00
         31 00 35 00
         37 00 2C 00
         00 00 00 00
00000BEF 05 00 00 00        		.dd LM54-_Clock_SetYear
00000BF1 0D 00 0A 00        		.dw 0x0d,0x0a
000096A3                    	.code
                            	LM54:
000096A3 01 97              		R3=R1	// QImode move
000096A4 C3 94              		R2=[R3]	// QImode move
000096A5 1A D5 8B 03        		[_Clock]=R2	// QImode move
00000BF3                    	.debug
00000BF3 2E 00 73 00        		.dw '.stabn 0x44,0,158,',0,0
         74 00 61 00
         62 00 6E 00
         20 00 30 00
         78 00 34 00
         34 00 2C 00
         30 00 2C 00
         31 00 35 00
         38 00 2C 00
         00 00 00 00
00000C07 09 00 00 00        		.dd LM55-_Clock_SetYear
00000C09 0D 00 0A 00        		.dw 0x0d,0x0a
000096A7                    	.code
                            	LM55:
00000C0B                    	.debug
00000C0B 2E 00 73 00        		.dw '.stabn 0x44,0,158,',0,0
         74 00 61 00
         62 00 6E 00
         20 00 30 00
         78 00 34 00
         34 00 2C 00
         30 00 2C 00
         31 00 35 00
         38 00 2C 00
         00 00 00 00
00000C1F 09 00 00 00        		.dd LM56-_Clock_SetYear
00000C21 0D 00 0A 00        		.dw 0x0d,0x0a
000096A7                    	.code
                            	LM56:
                            	L28:
                            	
000096A7 88 98              		pop bp from [sp]
000096A8 90 9A              		retf
                            		.endp	// end of Clock_SetYear
                            	
00000C23                    	.debug
00000C23 2E 00 73 00        		.dw '.stabs "Year:p4",160,0,0,3',0x0d,0x0a
         74 00 61 00
         62 00 73 00
         20 00 22 00
         59 00 65 00
         61 00 72 00
         3A 00 70 00
         34 00 22 00
         2C 00 31 00
         36 00 30 00
         2C 00 30 00
         2C 00 30 00
         2C 00 33 00
         0D 00 0A 00
000096A9                    	.CODE
00000C3F                    	.debug
00000C3F 2E 00 73 00        		.dw '.stabf ',0,0
         74 00 61 00
         62 00 66 00
         20 00 00 00
         00 00      
00000C48 0B 00 00 00        		.dd LME9-_Clock_SetYear
00000C4A 0D 00 0A 00        		.dw 0x0d,0x0a
000096A9                    	.code
                            	LME9:
000096A9                    	.code
00000C4C                    	.debug
00000C4C 2E 00 73 00        		.dw '.stabs "Clock_SetMon:F19",36,0,0,',0,0,offset _Clock_SetMon,seg _Clock_SetMon,0x0d,0x0a
         74 00 61 00
         62 00 73 00
         20 00 22 00
         43 00 6C 00
         6F 00 63 00
         6B 00 5F 00
         53 00 65 00
         74 00 4D 00
         6F 00 6E 00
         3A 00 46 00
         31 00 39 00
         22 00 2C 00
         33 00 36 00
         2C 00 30 00
         2C 00 30 00
         2C 00 00 00
         00 00 E0 00
         00 00 0D 00
         0A 00      
000096A9                    	.CODE
                            	.public _Clock_SetMon
                            	_Clock_SetMon:	.proc
00000C73                    	.debug
00000C73 2E 00 73 00        		.dw '.stabn 0x44,0,167,',0,0
         74 00 61 00
         62 00 6E 00
         20 00 30 00
         78 00 34 00
         34 00 2C 00
         30 00 2C 00
         31 00 36 00
         37 00 2C 00
         00 00 00 00
00000C87 00 00 00 00        		.dd LM57-_Clock_SetMon
00000C89 0D 00 0A 00        		.dw 0x0d,0x0a
000096A9                    	.code
                            	LM57:
                            		// total=0, vars=0
                            		// frame_pointer_needed: 1
000096A9 88 DA              		push bp to [sp]
000096AA 08 0B 01 00        		bp=sp+1
                            	
000096AC 0D 03 03 00        		R1=BP+3
00000C8B                    	.debug
00000C8B 2E 00 73 00        		.dw '.stabn 0x44,0,168,',0,0
         74 00 61 00
         62 00 6E 00
         20 00 30 00
         78 00 34 00
         34 00 2C 00
         30 00 2C 00
         31 00 36 00
         38 00 2C 00
         00 00 00 00
00000C9F 05 00 00 00        		.dd LM58-_Clock_SetMon
00000CA1 0D 00 0A 00        		.dw 0x0d,0x0a
000096AE                    	.code
                            	LM58:
000096AE 01 97              		R3=R1	// QImode move
000096AF C3 94              		R2=[R3]	// QImode move
000096B0 1A D5 8C 03        		[_Clock+1]=R2	// QImode move
00000CA3                    	.debug
00000CA3 2E 00 73 00        		.dw '.stabn 0x44,0,169,',0,0
         74 00 61 00
         62 00 6E 00
         20 00 30 00
         78 00 34 00
         34 00 2C 00
         30 00 2C 00
         31 00 36 00
         39 00 2C 00
         00 00 00 00
00000CB7 09 00 00 00        		.dd LM59-_Clock_SetMon
00000CB9 0D 00 0A 00        		.dw 0x0d,0x0a
000096B2                    	.code
                            	LM59:
00000CBB                    	.debug
00000CBB 2E 00 73 00        		.dw '.stabn 0x44,0,169,',0,0
         74 00 61 00
         62 00 6E 00
         20 00 30 00
         78 00 34 00
         34 00 2C 00
         30 00 2C 00
         31 00 36 00
         39 00 2C 00
         00 00 00 00
00000CCF 09 00 00 00        		.dd LM60-_Clock_SetMon
00000CD1 0D 00 0A 00        		.dw 0x0d,0x0a
000096B2                    	.code
                            	LM60:
                            	L29:
                            	
000096B2 88 98              		pop bp from [sp]
000096B3 90 9A              		retf
                            		.endp	// end of Clock_SetMon
                            	
00000CD3                    	.debug
00000CD3 2E 00 73 00        		.dw '.stabs "Mon:p4",160,0,0,3',0x0d,0x0a
         74 00 61 00
         62 00 73 00
         20 00 22 00
         4D 00 6F 00
         6E 00 3A 00
         70 00 34 00
         22 00 2C 00
         31 00 36 00
         30 00 2C 00
         30 00 2C 00
         30 00 2C 00
         33 00 0D 00
         0A 00      
000096B4                    	.CODE
00000CEE                    	.debug
00000CEE 2E 00 73 00        		.dw '.stabf ',0,0
         74 00 61 00
         62 00 66 00
         20 00 00 00
         00 00      
00000CF7 0B 00 00 00        		.dd LME10-_Clock_SetMon
00000CF9 0D 00 0A 00        		.dw 0x0d,0x0a
000096B4                    	.code
                            	LME10:
000096B4                    	.code
00000CFB                    	.debug
00000CFB 2E 00 73 00        		.dw '.stabs "Clock_SetDay:F19",36,0,0,',0,0,offset _Clock_SetDay,seg _Clock_SetDay,0x0d,0x0a
         74 00 61 00
         62 00 73 00
         20 00 22 00
         43 00 6C 00
         6F 00 63 00
         6B 00 5F 00
         53 00 65 00
         74 00 44 00
         61 00 79 00
         3A 00 46 00
         31 00 39 00
         22 00 2C 00
         33 00 36 00
         2C 00 30 00
         2C 00 30 00
         2C 00 00 00
         00 00 EB 00
         00 00 0D 00
         0A 00      
000096B4                    	.CODE
                            	.public _Clock_SetDay
                            	_Clock_SetDay:	.proc
00000D22                    	.debug
00000D22 2E 00 73 00        		.dw '.stabn 0x44,0,178,',0,0
         74 00 61 00
         62 00 6E 00
         20 00 30 00
         78 00 34 00
         34 00 2C 00
         30 00 2C 00
         31 00 37 00
         38 00 2C 00
         00 00 00 00
00000D36 00 00 00 00        		.dd LM61-_Clock_SetDay
00000D38 0D 00 0A 00        		.dw 0x0d,0x0a
000096B4                    	.code
                            	LM61:
                            		// total=0, vars=0
                            		// frame_pointer_needed: 1
000096B4 88 DA              		push bp to [sp]
000096B5 08 0B 01 00        		bp=sp+1
                            	
000096B7 0D 03 03 00        		R1=BP+3
00000D3A                    	.debug
00000D3A 2E 00 73 00        		.dw '.stabn 0x44,0,179,',0,0
         74 00 61 00
         62 00 6E 00
         20 00 30 00
         78 00 34 00
         34 00 2C 00
         30 00 2C 00
         31 00 37 00
         39 00 2C 00
         00 00 00 00
00000D4E 05 00 00 00        		.dd LM62-_Clock_SetDay
00000D50 0D 00 0A 00        		.dw 0x0d,0x0a
000096B9                    	.code
                            	LM62:
000096B9 01 97              		R3=R1	// QImode move
000096BA C3 94              		R2=[R3]	// QImode move
000096BB 1A D5 8D 03        		[_Clock+2]=R2	// QImode move
00000D52                    	.debug
00000D52 2E 00 73 00        		.dw '.stabn 0x44,0,180,',0,0
         74 00 61 00
         62 00 6E 00
         20 00 30 00
         78 00 34 00
         34 00 2C 00
         30 00 2C 00
         31 00 38 00
         30 00 2C 00
         00 00 00 00
00000D66 09 00 00 00        		.dd LM63-_Clock_SetDay
00000D68 0D 00 0A 00        		.dw 0x0d,0x0a
000096BD                    	.code
                            	LM63:
00000D6A                    	.debug
00000D6A 2E 00 73 00        		.dw '.stabn 0x44,0,180,',0,0
         74 00 61 00
         62 00 6E 00
         20 00 30 00
         78 00 34 00
         34 00 2C 00
         30 00 2C 00
         31 00 38 00
         30 00 2C 00
         00 00 00 00
00000D7E 09 00 00 00        		.dd LM64-_Clock_SetDay
00000D80 0D 00 0A 00        		.dw 0x0d,0x0a
000096BD                    	.code
                            	LM64:
                            	L30:
                            	
000096BD 88 98              		pop bp from [sp]
000096BE 90 9A              		retf
                            		.endp	// end of Clock_SetDay
                            	
00000D82                    	.debug
00000D82 2E 00 73 00        		.dw '.stabs "Day:p4",160,0,0,3',0x0d,0x0a
         74 00 61 00
         62 00 73 00
         20 00 22 00
         44 00 61 00
         79 00 3A 00
         70 00 34 00
         22 00 2C 00
         31 00 36 00
         30 00 2C 00
         30 00 2C 00
         30 00 2C 00
         33 00 0D 00
         0A 00      
000096BF                    	.CODE
00000D9D                    	.debug
00000D9D 2E 00 73 00        		.dw '.stabf ',0,0
         74 00 61 00
         62 00 66 00
         20 00 00 00
         00 00      
00000DA6 0B 00 00 00        		.dd LME11-_Clock_SetDay
00000DA8 0D 00 0A 00        		.dw 0x0d,0x0a
000096BF                    	.code
                            	LME11:
000096BF                    	.code
00000DAA                    	.debug
00000DAA 2E 00 73 00        		.dw '.stabs "Clock_SetHour:F19",36,0,0,',0,0,offset _Clock_SetHour,seg _Clock_SetHour,0x0d,0x0a
         74 00 61 00
         62 00 73 00
         20 00 22 00
         43 00 6C 00
         6F 00 63 00
         6B 00 5F 00
         53 00 65 00
         74 00 48 00
         6F 00 75 00
         72 00 3A 00
         46 00 31 00
         39 00 22 00
         2C 00 33 00
         36 00 2C 00
         30 00 2C 00
         30 00 2C 00
         00 00 00 00
         F6 00 00 00
         0D 00 0A 00
000096BF                    	.CODE
                            	.public _Clock_SetHour
                            	_Clock_SetHour:	.proc
00000DD2                    	.debug
00000DD2 2E 00 73 00        		.dw '.stabn 0x44,0,189,',0,0
         74 00 61 00
         62 00 6E 00
         20 00 30 00
         78 00 34 00
         34 00 2C 00
         30 00 2C 00
         31 00 38 00
         39 00 2C 00
         00 00 00 00
00000DE6 00 00 00 00        		.dd LM65-_Clock_SetHour
00000DE8 0D 00 0A 00        		.dw 0x0d,0x0a
000096BF                    	.code
                            	LM65:
                            		// total=0, vars=0
                            		// frame_pointer_needed: 1
000096BF 88 DA              		push bp to [sp]
000096C0 08 0B 01 00        		bp=sp+1
                            	
000096C2 0D 03 03 00        		R1=BP+3
00000DEA                    	.debug
00000DEA 2E 00 73 00        		.dw '.stabn 0x44,0,190,',0,0
         74 00 61 00
         62 00 6E 00
         20 00 30 00
         78 00 34 00
         34 00 2C 00
         30 00 2C 00
         31 00 39 00
         30 00 2C 00
         00 00 00 00
00000DFE 05 00 00 00        		.dd LM66-_Clock_SetHour
00000E00 0D 00 0A 00        		.dw 0x0d,0x0a
000096C4                    	.code
                            	LM66:
000096C4 01 97              		R3=R1	// QImode move
000096C5 C3 94              		R2=[R3]	// QImode move
000096C6 1A D5 8E 03        		[_Clock+3]=R2	// QImode move
00000E02                    	.debug
00000E02 2E 00 73 00        		.dw '.stabn 0x44,0,191,',0,0
         74 00 61 00
         62 00 6E 00
         20 00 30 00
         78 00 34 00
         34 00 2C 00
         30 00 2C 00
         31 00 39 00
         31 00 2C 00
         00 00 00 00
00000E16 09 00 00 00        		.dd LM67-_Clock_SetHour
00000E18 0D 00 0A 00        		.dw 0x0d,0x0a
000096C8                    	.code
                            	LM67:
00000E1A                    	.debug
00000E1A 2E 00 73 00        		.dw '.stabn 0x44,0,191,',0,0
         74 00 61 00
         62 00 6E 00
         20 00 30 00
         78 00 34 00
         34 00 2C 00
         30 00 2C 00
         31 00 39 00
         31 00 2C 00
         00 00 00 00
00000E2E 09 00 00 00        		.dd LM68-_Clock_SetHour
00000E30 0D 00 0A 00        		.dw 0x0d,0x0a
000096C8                    	.code
                            	LM68:
                            	L31:
                            	
000096C8 88 98              		pop bp from [sp]
000096C9 90 9A              		retf
                            		.endp	// end of Clock_SetHour
                            	
00000E32                    	.debug
00000E32 2E 00 73 00        		.dw '.stabs "Hour:p4",160,0,0,3',0x0d,0x0a
         74 00 61 00
         62 00 73 00
         20 00 22 00
         48 00 6F 00
         75 00 72 00
         3A 00 70 00
         34 00 22 00
         2C 00 31 00
         36 00 30 00
         2C 00 30 00
         2C 00 30 00
         2C 00 33 00
         0D 00 0A 00
000096CA                    	.CODE
00000E4E                    	.debug
00000E4E 2E 00 73 00        		.dw '.stabf ',0,0
         74 00 61 00
         62 00 66 00
         20 00 00 00
         00 00      
00000E57 0B 00 00 00        		.dd LME12-_Clock_SetHour
00000E59 0D 00 0A 00        		.dw 0x0d,0x0a
000096CA                    	.code
                            	LME12:
000096CA                    	.code
00000E5B                    	.debug
00000E5B 2E 00 73 00        		.dw '.stabs "Clock_SetMin:F19",36,0,0,',0,0,offset _Clock_SetMin,seg _Clock_SetMin,0x0d,0x0a
         74 00 61 00
         62 00 73 00
         20 00 22 00
         43 00 6C 00
         6F 00 63 00
         6B 00 5F 00
         53 00 65 00
         74 00 4D 00
         69 00 6E 00
         3A 00 46 00
         31 00 39 00
         22 00 2C 00
         33 00 36 00
         2C 00 30 00
         2C 00 30 00
         2C 00 00 00
         00 00 01 01
         00 00 0D 00
         0A 00      
000096CA                    	.CODE
                            	.public _Clock_SetMin
                            	_Clock_SetMin:	.proc
00000E82                    	.debug
00000E82 2E 00 73 00        		.dw '.stabn 0x44,0,200,',0,0
         74 00 61 00
         62 00 6E 00
         20 00 30 00
         78 00 34 00
         34 00 2C 00
         30 00 2C 00
         32 00 30 00
         30 00 2C 00
         00 00 00 00
00000E96 00 00 00 00        		.dd LM69-_Clock_SetMin
00000E98 0D 00 0A 00        		.dw 0x0d,0x0a
000096CA                    	.code
                            	LM69:
                            		// total=0, vars=0
                            		// frame_pointer_needed: 1
000096CA 88 DA              		push bp to [sp]
000096CB 08 0B 01 00        		bp=sp+1
                            	
000096CD 0D 03 03 00        		R1=BP+3
00000E9A                    	.debug
00000E9A 2E 00 73 00        		.dw '.stabn 0x44,0,201,',0,0
         74 00 61 00
         62 00 6E 00
         20 00 30 00
         78 00 34 00
         34 00 2C 00
         30 00 2C 00
         32 00 30 00
         31 00 2C 00
         00 00 00 00
00000EAE 05 00 00 00        		.dd LM70-_Clock_SetMin
00000EB0 0D 00 0A 00        		.dw 0x0d,0x0a
000096CF                    	.code
                            	LM70:
000096CF 01 97              		R3=R1	// QImode move
000096D0 C3 94              		R2=[R3]	// QImode move
000096D1 1A D5 8F 03        		[_Clock+4]=R2	// QImode move
00000EB2                    	.debug
00000EB2 2E 00 73 00        		.dw '.stabn 0x44,0,202,',0,0
         74 00 61 00
         62 00 6E 00
         20 00 30 00
         78 00 34 00
         34 00 2C 00
         30 00 2C 00
         32 00 30 00
         32 00 2C 00
         00 00 00 00
00000EC6 09 00 00 00        		.dd LM71-_Clock_SetMin
00000EC8 0D 00 0A 00        		.dw 0x0d,0x0a
000096D3                    	.code
                            	LM71:
00000ECA                    	.debug
00000ECA 2E 00 73 00        		.dw '.stabn 0x44,0,202,',0,0
         74 00 61 00
         62 00 6E 00
         20 00 30 00
         78 00 34 00
         34 00 2C 00
         30 00 2C 00
         32 00 30 00
         32 00 2C 00
         00 00 00 00
00000EDE 09 00 00 00        		.dd LM72-_Clock_SetMin
00000EE0 0D 00 0A 00        		.dw 0x0d,0x0a
000096D3                    	.code
                            	LM72:
                            	L32:
                            	
000096D3 88 98              		pop bp from [sp]
000096D4 90 9A              		retf
                            		.endp	// end of Clock_SetMin
                            	
00000EE2                    	.debug
00000EE2 2E 00 73 00        		.dw '.stabs "Min:p4",160,0,0,3',0x0d,0x0a
         74 00 61 00
         62 00 73 00
         20 00 22 00
         4D 00 69 00
         6E 00 3A 00
         70 00 34 00
         22 00 2C 00
         31 00 36 00
         30 00 2C 00
         30 00 2C 00
         30 00 2C 00
         33 00 0D 00
         0A 00      
000096D5                    	.CODE
00000EFD                    	.debug
00000EFD 2E 00 73 00        		.dw '.stabf ',0,0
         74 00 61 00
         62 00 66 00
         20 00 00 00
         00 00      
00000F06 0B 00 00 00        		.dd LME13-_Clock_SetMin
00000F08 0D 00 0A 00        		.dw 0x0d,0x0a
000096D5                    	.code
                            	LME13:
000096D5                    	.code
00000F0A                    	.debug
00000F0A 2E 00 73 00        		.dw '.stabs "Clock_SetSec:F19",36,0,0,',0,0,offset _Clock_SetSec,seg _Clock_SetSec,0x0d,0x0a
         74 00 61 00
         62 00 73 00
         20 00 22 00
         43 00 6C 00
         6F 00 63 00
         6B 00 5F 00
         53 00 65 00
         74 00 53 00
         65 00 63 00
         3A 00 46 00
         31 00 39 00
         22 00 2C 00
         33 00 36 00
         2C 00 30 00
         2C 00 30 00
         2C 00 00 00
         00 00 0C 01
         00 00 0D 00
         0A 00      
000096D5                    	.CODE
                            	.public _Clock_SetSec
                            	_Clock_SetSec:	.proc
00000F31                    	.debug
00000F31 2E 00 73 00        		.dw '.stabn 0x44,0,211,',0,0
         74 00 61 00
         62 00 6E 00
         20 00 30 00
         78 00 34 00
         34 00 2C 00
         30 00 2C 00
         32 00 31 00
         31 00 2C 00
         00 00 00 00
00000F45 00 00 00 00        		.dd LM73-_Clock_SetSec
00000F47 0D 00 0A 00        		.dw 0x0d,0x0a
000096D5                    	.code
                            	LM73:
                            		// total=0, vars=0
                            		// frame_pointer_needed: 1
000096D5 88 DA              		push bp to [sp]
000096D6 08 0B 01 00        		bp=sp+1
                            	
000096D8 0D 03 03 00        		R1=BP+3
00000F49                    	.debug
00000F49 2E 00 73 00        		.dw '.stabn 0x44,0,212,',0,0
         74 00 61 00
         62 00 6E 00
         20 00 30 00
         78 00 34 00
         34 00 2C 00
         30 00 2C 00
         32 00 31 00
         32 00 2C 00
         00 00 00 00
00000F5D 05 00 00 00        		.dd LM74-_Clock_SetSec
00000F5F 0D 00 0A 00        		.dw 0x0d,0x0a
000096DA                    	.code
                            	LM74:
000096DA 41 94              		R2=1	// QImode move
000096DB 1A D5 0F 70        		[28687]=R2	// QImode move
00000F61                    	.debug
00000F61 2E 00 73 00        		.dw '.stabn 0x44,0,213,',0,0
         74 00 61 00
         62 00 6E 00
         20 00 30 00
         78 00 34 00
         34 00 2C 00
         30 00 2C 00
         32 00 31 00
         33 00 2C 00
         00 00 00 00
00000F75 08 00 00 00        		.dd LM75-_Clock_SetSec
00000F77 0D 00 0A 00        		.dw 0x0d,0x0a
000096DD                    	.code
                            	LM75:
000096DD 01 97              		R3=R1	// QImode move
000096DE C3 94              		R2=[R3]	// QImode move
000096DF 1A D5 90 03        		[_Clock+5]=R2	// QImode move
00000F79                    	.debug
00000F79 2E 00 73 00        		.dw '.stabn 0x44,0,214,',0,0
         74 00 61 00
         62 00 6E 00
         20 00 30 00
         78 00 34 00
         34 00 2C 00
         30 00 2C 00
         32 00 31 00
         34 00 2C 00
         00 00 00 00
00000F8D 0C 00 00 00        		.dd LM76-_Clock_SetSec
00000F8F 0D 00 0A 00        		.dw 0x0d,0x0a
000096E1                    	.code
                            	LM76:
000096E1 40 94              		R2=0	// QImode move
000096E2 1A D5 91 03        		[_Clock+6]=R2	// QImode move
00000F91                    	.debug
00000F91 2E 00 73 00        		.dw '.stabn 0x44,0,215,',0,0
         74 00 61 00
         62 00 6E 00
         20 00 30 00
         78 00 34 00
         34 00 2C 00
         30 00 2C 00
         32 00 31 00
         35 00 2C 00
         00 00 00 00
00000FA5 0F 00 00 00        		.dd LM77-_Clock_SetSec
00000FA7 0D 00 0A 00        		.dw 0x0d,0x0a
000096E4                    	.code
                            	LM77:
00000FA9                    	.debug
00000FA9 2E 00 73 00        		.dw '.stabn 0x44,0,215,',0,0
         74 00 61 00
         62 00 6E 00
         20 00 30 00
         78 00 34 00
         34 00 2C 00
         30 00 2C 00
         32 00 31 00
         35 00 2C 00
         00 00 00 00
00000FBD 0F 00 00 00        		.dd LM78-_Clock_SetSec
00000FBF 0D 00 0A 00        		.dw 0x0d,0x0a
000096E4                    	.code
                            	LM78:
                            	L33:
                            	
000096E4 88 98              		pop bp from [sp]
000096E5 90 9A              		retf
                            		.endp	// end of Clock_SetSec
                            	
00000FC1                    	.debug
00000FC1 2E 00 73 00        		.dw '.stabs "Sec:p4",160,0,0,3',0x0d,0x0a
         74 00 61 00
         62 00 73 00
         20 00 22 00
         53 00 65 00
         63 00 3A 00
         70 00 34 00
         22 00 2C 00
         31 00 36 00
         30 00 2C 00
         30 00 2C 00
         30 00 2C 00
         33 00 0D 00
         0A 00      
000096E6                    	.CODE
00000FDC                    	.debug
00000FDC 2E 00 73 00        		.dw '.stabf ',0,0
         74 00 61 00
         62 00 66 00
         20 00 00 00
         00 00      
00000FE5 11 00 00 00        		.dd LME14-_Clock_SetSec
00000FE7 0D 00 0A 00        		.dw 0x0d,0x0a
000096E6                    	.code
                            	LME14:
                            		.end
0 error(s), 0 warning(s).


