Sunplus u'nSP Assembler - Ver. 1.14.3.1
              Listing File Has Been Relocated
                            	// GCC for SUNPLUS u'nSP version 1.0.21-3
                            	// Command: C:\PROGRA~1\Sunplus\UNSPID~1.0\cc1.exe C:\DOCUME~1\ADMINI~1\LOCALS~1\Temp\cc0qaaaa.i -fkeep-inline-functions -quiet -dumpbase Clock_Speech.c -mglobal-var-iram -gstabs -Wall -o .\Debug/Clock_Speech.asm
                            		.external __sn_func_ptr_sec
                            	
                            	// gcc2_compiled.:
                            	
00000000                    	.debug
00000000 2E 00 73 00        		.dw '.stabs "F:/myproject/lingyang/sound/",0x64,0,3,',0,0,offset Ltext0,seg Ltext0,0x0d,0x0a
         74 00 61 00
         62 00 73 00
         20 00 22 00
         46 00 3A 00
         2F 00 6D 00
         79 00 70 00
         72 00 6F 00
         6A 00 65 00
         63 00 74 00
         2F 00 6C 00
         69 00 6E 00
         67 00 79 00
         61 00 6E 00
         67 00 2F 00
         73 00 6F 00
         75 00 6E 00
         64 00 2F 00
         22 00 2C 00
         30 00 78 00
         36 00 34 00
         2C 00 30 00
         2C 00 33 00
         2C 00 00 00
         00 00 00 00
         00 00 0D 00
         0A 00      
0000940B                    	.code
00000035                    	.debug
00000035 2E 00 73 00        		.dw '.stabs "F:/myproject/lingyang/sound/Clock_Speech.c",0x64,0,3,',0,0,offset Ltext0,seg Ltext0,0x0d,0x0a
         74 00 61 00
         62 00 73 00
         20 00 22 00
         46 00 3A 00
         2F 00 6D 00
         79 00 70 00
         72 00 6F 00
         6A 00 65 00
         63 00 74 00
         2F 00 6C 00
         69 00 6E 00
         67 00 79 00
         61 00 6E 00
         67 00 2F 00
         73 00 6F 00
         75 00 6E 00
         64 00 2F 00
         43 00 6C 00
         6F 00 63 00
         6B 00 5F 00
         53 00 70 00
         65 00 65 00
         63 00 68 00
         2E 00 63 00
         22 00 2C 00
         30 00 78 00
         36 00 34 00
         2C 00 30 00
         2C 00 33 00
         2C 00 00 00
         00 00 00 00
         00 00 0D 00
         0A 00      
0000940B                    	.code
0000940B                    	.code
                            	Ltext0:
00000078                    	.debug
00000078 2E 00 73 00        		.dw '.stabs "int:t1=r1;-32768;32767;",128,0,0,0',0x0d,0x0a
         74 00 61 00
         62 00 73 00
         20 00 22 00
         69 00 6E 00
         74 00 3A 00
         74 00 31 00
         3D 00 72 00
         31 00 3B 00
         2D 00 33 00
         32 00 37 00
         36 00 38 00
         3B 00 33 00
         32 00 37 00
         36 00 37 00
         3B 00 22 00
         2C 00 31 00
         32 00 38 00
         2C 00 30 00
         2C 00 30 00
         2C 00 30 00
         0D 00 0A 00
0000940B                    	.CODE
000000A4                    	.debug
000000A4 2E 00 73 00        		.dw '.stabs "char:t2=r2;0;127;",128,0,0,0',0x0d,0x0a
         74 00 61 00
         62 00 73 00
         20 00 22 00
         63 00 68 00
         61 00 72 00
         3A 00 74 00
         32 00 3D 00
         72 00 32 00
         3B 00 30 00
         3B 00 31 00
         32 00 37 00
         3B 00 22 00
         2C 00 31 00
         32 00 38 00
         2C 00 30 00
         2C 00 30 00
         2C 00 30 00
         0D 00 0A 00
0000940B                    	.CODE
000000CA                    	.debug
000000CA 2E 00 73 00        		.dw '.stabs "long int:t3=r3;-2147483648;2147483647;",128,0,0,0',0x0d,0x0a
         74 00 61 00
         62 00 73 00
         20 00 22 00
         6C 00 6F 00
         6E 00 67 00
         20 00 69 00
         6E 00 74 00
         3A 00 74 00
         33 00 3D 00
         72 00 33 00
         3B 00 2D 00
         32 00 31 00
         34 00 37 00
         34 00 38 00
         33 00 36 00
         34 00 38 00
         3B 00 32 00
         31 00 34 00
         37 00 34 00
         38 00 33 00
         36 00 34 00
         37 00 3B 00
         22 00 2C 00
         31 00 32 00
         38 00 2C 00
         30 00 2C 00
         30 00 2C 00
         30 00 0D 00
         0A 00      
0000940B                    	.CODE
00000105                    	.debug
00000105 2E 00 73 00        		.dw '.stabs "unsigned int:t4=r4;0;65535;",128,0,0,0',0x0d,0x0a
         74 00 61 00
         62 00 73 00
         20 00 22 00
         75 00 6E 00
         73 00 69 00
         67 00 6E 00
         65 00 64 00
         20 00 69 00
         6E 00 74 00
         3A 00 74 00
         34 00 3D 00
         72 00 34 00
         3B 00 30 00
         3B 00 36 00
         35 00 35 00
         33 00 35 00
         3B 00 22 00
         2C 00 31 00
         32 00 38 00
         2C 00 30 00
         2C 00 30 00
         2C 00 30 00
         0D 00 0A 00
0000940B                    	.CODE
00000135                    	.debug
00000135 2E 00 73 00        		.dw '.stabs "long unsigned int:t5=r5;0;4294967295;",128,0,0,0',0x0d,0x0a
         74 00 61 00
         62 00 73 00
         20 00 22 00
         6C 00 6F 00
         6E 00 67 00
         20 00 75 00
         6E 00 73 00
         69 00 67 00
         6E 00 65 00
         64 00 20 00
         69 00 6E 00
         74 00 3A 00
         74 00 35 00
         3D 00 72 00
         35 00 3B 00
         30 00 3B 00
         34 00 32 00
         39 00 34 00
         39 00 36 00
         37 00 32 00
         39 00 35 00
         3B 00 22 00
         2C 00 31 00
         32 00 38 00
         2C 00 30 00
         2C 00 30 00
         2C 00 30 00
         0D 00 0A 00
0000940B                    	.CODE
0000016F                    	.debug
0000016F 2E 00 73 00        		.dw '.stabs "long long int:t6=r6;-2147483648;2147483647;",128,0,0,0',0x0d,0x0a
         74 00 61 00
         62 00 73 00
         20 00 22 00
         6C 00 6F 00
         6E 00 67 00
         20 00 6C 00
         6F 00 6E 00
         67 00 20 00
         69 00 6E 00
         74 00 3A 00
         74 00 36 00
         3D 00 72 00
         36 00 3B 00
         2D 00 32 00
         31 00 34 00
         37 00 34 00
         38 00 33 00
         36 00 34 00
         38 00 3B 00
         32 00 31 00
         34 00 37 00
         34 00 38 00
         33 00 36 00
         34 00 37 00
         3B 00 22 00
         2C 00 31 00
         32 00 38 00
         2C 00 30 00
         2C 00 30 00
         2C 00 30 00
         0D 00 0A 00
0000940B                    	.CODE
000001AF                    	.debug
000001AF 2E 00 73 00        		.dw '.stabs "long long unsigned int:t7=r7;0;4294967295;",128,0,0,0',0x0d,0x0a
         74 00 61 00
         62 00 73 00
         20 00 22 00
         6C 00 6F 00
         6E 00 67 00
         20 00 6C 00
         6F 00 6E 00
         67 00 20 00
         75 00 6E 00
         73 00 69 00
         67 00 6E 00
         65 00 64 00
         20 00 69 00
         6E 00 74 00
         3A 00 74 00
         37 00 3D 00
         72 00 37 00
         3B 00 30 00
         3B 00 34 00
         32 00 39 00
         34 00 39 00
         36 00 37 00
         32 00 39 00
         35 00 3B 00
         22 00 2C 00
         31 00 32 00
         38 00 2C 00
         30 00 2C 00
         30 00 2C 00
         30 00 0D 00
         0A 00      
0000940B                    	.CODE
000001EE                    	.debug
000001EE 2E 00 73 00        		.dw '.stabs "short int:t8=r8;-32768;32767;",128,0,0,0',0x0d,0x0a
         74 00 61 00
         62 00 73 00
         20 00 22 00
         73 00 68 00
         6F 00 72 00
         74 00 20 00
         69 00 6E 00
         74 00 3A 00
         74 00 38 00
         3D 00 72 00
         38 00 3B 00
         2D 00 33 00
         32 00 37 00
         36 00 38 00
         3B 00 33 00
         32 00 37 00
         36 00 37 00
         3B 00 22 00
         2C 00 31 00
         32 00 38 00
         2C 00 30 00
         2C 00 30 00
         2C 00 30 00
         0D 00 0A 00
0000940B                    	.CODE
00000220                    	.debug
00000220 2E 00 73 00        		.dw '.stabs "short unsigned int:t9=r9;0;65535;",128,0,0,0',0x0d,0x0a
         74 00 61 00
         62 00 73 00
         20 00 22 00
         73 00 68 00
         6F 00 72 00
         74 00 20 00
         75 00 6E 00
         73 00 69 00
         67 00 6E 00
         65 00 64 00
         20 00 69 00
         6E 00 74 00
         3A 00 74 00
         39 00 3D 00
         72 00 39 00
         3B 00 30 00
         3B 00 36 00
         35 00 35 00
         33 00 35 00
         3B 00 22 00
         2C 00 31 00
         32 00 38 00
         2C 00 30 00
         2C 00 30 00
         2C 00 30 00
         0D 00 0A 00
0000940B                    	.CODE
00000256                    	.debug
00000256 2E 00 73 00        		.dw '.stabs "signed char:t10=r10;-32768;32767;",128,0,0,0',0x0d,0x0a
         74 00 61 00
         62 00 73 00
         20 00 22 00
         73 00 69 00
         67 00 6E 00
         65 00 64 00
         20 00 63 00
         68 00 61 00
         72 00 3A 00
         74 00 31 00
         30 00 3D 00
         72 00 31 00
         30 00 3B 00
         2D 00 33 00
         32 00 37 00
         36 00 38 00
         3B 00 33 00
         32 00 37 00
         36 00 37 00
         3B 00 22 00
         2C 00 31 00
         32 00 38 00
         2C 00 30 00
         2C 00 30 00
         2C 00 30 00
         0D 00 0A 00
0000940B                    	.CODE
0000028C                    	.debug
0000028C 2E 00 73 00        		.dw '.stabs "unsigned char:t11=r11;0;65535;",128,0,0,0',0x0d,0x0a
         74 00 61 00
         62 00 73 00
         20 00 22 00
         75 00 6E 00
         73 00 69 00
         67 00 6E 00
         65 00 64 00
         20 00 63 00
         68 00 61 00
         72 00 3A 00
         74 00 31 00
         31 00 3D 00
         72 00 31 00
         31 00 3B 00
         30 00 3B 00
         36 00 35 00
         35 00 33 00
         35 00 3B 00
         22 00 2C 00
         31 00 32 00
         38 00 2C 00
         30 00 2C 00
         30 00 2C 00
         30 00 0D 00
         0A 00      
0000940B                    	.CODE
000002BF                    	.debug
000002BF 2E 00 73 00        		.dw '.stabs "float:t12=r1;2;0;",128,0,0,0',0x0d,0x0a
         74 00 61 00
         62 00 73 00
         20 00 22 00
         66 00 6C 00
         6F 00 61 00
         74 00 3A 00
         74 00 31 00
         32 00 3D 00
         72 00 31 00
         3B 00 32 00
         3B 00 30 00
         3B 00 22 00
         2C 00 31 00
         32 00 38 00
         2C 00 30 00
         2C 00 30 00
         2C 00 30 00
         0D 00 0A 00
0000940B                    	.CODE
000002E5                    	.debug
000002E5 2E 00 73 00        		.dw '.stabs "double:t13=r1;2;0;",128,0,0,0',0x0d,0x0a
         74 00 61 00
         62 00 73 00
         20 00 22 00
         64 00 6F 00
         75 00 62 00
         6C 00 65 00
         3A 00 74 00
         31 00 33 00
         3D 00 72 00
         31 00 3B 00
         32 00 3B 00
         30 00 3B 00
         22 00 2C 00
         31 00 32 00
         38 00 2C 00
         30 00 2C 00
         30 00 2C 00
         30 00 0D 00
         0A 00      
0000940B                    	.CODE
0000030C                    	.debug
0000030C 2E 00 73 00        		.dw '.stabs "long double:t14=r1;2;0;",128,0,0,0',0x0d,0x0a
         74 00 61 00
         62 00 73 00
         20 00 22 00
         6C 00 6F 00
         6E 00 67 00
         20 00 64 00
         6F 00 75 00
         62 00 6C 00
         65 00 3A 00
         74 00 31 00
         34 00 3D 00
         72 00 31 00
         3B 00 32 00
         3B 00 30 00
         3B 00 22 00
         2C 00 31 00
         32 00 38 00
         2C 00 30 00
         2C 00 30 00
         2C 00 30 00
         0D 00 0A 00
0000940B                    	.CODE
00000338                    	.debug
00000338 2E 00 73 00        		.dw '.stabs "complex int:t15=s2real:1,0,16;imag:1,16,16;;",128,0,0,0',0x0d,0x0a
         74 00 61 00
         62 00 73 00
         20 00 22 00
         63 00 6F 00
         6D 00 70 00
         6C 00 65 00
         78 00 20 00
         69 00 6E 00
         74 00 3A 00
         74 00 31 00
         35 00 3D 00
         73 00 32 00
         72 00 65 00
         61 00 6C 00
         3A 00 31 00
         2C 00 30 00
         2C 00 31 00
         36 00 3B 00
         69 00 6D 00
         61 00 67 00
         3A 00 31 00
         2C 00 31 00
         36 00 2C 00
         31 00 36 00
         3B 00 3B 00
         22 00 2C 00
         31 00 32 00
         38 00 2C 00
         30 00 2C 00
         30 00 2C 00
         30 00 0D 00
         0A 00      
0000940B                    	.CODE
00000379                    	.debug
00000379 2E 00 73 00        		.dw '.stabs "complex float:t16=r16;2;0;",128,0,0,0',0x0d,0x0a
         74 00 61 00
         62 00 73 00
         20 00 22 00
         63 00 6F 00
         6D 00 70 00
         6C 00 65 00
         78 00 20 00
         66 00 6C 00
         6F 00 61 00
         74 00 3A 00
         74 00 31 00
         36 00 3D 00
         72 00 31 00
         36 00 3B 00
         32 00 3B 00
         30 00 3B 00
         22 00 2C 00
         31 00 32 00
         38 00 2C 00
         30 00 2C 00
         30 00 2C 00
         30 00 0D 00
         0A 00      
0000940B                    	.CODE
000003A8                    	.debug
000003A8 2E 00 73 00        		.dw '.stabs "complex double:t17=r17;2;0;",128,0,0,0',0x0d,0x0a
         74 00 61 00
         62 00 73 00
         20 00 22 00
         63 00 6F 00
         6D 00 70 00
         6C 00 65 00
         78 00 20 00
         64 00 6F 00
         75 00 62 00
         6C 00 65 00
         3A 00 74 00
         31 00 37 00
         3D 00 72 00
         31 00 37 00
         3B 00 32 00
         3B 00 30 00
         3B 00 22 00
         2C 00 31 00
         32 00 38 00
         2C 00 30 00
         2C 00 30 00
         2C 00 30 00
         0D 00 0A 00
0000940B                    	.CODE
000003D8                    	.debug
000003D8 2E 00 73 00        		.dw '.stabs "complex long double:t18=r18;2;0;",128,0,0,0',0x0d,0x0a
         74 00 61 00
         62 00 73 00
         20 00 22 00
         63 00 6F 00
         6D 00 70 00
         6C 00 65 00
         78 00 20 00
         6C 00 6F 00
         6E 00 67 00
         20 00 64 00
         6F 00 75 00
         62 00 6C 00
         65 00 3A 00
         74 00 31 00
         38 00 3D 00
         72 00 31 00
         38 00 3B 00
         32 00 3B 00
         30 00 3B 00
         22 00 2C 00
         31 00 32 00
         38 00 2C 00
         30 00 2C 00
         30 00 2C 00
         30 00 0D 00
         0A 00      
0000940B                    	.CODE
0000040D                    	.debug
0000040D 2E 00 73 00        		.dw '.stabs "void:t19=19",128,0,0,0',0x0d,0x0a
         74 00 61 00
         62 00 73 00
         20 00 22 00
         76 00 6F 00
         69 00 64 00
         3A 00 74 00
         31 00 39 00
         3D 00 31 00
         39 00 22 00
         2C 00 31 00
         32 00 38 00
         2C 00 30 00
         2C 00 30 00
         2C 00 30 00
         0D 00 0A 00
0000940B                    	.CODE
0000042D                    	.debug
0000042D 2E 00 73 00        		.dw '.stabs "SndIndex:T20=eS_0:0,S_1:1,S_2:2,\\",128,0,0,0',0x0d,0x0a
         74 00 61 00
         62 00 73 00
         20 00 22 00
         53 00 6E 00
         64 00 49 00
         6E 00 64 00
         65 00 78 00
         3A 00 54 00
         32 00 30 00
         3D 00 65 00
         53 00 5F 00
         30 00 3A 00
         30 00 2C 00
         53 00 5F 00
         31 00 3A 00
         31 00 2C 00
         53 00 5F 00
         32 00 3A 00
         32 00 2C 00
         5C 00 5C 00
         22 00 2C 00
         31 00 32 00
         38 00 2C 00
         30 00 2C 00
         30 00 2C 00
         30 00 0D 00
         0A 00      
00000464 2E 00 73 00        		.DW '.stabs "S_3:3,S_4:4,S_5:5,S_6:6,\\",128,0,0,0',0x0d,0x0a
         74 00 61 00
         62 00 73 00
         20 00 22 00
         53 00 5F 00
         33 00 3A 00
         33 00 2C 00
         53 00 5F 00
         34 00 3A 00
         34 00 2C 00
         53 00 5F 00
         35 00 3A 00
         35 00 2C 00
         53 00 5F 00
         36 00 3A 00
         36 00 2C 00
         5C 00 5C 00
         22 00 2C 00
         31 00 32 00
         38 00 2C 00
         30 00 2C 00
         30 00 2C 00
         30 00 0D 00
         0A 00      
00000493 2E 00 73 00        		.DW '.stabs "S_7:7,S_8:8,S_9:9,S_10:10,\\",128,0,0,0',0x0d,0x0a
         74 00 61 00
         62 00 73 00
         20 00 22 00
         53 00 5F 00
         37 00 3A 00
         37 00 2C 00
         53 00 5F 00
         38 00 3A 00
         38 00 2C 00
         53 00 5F 00
         39 00 3A 00
         39 00 2C 00
         53 00 5F 00
         31 00 30 00
         3A 00 31 00
         30 00 2C 00
         5C 00 5C 00
         22 00 2C 00
         31 00 32 00
         38 00 2C 00
         30 00 2C 00
         30 00 2C 00
         30 00 0D 00
         0A 00      
000004C4 2E 00 73 00        		.DW '.stabs "S_11:11,S_12:12,S_Liang:13,S_DING:14,\\",128,0,0,0',0x0d,0x0a
         74 00 61 00
         62 00 73 00
         20 00 22 00
         53 00 5F 00
         31 00 31 00
         3A 00 31 00
         31 00 2C 00
         53 00 5F 00
         31 00 32 00
         3A 00 31 00
         32 00 2C 00
         53 00 5F 00
         4C 00 69 00
         61 00 6E 00
         67 00 3A 00
         31 00 33 00
         2C 00 53 00
         5F 00 44 00
         49 00 4E 00
         47 00 3A 00
         31 00 34 00
         2C 00 5C 00
         5C 00 22 00
         2C 00 31 00
         32 00 38 00
         2C 00 30 00
         2C 00 30 00
         2C 00 30 00
         0D 00 0A 00
00000500 2E 00 73 00        		.DW '.stabs "S_XZSK:15,S_LC:16,S_SW:17,S_XW:18,\\",128,0,0,0',0x0d,0x0a
         74 00 61 00
         62 00 73 00
         20 00 22 00
         53 00 5F 00
         58 00 5A 00
         53 00 4B 00
         3A 00 31 00
         35 00 2C 00
         53 00 5F 00
         4C 00 43 00
         3A 00 31 00
         36 00 2C 00
         53 00 5F 00
         53 00 57 00
         3A 00 31 00
         37 00 2C 00
         53 00 5F 00
         58 00 57 00
         3A 00 31 00
         38 00 2C 00
         5C 00 5C 00
         22 00 2C 00
         31 00 32 00
         38 00 2C 00
         30 00 2C 00
         30 00 2C 00
         30 00 0D 00
         0A 00      
00000539 2E 00 73 00        		.DW '.stabs "S_WS:19,S_Nian:20,S_Yue:21,S_Ri:22,\\",128,0,0,0',0x0d,0x0a
         74 00 61 00
         62 00 73 00
         20 00 22 00
         53 00 5F 00
         57 00 53 00
         3A 00 31 00
         39 00 2C 00
         53 00 5F 00
         4E 00 69 00
         61 00 6E 00
         3A 00 32 00
         30 00 2C 00
         53 00 5F 00
         59 00 75 00
         65 00 3A 00
         32 00 31 00
         2C 00 53 00
         5F 00 52 00
         69 00 3A 00
         32 00 32 00
         2C 00 5C 00
         5C 00 22 00
         2C 00 31 00
         32 00 38 00
         2C 00 30 00
         2C 00 30 00
         2C 00 30 00
         0D 00 0A 00
00000573 2E 00 73 00        		.DW '.stabs "S_Dian:23,S_Fen:24,S_Miao:25,S_Zheng:26,;",128,0,0,0',0x0d,0x0a
         74 00 61 00
         62 00 73 00
         20 00 22 00
         53 00 5F 00
         44 00 69 00
         61 00 6E 00
         3A 00 32 00
         33 00 2C 00
         53 00 5F 00
         46 00 65 00
         6E 00 3A 00
         32 00 34 00
         2C 00 53 00
         5F 00 4D 00
         69 00 61 00
         6F 00 3A 00
         32 00 35 00
         2C 00 53 00
         5F 00 5A 00
         68 00 65 00
         6E 00 67 00
         3A 00 32 00
         36 00 2C 00
         3B 00 22 00
         2C 00 31 00
         32 00 38 00
         2C 00 30 00
         2C 00 30 00
         2C 00 30 00
         0D 00 0A 00
0000940B                    	.CODE
0000940B                    	.code
000005B1                    	.debug
000005B1 2E 00 73 00        		.dw '.stabs "PlayNum:F19",36,0,0,',0,0,offset _PlayNum,seg _PlayNum,0x0d,0x0a
         74 00 61 00
         62 00 73 00
         20 00 22 00
         50 00 6C 00
         61 00 79 00
         4E 00 75 00
         6D 00 3A 00
         46 00 31 00
         39 00 22 00
         2C 00 33 00
         36 00 2C 00
         30 00 2C 00
         30 00 2C 00
         00 00 00 00
         00 00 00 00
         0D 00 0A 00
0000940B                    	.CODE
                            	.public _PlayNum
                            	_PlayNum:	.proc
000005D3                    	.debug
000005D3 2E 00 73 00        		.dw '.stabn 0x44,0,17,',0,0
         74 00 61 00
         62 00 6E 00
         20 00 30 00
         78 00 34 00
         34 00 2C 00
         30 00 2C 00
         31 00 37 00
         2C 00 00 00
         00 00      
000005E6 00 00 00 00        		.dd LM1-_PlayNum
000005E8 0D 00 0A 00        		.dw 0x0d,0x0a
0000940B                    	.code
                            	LM1:
                            		// total=2, vars=2
                            		// frame_pointer_needed: 1
0000940B 88 DA              		push bp to [sp]
0000940C 42 20              		sp-=2
0000940D 08 0B 01 00        		bp=sp+1
                            	
0000940F 0D 03 05 00        		R1=BP+5
00009411 01 D2              		[bp+1]=R1	// QImode move
000005EA                    	.debug
000005EA 2E 00 73 00        		.dw '.stabn 0x44,0,18,',0,0
         74 00 61 00
         62 00 6E 00
         20 00 30 00
         78 00 34 00
         34 00 2C 00
         30 00 2C 00
         31 00 38 00
         2C 00 00 00
         00 00      
000005FD 07 00 00 00        		.dd LM2-_PlayNum
000005FF 0D 00 0A 00        		.dw 0x0d,0x0a
00009412                    	.code
                            	LM2:
                            	LBB2:
00009412 01 94              		R2=[bp+1]	// QImode move
00009413 C2 92              		R1=[R2]	// QImode move
00009414 C5 D2              		[BP]=R1	// QImode move
00000601                    	.debug
00000601 2E 00 73 00        		.dw '.stabn 0x44,0,20,',0,0
         74 00 61 00
         62 00 6E 00
         20 00 30 00
         78 00 34 00
         34 00 2C 00
         30 00 2C 00
         32 00 30 00
         2C 00 00 00
         00 00      
00000614 0A 00 00 00        		.dd LM3-_PlayNum
00000616 0D 00 0A 00        		.dw 0x0d,0x0a
00009415                    	.code
                            	LM3:
00009415 C5 92              		R1=[BP]	// QImode move
00009416 40 42              		CMP R1,0	// QImode test
00009417 09 4E 01 EE        		NSJNZ L3	//QImode NE
         00 EE      
00000618                    	.debug
00000618 2E 00 73 00        		.dw '.stabn 0x44,0,21,',0,0
         74 00 61 00
         62 00 6E 00
         20 00 30 00
         78 00 34 00
         34 00 2C 00
         30 00 2C 00
         32 00 31 00
         2C 00 00 00
         00 00      
0000062B 0F 00 00 00        		.dd LM4-_PlayNum
0000062D 0D 00 0A 00        		.dw 0x0d,0x0a
0000941A                    	.code
                            	LM4:
0000941A 40 92              		R1=0	// QImode move
0000941B C8 D2              		[SP--]=R1	// QImode move
0000941C 40 F0 CC 97        		call _PlaySnd	// call without return value
0000941E 41 00              		SP = SP + 1	//SP
0000941F 0F 9F 4D 94        		pc=L4	// Indirect jump
                            	L3:
0000062F                    	.debug
0000062F 2E 00 73 00        		.dw '.stabn 0x44,0,24,',0,0
         74 00 61 00
         62 00 6E 00
         20 00 30 00
         78 00 34 00
         34 00 2C 00
         30 00 2C 00
         32 00 34 00
         2C 00 00 00
         00 00      
00000642 16 00 00 00        		.dd LM5-_PlayNum
00000644 0D 00 0A 00        		.dw 0x0d,0x0a
00009421                    	.code
                            	LM5:
00009421 C5 92              		R1=[BP]	// QImode move
00009422 53 42              		CMP R1,19	// QImode compare
00009423 0D 8E 01 EE        		NSJNA L5	//QImode LEU
         00 EE      
00009426 C5 92              		R1=[BP]	// QImode move
00009427 4A 94              		R2=10	// QImode move
00009428 C8 D4              		[SP--]=R2	// QImode move
00009429 C8 D2              		[SP--]=R1	// QImode move
0000942A 40 F0 98 97        		call __divu1	// call with return value
0000942C 42 00              		SP = SP + 2	//SP
0000942D C8 D2              		[SP--]=R1	// QImode move
0000942E 40 F0 CC 97        		call _PlaySnd	// call without return value
00009430 41 00              		SP = SP + 1	//SP
                            	L5:
00000646                    	.debug
00000646 2E 00 73 00        		.dw '.stabn 0x44,0,25,',0,0
         74 00 61 00
         62 00 6E 00
         20 00 30 00
         78 00 34 00
         34 00 2C 00
         30 00 2C 00
         32 00 35 00
         2C 00 00 00
         00 00      
00000659 26 00 00 00        		.dd LM6-_PlayNum
0000065B 0D 00 0A 00        		.dw 0x0d,0x0a
00009431                    	.code
                            	LM6:
00009431 C5 92              		R1=[BP]	// QImode move
00009432 49 42              		CMP R1,9	// QImode compare
00009433 07 8E 01 EE        		NSJNA L6	//QImode LEU
         00 EE      
00009436 4A 92              		R1=10	// QImode move
00009437 C8 D2              		[SP--]=R1	// QImode move
00009438 40 F0 CC 97        		call _PlaySnd	// call without return value
0000943A 41 00              		SP = SP + 1	//SP
                            	L6:
0000065D                    	.debug
0000065D 2E 00 73 00        		.dw '.stabn 0x44,0,26,',0,0
         74 00 61 00
         62 00 6E 00
         20 00 30 00
         78 00 34 00
         34 00 2C 00
         30 00 2C 00
         32 00 36 00
         2C 00 00 00
         00 00      
00000670 30 00 00 00        		.dd LM7-_PlayNum
00000672 0D 00 0A 00        		.dw 0x0d,0x0a
0000943B                    	.code
                            	LM7:
0000943B C5 92              		R1=[BP]	// QImode move
0000943C 4A 94              		R2=10	// QImode move
0000943D C8 D4              		[SP--]=R2	// QImode move
0000943E C8 D2              		[SP--]=R1	// QImode move
0000943F 40 F0 F8 97        		call __modu1	// call with return value
00009441 42 00              		SP = SP + 2	//SP
00009442 C5 D2              		[BP]=R1	// QImode move
00000674                    	.debug
00000674 2E 00 73 00        		.dw '.stabn 0x44,0,27,',0,0
         74 00 61 00
         62 00 6E 00
         20 00 30 00
         78 00 34 00
         34 00 2C 00
         30 00 2C 00
         32 00 37 00
         2C 00 00 00
         00 00      
00000687 38 00 00 00        		.dd LM8-_PlayNum
00000689 0D 00 0A 00        		.dw 0x0d,0x0a
00009443                    	.code
                            	LM8:
00009443 C5 92              		R1=[BP]	// QImode move
00009444 40 42              		CMP R1,0	// QImode test
00009445 07 5E 01 EE        		NSJZ L4	//QImode EQ
         00 EE      
00009448 C5 92              		R1=[BP]	// QImode move
00009449 C8 D2              		[SP--]=R1	// QImode move
0000944A 40 F0 CC 97        		call _PlaySnd	// call without return value
0000944C 41 00              		SP = SP + 1	//SP
                            	L7:
                            	L4:
0000068B                    	.debug
0000068B 2E 00 73 00        		.dw '.stabn 0x44,0,29,',0,0
         74 00 61 00
         62 00 6E 00
         20 00 30 00
         78 00 34 00
         34 00 2C 00
         30 00 2C 00
         32 00 39 00
         2C 00 00 00
         00 00      
0000069E 42 00 00 00        		.dd LM9-_PlayNum
000006A0 0D 00 0A 00        		.dw 0x0d,0x0a
0000944D                    	.code
                            	LM9:
                            	LBE2:
000006A2                    	.debug
000006A2 2E 00 73 00        		.dw '.stabn 0x44,0,29,',0,0
         74 00 61 00
         62 00 6E 00
         20 00 30 00
         78 00 34 00
         34 00 2C 00
         30 00 2C 00
         32 00 39 00
         2C 00 00 00
         00 00      
000006B5 42 00 00 00        		.dd LM10-_PlayNum
000006B7 0D 00 0A 00        		.dw 0x0d,0x0a
0000944D                    	.code
                            	LM10:
                            	L2:
                            	
0000944D 42 00              		sp+=2
0000944E 88 98              		pop bp from [sp]
0000944F 90 9A              		retf
                            		.endp	// end of PlayNum
                            	
000006B9                    	.debug
000006B9 2E 00 73 00        		.dw '.stabs "Num:p4",160,0,0,5',0x0d,0x0a
         74 00 61 00
         62 00 73 00
         20 00 22 00
         4E 00 75 00
         6D 00 3A 00
         70 00 34 00
         22 00 2C 00
         31 00 36 00
         30 00 2C 00
         30 00 2C 00
         30 00 2C 00
         35 00 0D 00
         0A 00      
00009450                    	.CODE
000006D4                    	.debug
000006D4 2E 00 73 00        		.dw '.stabn 0xc0,0,0,',0,0
         74 00 61 00
         62 00 6E 00
         20 00 30 00
         78 00 63 00
         30 00 2C 00
         30 00 2C 00
         30 00 2C 00
         00 00 00 00
000006E6 07 00 00 00        		.dd LBB2-_PlayNum
000006E8 0D 00 0A 00        		.dw 0x0d,0x0a
00009450                    	.code
000006EA                    	.debug
000006EA 2E 00 73 00        		.dw '.stabs "TempNum:4",128,0,0,0',0x0d,0x0a
         74 00 61 00
         62 00 73 00
         20 00 22 00
         54 00 65 00
         6D 00 70 00
         4E 00 75 00
         6D 00 3A 00
         34 00 22 00
         2C 00 31 00
         32 00 38 00
         2C 00 30 00
         2C 00 30 00
         2C 00 30 00
         0D 00 0A 00
00009450                    	.CODE
00000708                    	.debug
00000708 2E 00 73 00        		.dw '.stabn 0xe0,0,0,',0,0
         74 00 61 00
         62 00 6E 00
         20 00 30 00
         78 00 65 00
         30 00 2C 00
         30 00 2C 00
         30 00 2C 00
         00 00 00 00
0000071A 42 00 00 00        		.dd LBE2-_PlayNum
0000071C 0D 00 0A 00        		.dw 0x0d,0x0a
00009450                    	.code
0000071E                    	.debug
0000071E 2E 00 73 00        		.dw '.stabf ',0,0
         74 00 61 00
         62 00 66 00
         20 00 00 00
         00 00      
00000727 45 00 00 00        		.dd LME1-_PlayNum
00000729 0D 00 0A 00        		.dw 0x0d,0x0a
00009450                    	.code
                            	LME1:
00009450                    	.code
0000072B                    	.debug
0000072B 2E 00 73 00        		.dw '.stabs "PlayYear:F19",36,0,0,',0,0,offset _PlayYear,seg _PlayYear,0x0d,0x0a
         74 00 61 00
         62 00 73 00
         20 00 22 00
         50 00 6C 00
         61 00 79 00
         59 00 65 00
         61 00 72 00
         3A 00 46 00
         31 00 39 00
         22 00 2C 00
         33 00 36 00
         2C 00 30 00
         2C 00 30 00
         2C 00 00 00
         00 00 45 00
         00 00 0D 00
         0A 00      
00009450                    	.CODE
                            	.public _PlayYear
                            	_PlayYear:	.proc
0000074E                    	.debug
0000074E 2E 00 73 00        		.dw '.stabn 0x44,0,38,',0,0
         74 00 61 00
         62 00 6E 00
         20 00 30 00
         78 00 34 00
         34 00 2C 00
         30 00 2C 00
         33 00 38 00
         2C 00 00 00
         00 00      
00000761 00 00 00 00        		.dd LM11-_PlayYear
00000763 0D 00 0A 00        		.dw 0x0d,0x0a
00009450                    	.code
                            	LM11:
                            		// total=2, vars=2
                            		// frame_pointer_needed: 1
00009450 88 DA              		push bp to [sp]
00009451 42 20              		sp-=2
00009452 08 0B 01 00        		bp=sp+1
                            	
00009454 0D 03 05 00        		R1=BP+5
00009456 01 D2              		[bp+1]=R1	// QImode move
00000765                    	.debug
00000765 2E 00 73 00        		.dw '.stabn 0x44,0,39,',0,0
         74 00 61 00
         62 00 6E 00
         20 00 30 00
         78 00 34 00
         34 00 2C 00
         30 00 2C 00
         33 00 39 00
         2C 00 00 00
         00 00      
00000778 07 00 00 00        		.dd LM12-_PlayYear
0000077A 0D 00 0A 00        		.dw 0x0d,0x0a
00009457                    	.code
                            	LM12:
                            	LBB3:
00009457 01 94              		R2=[bp+1]	// QImode move
00009458 C2 92              		R1=[R2]	// QImode move
00009459 C5 D2              		[BP]=R1	// QImode move
0000077C                    	.debug
0000077C 2E 00 73 00        		.dw '.stabn 0x44,0,41,',0,0
         74 00 61 00
         62 00 6E 00
         20 00 30 00
         78 00 34 00
         34 00 2C 00
         30 00 2C 00
         34 00 31 00
         2C 00 00 00
         00 00      
0000078F 0A 00 00 00        		.dd LM13-_PlayYear
00000791 0D 00 0A 00        		.dw 0x0d,0x0a
0000945A                    	.code
                            	LM13:
0000945A C5 92              		R1=[BP]	// QImode move
0000945B 0A 95 E8 03        		R2=1000	// QImode move
0000945D C8 D4              		[SP--]=R2	// QImode move
0000945E C8 D2              		[SP--]=R1	// QImode move
0000945F 40 F0 98 97        		call __divu1	// call with return value
00009461 42 00              		SP = SP + 2	//SP
00009462 C8 D2              		[SP--]=R1	// QImode move
00009463 40 F0 CC 97        		call _PlaySnd	// call without return value
00009465 41 00              		SP = SP + 1	//SP
00000793                    	.debug
00000793 2E 00 73 00        		.dw '.stabn 0x44,0,42,',0,0
         74 00 61 00
         62 00 6E 00
         20 00 30 00
         78 00 34 00
         34 00 2C 00
         30 00 2C 00
         34 00 32 00
         2C 00 00 00
         00 00      
000007A6 16 00 00 00        		.dd LM14-_PlayYear
000007A8 0D 00 0A 00        		.dw 0x0d,0x0a
00009466                    	.code
                            	LM14:
00009466 C5 92              		R1=[BP]	// QImode move
00009467 0A 95 E8 03        		R2=1000	// QImode move
00009469 C8 D4              		[SP--]=R2	// QImode move
0000946A C8 D2              		[SP--]=R1	// QImode move
0000946B 40 F0 F8 97        		call __modu1	// call with return value
0000946D 42 00              		SP = SP + 2	//SP
0000946E C5 D2              		[BP]=R1	// QImode move
000007AA                    	.debug
000007AA 2E 00 73 00        		.dw '.stabn 0x44,0,43,',0,0
         74 00 61 00
         62 00 6E 00
         20 00 30 00
         78 00 34 00
         34 00 2C 00
         30 00 2C 00
         34 00 33 00
         2C 00 00 00
         00 00      
000007BD 1F 00 00 00        		.dd LM15-_PlayYear
000007BF 0D 00 0A 00        		.dw 0x0d,0x0a
0000946F                    	.code
                            	LM15:
0000946F C5 92              		R1=[BP]	// QImode move
00009470 0A 95 64 00        		R2=100	// QImode move
00009472 C8 D4              		[SP--]=R2	// QImode move
00009473 C8 D2              		[SP--]=R1	// QImode move
00009474 40 F0 98 97        		call __divu1	// call with return value
00009476 42 00              		SP = SP + 2	//SP
00009477 C8 D2              		[SP--]=R1	// QImode move
00009478 40 F0 CC 97        		call _PlaySnd	// call without return value
0000947A 41 00              		SP = SP + 1	//SP
000007C1                    	.debug
000007C1 2E 00 73 00        		.dw '.stabn 0x44,0,44,',0,0
         74 00 61 00
         62 00 6E 00
         20 00 30 00
         78 00 34 00
         34 00 2C 00
         30 00 2C 00
         34 00 34 00
         2C 00 00 00
         00 00      
000007D4 2B 00 00 00        		.dd LM16-_PlayYear
000007D6 0D 00 0A 00        		.dw 0x0d,0x0a
0000947B                    	.code
                            	LM16:
0000947B C5 92              		R1=[BP]	// QImode move
0000947C 0A 95 64 00        		R2=100	// QImode move
0000947E C8 D4              		[SP--]=R2	// QImode move
0000947F C8 D2              		[SP--]=R1	// QImode move
00009480 40 F0 F8 97        		call __modu1	// call with return value
00009482 42 00              		SP = SP + 2	//SP
00009483 C5 D2              		[BP]=R1	// QImode move
000007D8                    	.debug
000007D8 2E 00 73 00        		.dw '.stabn 0x44,0,45,',0,0
         74 00 61 00
         62 00 6E 00
         20 00 30 00
         78 00 34 00
         34 00 2C 00
         30 00 2C 00
         34 00 35 00
         2C 00 00 00
         00 00      
000007EB 34 00 00 00        		.dd LM17-_PlayYear
000007ED 0D 00 0A 00        		.dw 0x0d,0x0a
00009484                    	.code
                            	LM17:
00009484 C5 92              		R1=[BP]	// QImode move
00009485 4A 94              		R2=10	// QImode move
00009486 C8 D4              		[SP--]=R2	// QImode move
00009487 C8 D2              		[SP--]=R1	// QImode move
00009488 40 F0 98 97        		call __divu1	// call with return value
0000948A 42 00              		SP = SP + 2	//SP
0000948B C8 D2              		[SP--]=R1	// QImode move
0000948C 40 F0 CC 97        		call _PlaySnd	// call without return value
0000948E 41 00              		SP = SP + 1	//SP
000007EF                    	.debug
000007EF 2E 00 73 00        		.dw '.stabn 0x44,0,46,',0,0
         74 00 61 00
         62 00 6E 00
         20 00 30 00
         78 00 34 00
         34 00 2C 00
         30 00 2C 00
         34 00 36 00
         2C 00 00 00
         00 00      
00000802 3F 00 00 00        		.dd LM18-_PlayYear
00000804 0D 00 0A 00        		.dw 0x0d,0x0a
0000948F                    	.code
                            	LM18:
0000948F C5 92              		R1=[BP]	// QImode move
00009490 4A 94              		R2=10	// QImode move
00009491 C8 D4              		[SP--]=R2	// QImode move
00009492 C8 D2              		[SP--]=R1	// QImode move
00009493 40 F0 F8 97        		call __modu1	// call with return value
00009495 42 00              		SP = SP + 2	//SP
00009496 C5 D2              		[BP]=R1	// QImode move
00000806                    	.debug
00000806 2E 00 73 00        		.dw '.stabn 0x44,0,47,',0,0
         74 00 61 00
         62 00 6E 00
         20 00 30 00
         78 00 34 00
         34 00 2C 00
         30 00 2C 00
         34 00 37 00
         2C 00 00 00
         00 00      
00000819 47 00 00 00        		.dd LM19-_PlayYear
0000081B 0D 00 0A 00        		.dw 0x0d,0x0a
00009497                    	.code
                            	LM19:
00009497 C5 92              		R1=[BP]	// QImode move
00009498 C8 D2              		[SP--]=R1	// QImode move
00009499 40 F0 CC 97        		call _PlaySnd	// call without return value
0000949B 41 00              		SP = SP + 1	//SP
0000081D                    	.debug
0000081D 2E 00 73 00        		.dw '.stabn 0x44,0,48,',0,0
         74 00 61 00
         62 00 6E 00
         20 00 30 00
         78 00 34 00
         34 00 2C 00
         30 00 2C 00
         34 00 38 00
         2C 00 00 00
         00 00      
00000830 4C 00 00 00        		.dd LM20-_PlayYear
00000832 0D 00 0A 00        		.dw 0x0d,0x0a
0000949C                    	.code
                            	LM20:
0000949C 54 92              		R1=20	// QImode move
0000949D C8 D2              		[SP--]=R1	// QImode move
0000949E 40 F0 CC 97        		call _PlaySnd	// call without return value
000094A0 41 00              		SP = SP + 1	//SP
00000834                    	.debug
00000834 2E 00 73 00        		.dw '.stabn 0x44,0,49,',0,0
         74 00 61 00
         62 00 6E 00
         20 00 30 00
         78 00 34 00
         34 00 2C 00
         30 00 2C 00
         34 00 39 00
         2C 00 00 00
         00 00      
00000847 51 00 00 00        		.dd LM21-_PlayYear
00000849 0D 00 0A 00        		.dw 0x0d,0x0a
000094A1                    	.code
                            	LM21:
                            	LBE3:
0000084B                    	.debug
0000084B 2E 00 73 00        		.dw '.stabn 0x44,0,49,',0,0
         74 00 61 00
         62 00 6E 00
         20 00 30 00
         78 00 34 00
         34 00 2C 00
         30 00 2C 00
         34 00 39 00
         2C 00 00 00
         00 00      
0000085E 51 00 00 00        		.dd LM22-_PlayYear
00000860 0D 00 0A 00        		.dw 0x0d,0x0a
000094A1                    	.code
                            	LM22:
                            	L12:
                            	
000094A1 42 00              		sp+=2
000094A2 88 98              		pop bp from [sp]
000094A3 90 9A              		retf
                            		.endp	// end of PlayYear
                            	
00000862                    	.debug
00000862 2E 00 73 00        		.dw '.stabs "Year:p4",160,0,0,5',0x0d,0x0a
         74 00 61 00
         62 00 73 00
         20 00 22 00
         59 00 65 00
         61 00 72 00
         3A 00 70 00
         34 00 22 00
         2C 00 31 00
         36 00 30 00
         2C 00 30 00
         2C 00 30 00
         2C 00 35 00
         0D 00 0A 00
000094A4                    	.CODE
0000087E                    	.debug
0000087E 2E 00 73 00        		.dw '.stabn 0xc0,0,0,',0,0
         74 00 61 00
         62 00 6E 00
         20 00 30 00
         78 00 63 00
         30 00 2C 00
         30 00 2C 00
         30 00 2C 00
         00 00 00 00
00000890 07 00 00 00        		.dd LBB3-_PlayYear
00000892 0D 00 0A 00        		.dw 0x0d,0x0a
000094A4                    	.code
00000894                    	.debug
00000894 2E 00 73 00        		.dw '.stabs "TempYear:4",128,0,0,0',0x0d,0x0a
         74 00 61 00
         62 00 73 00
         20 00 22 00
         54 00 65 00
         6D 00 70 00
         59 00 65 00
         61 00 72 00
         3A 00 34 00
         22 00 2C 00
         31 00 32 00
         38 00 2C 00
         30 00 2C 00
         30 00 2C 00
         30 00 0D 00
         0A 00      
000094A4                    	.CODE
000008B3                    	.debug
000008B3 2E 00 73 00        		.dw '.stabn 0xe0,0,0,',0,0
         74 00 61 00
         62 00 6E 00
         20 00 30 00
         78 00 65 00
         30 00 2C 00
         30 00 2C 00
         30 00 2C 00
         00 00 00 00
000008C5 51 00 00 00        		.dd LBE3-_PlayYear
000008C7 0D 00 0A 00        		.dw 0x0d,0x0a
000094A4                    	.code
000008C9                    	.debug
000008C9 2E 00 73 00        		.dw '.stabf ',0,0
         74 00 61 00
         62 00 66 00
         20 00 00 00
         00 00      
000008D2 54 00 00 00        		.dd LME2-_PlayYear
000008D4 0D 00 0A 00        		.dw 0x0d,0x0a
000094A4                    	.code
                            	LME2:
000094A4                    	.code
000008D6                    	.debug
000008D6 2E 00 73 00        		.dw '.stabs "PlayMon:F19",36,0,0,',0,0,offset _PlayMon,seg _PlayMon,0x0d,0x0a
         74 00 61 00
         62 00 73 00
         20 00 22 00
         50 00 6C 00
         61 00 79 00
         4D 00 6F 00
         6E 00 3A 00
         46 00 31 00
         39 00 22 00
         2C 00 33 00
         36 00 2C 00
         30 00 2C 00
         30 00 2C 00
         00 00 00 00
         99 00 00 00
         0D 00 0A 00
000094A4                    	.CODE
                            	.public _PlayMon
                            	_PlayMon:	.proc
000008F8                    	.debug
000008F8 2E 00 73 00        		.dw '.stabn 0x44,0,58,',0,0
         74 00 61 00
         62 00 6E 00
         20 00 30 00
         78 00 34 00
         34 00 2C 00
         30 00 2C 00
         35 00 38 00
         2C 00 00 00
         00 00      
0000090B 00 00 00 00        		.dd LM23-_PlayMon
0000090D 0D 00 0A 00        		.dw 0x0d,0x0a
000094A4                    	.code
                            	LM23:
                            		// total=1, vars=1
                            		// frame_pointer_needed: 1
000094A4 88 DA              		push bp to [sp]
000094A5 41 20              		sp-=1
000094A6 08 0B 01 00        		bp=sp+1
                            	
000094A8 0D 03 04 00        		R1=BP+4
000094AA C5 D2              		[BP]=R1	// QImode move
0000090F                    	.debug
0000090F 2E 00 73 00        		.dw '.stabn 0x44,0,59,',0,0
         74 00 61 00
         62 00 6E 00
         20 00 30 00
         78 00 34 00
         34 00 2C 00
         30 00 2C 00
         35 00 39 00
         2C 00 00 00
         00 00      
00000922 07 00 00 00        		.dd LM24-_PlayMon
00000924 0D 00 0A 00        		.dw 0x0d,0x0a
000094AB                    	.code
                            	LM24:
000094AB C5 94              		R2=[BP]	// QImode move
000094AC C2 92              		R1=[R2]	// QImode move
000094AD C8 D2              		[SP--]=R1	// QImode move
000094AE 40 F0 CC 97        		call _PlaySnd	// call without return value
000094B0 41 00              		SP = SP + 1	//SP
00000926                    	.debug
00000926 2E 00 73 00        		.dw '.stabn 0x44,0,60,',0,0
         74 00 61 00
         62 00 6E 00
         20 00 30 00
         78 00 34 00
         34 00 2C 00
         30 00 2C 00
         36 00 30 00
         2C 00 00 00
         00 00      
00000939 0D 00 00 00        		.dd LM25-_PlayMon
0000093B 0D 00 0A 00        		.dw 0x0d,0x0a
000094B1                    	.code
                            	LM25:
000094B1 55 92              		R1=21	// QImode move
000094B2 C8 D2              		[SP--]=R1	// QImode move
000094B3 40 F0 CC 97        		call _PlaySnd	// call without return value
000094B5 41 00              		SP = SP + 1	//SP
0000093D                    	.debug
0000093D 2E 00 73 00        		.dw '.stabn 0x44,0,61,',0,0
         74 00 61 00
         62 00 6E 00
         20 00 30 00
         78 00 34 00
         34 00 2C 00
         30 00 2C 00
         36 00 31 00
         2C 00 00 00
         00 00      
00000950 12 00 00 00        		.dd LM26-_PlayMon
00000952 0D 00 0A 00        		.dw 0x0d,0x0a
000094B6                    	.code
                            	LM26:
00000954                    	.debug
00000954 2E 00 73 00        		.dw '.stabn 0x44,0,61,',0,0
         74 00 61 00
         62 00 6E 00
         20 00 30 00
         78 00 34 00
         34 00 2C 00
         30 00 2C 00
         36 00 31 00
         2C 00 00 00
         00 00      
00000967 12 00 00 00        		.dd LM27-_PlayMon
00000969 0D 00 0A 00        		.dw 0x0d,0x0a
000094B6                    	.code
                            	LM27:
                            	L13:
                            	
000094B6 41 00              		sp+=1
000094B7 88 98              		pop bp from [sp]
000094B8 90 9A              		retf
                            		.endp	// end of PlayMon
                            	
0000096B                    	.debug
0000096B 2E 00 73 00        		.dw '.stabs "Mon:p4",160,0,0,4',0x0d,0x0a
         74 00 61 00
         62 00 73 00
         20 00 22 00
         4D 00 6F 00
         6E 00 3A 00
         70 00 34 00
         22 00 2C 00
         31 00 36 00
         30 00 2C 00
         30 00 2C 00
         30 00 2C 00
         34 00 0D 00
         0A 00      
000094B9                    	.CODE
00000986                    	.debug
00000986 2E 00 73 00        		.dw '.stabf ',0,0
         74 00 61 00
         62 00 66 00
         20 00 00 00
         00 00      
0000098F 15 00 00 00        		.dd LME3-_PlayMon
00000991 0D 00 0A 00        		.dw 0x0d,0x0a
000094B9                    	.code
                            	LME3:
000094B9                    	.code
00000993                    	.debug
00000993 2E 00 73 00        		.dw '.stabs "PlayDay:F19",36,0,0,',0,0,offset _PlayDay,seg _PlayDay,0x0d,0x0a
         74 00 61 00
         62 00 73 00
         20 00 22 00
         50 00 6C 00
         61 00 79 00
         44 00 61 00
         79 00 3A 00
         46 00 31 00
         39 00 22 00
         2C 00 33 00
         36 00 2C 00
         30 00 2C 00
         30 00 2C 00
         00 00 00 00
         AE 00 00 00
         0D 00 0A 00
000094B9                    	.CODE
                            	.public _PlayDay
                            	_PlayDay:	.proc
000009B5                    	.debug
000009B5 2E 00 73 00        		.dw '.stabn 0x44,0,70,',0,0
         74 00 61 00
         62 00 6E 00
         20 00 30 00
         78 00 34 00
         34 00 2C 00
         30 00 2C 00
         37 00 30 00
         2C 00 00 00
         00 00      
000009C8 00 00 00 00        		.dd LM28-_PlayDay
000009CA 0D 00 0A 00        		.dw 0x0d,0x0a
000094B9                    	.code
                            	LM28:
                            		// total=1, vars=1
                            		// frame_pointer_needed: 1
000094B9 88 DA              		push bp to [sp]
000094BA 41 20              		sp-=1
000094BB 08 0B 01 00        		bp=sp+1
                            	
000094BD 0D 03 04 00        		R1=BP+4
000094BF C5 D2              		[BP]=R1	// QImode move
000009CC                    	.debug
000009CC 2E 00 73 00        		.dw '.stabn 0x44,0,71,',0,0
         74 00 61 00
         62 00 6E 00
         20 00 30 00
         78 00 34 00
         34 00 2C 00
         30 00 2C 00
         37 00 31 00
         2C 00 00 00
         00 00      
000009DF 07 00 00 00        		.dd LM29-_PlayDay
000009E1 0D 00 0A 00        		.dw 0x0d,0x0a
000094C0                    	.code
                            	LM29:
000094C0 C5 94              		R2=[BP]	// QImode move
000094C1 C2 92              		R1=[R2]	// QImode move
000094C2 C8 D2              		[SP--]=R1	// QImode move
000094C3 40 F0 0B 94        		call _PlayNum	// call without return value
000094C5 41 00              		SP = SP + 1	//SP
000009E3                    	.debug
000009E3 2E 00 73 00        		.dw '.stabn 0x44,0,72,',0,0
         74 00 61 00
         62 00 6E 00
         20 00 30 00
         78 00 34 00
         34 00 2C 00
         30 00 2C 00
         37 00 32 00
         2C 00 00 00
         00 00      
000009F6 0D 00 00 00        		.dd LM30-_PlayDay
000009F8 0D 00 0A 00        		.dw 0x0d,0x0a
000094C6                    	.code
                            	LM30:
000094C6 56 92              		R1=22	// QImode move
000094C7 C8 D2              		[SP--]=R1	// QImode move
000094C8 40 F0 CC 97        		call _PlaySnd	// call without return value
000094CA 41 00              		SP = SP + 1	//SP
000009FA                    	.debug
000009FA 2E 00 73 00        		.dw '.stabn 0x44,0,73,',0,0
         74 00 61 00
         62 00 6E 00
         20 00 30 00
         78 00 34 00
         34 00 2C 00
         30 00 2C 00
         37 00 33 00
         2C 00 00 00
         00 00      
00000A0D 12 00 00 00        		.dd LM31-_PlayDay
00000A0F 0D 00 0A 00        		.dw 0x0d,0x0a
000094CB                    	.code
                            	LM31:
00000A11                    	.debug
00000A11 2E 00 73 00        		.dw '.stabn 0x44,0,73,',0,0
         74 00 61 00
         62 00 6E 00
         20 00 30 00
         78 00 34 00
         34 00 2C 00
         30 00 2C 00
         37 00 33 00
         2C 00 00 00
         00 00      
00000A24 12 00 00 00        		.dd LM32-_PlayDay
00000A26 0D 00 0A 00        		.dw 0x0d,0x0a
000094CB                    	.code
                            	LM32:
                            	L14:
                            	
000094CB 41 00              		sp+=1
000094CC 88 98              		pop bp from [sp]
000094CD 90 9A              		retf
                            		.endp	// end of PlayDay
                            	
00000A28                    	.debug
00000A28 2E 00 73 00        		.dw '.stabs "Day:p4",160,0,0,4',0x0d,0x0a
         74 00 61 00
         62 00 73 00
         20 00 22 00
         44 00 61 00
         79 00 3A 00
         70 00 34 00
         22 00 2C 00
         31 00 36 00
         30 00 2C 00
         30 00 2C 00
         30 00 2C 00
         34 00 0D 00
         0A 00      
000094CE                    	.CODE
00000A43                    	.debug
00000A43 2E 00 73 00        		.dw '.stabf ',0,0
         74 00 61 00
         62 00 66 00
         20 00 00 00
         00 00      
00000A4C 15 00 00 00        		.dd LME4-_PlayDay
00000A4E 0D 00 0A 00        		.dw 0x0d,0x0a
000094CE                    	.code
                            	LME4:
000094CE                    	.code
00000A50                    	.debug
00000A50 2E 00 73 00        		.dw '.stabs "PlayHour:F19",36,0,0,',0,0,offset _PlayHour,seg _PlayHour,0x0d,0x0a
         74 00 61 00
         62 00 73 00
         20 00 22 00
         50 00 6C 00
         61 00 79 00
         48 00 6F 00
         75 00 72 00
         3A 00 46 00
         31 00 39 00
         22 00 2C 00
         33 00 36 00
         2C 00 30 00
         2C 00 30 00
         2C 00 00 00
         00 00 C3 00
         00 00 0D 00
         0A 00      
000094CE                    	.CODE
                            	.public _PlayHour
                            	_PlayHour:	.proc
00000A73                    	.debug
00000A73 2E 00 73 00        		.dw '.stabn 0x44,0,82,',0,0
         74 00 61 00
         62 00 6E 00
         20 00 30 00
         78 00 34 00
         34 00 2C 00
         30 00 2C 00
         38 00 32 00
         2C 00 00 00
         00 00      
00000A86 00 00 00 00        		.dd LM33-_PlayHour
00000A88 0D 00 0A 00        		.dw 0x0d,0x0a
000094CE                    	.code
                            	LM33:
                            		// total=1, vars=1
                            		// frame_pointer_needed: 1
000094CE 88 DA              		push bp to [sp]
000094CF 41 20              		sp-=1
000094D0 08 0B 01 00        		bp=sp+1
                            	
000094D2 0D 03 04 00        		R1=BP+4
000094D4 C5 D2              		[BP]=R1	// QImode move
00000A8A                    	.debug
00000A8A 2E 00 73 00        		.dw '.stabn 0x44,0,83,',0,0
         74 00 61 00
         62 00 6E 00
         20 00 30 00
         78 00 34 00
         34 00 2C 00
         30 00 2C 00
         38 00 33 00
         2C 00 00 00
         00 00      
00000A9D 07 00 00 00        		.dd LM34-_PlayHour
00000A9F 0D 00 0A 00        		.dw 0x0d,0x0a
000094D5                    	.code
                            	LM34:
000094D5 C5 94              		R2=[BP]	// QImode move
000094D6 C2 92              		R1=[R2]	// QImode move
000094D7 45 42              		CMP R1,5	// QImode compare
000094D8 09 9E 01 EE        		NSJA L16	//QImode GTU
         00 EE      
000094DB 50 92              		R1=16	// QImode move
000094DC C8 D2              		[SP--]=R1	// QImode move
000094DD 40 F0 CC 97        		call _PlaySnd	// call without return value
000094DF 41 00              		SP = SP + 1	//SP
000094E0 0F 9F 01 95        		pc=L17	// Indirect jump
                            	L16:
00000AA1                    	.debug
00000AA1 2E 00 73 00        		.dw '.stabn 0x44,0,84,',0,0
         74 00 61 00
         62 00 6E 00
         20 00 30 00
         78 00 34 00
         34 00 2C 00
         30 00 2C 00
         38 00 34 00
         2C 00 00 00
         00 00      
00000AB4 14 00 00 00        		.dd LM35-_PlayHour
00000AB6 0D 00 0A 00        		.dw 0x0d,0x0a
000094E2                    	.code
                            	LM35:
000094E2 C5 94              		R2=[BP]	// QImode move
000094E3 C2 92              		R1=[R2]	// QImode move
000094E4 4B 42              		CMP R1,11	// QImode compare
000094E5 09 9E 01 EE        		NSJA L18	//QImode GTU
         00 EE      
000094E8 51 92              		R1=17	// QImode move
000094E9 C8 D2              		[SP--]=R1	// QImode move
000094EA 40 F0 CC 97        		call _PlaySnd	// call without return value
000094EC 41 00              		SP = SP + 1	//SP
000094ED 0F 9F 01 95        		pc=L17	// Indirect jump
                            	L18:
00000AB8                    	.debug
00000AB8 2E 00 73 00        		.dw '.stabn 0x44,0,85,',0,0
         74 00 61 00
         62 00 6E 00
         20 00 30 00
         78 00 34 00
         34 00 2C 00
         30 00 2C 00
         38 00 35 00
         2C 00 00 00
         00 00      
00000ACB 21 00 00 00        		.dd LM36-_PlayHour
00000ACD 0D 00 0A 00        		.dw 0x0d,0x0a
000094EF                    	.code
                            	LM36:
000094EF C5 94              		R2=[BP]	// QImode move
000094F0 C2 92              		R1=[R2]	// QImode move
000094F1 51 42              		CMP R1,17	// QImode compare
000094F2 09 9E 01 EE        		NSJA L20	//QImode GTU
         00 EE      
000094F5 52 92              		R1=18	// QImode move
000094F6 C8 D2              		[SP--]=R1	// QImode move
000094F7 40 F0 CC 97        		call _PlaySnd	// call without return value
000094F9 41 00              		SP = SP + 1	//SP
000094FA 0F 9F 01 95        		pc=L17	// Indirect jump
                            	L20:
00000ACF                    	.debug
00000ACF 2E 00 73 00        		.dw '.stabn 0x44,0,86,',0,0
         74 00 61 00
         62 00 6E 00
         20 00 30 00
         78 00 34 00
         34 00 2C 00
         30 00 2C 00
         38 00 36 00
         2C 00 00 00
         00 00      
00000AE2 2E 00 00 00        		.dd LM37-_PlayHour
00000AE4 0D 00 0A 00        		.dw 0x0d,0x0a
000094FC                    	.code
                            	LM37:
000094FC 53 92              		R1=19	// QImode move
000094FD C8 D2              		[SP--]=R1	// QImode move
000094FE 40 F0 CC 97        		call _PlaySnd	// call without return value
00009500 41 00              		SP = SP + 1	//SP
                            	L21:
                            	L19:
                            	L17:
00000AE6                    	.debug
00000AE6 2E 00 73 00        		.dw '.stabn 0x44,0,88,',0,0
         74 00 61 00
         62 00 6E 00
         20 00 30 00
         78 00 34 00
         34 00 2C 00
         30 00 2C 00
         38 00 38 00
         2C 00 00 00
         00 00      
00000AF9 33 00 00 00        		.dd LM38-_PlayHour
00000AFB 0D 00 0A 00        		.dw 0x0d,0x0a
00009501                    	.code
                            	LM38:
00009501 C5 94              		R2=[BP]	// QImode move
00009502 C2 92              		R1=[R2]	// QImode move
00009503 42 42              		CMP R1,2	// QImode compare
00009504 0A 5E 01 EE        		NSJZ L23	//QImode EQ
         00 EE      
00009507 C5 94              		R2=[BP]	// QImode move
00009508 C2 92              		R1=[R2]	// QImode move
00009509 4E 42              		CMP R1,14	// QImode compare
0000950A 04 5E 01 EE        		NSJZ L23	//QImode EQ
         00 EE      
0000950D 0F 9F 16 95        		pc=L22	// Indirect jump
                            	L23:
0000950F 4D 92              		R1=13	// QImode move
00009510 C8 D2              		[SP--]=R1	// QImode move
00009511 40 F0 CC 97        		call _PlaySnd	// call without return value
00009513 41 00              		SP = SP + 1	//SP
00009514 0F 9F 2C 95        		pc=L24	// Indirect jump
                            	L22:
00000AFD                    	.debug
00000AFD 2E 00 73 00        		.dw '.stabn 0x44,0,89,',0,0
         74 00 61 00
         62 00 6E 00
         20 00 30 00
         78 00 34 00
         34 00 2C 00
         30 00 2C 00
         38 00 39 00
         2C 00 00 00
         00 00      
00000B10 48 00 00 00        		.dd LM39-_PlayHour
00000B12 0D 00 0A 00        		.dw 0x0d,0x0a
00009516                    	.code
                            	LM39:
00009516 C5 94              		R2=[BP]	// QImode move
00009517 C2 92              		R1=[R2]	// QImode move
00009518 4C 42              		CMP R1,12	// QImode compare
00009519 0C 8E 01 EE        		NSJNA L25	//QImode LEU
         00 EE      
0000951C C5 92              		R1=[BP]	// QImode move
0000951D C1 94              		R2=[R1]	// QImode move
0000951E 0A 03 F4 FF        		R1=R2+(-12)
00009520 C8 D2              		[SP--]=R1	// QImode move
00009521 40 F0 CC 97        		call _PlaySnd	// call without return value
00009523 41 00              		SP = SP + 1	//SP
00009524 0F 9F 2C 95        		pc=L24	// Indirect jump
                            	L25:
00000B14                    	.debug
00000B14 2E 00 73 00        		.dw '.stabn 0x44,0,90,',0,0
         74 00 61 00
         62 00 6E 00
         20 00 30 00
         78 00 34 00
         34 00 2C 00
         30 00 2C 00
         39 00 30 00
         2C 00 00 00
         00 00      
00000B27 58 00 00 00        		.dd LM40-_PlayHour
00000B29 0D 00 0A 00        		.dw 0x0d,0x0a
00009526                    	.code
                            	LM40:
00009526 C5 94              		R2=[BP]	// QImode move
00009527 C2 92              		R1=[R2]	// QImode move
00009528 C8 D2              		[SP--]=R1	// QImode move
00009529 40 F0 CC 97        		call _PlaySnd	// call without return value
0000952B 41 00              		SP = SP + 1	//SP
                            	L26:
                            	L24:
00000B2B                    	.debug
00000B2B 2E 00 73 00        		.dw '.stabn 0x44,0,91,',0,0
         74 00 61 00
         62 00 6E 00
         20 00 30 00
         78 00 34 00
         34 00 2C 00
         30 00 2C 00
         39 00 31 00
         2C 00 00 00
         00 00      
00000B3E 5E 00 00 00        		.dd LM41-_PlayHour
00000B40 0D 00 0A 00        		.dw 0x0d,0x0a
0000952C                    	.code
                            	LM41:
0000952C 57 92              		R1=23	// QImode move
0000952D C8 D2              		[SP--]=R1	// QImode move
0000952E 40 F0 CC 97        		call _PlaySnd	// call without return value
00009530 41 00              		SP = SP + 1	//SP
00000B42                    	.debug
00000B42 2E 00 73 00        		.dw '.stabn 0x44,0,92,',0,0
         74 00 61 00
         62 00 6E 00
         20 00 30 00
         78 00 34 00
         34 00 2C 00
         30 00 2C 00
         39 00 32 00
         2C 00 00 00
         00 00      
00000B55 63 00 00 00        		.dd LM42-_PlayHour
00000B57 0D 00 0A 00        		.dw 0x0d,0x0a
00009531                    	.code
                            	LM42:
00000B59                    	.debug
00000B59 2E 00 73 00        		.dw '.stabn 0x44,0,92,',0,0
         74 00 61 00
         62 00 6E 00
         20 00 30 00
         78 00 34 00
         34 00 2C 00
         30 00 2C 00
         39 00 32 00
         2C 00 00 00
         00 00      
00000B6C 63 00 00 00        		.dd LM43-_PlayHour
00000B6E 0D 00 0A 00        		.dw 0x0d,0x0a
00009531                    	.code
                            	LM43:
                            	L15:
                            	
00009531 41 00              		sp+=1
00009532 88 98              		pop bp from [sp]
00009533 90 9A              		retf
                            		.endp	// end of PlayHour
                            	
00000B70                    	.debug
00000B70 2E 00 73 00        		.dw '.stabs "Hour:p4",160,0,0,4',0x0d,0x0a
         74 00 61 00
         62 00 73 00
         20 00 22 00
         48 00 6F 00
         75 00 72 00
         3A 00 70 00
         34 00 22 00
         2C 00 31 00
         36 00 30 00
         2C 00 30 00
         2C 00 30 00
         2C 00 34 00
         0D 00 0A 00
00009534                    	.CODE
00000B8C                    	.debug
00000B8C 2E 00 73 00        		.dw '.stabf ',0,0
         74 00 61 00
         62 00 66 00
         20 00 00 00
         00 00      
00000B95 66 00 00 00        		.dd LME5-_PlayHour
00000B97 0D 00 0A 00        		.dw 0x0d,0x0a
00009534                    	.code
                            	LME5:
00009534                    	.code
00000B99                    	.debug
00000B99 2E 00 73 00        		.dw '.stabs "PlayMin:F19",36,0,0,',0,0,offset _PlayMin,seg _PlayMin,0x0d,0x0a
         74 00 61 00
         62 00 73 00
         20 00 22 00
         50 00 6C 00
         61 00 79 00
         4D 00 69 00
         6E 00 3A 00
         46 00 31 00
         39 00 22 00
         2C 00 33 00
         36 00 2C 00
         30 00 2C 00
         30 00 2C 00
         00 00 00 00
         29 01 00 00
         0D 00 0A 00
00009534                    	.CODE
                            	.public _PlayMin
                            	_PlayMin:	.proc
00000BBB                    	.debug
00000BBB 2E 00 73 00        		.dw '.stabn 0x44,0,101,',0,0
         74 00 61 00
         62 00 6E 00
         20 00 30 00
         78 00 34 00
         34 00 2C 00
         30 00 2C 00
         31 00 30 00
         31 00 2C 00
         00 00 00 00
00000BCF 00 00 00 00        		.dd LM44-_PlayMin
00000BD1 0D 00 0A 00        		.dw 0x0d,0x0a
00009534                    	.code
                            	LM44:
                            		// total=1, vars=1
                            		// frame_pointer_needed: 1
00009534 88 DA              		push bp to [sp]
00009535 41 20              		sp-=1
00009536 08 0B 01 00        		bp=sp+1
                            	
00009538 0D 03 04 00        		R1=BP+4
0000953A C5 D2              		[BP]=R1	// QImode move
00000BD3                    	.debug
00000BD3 2E 00 73 00        		.dw '.stabn 0x44,0,102,',0,0
         74 00 61 00
         62 00 6E 00
         20 00 30 00
         78 00 34 00
         34 00 2C 00
         30 00 2C 00
         31 00 30 00
         32 00 2C 00
         00 00 00 00
00000BE7 07 00 00 00        		.dd LM45-_PlayMin
00000BE9 0D 00 0A 00        		.dw 0x0d,0x0a
0000953B                    	.code
                            	LM45:
0000953B C5 94              		R2=[BP]	// QImode move
0000953C C2 92              		R1=[R2]	// QImode move
0000953D 40 42              		CMP R1,0	// QImode test
0000953E 09 4E 01 EE        		NSJNZ L34	//QImode NE
         00 EE      
00009541 5A 92              		R1=26	// QImode move
00009542 C8 D2              		[SP--]=R1	// QImode move
00009543 40 F0 CC 97        		call _PlaySnd	// call without return value
00009545 41 00              		SP = SP + 1	//SP
00009546 0F 9F 53 95        		pc=L35	// Indirect jump
                            	L34:
00000BEB                    	.debug
00000BEB 2E 00 73 00        		.dw '.stabn 0x44,0,105,',0,0
         74 00 61 00
         62 00 6E 00
         20 00 30 00
         78 00 34 00
         34 00 2C 00
         30 00 2C 00
         31 00 30 00
         35 00 2C 00
         00 00 00 00
00000BFF 14 00 00 00        		.dd LM46-_PlayMin
00000C01 0D 00 0A 00        		.dw 0x0d,0x0a
00009548                    	.code
                            	LM46:
00009548 C5 94              		R2=[BP]	// QImode move
00009549 C2 92              		R1=[R2]	// QImode move
0000954A C8 D2              		[SP--]=R1	// QImode move
0000954B 40 F0 0B 94        		call _PlayNum	// call without return value
0000954D 41 00              		SP = SP + 1	//SP
00000C03                    	.debug
00000C03 2E 00 73 00        		.dw '.stabn 0x44,0,106,',0,0
         74 00 61 00
         62 00 6E 00
         20 00 30 00
         78 00 34 00
         34 00 2C 00
         30 00 2C 00
         31 00 30 00
         36 00 2C 00
         00 00 00 00
00000C17 1A 00 00 00        		.dd LM47-_PlayMin
00000C19 0D 00 0A 00        		.dw 0x0d,0x0a
0000954E                    	.code
                            	LM47:
0000954E 58 92              		R1=24	// QImode move
0000954F C8 D2              		[SP--]=R1	// QImode move
00009550 40 F0 CC 97        		call _PlaySnd	// call without return value
00009552 41 00              		SP = SP + 1	//SP
                            	L35:
00000C1B                    	.debug
00000C1B 2E 00 73 00        		.dw '.stabn 0x44,0,108,',0,0
         74 00 61 00
         62 00 6E 00
         20 00 30 00
         78 00 34 00
         34 00 2C 00
         30 00 2C 00
         31 00 30 00
         38 00 2C 00
         00 00 00 00
00000C2F 1F 00 00 00        		.dd LM48-_PlayMin
00000C31 0D 00 0A 00        		.dw 0x0d,0x0a
00009553                    	.code
                            	LM48:
00000C33                    	.debug
00000C33 2E 00 73 00        		.dw '.stabn 0x44,0,108,',0,0
         74 00 61 00
         62 00 6E 00
         20 00 30 00
         78 00 34 00
         34 00 2C 00
         30 00 2C 00
         31 00 30 00
         38 00 2C 00
         00 00 00 00
00000C47 1F 00 00 00        		.dd LM49-_PlayMin
00000C49 0D 00 0A 00        		.dw 0x0d,0x0a
00009553                    	.code
                            	LM49:
                            	L33:
                            	
00009553 41 00              		sp+=1
00009554 88 98              		pop bp from [sp]
00009555 90 9A              		retf
                            		.endp	// end of PlayMin
                            	
00000C4B                    	.debug
00000C4B 2E 00 73 00        		.dw '.stabs "Min:p4",160,0,0,4',0x0d,0x0a
         74 00 61 00
         62 00 73 00
         20 00 22 00
         4D 00 69 00
         6E 00 3A 00
         70 00 34 00
         22 00 2C 00
         31 00 36 00
         30 00 2C 00
         30 00 2C 00
         30 00 2C 00
         34 00 0D 00
         0A 00      
00009556                    	.CODE
00000C66                    	.debug
00000C66 2E 00 73 00        		.dw '.stabf ',0,0
         74 00 61 00
         62 00 66 00
         20 00 00 00
         00 00      
00000C6F 22 00 00 00        		.dd LME6-_PlayMin
00000C71 0D 00 0A 00        		.dw 0x0d,0x0a
00009556                    	.code
                            	LME6:
00009556                    	.code
00000C73                    	.debug
00000C73 2E 00 73 00        		.dw '.stabs "PlaySec:F19",36,0,0,',0,0,offset _PlaySec,seg _PlaySec,0x0d,0x0a
         74 00 61 00
         62 00 73 00
         20 00 22 00
         50 00 6C 00
         61 00 79 00
         53 00 65 00
         63 00 3A 00
         46 00 31 00
         39 00 22 00
         2C 00 33 00
         36 00 2C 00
         30 00 2C 00
         30 00 2C 00
         00 00 00 00
         4B 01 00 00
         0D 00 0A 00
00009556                    	.CODE
                            	.public _PlaySec
                            	_PlaySec:	.proc
00000C95                    	.debug
00000C95 2E 00 73 00        		.dw '.stabn 0x44,0,117,',0,0
         74 00 61 00
         62 00 6E 00
         20 00 30 00
         78 00 34 00
         34 00 2C 00
         30 00 2C 00
         31 00 31 00
         37 00 2C 00
         00 00 00 00
00000CA9 00 00 00 00        		.dd LM50-_PlaySec
00000CAB 0D 00 0A 00        		.dw 0x0d,0x0a
00009556                    	.code
                            	LM50:
                            		// total=1, vars=1
                            		// frame_pointer_needed: 1
00009556 88 DA              		push bp to [sp]
00009557 41 20              		sp-=1
00009558 08 0B 01 00        		bp=sp+1
                            	
0000955A 0D 03 04 00        		R1=BP+4
0000955C C5 D2              		[BP]=R1	// QImode move
00000CAD                    	.debug
00000CAD 2E 00 73 00        		.dw '.stabn 0x44,0,118,',0,0
         74 00 61 00
         62 00 6E 00
         20 00 30 00
         78 00 34 00
         34 00 2C 00
         30 00 2C 00
         31 00 31 00
         38 00 2C 00
         00 00 00 00
00000CC1 07 00 00 00        		.dd LM51-_PlaySec
00000CC3 0D 00 0A 00        		.dw 0x0d,0x0a
0000955D                    	.code
                            	LM51:
0000955D C5 94              		R2=[BP]	// QImode move
0000955E C2 92              		R1=[R2]	// QImode move
0000955F C8 D2              		[SP--]=R1	// QImode move
00009560 40 F0 0B 94        		call _PlayNum	// call without return value
00009562 41 00              		SP = SP + 1	//SP
00000CC5                    	.debug
00000CC5 2E 00 73 00        		.dw '.stabn 0x44,0,119,',0,0
         74 00 61 00
         62 00 6E 00
         20 00 30 00
         78 00 34 00
         34 00 2C 00
         30 00 2C 00
         31 00 31 00
         39 00 2C 00
         00 00 00 00
00000CD9 0D 00 00 00        		.dd LM52-_PlaySec
00000CDB 0D 00 0A 00        		.dw 0x0d,0x0a
00009563                    	.code
                            	LM52:
00009563 59 92              		R1=25	// QImode move
00009564 C8 D2              		[SP--]=R1	// QImode move
00009565 40 F0 CC 97        		call _PlaySnd	// call without return value
00009567 41 00              		SP = SP + 1	//SP
00000CDD                    	.debug
00000CDD 2E 00 73 00        		.dw '.stabn 0x44,0,120,',0,0
         74 00 61 00
         62 00 6E 00
         20 00 30 00
         78 00 34 00
         34 00 2C 00
         30 00 2C 00
         31 00 32 00
         30 00 2C 00
         00 00 00 00
00000CF1 12 00 00 00        		.dd LM53-_PlaySec
00000CF3 0D 00 0A 00        		.dw 0x0d,0x0a
00009568                    	.code
                            	LM53:
00000CF5                    	.debug
00000CF5 2E 00 73 00        		.dw '.stabn 0x44,0,120,',0,0
         74 00 61 00
         62 00 6E 00
         20 00 30 00
         78 00 34 00
         34 00 2C 00
         30 00 2C 00
         31 00 32 00
         30 00 2C 00
         00 00 00 00
00000D09 12 00 00 00        		.dd LM54-_PlaySec
00000D0B 0D 00 0A 00        		.dw 0x0d,0x0a
00009568                    	.code
                            	LM54:
                            	L37:
                            	
00009568 41 00              		sp+=1
00009569 88 98              		pop bp from [sp]
0000956A 90 9A              		retf
                            		.endp	// end of PlaySec
                            	
00000D0D                    	.debug
00000D0D 2E 00 73 00        		.dw '.stabs "Sec:p4",160,0,0,4',0x0d,0x0a
         74 00 61 00
         62 00 73 00
         20 00 22 00
         53 00 65 00
         63 00 3A 00
         70 00 34 00
         22 00 2C 00
         31 00 36 00
         30 00 2C 00
         30 00 2C 00
         30 00 2C 00
         34 00 0D 00
         0A 00      
0000956B                    	.CODE
00000D28                    	.debug
00000D28 2E 00 73 00        		.dw '.stabf ',0,0
         74 00 61 00
         62 00 66 00
         20 00 00 00
         00 00      
00000D31 15 00 00 00        		.dd LME7-_PlaySec
00000D33 0D 00 0A 00        		.dw 0x0d,0x0a
0000956B                    	.code
                            	LME7:
0000956B                    	.code
00000D35                    	.debug
00000D35 2E 00 73 00        		.dw '.stabs "PlayTime:F19",36,0,0,',0,0,offset _PlayTime,seg _PlayTime,0x0d,0x0a
         74 00 61 00
         62 00 73 00
         20 00 22 00
         50 00 6C 00
         61 00 79 00
         54 00 69 00
         6D 00 65 00
         3A 00 46 00
         31 00 39 00
         22 00 2C 00
         33 00 36 00
         2C 00 30 00
         2C 00 30 00
         2C 00 00 00
         00 00 60 01
         00 00 0D 00
         0A 00      
0000956B                    	.CODE
                            	.public _PlayTime
                            	_PlayTime:	.proc
00000D58                    	.debug
00000D58 2E 00 73 00        		.dw '.stabn 0x44,0,129,',0,0
         74 00 61 00
         62 00 6E 00
         20 00 30 00
         78 00 34 00
         34 00 2C 00
         30 00 2C 00
         31 00 32 00
         39 00 2C 00
         00 00 00 00
00000D6C 00 00 00 00        		.dd LM55-_PlayTime
00000D6E 0D 00 0A 00        		.dw 0x0d,0x0a
0000956B                    	.code
                            	LM55:
                            		// total=3, vars=3
                            		// frame_pointer_needed: 1
0000956B 88 DA              		push bp to [sp]
0000956C 43 20              		sp-=3
0000956D 08 0B 01 00        		bp=sp+1
                            	
0000956F 0D 03 06 00        		R1=BP+6
00009571 02 D2              		[bp+2]=R1	// QImode move
00000D70                    	.debug
00000D70 2E 00 73 00        		.dw '.stabn 0x44,0,130,',0,0
         74 00 61 00
         62 00 6E 00
         20 00 30 00
         78 00 34 00
         34 00 2C 00
         30 00 2C 00
         31 00 33 00
         30 00 2C 00
         00 00 00 00
00000D84 07 00 00 00        		.dd LM56-_PlayTime
00000D86 0D 00 0A 00        		.dw 0x0d,0x0a
00009572                    	.code
                            	LM56:
                            	LBB4:
00000D88                    	.debug
00000D88 2E 00 73 00        		.dw '.stabn 0x44,0,132,',0,0
         74 00 61 00
         62 00 6E 00
         20 00 30 00
         78 00 34 00
         34 00 2C 00
         30 00 2C 00
         31 00 33 00
         32 00 2C 00
         00 00 00 00
00000D9C 07 00 00 00        		.dd LM57-_PlayTime
00000D9E 0D 00 0A 00        		.dw 0x0d,0x0a
00009572                    	.code
                            	LM57:
00009572 40 F0 7A 96        		call _Clock_GetHour	// call with return value
00009574 C5 D2              		[BP]=R1	// QImode move
00000DA0                    	.debug
00000DA0 2E 00 73 00        		.dw '.stabn 0x44,0,133,',0,0
         74 00 61 00
         62 00 6E 00
         20 00 30 00
         78 00 34 00
         34 00 2C 00
         30 00 2C 00
         31 00 33 00
         33 00 2C 00
         00 00 00 00
00000DB4 0A 00 00 00        		.dd LM58-_PlayTime
00000DB6 0D 00 0A 00        		.dw 0x0d,0x0a
00009575                    	.code
                            	LM58:
00009575 40 F0 86 96        		call _Clock_GetMin	// call with return value
00009577 05 95              		R2=BP	// QImode move
00009578 0D 07 01 00        		R3=BP+1
0000957A 03 95              		R2=R3	// QImode move
0000957B C2 D2              		[R2]=R1	// QImode move
00000DB8                    	.debug
00000DB8 2E 00 73 00        		.dw '.stabn 0x44,0,135,',0,0
         74 00 61 00
         62 00 6E 00
         20 00 30 00
         78 00 34 00
         34 00 2C 00
         30 00 2C 00
         31 00 33 00
         35 00 2C 00
         00 00 00 00
00000DCC 11 00 00 00        		.dd LM59-_PlayTime
00000DCE 0D 00 0A 00        		.dw 0x0d,0x0a
0000957C                    	.code
                            	LM59:
0000957C 4E 92              		R1=14	// QImode move
0000957D C8 D2              		[SP--]=R1	// QImode move
0000957E 40 F0 CC 97        		call _PlaySnd	// call without return value
00009580 41 00              		SP = SP + 1	//SP
00000DD0                    	.debug
00000DD0 2E 00 73 00        		.dw '.stabn 0x44,0,136,',0,0
         74 00 61 00
         62 00 6E 00
         20 00 30 00
         78 00 34 00
         34 00 2C 00
         30 00 2C 00
         31 00 33 00
         36 00 2C 00
         00 00 00 00
00000DE4 16 00 00 00        		.dd LM60-_PlayTime
00000DE6 0D 00 0A 00        		.dw 0x0d,0x0a
00009581                    	.code
                            	LM60:
00009581 4F 92              		R1=15	// QImode move
00009582 C8 D2              		[SP--]=R1	// QImode move
00009583 40 F0 CC 97        		call _PlaySnd	// call without return value
00009585 41 00              		SP = SP + 1	//SP
00000DE8                    	.debug
00000DE8 2E 00 73 00        		.dw '.stabn 0x44,0,137,',0,0
         74 00 61 00
         62 00 6E 00
         20 00 30 00
         78 00 34 00
         34 00 2C 00
         30 00 2C 00
         31 00 33 00
         37 00 2C 00
         00 00 00 00
00000DFC 1B 00 00 00        		.dd LM61-_PlayTime
00000DFE 0D 00 0A 00        		.dw 0x0d,0x0a
00009586                    	.code
                            	LM61:
00009586 C5 92              		R1=[BP]	// QImode move
00009587 C8 D2              		[SP--]=R1	// QImode move
00009588 40 F0 CE 94        		call _PlayHour	// call without return value
0000958A 41 00              		SP = SP + 1	//SP
00000E00                    	.debug
00000E00 2E 00 73 00        		.dw '.stabn 0x44,0,138,',0,0
         74 00 61 00
         62 00 6E 00
         20 00 30 00
         78 00 34 00
         34 00 2C 00
         30 00 2C 00
         31 00 33 00
         38 00 2C 00
         00 00 00 00
00000E14 20 00 00 00        		.dd LM62-_PlayTime
00000E16 0D 00 0A 00        		.dw 0x0d,0x0a
0000958B                    	.code
                            	LM62:
0000958B 05 93              		R1=BP	// QImode move
0000958C 0D 05 01 00        		R2=BP+1
0000958E 02 97              		R3=R2	// QImode move
0000958F C3 92              		R1=[R3]	// QImode move
00009590 C8 D2              		[SP--]=R1	// QImode move
00009591 40 F0 34 95        		call _PlayMin	// call without return value
00009593 41 00              		SP = SP + 1	//SP
00000E18                    	.debug
00000E18 2E 00 73 00        		.dw '.stabn 0x44,0,139,',0,0
         74 00 61 00
         62 00 6E 00
         20 00 30 00
         78 00 34 00
         34 00 2C 00
         30 00 2C 00
         31 00 33 00
         39 00 2C 00
         00 00 00 00
00000E2C 29 00 00 00        		.dd LM63-_PlayTime
00000E2E 0D 00 0A 00        		.dw 0x0d,0x0a
00009594                    	.code
                            	LM63:
                            	LBE4:
00000E30                    	.debug
00000E30 2E 00 73 00        		.dw '.stabn 0x44,0,139,',0,0
         74 00 61 00
         62 00 6E 00
         20 00 30 00
         78 00 34 00
         34 00 2C 00
         30 00 2C 00
         31 00 33 00
         39 00 2C 00
         00 00 00 00
00000E44 29 00 00 00        		.dd LM64-_PlayTime
00000E46 0D 00 0A 00        		.dw 0x0d,0x0a
00009594                    	.code
                            	LM64:
                            	L38:
                            	
00009594 43 00              		sp+=3
00009595 88 98              		pop bp from [sp]
00009596 90 9A              		retf
                            		.endp	// end of PlayTime
                            	
00000E48                    	.debug
00000E48 2E 00 73 00        		.dw '.stabn 0xc0,0,0,',0,0
         74 00 61 00
         62 00 6E 00
         20 00 30 00
         78 00 63 00
         30 00 2C 00
         30 00 2C 00
         30 00 2C 00
         00 00 00 00
00000E5A 07 00 00 00        		.dd LBB4-_PlayTime
00000E5C 0D 00 0A 00        		.dw 0x0d,0x0a
00009597                    	.code
00000E5E                    	.debug
00000E5E 2E 00 73 00        		.dw '.stabs "TempHour:4",128,0,0,0',0x0d,0x0a
         74 00 61 00
         62 00 73 00
         20 00 22 00
         54 00 65 00
         6D 00 70 00
         48 00 6F 00
         75 00 72 00
         3A 00 34 00
         22 00 2C 00
         31 00 32 00
         38 00 2C 00
         30 00 2C 00
         30 00 2C 00
         30 00 0D 00
         0A 00      
00009597                    	.CODE
00000E7D                    	.debug
00000E7D 2E 00 73 00        		.dw '.stabs "TempMin:4",128,0,0,1',0x0d,0x0a
         74 00 61 00
         62 00 73 00
         20 00 22 00
         54 00 65 00
         6D 00 70 00
         4D 00 69 00
         6E 00 3A 00
         34 00 22 00
         2C 00 31 00
         32 00 38 00
         2C 00 30 00
         2C 00 30 00
         2C 00 31 00
         0D 00 0A 00
00009597                    	.CODE
00000E9B                    	.debug
00000E9B 2E 00 73 00        		.dw '.stabn 0xe0,0,0,',0,0
         74 00 61 00
         62 00 6E 00
         20 00 30 00
         78 00 65 00
         30 00 2C 00
         30 00 2C 00
         30 00 2C 00
         00 00 00 00
00000EAD 29 00 00 00        		.dd LBE4-_PlayTime
00000EAF 0D 00 0A 00        		.dw 0x0d,0x0a
00009597                    	.code
00000EB1                    	.debug
00000EB1 2E 00 73 00        		.dw '.stabf ',0,0
         74 00 61 00
         62 00 66 00
         20 00 00 00
         00 00      
00000EBA 2C 00 00 00        		.dd LME8-_PlayTime
00000EBC 0D 00 0A 00        		.dw 0x0d,0x0a
00009597                    	.code
                            	LME8:
00009597                    	.code
00000EBE                    	.debug
00000EBE 2E 00 73 00        		.dw '.stabs "PlayDate:F19",36,0,0,',0,0,offset _PlayDate,seg _PlayDate,0x0d,0x0a
         74 00 61 00
         62 00 73 00
         20 00 22 00
         50 00 6C 00
         61 00 79 00
         44 00 61 00
         74 00 65 00
         3A 00 46 00
         31 00 39 00
         22 00 2C 00
         33 00 36 00
         2C 00 30 00
         2C 00 30 00
         2C 00 00 00
         00 00 8C 01
         00 00 0D 00
         0A 00      
00009597                    	.CODE
                            	.public _PlayDate
                            	_PlayDate:	.proc
00000EE1                    	.debug
00000EE1 2E 00 73 00        		.dw '.stabn 0x44,0,148,',0,0
         74 00 61 00
         62 00 6E 00
         20 00 30 00
         78 00 34 00
         34 00 2C 00
         30 00 2C 00
         31 00 34 00
         38 00 2C 00
         00 00 00 00
00000EF5 00 00 00 00        		.dd LM65-_PlayDate
00000EF7 0D 00 0A 00        		.dw 0x0d,0x0a
00009597                    	.code
                            	LM65:
                            		// total=4, vars=4
                            		// frame_pointer_needed: 1
00009597 88 DA              		push bp to [sp]
00009598 44 20              		sp-=4
00009599 08 0B 01 00        		bp=sp+1
                            	
0000959B 0D 03 07 00        		R1=BP+7
0000959D 03 D2              		[bp+3]=R1	// QImode move
00000EF9                    	.debug
00000EF9 2E 00 73 00        		.dw '.stabn 0x44,0,149,',0,0
         74 00 61 00
         62 00 6E 00
         20 00 30 00
         78 00 34 00
         34 00 2C 00
         30 00 2C 00
         31 00 34 00
         39 00 2C 00
         00 00 00 00
00000F0D 07 00 00 00        		.dd LM66-_PlayDate
00000F0F 0D 00 0A 00        		.dw 0x0d,0x0a
0000959E                    	.code
                            	LM66:
                            	LBB5:
00000F11                    	.debug
00000F11 2E 00 73 00        		.dw '.stabn 0x44,0,151,',0,0
         74 00 61 00
         62 00 6E 00
         20 00 30 00
         78 00 34 00
         34 00 2C 00
         30 00 2C 00
         31 00 35 00
         31 00 2C 00
         00 00 00 00
00000F25 07 00 00 00        		.dd LM67-_PlayDate
00000F27 0D 00 0A 00        		.dw 0x0d,0x0a
0000959E                    	.code
                            	LM67:
0000959E 40 F0 56 96        		call _Clock_GetYear	// call with return value
000095A0 C5 D2              		[BP]=R1	// QImode move
00000F29                    	.debug
00000F29 2E 00 73 00        		.dw '.stabn 0x44,0,152,',0,0
         74 00 61 00
         62 00 6E 00
         20 00 30 00
         78 00 34 00
         34 00 2C 00
         30 00 2C 00
         31 00 35 00
         32 00 2C 00
         00 00 00 00
00000F3D 0A 00 00 00        		.dd LM68-_PlayDate
00000F3F 0D 00 0A 00        		.dw 0x0d,0x0a
000095A1                    	.code
                            	LM68:
000095A1 40 F0 62 96        		call _Clock_GetMon	// call with return value
000095A3 05 95              		R2=BP	// QImode move
000095A4 0D 07 01 00        		R3=BP+1
000095A6 03 95              		R2=R3	// QImode move
000095A7 C2 D2              		[R2]=R1	// QImode move
00000F41                    	.debug
00000F41 2E 00 73 00        		.dw '.stabn 0x44,0,153,',0,0
         74 00 61 00
         62 00 6E 00
         20 00 30 00
         78 00 34 00
         34 00 2C 00
         30 00 2C 00
         31 00 35 00
         33 00 2C 00
         00 00 00 00
00000F55 11 00 00 00        		.dd LM69-_PlayDate
00000F57 0D 00 0A 00        		.dw 0x0d,0x0a
000095A8                    	.code
                            	LM69:
000095A8 40 F0 6E 96        		call _Clock_GetDay	// call with return value
000095AA 05 95              		R2=BP	// QImode move
000095AB 0D 07 02 00        		R3=BP+2
000095AD 03 95              		R2=R3	// QImode move
000095AE C2 D2              		[R2]=R1	// QImode move
00000F59                    	.debug
00000F59 2E 00 73 00        		.dw '.stabn 0x44,0,155,',0,0
         74 00 61 00
         62 00 6E 00
         20 00 30 00
         78 00 34 00
         34 00 2C 00
         30 00 2C 00
         31 00 35 00
         35 00 2C 00
         00 00 00 00
00000F6D 18 00 00 00        		.dd LM70-_PlayDate
00000F6F 0D 00 0A 00        		.dw 0x0d,0x0a
000095AF                    	.code
                            	LM70:
000095AF C5 92              		R1=[BP]	// QImode move
000095B0 C8 D2              		[SP--]=R1	// QImode move
000095B1 40 F0 50 94        		call _PlayYear	// call without return value
000095B3 41 00              		SP = SP + 1	//SP
00000F71                    	.debug
00000F71 2E 00 73 00        		.dw '.stabn 0x44,0,156,',0,0
         74 00 61 00
         62 00 6E 00
         20 00 30 00
         78 00 34 00
         34 00 2C 00
         30 00 2C 00
         31 00 35 00
         36 00 2C 00
         00 00 00 00
00000F85 1D 00 00 00        		.dd LM71-_PlayDate
00000F87 0D 00 0A 00        		.dw 0x0d,0x0a
000095B4                    	.code
                            	LM71:
000095B4 05 93              		R1=BP	// QImode move
000095B5 0D 05 01 00        		R2=BP+1
000095B7 02 97              		R3=R2	// QImode move
000095B8 C3 92              		R1=[R3]	// QImode move
000095B9 C8 D2              		[SP--]=R1	// QImode move
000095BA 40 F0 A4 94        		call _PlayMon	// call without return value
000095BC 41 00              		SP = SP + 1	//SP
00000F89                    	.debug
00000F89 2E 00 73 00        		.dw '.stabn 0x44,0,157,',0,0
         74 00 61 00
         62 00 6E 00
         20 00 30 00
         78 00 34 00
         34 00 2C 00
         30 00 2C 00
         31 00 35 00
         37 00 2C 00
         00 00 00 00
00000F9D 26 00 00 00        		.dd LM72-_PlayDate
00000F9F 0D 00 0A 00        		.dw 0x0d,0x0a
000095BD                    	.code
                            	LM72:
000095BD 05 93              		R1=BP	// QImode move
000095BE 0D 05 02 00        		R2=BP+2
000095C0 02 97              		R3=R2	// QImode move
000095C1 C3 92              		R1=[R3]	// QImode move
000095C2 C8 D2              		[SP--]=R1	// QImode move
000095C3 40 F0 B9 94        		call _PlayDay	// call without return value
000095C5 41 00              		SP = SP + 1	//SP
00000FA1                    	.debug
00000FA1 2E 00 73 00        		.dw '.stabn 0x44,0,158,',0,0
         74 00 61 00
         62 00 6E 00
         20 00 30 00
         78 00 34 00
         34 00 2C 00
         30 00 2C 00
         31 00 35 00
         38 00 2C 00
         00 00 00 00
00000FB5 2F 00 00 00        		.dd LM73-_PlayDate
00000FB7 0D 00 0A 00        		.dw 0x0d,0x0a
000095C6                    	.code
                            	LM73:
                            	LBE5:
00000FB9                    	.debug
00000FB9 2E 00 73 00        		.dw '.stabn 0x44,0,158,',0,0
         74 00 61 00
         62 00 6E 00
         20 00 30 00
         78 00 34 00
         34 00 2C 00
         30 00 2C 00
         31 00 35 00
         38 00 2C 00
         00 00 00 00
00000FCD 2F 00 00 00        		.dd LM74-_PlayDate
00000FCF 0D 00 0A 00        		.dw 0x0d,0x0a
000095C6                    	.code
                            	LM74:
                            	L39:
                            	
000095C6 44 00              		sp+=4
000095C7 88 98              		pop bp from [sp]
000095C8 90 9A              		retf
                            		.endp	// end of PlayDate
                            	
00000FD1                    	.debug
00000FD1 2E 00 73 00        		.dw '.stabn 0xc0,0,0,',0,0
         74 00 61 00
         62 00 6E 00
         20 00 30 00
         78 00 63 00
         30 00 2C 00
         30 00 2C 00
         30 00 2C 00
         00 00 00 00
00000FE3 07 00 00 00        		.dd LBB5-_PlayDate
00000FE5 0D 00 0A 00        		.dw 0x0d,0x0a
000095C9                    	.code
00000FE7                    	.debug
00000FE7 2E 00 73 00        		.dw '.stabs "TempYear:4",128,0,0,0',0x0d,0x0a
         74 00 61 00
         62 00 73 00
         20 00 22 00
         54 00 65 00
         6D 00 70 00
         59 00 65 00
         61 00 72 00
         3A 00 34 00
         22 00 2C 00
         31 00 32 00
         38 00 2C 00
         30 00 2C 00
         30 00 2C 00
         30 00 0D 00
         0A 00      
000095C9                    	.CODE
00001006                    	.debug
00001006 2E 00 73 00        		.dw '.stabs "TempMon:4",128,0,0,1',0x0d,0x0a
         74 00 61 00
         62 00 73 00
         20 00 22 00
         54 00 65 00
         6D 00 70 00
         4D 00 6F 00
         6E 00 3A 00
         34 00 22 00
         2C 00 31 00
         32 00 38 00
         2C 00 30 00
         2C 00 30 00
         2C 00 31 00
         0D 00 0A 00
000095C9                    	.CODE
00001024                    	.debug
00001024 2E 00 73 00        		.dw '.stabs "TempDay:4",128,0,0,2',0x0d,0x0a
         74 00 61 00
         62 00 73 00
         20 00 22 00
         54 00 65 00
         6D 00 70 00
         44 00 61 00
         79 00 3A 00
         34 00 22 00
         2C 00 31 00
         32 00 38 00
         2C 00 30 00
         2C 00 30 00
         2C 00 32 00
         0D 00 0A 00
000095C9                    	.CODE
00001042                    	.debug
00001042 2E 00 73 00        		.dw '.stabn 0xe0,0,0,',0,0
         74 00 61 00
         62 00 6E 00
         20 00 30 00
         78 00 65 00
         30 00 2C 00
         30 00 2C 00
         30 00 2C 00
         00 00 00 00
00001054 2F 00 00 00        		.dd LBE5-_PlayDate
00001056 0D 00 0A 00        		.dw 0x0d,0x0a
000095C9                    	.code
00001058                    	.debug
00001058 2E 00 73 00        		.dw '.stabf ',0,0
         74 00 61 00
         62 00 66 00
         20 00 00 00
         00 00      
00001061 32 00 00 00        		.dd LME9-_PlayDate
00001063 0D 00 0A 00        		.dw 0x0d,0x0a
000095C9                    	.code
                            	LME9:
                            	.external _Clock_GetDay
                            	.external _Clock_GetMon
                            	.external _Clock_GetYear
                            	.external _Clock_GetMin
                            	.external _Clock_GetHour
                            	.external _PlaySnd
                            	.external __modu1
                            	.external __divu1
                            		.end
0 error(s), 0 warning(s).


