Sunplus u'nSP Assembler - Ver. 1.14.3.1
              Listing File Has Been Relocated
                            	// GCC for SUNPLUS u'nSP version 1.0.21-3
                            	// Command: C:\PROGRA~1\Sunplus\UNSPID~1.0\cc1.exe C:\DOCUME~1\ADMINI~1\LOCALS~1\Temp\cc6Paaaa.i -fkeep-inline-functions -quiet -dumpbase main.c -mglobal-var-iram -gstabs -Wall -o .\Debug/main.asm
                            		.external __sn_func_ptr_sec
                            	
                            	// gcc2_compiled.:
                            	
00000000                    	.debug
00000000 2E 00 73 00        		.dw '.stabs "F:/myproject/lingyang/sound/",0x64,0,3,',0,0,offset Ltext0,seg Ltext0,0x0d,0x0a
         74 00 61 00
         62 00 73 00
         20 00 22 00
         46 00 3A 00
         2F 00 6D 00
         79 00 70 00
         72 00 6F 00
         6A 00 65 00
         63 00 74 00
         2F 00 6C 00
         69 00 6E 00
         67 00 79 00
         61 00 6E 00
         67 00 2F 00
         73 00 6F 00
         75 00 6E 00
         64 00 2F 00
         22 00 2C 00
         30 00 78 00
         36 00 34 00
         2C 00 30 00
         2C 00 33 00
         2C 00 00 00
         00 00 00 00
         00 00 0D 00
         0A 00      
00009746                    	.code
00000035                    	.debug
00000035 2E 00 73 00        		.dw '.stabs "F:/myproject/lingyang/sound/main.c",0x64,0,3,',0,0,offset Ltext0,seg Ltext0,0x0d,0x0a
         74 00 61 00
         62 00 73 00
         20 00 22 00
         46 00 3A 00
         2F 00 6D 00
         79 00 70 00
         72 00 6F 00
         6A 00 65 00
         63 00 74 00
         2F 00 6C 00
         69 00 6E 00
         67 00 79 00
         61 00 6E 00
         67 00 2F 00
         73 00 6F 00
         75 00 6E 00
         64 00 2F 00
         6D 00 61 00
         69 00 6E 00
         2E 00 63 00
         22 00 2C 00
         30 00 78 00
         36 00 34 00
         2C 00 30 00
         2C 00 33 00
         2C 00 00 00
         00 00 00 00
         00 00 0D 00
         0A 00      
00009746                    	.code
00009746                    	.code
                            	Ltext0:
00000070                    	.debug
00000070 2E 00 73 00        		.dw '.stabs "int:t1=r1;-32768;32767;",128,0,0,0',0x0d,0x0a
         74 00 61 00
         62 00 73 00
         20 00 22 00
         69 00 6E 00
         74 00 3A 00
         74 00 31 00
         3D 00 72 00
         31 00 3B 00
         2D 00 33 00
         32 00 37 00
         36 00 38 00
         3B 00 33 00
         32 00 37 00
         36 00 37 00
         3B 00 22 00
         2C 00 31 00
         32 00 38 00
         2C 00 30 00
         2C 00 30 00
         2C 00 30 00
         0D 00 0A 00
00009746                    	.CODE
0000009C                    	.debug
0000009C 2E 00 73 00        		.dw '.stabs "char:t2=r2;0;127;",128,0,0,0',0x0d,0x0a
         74 00 61 00
         62 00 73 00
         20 00 22 00
         63 00 68 00
         61 00 72 00
         3A 00 74 00
         32 00 3D 00
         72 00 32 00
         3B 00 30 00
         3B 00 31 00
         32 00 37 00
         3B 00 22 00
         2C 00 31 00
         32 00 38 00
         2C 00 30 00
         2C 00 30 00
         2C 00 30 00
         0D 00 0A 00
00009746                    	.CODE
000000C2                    	.debug
000000C2 2E 00 73 00        		.dw '.stabs "long int:t3=r3;-2147483648;2147483647;",128,0,0,0',0x0d,0x0a
         74 00 61 00
         62 00 73 00
         20 00 22 00
         6C 00 6F 00
         6E 00 67 00
         20 00 69 00
         6E 00 74 00
         3A 00 74 00
         33 00 3D 00
         72 00 33 00
         3B 00 2D 00
         32 00 31 00
         34 00 37 00
         34 00 38 00
         33 00 36 00
         34 00 38 00
         3B 00 32 00
         31 00 34 00
         37 00 34 00
         38 00 33 00
         36 00 34 00
         37 00 3B 00
         22 00 2C 00
         31 00 32 00
         38 00 2C 00
         30 00 2C 00
         30 00 2C 00
         30 00 0D 00
         0A 00      
00009746                    	.CODE
000000FD                    	.debug
000000FD 2E 00 73 00        		.dw '.stabs "unsigned int:t4=r4;0;65535;",128,0,0,0',0x0d,0x0a
         74 00 61 00
         62 00 73 00
         20 00 22 00
         75 00 6E 00
         73 00 69 00
         67 00 6E 00
         65 00 64 00
         20 00 69 00
         6E 00 74 00
         3A 00 74 00
         34 00 3D 00
         72 00 34 00
         3B 00 30 00
         3B 00 36 00
         35 00 35 00
         33 00 35 00
         3B 00 22 00
         2C 00 31 00
         32 00 38 00
         2C 00 30 00
         2C 00 30 00
         2C 00 30 00
         0D 00 0A 00
00009746                    	.CODE
0000012D                    	.debug
0000012D 2E 00 73 00        		.dw '.stabs "long unsigned int:t5=r5;0;4294967295;",128,0,0,0',0x0d,0x0a
         74 00 61 00
         62 00 73 00
         20 00 22 00
         6C 00 6F 00
         6E 00 67 00
         20 00 75 00
         6E 00 73 00
         69 00 67 00
         6E 00 65 00
         64 00 20 00
         69 00 6E 00
         74 00 3A 00
         74 00 35 00
         3D 00 72 00
         35 00 3B 00
         30 00 3B 00
         34 00 32 00
         39 00 34 00
         39 00 36 00
         37 00 32 00
         39 00 35 00
         3B 00 22 00
         2C 00 31 00
         32 00 38 00
         2C 00 30 00
         2C 00 30 00
         2C 00 30 00
         0D 00 0A 00
00009746                    	.CODE
00000167                    	.debug
00000167 2E 00 73 00        		.dw '.stabs "long long int:t6=r6;-2147483648;2147483647;",128,0,0,0',0x0d,0x0a
         74 00 61 00
         62 00 73 00
         20 00 22 00
         6C 00 6F 00
         6E 00 67 00
         20 00 6C 00
         6F 00 6E 00
         67 00 20 00
         69 00 6E 00
         74 00 3A 00
         74 00 36 00
         3D 00 72 00
         36 00 3B 00
         2D 00 32 00
         31 00 34 00
         37 00 34 00
         38 00 33 00
         36 00 34 00
         38 00 3B 00
         32 00 31 00
         34 00 37 00
         34 00 38 00
         33 00 36 00
         34 00 37 00
         3B 00 22 00
         2C 00 31 00
         32 00 38 00
         2C 00 30 00
         2C 00 30 00
         2C 00 30 00
         0D 00 0A 00
00009746                    	.CODE
000001A7                    	.debug
000001A7 2E 00 73 00        		.dw '.stabs "long long unsigned int:t7=r7;0;4294967295;",128,0,0,0',0x0d,0x0a
         74 00 61 00
         62 00 73 00
         20 00 22 00
         6C 00 6F 00
         6E 00 67 00
         20 00 6C 00
         6F 00 6E 00
         67 00 20 00
         75 00 6E 00
         73 00 69 00
         67 00 6E 00
         65 00 64 00
         20 00 69 00
         6E 00 74 00
         3A 00 74 00
         37 00 3D 00
         72 00 37 00
         3B 00 30 00
         3B 00 34 00
         32 00 39 00
         34 00 39 00
         36 00 37 00
         32 00 39 00
         35 00 3B 00
         22 00 2C 00
         31 00 32 00
         38 00 2C 00
         30 00 2C 00
         30 00 2C 00
         30 00 0D 00
         0A 00      
00009746                    	.CODE
000001E6                    	.debug
000001E6 2E 00 73 00        		.dw '.stabs "short int:t8=r8;-32768;32767;",128,0,0,0',0x0d,0x0a
         74 00 61 00
         62 00 73 00
         20 00 22 00
         73 00 68 00
         6F 00 72 00
         74 00 20 00
         69 00 6E 00
         74 00 3A 00
         74 00 38 00
         3D 00 72 00
         38 00 3B 00
         2D 00 33 00
         32 00 37 00
         36 00 38 00
         3B 00 33 00
         32 00 37 00
         36 00 37 00
         3B 00 22 00
         2C 00 31 00
         32 00 38 00
         2C 00 30 00
         2C 00 30 00
         2C 00 30 00
         0D 00 0A 00
00009746                    	.CODE
00000218                    	.debug
00000218 2E 00 73 00        		.dw '.stabs "short unsigned int:t9=r9;0;65535;",128,0,0,0',0x0d,0x0a
         74 00 61 00
         62 00 73 00
         20 00 22 00
         73 00 68 00
         6F 00 72 00
         74 00 20 00
         75 00 6E 00
         73 00 69 00
         67 00 6E 00
         65 00 64 00
         20 00 69 00
         6E 00 74 00
         3A 00 74 00
         39 00 3D 00
         72 00 39 00
         3B 00 30 00
         3B 00 36 00
         35 00 35 00
         33 00 35 00
         3B 00 22 00
         2C 00 31 00
         32 00 38 00
         2C 00 30 00
         2C 00 30 00
         2C 00 30 00
         0D 00 0A 00
00009746                    	.CODE
0000024E                    	.debug
0000024E 2E 00 73 00        		.dw '.stabs "signed char:t10=r10;-32768;32767;",128,0,0,0',0x0d,0x0a
         74 00 61 00
         62 00 73 00
         20 00 22 00
         73 00 69 00
         67 00 6E 00
         65 00 64 00
         20 00 63 00
         68 00 61 00
         72 00 3A 00
         74 00 31 00
         30 00 3D 00
         72 00 31 00
         30 00 3B 00
         2D 00 33 00
         32 00 37 00
         36 00 38 00
         3B 00 33 00
         32 00 37 00
         36 00 37 00
         3B 00 22 00
         2C 00 31 00
         32 00 38 00
         2C 00 30 00
         2C 00 30 00
         2C 00 30 00
         0D 00 0A 00
00009746                    	.CODE
00000284                    	.debug
00000284 2E 00 73 00        		.dw '.stabs "unsigned char:t11=r11;0;65535;",128,0,0,0',0x0d,0x0a
         74 00 61 00
         62 00 73 00
         20 00 22 00
         75 00 6E 00
         73 00 69 00
         67 00 6E 00
         65 00 64 00
         20 00 63 00
         68 00 61 00
         72 00 3A 00
         74 00 31 00
         31 00 3D 00
         72 00 31 00
         31 00 3B 00
         30 00 3B 00
         36 00 35 00
         35 00 33 00
         35 00 3B 00
         22 00 2C 00
         31 00 32 00
         38 00 2C 00
         30 00 2C 00
         30 00 2C 00
         30 00 0D 00
         0A 00      
00009746                    	.CODE
000002B7                    	.debug
000002B7 2E 00 73 00        		.dw '.stabs "float:t12=r1;2;0;",128,0,0,0',0x0d,0x0a
         74 00 61 00
         62 00 73 00
         20 00 22 00
         66 00 6C 00
         6F 00 61 00
         74 00 3A 00
         74 00 31 00
         32 00 3D 00
         72 00 31 00
         3B 00 32 00
         3B 00 30 00
         3B 00 22 00
         2C 00 31 00
         32 00 38 00
         2C 00 30 00
         2C 00 30 00
         2C 00 30 00
         0D 00 0A 00
00009746                    	.CODE
000002DD                    	.debug
000002DD 2E 00 73 00        		.dw '.stabs "double:t13=r1;2;0;",128,0,0,0',0x0d,0x0a
         74 00 61 00
         62 00 73 00
         20 00 22 00
         64 00 6F 00
         75 00 62 00
         6C 00 65 00
         3A 00 74 00
         31 00 33 00
         3D 00 72 00
         31 00 3B 00
         32 00 3B 00
         30 00 3B 00
         22 00 2C 00
         31 00 32 00
         38 00 2C 00
         30 00 2C 00
         30 00 2C 00
         30 00 0D 00
         0A 00      
00009746                    	.CODE
00000304                    	.debug
00000304 2E 00 73 00        		.dw '.stabs "long double:t14=r1;2;0;",128,0,0,0',0x0d,0x0a
         74 00 61 00
         62 00 73 00
         20 00 22 00
         6C 00 6F 00
         6E 00 67 00
         20 00 64 00
         6F 00 75 00
         62 00 6C 00
         65 00 3A 00
         74 00 31 00
         34 00 3D 00
         72 00 31 00
         3B 00 32 00
         3B 00 30 00
         3B 00 22 00
         2C 00 31 00
         32 00 38 00
         2C 00 30 00
         2C 00 30 00
         2C 00 30 00
         0D 00 0A 00
00009746                    	.CODE
00000330                    	.debug
00000330 2E 00 73 00        		.dw '.stabs "complex int:t15=s2real:1,0,16;imag:1,16,16;;",128,0,0,0',0x0d,0x0a
         74 00 61 00
         62 00 73 00
         20 00 22 00
         63 00 6F 00
         6D 00 70 00
         6C 00 65 00
         78 00 20 00
         69 00 6E 00
         74 00 3A 00
         74 00 31 00
         35 00 3D 00
         73 00 32 00
         72 00 65 00
         61 00 6C 00
         3A 00 31 00
         2C 00 30 00
         2C 00 31 00
         36 00 3B 00
         69 00 6D 00
         61 00 67 00
         3A 00 31 00
         2C 00 31 00
         36 00 2C 00
         31 00 36 00
         3B 00 3B 00
         22 00 2C 00
         31 00 32 00
         38 00 2C 00
         30 00 2C 00
         30 00 2C 00
         30 00 0D 00
         0A 00      
00009746                    	.CODE
00000371                    	.debug
00000371 2E 00 73 00        		.dw '.stabs "complex float:t16=r16;2;0;",128,0,0,0',0x0d,0x0a
         74 00 61 00
         62 00 73 00
         20 00 22 00
         63 00 6F 00
         6D 00 70 00
         6C 00 65 00
         78 00 20 00
         66 00 6C 00
         6F 00 61 00
         74 00 3A 00
         74 00 31 00
         36 00 3D 00
         72 00 31 00
         36 00 3B 00
         32 00 3B 00
         30 00 3B 00
         22 00 2C 00
         31 00 32 00
         38 00 2C 00
         30 00 2C 00
         30 00 2C 00
         30 00 0D 00
         0A 00      
00009746                    	.CODE
000003A0                    	.debug
000003A0 2E 00 73 00        		.dw '.stabs "complex double:t17=r17;2;0;",128,0,0,0',0x0d,0x0a
         74 00 61 00
         62 00 73 00
         20 00 22 00
         63 00 6F 00
         6D 00 70 00
         6C 00 65 00
         78 00 20 00
         64 00 6F 00
         75 00 62 00
         6C 00 65 00
         3A 00 74 00
         31 00 37 00
         3D 00 72 00
         31 00 37 00
         3B 00 32 00
         3B 00 30 00
         3B 00 22 00
         2C 00 31 00
         32 00 38 00
         2C 00 30 00
         2C 00 30 00
         2C 00 30 00
         0D 00 0A 00
00009746                    	.CODE
000003D0                    	.debug
000003D0 2E 00 73 00        		.dw '.stabs "complex long double:t18=r18;2;0;",128,0,0,0',0x0d,0x0a
         74 00 61 00
         62 00 73 00
         20 00 22 00
         63 00 6F 00
         6D 00 70 00
         6C 00 65 00
         78 00 20 00
         6C 00 6F 00
         6E 00 67 00
         20 00 64 00
         6F 00 75 00
         62 00 6C 00
         65 00 3A 00
         74 00 31 00
         38 00 3D 00
         72 00 31 00
         38 00 3B 00
         32 00 3B 00
         30 00 3B 00
         22 00 2C 00
         31 00 32 00
         38 00 2C 00
         30 00 2C 00
         30 00 2C 00
         30 00 0D 00
         0A 00      
00009746                    	.CODE
00000405                    	.debug
00000405 2E 00 73 00        		.dw '.stabs "void:t19=19",128,0,0,0',0x0d,0x0a
         74 00 61 00
         62 00 73 00
         20 00 22 00
         76 00 6F 00
         69 00 64 00
         3A 00 74 00
         31 00 39 00
         3D 00 31 00
         39 00 22 00
         2C 00 31 00
         32 00 38 00
         2C 00 30 00
         2C 00 30 00
         2C 00 30 00
         0D 00 0A 00
00009746                    	.CODE
00000425                    	.debug
00000425 2E 00 73 00        		.dw '.stabs "SndIndex:T20=eS_0:0,S_1:1,S_2:2,\\",128,0,0,0',0x0d,0x0a
         74 00 61 00
         62 00 73 00
         20 00 22 00
         53 00 6E 00
         64 00 49 00
         6E 00 64 00
         65 00 78 00
         3A 00 54 00
         32 00 30 00
         3D 00 65 00
         53 00 5F 00
         30 00 3A 00
         30 00 2C 00
         53 00 5F 00
         31 00 3A 00
         31 00 2C 00
         53 00 5F 00
         32 00 3A 00
         32 00 2C 00
         5C 00 5C 00
         22 00 2C 00
         31 00 32 00
         38 00 2C 00
         30 00 2C 00
         30 00 2C 00
         30 00 0D 00
         0A 00      
0000045C 2E 00 73 00        		.DW '.stabs "S_3:3,S_4:4,S_5:5,S_6:6,\\",128,0,0,0',0x0d,0x0a
         74 00 61 00
         62 00 73 00
         20 00 22 00
         53 00 5F 00
         33 00 3A 00
         33 00 2C 00
         53 00 5F 00
         34 00 3A 00
         34 00 2C 00
         53 00 5F 00
         35 00 3A 00
         35 00 2C 00
         53 00 5F 00
         36 00 3A 00
         36 00 2C 00
         5C 00 5C 00
         22 00 2C 00
         31 00 32 00
         38 00 2C 00
         30 00 2C 00
         30 00 2C 00
         30 00 0D 00
         0A 00      
0000048B 2E 00 73 00        		.DW '.stabs "S_7:7,S_8:8,S_9:9,S_10:10,\\",128,0,0,0',0x0d,0x0a
         74 00 61 00
         62 00 73 00
         20 00 22 00
         53 00 5F 00
         37 00 3A 00
         37 00 2C 00
         53 00 5F 00
         38 00 3A 00
         38 00 2C 00
         53 00 5F 00
         39 00 3A 00
         39 00 2C 00
         53 00 5F 00
         31 00 30 00
         3A 00 31 00
         30 00 2C 00
         5C 00 5C 00
         22 00 2C 00
         31 00 32 00
         38 00 2C 00
         30 00 2C 00
         30 00 2C 00
         30 00 0D 00
         0A 00      
000004BC 2E 00 73 00        		.DW '.stabs "S_11:11,S_12:12,S_Liang:13,S_DING:14,\\",128,0,0,0',0x0d,0x0a
         74 00 61 00
         62 00 73 00
         20 00 22 00
         53 00 5F 00
         31 00 31 00
         3A 00 31 00
         31 00 2C 00
         53 00 5F 00
         31 00 32 00
         3A 00 31 00
         32 00 2C 00
         53 00 5F 00
         4C 00 69 00
         61 00 6E 00
         67 00 3A 00
         31 00 33 00
         2C 00 53 00
         5F 00 44 00
         49 00 4E 00
         47 00 3A 00
         31 00 34 00
         2C 00 5C 00
         5C 00 22 00
         2C 00 31 00
         32 00 38 00
         2C 00 30 00
         2C 00 30 00
         2C 00 30 00
         0D 00 0A 00
000004F8 2E 00 73 00        		.DW '.stabs "S_XZSK:15,S_LC:16,S_SW:17,S_XW:18,\\",128,0,0,0',0x0d,0x0a
         74 00 61 00
         62 00 73 00
         20 00 22 00
         53 00 5F 00
         58 00 5A 00
         53 00 4B 00
         3A 00 31 00
         35 00 2C 00
         53 00 5F 00
         4C 00 43 00
         3A 00 31 00
         36 00 2C 00
         53 00 5F 00
         53 00 57 00
         3A 00 31 00
         37 00 2C 00
         53 00 5F 00
         58 00 57 00
         3A 00 31 00
         38 00 2C 00
         5C 00 5C 00
         22 00 2C 00
         31 00 32 00
         38 00 2C 00
         30 00 2C 00
         30 00 2C 00
         30 00 0D 00
         0A 00      
00000531 2E 00 73 00        		.DW '.stabs "S_WS:19,S_Nian:20,S_Yue:21,S_Ri:22,\\",128,0,0,0',0x0d,0x0a
         74 00 61 00
         62 00 73 00
         20 00 22 00
         53 00 5F 00
         57 00 53 00
         3A 00 31 00
         39 00 2C 00
         53 00 5F 00
         4E 00 69 00
         61 00 6E 00
         3A 00 32 00
         30 00 2C 00
         53 00 5F 00
         59 00 75 00
         65 00 3A 00
         32 00 31 00
         2C 00 53 00
         5F 00 52 00
         69 00 3A 00
         32 00 32 00
         2C 00 5C 00
         5C 00 22 00
         2C 00 31 00
         32 00 38 00
         2C 00 30 00
         2C 00 30 00
         2C 00 30 00
         0D 00 0A 00
0000056B 2E 00 73 00        		.DW '.stabs "S_Dian:23,S_Fen:24,S_Miao:25,S_Zheng:26,;",128,0,0,0',0x0d,0x0a
         74 00 61 00
         62 00 73 00
         20 00 22 00
         53 00 5F 00
         44 00 69 00
         61 00 6E 00
         3A 00 32 00
         33 00 2C 00
         53 00 5F 00
         46 00 65 00
         6E 00 3A 00
         32 00 34 00
         2C 00 53 00
         5F 00 4D 00
         69 00 61 00
         6F 00 3A 00
         32 00 35 00
         2C 00 53 00
         5F 00 5A 00
         68 00 65 00
         6E 00 67 00
         3A 00 32 00
         36 00 2C 00
         3B 00 22 00
         2C 00 31 00
         32 00 38 00
         2C 00 30 00
         2C 00 30 00
         2C 00 30 00
         0D 00 0A 00
00009746                    	.CODE
00009746                    	.code
000005A9                    	.debug
000005A9 2E 00 73 00        		.dw '.stabs "main:F1",36,0,0,',0,0,offset _main,seg _main,0x0d,0x0a
         74 00 61 00
         62 00 73 00
         20 00 22 00
         6D 00 61 00
         69 00 6E 00
         3A 00 46 00
         31 00 22 00
         2C 00 33 00
         36 00 2C 00
         30 00 2C 00
         30 00 2C 00
         00 00 00 00
         00 00 00 00
         0D 00 0A 00
00009746                    	.CODE
                            	.public _main
                            	_main:	.proc
000005C7                    	.debug
000005C7 2E 00 73 00        		.dw '.stabn 0x44,0,46,',0,0
         74 00 61 00
         62 00 6E 00
         20 00 30 00
         78 00 34 00
         34 00 2C 00
         30 00 2C 00
         34 00 36 00
         2C 00 00 00
         00 00      
000005DA 00 00 00 00        		.dd LM1-_main
000005DC 0D 00 0A 00        		.dw 0x0d,0x0a
00009746                    	.code
                            	LM1:
                            		// total=3, vars=3
                            		// frame_pointer_needed: 1
00009746 88 DA              		push bp to [sp]
00009747 43 20              		sp-=3
00009748 08 0B 01 00        		bp=sp+1
                            	
0000974A 0D 03 06 00        		R1=BP+6
0000974C 02 D2              		[bp+2]=R1	// QImode move
000005DE                    	.debug
000005DE 2E 00 73 00        		.dw '.stabn 0x44,0,47,',0,0
         74 00 61 00
         62 00 6E 00
         20 00 30 00
         78 00 34 00
         34 00 2C 00
         30 00 2C 00
         34 00 37 00
         2C 00 00 00
         00 00      
000005F1 07 00 00 00        		.dd LM2-_main
000005F3 0D 00 0A 00        		.dw 0x0d,0x0a
0000974D                    	.code
                            	LM2:
                            	LBB2:
000005F5                    	.debug
000005F5 2E 00 73 00        		.dw '.stabn 0x44,0,48,',0,0
         74 00 61 00
         62 00 6E 00
         20 00 30 00
         78 00 34 00
         34 00 2C 00
         30 00 2C 00
         34 00 38 00
         2C 00 00 00
         00 00      
00000608 07 00 00 00        		.dd LM3-_main
0000060A 0D 00 0A 00        		.dw 0x0d,0x0a
0000974D                    	.code
                            	LM3:
0000974D 05 93              		R1=BP	// QImode move
0000974E 0D 05 01 00        		R2=BP+1
00009750 40 92              		R1=0	// QImode move
00009751 02 97              		R3=R2	// QImode move
00009752 C3 D2              		[R3]=R1	// QImode move
0000060C                    	.debug
0000060C 2E 00 73 00        		.dw '.stabn 0x44,0,50,',0,0
         74 00 61 00
         62 00 6E 00
         20 00 30 00
         78 00 34 00
         34 00 2C 00
         30 00 2C 00
         35 00 30 00
         2C 00 00 00
         00 00      
0000061F 0D 00 00 00        		.dd LM4-_main
00000621 0D 00 0A 00        		.dw 0x0d,0x0a
00009753                    	.code
                            	LM4:
00009753 40 F0 E6 96        		call _Key_Init	// call without return value
00000623                    	.debug
00000623 2E 00 73 00        		.dw '.stabn 0x44,0,51,',0,0
         74 00 61 00
         62 00 6E 00
         20 00 30 00
         78 00 34 00
         34 00 2C 00
         30 00 2C 00
         35 00 31 00
         2C 00 00 00
         00 00      
00000636 0F 00 00 00        		.dd LM5-_main
00000638 0D 00 0A 00        		.dw 0x0d,0x0a
00009755                    	.code
                            	LM5:
00009755 40 F0 48 96        		call _Clock_Start	// call without return value
0000063A                    	.debug
0000063A 2E 00 73 00        		.dw '.stabn 0x44,0,53,',0,0
         74 00 61 00
         62 00 6E 00
         20 00 30 00
         78 00 34 00
         34 00 2C 00
         30 00 2C 00
         35 00 33 00
         2C 00 00 00
         00 00      
0000064D 11 00 00 00        		.dd LM6-_main
0000064F 0D 00 0A 00        		.dw 0x0d,0x0a
00009757                    	.code
                            	LM6:
                            	L3:
00009757 0F 9F 5B 97        		pc=L5	// Indirect jump
00009759 0F 9F 95 97        		pc=L4	// Indirect jump
                            	L5:
00000651                    	.debug
00000651 2E 00 73 00        		.dw '.stabn 0x44,0,55,',0,0
         74 00 61 00
         62 00 6E 00
         20 00 30 00
         78 00 34 00
         34 00 2C 00
         30 00 2C 00
         35 00 35 00
         2C 00 00 00
         00 00      
00000664 15 00 00 00        		.dd LM7-_main
00000666 0D 00 0A 00        		.dw 0x0d,0x0a
0000975B                    	.code
                            	LM7:
0000975B 40 F0 28 97        		call _Key_Get	// call with return value
0000975D C5 D2              		[BP]=R1	// QImode move
00000668                    	.debug
00000668 2E 00 73 00        		.dw '.stabn 0x44,0,56,',0,0
         74 00 61 00
         62 00 6E 00
         20 00 30 00
         78 00 34 00
         34 00 2C 00
         30 00 2C 00
         35 00 36 00
         2C 00 00 00
         00 00      
0000067B 18 00 00 00        		.dd LM8-_main
0000067D 0D 00 0A 00        		.dw 0x0d,0x0a
0000975E                    	.code
                            	LM8:
0000975E C5 92              		R1=[BP]	// QImode move
0000975F 41 42              		CMP R1,1	// QImode compare
00009760 09 5E 01 EE        		NSJZ L7	//QImode EQ
         00 EE      
00009763 09 43 01 80        		CMP R1,(-32767)	// QImode compare
00009765 21 5E 01 EE        		NSJZ L10	//QImode EQ
         00 EE      
00009768 0F 9F 8B 97        		pc=L11	// Indirect jump
                            	L7:
0000067F                    	.debug
0000067F 2E 00 73 00        		.dw '.stabn 0x44,0,59,',0,0
         74 00 61 00
         62 00 6E 00
         20 00 30 00
         78 00 34 00
         34 00 2C 00
         30 00 2C 00
         35 00 39 00
         2C 00 00 00
         00 00      
00000692 24 00 00 00        		.dd LM9-_main
00000694 0D 00 0A 00        		.dw 0x0d,0x0a
0000976A                    	.code
                            	LM9:
0000976A 05 93              		R1=BP	// QImode move
0000976B 0D 05 01 00        		R2=BP+1
0000976D 02 97              		R3=R2	// QImode move
0000976E C3 92              		R1=[R3]	// QImode move
0000976F 40 42              		CMP R1,0	// QImode test
00009770 0C 4E 01 EE        		NSJNZ L8	//QImode NE
         00 EE      
00000696                    	.debug
00000696 2E 00 73 00        		.dw '.stabn 0x44,0,61,',0,0
         74 00 61 00
         62 00 6E 00
         20 00 30 00
         78 00 34 00
         34 00 2C 00
         30 00 2C 00
         36 00 31 00
         2C 00 00 00
         00 00      
000006A9 2D 00 00 00        		.dd LM10-_main
000006AB 0D 00 0A 00        		.dw 0x0d,0x0a
00009773                    	.code
                            	LM10:
00009773 40 F0 97 95        		call _PlayDate	// call without return value
000006AD                    	.debug
000006AD 2E 00 73 00        		.dw '.stabn 0x44,0,62,',0,0
         74 00 61 00
         62 00 6E 00
         20 00 30 00
         78 00 34 00
         34 00 2C 00
         30 00 2C 00
         36 00 32 00
         2C 00 00 00
         00 00      
000006C0 2F 00 00 00        		.dd LM11-_main
000006C2 0D 00 0A 00        		.dw 0x0d,0x0a
00009775                    	.code
                            	LM11:
00009775 05 93              		R1=BP	// QImode move
00009776 0D 05 01 00        		R2=BP+1
00009778 41 92              		R1=1	// QImode move
00009779 02 97              		R3=R2	// QImode move
0000977A C3 D2              		[R3]=R1	// QImode move
000006C4                    	.debug
000006C4 2E 00 73 00        		.dw '.stabn 0x44,0,63,',0,0
         74 00 61 00
         62 00 6E 00
         20 00 30 00
         78 00 34 00
         34 00 2C 00
         30 00 2C 00
         36 00 33 00
         2C 00 00 00
         00 00      
000006D7 35 00 00 00        		.dd LM12-_main
000006D9 0D 00 0A 00        		.dw 0x0d,0x0a
0000977B                    	.code
                            	LM12:
0000977B 0F 9F 85 97        		pc=L9	// Indirect jump
                            	L8:
000006DB                    	.debug
000006DB 2E 00 73 00        		.dw '.stabn 0x44,0,66,',0,0
         74 00 61 00
         62 00 6E 00
         20 00 30 00
         78 00 34 00
         34 00 2C 00
         30 00 2C 00
         36 00 36 00
         2C 00 00 00
         00 00      
000006EE 37 00 00 00        		.dd LM13-_main
000006F0 0D 00 0A 00        		.dw 0x0d,0x0a
0000977D                    	.code
                            	LM13:
0000977D 40 F0 6B 95        		call _PlayTime	// call without return value
000006F2                    	.debug
000006F2 2E 00 73 00        		.dw '.stabn 0x44,0,67,',0,0
         74 00 61 00
         62 00 6E 00
         20 00 30 00
         78 00 34 00
         34 00 2C 00
         30 00 2C 00
         36 00 37 00
         2C 00 00 00
         00 00      
00000705 39 00 00 00        		.dd LM14-_main
00000707 0D 00 0A 00        		.dw 0x0d,0x0a
0000977F                    	.code
                            	LM14:
0000977F 05 93              		R1=BP	// QImode move
00009780 0D 05 01 00        		R2=BP+1
00009782 40 92              		R1=0	// QImode move
00009783 02 97              		R3=R2	// QImode move
00009784 C3 D2              		[R3]=R1	// QImode move
                            	L9:
00000709                    	.debug
00000709 2E 00 73 00        		.dw '.stabn 0x44,0,69,',0,0
         74 00 61 00
         62 00 6E 00
         20 00 30 00
         78 00 34 00
         34 00 2C 00
         30 00 2C 00
         36 00 39 00
         2C 00 00 00
         00 00      
0000071C 3F 00 00 00        		.dd LM15-_main
0000071E 0D 00 0A 00        		.dw 0x0d,0x0a
00009785                    	.code
                            	LM15:
00009785 0F 9F 8D 97        		pc=L6	// Indirect jump
                            	L10:
00000720                    	.debug
00000720 2E 00 73 00        		.dw '.stabn 0x44,0,71,',0,0
         74 00 61 00
         62 00 6E 00
         20 00 30 00
         78 00 34 00
         34 00 2C 00
         30 00 2C 00
         37 00 31 00
         2C 00 00 00
         00 00      
00000733 41 00 00 00        		.dd LM16-_main
00000735 0D 00 0A 00        		.dw 0x0d,0x0a
00009787                    	.code
                            	LM16:
00009787 40 F0 7E 91        		call _Adjust	// call without return value
00000737                    	.debug
00000737 2E 00 73 00        		.dw '.stabn 0x44,0,72,',0,0
         74 00 61 00
         62 00 6E 00
         20 00 30 00
         78 00 34 00
         34 00 2C 00
         30 00 2C 00
         37 00 32 00
         2C 00 00 00
         00 00      
0000074A 43 00 00 00        		.dd LM17-_main
0000074C 0D 00 0A 00        		.dw 0x0d,0x0a
00009789                    	.code
                            	LM17:
00009789 0F 9F 8D 97        		pc=L6	// Indirect jump
                            	L11:
0000074E                    	.debug
0000074E 2E 00 73 00        		.dw '.stabn 0x44,0,74,',0,0
         74 00 61 00
         62 00 6E 00
         20 00 30 00
         78 00 34 00
         34 00 2C 00
         30 00 2C 00
         37 00 34 00
         2C 00 00 00
         00 00      
00000761 45 00 00 00        		.dd LM18-_main
00000763 0D 00 0A 00        		.dw 0x0d,0x0a
0000978B                    	.code
                            	LM18:
0000978B 0F 9F 8D 97        		pc=L6	// Indirect jump
                            	L6:
00000765                    	.debug
00000765 2E 00 73 00        		.dw '.stabn 0x44,0,76,',0,0
         74 00 61 00
         62 00 6E 00
         20 00 30 00
         78 00 34 00
         34 00 2C 00
         30 00 2C 00
         37 00 36 00
         2C 00 00 00
         00 00      
00000778 47 00 00 00        		.dd LM19-_main
0000077A 0D 00 0A 00        		.dw 0x0d,0x0a
0000978D                    	.code
                            	LM19:
0000978D 41 92              		R1=1	// QImode move
0000978E 19 D3 12 70        		[28690]=R1	// QImode move
0000077C                    	.debug
0000077C 2E 00 73 00        		.dw '.stabn 0x44,0,77,',0,0
         74 00 61 00
         62 00 6E 00
         20 00 30 00
         78 00 34 00
         34 00 2C 00
         30 00 2C 00
         37 00 37 00
         2C 00 00 00
         00 00      
0000078F 4A 00 00 00        		.dd LM20-_main
00000791 0D 00 0A 00        		.dw 0x0d,0x0a
00009790                    	.code
                            	LM20:
00009790 5F 92              		R1=31	// QImode move
00009791 19 D3 13 70        		[28691]=R1	// QImode move
00000793                    	.debug
00000793 2E 00 73 00        		.dw '.stabn 0x44,0,78,',0,0
         74 00 61 00
         62 00 6E 00
         20 00 30 00
         78 00 34 00
         34 00 2C 00
         30 00 2C 00
         37 00 38 00
         2C 00 00 00
         00 00      
000007A6 4D 00 00 00        		.dd LM21-_main
000007A8 0D 00 0A 00        		.dw 0x0d,0x0a
00009793                    	.code
                            	LM21:
00009793 0F 9F 57 97        		pc=L3	// Indirect jump
                            	L4:
000007AA                    	.debug
000007AA 2E 00 73 00        		.dw '.stabn 0x44,0,79,',0,0
         74 00 61 00
         62 00 6E 00
         20 00 30 00
         78 00 34 00
         34 00 2C 00
         30 00 2C 00
         37 00 39 00
         2C 00 00 00
         00 00      
000007BD 4F 00 00 00        		.dd LM22-_main
000007BF 0D 00 0A 00        		.dw 0x0d,0x0a
00009795                    	.code
                            	LM22:
                            	LBE2:
000007C1                    	.debug
000007C1 2E 00 73 00        		.dw '.stabn 0x44,0,79,',0,0
         74 00 61 00
         62 00 6E 00
         20 00 30 00
         78 00 34 00
         34 00 2C 00
         30 00 2C 00
         37 00 39 00
         2C 00 00 00
         00 00      
000007D4 4F 00 00 00        		.dd LM23-_main
000007D6 0D 00 0A 00        		.dw 0x0d,0x0a
00009795                    	.code
                            	LM23:
                            	L2:
                            	
00009795 43 00              		sp+=3
00009796 88 98              		pop bp from [sp]
00009797 90 9A              		retf
                            		.endp	// end of main
                            	
000007D8                    	.debug
000007D8 2E 00 73 00        		.dw '.stabn 0xc0,0,0,',0,0
         74 00 61 00
         62 00 6E 00
         20 00 30 00
         78 00 63 00
         30 00 2C 00
         30 00 2C 00
         30 00 2C 00
         00 00 00 00
000007EA 07 00 00 00        		.dd LBB2-_main
000007EC 0D 00 0A 00        		.dw 0x0d,0x0a
00009798                    	.code
000007EE                    	.debug
000007EE 2E 00 73 00        		.dw '.stabs "KeyCode:4",128,0,0,0',0x0d,0x0a
         74 00 61 00
         62 00 73 00
         20 00 22 00
         4B 00 65 00
         79 00 43 00
         6F 00 64 00
         65 00 3A 00
         34 00 22 00
         2C 00 31 00
         32 00 38 00
         2C 00 30 00
         2C 00 30 00
         2C 00 30 00
         0D 00 0A 00
00009798                    	.CODE
0000080C                    	.debug
0000080C 2E 00 73 00        		.dw '.stabs "Flag:4",128,0,0,1',0x0d,0x0a
         74 00 61 00
         62 00 73 00
         20 00 22 00
         46 00 6C 00
         61 00 67 00
         3A 00 34 00
         22 00 2C 00
         31 00 32 00
         38 00 2C 00
         30 00 2C 00
         30 00 2C 00
         31 00 0D 00
         0A 00      
00009798                    	.CODE
00000827                    	.debug
00000827 2E 00 73 00        		.dw '.stabn 0xe0,0,0,',0,0
         74 00 61 00
         62 00 6E 00
         20 00 30 00
         78 00 65 00
         30 00 2C 00
         30 00 2C 00
         30 00 2C 00
         00 00 00 00
00000839 4F 00 00 00        		.dd LBE2-_main
0000083B 0D 00 0A 00        		.dw 0x0d,0x0a
00009798                    	.code
0000083D                    	.debug
0000083D 2E 00 73 00        		.dw '.stabf ',0,0
         74 00 61 00
         62 00 66 00
         20 00 00 00
         00 00      
00000846 52 00 00 00        		.dd LME1-_main
00000848 0D 00 0A 00        		.dw 0x0d,0x0a
00009798                    	.code
                            	LME1:
                            	.external _Adjust
                            	.external _PlayTime
                            	.external _PlayDate
                            	.external _Key_Get
                            	.external _Clock_Start
                            	.external _Key_Init
                            		.end
0 error(s), 0 warning(s).


