C51 COMPILER V8.02   MAIN                                                                  02/04/2009 18:23:24 PAGE 1   


C51 COMPILER V8.02, COMPILATION OF MODULE MAIN
OBJECT MODULE PLACED IN main.OBJ
COMPILER INVOKED BY: C:\Keil\C51\BIN\C51.EXE main.c BROWSE DEBUG OBJECTEXTEND

line level    source

   1          #include <at89x51.h>
   2          void sendadr(unsigned char adr);
   3          unsigned char tb[]={0x3f,0x06,0x5b,0x4f,0x66,0x6d,0x7d,0x07,0x7f,0x6f};
   4          void delay(void)
   5          {
   6   1              unsigned char i,j;
   7   1              for(i=73;i;i--)
   8   1              for(j=83;j;j--)
   9   1              ;
  10   1      }
  11          
  12          void main(void)
  13          {
  14   1              unsigned char i=0;
  15   1              while(1)
  16   1              {
  17   2                      P0=0x36;
  18   2                      sendadr(0x55);
  19   2                      delay();
  20   2              }
  21   1      }
  22                  
  23          void sendadr(unsigned char adr)
  24          {
  25   1              __asm
  26   1              {
  27   2                      mov r0,adr;
*** ERROR C202 IN LINE 27 OF MAIN.C: 'mov': undefined identifier
*** ERROR C141 IN LINE 27 OF MAIN.C: syntax error near 'r0'
  28   2                      movx a,@r0;
*** ERROR C202 IN LINE 28 OF MAIN.C: 'movx': undefined identifier
*** ERROR C141 IN LINE 28 OF MAIN.C: syntax error near 'a'
  29   2              }
  30   1      }
  31                          
  32                          
  33                  

C51 COMPILATION COMPLETE.  0 WARNING(S),  4 ERROR(S)
