Sunplus u'nSP Assembler - Ver. 1.14.3.1
              Listing File Has Been Relocated
                            	// GCC for SUNPLUS u'nSP version 1.0.21-3
                            	// Command: D:\PROGRA~1\Sunplus\UNSPID~1.0\cc1.exe C:\DOCUME~1\ZHANGZ~1.YSU\LOCALS~1\Temp\cc0caaaa.i -fkeep-inline-functions -quiet -dumpbase ddd.c -mglobal-var-iram -gstabs -Wall -o .\Debug/ddd.asm
                            		.external __sn_func_ptr_sec
                            	
                            	// gcc2_compiled.:
                            	
00000000                    	.debug
00000000 2E 00 73 00        		.dw '.stabs "F:/abc/0830/",0x64,0,3,',0,0,offset Ltext0,seg Ltext0,0x0d,0x0a
         74 00 61 00
         62 00 73 00
         20 00 22 00
         46 00 3A 00
         2F 00 61 00
         62 00 63 00
         2F 00 30 00
         38 00 33 00
         30 00 2F 00
         22 00 2C 00
         30 00 78 00
         36 00 34 00
         2C 00 30 00
         2C 00 33 00
         2C 00 00 00
         00 00 00 00
         00 00 0D 00
         0A 00      
00008026                    	.code
00000025                    	.debug
00000025 2E 00 73 00        		.dw '.stabs "F:/abc/0830/ddd.c",0x64,0,3,',0,0,offset Ltext0,seg Ltext0,0x0d,0x0a
         74 00 61 00
         62 00 73 00
         20 00 22 00
         46 00 3A 00
         2F 00 61 00
         62 00 63 00
         2F 00 30 00
         38 00 33 00
         30 00 2F 00
         64 00 64 00
         64 00 2E 00
         63 00 22 00
         2C 00 30 00
         78 00 36 00
         34 00 2C 00
         30 00 2C 00
         33 00 2C 00
         00 00 00 00
         00 00 00 00
         0D 00 0A 00
00008026                    	.code
00008026                    	.code
                            	Ltext0:
0000004F                    	.debug
0000004F 2E 00 73 00        		.dw '.stabs "int:t1=r1;-32768;32767;",128,0,0,0',0x0d,0x0a
         74 00 61 00
         62 00 73 00
         20 00 22 00
         69 00 6E 00
         74 00 3A 00
         74 00 31 00
         3D 00 72 00
         31 00 3B 00
         2D 00 33 00
         32 00 37 00
         36 00 38 00
         3B 00 33 00
         32 00 37 00
         36 00 37 00
         3B 00 22 00
         2C 00 31 00
         32 00 38 00
         2C 00 30 00
         2C 00 30 00
         2C 00 30 00
         0D 00 0A 00
00008026                    	.CODE
0000007B                    	.debug
0000007B 2E 00 73 00        		.dw '.stabs "char:t2=r2;0;127;",128,0,0,0',0x0d,0x0a
         74 00 61 00
         62 00 73 00
         20 00 22 00
         63 00 68 00
         61 00 72 00
         3A 00 74 00
         32 00 3D 00
         72 00 32 00
         3B 00 30 00
         3B 00 31 00
         32 00 37 00
         3B 00 22 00
         2C 00 31 00
         32 00 38 00
         2C 00 30 00
         2C 00 30 00
         2C 00 30 00
         0D 00 0A 00
00008026                    	.CODE
000000A1                    	.debug
000000A1 2E 00 73 00        		.dw '.stabs "long int:t3=r3;-2147483648;2147483647;",128,0,0,0',0x0d,0x0a
         74 00 61 00
         62 00 73 00
         20 00 22 00
         6C 00 6F 00
         6E 00 67 00
         20 00 69 00
         6E 00 74 00
         3A 00 74 00
         33 00 3D 00
         72 00 33 00
         3B 00 2D 00
         32 00 31 00
         34 00 37 00
         34 00 38 00
         33 00 36 00
         34 00 38 00
         3B 00 32 00
         31 00 34 00
         37 00 34 00
         38 00 33 00
         36 00 34 00
         37 00 3B 00
         22 00 2C 00
         31 00 32 00
         38 00 2C 00
         30 00 2C 00
         30 00 2C 00
         30 00 0D 00
         0A 00      
00008026                    	.CODE
000000DC                    	.debug
000000DC 2E 00 73 00        		.dw '.stabs "unsigned int:t4=r4;0;65535;",128,0,0,0',0x0d,0x0a
         74 00 61 00
         62 00 73 00
         20 00 22 00
         75 00 6E 00
         73 00 69 00
         67 00 6E 00
         65 00 64 00
         20 00 69 00
         6E 00 74 00
         3A 00 74 00
         34 00 3D 00
         72 00 34 00
         3B 00 30 00
         3B 00 36 00
         35 00 35 00
         33 00 35 00
         3B 00 22 00
         2C 00 31 00
         32 00 38 00
         2C 00 30 00
         2C 00 30 00
         2C 00 30 00
         0D 00 0A 00
00008026                    	.CODE
0000010C                    	.debug
0000010C 2E 00 73 00        		.dw '.stabs "long unsigned int:t5=r5;0;4294967295;",128,0,0,0',0x0d,0x0a
         74 00 61 00
         62 00 73 00
         20 00 22 00
         6C 00 6F 00
         6E 00 67 00
         20 00 75 00
         6E 00 73 00
         69 00 67 00
         6E 00 65 00
         64 00 20 00
         69 00 6E 00
         74 00 3A 00
         74 00 35 00
         3D 00 72 00
         35 00 3B 00
         30 00 3B 00
         34 00 32 00
         39 00 34 00
         39 00 36 00
         37 00 32 00
         39 00 35 00
         3B 00 22 00
         2C 00 31 00
         32 00 38 00
         2C 00 30 00
         2C 00 30 00
         2C 00 30 00
         0D 00 0A 00
00008026                    	.CODE
00000146                    	.debug
00000146 2E 00 73 00        		.dw '.stabs "long long int:t6=r6;-2147483648;2147483647;",128,0,0,0',0x0d,0x0a
         74 00 61 00
         62 00 73 00
         20 00 22 00
         6C 00 6F 00
         6E 00 67 00
         20 00 6C 00
         6F 00 6E 00
         67 00 20 00
         69 00 6E 00
         74 00 3A 00
         74 00 36 00
         3D 00 72 00
         36 00 3B 00
         2D 00 32 00
         31 00 34 00
         37 00 34 00
         38 00 33 00
         36 00 34 00
         38 00 3B 00
         32 00 31 00
         34 00 37 00
         34 00 38 00
         33 00 36 00
         34 00 37 00
         3B 00 22 00
         2C 00 31 00
         32 00 38 00
         2C 00 30 00
         2C 00 30 00
         2C 00 30 00
         0D 00 0A 00
00008026                    	.CODE
00000186                    	.debug
00000186 2E 00 73 00        		.dw '.stabs "long long unsigned int:t7=r7;0;4294967295;",128,0,0,0',0x0d,0x0a
         74 00 61 00
         62 00 73 00
         20 00 22 00
         6C 00 6F 00
         6E 00 67 00
         20 00 6C 00
         6F 00 6E 00
         67 00 20 00
         75 00 6E 00
         73 00 69 00
         67 00 6E 00
         65 00 64 00
         20 00 69 00
         6E 00 74 00
         3A 00 74 00
         37 00 3D 00
         72 00 37 00
         3B 00 30 00
         3B 00 34 00
         32 00 39 00
         34 00 39 00
         36 00 37 00
         32 00 39 00
         35 00 3B 00
         22 00 2C 00
         31 00 32 00
         38 00 2C 00
         30 00 2C 00
         30 00 2C 00
         30 00 0D 00
         0A 00      
00008026                    	.CODE
000001C5                    	.debug
000001C5 2E 00 73 00        		.dw '.stabs "short int:t8=r8;-32768;32767;",128,0,0,0',0x0d,0x0a
         74 00 61 00
         62 00 73 00
         20 00 22 00
         73 00 68 00
         6F 00 72 00
         74 00 20 00
         69 00 6E 00
         74 00 3A 00
         74 00 38 00
         3D 00 72 00
         38 00 3B 00
         2D 00 33 00
         32 00 37 00
         36 00 38 00
         3B 00 33 00
         32 00 37 00
         36 00 37 00
         3B 00 22 00
         2C 00 31 00
         32 00 38 00
         2C 00 30 00
         2C 00 30 00
         2C 00 30 00
         0D 00 0A 00
00008026                    	.CODE
000001F7                    	.debug
000001F7 2E 00 73 00        		.dw '.stabs "short unsigned int:t9=r9;0;65535;",128,0,0,0',0x0d,0x0a
         74 00 61 00
         62 00 73 00
         20 00 22 00
         73 00 68 00
         6F 00 72 00
         74 00 20 00
         75 00 6E 00
         73 00 69 00
         67 00 6E 00
         65 00 64 00
         20 00 69 00
         6E 00 74 00
         3A 00 74 00
         39 00 3D 00
         72 00 39 00
         3B 00 30 00
         3B 00 36 00
         35 00 35 00
         33 00 35 00
         3B 00 22 00
         2C 00 31 00
         32 00 38 00
         2C 00 30 00
         2C 00 30 00
         2C 00 30 00
         0D 00 0A 00
00008026                    	.CODE
0000022D                    	.debug
0000022D 2E 00 73 00        		.dw '.stabs "signed char:t10=r10;-32768;32767;",128,0,0,0',0x0d,0x0a
         74 00 61 00
         62 00 73 00
         20 00 22 00
         73 00 69 00
         67 00 6E 00
         65 00 64 00
         20 00 63 00
         68 00 61 00
         72 00 3A 00
         74 00 31 00
         30 00 3D 00
         72 00 31 00
         30 00 3B 00
         2D 00 33 00
         32 00 37 00
         36 00 38 00
         3B 00 33 00
         32 00 37 00
         36 00 37 00
         3B 00 22 00
         2C 00 31 00
         32 00 38 00
         2C 00 30 00
         2C 00 30 00
         2C 00 30 00
         0D 00 0A 00
00008026                    	.CODE
00000263                    	.debug
00000263 2E 00 73 00        		.dw '.stabs "unsigned char:t11=r11;0;65535;",128,0,0,0',0x0d,0x0a
         74 00 61 00
         62 00 73 00
         20 00 22 00
         75 00 6E 00
         73 00 69 00
         67 00 6E 00
         65 00 64 00
         20 00 63 00
         68 00 61 00
         72 00 3A 00
         74 00 31 00
         31 00 3D 00
         72 00 31 00
         31 00 3B 00
         30 00 3B 00
         36 00 35 00
         35 00 33 00
         35 00 3B 00
         22 00 2C 00
         31 00 32 00
         38 00 2C 00
         30 00 2C 00
         30 00 2C 00
         30 00 0D 00
         0A 00      
00008026                    	.CODE
00000296                    	.debug
00000296 2E 00 73 00        		.dw '.stabs "float:t12=r1;2;0;",128,0,0,0',0x0d,0x0a
         74 00 61 00
         62 00 73 00
         20 00 22 00
         66 00 6C 00
         6F 00 61 00
         74 00 3A 00
         74 00 31 00
         32 00 3D 00
         72 00 31 00
         3B 00 32 00
         3B 00 30 00
         3B 00 22 00
         2C 00 31 00
         32 00 38 00
         2C 00 30 00
         2C 00 30 00
         2C 00 30 00
         0D 00 0A 00
00008026                    	.CODE
000002BC                    	.debug
000002BC 2E 00 73 00        		.dw '.stabs "double:t13=r1;2;0;",128,0,0,0',0x0d,0x0a
         74 00 61 00
         62 00 73 00
         20 00 22 00
         64 00 6F 00
         75 00 62 00
         6C 00 65 00
         3A 00 74 00
         31 00 33 00
         3D 00 72 00
         31 00 3B 00
         32 00 3B 00
         30 00 3B 00
         22 00 2C 00
         31 00 32 00
         38 00 2C 00
         30 00 2C 00
         30 00 2C 00
         30 00 0D 00
         0A 00      
00008026                    	.CODE
000002E3                    	.debug
000002E3 2E 00 73 00        		.dw '.stabs "long double:t14=r1;2;0;",128,0,0,0',0x0d,0x0a
         74 00 61 00
         62 00 73 00
         20 00 22 00
         6C 00 6F 00
         6E 00 67 00
         20 00 64 00
         6F 00 75 00
         62 00 6C 00
         65 00 3A 00
         74 00 31 00
         34 00 3D 00
         72 00 31 00
         3B 00 32 00
         3B 00 30 00
         3B 00 22 00
         2C 00 31 00
         32 00 38 00
         2C 00 30 00
         2C 00 30 00
         2C 00 30 00
         0D 00 0A 00
00008026                    	.CODE
0000030F                    	.debug
0000030F 2E 00 73 00        		.dw '.stabs "complex int:t15=s2real:1,0,16;imag:1,16,16;;",128,0,0,0',0x0d,0x0a
         74 00 61 00
         62 00 73 00
         20 00 22 00
         63 00 6F 00
         6D 00 70 00
         6C 00 65 00
         78 00 20 00
         69 00 6E 00
         74 00 3A 00
         74 00 31 00
         35 00 3D 00
         73 00 32 00
         72 00 65 00
         61 00 6C 00
         3A 00 31 00
         2C 00 30 00
         2C 00 31 00
         36 00 3B 00
         69 00 6D 00
         61 00 67 00
         3A 00 31 00
         2C 00 31 00
         36 00 2C 00
         31 00 36 00
         3B 00 3B 00
         22 00 2C 00
         31 00 32 00
         38 00 2C 00
         30 00 2C 00
         30 00 2C 00
         30 00 0D 00
         0A 00      
00008026                    	.CODE
00000350                    	.debug
00000350 2E 00 73 00        		.dw '.stabs "complex float:t16=r16;2;0;",128,0,0,0',0x0d,0x0a
         74 00 61 00
         62 00 73 00
         20 00 22 00
         63 00 6F 00
         6D 00 70 00
         6C 00 65 00
         78 00 20 00
         66 00 6C 00
         6F 00 61 00
         74 00 3A 00
         74 00 31 00
         36 00 3D 00
         72 00 31 00
         36 00 3B 00
         32 00 3B 00
         30 00 3B 00
         22 00 2C 00
         31 00 32 00
         38 00 2C 00
         30 00 2C 00
         30 00 2C 00
         30 00 0D 00
         0A 00      
00008026                    	.CODE
0000037F                    	.debug
0000037F 2E 00 73 00        		.dw '.stabs "complex double:t17=r17;2;0;",128,0,0,0',0x0d,0x0a
         74 00 61 00
         62 00 73 00
         20 00 22 00
         63 00 6F 00
         6D 00 70 00
         6C 00 65 00
         78 00 20 00
         64 00 6F 00
         75 00 62 00
         6C 00 65 00
         3A 00 74 00
         31 00 37 00
         3D 00 72 00
         31 00 37 00
         3B 00 32 00
         3B 00 30 00
         3B 00 22 00
         2C 00 31 00
         32 00 38 00
         2C 00 30 00
         2C 00 30 00
         2C 00 30 00
         0D 00 0A 00
00008026                    	.CODE
000003AF                    	.debug
000003AF 2E 00 73 00        		.dw '.stabs "complex long double:t18=r18;2;0;",128,0,0,0',0x0d,0x0a
         74 00 61 00
         62 00 73 00
         20 00 22 00
         63 00 6F 00
         6D 00 70 00
         6C 00 65 00
         78 00 20 00
         6C 00 6F 00
         6E 00 67 00
         20 00 64 00
         6F 00 75 00
         62 00 6C 00
         65 00 3A 00
         74 00 31 00
         38 00 3D 00
         72 00 31 00
         38 00 3B 00
         32 00 3B 00
         30 00 3B 00
         22 00 2C 00
         31 00 32 00
         38 00 2C 00
         30 00 2C 00
         30 00 2C 00
         30 00 0D 00
         0A 00      
00008026                    	.CODE
000003E4                    	.debug
000003E4 2E 00 73 00        		.dw '.stabs "void:t19=19",128,0,0,0',0x0d,0x0a
         74 00 61 00
         62 00 73 00
         20 00 22 00
         76 00 6F 00
         69 00 64 00
         3A 00 74 00
         31 00 39 00
         3D 00 31 00
         39 00 22 00
         2C 00 31 00
         32 00 38 00
         2C 00 30 00
         2C 00 30 00
         2C 00 30 00
         0D 00 0A 00
00008026                    	.CODE
                            	.public _table
00000001                    	.iram
                            	_table:
00000001 3F 00              		.dw 63
00000002 06 00              		.dw 6
00000003 5B 00              		.dw 91
00000004 4F 00              		.dw 79
00000005 66 00              		.dw 102
00000006 6D 00              		.dw 109
00000007 7D 00              		.dw 125
00000008 07 00              		.dw 7
00000009 7F 00              		.dw 127
0000000A 6F 00              		.dw 111
0000000B 00 00              		.dw 0
0000000C FF 00              		.dw 255
00000404                    	.debug
00000404 2E 00 73 00        		.dw '.stabs "table:G20=ar1;0;11;4",32,0,0,',0,0,offset _table,seg _table,0x0d,0x0a
         74 00 61 00
         62 00 73 00
         20 00 22 00
         74 00 61 00
         62 00 6C 00
         65 00 3A 00
         47 00 32 00
         30 00 3D 00
         61 00 72 00
         31 00 3B 00
         30 00 3B 00
         31 00 31 00
         3B 00 34 00
         22 00 2C 00
         33 00 32 00
         2C 00 30 00
         2C 00 30 00
         2C 00 00 00
         00 00 00 00
         00 00 0D 00
         0A 00      
00008026                    	.CODE
00008026                    	.code
0000042F                    	.debug
0000042F 2E 00 73 00        		.dw '.stabs "delay:F19",36,0,0,',0,0,offset _delay,seg _delay,0x0d,0x0a
         74 00 61 00
         62 00 73 00
         20 00 22 00
         64 00 65 00
         6C 00 61 00
         79 00 3A 00
         46 00 31 00
         39 00 22 00
         2C 00 33 00
         36 00 2C 00
         30 00 2C 00
         30 00 2C 00
         00 00 00 00
         00 00 00 00
         0D 00 0A 00
00008026                    	.CODE
                            	.public _delay
                            	_delay:	.proc
0000044F                    	.debug
0000044F 2E 00 73 00        		.dw '.stabn 0x44,0,5,',0,0
         74 00 61 00
         62 00 6E 00
         20 00 30 00
         78 00 34 00
         34 00 2C 00
         30 00 2C 00
         35 00 2C 00
         00 00 00 00
00000461 00 00 00 00        		.dd LM1-_delay
00000463 0D 00 0A 00        		.dw 0x0d,0x0a
00008026                    	.code
                            	LM1:
                            		// total=3, vars=3
                            		// frame_pointer_needed: 1
00008026 88 DA              		push bp to [sp]
00008027 43 20              		sp-=3
00008028 08 0B 01 00        		bp=sp+1
                            	
0000802A 0D 03 06 00        		R1=BP+6
00000465                    	.debug
00000465 2E 00 73 00        		.dw '.stabn 0x44,0,6,',0,0
         74 00 61 00
         62 00 6E 00
         20 00 30 00
         78 00 34 00
         34 00 2C 00
         30 00 2C 00
         36 00 2C 00
         00 00 00 00
00000477 06 00 00 00        		.dd LM2-_delay
00000479 0D 00 0A 00        		.dw 0x0d,0x0a
0000802C                    	.code
                            	LM2:
                            	LBB2:
0000047B                    	.debug
0000047B 2E 00 73 00        		.dw '.stabn 0x44,0,7,',0,0
         74 00 61 00
         62 00 6E 00
         20 00 30 00
         78 00 34 00
         34 00 2C 00
         30 00 2C 00
         37 00 2C 00
         00 00 00 00
0000048D 06 00 00 00        		.dd LM3-_delay
0000048F 0D 00 0A 00        		.dw 0x0d,0x0a
0000802C                    	.code
                            	LM3:
0000802C 45 94              		R2=5	// QImode move
0000802D C5 D4              		[BP]=R2	// QImode move
                            	L3:
0000802E C5 94              		R2=[BP]	// QImode move
0000802F 40 44              		CMP R2,0	// QImode test
00008030 04 4E 01 EE        		NSJNZ L6	//QImode NE
         00 EE      
00008033 0F 9F 5E 80        		pc=L4	// Indirect jump
                            	L6:
00000491                    	.debug
00000491 2E 00 73 00        		.dw '.stabn 0x44,0,8,',0,0
         74 00 61 00
         62 00 6E 00
         20 00 30 00
         78 00 34 00
         34 00 2C 00
         30 00 2C 00
         38 00 2C 00
         00 00 00 00
000004A3 0F 00 00 00        		.dd LM4-_delay
000004A5 0D 00 0A 00        		.dw 0x0d,0x0a
00008035                    	.code
                            	LM4:
00008035 05 95              		R2=BP	// QImode move
00008036 0D 07 01 00        		R3=BP+1
00008038 4F 94              		R2=15	// QImode move
00008039 03 99              		R4=R3	// QImode move
0000803A C4 D4              		[R4]=R2	// QImode move
                            	L7:
0000803B 05 95              		R2=BP	// QImode move
0000803C 0D 07 01 00        		R3=BP+1
0000803E 03 99              		R4=R3	// QImode move
0000803F C4 94              		R2=[R4]	// QImode move
00008040 40 44              		CMP R2,0	// QImode test
00008041 04 4E 01 EE        		NSJNZ L9	//QImode NE
         00 EE      
00008044 0F 9F 58 80        		pc=L5	// Indirect jump
                            	L10:
                            	L9:
00008046 05 95              		R2=BP	// QImode move
00008047 0D 07 01 00        		R3=BP+1
00008049 05 99              		R4=BP	// QImode move
0000804A 0D 05 01 00        		R2=BP+1
0000804C 05 97              		R3=BP	// QImode move
0000804D 0D 07 01 00        		R3=BP+1
0000804F 02 D6              		[bp+2]=R3	// QImode move
00008050 02 98              		R4=[bp+2]	// QImode move
00008051 C4 96              		R3=[R4]	// QImode move
00008052 0B 09 FF FF        		R4=R3+(-1)
00008054 02 97              		R3=R2	// QImode move
00008055 C3 D8              		[R3]=R4	// QImode move
00008056 0F 9F 3B 80        		pc=L7	// Indirect jump
                            	L8:
000004A7                    	.debug
000004A7 2E 00 73 00        		.dw '.stabn 0x44,0,7,',0,0
         74 00 61 00
         62 00 6E 00
         20 00 30 00
         78 00 34 00
         34 00 2C 00
         30 00 2C 00
         37 00 2C 00
         00 00 00 00
000004B9 32 00 00 00        		.dd LM5-_delay
000004BB 0D 00 0A 00        		.dw 0x0d,0x0a
00008058                    	.code
                            	LM5:
                            	L5:
00008058 C5 94              		R2=[BP]	// QImode move
00008059 0A 07 FF FF        		R3=R2+(-1)
0000805B C5 D6              		[BP]=R3	// QImode move
0000805C 0F 9F 2E 80        		pc=L3	// Indirect jump
                            	L4:
000004BD                    	.debug
000004BD 2E 00 73 00        		.dw '.stabn 0x44,0,9,',0,0
         74 00 61 00
         62 00 6E 00
         20 00 30 00
         78 00 34 00
         34 00 2C 00
         30 00 2C 00
         39 00 2C 00
         00 00 00 00
000004CF 38 00 00 00        		.dd LM6-_delay
000004D1 0D 00 0A 00        		.dw 0x0d,0x0a
0000805E                    	.code
                            	LM6:
0000805E 41 94              		R2=1	// QImode move
0000805F 1A D5 12 70        		[28690]=R2	// QImode move
000004D3                    	.debug
000004D3 2E 00 73 00        		.dw '.stabn 0x44,0,10,',0,0
         74 00 61 00
         62 00 6E 00
         20 00 30 00
         78 00 34 00
         34 00 2C 00
         30 00 2C 00
         31 00 30 00
         2C 00 00 00
         00 00      
000004E6 3B 00 00 00        		.dd LM7-_delay
000004E8 0D 00 0A 00        		.dw 0x0d,0x0a
00008061                    	.code
                            	LM7:
                            	LBE2:
000004EA                    	.debug
000004EA 2E 00 73 00        		.dw '.stabn 0x44,0,10,',0,0
         74 00 61 00
         62 00 6E 00
         20 00 30 00
         78 00 34 00
         34 00 2C 00
         30 00 2C 00
         31 00 30 00
         2C 00 00 00
         00 00      
000004FD 3B 00 00 00        		.dd LM8-_delay
000004FF 0D 00 0A 00        		.dw 0x0d,0x0a
00008061                    	.code
                            	LM8:
                            	L2:
                            	
00008061 43 00              		sp+=3
00008062 88 98              		pop bp from [sp]
00008063 90 9A              		retf
                            		.endp	// end of delay
                            	
00000501                    	.debug
00000501 2E 00 73 00        		.dw '.stabn 0xc0,0,0,',0,0
         74 00 61 00
         62 00 6E 00
         20 00 30 00
         78 00 63 00
         30 00 2C 00
         30 00 2C 00
         30 00 2C 00
         00 00 00 00
00000513 06 00 00 00        		.dd LBB2-_delay
00000515 0D 00 0A 00        		.dw 0x0d,0x0a
00008064                    	.code
00000517                    	.debug
00000517 2E 00 73 00        		.dw '.stabs "i:1",128,0,0,0',0x0d,0x0a
         74 00 61 00
         62 00 73 00
         20 00 22 00
         69 00 3A 00
         31 00 22 00
         2C 00 31 00
         32 00 38 00
         2C 00 30 00
         2C 00 30 00
         2C 00 30 00
         0D 00 0A 00
00008064                    	.CODE
0000052F                    	.debug
0000052F 2E 00 73 00        		.dw '.stabs "j:1",128,0,0,1',0x0d,0x0a
         74 00 61 00
         62 00 73 00
         20 00 22 00
         6A 00 3A 00
         31 00 22 00
         2C 00 31 00
         32 00 38 00
         2C 00 30 00
         2C 00 30 00
         2C 00 31 00
         0D 00 0A 00
00008064                    	.CODE
00000547                    	.debug
00000547 2E 00 73 00        		.dw '.stabn 0xe0,0,0,',0,0
         74 00 61 00
         62 00 6E 00
         20 00 30 00
         78 00 65 00
         30 00 2C 00
         30 00 2C 00
         30 00 2C 00
         00 00 00 00
00000559 3B 00 00 00        		.dd LBE2-_delay
0000055B 0D 00 0A 00        		.dw 0x0d,0x0a
00008064                    	.code
0000055D                    	.debug
0000055D 2E 00 73 00        		.dw '.stabf ',0,0
         74 00 61 00
         62 00 66 00
         20 00 00 00
         00 00      
00000566 3E 00 00 00        		.dd LME1-_delay
00000568 0D 00 0A 00        		.dw 0x0d,0x0a
00008064                    	.code
                            	LME1:
00008064                    	.code
0000056A                    	.debug
0000056A 2E 00 73 00        		.dw '.stabs "main:F1",36,0,0,',0,0,offset _main,seg _main,0x0d,0x0a
         74 00 61 00
         62 00 73 00
         20 00 22 00
         6D 00 61 00
         69 00 6E 00
         3A 00 46 00
         31 00 22 00
         2C 00 33 00
         36 00 2C 00
         30 00 2C 00
         30 00 2C 00
         00 00 00 00
         3E 00 00 00
         0D 00 0A 00
00008064                    	.CODE
                            	.public _main
                            	_main:	.proc
00000588                    	.debug
00000588 2E 00 73 00        		.dw '.stabn 0x44,0,12,',0,0
         74 00 61 00
         62 00 6E 00
         20 00 30 00
         78 00 34 00
         34 00 2C 00
         30 00 2C 00
         31 00 32 00
         2C 00 00 00
         00 00      
0000059B 00 00 00 00        		.dd LM9-_main
0000059D 0D 00 0A 00        		.dw 0x0d,0x0a
00008064                    	.code
                            	LM9:
                            		// total=4, vars=4
                            		// frame_pointer_needed: 1
00008064 88 DA              		push bp to [sp]
00008065 44 20              		sp-=4
00008066 08 0B 01 00        		bp=sp+1
                            	
00008068 0D 03 07 00        		R1=BP+7
0000806A 03 D2              		[bp+3]=R1	// QImode move
0000059F                    	.debug
0000059F 2E 00 73 00        		.dw '.stabn 0x44,0,13,',0,0
         74 00 61 00
         62 00 6E 00
         20 00 30 00
         78 00 34 00
         34 00 2C 00
         30 00 2C 00
         31 00 33 00
         2C 00 00 00
         00 00      
000005B2 07 00 00 00        		.dd LM10-_main
000005B4 0D 00 0A 00        		.dw 0x0d,0x0a
0000806B                    	.code
                            	LM10:
                            	LBB3:
000005B6                    	.debug
000005B6 2E 00 73 00        		.dw '.stabn 0x44,0,14,',0,0
         74 00 61 00
         62 00 6E 00
         20 00 30 00
         78 00 34 00
         34 00 2C 00
         30 00 2C 00
         31 00 34 00
         2C 00 00 00
         00 00      
000005C9 07 00 00 00        		.dd LM11-_main
000005CB 0D 00 0A 00        		.dw 0x0d,0x0a
0000806B                    	.code
                            	LM11:
0000806B 41 62              		R1=(-1)	// QImode move
0000806C 19 D3 02 70        		[28674]=R1	// QImode move
000005CD                    	.debug
000005CD 2E 00 73 00        		.dw '.stabn 0x44,0,15,',0,0
         74 00 61 00
         62 00 6E 00
         20 00 30 00
         78 00 34 00
         34 00 2C 00
         30 00 2C 00
         31 00 35 00
         2C 00 00 00
         00 00      
000005E0 0A 00 00 00        		.dd LM12-_main
000005E2 0D 00 0A 00        		.dw 0x0d,0x0a
0000806E                    	.code
                            	LM12:
0000806E 41 62              		R1=(-1)	// QImode move
0000806F 19 D3 00 70        		[28672]=R1	// QImode move
000005E4                    	.debug
000005E4 2E 00 73 00        		.dw '.stabn 0x44,0,16,',0,0
         74 00 61 00
         62 00 6E 00
         20 00 30 00
         78 00 34 00
         34 00 2C 00
         30 00 2C 00
         31 00 36 00
         2C 00 00 00
         00 00      
000005F7 0D 00 00 00        		.dd LM13-_main
000005F9 0D 00 0A 00        		.dw 0x0d,0x0a
00008071                    	.code
                            	LM13:
00008071 41 62              		R1=(-1)	// QImode move
00008072 19 D3 03 70        		[28675]=R1	// QImode move
000005FB                    	.debug
000005FB 2E 00 73 00        		.dw '.stabn 0x44,0,17,',0,0
         74 00 61 00
         62 00 6E 00
         20 00 30 00
         78 00 34 00
         34 00 2C 00
         30 00 2C 00
         31 00 37 00
         2C 00 00 00
         00 00      
0000060E 10 00 00 00        		.dd LM14-_main
00000610 0D 00 0A 00        		.dw 0x0d,0x0a
00008074                    	.code
                            	LM14:
00008074 40 F0 26 80        		call _delay	// call without return value
00000612                    	.debug
00000612 2E 00 73 00        		.dw '.stabn 0x44,0,18,',0,0
         74 00 61 00
         62 00 6E 00
         20 00 30 00
         78 00 34 00
         34 00 2C 00
         30 00 2C 00
         31 00 38 00
         2C 00 00 00
         00 00      
00000625 12 00 00 00        		.dd LM15-_main
00000627 0D 00 0A 00        		.dw 0x0d,0x0a
00008076                    	.code
                            	LM15:
                            	L14:
00008076 0F 9F 7A 80        		pc=L16	// Indirect jump
00008078 0F 9F C8 80        		pc=L15	// Indirect jump
                            	L16:
00000629                    	.debug
00000629 2E 00 73 00        		.dw '.stabn 0x44,0,20,',0,0
         74 00 61 00
         62 00 6E 00
         20 00 30 00
         78 00 34 00
         34 00 2C 00
         30 00 2C 00
         32 00 30 00
         2C 00 00 00
         00 00      
0000063C 16 00 00 00        		.dd LM16-_main
0000063E 0D 00 0A 00        		.dw 0x0d,0x0a
0000807A                    	.code
                            	LM16:
0000807A 05 93              		R1=BP	// QImode move
0000807B 0D 05 01 00        		R2=BP+1
0000807D 09 93 00 01        		R1=256	// QImode move
0000807F 02 97              		R3=R2	// QImode move
00008080 C3 D2              		[R3]=R1	// QImode move
00000640                    	.debug
00000640 2E 00 73 00        		.dw '.stabn 0x44,0,21,',0,0
         74 00 61 00
         62 00 6E 00
         20 00 30 00
         78 00 34 00
         34 00 2C 00
         30 00 2C 00
         32 00 31 00
         2C 00 00 00
         00 00      
00000653 1D 00 00 00        		.dd LM17-_main
00000655 0D 00 0A 00        		.dw 0x0d,0x0a
00008081                    	.code
                            	LM17:
00008081 05 93              		R1=BP	// QImode move
00008082 0D 05 02 00        		R2=BP+2
00008084 40 92              		R1=0	// QImode move
00008085 02 99              		R4=R2	// QImode move
00008086 C4 D2              		[R4]=R1	// QImode move
                            	L17:
00008087 05 93              		R1=BP	// QImode move
00008088 0D 05 02 00        		R2=BP+2
0000808A 02 97              		R3=R2	// QImode move
0000808B C3 92              		R1=[R3]	// QImode move
0000808C 47 42              		CMP R1,7	// QImode compare
0000808D 04 AE 01 EE        		NSJNG L20	//QImode LE
         00 EE      
00008090 0F 9F C4 80        		pc=L18	// Indirect jump
                            	L20:
00000657                    	.debug
00000657 2E 00 73 00        		.dw '.stabn 0x44,0,23,',0,0
         74 00 61 00
         62 00 6E 00
         20 00 30 00
         78 00 34 00
         34 00 2C 00
         30 00 2C 00
         32 00 33 00
         2C 00 00 00
         00 00      
0000066A 2E 00 00 00        		.dd LM18-_main
0000066C 0D 00 0A 00        		.dw 0x0d,0x0a
00008092                    	.code
                            	LM18:
00008092 05 93              		R1=BP	// QImode move
00008093 0D 05 02 00        		R2=BP+2
00008095 09 93 01 00        		R1=_table	// QImode move
00008097 02 99              		R4=R2	// QImode move
00008098 C4 94              		R2=[R4]	// QImode move
00008099 02 03              		R1 = R1 + R2	//addqi3
0000809A 01 97              		R3=R1	// QImode move
0000809B C3 94              		R2=[R3]	// QImode move
0000809C C5 D4              		[BP]=R2	// QImode move
0000066E                    	.debug
0000066E 2E 00 73 00        		.dw '.stabn 0x44,0,25,',0,0
         74 00 61 00
         62 00 6E 00
         20 00 30 00
         78 00 34 00
         34 00 2C 00
         30 00 2C 00
         32 00 35 00
         2C 00 00 00
         00 00      
00000681 39 00 00 00        		.dd LM19-_main
00000683 0D 00 0A 00        		.dw 0x0d,0x0a
0000809D                    	.code
                            	LM19:
0000809D 05 93              		R1=BP	// QImode move
0000809E 0D 05 01 00        		R2=BP+1
000080A0 C5 92              		R1=[BP]	// QImode move
000080A1 02 99              		R4=R2	// QImode move
000080A2 C4 98              		R4=[R4]	// QImode move
000080A3 04 A3              		R1|=R4
000080A4 19 D3 00 70        		[28672]=R1	// QImode move
00000685                    	.debug
00000685 2E 00 73 00        		.dw '.stabn 0x44,0,26,',0,0
         74 00 61 00
         62 00 6E 00
         20 00 30 00
         78 00 34 00
         34 00 2C 00
         30 00 2C 00
         32 00 36 00
         2C 00 00 00
         00 00      
00000698 42 00 00 00        		.dd LM20-_main
0000069A 0D 00 0A 00        		.dw 0x0d,0x0a
000080A6                    	.code
                            	LM20:
000080A6 40 F0 26 80        		call _delay	// call without return value
0000069C                    	.debug
0000069C 2E 00 73 00        		.dw '.stabn 0x44,0,27,',0,0
         74 00 61 00
         62 00 6E 00
         20 00 30 00
         78 00 34 00
         34 00 2C 00
         30 00 2C 00
         32 00 37 00
         2C 00 00 00
         00 00      
000006AF 44 00 00 00        		.dd LM21-_main
000006B1 0D 00 0A 00        		.dw 0x0d,0x0a
000080A8                    	.code
                            	LM21:
000080A8 05 95              		R2=BP	// QImode move
000080A9 0D 03 01 00        		R1=BP+1
000080AB 05 95              		R2=BP	// QImode move
000080AC 0D 07 01 00        		R3=BP+1
000080AE 03 99              		R4=R3	// QImode move
000080AF C4 94              		R2=[R4]	// QImode move
000080B0 42 97              		R3=R2 lsl 1
000080B1 01 95              		R2=R1	// QImode move
000080B2 C2 D6              		[R2]=R3	// QImode move
000006B3                    	.debug
000006B3 2E 00 73 00        		.dw '.stabn 0x44,0,21,',0,0
         74 00 61 00
         62 00 6E 00
         20 00 30 00
         78 00 34 00
         34 00 2C 00
         30 00 2C 00
         32 00 31 00
         2C 00 00 00
         00 00      
000006C6 4F 00 00 00        		.dd LM22-_main
000006C8 0D 00 0A 00        		.dw 0x0d,0x0a
000080B3                    	.code
                            	LM22:
                            	L19:
000080B3 05 93              		R1=BP	// QImode move
000080B4 0D 05 02 00        		R2=BP+2
000080B6 05 97              		R3=BP	// QImode move
000080B7 0D 03 02 00        		R1=BP+2
000080B9 05 95              		R2=BP	// QImode move
000080BA 0D 07 02 00        		R3=BP+2
000080BC 03 99              		R4=R3	// QImode move
000080BD C4 94              		R2=[R4]	// QImode move
000080BE 0A 07 01 00        		R3=R2+1
000080C0 01 95              		R2=R1	// QImode move
000080C1 C2 D6              		[R2]=R3	// QImode move
000080C2 0F 9F 87 80        		pc=L17	// Indirect jump
                            	L18:
000006CA                    	.debug
000006CA 2E 00 73 00        		.dw '.stabn 0x44,0,30,',0,0
         74 00 61 00
         62 00 6E 00
         20 00 30 00
         78 00 34 00
         34 00 2C 00
         30 00 2C 00
         33 00 30 00
         2C 00 00 00
         00 00      
000006DD 60 00 00 00        		.dd LM23-_main
000006DF 0D 00 0A 00        		.dw 0x0d,0x0a
000080C4                    	.code
                            	LM23:
000080C4 40 F0 26 80        		call _delay	// call without return value
000006E1                    	.debug
000006E1 2E 00 73 00        		.dw '.stabn 0x44,0,33,',0,0
         74 00 61 00
         62 00 6E 00
         20 00 30 00
         78 00 34 00
         34 00 2C 00
         30 00 2C 00
         33 00 33 00
         2C 00 00 00
         00 00      
000006F4 62 00 00 00        		.dd LM24-_main
000006F6 0D 00 0A 00        		.dw 0x0d,0x0a
000080C6                    	.code
                            	LM24:
000080C6 0F 9F 76 80        		pc=L14	// Indirect jump
                            	L15:
000006F8                    	.debug
000006F8 2E 00 73 00        		.dw '.stabn 0x44,0,34,',0,0
         74 00 61 00
         62 00 6E 00
         20 00 30 00
         78 00 34 00
         34 00 2C 00
         30 00 2C 00
         33 00 34 00
         2C 00 00 00
         00 00      
0000070B 64 00 00 00        		.dd LM25-_main
0000070D 0D 00 0A 00        		.dw 0x0d,0x0a
000080C8                    	.code
                            	LM25:
                            	LBE3:
0000070F                    	.debug
0000070F 2E 00 73 00        		.dw '.stabn 0x44,0,34,',0,0
         74 00 61 00
         62 00 6E 00
         20 00 30 00
         78 00 34 00
         34 00 2C 00
         30 00 2C 00
         33 00 34 00
         2C 00 00 00
         00 00      
00000722 64 00 00 00        		.dd LM26-_main
00000724 0D 00 0A 00        		.dw 0x0d,0x0a
000080C8                    	.code
                            	LM26:
                            	L13:
                            	
000080C8 44 00              		sp+=4
000080C9 88 98              		pop bp from [sp]
000080CA 90 9A              		retf
                            		.endp	// end of main
                            	
00000726                    	.debug
00000726 2E 00 73 00        		.dw '.stabn 0xc0,0,0,',0,0
         74 00 61 00
         62 00 6E 00
         20 00 30 00
         78 00 63 00
         30 00 2C 00
         30 00 2C 00
         30 00 2C 00
         00 00 00 00
00000738 07 00 00 00        		.dd LBB3-_main
0000073A 0D 00 0A 00        		.dw 0x0d,0x0a
000080CB                    	.code
0000073C                    	.debug
0000073C 2E 00 73 00        		.dw '.stabs "a:1",128,0,0,0',0x0d,0x0a
         74 00 61 00
         62 00 73 00
         20 00 22 00
         61 00 3A 00
         31 00 22 00
         2C 00 31 00
         32 00 38 00
         2C 00 30 00
         2C 00 30 00
         2C 00 30 00
         0D 00 0A 00
000080CB                    	.CODE
00000754                    	.debug
00000754 2E 00 73 00        		.dw '.stabs "b:1",128,0,0,1',0x0d,0x0a
         74 00 61 00
         62 00 73 00
         20 00 22 00
         62 00 3A 00
         31 00 22 00
         2C 00 31 00
         32 00 38 00
         2C 00 30 00
         2C 00 30 00
         2C 00 31 00
         0D 00 0A 00
000080CB                    	.CODE
0000076C                    	.debug
0000076C 2E 00 73 00        		.dw '.stabs "i:1",128,0,0,2',0x0d,0x0a
         74 00 61 00
         62 00 73 00
         20 00 22 00
         69 00 3A 00
         31 00 22 00
         2C 00 31 00
         32 00 38 00
         2C 00 30 00
         2C 00 30 00
         2C 00 32 00
         0D 00 0A 00
000080CB                    	.CODE
00000784                    	.debug
00000784 2E 00 73 00        		.dw '.stabn 0xe0,0,0,',0,0
         74 00 61 00
         62 00 6E 00
         20 00 30 00
         78 00 65 00
         30 00 2C 00
         30 00 2C 00
         30 00 2C 00
         00 00 00 00
00000796 64 00 00 00        		.dd LBE3-_main
00000798 0D 00 0A 00        		.dw 0x0d,0x0a
000080CB                    	.code
0000079A                    	.debug
0000079A 2E 00 73 00        		.dw '.stabf ',0,0
         74 00 61 00
         62 00 66 00
         20 00 00 00
         00 00      
000007A3 67 00 00 00        		.dd LME2-_main
000007A5 0D 00 0A 00        		.dw 0x0d,0x0a
000080CB                    	.code
                            	LME2:
                            		.end
0 error(s), 0 warning(s).

