C51 COMPILER V7.06   JINHANG                                                               12/19/2008 13:55:43 PAGE 1   


C51 COMPILER V7.06, COMPILATION OF MODULE JINHANG
OBJECT MODULE PLACED IN jinhang.OBJ
COMPILER INVOKED BY: d:\Program Files\Keil\C51\BIN\C51.EXE jinhang.c BROWSE DEBUG OBJECTEXTEND

stmt level    source

   1          /*
   2          作者：赵永科
   3          学校：燕山大学
   4          学院：信息科学与工程学院
   5          日期：2008年10月5日
   6          
   7          */
   8          
   9          
  10          #include <at89x51.h>
  11          
  12          #define PIN 0xf0           //
  13          unsigned char code bits[]={0xfe,0xfd,0xfb,0xf7,0xef,0xdf,0xbf,0x7f,0xff};
  14          unsigned char code tb_LI[]={
  15          /*--  文字:  里  --*/
  16          /*--  宋体12;  此字体下对应的点阵为：宽x高=16x16   --*/
  17          0x3F,0xF8,0x21,0x08,0x21,0x08,0x21,0x08,0x3F,0xF8,0x21,0x08,0x21,0x08,0x3F,0xF8,
  18          0x01,0x00,0x01,0x00,0x3F,0xF8,0x01,0x00,0x01,0x00,0x01,0x00,0xFF,0xFE,0x00,0x00
  19          };
  20          unsigned char code tb_REN[]={
  21          /*--  文字:  仁  --*/
  22          /*--  宋体12;  此字体下对应的点阵为：宽x高=16x16   --*/
  23          0x10,0x00,0x18,0x08,0x17,0xFC,0x30,0x00,0x20,0x00,0x60,0x00,0xA0,0x00,0x20,0x00,
  24          0x20,0x00,0x20,0x00,0x20,0x00,0x20,0x04,0x2F,0xFE,0x20,0x00,0x20,0x00,0x00,0x00
  25          };
  26          
  27          unsigned char code tb_WEI[]={
  28          /*--  文字:  为  --*/
  29          /*--  宋体12;  此字体下对应的点阵为：宽x高=16x16   --*/
  30          0x00,0x80,0x10,0x80,0x0C,0x80,0x04,0x84,0x7F,0xFE,0x01,0x04,0x01,0x04,0x01,0x84,
  31          0x01,0x44,0x02,0x24,0x02,0x24,0x04,0x04,0x08,0x44,0x10,0x28,0x20,0x10,0x00,0x00
  32          };
  33          unsigned char code tb_MEI[]={
  34          /*--  文字:  美  --*/
  35          /*--  宋体12;  此字体下对应的点阵为：宽x高=16x16   --*/
  36          0x08,0x20,0x04,0x40,0x7F,0xFC,0x01,0x00,0x1F,0xF8,0x01,0x00,0x01,0x00,0x7F,0xFE,
  37          0x01,0x00,0x01,0x00,0x3F,0xFC,0x02,0x80,0x04,0x40,0x08,0x30,0x30,0x1C,0xC0,0x08
  38          };
  39          
  40          void shortdelay(void)
  41          {
  42   1              unsigned char i,j;
  43   1              for(i=40;i;i--)
  44   1                      for(j=40;j;j--);
  45   1      }
  46          
  47          void longdelay(void)
  48          {
  49   1              unsigned char i,j,k;
  50   1              for(i=255;i;i--)
  51   1                      for(j=200;j;j--)
  52   1                              for(k=1;k;k--);
  53   1      }
  54          void show(unsigned char * tb)
  55          {
C51 COMPILER V7.06   JINHANG                                                               12/19/2008 13:55:43 PAGE 2   

  56   1      /*
  57   1      P1:矩阵列
  58   1      P2:矩阵行扫描前八行
  59   1      P0:矩阵行扫描后八行
  60   1      
  61   1      */      unsigned char P=10;
  62   1              unsigned char i;
  63   1              while(P--)
  64   1              {
  65   2              for(i=0;i<16;i++)
  66   2              {
  67   3                      P1=i;
  68   3                      P2=tb[2*i];
  69   3                      P0=tb[2*i+1];
  70   3                      shortdelay();
  71   3              }
  72   2              P1=i;
  73   2              }
  74   1      //      longdelay();
  75   1      }               
  76                          
  77          void main(void)
  78          {
  79   1      //      unsigned char lie;
  80   1      //      
  81   1              
  82   1              
  83   1              
  84   1              
  85   1              while(1)
  86   1              {
  87   2                 show(tb_LI);
  88   2                 
  89   2                 show(tb_REN);
  90   2                 
  91   2                 show(tb_WEI);
  92   2                 show(tb_MEI);                        
  93   2      
  94   2              }
  95   1                              
  96   1      }
  97          
  98          


MODULE INFORMATION:   STATIC OVERLAYABLE
   CODE SIZE        =    136    ----
   CONSTANT SIZE    =    137    ----
   XDATA SIZE       =   ----    ----
   PDATA SIZE       =   ----    ----
   DATA SIZE        =   ----       3
   IDATA SIZE       =   ----    ----
   BIT SIZE         =   ----    ----
END OF MODULE INFORMATION.


C51 COMPILATION COMPLETE.  0 WARNING(S),  0 ERROR(S)
