Sunplus u'nSP Assembler - Ver. 1.14.3.1

                            	// GCC for SUNPLUS u'nSP version 1.0.21-3
                            	// Command: D:\PROGRA~1\SunPlus\UNSPID~1.0\cc1.exe C:\DOCUME~1\a\LOCALS~1\Temp\ccO4aaaa.i -fkeep-inline-functions -quiet -dumpbase my525.c -mglobal-var-iram -gstabs -Wall -o .\Debug/my525.asm
                            		.external __sn_func_ptr_sec
                            	
                            	// gcc2_compiled.:
                            	
00000000                    	.debug
00000000 2E 00 73 00        		.dw '.stabs "D:/¸öÈË¹¤³ÌÎÄ¼þ¼Ð/kkkProject/MyProject/SunPlusProgram/525/",0x64,0,3,',0,0,offset Ltext0,seg Ltext0,0x0d,0x0a
         74 00 61 00
         62 00 73 00
         20 00 22 00
         44 00 3A 00
         2F 00 B8 00
         F6 00 C8 00
         CB 00 B9 00
         A4 00 B3 00
         CC 00 CE 00
         C4 00 BC 00
         FE 00 BC 00
         D0 00 2F 00
         6B 00 6B 00
         6B 00 50 00
         72 00 6F 00
         6A 00 65 00
         63 00 74 00
         2F 00 4D 00
         79 00 50 00
         72 00 6F 00
         6A 00 65 00
         63 00 74 00
         2F 00 53 00
         75 00 6E 00
         50 00 6C 00
         75 00 73 00
         50 00 72 00
         6F 00 67 00
         72 00 61 00
         6D 00 2F 00
         35 00 32 00
         35 00 2F 00
         22 00 2C 00
         30 00 78 00
         36 00 34 00
         2C 00 30 00
         2C 00 33 00
         2C 00 00 00
         00 00 00 00
         00 00 0D 00
         0A 00      
00000000                    	.code
00000053                    	.debug
00000053 2E 00 73 00        		.dw '.stabs "D:/¸/366È/313¹/244³/314Î/304¼/376¼/320/kkkProject/MyProject/SunPlusProgram/525/my525.c",0x64,0,3,',0,0,offset Ltext0,seg Ltext0,0x0d,0x0a
         74 00 61 00
         62 00 73 00
         20 00 22 00
         44 00 3A 00
         2F 00 B8 00
         2F 00 33 00
         36 00 36 00
         C8 00 2F 00
         33 00 31 00
         33 00 B9 00
         2F 00 32 00
         34 00 34 00
         B3 00 2F 00
         33 00 31 00
         34 00 CE 00
         2F 00 33 00
         30 00 34 00
         BC 00 2F 00
         33 00 37 00
         36 00 BC 00
         2F 00 33 00
         32 00 30 00
         2F 00 6B 00
         6B 00 6B 00
         50 00 72 00
         6F 00 6A 00
         65 00 63 00
         74 00 2F 00
         4D 00 79 00
         50 00 72 00
         6F 00 6A 00
         65 00 63 00
         74 00 2F 00
         53 00 75 00
         6E 00 50 00
         6C 00 75 00
         73 00 50 00
         72 00 6F 00
         67 00 72 00
         61 00 6D 00
         2F 00 35 00
         32 00 35 00
         2F 00 6D 00
         79 00 35 00
         32 00 35 00
         2E 00 63 00
         22 00 2C 00
         30 00 78 00
         36 00 34 00
         2C 00 30 00
         2C 00 33 00
         2C 00 00 00
         00 00 00 00
         00 00 0D 00
         0A 00      
00000000                    	.code
00000000                    	.code
                            	Ltext0:
000000C2                    	.debug
000000C2 2E 00 73 00        		.dw '.stabs "int:t1=r1;-32768;32767;",128,0,0,0',0x0d,0x0a
         74 00 61 00
         62 00 73 00
         20 00 22 00
         69 00 6E 00
         74 00 3A 00
         74 00 31 00
         3D 00 72 00
         31 00 3B 00
         2D 00 33 00
         32 00 37 00
         36 00 38 00
         3B 00 33 00
         32 00 37 00
         36 00 37 00
         3B 00 22 00
         2C 00 31 00
         32 00 38 00
         2C 00 30 00
         2C 00 30 00
         2C 00 30 00
         0D 00 0A 00
00000000                    	.CODE
000000EE                    	.debug
000000EE 2E 00 73 00        		.dw '.stabs "char:t2=r2;0;127;",128,0,0,0',0x0d,0x0a
         74 00 61 00
         62 00 73 00
         20 00 22 00
         63 00 68 00
         61 00 72 00
         3A 00 74 00
         32 00 3D 00
         72 00 32 00
         3B 00 30 00
         3B 00 31 00
         32 00 37 00
         3B 00 22 00
         2C 00 31 00
         32 00 38 00
         2C 00 30 00
         2C 00 30 00
         2C 00 30 00
         0D 00 0A 00
00000000                    	.CODE
00000114                    	.debug
00000114 2E 00 73 00        		.dw '.stabs "long int:t3=r3;-2147483648;2147483647;",128,0,0,0',0x0d,0x0a
         74 00 61 00
         62 00 73 00
         20 00 22 00
         6C 00 6F 00
         6E 00 67 00
         20 00 69 00
         6E 00 74 00
         3A 00 74 00
         33 00 3D 00
         72 00 33 00
         3B 00 2D 00
         32 00 31 00
         34 00 37 00
         34 00 38 00
         33 00 36 00
         34 00 38 00
         3B 00 32 00
         31 00 34 00
         37 00 34 00
         38 00 33 00
         36 00 34 00
         37 00 3B 00
         22 00 2C 00
         31 00 32 00
         38 00 2C 00
         30 00 2C 00
         30 00 2C 00
         30 00 0D 00
         0A 00      
00000000                    	.CODE
0000014F                    	.debug
0000014F 2E 00 73 00        		.dw '.stabs "unsigned int:t4=r4;0;65535;",128,0,0,0',0x0d,0x0a
         74 00 61 00
         62 00 73 00
         20 00 22 00
         75 00 6E 00
         73 00 69 00
         67 00 6E 00
         65 00 64 00
         20 00 69 00
         6E 00 74 00
         3A 00 74 00
         34 00 3D 00
         72 00 34 00
         3B 00 30 00
         3B 00 36 00
         35 00 35 00
         33 00 35 00
         3B 00 22 00
         2C 00 31 00
         32 00 38 00
         2C 00 30 00
         2C 00 30 00
         2C 00 30 00
         0D 00 0A 00
00000000                    	.CODE
0000017F                    	.debug
0000017F 2E 00 73 00        		.dw '.stabs "long unsigned int:t5=r5;0;4294967295;",128,0,0,0',0x0d,0x0a
         74 00 61 00
         62 00 73 00
         20 00 22 00
         6C 00 6F 00
         6E 00 67 00
         20 00 75 00
         6E 00 73 00
         69 00 67 00
         6E 00 65 00
         64 00 20 00
         69 00 6E 00
         74 00 3A 00
         74 00 35 00
         3D 00 72 00
         35 00 3B 00
         30 00 3B 00
         34 00 32 00
         39 00 34 00
         39 00 36 00
         37 00 32 00
         39 00 35 00
         3B 00 22 00
         2C 00 31 00
         32 00 38 00
         2C 00 30 00
         2C 00 30 00
         2C 00 30 00
         0D 00 0A 00
00000000                    	.CODE
000001B9                    	.debug
000001B9 2E 00 73 00        		.dw '.stabs "long long int:t6=r6;-2147483648;2147483647;",128,0,0,0',0x0d,0x0a
         74 00 61 00
         62 00 73 00
         20 00 22 00
         6C 00 6F 00
         6E 00 67 00
         20 00 6C 00
         6F 00 6E 00
         67 00 20 00
         69 00 6E 00
         74 00 3A 00
         74 00 36 00
         3D 00 72 00
         36 00 3B 00
         2D 00 32 00
         31 00 34 00
         37 00 34 00
         38 00 33 00
         36 00 34 00
         38 00 3B 00
         32 00 31 00
         34 00 37 00
         34 00 38 00
         33 00 36 00
         34 00 37 00
         3B 00 22 00
         2C 00 31 00
         32 00 38 00
         2C 00 30 00
         2C 00 30 00
         2C 00 30 00
         0D 00 0A 00
00000000                    	.CODE
000001F9                    	.debug
000001F9 2E 00 73 00        		.dw '.stabs "long long unsigned int:t7=r7;0;4294967295;",128,0,0,0',0x0d,0x0a
         74 00 61 00
         62 00 73 00
         20 00 22 00
         6C 00 6F 00
         6E 00 67 00
         20 00 6C 00
         6F 00 6E 00
         67 00 20 00
         75 00 6E 00
         73 00 69 00
         67 00 6E 00
         65 00 64 00
         20 00 69 00
         6E 00 74 00
         3A 00 74 00
         37 00 3D 00
         72 00 37 00
         3B 00 30 00
         3B 00 34 00
         32 00 39 00
         34 00 39 00
         36 00 37 00
         32 00 39 00
         35 00 3B 00
         22 00 2C 00
         31 00 32 00
         38 00 2C 00
         30 00 2C 00
         30 00 2C 00
         30 00 0D 00
         0A 00      
00000000                    	.CODE
00000238                    	.debug
00000238 2E 00 73 00        		.dw '.stabs "short int:t8=r8;-32768;32767;",128,0,0,0',0x0d,0x0a
         74 00 61 00
         62 00 73 00
         20 00 22 00
         73 00 68 00
         6F 00 72 00
         74 00 20 00
         69 00 6E 00
         74 00 3A 00
         74 00 38 00
         3D 00 72 00
         38 00 3B 00
         2D 00 33 00
         32 00 37 00
         36 00 38 00
         3B 00 33 00
         32 00 37 00
         36 00 37 00
         3B 00 22 00
         2C 00 31 00
         32 00 38 00
         2C 00 30 00
         2C 00 30 00
         2C 00 30 00
         0D 00 0A 00
00000000                    	.CODE
0000026A                    	.debug
0000026A 2E 00 73 00        		.dw '.stabs "short unsigned int:t9=r9;0;65535;",128,0,0,0',0x0d,0x0a
         74 00 61 00
         62 00 73 00
         20 00 22 00
         73 00 68 00
         6F 00 72 00
         74 00 20 00
         75 00 6E 00
         73 00 69 00
         67 00 6E 00
         65 00 64 00
         20 00 69 00
         6E 00 74 00
         3A 00 74 00
         39 00 3D 00
         72 00 39 00
         3B 00 30 00
         3B 00 36 00
         35 00 35 00
         33 00 35 00
         3B 00 22 00
         2C 00 31 00
         32 00 38 00
         2C 00 30 00
         2C 00 30 00
         2C 00 30 00
         0D 00 0A 00
00000000                    	.CODE
000002A0                    	.debug
000002A0 2E 00 73 00        		.dw '.stabs "signed char:t10=r10;-32768;32767;",128,0,0,0',0x0d,0x0a
         74 00 61 00
         62 00 73 00
         20 00 22 00
         73 00 69 00
         67 00 6E 00
         65 00 64 00
         20 00 63 00
         68 00 61 00
         72 00 3A 00
         74 00 31 00
         30 00 3D 00
         72 00 31 00
         30 00 3B 00
         2D 00 33 00
         32 00 37 00
         36 00 38 00
         3B 00 33 00
         32 00 37 00
         36 00 37 00
         3B 00 22 00
         2C 00 31 00
         32 00 38 00
         2C 00 30 00
         2C 00 30 00
         2C 00 30 00
         0D 00 0A 00
00000000                    	.CODE
000002D6                    	.debug
000002D6 2E 00 73 00        		.dw '.stabs "unsigned char:t11=r11;0;65535;",128,0,0,0',0x0d,0x0a
         74 00 61 00
         62 00 73 00
         20 00 22 00
         75 00 6E 00
         73 00 69 00
         67 00 6E 00
         65 00 64 00
         20 00 63 00
         68 00 61 00
         72 00 3A 00
         74 00 31 00
         31 00 3D 00
         72 00 31 00
         31 00 3B 00
         30 00 3B 00
         36 00 35 00
         35 00 33 00
         35 00 3B 00
         22 00 2C 00
         31 00 32 00
         38 00 2C 00
         30 00 2C 00
         30 00 2C 00
         30 00 0D 00
         0A 00      
00000000                    	.CODE
00000309                    	.debug
00000309 2E 00 73 00        		.dw '.stabs "float:t12=r1;2;0;",128,0,0,0',0x0d,0x0a
         74 00 61 00
         62 00 73 00
         20 00 22 00
         66 00 6C 00
         6F 00 61 00
         74 00 3A 00
         74 00 31 00
         32 00 3D 00
         72 00 31 00
         3B 00 32 00
         3B 00 30 00
         3B 00 22 00
         2C 00 31 00
         32 00 38 00
         2C 00 30 00
         2C 00 30 00
         2C 00 30 00
         0D 00 0A 00
00000000                    	.CODE
0000032F                    	.debug
0000032F 2E 00 73 00        		.dw '.stabs "double:t13=r1;2;0;",128,0,0,0',0x0d,0x0a
         74 00 61 00
         62 00 73 00
         20 00 22 00
         64 00 6F 00
         75 00 62 00
         6C 00 65 00
         3A 00 74 00
         31 00 33 00
         3D 00 72 00
         31 00 3B 00
         32 00 3B 00
         30 00 3B 00
         22 00 2C 00
         31 00 32 00
         38 00 2C 00
         30 00 2C 00
         30 00 2C 00
         30 00 0D 00
         0A 00      
00000000                    	.CODE
00000356                    	.debug
00000356 2E 00 73 00        		.dw '.stabs "long double:t14=r1;2;0;",128,0,0,0',0x0d,0x0a
         74 00 61 00
         62 00 73 00
         20 00 22 00
         6C 00 6F 00
         6E 00 67 00
         20 00 64 00
         6F 00 75 00
         62 00 6C 00
         65 00 3A 00
         74 00 31 00
         34 00 3D 00
         72 00 31 00
         3B 00 32 00
         3B 00 30 00
         3B 00 22 00
         2C 00 31 00
         32 00 38 00
         2C 00 30 00
         2C 00 30 00
         2C 00 30 00
         0D 00 0A 00
00000000                    	.CODE
00000382                    	.debug
00000382 2E 00 73 00        		.dw '.stabs "complex int:t15=s2real:1,0,16;imag:1,16,16;;",128,0,0,0',0x0d,0x0a
         74 00 61 00
         62 00 73 00
         20 00 22 00
         63 00 6F 00
         6D 00 70 00
         6C 00 65 00
         78 00 20 00
         69 00 6E 00
         74 00 3A 00
         74 00 31 00
         35 00 3D 00
         73 00 32 00
         72 00 65 00
         61 00 6C 00
         3A 00 31 00
         2C 00 30 00
         2C 00 31 00
         36 00 3B 00
         69 00 6D 00
         61 00 67 00
         3A 00 31 00
         2C 00 31 00
         36 00 2C 00
         31 00 36 00
         3B 00 3B 00
         22 00 2C 00
         31 00 32 00
         38 00 2C 00
         30 00 2C 00
         30 00 2C 00
         30 00 0D 00
         0A 00      
00000000                    	.CODE
000003C3                    	.debug
000003C3 2E 00 73 00        		.dw '.stabs "complex float:t16=r16;2;0;",128,0,0,0',0x0d,0x0a
         74 00 61 00
         62 00 73 00
         20 00 22 00
         63 00 6F 00
         6D 00 70 00
         6C 00 65 00
         78 00 20 00
         66 00 6C 00
         6F 00 61 00
         74 00 3A 00
         74 00 31 00
         36 00 3D 00
         72 00 31 00
         36 00 3B 00
         32 00 3B 00
         30 00 3B 00
         22 00 2C 00
         31 00 32 00
         38 00 2C 00
         30 00 2C 00
         30 00 2C 00
         30 00 0D 00
         0A 00      
00000000                    	.CODE
000003F2                    	.debug
000003F2 2E 00 73 00        		.dw '.stabs "complex double:t17=r17;2;0;",128,0,0,0',0x0d,0x0a
         74 00 61 00
         62 00 73 00
         20 00 22 00
         63 00 6F 00
         6D 00 70 00
         6C 00 65 00
         78 00 20 00
         64 00 6F 00
         75 00 62 00
         6C 00 65 00
         3A 00 74 00
         31 00 37 00
         3D 00 72 00
         31 00 37 00
         3B 00 32 00
         3B 00 30 00
         3B 00 22 00
         2C 00 31 00
         32 00 38 00
         2C 00 30 00
         2C 00 30 00
         2C 00 30 00
         0D 00 0A 00
00000000                    	.CODE
00000422                    	.debug
00000422 2E 00 73 00        		.dw '.stabs "complex long double:t18=r18;2;0;",128,0,0,0',0x0d,0x0a
         74 00 61 00
         62 00 73 00
         20 00 22 00
         63 00 6F 00
         6D 00 70 00
         6C 00 65 00
         78 00 20 00
         6C 00 6F 00
         6E 00 67 00
         20 00 64 00
         6F 00 75 00
         62 00 6C 00
         65 00 3A 00
         74 00 31 00
         38 00 3D 00
         72 00 31 00
         38 00 3B 00
         32 00 3B 00
         30 00 3B 00
         22 00 2C 00
         31 00 32 00
         38 00 2C 00
         30 00 2C 00
         30 00 2C 00
         30 00 0D 00
         0A 00      
00000000                    	.CODE
00000457                    	.debug
00000457 2E 00 73 00        		.dw '.stabs "void:t19=19",128,0,0,0',0x0d,0x0a
         74 00 61 00
         62 00 73 00
         20 00 22 00
         76 00 6F 00
         69 00 64 00
         3A 00 74 00
         31 00 39 00
         3D 00 31 00
         39 00 22 00
         2C 00 31 00
         32 00 38 00
         2C 00 30 00
         2C 00 30 00
         2C 00 30 00
         0D 00 0A 00
00000000                    	.CODE
00000000                    	.code
00000477                    	.debug
00000477 2E 00 73 00        		.dw '.stabs "send525:F19",36,0,0,',0,0,offset _send525,seg _send525,0x0d,0x0a
         74 00 61 00
         62 00 73 00
         20 00 22 00
         73 00 65 00
         6E 00 64 00
         35 00 32 00
         35 00 3A 00
         46 00 31 00
         39 00 22 00
         2C 00 33 00
         36 00 2C 00
         30 00 2C 00
         30 00 2C 00
         00 00 00 00
         00 00 00 00
         0D 00 0A 00
00000000                    	.CODE
                            	.public _send525
                            	_send525:	.proc
00000499                    	.debug
00000499 2E 00 73 00        		.dw '.stabn 0x44,0,28,',0,0
         74 00 61 00
         62 00 6E 00
         20 00 30 00
         78 00 34 00
         34 00 2C 00
         30 00 2C 00
         32 00 38 00
         2C 00 00 00
         00 00      
000004AC 00 00 00 00        		.dd LM1-_send525
000004AE 0D 00 0A 00        		.dw 0x0d,0x0a
00000000                    	.code
                            	LM1:
                            		// total=3, vars=3
                            		// frame_pointer_needed: 1
00000000 88 DA              		push bp to [sp]
00000001 43 20              		sp-=3
00000002 08 0B 01 00        		bp=sp+1
                            	
00000004 0D 03 06 00        		R1=BP+6
000004B0                    	.debug
000004B0 2E 00 73 00        		.dw '.stabn 0x44,0,29,',0,0
         74 00 61 00
         62 00 6E 00
         20 00 30 00
         78 00 34 00
         34 00 2C 00
         30 00 2C 00
         32 00 39 00
         2C 00 00 00
         00 00      
000004C3 06 00 00 00        		.dd LM2-_send525
000004C5 0D 00 0A 00        		.dw 0x0d,0x0a
00000006                    	.code
                            	LM2:
                            	LBB2:
000004C7                    	.debug
000004C7 2E 00 73 00        		.dw '.stabn 0x44,0,30,',0,0
         74 00 61 00
         62 00 6E 00
         20 00 30 00
         78 00 34 00
         34 00 2C 00
         30 00 2C 00
         33 00 30 00
         2C 00 00 00
         00 00      
000004DA 06 00 00 00        		.dd LM3-_send525
000004DC 0D 00 0A 00        		.dw 0x0d,0x0a
00000006                    	.code
                            	LM3:
00000006 12 95 00 70        		R2=[28672]	// QImode move
00000008 0A B7 FB FF        		R3=R2&(-5)
0000000A 1B D7 00 70        		[28672]=R3	// QImode move
000004DE                    	.debug
000004DE 2E 00 73 00        		.dw '.stabn 0x44,0,31,',0,0
         74 00 61 00
         62 00 6E 00
         20 00 30 00
         78 00 34 00
         34 00 2C 00
         30 00 2C 00
         33 00 31 00
         2C 00 00 00
         00 00      
000004F1 0C 00 00 00        		.dd LM4-_send525
000004F3 0D 00 0A 00        		.dw 0x0d,0x0a
0000000C                    	.code
                            	LM4:
0000000C 12 95 00 70        		R2=[28672]	// QImode move
0000000E 0A B7 FE FF        		R3=R2&(-2)
00000010 1B D7 00 70        		[28672]=R3	// QImode move
000004F5                    	.debug
000004F5 2E 00 73 00        		.dw '.stabn 0x44,0,32,',0,0
         74 00 61 00
         62 00 6E 00
         20 00 30 00
         78 00 34 00
         34 00 2C 00
         30 00 2C 00
         33 00 32 00
         2C 00 00 00
         00 00      
00000508 12 00 00 00        		.dd LM5-_send525
0000050A 0D 00 0A 00        		.dw 0x0d,0x0a
00000012                    	.code
                            	LM5:
00000012 01 95              		R2=R1	// QImode move
00000013 C2 96              		R3=[R2]	// QImode move
00000014 0B B7 FC 0F        		R3=R3&4092
00000016 C2 D6              		[R2]=R3	// QImode move
0000050C                    	.debug
0000050C 2E 00 73 00        		.dw '.stabn 0x44,0,33,',0,0
         74 00 61 00
         62 00 6E 00
         20 00 30 00
         78 00 34 00
         34 00 2C 00
         30 00 2C 00
         33 00 33 00
         2C 00 00 00
         00 00      
0000051F 17 00 00 00        		.dd LM6-_send525
00000521 0D 00 0A 00        		.dw 0x0d,0x0a
00000017                    	.code
                            	LM6:
00000017 01 99              		R4=R1	// QImode move
00000018 C4 94              		R2=[R4]	// QImode move
00000019 0A A5 00 80        		R2=R2|(-32768)
0000001B C4 D4              		[R4]=R2	// QImode move
00000523                    	.debug
00000523 2E 00 73 00        		.dw '.stabn 0x44,0,34,',0,0
         74 00 61 00
         62 00 6E 00
         20 00 30 00
         78 00 34 00
         34 00 2C 00
         30 00 2C 00
         33 00 34 00
         2C 00 00 00
         00 00      
00000536 1C 00 00 00        		.dd LM7-_send525
00000538 0D 00 0A 00        		.dw 0x0d,0x0a
0000001C                    	.code
                            	LM7:
0000001C 41 94              		R2=1	// QImode move
0000001D 1A D5 12 70        		[28690]=R2	// QImode move
0000053A                    	.debug
0000053A 2E 00 73 00        		.dw '.stabn 0x44,0,35,',0,0
         74 00 61 00
         62 00 6E 00
         20 00 30 00
         78 00 34 00
         34 00 2C 00
         30 00 2C 00
         33 00 35 00
         2C 00 00 00
         00 00      
0000054D 1F 00 00 00        		.dd LM8-_send525
0000054F 0D 00 0A 00        		.dw 0x0d,0x0a
0000001F                    	.code
                            	LM8:
0000001F 05 95              		R2=BP	// QImode move
00000020 0D 07 01 00        		R3=BP+1
00000022 40 94              		R2=0	// QImode move
00000023 03 99              		R4=R3	// QImode move
00000024 C4 D4              		[R4]=R2	// QImode move
                            	L3:
00000025 05 95              		R2=BP	// QImode move
00000026 0D 07 01 00        		R3=BP+1
00000028 03 99              		R4=R3	// QImode move
00000029 C4 94              		R2=[R4]	// QImode move
0000002A 4F 44              		CMP R2,15	// QImode compare
0000002B 04 AE 01 EE        		NSJNG L6	//QImode LE
         00 EE      
0000002E 0F 9F 77 00        		pc=L4	// Indirect jump
                            	L6:
00000551                    	.debug
00000551 2E 00 73 00        		.dw '.stabn 0x44,0,37,',0,0
         74 00 61 00
         62 00 6E 00
         20 00 30 00
         78 00 34 00
         34 00 2C 00
         30 00 2C 00
         33 00 37 00
         2C 00 00 00
         00 00      
00000564 30 00 00 00        		.dd LM9-_send525
00000566 0D 00 0A 00        		.dw 0x0d,0x0a
00000030                    	.code
                            	LM9:
00000030 01 95              		R2=R1	// QImode move
00000031 C2 94              		R2=[R2]	// QImode move
00000032 0A B5 00 80        		R2=R2&(-32768)
00000034 C5 D4              		[BP]=R2	// QImode move
00000568                    	.debug
00000568 2E 00 73 00        		.dw '.stabn 0x44,0,38,',0,0
         74 00 61 00
         62 00 6E 00
         20 00 30 00
         78 00 34 00
         34 00 2C 00
         30 00 2C 00
         33 00 38 00
         2C 00 00 00
         00 00      
0000057B 35 00 00 00        		.dd LM10-_send525
0000057D 0D 00 0A 00        		.dw 0x0d,0x0a
00000035                    	.code
                            	LM10:
00000035 01 97              		R3=R1	// QImode move
00000036 C3 94              		R2=[R3]	// QImode move
00000037 42 97              		R3=R2 lsl 1
00000038 01 99              		R4=R1	// QImode move
00000039 C4 D6              		[R4]=R3	// QImode move
0000057F                    	.debug
0000057F 2E 00 73 00        		.dw '.stabn 0x44,0,39,',0,0
         74 00 61 00
         62 00 6E 00
         20 00 30 00
         78 00 34 00
         34 00 2C 00
         30 00 2C 00
         33 00 39 00
         2C 00 00 00
         00 00      
00000592 3A 00 00 00        		.dd LM11-_send525
00000594 0D 00 0A 00        		.dw 0x0d,0x0a
0000003A                    	.code
                            	LM11:
0000003A C5 94              		R2=[BP]	// QImode move
0000003B 40 44              		CMP R2,0	// QImode test
0000003C 16 5E 01 EE        		NSJZ L7	//QImode EQ
         00 EE      
00000596                    	.debug
00000596 2E 00 73 00        		.dw '.stabn 0x44,0,41,',0,0
         74 00 61 00
         62 00 6E 00
         20 00 30 00
         78 00 34 00
         34 00 2C 00
         30 00 2C 00
         34 00 31 00
         2C 00 00 00
         00 00      
000005A9 3F 00 00 00        		.dd LM12-_send525
000005AB 0D 00 0A 00        		.dw 0x0d,0x0a
0000003F                    	.code
                            	LM12:
0000003F 12 95 00 70        		R2=[28672]	// QImode move
00000041 0A A7 02 00        		R3=R2|2
00000043 1B D7 00 70        		[28672]=R3	// QImode move
000005AD                    	.debug
000005AD 2E 00 73 00        		.dw '.stabn 0x44,0,42,',0,0
         74 00 61 00
         62 00 6E 00
         20 00 30 00
         78 00 34 00
         34 00 2C 00
         30 00 2C 00
         34 00 32 00
         2C 00 00 00
         00 00      
000005C0 45 00 00 00        		.dd LM13-_send525
000005C2 0D 00 0A 00        		.dw 0x0d,0x0a
00000045                    	.code
                            	LM13:
00000045 12 95 00 70        		R2=[28672]	// QImode move
00000047 0A B7 FE FF        		R3=R2&(-2)
00000049 1B D7 00 70        		[28672]=R3	// QImode move
000005C4                    	.debug
000005C4 2E 00 73 00        		.dw '.stabn 0x44,0,43,',0,0
         74 00 61 00
         62 00 6E 00
         20 00 30 00
         78 00 34 00
         34 00 2C 00
         30 00 2C 00
         34 00 33 00
         2C 00 00 00
         00 00      
000005D7 4B 00 00 00        		.dd LM14-_send525
000005D9 0D 00 0A 00        		.dw 0x0d,0x0a
0000004B                    	.code
                            	LM14:
0000004B 12 95 00 70        		R2=[28672]	// QImode move
0000004D 0A A7 01 00        		R3=R2|1
0000004F 1B D7 00 70        		[28672]=R3	// QImode move
000005DB                    	.debug
000005DB 2E 00 73 00        		.dw '.stabn 0x44,0,44,',0,0
         74 00 61 00
         62 00 6E 00
         20 00 30 00
         78 00 34 00
         34 00 2C 00
         30 00 2C 00
         34 00 34 00
         2C 00 00 00
         00 00      
000005EE 51 00 00 00        		.dd LM15-_send525
000005F0 0D 00 0A 00        		.dw 0x0d,0x0a
00000051                    	.code
                            	LM15:
00000051 0F 9F 65 00        		pc=L5	// Indirect jump
                            	L7:
000005F2                    	.debug
000005F2 2E 00 73 00        		.dw '.stabn 0x44,0,47,',0,0
         74 00 61 00
         62 00 6E 00
         20 00 30 00
         78 00 34 00
         34 00 2C 00
         30 00 2C 00
         34 00 37 00
         2C 00 00 00
         00 00      
00000605 53 00 00 00        		.dd LM16-_send525
00000607 0D 00 0A 00        		.dw 0x0d,0x0a
00000053                    	.code
                            	LM16:
00000053 12 95 00 70        		R2=[28672]	// QImode move
00000055 0A B7 FD FF        		R3=R2&(-3)
00000057 1B D7 00 70        		[28672]=R3	// QImode move
00000609                    	.debug
00000609 2E 00 73 00        		.dw '.stabn 0x44,0,48,',0,0
         74 00 61 00
         62 00 6E 00
         20 00 30 00
         78 00 34 00
         34 00 2C 00
         30 00 2C 00
         34 00 38 00
         2C 00 00 00
         00 00      
0000061C 59 00 00 00        		.dd LM17-_send525
0000061E 0D 00 0A 00        		.dw 0x0d,0x0a
00000059                    	.code
                            	LM17:
00000059 12 95 00 70        		R2=[28672]	// QImode move
0000005B 0A B7 FE FF        		R3=R2&(-2)
0000005D 1B D7 00 70        		[28672]=R3	// QImode move
00000620                    	.debug
00000620 2E 00 73 00        		.dw '.stabn 0x44,0,49,',0,0
         74 00 61 00
         62 00 6E 00
         20 00 30 00
         78 00 34 00
         34 00 2C 00
         30 00 2C 00
         34 00 39 00
         2C 00 00 00
         00 00      
00000633 5F 00 00 00        		.dd LM18-_send525
00000635 0D 00 0A 00        		.dw 0x0d,0x0a
0000005F                    	.code
                            	LM18:
0000005F 12 95 00 70        		R2=[28672]	// QImode move
00000061 0A A7 01 00        		R3=R2|1
00000063 1B D7 00 70        		[28672]=R3	// QImode move
                            	L8:
00000637                    	.debug
00000637 2E 00 73 00        		.dw '.stabn 0x44,0,35,',0,0
         74 00 61 00
         62 00 6E 00
         20 00 30 00
         78 00 34 00
         34 00 2C 00
         30 00 2C 00
         33 00 35 00
         2C 00 00 00
         00 00      
0000064A 65 00 00 00        		.dd LM19-_send525
0000064C 0D 00 0A 00        		.dw 0x0d,0x0a
00000065                    	.code
                            	LM19:
                            	L5:
00000065 05 95              		R2=BP	// QImode move
00000066 0D 07 01 00        		R3=BP+1
00000068 05 99              		R4=BP	// QImode move
00000069 0D 05 01 00        		R2=BP+1
0000006B 05 97              		R3=BP	// QImode move
0000006C 0D 07 01 00        		R3=BP+1
0000006E 02 D6              		[bp+2]=R3	// QImode move
0000006F 02 98              		R4=[bp+2]	// QImode move
00000070 C4 96              		R3=[R4]	// QImode move
00000071 0B 09 01 00        		R4=R3+1
00000073 02 97              		R3=R2	// QImode move
00000074 C3 D8              		[R3]=R4	// QImode move
00000075 0F 9F 25 00        		pc=L3	// Indirect jump
                            	L4:
0000064E                    	.debug
0000064E 2E 00 73 00        		.dw '.stabn 0x44,0,52,',0,0
         74 00 61 00
         62 00 6E 00
         20 00 30 00
         78 00 34 00
         34 00 2C 00
         30 00 2C 00
         35 00 32 00
         2C 00 00 00
         00 00      
00000661 77 00 00 00        		.dd LM20-_send525
00000663 0D 00 0A 00        		.dw 0x0d,0x0a
00000077                    	.code
                            	LM20:
00000077 12 95 00 70        		R2=[28672]	// QImode move
00000079 0A A7 04 00        		R3=R2|4
0000007B 1B D7 00 70        		[28672]=R3	// QImode move
00000665                    	.debug
00000665 2E 00 73 00        		.dw '.stabn 0x44,0,53,',0,0
         74 00 61 00
         62 00 6E 00
         20 00 30 00
         78 00 34 00
         34 00 2C 00
         30 00 2C 00
         35 00 33 00
         2C 00 00 00
         00 00      
00000678 7D 00 00 00        		.dd LM21-_send525
0000067A 0D 00 0A 00        		.dw 0x0d,0x0a
0000007D                    	.code
                            	LM21:
                            	LBE2:
0000067C                    	.debug
0000067C 2E 00 73 00        		.dw '.stabn 0x44,0,53,',0,0
         74 00 61 00
         62 00 6E 00
         20 00 30 00
         78 00 34 00
         34 00 2C 00
         30 00 2C 00
         35 00 33 00
         2C 00 00 00
         00 00      
0000068F 7D 00 00 00        		.dd LM22-_send525
00000691 0D 00 0A 00        		.dw 0x0d,0x0a
0000007D                    	.code
                            	LM22:
                            	L2:
                            	
0000007D 43 00              		sp+=3
0000007E 88 98              		pop bp from [sp]
0000007F 90 9A              		retf
                            		.endp	// end of send525
                            	
00000693                    	.debug
00000693 2E 00 73 00        		.dw '.stabs "data:p1",160,0,0,6',0x0d,0x0a
         74 00 61 00
         62 00 73 00
         20 00 22 00
         64 00 61 00
         74 00 61 00
         3A 00 70 00
         31 00 22 00
         2C 00 31 00
         36 00 30 00
         2C 00 30 00
         2C 00 30 00
         2C 00 36 00
         0D 00 0A 00
00000080                    	.CODE
000006AF                    	.debug
000006AF 2E 00 73 00        		.dw '.stabn 0xc0,0,0,',0,0
         74 00 61 00
         62 00 6E 00
         20 00 30 00
         78 00 63 00
         30 00 2C 00
         30 00 2C 00
         30 00 2C 00
         00 00 00 00
000006C1 06 00 00 00        		.dd LBB2-_send525
000006C3 0D 00 0A 00        		.dw 0x0d,0x0a
00000080                    	.code
000006C5                    	.debug
000006C5 2E 00 73 00        		.dw '.stabs "temp:1",128,0,0,0',0x0d,0x0a
         74 00 61 00
         62 00 73 00
         20 00 22 00
         74 00 65 00
         6D 00 70 00
         3A 00 31 00
         22 00 2C 00
         31 00 32 00
         38 00 2C 00
         30 00 2C 00
         30 00 2C 00
         30 00 0D 00
         0A 00      
00000080                    	.CODE
000006E0                    	.debug
000006E0 2E 00 73 00        		.dw '.stabs "i:1",128,0,0,1',0x0d,0x0a
         74 00 61 00
         62 00 73 00
         20 00 22 00
         69 00 3A 00
         31 00 22 00
         2C 00 31 00
         32 00 38 00
         2C 00 30 00
         2C 00 30 00
         2C 00 31 00
         0D 00 0A 00
00000080                    	.CODE
000006F8                    	.debug
000006F8 2E 00 73 00        		.dw '.stabn 0xe0,0,0,',0,0
         74 00 61 00
         62 00 6E 00
         20 00 30 00
         78 00 65 00
         30 00 2C 00
         30 00 2C 00
         30 00 2C 00
         00 00 00 00
0000070A 7D 00 00 00        		.dd LBE2-_send525
0000070C 0D 00 0A 00        		.dw 0x0d,0x0a
00000080                    	.code
0000070E                    	.debug
0000070E 2E 00 73 00        		.dw '.stabf ',0,0
         74 00 61 00
         62 00 66 00
         20 00 00 00
         00 00      
00000717 80 00 00 00        		.dd LME1-_send525
00000719 0D 00 0A 00        		.dw 0x0d,0x0a
00000080                    	.code
                            	LME1:
00000080                    	.code
0000071B                    	.debug
0000071B 2E 00 73 00        		.dw '.stabs "init525:F19",36,0,0,',0,0,offset _init525,seg _init525,0x0d,0x0a
         74 00 61 00
         62 00 73 00
         20 00 22 00
         69 00 6E 00
         69 00 74 00
         35 00 32 00
         35 00 3A 00
         46 00 31 00
         39 00 22 00
         2C 00 33 00
         36 00 2C 00
         30 00 2C 00
         30 00 2C 00
         00 00 00 00
         80 00 00 00
         0D 00 0A 00
00000080                    	.CODE
                            	.public _init525
                            	_init525:	.proc
0000073D                    	.debug
0000073D 2E 00 73 00        		.dw '.stabn 0x44,0,57,',0,0
         74 00 61 00
         62 00 6E 00
         20 00 30 00
         78 00 34 00
         34 00 2C 00
         30 00 2C 00
         35 00 37 00
         2C 00 00 00
         00 00      
00000750 00 00 00 00        		.dd LM23-_init525
00000752 0D 00 0A 00        		.dw 0x0d,0x0a
00000080                    	.code
                            	LM23:
                            		// total=1, vars=1
                            		// frame_pointer_needed: 1
00000080 88 DA              		push bp to [sp]
00000081 41 20              		sp-=1
00000082 08 0B 01 00        		bp=sp+1
                            	
00000084 0D 03 04 00        		R1=BP+4
00000086 C5 D2              		[BP]=R1	// QImode move
00000754                    	.debug
00000754 2E 00 73 00        		.dw '.stabn 0x44,0,58,',0,0
         74 00 61 00
         62 00 6E 00
         20 00 30 00
         78 00 34 00
         34 00 2C 00
         30 00 2C 00
         35 00 38 00
         2C 00 00 00
         00 00      
00000767 07 00 00 00        		.dd LM24-_init525
00000769 0D 00 0A 00        		.dw 0x0d,0x0a
00000087                    	.code
                            	LM24:
00000087 11 93 02 70        		R1=[28674]	// QImode move
00000089 09 A5 0F 00        		R2=R1|15
0000008B 1A D5 02 70        		[28674]=R2	// QImode move
0000076B                    	.debug
0000076B 2E 00 73 00        		.dw '.stabn 0x44,0,59,',0,0
         74 00 61 00
         62 00 6E 00
         20 00 30 00
         78 00 34 00
         34 00 2C 00
         30 00 2C 00
         35 00 39 00
         2C 00 00 00
         00 00      
0000077E 0D 00 00 00        		.dd LM25-_init525
00000780 0D 00 0A 00        		.dw 0x0d,0x0a
0000008D                    	.code
                            	LM25:
0000008D 11 93 03 70        		R1=[28675]	// QImode move
0000008F 09 A5 0F 00        		R2=R1|15
00000091 1A D5 03 70        		[28675]=R2	// QImode move
00000782                    	.debug
00000782 2E 00 73 00        		.dw '.stabn 0x44,0,60,',0,0
         74 00 61 00
         62 00 6E 00
         20 00 30 00
         78 00 34 00
         34 00 2C 00
         30 00 2C 00
         36 00 30 00
         2C 00 00 00
         00 00      
00000795 13 00 00 00        		.dd LM26-_init525
00000797 0D 00 0A 00        		.dw 0x0d,0x0a
00000093                    	.code
                            	LM26:
00000093 11 93 00 70        		R1=[28672]	// QImode move
00000095 09 B5 F0 FF        		R2=R1&(-16)
00000097 1A D5 00 70        		[28672]=R2	// QImode move
00000799                    	.debug
00000799 2E 00 73 00        		.dw '.stabn 0x44,0,61,',0,0
         74 00 61 00
         62 00 6E 00
         20 00 30 00
         78 00 34 00
         34 00 2C 00
         30 00 2C 00
         36 00 31 00
         2C 00 00 00
         00 00      
000007AC 19 00 00 00        		.dd LM27-_init525
000007AE 0D 00 0A 00        		.dw 0x0d,0x0a
00000099                    	.code
                            	LM27:
00000099 11 93 00 70        		R1=[28672]	// QImode move
0000009B 09 B5 F7 FF        		R2=R1&(-9)
0000009D 1A D5 00 70        		[28672]=R2	// QImode move
000007B0                    	.debug
000007B0 2E 00 73 00        		.dw '.stabn 0x44,0,62,',0,0
         74 00 61 00
         62 00 6E 00
         20 00 30 00
         78 00 34 00
         34 00 2C 00
         30 00 2C 00
         36 00 32 00
         2C 00 00 00
         00 00      
000007C3 1F 00 00 00        		.dd LM28-_init525
000007C5 0D 00 0A 00        		.dw 0x0d,0x0a
0000009F                    	.code
                            	LM28:
0000009F 11 93 00 70        		R1=[28672]	// QImode move
000000A1 09 A5 08 00        		R2=R1|8
000000A3 1A D5 00 70        		[28672]=R2	// QImode move
000007C7                    	.debug
000007C7 2E 00 73 00        		.dw '.stabn 0x44,0,63,',0,0
         74 00 61 00
         62 00 6E 00
         20 00 30 00
         78 00 34 00
         34 00 2C 00
         30 00 2C 00
         36 00 33 00
         2C 00 00 00
         00 00      
000007DA 25 00 00 00        		.dd LM29-_init525
000007DC 0D 00 0A 00        		.dw 0x0d,0x0a
000000A5                    	.code
                            	LM29:
000000A5 09 63 01 7F        		R1=(-32513)	// QImode move
000000A7 C8 D2              		[SP--]=R1	// QImode move
000000A8 40 F0 00 00        		call _send525	// call without return value
000000AA 41 00              		SP = SP + 1	//SP
000007DE                    	.debug
000007DE 2E 00 73 00        		.dw '.stabn 0x44,0,64,',0,0
         74 00 61 00
         62 00 6E 00
         20 00 30 00
         78 00 34 00
         34 00 2C 00
         30 00 2C 00
         36 00 34 00
         2C 00 00 00
         00 00      
000007F1 2B 00 00 00        		.dd LM30-_init525
000007F3 0D 00 0A 00        		.dw 0x0d,0x0a
000000AB                    	.code
                            	LM30:
000007F5                    	.debug
000007F5 2E 00 73 00        		.dw '.stabn 0x44,0,64,',0,0
         74 00 61 00
         62 00 6E 00
         20 00 30 00
         78 00 34 00
         34 00 2C 00
         30 00 2C 00
         36 00 34 00
         2C 00 00 00
         00 00      
00000808 2B 00 00 00        		.dd LM31-_init525
0000080A 0D 00 0A 00        		.dw 0x0d,0x0a
000000AB                    	.code
                            	LM31:
                            	L11:
                            	
000000AB 41 00              		sp+=1
000000AC 88 98              		pop bp from [sp]
000000AD 90 9A              		retf
                            		.endp	// end of init525
                            	
0000080C                    	.debug
0000080C 2E 00 73 00        		.dw '.stabf ',0,0
         74 00 61 00
         62 00 66 00
         20 00 00 00
         00 00      
00000815 2E 00 00 00        		.dd LME2-_init525
00000817 0D 00 0A 00        		.dw 0x0d,0x0a
000000AE                    	.code
                            	LME2:
000000AE                    	.code
00000819                    	.debug
00000819 2E 00 73 00        		.dw '.stabs "delay:F19",36,0,0,',0,0,offset _delay,seg _delay,0x0d,0x0a
         74 00 61 00
         62 00 73 00
         20 00 22 00
         64 00 65 00
         6C 00 61 00
         79 00 3A 00
         46 00 31 00
         39 00 22 00
         2C 00 33 00
         36 00 2C 00
         30 00 2C 00
         30 00 2C 00
         00 00 00 00
         AE 00 00 00
         0D 00 0A 00
000000AE                    	.CODE
                            	.public _delay
                            	_delay:	.proc
00000839                    	.debug
00000839 2E 00 73 00        		.dw '.stabn 0x44,0,67,',0,0
         74 00 61 00
         62 00 6E 00
         20 00 30 00
         78 00 34 00
         34 00 2C 00
         30 00 2C 00
         36 00 37 00
         2C 00 00 00
         00 00      
0000084C 00 00 00 00        		.dd LM32-_delay
0000084E 0D 00 0A 00        		.dw 0x0d,0x0a
000000AE                    	.code
                            	LM32:
                            		// total=3, vars=3
                            		// frame_pointer_needed: 1
000000AE 88 DA              		push bp to [sp]
000000AF 43 20              		sp-=3
000000B0 08 0B 01 00        		bp=sp+1
                            	
000000B2 0D 03 06 00        		R1=BP+6
00000850                    	.debug
00000850 2E 00 73 00        		.dw '.stabn 0x44,0,68,',0,0
         74 00 61 00
         62 00 6E 00
         20 00 30 00
         78 00 34 00
         34 00 2C 00
         30 00 2C 00
         36 00 38 00
         2C 00 00 00
         00 00      
00000863 06 00 00 00        		.dd LM33-_delay
00000865 0D 00 0A 00        		.dw 0x0d,0x0a
000000B4                    	.code
                            	LM33:
                            	LBB3:
00000867                    	.debug
00000867 2E 00 73 00        		.dw '.stabn 0x44,0,69,',0,0
         74 00 61 00
         62 00 6E 00
         20 00 30 00
         78 00 34 00
         34 00 2C 00
         30 00 2C 00
         36 00 39 00
         2C 00 00 00
         00 00      
0000087A 06 00 00 00        		.dd LM34-_delay
0000087C 0D 00 0A 00        		.dw 0x0d,0x0a
000000B4                    	.code
                            	LM34:
000000B4 40 94              		R2=0	// QImode move
000000B5 C5 D4              		[BP]=R2	// QImode move
                            	L13:
000000B6 C5 94              		R2=[BP]	// QImode move
000000B7 49 44              		CMP R2,9	// QImode compare
000000B8 04 AE 01 EE        		NSJNG L16	//QImode LE
         00 EE      
000000BB 0F 9F E9 00        		pc=L14	// Indirect jump
                            	L16:
0000087E                    	.debug
0000087E 2E 00 73 00        		.dw '.stabn 0x44,0,70,',0,0
         74 00 61 00
         62 00 6E 00
         20 00 30 00
         78 00 34 00
         34 00 2C 00
         30 00 2C 00
         37 00 30 00
         2C 00 00 00
         00 00      
00000891 0F 00 00 00        		.dd LM35-_delay
00000893 0D 00 0A 00        		.dw 0x0d,0x0a
000000BD                    	.code
                            	LM35:
000000BD 05 95              		R2=BP	// QImode move
000000BE 0D 07 01 00        		R3=BP+1
000000C0 40 94              		R2=0	// QImode move
000000C1 03 99              		R4=R3	// QImode move
000000C2 C4 D4              		[R4]=R2	// QImode move
                            	L17:
000000C3 05 95              		R2=BP	// QImode move
000000C4 0D 07 01 00        		R3=BP+1
000000C6 03 99              		R4=R3	// QImode move
000000C7 C4 94              		R2=[R4]	// QImode move
000000C8 49 44              		CMP R2,9	// QImode compare
000000C9 04 AE 01 EE        		NSJNG L20	//QImode LE
         00 EE      
000000CC 0F 9F E3 00        		pc=L15	// Indirect jump
                            	L20:
00000895                    	.debug
00000895 2E 00 73 00        		.dw '.stabn 0x44,0,71,',0,0
         74 00 61 00
         62 00 6E 00
         20 00 30 00
         78 00 34 00
         34 00 2C 00
         30 00 2C 00
         37 00 31 00
         2C 00 00 00
         00 00      
000008A8 20 00 00 00        		.dd LM36-_delay
000008AA 0D 00 0A 00        		.dw 0x0d,0x0a
000000CE                    	.code
                            	LM36:
000000CE 41 94              		R2=1	// QImode move
000000CF 1A D5 12 70        		[28690]=R2	// QImode move
000008AC                    	.debug
000008AC 2E 00 73 00        		.dw '.stabn 0x44,0,70,',0,0
         74 00 61 00
         62 00 6E 00
         20 00 30 00
         78 00 34 00
         34 00 2C 00
         30 00 2C 00
         37 00 30 00
         2C 00 00 00
         00 00      
000008BF 23 00 00 00        		.dd LM37-_delay
000008C1 0D 00 0A 00        		.dw 0x0d,0x0a
000000D1                    	.code
                            	LM37:
                            	L19:
000000D1 05 95              		R2=BP	// QImode move
000000D2 0D 07 01 00        		R3=BP+1
000000D4 05 99              		R4=BP	// QImode move
000000D5 0D 05 01 00        		R2=BP+1
000000D7 05 97              		R3=BP	// QImode move
000000D8 0D 07 01 00        		R3=BP+1
000000DA 02 D6              		[bp+2]=R3	// QImode move
000000DB 02 98              		R4=[bp+2]	// QImode move
000000DC C4 96              		R3=[R4]	// QImode move
000000DD 0B 09 01 00        		R4=R3+1
000000DF 02 97              		R3=R2	// QImode move
000000E0 C3 D8              		[R3]=R4	// QImode move
000000E1 0F 9F C3 00        		pc=L17	// Indirect jump
                            	L18:
000008C3                    	.debug
000008C3 2E 00 73 00        		.dw '.stabn 0x44,0,69,',0,0
         74 00 61 00
         62 00 6E 00
         20 00 30 00
         78 00 34 00
         34 00 2C 00
         30 00 2C 00
         36 00 39 00
         2C 00 00 00
         00 00      
000008D6 35 00 00 00        		.dd LM38-_delay
000008D8 0D 00 0A 00        		.dw 0x0d,0x0a
000000E3                    	.code
                            	LM38:
                            	L15:
000000E3 C5 94              		R2=[BP]	// QImode move
000000E4 0A 07 01 00        		R3=R2+1
000000E6 C5 D6              		[BP]=R3	// QImode move
000000E7 0F 9F B6 00        		pc=L13	// Indirect jump
                            	L14:
000008DA                    	.debug
000008DA 2E 00 73 00        		.dw '.stabn 0x44,0,72,',0,0
         74 00 61 00
         62 00 6E 00
         20 00 30 00
         78 00 34 00
         34 00 2C 00
         30 00 2C 00
         37 00 32 00
         2C 00 00 00
         00 00      
000008ED 3B 00 00 00        		.dd LM39-_delay
000008EF 0D 00 0A 00        		.dw 0x0d,0x0a
000000E9                    	.code
                            	LM39:
                            	LBE3:
000008F1                    	.debug
000008F1 2E 00 73 00        		.dw '.stabn 0x44,0,72,',0,0
         74 00 61 00
         62 00 6E 00
         20 00 30 00
         78 00 34 00
         34 00 2C 00
         30 00 2C 00
         37 00 32 00
         2C 00 00 00
         00 00      
00000904 3B 00 00 00        		.dd LM40-_delay
00000906 0D 00 0A 00        		.dw 0x0d,0x0a
000000E9                    	.code
                            	LM40:
                            	L12:
                            	
000000E9 43 00              		sp+=3
000000EA 88 98              		pop bp from [sp]
000000EB 90 9A              		retf
                            		.endp	// end of delay
                            	
00000908                    	.debug
00000908 2E 00 73 00        		.dw '.stabn 0xc0,0,0,',0,0
         74 00 61 00
         62 00 6E 00
         20 00 30 00
         78 00 63 00
         30 00 2C 00
         30 00 2C 00
         30 00 2C 00
         00 00 00 00
0000091A 06 00 00 00        		.dd LBB3-_delay
0000091C 0D 00 0A 00        		.dw 0x0d,0x0a
000000EC                    	.code
0000091E                    	.debug
0000091E 2E 00 73 00        		.dw '.stabs "i:1",128,0,0,0',0x0d,0x0a
         74 00 61 00
         62 00 73 00
         20 00 22 00
         69 00 3A 00
         31 00 22 00
         2C 00 31 00
         32 00 38 00
         2C 00 30 00
         2C 00 30 00
         2C 00 30 00
         0D 00 0A 00
000000EC                    	.CODE
00000936                    	.debug
00000936 2E 00 73 00        		.dw '.stabs "j:1",128,0,0,1',0x0d,0x0a
         74 00 61 00
         62 00 73 00
         20 00 22 00
         6A 00 3A 00
         31 00 22 00
         2C 00 31 00
         32 00 38 00
         2C 00 30 00
         2C 00 30 00
         2C 00 31 00
         0D 00 0A 00
000000EC                    	.CODE
0000094E                    	.debug
0000094E 2E 00 73 00        		.dw '.stabn 0xe0,0,0,',0,0
         74 00 61 00
         62 00 6E 00
         20 00 30 00
         78 00 65 00
         30 00 2C 00
         30 00 2C 00
         30 00 2C 00
         00 00 00 00
00000960 3B 00 00 00        		.dd LBE3-_delay
00000962 0D 00 0A 00        		.dw 0x0d,0x0a
000000EC                    	.code
00000964                    	.debug
00000964 2E 00 73 00        		.dw '.stabf ',0,0
         74 00 61 00
         62 00 66 00
         20 00 00 00
         00 00      
0000096D 3E 00 00 00        		.dd LME3-_delay
0000096F 0D 00 0A 00        		.dw 0x0d,0x0a
000000EC                    	.code
                            	LME3:
000000EC                    	.code
00000971                    	.debug
00000971 2E 00 73 00        		.dw '.stabs "main:F1",36,0,0,',0,0,offset _main,seg _main,0x0d,0x0a
         74 00 61 00
         62 00 73 00
         20 00 22 00
         6D 00 61 00
         69 00 6E 00
         3A 00 46 00
         31 00 22 00
         2C 00 33 00
         36 00 2C 00
         30 00 2C 00
         30 00 2C 00
         00 00 00 00
         EC 00 00 00
         0D 00 0A 00
000000EC                    	.CODE
                            	.public _main
                            	_main:	.proc
0000098F                    	.debug
0000098F 2E 00 73 00        		.dw '.stabn 0x44,0,74,',0,0
         74 00 61 00
         62 00 6E 00
         20 00 30 00
         78 00 34 00
         34 00 2C 00
         30 00 2C 00
         37 00 34 00
         2C 00 00 00
         00 00      
000009A2 00 00 00 00        		.dd LM41-_main
000009A4 0D 00 0A 00        		.dw 0x0d,0x0a
000000EC                    	.code
                            	LM41:
                            		// total=2, vars=2
                            		// frame_pointer_needed: 1
000000EC 88 DA              		push bp to [sp]
000000ED 42 20              		sp-=2
000000EE 08 0B 01 00        		bp=sp+1
                            	
000000F0 0D 03 05 00        		R1=BP+5
000000F2 01 D2              		[bp+1]=R1	// QImode move
000009A6                    	.debug
000009A6 2E 00 73 00        		.dw '.stabn 0x44,0,75,',0,0
         74 00 61 00
         62 00 6E 00
         20 00 30 00
         78 00 34 00
         34 00 2C 00
         30 00 2C 00
         37 00 35 00
         2C 00 00 00
         00 00      
000009B9 07 00 00 00        		.dd LM42-_main
000009BB 0D 00 0A 00        		.dw 0x0d,0x0a
000000F3                    	.code
                            	LM42:
                            	LBB4:
000009BD                    	.debug
000009BD 2E 00 73 00        		.dw '.stabn 0x44,0,76,',0,0
         74 00 61 00
         62 00 6E 00
         20 00 30 00
         78 00 34 00
         34 00 2C 00
         30 00 2C 00
         37 00 36 00
         2C 00 00 00
         00 00      
000009D0 07 00 00 00        		.dd LM43-_main
000009D2 0D 00 0A 00        		.dw 0x0d,0x0a
000000F3                    	.code
                            	LM43:
000000F3 40 F0 80 00        		call _init525	// call without return value
000009D4                    	.debug
000009D4 2E 00 73 00        		.dw '.stabn 0x44,0,77,',0,0
         74 00 61 00
         62 00 6E 00
         20 00 30 00
         78 00 34 00
         34 00 2C 00
         30 00 2C 00
         37 00 37 00
         2C 00 00 00
         00 00      
000009E7 09 00 00 00        		.dd LM44-_main
000009E9 0D 00 0A 00        		.dw 0x0d,0x0a
000000F5                    	.code
                            	LM44:
                            	L24:
000000F5 0F 9F F9 00        		pc=L26	// Indirect jump
000000F7 0F 9F 29 01        		pc=L25	// Indirect jump
                            	L26:
000009EB                    	.debug
000009EB 2E 00 73 00        		.dw '.stabn 0x44,0,79,',0,0
         74 00 61 00
         62 00 6E 00
         20 00 30 00
         78 00 34 00
         34 00 2C 00
         30 00 2C 00
         37 00 39 00
         2C 00 00 00
         00 00      
000009FE 0D 00 00 00        		.dd LM45-_main
00000A00 0D 00 0A 00        		.dw 0x0d,0x0a
000000F9                    	.code
                            	LM45:
000000F9 40 92              		R1=0	// QImode move
000000FA C5 D2              		[BP]=R1	// QImode move
                            	L27:
000000FB C5 92              		R1=[BP]	// QImode move
000000FC 09 43 39 01        		CMP R1,313	// QImode compare
000000FE 04 AE 01 EE        		NSJNG L30	//QImode LE
         00 EE      
00000101 0F 9F 24 01        		pc=L28	// Indirect jump
                            	L30:
00000A02                    	.debug
00000A02 2E 00 73 00        		.dw '.stabn 0x44,0,81,',0,0
         74 00 61 00
         62 00 6E 00
         20 00 30 00
         78 00 34 00
         34 00 2C 00
         30 00 2C 00
         38 00 31 00
         2C 00 00 00
         00 00      
00000A15 17 00 00 00        		.dd LM46-_main
00000A17 0D 00 0A 00        		.dw 0x0d,0x0a
00000103                    	.code
                            	LM46:
                            	LBB5:
00000103 C5 92              		R1=[BP]	// QImode move
00000104 C8 D2              		[SP--]=R1	// QImode move
00000105 40 F0 00 00        		call __cvi1f2	// call with return value
00000107 41 00              		SP = SP + 1	//SP
00000108 40 96              		R3=0	// HFmode immediate to register move
00000109 0C 99 C8 42        		R4=17096
0000010B 90 D8              		push R3,R4 to [sp]	// pushhf
0000010C 90 D4              		push R1,R2 to [sp]	// pushhf
0000010D 40 F0 00 00        		call __divf2	// call with return value
0000010F 44 00              		SP = SP + 4	//SP
00000110 90 D4              		push R1,R2 to [sp]	// pushhf
00000111 40 F0 00 00        		call _sinf	// call with return value
00000113 42 00              		SP = SP + 2	//SP
00000114 0A 95 64 00        		R2=100	// QImode move
00000116 0A F3              		mr=R1*R2	// r3=R1*R2 16bit=16bit*16bit
00000117 C8 D6              		[SP--]=R3	// QImode move
00000118 40 F0 00 00        		call _send525	// call without return value
0000011A 41 00              		SP = SP + 1	//SP
00000A19                    	.debug
00000A19 2E 00 73 00        		.dw '.stabn 0x44,0,82,',0,0
         74 00 61 00
         62 00 6E 00
         20 00 30 00
         78 00 34 00
         34 00 2C 00
         30 00 2C 00
         38 00 32 00
         2C 00 00 00
         00 00      
00000A2C 2F 00 00 00        		.dd LM47-_main
00000A2E 0D 00 0A 00        		.dw 0x0d,0x0a
0000011B                    	.code
                            	LM47:
0000011B 41 92              		R1=1	// QImode move
0000011C 19 D3 12 70        		[28690]=R1	// QImode move
00000A30                    	.debug
00000A30 2E 00 73 00        		.dw '.stabn 0x44,0,83,',0,0
         74 00 61 00
         62 00 6E 00
         20 00 30 00
         78 00 34 00
         34 00 2C 00
         30 00 2C 00
         38 00 33 00
         2C 00 00 00
         00 00      
00000A43 32 00 00 00        		.dd LM48-_main
00000A45 0D 00 0A 00        		.dw 0x0d,0x0a
0000011E                    	.code
                            	LM48:
                            	LBE5:
00000A47                    	.debug
00000A47 2E 00 73 00        		.dw '.stabn 0x44,0,79,',0,0
         74 00 61 00
         62 00 6E 00
         20 00 30 00
         78 00 34 00
         34 00 2C 00
         30 00 2C 00
         37 00 39 00
         2C 00 00 00
         00 00      
00000A5A 32 00 00 00        		.dd LM49-_main
00000A5C 0D 00 0A 00        		.dw 0x0d,0x0a
0000011E                    	.code
                            	LM49:
                            	L29:
0000011E C5 92              		R1=[BP]	// QImode move
0000011F 09 05 01 00        		R2=R1+1
00000121 C5 D4              		[BP]=R2	// QImode move
00000122 0F 9F FB 00        		pc=L27	// Indirect jump
                            	L28:
00000A5E                    	.debug
00000A5E 2E 00 73 00        		.dw '.stabn 0x44,0,85,',0,0
         74 00 61 00
         62 00 6E 00
         20 00 30 00
         78 00 34 00
         34 00 2C 00
         30 00 2C 00
         38 00 35 00
         2C 00 00 00
         00 00      
00000A71 38 00 00 00        		.dd LM50-_main
00000A73 0D 00 0A 00        		.dw 0x0d,0x0a
00000124                    	.code
                            	LM50:
00000124 41 92              		R1=1	// QImode move
00000125 19 D3 12 70        		[28690]=R1	// QImode move
00000A75                    	.debug
00000A75 2E 00 73 00        		.dw '.stabn 0x44,0,86,',0,0
         74 00 61 00
         62 00 6E 00
         20 00 30 00
         78 00 34 00
         34 00 2C 00
         30 00 2C 00
         38 00 36 00
         2C 00 00 00
         00 00      
00000A88 3B 00 00 00        		.dd LM51-_main
00000A8A 0D 00 0A 00        		.dw 0x0d,0x0a
00000127                    	.code
                            	LM51:
00000127 0F 9F F5 00        		pc=L24	// Indirect jump
                            	L25:
00000A8C                    	.debug
00000A8C 2E 00 73 00        		.dw '.stabn 0x44,0,87,',0,0
         74 00 61 00
         62 00 6E 00
         20 00 30 00
         78 00 34 00
         34 00 2C 00
         30 00 2C 00
         38 00 37 00
         2C 00 00 00
         00 00      
00000A9F 3D 00 00 00        		.dd LM52-_main
00000AA1 0D 00 0A 00        		.dw 0x0d,0x0a
00000129                    	.code
                            	LM52:
                            	LBE4:
00000AA3                    	.debug
00000AA3 2E 00 73 00        		.dw '.stabn 0x44,0,87,',0,0
         74 00 61 00
         62 00 6E 00
         20 00 30 00
         78 00 34 00
         34 00 2C 00
         30 00 2C 00
         38 00 37 00
         2C 00 00 00
         00 00      
00000AB6 3D 00 00 00        		.dd LM53-_main
00000AB8 0D 00 0A 00        		.dw 0x0d,0x0a
00000129                    	.code
                            	LM53:
                            	L23:
                            	
00000129 42 00              		sp+=2
0000012A 88 98              		pop bp from [sp]
0000012B 90 9A              		retf
                            		.endp	// end of main
                            	
00000ABA                    	.debug
00000ABA 2E 00 73 00        		.dw '.stabn 0xc0,0,0,',0,0
         74 00 61 00
         62 00 6E 00
         20 00 30 00
         78 00 63 00
         30 00 2C 00
         30 00 2C 00
         30 00 2C 00
         00 00 00 00
00000ACC 07 00 00 00        		.dd LBB4-_main
00000ACE 0D 00 0A 00        		.dw 0x0d,0x0a
0000012C                    	.code
00000AD0                    	.debug
00000AD0 2E 00 73 00        		.dw '.stabs "i:1",128,0,0,0',0x0d,0x0a
         74 00 61 00
         62 00 73 00
         20 00 22 00
         69 00 3A 00
         31 00 22 00
         2C 00 31 00
         32 00 38 00
         2C 00 30 00
         2C 00 30 00
         2C 00 30 00
         0D 00 0A 00
0000012C                    	.CODE
00000AE8                    	.debug
00000AE8 2E 00 73 00        		.dw '.stabn 0xc0,0,0,',0,0
         74 00 61 00
         62 00 6E 00
         20 00 30 00
         78 00 63 00
         30 00 2C 00
         30 00 2C 00
         30 00 2C 00
         00 00 00 00
00000AFA 17 00 00 00        		.dd LBB5-_main
00000AFC 0D 00 0A 00        		.dw 0x0d,0x0a
0000012C                    	.code
00000AFE                    	.debug
00000AFE 2E 00 73 00        		.dw '.stabn 0xe0,0,0,',0,0
         74 00 61 00
         62 00 6E 00
         20 00 30 00
         78 00 65 00
         30 00 2C 00
         30 00 2C 00
         30 00 2C 00
         00 00 00 00
00000B10 32 00 00 00        		.dd LBE5-_main
00000B12 0D 00 0A 00        		.dw 0x0d,0x0a
0000012C                    	.code
00000B14                    	.debug
00000B14 2E 00 73 00        		.dw '.stabn 0xe0,0,0,',0,0
         74 00 61 00
         62 00 6E 00
         20 00 30 00
         78 00 65 00
         30 00 2C 00
         30 00 2C 00
         30 00 2C 00
         00 00 00 00
00000B26 3D 00 00 00        		.dd LBE4-_main
00000B28 0D 00 0A 00        		.dw 0x0d,0x0a
0000012C                    	.code
00000B2A                    	.debug
00000B2A 2E 00 73 00        		.dw '.stabf ',0,0
         74 00 61 00
         62 00 66 00
         20 00 00 00
         00 00      
00000B33 40 00 00 00        		.dd LME4-_main
00000B35 0D 00 0A 00        		.dw 0x0d,0x0a
0000012C                    	.code
                            	LME4:
                            	.external _sinf
                            	.external __divf2
                            	.external __cvi1f2
                            		.end
0 error(s), 0 warning(s).
