Sunplus u'nSP Assembler - Ver. 1.14.3.1

                            	// GCC for SUNPLUS u'nSP version 1.0.21-3
                            	// Command: D:\PROGRA~1\Sunplus\cc1.exe C:\DOCUME~1\GAODEB~1\LOCALS~1\Temp\ccusaaaa.i -fkeep-inline-functions -quiet -dumpbase main.c -mglobal-var-iram -gstabs -Wall -o .\Debug/main.asm
                            		.external __sn_func_ptr_sec
                            	
                            	// gcc2_compiled.:
                            	
00000000                    	.debug
00000000 2E 00 73 00        		.dw '.stabs "C:/Documents and Settings/gao debang/×ÀÃæ/¸öÈË¹¤³ÌÎÄ¼þ¼Ð/gao/shuma/",0x64,0,3,',0,0,offset Ltext0,seg Ltext0,0x0d,0x0a
         74 00 61 00
         62 00 73 00
         20 00 22 00
         43 00 3A 00
         2F 00 44 00
         6F 00 63 00
         75 00 6D 00
         65 00 6E 00
         74 00 73 00
         20 00 61 00
         6E 00 64 00
         20 00 53 00
         65 00 74 00
         74 00 69 00
         6E 00 67 00
         73 00 2F 00
         67 00 61 00
         6F 00 20 00
         64 00 65 00
         62 00 61 00
         6E 00 67 00
         2F 00 D7 00
         C0 00 C3 00
         E6 00 2F 00
         B8 00 F6 00
         C8 00 CB 00
         B9 00 A4 00
         B3 00 CC 00
         CE 00 C4 00
         BC 00 FE 00
         BC 00 D0 00
         2F 00 67 00
         61 00 6F 00
         2F 00 73 00
         68 00 75 00
         6D 00 61 00
         2F 00 22 00
         2C 00 30 00
         78 00 36 00
         34 00 2C 00
         30 00 2C 00
         33 00 2C 00
         00 00 00 00
         00 00 00 00
         0D 00 0A 00
00000000                    	.code
0000005C                    	.debug
0000005C 2E 00 73 00        		.dw '.stabs "C:/Documents and Settings/gao debang/×/300Ã/346/¸/366È/313¹/244³/314Î/304¼/376¼/320/gao/Á/350Ñ/364/Ó/320Ò/273¸/366/main.c",0x64,0,3,',0,0,offset Ltext0,seg Ltext0,0x0d,0x0a
         74 00 61 00
         62 00 73 00
         20 00 22 00
         43 00 3A 00
         2F 00 44 00
         6F 00 63 00
         75 00 6D 00
         65 00 6E 00
         74 00 73 00
         20 00 61 00
         6E 00 64 00
         20 00 53 00
         65 00 74 00
         74 00 69 00
         6E 00 67 00
         73 00 2F 00
         67 00 61 00
         6F 00 20 00
         64 00 65 00
         62 00 61 00
         6E 00 67 00
         2F 00 D7 00
         2F 00 33 00
         30 00 30 00
         C3 00 2F 00
         33 00 34 00
         36 00 2F 00
         B8 00 2F 00
         33 00 36 00
         36 00 C8 00
         2F 00 33 00
         31 00 33 00
         B9 00 2F 00
         32 00 34 00
         34 00 B3 00
         2F 00 33 00
         31 00 34 00
         CE 00 2F 00
         33 00 30 00
         34 00 BC 00
         2F 00 33 00
         37 00 36 00
         BC 00 2F 00
         33 00 32 00
         30 00 2F 00
         67 00 61 00
         6F 00 2F 00
         C1 00 2F 00
         33 00 35 00
         30 00 D1 00
         2F 00 33 00
         36 00 34 00
         2F 00 D3 00
         2F 00 33 00
         32 00 30 00
         D2 00 2F 00
         32 00 37 00
         33 00 B8 00
         2F 00 33 00
         36 00 36 00
         2F 00 6D 00
         61 00 69 00
         6E 00 2E 00
         63 00 22 00
         2C 00 30 00
         78 00 36 00
         34 00 2C 00
         30 00 2C 00
         33 00 2C 00
         00 00 00 00
         00 00 00 00
         0D 00 0A 00
00000000                    	.code
00000000                    	.code
                            	Ltext0:
000000EE                    	.debug
000000EE 2E 00 73 00        		.dw '.stabs "int:t1=r1;-32768;32767;",128,0,0,0',0x0d,0x0a
         74 00 61 00
         62 00 73 00
         20 00 22 00
         69 00 6E 00
         74 00 3A 00
         74 00 31 00
         3D 00 72 00
         31 00 3B 00
         2D 00 33 00
         32 00 37 00
         36 00 38 00
         3B 00 33 00
         32 00 37 00
         36 00 37 00
         3B 00 22 00
         2C 00 31 00
         32 00 38 00
         2C 00 30 00
         2C 00 30 00
         2C 00 30 00
         0D 00 0A 00
00000000                    	.CODE
0000011A                    	.debug
0000011A 2E 00 73 00        		.dw '.stabs "char:t2=r2;0;127;",128,0,0,0',0x0d,0x0a
         74 00 61 00
         62 00 73 00
         20 00 22 00
         63 00 68 00
         61 00 72 00
         3A 00 74 00
         32 00 3D 00
         72 00 32 00
         3B 00 30 00
         3B 00 31 00
         32 00 37 00
         3B 00 22 00
         2C 00 31 00
         32 00 38 00
         2C 00 30 00
         2C 00 30 00
         2C 00 30 00
         0D 00 0A 00
00000000                    	.CODE
00000140                    	.debug
00000140 2E 00 73 00        		.dw '.stabs "long int:t3=r3;-2147483648;2147483647;",128,0,0,0',0x0d,0x0a
         74 00 61 00
         62 00 73 00
         20 00 22 00
         6C 00 6F 00
         6E 00 67 00
         20 00 69 00
         6E 00 74 00
         3A 00 74 00
         33 00 3D 00
         72 00 33 00
         3B 00 2D 00
         32 00 31 00
         34 00 37 00
         34 00 38 00
         33 00 36 00
         34 00 38 00
         3B 00 32 00
         31 00 34 00
         37 00 34 00
         38 00 33 00
         36 00 34 00
         37 00 3B 00
         22 00 2C 00
         31 00 32 00
         38 00 2C 00
         30 00 2C 00
         30 00 2C 00
         30 00 0D 00
         0A 00      
00000000                    	.CODE
0000017B                    	.debug
0000017B 2E 00 73 00        		.dw '.stabs "unsigned int:t4=r4;0;65535;",128,0,0,0',0x0d,0x0a
         74 00 61 00
         62 00 73 00
         20 00 22 00
         75 00 6E 00
         73 00 69 00
         67 00 6E 00
         65 00 64 00
         20 00 69 00
         6E 00 74 00
         3A 00 74 00
         34 00 3D 00
         72 00 34 00
         3B 00 30 00
         3B 00 36 00
         35 00 35 00
         33 00 35 00
         3B 00 22 00
         2C 00 31 00
         32 00 38 00
         2C 00 30 00
         2C 00 30 00
         2C 00 30 00
         0D 00 0A 00
00000000                    	.CODE
000001AB                    	.debug
000001AB 2E 00 73 00        		.dw '.stabs "long unsigned int:t5=r5;0;4294967295;",128,0,0,0',0x0d,0x0a
         74 00 61 00
         62 00 73 00
         20 00 22 00
         6C 00 6F 00
         6E 00 67 00
         20 00 75 00
         6E 00 73 00
         69 00 67 00
         6E 00 65 00
         64 00 20 00
         69 00 6E 00
         74 00 3A 00
         74 00 35 00
         3D 00 72 00
         35 00 3B 00
         30 00 3B 00
         34 00 32 00
         39 00 34 00
         39 00 36 00
         37 00 32 00
         39 00 35 00
         3B 00 22 00
         2C 00 31 00
         32 00 38 00
         2C 00 30 00
         2C 00 30 00
         2C 00 30 00
         0D 00 0A 00
00000000                    	.CODE
000001E5                    	.debug
000001E5 2E 00 73 00        		.dw '.stabs "long long int:t6=r6;-2147483648;2147483647;",128,0,0,0',0x0d,0x0a
         74 00 61 00
         62 00 73 00
         20 00 22 00
         6C 00 6F 00
         6E 00 67 00
         20 00 6C 00
         6F 00 6E 00
         67 00 20 00
         69 00 6E 00
         74 00 3A 00
         74 00 36 00
         3D 00 72 00
         36 00 3B 00
         2D 00 32 00
         31 00 34 00
         37 00 34 00
         38 00 33 00
         36 00 34 00
         38 00 3B 00
         32 00 31 00
         34 00 37 00
         34 00 38 00
         33 00 36 00
         34 00 37 00
         3B 00 22 00
         2C 00 31 00
         32 00 38 00
         2C 00 30 00
         2C 00 30 00
         2C 00 30 00
         0D 00 0A 00
00000000                    	.CODE
00000225                    	.debug
00000225 2E 00 73 00        		.dw '.stabs "long long unsigned int:t7=r7;0;4294967295;",128,0,0,0',0x0d,0x0a
         74 00 61 00
         62 00 73 00
         20 00 22 00
         6C 00 6F 00
         6E 00 67 00
         20 00 6C 00
         6F 00 6E 00
         67 00 20 00
         75 00 6E 00
         73 00 69 00
         67 00 6E 00
         65 00 64 00
         20 00 69 00
         6E 00 74 00
         3A 00 74 00
         37 00 3D 00
         72 00 37 00
         3B 00 30 00
         3B 00 34 00
         32 00 39 00
         34 00 39 00
         36 00 37 00
         32 00 39 00
         35 00 3B 00
         22 00 2C 00
         31 00 32 00
         38 00 2C 00
         30 00 2C 00
         30 00 2C 00
         30 00 0D 00
         0A 00      
00000000                    	.CODE
00000264                    	.debug
00000264 2E 00 73 00        		.dw '.stabs "short int:t8=r8;-32768;32767;",128,0,0,0',0x0d,0x0a
         74 00 61 00
         62 00 73 00
         20 00 22 00
         73 00 68 00
         6F 00 72 00
         74 00 20 00
         69 00 6E 00
         74 00 3A 00
         74 00 38 00
         3D 00 72 00
         38 00 3B 00
         2D 00 33 00
         32 00 37 00
         36 00 38 00
         3B 00 33 00
         32 00 37 00
         36 00 37 00
         3B 00 22 00
         2C 00 31 00
         32 00 38 00
         2C 00 30 00
         2C 00 30 00
         2C 00 30 00
         0D 00 0A 00
00000000                    	.CODE
00000296                    	.debug
00000296 2E 00 73 00        		.dw '.stabs "short unsigned int:t9=r9;0;65535;",128,0,0,0',0x0d,0x0a
         74 00 61 00
         62 00 73 00
         20 00 22 00
         73 00 68 00
         6F 00 72 00
         74 00 20 00
         75 00 6E 00
         73 00 69 00
         67 00 6E 00
         65 00 64 00
         20 00 69 00
         6E 00 74 00
         3A 00 74 00
         39 00 3D 00
         72 00 39 00
         3B 00 30 00
         3B 00 36 00
         35 00 35 00
         33 00 35 00
         3B 00 22 00
         2C 00 31 00
         32 00 38 00
         2C 00 30 00
         2C 00 30 00
         2C 00 30 00
         0D 00 0A 00
00000000                    	.CODE
000002CC                    	.debug
000002CC 2E 00 73 00        		.dw '.stabs "signed char:t10=r10;-32768;32767;",128,0,0,0',0x0d,0x0a
         74 00 61 00
         62 00 73 00
         20 00 22 00
         73 00 69 00
         67 00 6E 00
         65 00 64 00
         20 00 63 00
         68 00 61 00
         72 00 3A 00
         74 00 31 00
         30 00 3D 00
         72 00 31 00
         30 00 3B 00
         2D 00 33 00
         32 00 37 00
         36 00 38 00
         3B 00 33 00
         32 00 37 00
         36 00 37 00
         3B 00 22 00
         2C 00 31 00
         32 00 38 00
         2C 00 30 00
         2C 00 30 00
         2C 00 30 00
         0D 00 0A 00
00000000                    	.CODE
00000302                    	.debug
00000302 2E 00 73 00        		.dw '.stabs "unsigned char:t11=r11;0;65535;",128,0,0,0',0x0d,0x0a
         74 00 61 00
         62 00 73 00
         20 00 22 00
         75 00 6E 00
         73 00 69 00
         67 00 6E 00
         65 00 64 00
         20 00 63 00
         68 00 61 00
         72 00 3A 00
         74 00 31 00
         31 00 3D 00
         72 00 31 00
         31 00 3B 00
         30 00 3B 00
         36 00 35 00
         35 00 33 00
         35 00 3B 00
         22 00 2C 00
         31 00 32 00
         38 00 2C 00
         30 00 2C 00
         30 00 2C 00
         30 00 0D 00
         0A 00      
00000000                    	.CODE
00000335                    	.debug
00000335 2E 00 73 00        		.dw '.stabs "float:t12=r1;2;0;",128,0,0,0',0x0d,0x0a
         74 00 61 00
         62 00 73 00
         20 00 22 00
         66 00 6C 00
         6F 00 61 00
         74 00 3A 00
         74 00 31 00
         32 00 3D 00
         72 00 31 00
         3B 00 32 00
         3B 00 30 00
         3B 00 22 00
         2C 00 31 00
         32 00 38 00
         2C 00 30 00
         2C 00 30 00
         2C 00 30 00
         0D 00 0A 00
00000000                    	.CODE
0000035B                    	.debug
0000035B 2E 00 73 00        		.dw '.stabs "double:t13=r1;2;0;",128,0,0,0',0x0d,0x0a
         74 00 61 00
         62 00 73 00
         20 00 22 00
         64 00 6F 00
         75 00 62 00
         6C 00 65 00
         3A 00 74 00
         31 00 33 00
         3D 00 72 00
         31 00 3B 00
         32 00 3B 00
         30 00 3B 00
         22 00 2C 00
         31 00 32 00
         38 00 2C 00
         30 00 2C 00
         30 00 2C 00
         30 00 0D 00
         0A 00      
00000000                    	.CODE
00000382                    	.debug
00000382 2E 00 73 00        		.dw '.stabs "long double:t14=r1;2;0;",128,0,0,0',0x0d,0x0a
         74 00 61 00
         62 00 73 00
         20 00 22 00
         6C 00 6F 00
         6E 00 67 00
         20 00 64 00
         6F 00 75 00
         62 00 6C 00
         65 00 3A 00
         74 00 31 00
         34 00 3D 00
         72 00 31 00
         3B 00 32 00
         3B 00 30 00
         3B 00 22 00
         2C 00 31 00
         32 00 38 00
         2C 00 30 00
         2C 00 30 00
         2C 00 30 00
         0D 00 0A 00
00000000                    	.CODE
000003AE                    	.debug
000003AE 2E 00 73 00        		.dw '.stabs "complex int:t15=s2real:1,0,16;imag:1,16,16;;",128,0,0,0',0x0d,0x0a
         74 00 61 00
         62 00 73 00
         20 00 22 00
         63 00 6F 00
         6D 00 70 00
         6C 00 65 00
         78 00 20 00
         69 00 6E 00
         74 00 3A 00
         74 00 31 00
         35 00 3D 00
         73 00 32 00
         72 00 65 00
         61 00 6C 00
         3A 00 31 00
         2C 00 30 00
         2C 00 31 00
         36 00 3B 00
         69 00 6D 00
         61 00 67 00
         3A 00 31 00
         2C 00 31 00
         36 00 2C 00
         31 00 36 00
         3B 00 3B 00
         22 00 2C 00
         31 00 32 00
         38 00 2C 00
         30 00 2C 00
         30 00 2C 00
         30 00 0D 00
         0A 00      
00000000                    	.CODE
000003EF                    	.debug
000003EF 2E 00 73 00        		.dw '.stabs "complex float:t16=r16;2;0;",128,0,0,0',0x0d,0x0a
         74 00 61 00
         62 00 73 00
         20 00 22 00
         63 00 6F 00
         6D 00 70 00
         6C 00 65 00
         78 00 20 00
         66 00 6C 00
         6F 00 61 00
         74 00 3A 00
         74 00 31 00
         36 00 3D 00
         72 00 31 00
         36 00 3B 00
         32 00 3B 00
         30 00 3B 00
         22 00 2C 00
         31 00 32 00
         38 00 2C 00
         30 00 2C 00
         30 00 2C 00
         30 00 0D 00
         0A 00      
00000000                    	.CODE
0000041E                    	.debug
0000041E 2E 00 73 00        		.dw '.stabs "complex double:t17=r17;2;0;",128,0,0,0',0x0d,0x0a
         74 00 61 00
         62 00 73 00
         20 00 22 00
         63 00 6F 00
         6D 00 70 00
         6C 00 65 00
         78 00 20 00
         64 00 6F 00
         75 00 62 00
         6C 00 65 00
         3A 00 74 00
         31 00 37 00
         3D 00 72 00
         31 00 37 00
         3B 00 32 00
         3B 00 30 00
         3B 00 22 00
         2C 00 31 00
         32 00 38 00
         2C 00 30 00
         2C 00 30 00
         2C 00 30 00
         0D 00 0A 00
00000000                    	.CODE
0000044E                    	.debug
0000044E 2E 00 73 00        		.dw '.stabs "complex long double:t18=r18;2;0;",128,0,0,0',0x0d,0x0a
         74 00 61 00
         62 00 73 00
         20 00 22 00
         63 00 6F 00
         6D 00 70 00
         6C 00 65 00
         78 00 20 00
         6C 00 6F 00
         6E 00 67 00
         20 00 64 00
         6F 00 75 00
         62 00 6C 00
         65 00 3A 00
         74 00 31 00
         38 00 3D 00
         72 00 31 00
         38 00 3B 00
         32 00 3B 00
         30 00 3B 00
         22 00 2C 00
         31 00 32 00
         38 00 2C 00
         30 00 2C 00
         30 00 2C 00
         30 00 0D 00
         0A 00      
00000000                    	.CODE
00000483                    	.debug
00000483 2E 00 73 00        		.dw '.stabs "void:t19=19",128,0,0,0',0x0d,0x0a
         74 00 61 00
         62 00 73 00
         20 00 22 00
         76 00 6F 00
         69 00 64 00
         3A 00 74 00
         31 00 39 00
         3D 00 31 00
         39 00 22 00
         2C 00 31 00
         32 00 38 00
         2C 00 30 00
         2C 00 30 00
         2C 00 30 00
         0D 00 0A 00
00000000                    	.CODE
00000000                    	.code
000004A3                    	.debug
000004A3 2E 00 73 00        		.dw '.stabs "KeyValue:F1",36,0,0,',0,0,offset _KeyValue,seg _KeyValue,0x0d,0x0a
         74 00 61 00
         62 00 73 00
         20 00 22 00
         4B 00 65 00
         79 00 56 00
         61 00 6C 00
         75 00 65 00
         3A 00 46 00
         31 00 22 00
         2C 00 33 00
         36 00 2C 00
         30 00 2C 00
         30 00 2C 00
         00 00 00 00
         00 00 00 00
         0D 00 0A 00
00000000                    	.CODE
                            	.public _KeyValue
                            	_KeyValue:	.proc
000004C5                    	.debug
000004C5 2E 00 73 00        		.dw '.stabn 0x44,0,5,',0,0
         74 00 61 00
         62 00 6E 00
         20 00 30 00
         78 00 34 00
         34 00 2C 00
         30 00 2C 00
         35 00 2C 00
         00 00 00 00
000004D7 00 00 00 00        		.dd LM1-_KeyValue
000004D9 0D 00 0A 00        		.dw 0x0d,0x0a
00000000                    	.code
                            	LM1:
                            		// total=2, vars=2
                            		// frame_pointer_needed: 1
00000000 88 DA              		push bp to [sp]
00000001 42 20              		sp-=2
00000002 08 0B 01 00        		bp=sp+1
                            	
00000004 0D 05 05 00        		R2=BP+5
000004DB                    	.debug
000004DB 2E 00 73 00        		.dw '.stabn 0x44,0,6,',0,0
         74 00 61 00
         62 00 6E 00
         20 00 30 00
         78 00 34 00
         34 00 2C 00
         30 00 2C 00
         36 00 2C 00
         00 00 00 00
000004ED 06 00 00 00        		.dd LM2-_KeyValue
000004EF 0D 00 0A 00        		.dw 0x0d,0x0a
00000006                    	.code
                            	LM2:
                            	LBB2:
000004F1                    	.debug
000004F1 2E 00 73 00        		.dw '.stabn 0x44,0,7,',0,0
         74 00 61 00
         62 00 6E 00
         20 00 30 00
         78 00 34 00
         34 00 2C 00
         30 00 2C 00
         37 00 2C 00
         00 00 00 00
00000503 06 00 00 00        		.dd LM3-_KeyValue
00000505 0D 00 0A 00        		.dw 0x0d,0x0a
00000006                    	.code
                            	LM3:
00000006 41 92              		R1=1	// QImode move
00000007 19 D3 12 70        		[28690]=R1	// QImode move
00000507                    	.debug
00000507 2E 00 73 00        		.dw '.stabn 0x44,0,9,',0,0
         74 00 61 00
         62 00 6E 00
         20 00 30 00
         78 00 34 00
         34 00 2C 00
         30 00 2C 00
         39 00 2C 00
         00 00 00 00
00000519 09 00 00 00        		.dd LM4-_KeyValue
0000051B 0D 00 0A 00        		.dw 0x0d,0x0a
00000009                    	.code
                            	LM4:
00000009 40 92              		R1=0	// QImode move
0000000A 19 D3 07 70        		[28679]=R1	// QImode move
0000051D                    	.debug
0000051D 2E 00 73 00        		.dw '.stabn 0x44,0,10,',0,0
         74 00 61 00
         62 00 6E 00
         20 00 30 00
         78 00 34 00
         34 00 2C 00
         30 00 2C 00
         31 00 30 00
         2C 00 00 00
         00 00      
00000530 0C 00 00 00        		.dd LM5-_KeyValue
00000532 0D 00 0A 00        		.dw 0x0d,0x0a
0000000C                    	.code
                            	LM5:
0000000C 40 92              		R1=0	// QImode move
0000000D 19 D3 08 70        		[28680]=R1	// QImode move
00000534                    	.debug
00000534 2E 00 73 00        		.dw '.stabn 0x44,0,11,',0,0
         74 00 61 00
         62 00 6E 00
         20 00 30 00
         78 00 34 00
         34 00 2C 00
         30 00 2C 00
         31 00 31 00
         2C 00 00 00
         00 00      
00000547 0F 00 00 00        		.dd LM6-_KeyValue
00000549 0D 00 0A 00        		.dw 0x0d,0x0a
0000000F                    	.code
                            	LM6:
0000000F 11 93 05 70        		R1=[28677]	// QImode move
00000011 C5 D2              		[BP]=R1	// QImode move
0000054B                    	.debug
0000054B 2E 00 73 00        		.dw '.stabn 0x44,0,13,',0,0
         74 00 61 00
         62 00 6E 00
         20 00 30 00
         78 00 34 00
         34 00 2C 00
         30 00 2C 00
         31 00 33 00
         2C 00 00 00
         00 00      
0000055E 12 00 00 00        		.dd LM7-_KeyValue
00000560 0D 00 0A 00        		.dw 0x0d,0x0a
00000012                    	.code
                            	LM7:
00000012 05 93              		R1=BP	// QImode move
00000013 0D 07 01 00        		R3=BP+1
00000015 C5 92              		R1=[BP]	// QImode move
00000016 09 89 FF 00        		R4=R1^255
00000018 03 93              		R1=R3	// QImode move
00000019 C1 D8              		[R1]=R4	// QImode move
00000562                    	.debug
00000562 2E 00 73 00        		.dw '.stabn 0x44,0,15,',0,0
         74 00 61 00
         62 00 6E 00
         20 00 30 00
         78 00 34 00
         34 00 2C 00
         30 00 2C 00
         31 00 35 00
         2C 00 00 00
         00 00      
00000575 1A 00 00 00        		.dd LM8-_KeyValue
00000577 0D 00 0A 00        		.dw 0x0d,0x0a
0000001A                    	.code
                            	LM8:
0000001A 05 93              		R1=BP	// QImode move
0000001B 0D 07 01 00        		R3=BP+1
0000001D 03 93              		R1=R3	// QImode move
0000001E C1 98              		R4=[R1]	// QImode move
0000001F 04 93              		R1=R4	// QImode move
00000020 0F 9F 22 00        		pc=L2	// Indirect jump
00000579                    	.debug
00000579 2E 00 73 00        		.dw '.stabn 0x44,0,16,',0,0
         74 00 61 00
         62 00 6E 00
         20 00 30 00
         78 00 34 00
         34 00 2C 00
         30 00 2C 00
         31 00 36 00
         2C 00 00 00
         00 00      
0000058C 22 00 00 00        		.dd LM9-_KeyValue
0000058E 0D 00 0A 00        		.dw 0x0d,0x0a
00000022                    	.code
                            	LM9:
                            	LBE2:
00000590                    	.debug
00000590 2E 00 73 00        		.dw '.stabn 0x44,0,16,',0,0
         74 00 61 00
         62 00 6E 00
         20 00 30 00
         78 00 34 00
         34 00 2C 00
         30 00 2C 00
         31 00 36 00
         2C 00 00 00
         00 00      
000005A3 22 00 00 00        		.dd LM10-_KeyValue
000005A5 0D 00 0A 00        		.dw 0x0d,0x0a
00000022                    	.code
                            	LM10:
                            	L2:
                            	
00000022 42 00              		sp+=2
00000023 88 98              		pop bp from [sp]
00000024 90 9A              		retf
                            		.endp	// end of KeyValue
                            	
000005A7                    	.debug
000005A7 2E 00 73 00        		.dw '.stabn 0xc0,0,0,',0,0
         74 00 61 00
         62 00 6E 00
         20 00 30 00
         78 00 63 00
         30 00 2C 00
         30 00 2C 00
         30 00 2C 00
         00 00 00 00
000005B9 06 00 00 00        		.dd LBB2-_KeyValue
000005BB 0D 00 0A 00        		.dw 0x0d,0x0a
00000025                    	.code
000005BD                    	.debug
000005BD 2E 00 73 00        		.dw '.stabs "KeyTemp:1",128,0,0,0',0x0d,0x0a
         74 00 61 00
         62 00 73 00
         20 00 22 00
         4B 00 65 00
         79 00 54 00
         65 00 6D 00
         70 00 3A 00
         31 00 22 00
         2C 00 31 00
         32 00 38 00
         2C 00 30 00
         2C 00 30 00
         2C 00 30 00
         0D 00 0A 00
00000025                    	.CODE
000005DB                    	.debug
000005DB 2E 00 73 00        		.dw '.stabs "Value:1",128,0,0,1',0x0d,0x0a
         74 00 61 00
         62 00 73 00
         20 00 22 00
         56 00 61 00
         6C 00 75 00
         65 00 3A 00
         31 00 22 00
         2C 00 31 00
         32 00 38 00
         2C 00 30 00
         2C 00 30 00
         2C 00 31 00
         0D 00 0A 00
00000025                    	.CODE
000005F7                    	.debug
000005F7 2E 00 73 00        		.dw '.stabn 0xe0,0,0,',0,0
         74 00 61 00
         62 00 6E 00
         20 00 30 00
         78 00 65 00
         30 00 2C 00
         30 00 2C 00
         30 00 2C 00
         00 00 00 00
00000609 22 00 00 00        		.dd LBE2-_KeyValue
0000060B 0D 00 0A 00        		.dw 0x0d,0x0a
00000025                    	.code
0000060D                    	.debug
0000060D 2E 00 73 00        		.dw '.stabf ',0,0
         74 00 61 00
         62 00 66 00
         20 00 00 00
         00 00      
00000616 25 00 00 00        		.dd LME1-_KeyValue
00000618 0D 00 0A 00        		.dw 0x0d,0x0a
00000025                    	.code
                            	LME1:
00000025                    	.code
0000061A                    	.debug
0000061A 2E 00 73 00        		.dw '.stabs "main:F19",36,0,0,',0,0,offset _main,seg _main,0x0d,0x0a
         74 00 61 00
         62 00 73 00
         20 00 22 00
         6D 00 61 00
         69 00 6E 00
         3A 00 46 00
         31 00 39 00
         22 00 2C 00
         33 00 36 00
         2C 00 30 00
         2C 00 30 00
         2C 00 00 00
         00 00 25 00
         00 00 0D 00
         0A 00      
00000025                    	.CODE
                            	.public _main
                            	_main:	.proc
00000639                    	.debug
00000639 2E 00 73 00        		.dw '.stabn 0x44,0,23,',0,0
         74 00 61 00
         62 00 6E 00
         20 00 30 00
         78 00 34 00
         34 00 2C 00
         30 00 2C 00
         32 00 33 00
         2C 00 00 00
         00 00      
0000064C 00 00 00 00        		.dd LM11-_main
0000064E 0D 00 0A 00        		.dw 0x0d,0x0a
00000025                    	.code
                            	LM11:
                            		// total=1, vars=1
                            		// frame_pointer_needed: 1
00000025 88 DA              		push bp to [sp]
00000026 41 20              		sp-=1
00000027 08 0B 01 00        		bp=sp+1
                            	
00000029 0D 03 04 00        		R1=BP+4
0000002B C5 D2              		[BP]=R1	// QImode move
00000650                    	.debug
00000650 2E 00 73 00        		.dw '.stabn 0x44,0,24,',0,0
         74 00 61 00
         62 00 6E 00
         20 00 30 00
         78 00 34 00
         34 00 2C 00
         30 00 2C 00
         32 00 34 00
         2C 00 00 00
         00 00      
00000663 07 00 00 00        		.dd LM12-_main
00000665 0D 00 0A 00        		.dw 0x0d,0x0a
0000002C                    	.code
                            	LM12:
0000002C 41 92              		R1=1	// QImode move
0000002D 19 D3 12 70        		[28690]=R1	// QImode move
00000667                    	.debug
00000667 2E 00 73 00        		.dw '.stabn 0x44,0,25,',0,0
         74 00 61 00
         62 00 6E 00
         20 00 30 00
         78 00 34 00
         34 00 2C 00
         30 00 2C 00
         32 00 35 00
         2C 00 00 00
         00 00      
0000067A 0A 00 00 00        		.dd LM13-_main
0000067C 0D 00 0A 00        		.dw 0x0d,0x0a
0000002F                    	.code
                            	LM13:
0000002F 41 62              		R1=(-1)	// QImode move
00000030 19 D3 03 70        		[28675]=R1	// QImode move
0000067E                    	.debug
0000067E 2E 00 73 00        		.dw '.stabn 0x44,0,26,',0,0
         74 00 61 00
         62 00 6E 00
         20 00 30 00
         78 00 34 00
         34 00 2C 00
         30 00 2C 00
         32 00 36 00
         2C 00 00 00
         00 00      
00000691 0D 00 00 00        		.dd LM14-_main
00000693 0D 00 0A 00        		.dw 0x0d,0x0a
00000032                    	.code
                            	LM14:
00000032 41 62              		R1=(-1)	// QImode move
00000033 19 D3 02 70        		[28674]=R1	// QImode move
00000695                    	.debug
00000695 2E 00 73 00        		.dw '.stabn 0x44,0,27,',0,0
         74 00 61 00
         62 00 6E 00
         20 00 30 00
         78 00 34 00
         34 00 2C 00
         30 00 2C 00
         32 00 37 00
         2C 00 00 00
         00 00      
000006A8 10 00 00 00        		.dd LM15-_main
000006AA 0D 00 0A 00        		.dw 0x0d,0x0a
00000035                    	.code
                            	LM15:
00000035 41 62              		R1=(-1)	// QImode move
00000036 19 D3 00 70        		[28672]=R1	// QImode move
000006AC                    	.debug
000006AC 2E 00 73 00        		.dw '.stabn 0x44,0,28,',0,0
         74 00 61 00
         62 00 6E 00
         20 00 30 00
         78 00 34 00
         34 00 2C 00
         30 00 2C 00
         32 00 38 00
         2C 00 00 00
         00 00      
000006BF 13 00 00 00        		.dd LM16-_main
000006C1 0D 00 0A 00        		.dw 0x0d,0x0a
00000038                    	.code
                            	LM16:
00000038 41 62              		R1=(-1)	// QImode move
00000039 19 D3 08 70        		[28680]=R1	// QImode move
000006C3                    	.debug
000006C3 2E 00 73 00        		.dw '.stabn 0x44,0,29,',0,0
         74 00 61 00
         62 00 6E 00
         20 00 30 00
         78 00 34 00
         34 00 2C 00
         30 00 2C 00
         32 00 39 00
         2C 00 00 00
         00 00      
000006D6 16 00 00 00        		.dd LM17-_main
000006D8 0D 00 0A 00        		.dw 0x0d,0x0a
0000003B                    	.code
                            	LM17:
0000003B 41 62              		R1=(-1)	// QImode move
0000003C 19 D3 07 70        		[28679]=R1	// QImode move
000006DA                    	.debug
000006DA 2E 00 73 00        		.dw '.stabn 0x44,0,30,',0,0
         74 00 61 00
         62 00 6E 00
         20 00 30 00
         78 00 34 00
         34 00 2C 00
         30 00 2C 00
         33 00 30 00
         2C 00 00 00
         00 00      
000006ED 19 00 00 00        		.dd LM18-_main
000006EF 0D 00 0A 00        		.dw 0x0d,0x0a
0000003E                    	.code
                            	LM18:
0000003E 41 62              		R1=(-1)	// QImode move
0000003F 19 D3 05 70        		[28677]=R1	// QImode move
000006F1                    	.debug
000006F1 2E 00 73 00        		.dw '.stabn 0x44,0,31,',0,0
         74 00 61 00
         62 00 6E 00
         20 00 30 00
         78 00 34 00
         34 00 2C 00
         30 00 2C 00
         33 00 31 00
         2C 00 00 00
         00 00      
00000704 1C 00 00 00        		.dd LM19-_main
00000706 0D 00 0A 00        		.dw 0x0d,0x0a
00000041                    	.code
                            	LM19:
                            	L4:
00000041 0F 9F 45 00        		pc=L6	// Indirect jump
00000043 0F 9F 4B 00        		pc=L5	// Indirect jump
                            	L6:
00000708                    	.debug
00000708 2E 00 73 00        		.dw '.stabn 0x44,0,33,',0,0
         74 00 61 00
         62 00 6E 00
         20 00 30 00
         78 00 34 00
         34 00 2C 00
         30 00 2C 00
         33 00 33 00
         2C 00 00 00
         00 00      
0000071B 20 00 00 00        		.dd LM20-_main
0000071D 0D 00 0A 00        		.dw 0x0d,0x0a
00000045                    	.code
                            	LM20:
00000045 40 F0 00 00        		call _KeyValue	// call with return value
00000047 19 D3 00 70        		[28672]=R1	// QImode move
0000071F                    	.debug
0000071F 2E 00 73 00        		.dw '.stabn 0x44,0,34,',0,0
         74 00 61 00
         62 00 6E 00
         20 00 30 00
         78 00 34 00
         34 00 2C 00
         30 00 2C 00
         33 00 34 00
         2C 00 00 00
         00 00      
00000732 24 00 00 00        		.dd LM21-_main
00000734 0D 00 0A 00        		.dw 0x0d,0x0a
00000049                    	.code
                            	LM21:
00000049 0F 9F 41 00        		pc=L4	// Indirect jump
                            	L5:
00000736                    	.debug
00000736 2E 00 73 00        		.dw '.stabn 0x44,0,36,',0,0
         74 00 61 00
         62 00 6E 00
         20 00 30 00
         78 00 34 00
         34 00 2C 00
         30 00 2C 00
         33 00 36 00
         2C 00 00 00
         00 00      
00000749 26 00 00 00        		.dd LM22-_main
0000074B 0D 00 0A 00        		.dw 0x0d,0x0a
0000004B                    	.code
                            	LM22:
0000074D                    	.debug
0000074D 2E 00 73 00        		.dw '.stabn 0x44,0,36,',0,0
         74 00 61 00
         62 00 6E 00
         20 00 30 00
         78 00 34 00
         34 00 2C 00
         30 00 2C 00
         33 00 36 00
         2C 00 00 00
         00 00      
00000760 26 00 00 00        		.dd LM23-_main
00000762 0D 00 0A 00        		.dw 0x0d,0x0a
0000004B                    	.code
                            	LM23:
                            	L3:
                            	
0000004B 41 00              		sp+=1
0000004C 88 98              		pop bp from [sp]
0000004D 90 9A              		retf
                            		.endp	// end of main
                            	
00000764                    	.debug
00000764 2E 00 73 00        		.dw '.stabf ',0,0
         74 00 61 00
         62 00 66 00
         20 00 00 00
         00 00      
0000076D 29 00 00 00        		.dd LME2-_main
0000076F 0D 00 0A 00        		.dw 0x0d,0x0a
0000004E                    	.code
                            	LME2:
                            		.end
0 error(s), 0 warning(s).
