Sunplus u'nSP Assembler - Ver. 1.14.3.1
              Listing File Has Been Relocated
                            	//========================================================================================
                            	// Progarm: Standard function definition
                            	// Writen by: Andy
                            	// Modifiyed: by Arthur Shieh
                            	//
                            	// Lastest modified date: 
                            	// 		2000/06/23: first version
                            	//		2000/07/15: modified
                            	//		2000/07/24: modified					for sacmv25.lib
                            	//		2001/10/03: Add more public about queue for sacmv25f.lib
                            	// 		2001/11/05: Independent Queue for A2000/S480/MS01 Manual Mode - sacmv25h.lib
                            	//		2001/11/06: Fix volume parameter problem - sacmv25i.lib
                            	//      2002/05/26: Modified the length of C_QueueSize to 144 for DVR usage
                            	//
                            	// For: sacmV25n.lib
                            	//
                            	// Note: 
                            	//  1. Don't change this file if possible.
                            	//  2. Update hardware.inc with hardware.asm synchorously
                            	//	3. Provide Open code for sacmVxx.lib
                            	//
                            	//========================================================================================
                            	
                            	.PUBLIC	F_SP_RampUpDAC1
                            	.PUBLIC	F_SP_RampDnDAC1
                            	.PUBLIC	F_SP_RampUpDAC2
                            	.PUBLIC	F_SP_RampDnDAC2
                            	.PUBLIC	_SP_RampUpDAC1 
                            	.PUBLIC	_SP_RampDnDAC1 
                            	.PUBLIC	_SP_RampUpDAC2 
                            	.PUBLIC	_SP_RampDnDAC2 
                            	
                            	.PUBLIC	_SP_InitQueue
                            	.PUBLIC	_SP_InitQueue_A2000
                            	.PUBLIC	_SP_InitQueue_S480
                            	.PUBLIC	_SP_InitQueue_S240
                            	.PUBLIC	_SP_InitQueue_MS01
                            	.PUBLIC	_SP_InitQueue_DVR
                            	
                            	.PUBLIC	F_SP_InitQueue
                            	.PUBLIC	F_SP_InitQueue_A2000
                            	.PUBLIC	F_SP_InitQueue_S480
                            	.PUBLIC	F_SP_InitQueue_S240
                            	.PUBLIC	F_SP_InitQueue_MS01
                            	.PUBLIC	F_SP_InitQueue_DVR
                            	
                            	.PUBLIC	F_SP_ReadQueue
                            	.PUBLIC F_SP_ReadQueue_A2000
                            	.PUBLIC F_SP_ReadQueue_S480
                            	.PUBLIC F_SP_ReadQueue_S240
                            	.PUBLIC F_SP_ReadQueue_MS01
                            	.PUBLIC F_SP_ReadQueue_DVR
                            	
                            	.PUBLIC	F_SP_ReadQueue_NIC			// Read Queue with no index change
                            	.PUBLIC	F_SP_ReadQueue_NIC_A2000
                            	.PUBLIC	F_SP_ReadQueue_NIC_S480
                            	.PUBLIC	F_SP_ReadQueue_NIC_S240
                            	.PUBLIC	F_SP_ReadQueue_NIC_MS01
                            	.PUBLIC	F_SP_ReadQueue_NIC_DVR
                            	
                            	.PUBLIC	F_SP_WriteQueue
                            	.PUBLIC F_SP_WriteQueue_A2000
                            	.PUBLIC F_SP_WriteQueue_S480
                            	.PUBLIC F_SP_WriteQueue_S240
                            	.PUBLIC F_SP_WriteQueue_MS01
                            	.PUBLIC F_SP_WriteQueue_DVR
                            	
                            	.PUBLIC F_SP_TestQueue
                            	.PUBLIC F_SP_TestQueue_A2000
                            	.PUBLIC F_SP_TestQueue_S480
                            	.PUBLIC F_SP_TestQueue_S240
                            	.PUBLIC F_SP_TestQueue_MS01
                            	.PUBLIC F_SP_TestQueue_DVR
                            	
                            	.PUBLIC _SP_Export  
                            	.PUBLIC	_SP_Import 
                            	.PUBLIC _SP_Init_IOB 
                            	.PUBLIC _SP_Init_IOA 
                            	
                            	.PUBLIC	_SP_GetResource	
                            	.PUBLIC F_SP_GetResource
                            	
                            	.PUBLIC F_SP_SACM_A2000_Init_
                            	.PUBLIC F_SP_SACM_S480_Init_
                            	.PUBLIC F_SP_SACM_S240_Init_
                            	
                            	.PUBLIC F_SP_SACM_MS01_Init_
                            	.PUBLIC F_SP_PlayMode0_
                            	.PUBLIC F_SP_PlayMode1_    
                            	.PUBLIC F_SP_PlayMode2_  
                            	.PUBLIC F_SP_PlayMode3_   
                            	
                            	.PUBLIC F_SP_SACM_DVR_Init_
                            	.PUBLIC F_SP_SACM_DVR_Rec_Init_
                            	.PUBLIC F_SP_SACM_DVR_Play_Init_
                            	
                            	
                            	//////////////////////////////////////////////////////////////////
                            	// Definitions for I/O Port
                            	//////////////////////////////////////////////////////////////////
                            	.DEFINE	P_IOA_Data   		0x7000         // Write Data into data register and read from IOA pad
                            	.DEFINE P_IOA_Buffer        0x7001         // Write Data into buffer register and read from buffer register
                            	.DEFINE P_IOA_Dir           0x7002         // Direction vector for IOA
                            	.DEFINE P_IOA_Attrib        0x7003         // Attribute vector for IOA
                            	.DEFINE P_IOA_Latch         0x7004         // Latch PortA data for key change wake-up
                            	
                            	.DEFINE P_IOB_Data         	0x7005         // Write Data into the data register and read from IOB pad
                            	.DEFINE P_IOB_Buffer        0x7006         // Write Data into buffer register and read from buffer register
                            	.DEFINE P_IOB_Dir           0x7007         // Direction vector for IOB
                            	.DEFINE P_IOB_Attrib        0x7008         // Attribute vector for IOB
                            	
                            	.DEFINE P_FeedBack          0x7009         // Clock form external R,C
                            	.DEFINE P_TimerA_Data       0x700A         // Data port for TimerA 
                            	.DEFINE P_TimerA_Ctrl       0x700B         // Control Port for TimerA
                            	.DEFINE P_TimerB_Data       0x700C         // Data port for TimerB
                            	.DEFINE P_TimerB_Ctrl       0x700D         // Control Port for TimerB
                            	.DEFINE P_TimeBase_Setup    0x700E         // TimerBase Freq. Set
                            	.DEFINE P_TimeBase_Clear	0x700F 		   // Reset Timerbase counter
                            	.DEFINE P_INT_Ctrl          0x7010         // Control port for interrupt source
                            	.DEFINE P_INT_Clear         0x7011         // Clear interrupt source
                            	.DEFINE P_Watchdog_Clear    0x7012         // Watchdog Reset
                            	.DEFINE P_SystemClock       0x7013         // Change system clock frequency(include go to standby mode)
                            	
                            	//... PA6442 New version MC52A (For EC-03)....
                            	.DEFINE P_ADC 	        	0x7014         	// Data Port for AD
                            	.DEFINE P_ADC_Ctrl          0x7015         	// Control Port for AD control
                            	.DEFINE P_ADC_Status        0x7015         	// AD Port Status
                            	.DEFINE P_DAC2              0x7016         	// Data Port for DAC2
                            	.DEFINE P_PWM               0x7016         	// Data Port for PWM
                            	.DEFINE P_DAC1	        	0x7017         	// Data Port for DAC1
                            	.DEFINE P_DAC_Ctrl			0x702A 			// Control Port for two DAC and audio output mode
                            	//............................................
                            	
                            	.DEFINE P_IR_Ctrl			0x7018 			// Control Port for IR
                            	.DEFINE P_LVD_Ctrl          0x7019         	// Control Port for LVD
                            	.DEFINE P_SIO_Data			0x701A 			// Data port for serial IO
                            	.DEFINE P_SIO_Addr_Low		0x701B 			// Address Port low
                            	.DEFINE P_SIO_Addr_Mid		0x701C 			// Address Port middle
                            	.DEFINE P_SIO_Addr_High	 	0x701D 			// Address Port high
                            	.DEFINE P_SIO_Ctrl			0x701E 			// Control Port
                            	.DEFINE P_SIO_Start			0x701F 			// Start port for serial interface
                            	.DEFINE P_SIO_Stop			0x7020 			// Stop port for serial interface
                            	
                            	.DEFINE P_UART_Command1		 0x7021 		// Command1 Port for UART
                            	.DEFINE P_UART_Command2		 0x7022 		// Command2 Port for UART
                            	.DEFINE P_UART_Data			 0x7023  		// Data Port for UART
                            	.DEFINE	P_UART_BaudScalarLow 0x7024 		// Set Baud Rate scalar low
                            	.DEFINE	P_UART_BaudScalarHigh 0x7025 		// Set Baud Rate scalar high
                            	
                            	
                            	//... Definitions for P_INT_Ctrl ..............
                            	.DEFINE C_IRQ6_TMB2             0x0001         	// Timer B IRQ6
                            	.DEFINE C_IRQ6_TMB1             0x0002         	// Timer A IRQ6
                            	.DEFINE C_IRQ5_2Hz              0x0004         	// 2Hz IRQ5
                            	.DEFINE C_IRQ5_4Hz              0x0008         	// 4Hz IRQ5
                            	.DEFINE C_IRQ4_1KHz             0x0010         	// 1024Hz IRQ4
                            	.DEFINE C_IRQ4_2KHz             0x0020         	// 2048Hz IRQ4
                            	.DEFINE C_IRQ4_4KHz             0x0040         	// 4096Hz IRQ4
                            	.DEFINE C_IRQ3_KEY              0x0080         	// Key Change IRQ3
                            	.DEFINE C_IRQ3_EXT1             0x0100         	// Ext1 IRQ3
                            	.DEFINE C_IRQ3_EXT2             0x0200         	// Ext2 IRQ3
                            	.DEFINE C_IRQ2_TMB              0x0400         	// Timer B IRQ2
                            	.DEFINE C_FIQ_TMB               0x0800         	// Timer B FIQ
                            	.DEFINE C_IRQ1_TMA              0x1000         	// Timer A IRQ1
                            	.DEFINE C_FIQ_TMA               0x2000         	// Timer A FIQ
                            	.DEFINE C_IRQ0_PWM              0x4000         	// PWM IRQ0
                            	.DEFINE C_FIQ_PWM               0x8000         	// PWM FIQ
                            	
                            	// Definitions for P_TimerA/B_Ctrl ............                               
                            	.DEFINE	C_Fosc_2				0x0000 			// 
                            	.DEFINE	C_Fosc_256		    	0x0001 			//
                            	.DEFINE	C_32768Hz				0x0002 			//
                            	.DEFINE	C_8192Hz				0x0003 			//
                            	.DEFINE	C_4096Hz				0x0004 			//
                            	.DEFINE	C_A1					0x0005 			//
                            	.DEFINE C_A0					0x0006 			//
                            	.DEFINE C_Ext1					0x0007 			//
                            	
                            	.DEFINE	C_2048Hz				0x0000 			//
                            	.DEFINE	C_1024Hz				0x0008 			//
                            	.DEFINE	C_256Hz					0x0010 			//
                            	.DEFINE	C_TMB1Hz				0x0018 			//
                            	.DEFINE	C_4Hz					0x0020 			//
                            	.DEFINE	C_2Hz					0x0028 			//
                            	.DEFINE	C_B1					0x0030 			//
                            	.DEFINE	C_Ext2					0x0038 			//
                            	
                            	.DEFINE	C_Off					0x0000 			//
                            	.DEFINE C_D1					0x0040 			//
                            	.DEFINE C_D2					0x0080 			//
                            	.DEFINE C_D3					0x00C0 			//
                            	.DEFINE C_D4					0x0100 			//
                            	.DEFINE C_D5					0x0140 			//
                            	.DEFINE C_D6					0x0180 			//
                            	.DEFINE C_D7					0x01C0 			//
                            	.DEFINE C_D8					0x0200 			//
                            	.DEFINE C_D9					0x0240 			//
                            	.DEFINE C_D10					0x0280 			//
                            	.DEFINE C_D11					0x02C0 			//
                            	.DEFINE C_D12					0x0300 			//
                            	.DEFINE C_D13					0x0340 			//
                            	.DEFINE C_D14					0x0380 			//
                            	.DEFINE C_TA_Div_2				0x03C0 			// Timer A
                            	.DEFINE C_TB_Div_2				0x03C0 			// Timer B
                            	
                            	//... Definition for P_SystemClock ............
                            	.DEFINE C_Fosc					0x0000 			// b3..b0
                            	.DEFINE C_Fosc_Div_2			0x0001 			//
                            	.DEFINE C_Fosc_Div_4			0x0002 			//
                            	.DEFINE C_Fosc_Div_8			0x0003 			// (default)
                            	.DEFINE C_Fosc_Div_16			0x0004 			//
                            	.DEFINE C_Fosc_Div_32			0x0005 			//
                            	.DEFINE C_Fosc_Div_64			0x0006 			//
                            	.DEFINE C_Sleep					0x0007 		 	//
                            	
                            	.DEFINE	C_32K_Work				0x0000 			// b4
                            	.DEFINE C_32K_Off				0x0000 			// 
                            	.DEFINE C_StrongMode			0x0000 			// b5
                            	.DEFINE C_AutoMode				0x0000 			//
                            	
                            	//... Define for P_AD_Ctrl ....................
                            	.DEFINE	C_AD					0x0001 			//
                            	.DEFINE C_DA					0x0000 			//
                            	.DEFINE C_MIC					0x0000 			//
                            	.DEFINE C_LINE					0x0002 			//
                            	
                            	//... Define for P_DA_Ctrl ....................
                            	.DEFINE C_PushPull				0x0000 			// b0, (default) 
                            	.DEFINE C_DoubleEnd				0x0001 			// b0
                            	.DEFINE	C_DAC_Mode				0x0000 			// b1, (default)
                            	.DEFINE C_PWM_Mode				0x0002 			// b1
                            	
                            	.DEFINE	C_D1_Direct				0x0000 			// DAC1 latch
                            	.DEFINE C_D1_LatchA				0x0008 			// 
                            	.DEFINE C_D1_LatchB				0x0010 			//
                            	.DEFINE C_D1_LatchAB			0x0018 			//
                            	
                            	.DEFINE	C_D2_Direct				0x0000 			// DAC2 latch
                            	.DEFINE C_D2_LatchA				0x0020 			// 
                            	.DEFINE C_D2_LatchB				0x0040 			//
                            	.DEFINE C_D2_LatchAB			0x00C0 			//
                            	
                            	//... Define for P_LVD_Ctrl ...................
                            	.DEFINE C_LVD24V				0x0000 			// LVD = 2.4V 
                            	.DEFINE C_LVD28V				0x0001 			// LVD = 2.8V
                            	.DEFINE C_LVD32V				0x0002 			// LVD = 3.2V
                            	.DEFINE C_LVD36V				0x0003 			// LVD = 3.6V
                            	
                            	
                            	
                            	/////////////////////////////////////////////////////////////////
                            	// Note: This register map to the P_INT_Ctrl(0x7010)
                            	// 	User's interrupt setting have to combine with this register 
                            	//	while co-work with SACM library.
                            	//
                            	//  See. following function for example:
                            	//	F_SP_SACM_A2000_Init_:
                            	//	F_SP_SACM_S480_Init_:
                            	//	F_SP_SACM_S240_Init_:
                            	//	F_SP_SACM_MS01_Init_:
                            	//	F_SP_SACM_DVR_Init_: 
                            	//////////////////////////////////////////////////
00000614                    	.IRAM
                            	.PUBLIC	R_InterruptStatus 
00000614 00 00              	.VAR	R_InterruptStatus = 0 					// 
                            	
                            	//////////////////////////////////////////////////
                            	
                            	.DEFINE C_RampDelayTime 32
                            	.DEFINE C_QueueSize 144
                            			
00000615 00 00              	.VAR 	R_Queue 
00000616 00 00 00 00        	.DW		C_QueueSize-1	DUP(0) 
         00 00 00 00
         00 00 00 00
         00 00 00 00
         00 00 00 00
         00 00 00 00
         00 00 00 00
         00 00 00 00
         00 00 00 00
         00 00 00 00
         00 00 00 00
         00 00 00 00
         00 00 00 00
         00 00 00 00
         00 00 00 00
         00 00 00 00
         00 00 00 00
         00 00 00 00
         00 00 00 00
         00 00 00 00
         00 00 00 00
         00 00 00 00
         00 00 00 00
         00 00 00 00
         00 00 00 00
         00 00 00 00
         00 00 00 00
         00 00 00 00
         00 00 00 00
         00 00 00 00
         00 00 00 00
         00 00 00 00
         00 00 00 00
         00 00 00 00
         00 00 00 00
         00 00 00 00
         00 00 00 00
         00 00 00 00
         00 00 00 00
         00 00 00 00
         00 00 00 00
         00 00 00 00
         00 00 00 00
         00 00 00 00
         00 00 00 00
         00 00 00 00
         00 00 00 00
         00 00 00 00
         00 00 00 00
         00 00 00 00
         00 00 00 00
         00 00 00 00
         00 00 00 00
         00 00 00 00
         00 00 00 00
         00 00 00 00
         00 00 00 00
         00 00 00 00
         00 00 00 00
         00 00 00 00
         00 00 00 00
         00 00 00 00
         00 00 00 00
         00 00 00 00
         00 00 00 00
         00 00 00 00
         00 00 00 00
         00 00 00 00
         00 00 00 00
         00 00 00 00
         00 00 00 00
         00 00      
000006A5 00 00              	.VAR	R_ReadIndex 
000006A6 00 00              	.VAR	R_WriteIndex 
                            	
000098AE                    	.CODE
                            	
                            					
                            	
                            	///////////////////////////////////////////
                            	// Function: Initial Queue
                            	// Destory: R1,r2
                            	///////////////////////////////////////////	
                            	_SP_InitQueue:	.PROC
                            	_SP_InitQueue_A2000:
                            	_SP_InitQueue_S480:
                            	_SP_InitQueue_S240:
                            	_SP_InitQueue_MS01:
                            	_SP_InitQueue_DVR:
                            	
                            	F_SP_InitQueue_A2000:
                            	F_SP_InitQueue_S480:
                            	F_SP_InitQueue_S240:
                            	F_SP_InitQueue_MS01:
                            	F_SP_InitQueue_DVR:
                            	F_SP_InitQueue:
000098AE 09 93 15 06        			r1 = R_Queue
000098B0 40 94              			r2 = 0 
                            	L_ClearQueueLoop?:		
000098B1 D1 D4              			[r1++] = r2
000098B2 09 43 A5 06        			cmp	r1, R_Queue+C_QueueSize
000098B4 44 4E              			jne	L_ClearQueueLoop?
                            				
000098B5 40 92              			r1 = 0
000098B6 19 D3 A5 06        			[R_ReadIndex] = r1
000098B8 19 D3 A6 06        			[R_WriteIndex] = r1
                            					
000098BA 90 9A              			RETF
                            			.ENDP
                            			
                            	///////////////////////////////////////////
                            	// Function: Get a data form Queue
                            	// Output:  R1: Data
                            	//			R2: return value
                            	// Destory: R1,R2
                            	///////////////////////////////////////////	
                            	F_SP_ReadQueue_A2000:
                            	F_SP_ReadQueue_S480:
                            	F_SP_ReadQueue_S240:
                            	F_SP_ReadQueue_MS01:
                            	F_SP_ReadQueue_DVR:
                            	F_SP_ReadQueue:
000098BB 12 95 A5 06        			r2 = [R_ReadIndex]
000098BD 12 45 A6 06        			cmp r2,[R_WriteIndex]
000098BF 0D 5E              			je	L_RQ_QueueEmpty
                            	
000098C0 0A 05 15 06        			r2 += R_Queue				// get queue data address
000098C2 C2 92              			r1 = [r2]
                            			
000098C3 12 95 A5 06        			r2 = [R_ReadIndex]
000098C5 41 04              			r2 += 1
000098C6 0A 45 90 00        			cmp	r2, C_QueueSize
000098C8 01 4E              			jne	L_RQ_NotQueueBottom
000098C9 40 94              			r2 = 0
                            	L_RQ_NotQueueBottom:	
000098CA 1A D5 A5 06        			[R_ReadIndex] = r2		
                            			//r2 = 0x0000 						// get queue data
000098CC 90 9A              			retf 
                            	L_RQ_QueueEmpty:
                            			//r2 = 0x8000 						// queue empty
000098CD 90 9A              			retf 
                            	
                            	///////////////////////////////////////////
                            	// Function: Get a data from Queue but do 
                            	//			not change queue index
                            	// R1: output
                            	// Destory: R1,R2
                            	///////////////////////////////////////////
                            	F_SP_ReadQueue_NIC:
                            	F_SP_ReadQueue_NIC_A2000:
                            	F_SP_ReadQueue_NIC_S480:
                            	F_SP_ReadQueue_NIC_S240:
                            	F_SP_ReadQueue_NIC_MS01:
                            	F_SP_ReadQueue_NIC_DVR:
000098CE 12 95 A5 06        			r2 = [R_ReadIndex]
000098D0 12 45 A6 06        			cmp r2,[R_WriteIndex]
000098D2 03 5E              			je	L_RQ_QueueEmpty?
                            	
000098D3 0A 05 15 06        			r2 += R_Queue				// get queue data index
000098D5 C2 92              			r1 = [r2]
                            	L_RQ_QueueEmpty?:
000098D6 90 9A              			RETF
                            			
                            	///////////////////////////////////////////
                            	// Function: Put a data to Queue
                            	// R1: Input
                            	// Destory: R1,R2
                            	///////////////////////////////////////////	
                            	F_SP_WriteQueue_A2000:
                            	F_SP_WriteQueue_S480:
                            	F_SP_WriteQueue_S240:
                            	F_SP_WriteQueue_MS01:
                            	F_SP_WriteQueue_DVR:
                            	F_SP_WriteQueue:
000098D7 12 95 A6 06        			r2 = [R_WriteIndex] 			// put data to queue
000098D9 0A 05 15 06        			r2 += R_Queue
000098DB C2 D2              			[r2] = r1
                            	
000098DC 12 95 A6 06        			r2 = [R_WriteIndex]
000098DE 41 04              			r2 += 1
000098DF 0A 45 90 00        			cmp	r2, C_QueueSize
000098E1 01 4E              			jne	L_WQ_NotQueueBottom
000098E2 40 94              			r2 = 0
                            	L_WQ_NotQueueBottom:
000098E3 1A D5 A6 06        			[R_WriteIndex] = r2
000098E5 90 9A              			RETF
                            	
                            			
                            	///////////////////////////////////////////
                            	// Function: Test Queue Status
                            	// o/p: R1
                            	// Destory: R1
                            	///////////////////////////////////////////	
                            	F_SP_TestQueue_A2000:
                            	F_SP_TestQueue_S480:
                            	F_SP_TestQueue_S240:
                            	F_SP_TestQueue_MS01:
                            	F_SP_TestQueue_DVR:
                            	F_SP_TestQueue:
                            			//... Test Queue Empty ...
000098E6 11 93 A5 06        			r1 = [R_ReadIndex] 
000098E8 11 43 A6 06        			cmp r1,[R_WriteIndex] 
000098EA 12 5E              			je	L_TQ_QueueEmpty 
                            	
                            			//... Test Queue Full ...
000098EB 11 93 A5 06        			r1 = [R_ReadIndex] 				// For N Queue Full: 1.R=0 and W=N-1 2. R<>0 and W=R-1 
000098ED 05 4E              			jnz	L_TQ_JudgeCond2 
000098EE 11 93 A6 06        			r1 = [R_WriteIndex] 
000098F0 09 43 8F 00        			cmp	r1, C_QueueSize-1 			// Cond1
000098F2 08 5E              			je	L_TQ_QueueFull 			
                            	L_TQ_JudgeCond2:		
000098F3 11 93 A5 06        			r1 = [R_ReadIndex] 
000098F5 41 22              			r1 -=1 
000098F6 11 43 A6 06        			cmp r1,[R_WriteIndex] 
000098F8 02 5E              			je	L_TQ_QueueFull 	
                            	
000098F9 40 92              			r1 = 0 							// not Full, not empty
000098FA 90 9A              			retf 
                            	L_TQ_QueueFull:
000098FB 41 92              			r1 = 1 							// full
000098FC 90 9A              			retf 
                            	L_TQ_QueueEmpty:
000098FD 42 92              			r1 = 2 							// empty
000098FE 90 9A              			retf 
                            	
                            	
                            	
                            	
                            	
                            	///////////////////////////////////////////////////////////////////////////////
                            	// Function: The partial code of hardware setting of SACM_A2000_Initial() 
                            	//			or F_SACM_A2000_Initial:
                            	// Note: The following functions are the partial code of original
                            	//			initial subroutine. (H/W setting part) 
                            	//
                            	//	Ex: F_SACM_A2000_Initial:
                            	//			...
                            	//			call F_SP_SACM_A2000_Init_	: S480/S240/MS01 is same
                            	//			...
                            	//			retf
                            	////////////////////////////////////////////////////////////////////////////////
                            	F_SP_SACM_A2000_Init_:	
000098FF 40 92              			r1=0x0000;                      // 24MHz, Fcpu=Fosc
00009900 19 D3 13 70        	        [P_SystemClock]=r1           	//  Frequency 20MHz
00009902 70 92              	        r1 = 0x0030                     // TimerA CKA=Fosc/2 CKB=1 Tout:off
00009903 19 D3 0B 70        	        [P_TimerA_Ctrl] = r1			// Initial Timer A
00009905 09 93 00 FD        	        r1 = 0xfd00                  	// 16K
00009907 19 D3 0A 70        	        [P_TimerA_Data] = r1 
00009909 09 93 A8 00        	        r1 = 0x00A8                     // Set the DAC Ctrl
0000990B 19 D3 2A 70        	        [P_DAC_Ctrl] = r1
0000990D 09 93 FF FF        	        r1 = 0xffff
                            	        
0000990F 19 D3 11 70        	        [P_INT_Clear] = r1          	// Clear interrupt occuiped events
00009911 40 92              	        r1 =0x0000						// 
                            	        
                            	        
00009912 11 93 14 06        	        r1 = [R_InterruptStatus]		//
00009914 09 A3 00 20        	        r1 |= C_FIQ_TMA					// Enable Timer A FIQ
                            	        //R1 |= C_IRQ4_1KHz
00009916 19 D3 14 06        	        [R_InterruptStatus] = r1		//
00009918 19 D3 10 70        	        [P_INT_Ctrl] = r1				//
                            	
0000991A 90 9A              			RETF
                            	
                            	
                            	//////////////////////////////////////////////////////////////////
                            	// Function: The partial code of hardware setting of SACM_S480_Initial() 
                            	//			or F_SACM_S480_Initial:
                            	//////////////////////////////////////////////////////////////////
                            	F_SP_SACM_S480_Init_:
0000991B 40 92              	        r1 = 0x0000						// 24MHz Fosc
0000991C 19 D3 13 70        	        [P_SystemClock]=r1          	// Initial System Clock
0000991E 70 92              	        r1=0x0030                       // TimerA CKA=Fosc/2 CKB=1 Tout:off
0000991F 19 D3 0B 70        	        [P_TimerA_Ctrl]=r1				// Initial Timer A
                            	        //R1 = 0xfd00                  	// 16K
00009921 09 93 ED FC        	        r1 = 0xfced						// 15.625K
00009923 19 D3 0A 70        	        [P_TimerA_Data]=r1
00009925 09 93 A8 00        	        r1 = 0x00A8						// 
00009927 19 D3 2A 70        	        [P_DAC_Ctrl] = r1				//
                            	        
00009929 09 93 FF FF        	        r1 = 0xffff
0000992B 19 D3 11 70        	        [P_INT_Clear] = r1          	// Clear interrupt occuiped events
0000992D 11 93 14 06        	        R1 = [R_InterruptStatus]		//
0000992F 09 A3 00 20        	        r1 |= C_FIQ_TMA					// Enable Timer A FIQ
                            	        //R1 |= C_IRQ4_1KHz				// Enable 1KHz IRQ4 for S480 decoder
00009931 19 D3 14 06        	        [R_InterruptStatus] = r1		//
00009933 19 D3 10 70        	        [P_INT_Ctrl] = r1				//
                            	        
00009935 90 9A              	        RETF
                            	
                            	//////////////////////////////////////////////////////////////////
                            	// Function: The partial code of hardware setting of SACM_S240_Initial() 
                            	//			or F_SACM_S240_Initial:
                            	//////////////////////////////////////////////////////////////////
                            	F_SP_SACM_S240_Init_:	
00009936 60 92              			r1=0x0020;	
00009937 19 D3 13 70        			[P_SystemClock]=r1
00009939 09 93 A8 00        			r1 = 0x00A8;					// 
0000993B 19 D3 2A 70        			[P_DAC_Ctrl]= r1
0000993D 70 92              			r1 = 0x0030;               	// TimerA CKA=Fosc/2 CKB=1 Tout:off
0000993E 19 D3 0B 70        	        [P_TimerA_Ctrl] = r1;
00009940 09 93 00 FE        			r1 = 0xfe00;                    // 24K
00009942 19 D3 0A 70        	    	[P_TimerA_Data] = r1;		
00009944 09 93 FF FF        	        r1 = 0xffff
00009946 19 D3 11 70        	        [P_INT_Clear] = r1          	// Clear interrupt occuiped events
00009948 11 93 14 06        	        r1 = [R_InterruptStatus]		//
0000994A 09 A3 00 20        	        r1 |= C_FIQ_TMA					// Enable Timer A FIQ
0000994C 19 D3 14 06        	        [R_InterruptStatus] = r1		//
0000994E 19 D3 10 70        	        [P_INT_Ctrl] = r1				//
00009950 90 9A              	        RETF
                            	
                            	//////////////////////////////////////////////////////////////////
                            	// Function: The partial code of hardware setting of SACM_MS01_Initial() 
                            	//			or F_SACM_MS01_Initial:
                            	//
                            	//	Ex: F_SACM_MS01_Initial:
                            	//			...
                            	//			call F_SP_SACM_MS01_Init_
                            	//			call F_SP_Play_Mode0/1/2/3	->0,1,2,3 depending on the para1
                            	//			...
                            	//			retf
                            	//////////////////////////////////////////////////////////////////
                            	F_SP_SACM_MS01_Init_:	
00009951 40 92              			r1 = 0x0000;                    // 24MHz, Fcpu=Fosc
00009952 19 D3 13 70        	        [P_SystemClock] = r1;        	// Initial System Clock
00009954 70 92              	        r1 = 0x0030;                    // TimerA CKA=Fosc/2 CKB=1 Tout:off
00009955 19 D3 0B 70        	        [P_TimerA_Ctrl] = r1			// Initial Timer A
                            	        
                            	        //R1 = 0x0003						// 8K
00009957 40 92              	        r1 = 0x0000						// Fosc/2
00009958 19 D3 0D 70        	        [P_TimerB_Ctrl] = r1;			// Initial Timer B -> 8192	
                            	        
                            	        //R1 = 0xFFFF        
0000995A 09 93 00 FA        	        r1 = 0xFA00					// Any time for ADPCM channel 0,1
0000995C 19 D3 0C 70        	        [P_TimerB_Data] = r1			// 8K sample rate
                            	        
0000995E 09 93 FF FF        			r1 = 0xffff
00009960 19 D3 11 70        	        [P_INT_Clear] = r1          	// Clear interrupt occuiped events
00009962 90 9A              	        RETF
                            	
                            	//........................................
                            	F_SP_PlayMode0_:						// with F_SP_SACM_MS01_Initial
00009963 46 92              			r1 = 0x0006
00009964 19 D3 2A 70        	        [P_DAC_Ctrl] = r1
00009966 09 93 00 FE        	        r1 = 0xFE00
00009968 19 D3 0A 70        	        [P_TimerA_Data] = r1 			//
0000996A 11 93 14 06        	        r1 = [R_InterruptStatus] 		//
0000996C 09 A3 10 84        	        r1 |= C_FIQ_PWM+C_IRQ2_TMB+C_IRQ4_1KHz
0000996E 19 D3 14 06        	        [R_InterruptStatus] = r1 		//
00009970 19 D3 10 70        	        [P_INT_Ctrl] = r1				//
00009972 90 9A              	        RETF
                            	
                            	F_SP_PlayMode1_:						// with F_SP_SACM_MS01_Initial
00009973 09 93 A8 00        			r1 = 0x00A8
00009975 19 D3 2A 70        	        [P_DAC_Ctrl] = r1
00009977 09 93 00 FE        	        r1 = 0xFE00
00009979 19 D3 0A 70        	        [P_TimerA_Data] = r1 			//
0000997B 11 93 14 06        	        r1 = [R_InterruptStatus] 		//
0000997D 09 A3 10 24        	        r1 |= C_FIQ_TMA+C_IRQ2_TMB+C_IRQ4_1KHz
0000997F 19 D3 14 06        	        [R_InterruptStatus] = r1 		//
00009981 19 D3 10 70        	        [P_INT_Ctrl] = r1				//
00009983 90 9A              	        RETF
                            	
                            	
                            	F_SP_PlayMode2_:	 						// with F_SP_SACM_MS01_Initial
00009984 09 93 A8 00        			r1 = 0x00A8
00009986 19 D3 2A 70        	        [P_DAC_Ctrl] = r1
00009988 09 93 9A FD        	        r1 = 0xFD9A
0000998A 19 D3 0A 70        	        [P_TimerA_Data] = r1 				//
0000998C 11 93 14 06        	        r1 = [R_InterruptStatus] 			//
0000998E 09 A3 10 24        	        r1 |= C_FIQ_TMA+C_IRQ2_TMB+C_IRQ4_1KHz
00009990 19 D3 14 06        	        [R_InterruptStatus] = r1 			//
00009992 19 D3 10 70        	        [P_INT_Ctrl] = r1					//
00009994 90 9A              	        RETF
                            	
                            	      
                            	F_SP_PlayMode3_:								// with F_SP_SACM_MS01_Initial
00009995 09 93 A8 00        			r1 = 0x00A8
00009997 19 D3 2A 70        	        [P_DAC_Ctrl] = r1
00009999 09 93 00 FD        	        r1 = 0xFD00
0000999B 19 D3 0A 70        	        [P_TimerA_Data] = r1 					//
0000999D 11 93 14 06        	        r1 = [R_InterruptStatus] 				//
0000999F 09 A3 10 24        	        r1 |= C_FIQ_TMA+C_IRQ2_TMB+C_IRQ4_1KHz
000099A1 19 D3 14 06        		    [R_InterruptStatus] = r1 				//
000099A3 19 D3 10 70        	        [P_INT_Ctrl] = r1						//
000099A5 90 9A              	        RETF
                            	        
                            	///////////////////////////////////////////////////////////////////////////////
                            	// Function: The partial code of hardware setting of SACM_MS01_Initial() 
                            	//			or F_SACM_MS01_Initial:
                            	//
                            	//	Ex: F_SACM_DVR_Initial:
                            	//			...
                            	//			call F_SP_SACM_DVR_Init_
                            	//			call F_SP_Play_Mode0/1/2/3	->0,1,2,3 depending on the para1
                            	//			...
                            	//			retf
                            	//	Ex1:
                            	//		F_SACM_DVR_Record: (or F_SACM_DVR_InitEncoder)
                            	//			...
                            	//			call F_SP_SACM_DVR_Rec_Init
                            	//			...
                            	//			retf
                            	//	Ex2:
                            	//		F_SACM_DVR_Play: (or F_SACM_DVR_InitDecoder)
                            	//			...
                            	//			call F_SP_SACM_DVR_Play_Init_
                            	//			...
                            	//			retf
                            	///////////////////////////////////////////////////////////////////////////////
                            	F_SP_SACM_DVR_Init_:
000099A6 40 92              	        r1 = 0x0000;                    // 24MHz, Fcpu=Fosc
000099A7 19 D3 13 70        	        [P_SystemClock] = r1;           //  Frequency 20MHz
000099A9 70 92              	        r1 = 0x0030;                    // TimerA CKA=Fosc/2 CKB=1 Tout:off
000099AA 19 D3 0B 70        	        [P_TimerA_Ctrl] = r1;
000099AC 09 93 00 FA        	        r1 = 0xfa00;                    // 8K @ 24.576MHz
                            	        //r1 = 0xfb1d;                  // 8K @ 20MHz
000099AE 19 D3 0A 70        	        [P_TimerA_Data] = r1;
000099B0 75 92              	        r1 = 0x0035;                    // ADINI should be open (107)
000099B1 19 D3 15 70        	        [P_ADC_Ctrl] = r1;
000099B3 09 93 A8 00        	        r1 = 0x00A8;                    // Set the DA Ctrl
000099B5 19 D3 2A 70        	        [P_DAC_Ctrl] = r1;
                            	        
000099B7 09 93 FF FF        	        r1 = 0xffff;
000099B9 19 D3 11 70        	        [P_INT_Clear] = r1;          	// Clear interrupt occuiped events
                            	        
000099BB 11 93 14 06        	        r1 = [R_InterruptStatus]		//
000099BD 09 A3 00 20        	        r1 |= C_FIQ_TMA					// Enable Timer A FIQ
000099BF 19 D3 14 06        	        [R_InterruptStatus] = r1		//
000099C1 19 D3 10 70        	        [P_INT_Ctrl] = r1				//
                            	        
000099C3 90 9A              	        RETF
                            	
                            	
                            	
                            	F_SP_SACM_DVR_Rec_Init_:					// call by SACM_DVR_Record / SACM_DVR_InitEncoder
000099C4 75 92              			r1 = 0x0035;  					//mic input
                            	        //r1 = 0x0037					//line_in input
000099C5 19 D3 15 70        	        [P_ADC_Ctrl] = r1;       		//enable ADC
                            	        
000099C7 09 93 00 FE        	        r1=0xfe00;                     	//24K @ 24.576MHz
000099C9 19 D3 0A 70        	        [P_TimerA_Data] = r1 
000099CB 90 9A              			RETF
                            	
                            	F_SP_SACM_DVR_Play_Init_:
000099CC 40 92              		    r1 = 0x0000						// call by SACM_DVR_Stop / SACM_DVR_Play
000099CD 19 D3 15 70        	        [P_ADC_Ctrl] = r1;       		// Disable ADC
                            	        
000099CF 09 93 00 FD        	        r1 = 0xfd00;                	// 16K @ 24.576MHz
000099D1 19 D3 0A 70        	        [P_TimerA_Data] = r1;
000099D3 90 9A              	        RETF
                            	
                            	
                            	
                            	
                            	/////////////////////////////////////////////////////////////////////////////// 
                            	// Function: Extra Functions provided by Sunplus
                            	//	Type:	
                            	//		1. DAC Ramp up/down
                            	//		2. IO config/import/export
                            	//		3. Get resource data
                            	//
                            	//
                            	///////////////////////////////////////////////////////////////////////////////
                            	
                            	////////////////////////////////////////////////////////
                            	// Function: Ramp Up/Down to avoid speaker "pow" noise
                            	// Destory: R1,R2
                            	////////////////////////////////////////////////////////
                            	_SP_RampUpDAC1:	.PROC
                            	F_SP_RampUpDAC1:
000099D4 90 D4              			push r1,r2 to [sp] 
000099D5 11 93 17 70        	        r1=[P_DAC1] 
000099D7 09 B3 C0 FF        	        r1 &= ~0x003f 
000099D9 09 43 00 80        	        cmp     r1,0x8000
000099DB 0E 0E              	        jb     	L_RU_NormalUp
000099DC 19 5E              	        je      L_RU_End
                            	                
                            	L_RU_DownLoop:
000099DD 40 F0 40 9A        	        call    F_Delay         
000099DF 41 94              	        r2 = 0x0001 
000099E0 1A D5 12 70        	        [P_Watchdog_Clear] = r2 
000099E2 09 23 40 00        	        r1 -= 0x40 
000099E4 19 D3 17 70        	        [P_DAC1] = r1 
000099E6 09 43 00 80        	        cmp     r1,0x8000 
000099E8 4C 4E              	        jne     L_RU_DownLoop   
                            	L_RD_DownEnd:
000099E9 0C EE              	        jmp     L_RU_End 
                            	
                            	L_RU_NormalUp:
                            	L_RU_Loop:
000099EA 40 F0 40 9A        	        call    F_Delay 
000099EC 41 94              	        r2 = 0x0001 
000099ED 1A D5 12 70        	        [P_Watchdog_Clear] = r2 
000099EF 09 03 40 00        	        r1 += 0x40 
000099F1 19 D3 17 70        	        [P_DAC1] = r1 
000099F3 09 43 00 80        	        cmp     r1, 0x8000 
000099F5 4C 4E              	        jne     L_RU_Loop 
                            	L_RU_End:
000099F6 90 90              			pop     r1,r2 from [sp] 
000099F7 90 9A              	  		retf 
                            	    	.ENDP
                            	    
                            	//............................................................
                            	_SP_RampDnDAC1:	.PROC
                            	F_SP_RampDnDAC1:
000099F8 90 D4              			push r1,r2 to [sp] 
                            	  		//int off 
000099F9 11 93 17 70        	    	r1 = [P_DAC1] 
000099FB 09 B3 C0 FF        	     	r1 &= ~0x003F 
000099FD 0A 5E              	      	jz      L_RD_End 
                            	L_RD_Loop:                
000099FE 40 F0 40 9A        	        call    F_Delay         
00009A00 41 94              	        r2 = 0x0001 
00009A01 1A D5 12 70        	        [P_Watchdog_Clear] = r2 
00009A03 09 23 40 00        	        r1 -= 0x40 
00009A05 19 D3 17 70        	        [P_DAC1] = r1   
00009A07 4A 4E              	        jnz     L_RD_Loop 
                            	L_RD_End:       
                            			//int	fiq,irq
00009A08 90 90              	        pop     r1,r2 from [sp] 
00009A09 90 9A              	        retf 
                            			.ENDP
                            	
                            	//..............................................................
                            	_SP_RampUpDAC2:	.PROC
                            	F_SP_RampUpDAC2:
00009A0A 90 D4              			push r1,r2 to [sp] 
00009A0B 11 93 16 70        	  		r1=[P_DAC2] 
00009A0D 09 B3 C0 FF        	    	r1 &= ~0x003f 
00009A0F 09 43 00 80        	     	cmp     r1,0x8000
00009A11 0E 0E              	      	jb     	L_RU_NormalUp_   
00009A12 5D 5E              	       	je      L_RU_End 
                            	                
                            	L_RU_DownLoop_:
00009A13 40 F0 40 9A        	        call    F_Delay         
00009A15 41 94              	        r2 = 0x0001 
00009A16 1A D5 12 70        	        [P_Watchdog_Clear] = r2 
00009A18 09 23 40 00        	        r1 -= 0x40 
00009A1A 19 D3 16 70        	        [P_DAC2] = r1 
00009A1C 09 43 00 80        	        cmp     r1,0x8000 
00009A1E 4C 4E              	        jne     L_RU_DownLoop_   
                            	L_RD_DownEnd_:
00009A1F 0C EE              	        jmp     L_RU_End_ 
                            	
                            	L_RU_NormalUp_:
                            	L_RU_Loop_:
00009A20 40 F0 40 9A        			call    F_Delay 
00009A22 41 94              	  		r2 = 0x0001 
00009A23 1A D5 12 70        	    	[P_Watchdog_Clear] = r2 
00009A25 09 03 40 00        	        r1 += 0x40 
00009A27 19 D3 16 70        	        [P_DAC2] = r1 
00009A29 09 43 00 80        	        cmp     r1, 0x8000 
00009A2B 4C 4E              	        jne     L_RU_Loop_ 
                            	L_RU_End_:
00009A2C 90 90              	   		pop     r1,r2 from [sp] 
00009A2D 90 9A              	     	retf 
                            	      	.ENDP
                            	//.............................................................
                            	_SP_RampDnDAC2:	.PROC
                            	F_SP_RampDnDAC2:
                            			//int off 
00009A2E 90 D4              			push r1,r2 to [sp] 
                            	                
00009A2F 11 93 16 70        	        r1 = [P_DAC2] 
00009A31 09 B3 C0 FF        	        r1 &= ~0x003F 
00009A33 0A 5E              	        jz      L_RD_End_ 
                            	L_RD_Loop_:                
00009A34 40 F0 40 9A        	        call    F_Delay         
00009A36 41 94              	        r2 = 0x0001 
00009A37 1A D5 12 70        	        [P_Watchdog_Clear] = r2 
00009A39 09 23 40 00        	        r1 -= 0x40 
00009A3B 19 D3 16 70        	        [P_DAC2] = r1   
00009A3D 4A 4E              	        jnz     L_RD_Loop_ 
                            	L_RD_End_:       
00009A3E 90 90              	        pop     r1,r2 from [sp] 
00009A3F 90 9A              	        retf 
                            			.ENDP
                            	
                            	//..................................................................				
                            	F_Delay:
00009A40 88 D2              	        push r1 to [sp] 
00009A41 60 92              	        r1 = C_RampDelayTime			// Ramp Up/Dn delay per step
                            	L_D_Loop:
00009A42 41 22              	        r1 -= 1 
00009A43 42 4E              	        jnz     L_D_Loop  
00009A44 88 90              	        pop     r1 from [sp] 
00009A45 90 9A              	        RETF	 
                            	
                            	
                            	
                            	////////////////////////////////////////////////////////////////
                            	// Function: I/O Port A configuration
                            	// 	void SP_Inti_IOA(int Dir, int Data, int Attrib)
                            	////////////////////////////////////////////////////////////////
                            	_SP_Init_IOA: .PROC
00009A46 88 DA              			PUSH bp TO [sp] 
00009A47 08 0B 01 00        	        bp = sp + 1 
00009A49 88 D2              			PUSH r1 TO [sp] 
00009A4A 03 92              			r1 = [bp+3] 						// Port direction
00009A4B 19 D3 02 70        			[P_IOA_Dir] = r1 
00009A4D 04 92              			r1 = [bp+4] 
00009A4E 19 D3 00 70        			[P_IOA_Data] = r1 
00009A50 05 92              			r1 = [bp+5] 
00009A51 19 D3 03 70        			[P_IOA_Attrib] = r1 
                            			
00009A53 88 90              			POP r1 FROM [sp] 
00009A54 88 98              	        POP bp FROM [sp] 
00009A55 90 9A              	        RETF 
                            			.ENDP
                            	
                            	////////////////////////////////////////////////////////////////// 
                            	// Function: I/O Port B configuration
                            	//  void SP_Inti_IOB(int Dir, int Data, int Attrib)
                            	//////////////////////////////////////////////////////////////////    
                            	_SP_Init_IOB: .PROC
00009A56 88 DA              			PUSH bp TO [sp] 
00009A57 08 0B 01 00        	        bp = sp + 1 
00009A59 88 D2              			PUSH r1 TO [sp] 
00009A5A 03 92              			r1 = [bp+3] 						// Port direction
00009A5B 19 D3 07 70        			[P_IOB_Dir] = r1 
00009A5D 04 92              			r1 = [bp+4] 
00009A5E 19 D3 05 70        			[P_IOB_Data] = r1 
00009A60 05 92              			r1 = [bp+5] 
00009A61 19 D3 08 70        			[P_IOB_Attrib] = r1 
                            			
00009A63 88 90              			POP r1 FROM [sp] 
00009A64 88 98              	        POP bp FROM [sp] 
00009A65 90 9A              	        RETF 
                            			.ENDP
                            	
                            	////////////////////////////////////////////////////////////////// 
                            	// Function: Get data from port
                            	// 	int SP_Import(unsigned int Port)
                            	//////////////////////////////////////////////////////////////////  
                            	_SP_Import: .PROC
00009A66 88 DA              	        PUSH bp TO [sp] 
00009A67 08 0B 01 00        	        bp = sp + 1 
                            	        
00009A69 03 92              			r1 = [bp+3]  						// Port Number
00009A6A C1 92              			r1 = [r1]  
                            					
00009A6B 88 98              	        POP bp FROM [sp] 
00009A6C 90 9A              	        RETF 
                            			.ENDP
                            	
                            	_SP_Export: .PROC
00009A6D 88 DA              	        PUSH bp,bp TO [sp] 
00009A6E 41 00              	        sp = sp + 1 
00009A6F 90 D4              			PUSH r1,r2 TO [sp] 
00009A70 03 92              			r1 = [bp+3]  						// Port Number
00009A71 04 94              			r2 = [bp+4]  						// Value
00009A72 C1 D4              			[r1] = r2  
00009A73 90 90              			POP r1,r2 FROM [sp] 
00009A74 88 98              	        POP bp,bp FROM [sp] 
00009A75 90 9A              	        RETF         
                            	 		.ENDP
                            	
                            	
                            	////////////////////////////////////////////////////////////////// 
                            	// Function: Get data from resource(ROM area)
                            	// 	int SP_GetResource(int Addr, int Page)
                            	//////////////////////////////////////////////////////////////////  
                            	_SP_GetResource:	.PROC
00009A76 88 DA              			push bp to [sp] 
00009A77 08 0B 01 00        			bp = sp + 1 
                            			
00009A79 03 92              			r1 = [bp+3] 					// Address
00009A7A 04 94              			r2 = [bp+4] 					// Page
                            			
00009A7B 5A 95              			r2 = r2 lsl 4 					// Prepare Page for SR
00009A7C 5A 95              			r2 = r2 lsl 4 
00009A7D 4A 95              			r2 = r2 lsl 2 
                            			
00009A7E 7F BC              			sr &= 0x03f 					// Change Page
00009A7F 06 A5              	        r2 |=sr 						//
00009A80 02 9D              	        sr = r2 						//
                            	  
00009A81 E1 92              	  		r1 = D:[r1] 					// Get data
                            	       
00009A82 88 98              			pop	 bp from [sp] 
00009A83 90 9A              			retf 
                            			.ENDP 
                            	//........................................
                            	F_SP_GetResource:
00009A84 5A 95              			r2 = r2 lsl 4 					// Prepare Page for SR
00009A85 5A 95              			r2 = r2 lsl 4 
00009A86 4A 95              			r2 = r2 lsl 2 
                            			
00009A87 7F BC              			sr &= 0x03f 					// Change Page
00009A88 06 A5              	        r2 |=sr 						//
00009A89 02 9D              	        sr = r2 						//
                            	  
00009A8A E1 92              	  		r1 = D:[r1] 					// Get data
00009A8B 90 9A              		  	retf
                            	
                            	//////////////////////////////////////////////////////////////////
                            	// Functions: Reserve old defintion
                            	// Note: 	1. Some user who use old library may use the old name
                            	//			2. Have to be put at the end of this file
                            	//////////////////////////////////////////////////////////////////
                            	.PUBLIC	F_RampUpDAC1 
                            	.PUBLIC	F_RampDnDAC1 
                            	.PUBLIC	F_RampUpDAC2 
                            	.PUBLIC	F_RampDnDAC2 
                            	.PUBLIC	_STD_RampUpDAC1 
                            	.PUBLIC	_STD_RampDnDAC1 
                            	.PUBLIC	_STD_RampUpDAC2 
                            	.PUBLIC	_STD_RampDnDAC2 
                            	
                            	.DEFINE F_RampUpDAC1 F_SP_RampUpDAC1
                            	.DEFINE F_RampDnDAC1 F_SP_RampDnDAC1
                            	.DEFINE F_RampUpDAC2 F_SP_RampUpDAC2
                            	.DEFINE F_RampDnDAC2 F_SP_RampDnDAC2
                            	.DEFINE _STD_RampUpDAC1 _SP_RampUpDAC1
                            	.DEFINE _STD_RampDnDAC1 _SP_RampDnDAC1
                            	.DEFINE _STD_RampUpDAC2 _SP_RampUpDAC2
                            	.DEFINE _STD_RampDnDAC2 _SP_RampDnDAC2
                            	
                            	
                            	///////////////////////////////////////////////////////////////////
                            	                
                            	//========================================================================================        
                            	// End of hardware.asm
                            	//========================================================================================
                            	
                            	
                            	
                            	        
                            	        
                            	        
0 error(s), 0 warning(s).

