Sunplus u'nSP Assembler - Ver. 1.14.3.1

                            	// GCC for SUNPLUS u'nSP version 1.0.21-3
                            	// Command: C:\PROGRA~1\Sunplus\UNSPID~1.0\cc1.exe C:\DOCUME~1\ADMINI~1\LOCALS~1\Temp\ccMXaaaa.i -fkeep-inline-functions -quiet -dumpbase 123.c -mglobal-var-iram -gstabs -Wall -o .\Debug/123.asm
                            		.external __sn_func_ptr_sec
                            	
                            	// gcc2_compiled.:
                            	
00000000                    	.debug
00000000 2E 00 73 00        		.dw '.stabs "F:/myproject/lingyang/123/",0x64,0,3,',0,0,offset Ltext0,seg Ltext0,0x0d,0x0a
         74 00 61 00
         62 00 73 00
         20 00 22 00
         46 00 3A 00
         2F 00 6D 00
         79 00 70 00
         72 00 6F 00
         6A 00 65 00
         63 00 74 00
         2F 00 6C 00
         69 00 6E 00
         67 00 79 00
         61 00 6E 00
         67 00 2F 00
         31 00 32 00
         33 00 2F 00
         22 00 2C 00
         30 00 78 00
         36 00 34 00
         2C 00 30 00
         2C 00 33 00
         2C 00 00 00
         00 00 00 00
         00 00 0D 00
         0A 00      
00000000                    	.code
00000033                    	.debug
00000033 2E 00 73 00        		.dw '.stabs "F:/myproject/lingyang/123/123.c",0x64,0,3,',0,0,offset Ltext0,seg Ltext0,0x0d,0x0a
         74 00 61 00
         62 00 73 00
         20 00 22 00
         46 00 3A 00
         2F 00 6D 00
         79 00 70 00
         72 00 6F 00
         6A 00 65 00
         63 00 74 00
         2F 00 6C 00
         69 00 6E 00
         67 00 79 00
         61 00 6E 00
         67 00 2F 00
         31 00 32 00
         33 00 2F 00
         31 00 32 00
         33 00 2E 00
         63 00 22 00
         2C 00 30 00
         78 00 36 00
         34 00 2C 00
         30 00 2C 00
         33 00 2C 00
         00 00 00 00
         00 00 00 00
         0D 00 0A 00
00000000                    	.code
00000000                    	.code
                            	Ltext0:
0000006B                    	.debug
0000006B 2E 00 73 00        		.dw '.stabs "int:t1=r1;-32768;32767;",128,0,0,0',0x0d,0x0a
         74 00 61 00
         62 00 73 00
         20 00 22 00
         69 00 6E 00
         74 00 3A 00
         74 00 31 00
         3D 00 72 00
         31 00 3B 00
         2D 00 33 00
         32 00 37 00
         36 00 38 00
         3B 00 33 00
         32 00 37 00
         36 00 37 00
         3B 00 22 00
         2C 00 31 00
         32 00 38 00
         2C 00 30 00
         2C 00 30 00
         2C 00 30 00
         0D 00 0A 00
00000000                    	.CODE
00000097                    	.debug
00000097 2E 00 73 00        		.dw '.stabs "char:t2=r2;0;127;",128,0,0,0',0x0d,0x0a
         74 00 61 00
         62 00 73 00
         20 00 22 00
         63 00 68 00
         61 00 72 00
         3A 00 74 00
         32 00 3D 00
         72 00 32 00
         3B 00 30 00
         3B 00 31 00
         32 00 37 00
         3B 00 22 00
         2C 00 31 00
         32 00 38 00
         2C 00 30 00
         2C 00 30 00
         2C 00 30 00
         0D 00 0A 00
00000000                    	.CODE
000000BD                    	.debug
000000BD 2E 00 73 00        		.dw '.stabs "long int:t3=r3;-2147483648;2147483647;",128,0,0,0',0x0d,0x0a
         74 00 61 00
         62 00 73 00
         20 00 22 00
         6C 00 6F 00
         6E 00 67 00
         20 00 69 00
         6E 00 74 00
         3A 00 74 00
         33 00 3D 00
         72 00 33 00
         3B 00 2D 00
         32 00 31 00
         34 00 37 00
         34 00 38 00
         33 00 36 00
         34 00 38 00
         3B 00 32 00
         31 00 34 00
         37 00 34 00
         38 00 33 00
         36 00 34 00
         37 00 3B 00
         22 00 2C 00
         31 00 32 00
         38 00 2C 00
         30 00 2C 00
         30 00 2C 00
         30 00 0D 00
         0A 00      
00000000                    	.CODE
000000F8                    	.debug
000000F8 2E 00 73 00        		.dw '.stabs "unsigned int:t4=r4;0;65535;",128,0,0,0',0x0d,0x0a
         74 00 61 00
         62 00 73 00
         20 00 22 00
         75 00 6E 00
         73 00 69 00
         67 00 6E 00
         65 00 64 00
         20 00 69 00
         6E 00 74 00
         3A 00 74 00
         34 00 3D 00
         72 00 34 00
         3B 00 30 00
         3B 00 36 00
         35 00 35 00
         33 00 35 00
         3B 00 22 00
         2C 00 31 00
         32 00 38 00
         2C 00 30 00
         2C 00 30 00
         2C 00 30 00
         0D 00 0A 00
00000000                    	.CODE
00000128                    	.debug
00000128 2E 00 73 00        		.dw '.stabs "long unsigned int:t5=r5;0;4294967295;",128,0,0,0',0x0d,0x0a
         74 00 61 00
         62 00 73 00
         20 00 22 00
         6C 00 6F 00
         6E 00 67 00
         20 00 75 00
         6E 00 73 00
         69 00 67 00
         6E 00 65 00
         64 00 20 00
         69 00 6E 00
         74 00 3A 00
         74 00 35 00
         3D 00 72 00
         35 00 3B 00
         30 00 3B 00
         34 00 32 00
         39 00 34 00
         39 00 36 00
         37 00 32 00
         39 00 35 00
         3B 00 22 00
         2C 00 31 00
         32 00 38 00
         2C 00 30 00
         2C 00 30 00
         2C 00 30 00
         0D 00 0A 00
00000000                    	.CODE
00000162                    	.debug
00000162 2E 00 73 00        		.dw '.stabs "long long int:t6=r6;-2147483648;2147483647;",128,0,0,0',0x0d,0x0a
         74 00 61 00
         62 00 73 00
         20 00 22 00
         6C 00 6F 00
         6E 00 67 00
         20 00 6C 00
         6F 00 6E 00
         67 00 20 00
         69 00 6E 00
         74 00 3A 00
         74 00 36 00
         3D 00 72 00
         36 00 3B 00
         2D 00 32 00
         31 00 34 00
         37 00 34 00
         38 00 33 00
         36 00 34 00
         38 00 3B 00
         32 00 31 00
         34 00 37 00
         34 00 38 00
         33 00 36 00
         34 00 37 00
         3B 00 22 00
         2C 00 31 00
         32 00 38 00
         2C 00 30 00
         2C 00 30 00
         2C 00 30 00
         0D 00 0A 00
00000000                    	.CODE
000001A2                    	.debug
000001A2 2E 00 73 00        		.dw '.stabs "long long unsigned int:t7=r7;0;4294967295;",128,0,0,0',0x0d,0x0a
         74 00 61 00
         62 00 73 00
         20 00 22 00
         6C 00 6F 00
         6E 00 67 00
         20 00 6C 00
         6F 00 6E 00
         67 00 20 00
         75 00 6E 00
         73 00 69 00
         67 00 6E 00
         65 00 64 00
         20 00 69 00
         6E 00 74 00
         3A 00 74 00
         37 00 3D 00
         72 00 37 00
         3B 00 30 00
         3B 00 34 00
         32 00 39 00
         34 00 39 00
         36 00 37 00
         32 00 39 00
         35 00 3B 00
         22 00 2C 00
         31 00 32 00
         38 00 2C 00
         30 00 2C 00
         30 00 2C 00
         30 00 0D 00
         0A 00      
00000000                    	.CODE
000001E1                    	.debug
000001E1 2E 00 73 00        		.dw '.stabs "short int:t8=r8;-32768;32767;",128,0,0,0',0x0d,0x0a
         74 00 61 00
         62 00 73 00
         20 00 22 00
         73 00 68 00
         6F 00 72 00
         74 00 20 00
         69 00 6E 00
         74 00 3A 00
         74 00 38 00
         3D 00 72 00
         38 00 3B 00
         2D 00 33 00
         32 00 37 00
         36 00 38 00
         3B 00 33 00
         32 00 37 00
         36 00 37 00
         3B 00 22 00
         2C 00 31 00
         32 00 38 00
         2C 00 30 00
         2C 00 30 00
         2C 00 30 00
         0D 00 0A 00
00000000                    	.CODE
00000213                    	.debug
00000213 2E 00 73 00        		.dw '.stabs "short unsigned int:t9=r9;0;65535;",128,0,0,0',0x0d,0x0a
         74 00 61 00
         62 00 73 00
         20 00 22 00
         73 00 68 00
         6F 00 72 00
         74 00 20 00
         75 00 6E 00
         73 00 69 00
         67 00 6E 00
         65 00 64 00
         20 00 69 00
         6E 00 74 00
         3A 00 74 00
         39 00 3D 00
         72 00 39 00
         3B 00 30 00
         3B 00 36 00
         35 00 35 00
         33 00 35 00
         3B 00 22 00
         2C 00 31 00
         32 00 38 00
         2C 00 30 00
         2C 00 30 00
         2C 00 30 00
         0D 00 0A 00
00000000                    	.CODE
00000249                    	.debug
00000249 2E 00 73 00        		.dw '.stabs "signed char:t10=r10;-32768;32767;",128,0,0,0',0x0d,0x0a
         74 00 61 00
         62 00 73 00
         20 00 22 00
         73 00 69 00
         67 00 6E 00
         65 00 64 00
         20 00 63 00
         68 00 61 00
         72 00 3A 00
         74 00 31 00
         30 00 3D 00
         72 00 31 00
         30 00 3B 00
         2D 00 33 00
         32 00 37 00
         36 00 38 00
         3B 00 33 00
         32 00 37 00
         36 00 37 00
         3B 00 22 00
         2C 00 31 00
         32 00 38 00
         2C 00 30 00
         2C 00 30 00
         2C 00 30 00
         0D 00 0A 00
00000000                    	.CODE
0000027F                    	.debug
0000027F 2E 00 73 00        		.dw '.stabs "unsigned char:t11=r11;0;65535;",128,0,0,0',0x0d,0x0a
         74 00 61 00
         62 00 73 00
         20 00 22 00
         75 00 6E 00
         73 00 69 00
         67 00 6E 00
         65 00 64 00
         20 00 63 00
         68 00 61 00
         72 00 3A 00
         74 00 31 00
         31 00 3D 00
         72 00 31 00
         31 00 3B 00
         30 00 3B 00
         36 00 35 00
         35 00 33 00
         35 00 3B 00
         22 00 2C 00
         31 00 32 00
         38 00 2C 00
         30 00 2C 00
         30 00 2C 00
         30 00 0D 00
         0A 00      
00000000                    	.CODE
000002B2                    	.debug
000002B2 2E 00 73 00        		.dw '.stabs "float:t12=r1;2;0;",128,0,0,0',0x0d,0x0a
         74 00 61 00
         62 00 73 00
         20 00 22 00
         66 00 6C 00
         6F 00 61 00
         74 00 3A 00
         74 00 31 00
         32 00 3D 00
         72 00 31 00
         3B 00 32 00
         3B 00 30 00
         3B 00 22 00
         2C 00 31 00
         32 00 38 00
         2C 00 30 00
         2C 00 30 00
         2C 00 30 00
         0D 00 0A 00
00000000                    	.CODE
000002D8                    	.debug
000002D8 2E 00 73 00        		.dw '.stabs "double:t13=r1;2;0;",128,0,0,0',0x0d,0x0a
         74 00 61 00
         62 00 73 00
         20 00 22 00
         64 00 6F 00
         75 00 62 00
         6C 00 65 00
         3A 00 74 00
         31 00 33 00
         3D 00 72 00
         31 00 3B 00
         32 00 3B 00
         30 00 3B 00
         22 00 2C 00
         31 00 32 00
         38 00 2C 00
         30 00 2C 00
         30 00 2C 00
         30 00 0D 00
         0A 00      
00000000                    	.CODE
000002FF                    	.debug
000002FF 2E 00 73 00        		.dw '.stabs "long double:t14=r1;2;0;",128,0,0,0',0x0d,0x0a
         74 00 61 00
         62 00 73 00
         20 00 22 00
         6C 00 6F 00
         6E 00 67 00
         20 00 64 00
         6F 00 75 00
         62 00 6C 00
         65 00 3A 00
         74 00 31 00
         34 00 3D 00
         72 00 31 00
         3B 00 32 00
         3B 00 30 00
         3B 00 22 00
         2C 00 31 00
         32 00 38 00
         2C 00 30 00
         2C 00 30 00
         2C 00 30 00
         0D 00 0A 00
00000000                    	.CODE
0000032B                    	.debug
0000032B 2E 00 73 00        		.dw '.stabs "complex int:t15=s2real:1,0,16;imag:1,16,16;;",128,0,0,0',0x0d,0x0a
         74 00 61 00
         62 00 73 00
         20 00 22 00
         63 00 6F 00
         6D 00 70 00
         6C 00 65 00
         78 00 20 00
         69 00 6E 00
         74 00 3A 00
         74 00 31 00
         35 00 3D 00
         73 00 32 00
         72 00 65 00
         61 00 6C 00
         3A 00 31 00
         2C 00 30 00
         2C 00 31 00
         36 00 3B 00
         69 00 6D 00
         61 00 67 00
         3A 00 31 00
         2C 00 31 00
         36 00 2C 00
         31 00 36 00
         3B 00 3B 00
         22 00 2C 00
         31 00 32 00
         38 00 2C 00
         30 00 2C 00
         30 00 2C 00
         30 00 0D 00
         0A 00      
00000000                    	.CODE
0000036C                    	.debug
0000036C 2E 00 73 00        		.dw '.stabs "complex float:t16=r16;2;0;",128,0,0,0',0x0d,0x0a
         74 00 61 00
         62 00 73 00
         20 00 22 00
         63 00 6F 00
         6D 00 70 00
         6C 00 65 00
         78 00 20 00
         66 00 6C 00
         6F 00 61 00
         74 00 3A 00
         74 00 31 00
         36 00 3D 00
         72 00 31 00
         36 00 3B 00
         32 00 3B 00
         30 00 3B 00
         22 00 2C 00
         31 00 32 00
         38 00 2C 00
         30 00 2C 00
         30 00 2C 00
         30 00 0D 00
         0A 00      
00000000                    	.CODE
0000039B                    	.debug
0000039B 2E 00 73 00        		.dw '.stabs "complex double:t17=r17;2;0;",128,0,0,0',0x0d,0x0a
         74 00 61 00
         62 00 73 00
         20 00 22 00
         63 00 6F 00
         6D 00 70 00
         6C 00 65 00
         78 00 20 00
         64 00 6F 00
         75 00 62 00
         6C 00 65 00
         3A 00 74 00
         31 00 37 00
         3D 00 72 00
         31 00 37 00
         3B 00 32 00
         3B 00 30 00
         3B 00 22 00
         2C 00 31 00
         32 00 38 00
         2C 00 30 00
         2C 00 30 00
         2C 00 30 00
         0D 00 0A 00
00000000                    	.CODE
000003CB                    	.debug
000003CB 2E 00 73 00        		.dw '.stabs "complex long double:t18=r18;2;0;",128,0,0,0',0x0d,0x0a
         74 00 61 00
         62 00 73 00
         20 00 22 00
         63 00 6F 00
         6D 00 70 00
         6C 00 65 00
         78 00 20 00
         6C 00 6F 00
         6E 00 67 00
         20 00 64 00
         6F 00 75 00
         62 00 6C 00
         65 00 3A 00
         74 00 31 00
         38 00 3D 00
         72 00 31 00
         38 00 3B 00
         32 00 3B 00
         30 00 3B 00
         22 00 2C 00
         31 00 32 00
         38 00 2C 00
         30 00 2C 00
         30 00 2C 00
         30 00 0D 00
         0A 00      
00000000                    	.CODE
00000400                    	.debug
00000400 2E 00 73 00        		.dw '.stabs "void:t19=19",128,0,0,0',0x0d,0x0a
         74 00 61 00
         62 00 73 00
         20 00 22 00
         76 00 6F 00
         69 00 64 00
         3A 00 74 00
         31 00 39 00
         3D 00 31 00
         39 00 22 00
         2C 00 31 00
         32 00 38 00
         2C 00 30 00
         2C 00 30 00
         2C 00 30 00
         0D 00 0A 00
00000000                    	.CODE
00000000                    	.code
00000420                    	.debug
00000420 2E 00 73 00        		.dw '.stabs "playsound:F19",36,0,0,',0,0,offset _playsound,seg _playsound,0x0d,0x0a
         74 00 61 00
         62 00 73 00
         20 00 22 00
         70 00 6C 00
         61 00 79 00
         73 00 6F 00
         75 00 6E 00
         64 00 3A 00
         46 00 31 00
         39 00 22 00
         2C 00 33 00
         36 00 2C 00
         30 00 2C 00
         30 00 2C 00
         00 00 00 00
         00 00 00 00
         0D 00 0A 00
00000000                    	.CODE
                            	.public _playsound
                            	_playsound:	.proc
00000444                    	.debug
00000444 2E 00 73 00        		.dw '.stabn 0x44,0,4,',0,0
         74 00 61 00
         62 00 6E 00
         20 00 30 00
         78 00 34 00
         34 00 2C 00
         30 00 2C 00
         34 00 2C 00
         00 00 00 00
00000456 00 00 00 00        		.dd LM1-_playsound
00000458 0D 00 0A 00        		.dw 0x0d,0x0a
00000000                    	.code
                            	LM1:
                            		// total=1, vars=1
                            		// frame_pointer_needed: 1
00000000 88 DA              		push bp to [sp]
00000001 41 20              		sp-=1
00000002 08 0B 01 00        		bp=sp+1
                            	
00000004 0D 03 04 00        		R1=BP+4
00000006 C5 D2              		[BP]=R1	// QImode move
0000045A                    	.debug
0000045A 2E 00 73 00        		.dw '.stabn 0x44,0,5,',0,0
         74 00 61 00
         62 00 6E 00
         20 00 30 00
         78 00 34 00
         34 00 2C 00
         30 00 2C 00
         35 00 2C 00
         00 00 00 00
0000046C 07 00 00 00        		.dd LM2-_playsound
0000046E 0D 00 0A 00        		.dw 0x0d,0x0a
00000007                    	.code
                            	LM2:
                            	LBB2:
00000007 41 92              		R1=1	// QImode move
00000008 C8 D2              		[SP--]=R1	// QImode move
00000009 40 F0 00 00        		call _SACM_A2000_Initial	// call with return value
0000000B 41 00              		SP = SP + 1	//SP
00000470                    	.debug
00000470 2E 00 73 00        		.dw '.stabn 0x44,0,6,',0,0
         74 00 61 00
         62 00 6E 00
         20 00 30 00
         78 00 34 00
         34 00 2C 00
         30 00 2C 00
         36 00 2C 00
         00 00 00 00
00000482 0C 00 00 00        		.dd LM3-_playsound
00000484 0D 00 0A 00        		.dw 0x0d,0x0a
0000000C                    	.code
                            	LM3:
0000000C 43 92              		R1=3	// QImode move
0000000D C8 D2              		[SP--]=R1	// QImode move
0000000E C5 92              		R1=[BP]	// QImode move
0000000F C5 96              		R3=[BP]	// QImode move
00000010 0B 05 01 00        		R2=R3+1
00000012 02 97              		R3=R2	// QImode move
00000013 C3 92              		R1=[R3]	// QImode move
00000014 C8 D2              		[SP--]=R1	// QImode move
00000015 C5 94              		R2=[BP]	// QImode move
00000016 C2 92              		R1=[R2]	// QImode move
00000017 C8 D2              		[SP--]=R1	// QImode move
00000018 40 F0 00 00        		call _SACM_A2000_Play	// call with return value
0000001A 43 00              		SP = SP + 3	//SP
00000486                    	.debug
00000486 2E 00 73 00        		.dw '.stabn 0x44,0,7,',0,0
         74 00 61 00
         62 00 6E 00
         20 00 30 00
         78 00 34 00
         34 00 2C 00
         30 00 2C 00
         37 00 2C 00
         00 00 00 00
00000498 1B 00 00 00        		.dd LM4-_playsound
0000049A 0D 00 0A 00        		.dw 0x0d,0x0a
0000001B                    	.code
                            	LM4:
                            	L3:
0000001B 40 F0 00 00        		call _SACM_A2000_Status	// call with return value
0000001D 09 B5 01 00        		R2=R1&1
0000001F 40 44              		CMP R2,0	// QImode test
00000020 04 4E 01 EE        		NSJNZ L5	//QImode NE
         00 EE      
00000023 0F 9F 2C 00        		pc=L4	// Indirect jump
                            	L5:
0000049C                    	.debug
0000049C 2E 00 73 00        		.dw '.stabn 0x44,0,9,',0,0
         74 00 61 00
         62 00 6E 00
         20 00 30 00
         78 00 34 00
         34 00 2C 00
         30 00 2C 00
         39 00 2C 00
         00 00 00 00
000004AE 25 00 00 00        		.dd LM5-_playsound
000004B0 0D 00 0A 00        		.dw 0x0d,0x0a
00000025                    	.code
                            	LM5:
                            	LBB3:
00000025 40 F0 00 00        		call _SACM_A2000_ServiceLoop	// call with return value
000004B2                    	.debug
000004B2 2E 00 73 00        		.dw '.stabn 0x44,0,10,',0,0
         74 00 61 00
         62 00 6E 00
         20 00 30 00
         78 00 34 00
         34 00 2C 00
         30 00 2C 00
         31 00 30 00
         2C 00 00 00
         00 00      
000004C5 27 00 00 00        		.dd LM6-_playsound
000004C7 0D 00 0A 00        		.dw 0x0d,0x0a
00000027                    	.code
                            	LM6:
00000027 41 92              		R1=1	// QImode move
00000028 19 D3 12 70        		[28690]=R1	// QImode move
000004C9                    	.debug
000004C9 2E 00 73 00        		.dw '.stabn 0x44,0,11,',0,0
         74 00 61 00
         62 00 6E 00
         20 00 30 00
         78 00 34 00
         34 00 2C 00
         30 00 2C 00
         31 00 31 00
         2C 00 00 00
         00 00      
000004DC 2A 00 00 00        		.dd LM7-_playsound
000004DE 0D 00 0A 00        		.dw 0x0d,0x0a
0000002A                    	.code
                            	LM7:
                            	LBE3:
0000002A 0F 9F 1B 00        		pc=L3	// Indirect jump
                            	L4:
000004E0                    	.debug
000004E0 2E 00 73 00        		.dw '.stabn 0x44,0,12,',0,0
         74 00 61 00
         62 00 6E 00
         20 00 30 00
         78 00 34 00
         34 00 2C 00
         30 00 2C 00
         31 00 32 00
         2C 00 00 00
         00 00      
000004F3 2C 00 00 00        		.dd LM8-_playsound
000004F5 0D 00 0A 00        		.dw 0x0d,0x0a
0000002C                    	.code
                            	LM8:
0000002C 40 F0 00 00        		call _SACM_A2000_Stop	// call with return value
000004F7                    	.debug
000004F7 2E 00 73 00        		.dw '.stabn 0x44,0,13,',0,0
         74 00 61 00
         62 00 6E 00
         20 00 30 00
         78 00 34 00
         34 00 2C 00
         30 00 2C 00
         31 00 33 00
         2C 00 00 00
         00 00      
0000050A 2E 00 00 00        		.dd LM9-_playsound
0000050C 0D 00 0A 00        		.dw 0x0d,0x0a
0000002E                    	.code
                            	LM9:
                            	LBE2:
0000050E                    	.debug
0000050E 2E 00 73 00        		.dw '.stabn 0x44,0,13,',0,0
         74 00 61 00
         62 00 6E 00
         20 00 30 00
         78 00 34 00
         34 00 2C 00
         30 00 2C 00
         31 00 33 00
         2C 00 00 00
         00 00      
00000521 2E 00 00 00        		.dd LM10-_playsound
00000523 0D 00 0A 00        		.dw 0x0d,0x0a
0000002E                    	.code
                            	LM10:
                            	L2:
                            	
0000002E 41 00              		sp+=1
0000002F 88 98              		pop bp from [sp]
00000030 90 9A              		retf
                            		.endp	// end of playsound
                            	
00000525                    	.debug
00000525 2E 00 73 00        		.dw '.stabs "index:p1",160,0,0,4',0x0d,0x0a
         74 00 61 00
         62 00 73 00
         20 00 22 00
         69 00 6E 00
         64 00 65 00
         78 00 3A 00
         70 00 31 00
         22 00 2C 00
         31 00 36 00
         30 00 2C 00
         30 00 2C 00
         30 00 2C 00
         34 00 0D 00
         0A 00      
00000031                    	.CODE
00000542                    	.debug
00000542 2E 00 73 00        		.dw '.stabs "channel:p1",160,0,0,5',0x0d,0x0a
         74 00 61 00
         62 00 73 00
         20 00 22 00
         63 00 68 00
         61 00 6E 00
         6E 00 65 00
         6C 00 3A 00
         70 00 31 00
         22 00 2C 00
         31 00 36 00
         30 00 2C 00
         30 00 2C 00
         30 00 2C 00
         35 00 0D 00
         0A 00      
00000031                    	.CODE
00000561                    	.debug
00000561 2E 00 73 00        		.dw '.stabn 0xc0,0,0,',0,0
         74 00 61 00
         62 00 6E 00
         20 00 30 00
         78 00 63 00
         30 00 2C 00
         30 00 2C 00
         30 00 2C 00
         00 00 00 00
00000573 07 00 00 00        		.dd LBB2-_playsound
00000575 0D 00 0A 00        		.dw 0x0d,0x0a
00000031                    	.code
00000577                    	.debug
00000577 2E 00 73 00        		.dw '.stabn 0xc0,0,0,',0,0
         74 00 61 00
         62 00 6E 00
         20 00 30 00
         78 00 63 00
         30 00 2C 00
         30 00 2C 00
         30 00 2C 00
         00 00 00 00
00000589 25 00 00 00        		.dd LBB3-_playsound
0000058B 0D 00 0A 00        		.dw 0x0d,0x0a
00000031                    	.code
0000058D                    	.debug
0000058D 2E 00 73 00        		.dw '.stabn 0xe0,0,0,',0,0
         74 00 61 00
         62 00 6E 00
         20 00 30 00
         78 00 65 00
         30 00 2C 00
         30 00 2C 00
         30 00 2C 00
         00 00 00 00
0000059F 2A 00 00 00        		.dd LBE3-_playsound
000005A1 0D 00 0A 00        		.dw 0x0d,0x0a
00000031                    	.code
000005A3                    	.debug
000005A3 2E 00 73 00        		.dw '.stabn 0xe0,0,0,',0,0
         74 00 61 00
         62 00 6E 00
         20 00 30 00
         78 00 65 00
         30 00 2C 00
         30 00 2C 00
         30 00 2C 00
         00 00 00 00
000005B5 2E 00 00 00        		.dd LBE2-_playsound
000005B7 0D 00 0A 00        		.dw 0x0d,0x0a
00000031                    	.code
000005B9                    	.debug
000005B9 2E 00 73 00        		.dw '.stabf ',0,0
         74 00 61 00
         62 00 66 00
         20 00 00 00
         00 00      
000005C2 31 00 00 00        		.dd LME1-_playsound
000005C4 0D 00 0A 00        		.dw 0x0d,0x0a
00000031                    	.code
                            	LME1:
00000031                    	.code
000005C6                    	.debug
000005C6 2E 00 73 00        		.dw '.stabs "main:F1",36,0,0,',0,0,offset _main,seg _main,0x0d,0x0a
         74 00 61 00
         62 00 73 00
         20 00 22 00
         6D 00 61 00
         69 00 6E 00
         3A 00 46 00
         31 00 22 00
         2C 00 33 00
         36 00 2C 00
         30 00 2C 00
         30 00 2C 00
         00 00 00 00
         31 00 00 00
         0D 00 0A 00
00000031                    	.CODE
                            	.public _main
                            	_main:	.proc
000005E4                    	.debug
000005E4 2E 00 73 00        		.dw '.stabn 0x44,0,15,',0,0
         74 00 61 00
         62 00 6E 00
         20 00 30 00
         78 00 34 00
         34 00 2C 00
         30 00 2C 00
         31 00 35 00
         2C 00 00 00
         00 00      
000005F7 00 00 00 00        		.dd LM11-_main
000005F9 0D 00 0A 00        		.dw 0x0d,0x0a
00000031                    	.code
                            	LM11:
                            		// total=0, vars=0
                            		// frame_pointer_needed: 1
00000031 88 DA              		push bp to [sp]
00000032 08 0B 01 00        		bp=sp+1
                            	
00000034 0D 03 03 00        		R1=BP+3
000005FB                    	.debug
000005FB 2E 00 73 00        		.dw '.stabn 0x44,0,16,',0,0
         74 00 61 00
         62 00 6E 00
         20 00 30 00
         78 00 34 00
         34 00 2C 00
         30 00 2C 00
         31 00 36 00
         2C 00 00 00
         00 00      
0000060E 05 00 00 00        		.dd LM12-_main
00000610 0D 00 0A 00        		.dw 0x0d,0x0a
00000036                    	.code
                            	LM12:
                            	L8:
00000036 0F 9F 3A 00        		pc=L10	// Indirect jump
00000038 0F 9F 3C 00        		pc=L9	// Indirect jump
                            	L10:
0000003A 0F 9F 36 00        		pc=L8	// Indirect jump
                            	L9:
00000612                    	.debug
00000612 2E 00 73 00        		.dw '.stabn 0x44,0,20,',0,0
         74 00 61 00
         62 00 6E 00
         20 00 30 00
         78 00 34 00
         34 00 2C 00
         30 00 2C 00
         32 00 30 00
         2C 00 00 00
         00 00      
00000625 0B 00 00 00        		.dd LM13-_main
00000627 0D 00 0A 00        		.dw 0x0d,0x0a
0000003C                    	.code
                            	LM13:
00000629                    	.debug
00000629 2E 00 73 00        		.dw '.stabn 0x44,0,20,',0,0
         74 00 61 00
         62 00 6E 00
         20 00 30 00
         78 00 34 00
         34 00 2C 00
         30 00 2C 00
         32 00 30 00
         2C 00 00 00
         00 00      
0000063C 0B 00 00 00        		.dd LM14-_main
0000063E 0D 00 0A 00        		.dw 0x0d,0x0a
0000003C                    	.code
                            	LM14:
                            	L7:
                            	
0000003C 88 98              		pop bp from [sp]
0000003D 90 9A              		retf
                            		.endp	// end of main
                            	
00000640                    	.debug
00000640 2E 00 73 00        		.dw '.stabf ',0,0
         74 00 61 00
         62 00 66 00
         20 00 00 00
         00 00      
00000649 0D 00 00 00        		.dd LME2-_main
0000064B 0D 00 0A 00        		.dw 0x0d,0x0a
0000003E                    	.code
                            	LME2:
                            	.external _SACM_A2000_Stop
                            	.external _SACM_A2000_ServiceLoop
                            	.external _SACM_A2000_Status
                            	.external _SACM_A2000_Play
                            	.external _SACM_A2000_Initial
                            		.end
0 error(s), 0 warning(s).
