C51 COMPILER V7.06   TEXT1                                                                 02/24/2010 13:23:12 PAGE 1   


C51 COMPILER V7.06, COMPILATION OF MODULE TEXT1
OBJECT MODULE PLACED IN Text1.OBJ
COMPILER INVOKED BY: C:\Keil\C51\BIN\C51.EXE Text1.c BROWSE DEBUG OBJECTEXTEND

stmt level    source

   1          #include "at89x52.H"
   2          #include "uart.h"
   3          #include "pdiusbd12.h"
   4          #include "usb.h"
   5          uint8 ConfigValue=0;
   6          uint8 Ep1InIsBusy;
   7          uint8 *pSendData;
   8          uint16 SendLength;
   9          uint8 NeedZeroPacket;
  10          uint8 idata Buffer[16];
  11          
  12          
  13          void SendReport(void)
  14          {
  15   1              uint8 Buf[8]={0};
  16   1              uint8 i=2;
  17   1              P1=0xff;
  18   1              if(P1==0xff)
  19   1              {
  20   2                      return ;
  21   2              }
  22   1              if(!(P1&0x01))
  23   1              {
  24   2                      Buf[0]|=0x02;
  25   2              }
  26   1              if(!(P1&0x02))
  27   1              {
  28   2                      Buf[i++]=0x59;
  29   2              }
  30   1              if(!(P1&0x04))
  31   1              {
  32   2                      Buf[i++]=0x5a;
  33   2              }
  34   1              if(!(P1&0x08))
  35   1              {
  36   2                      Buf[i++]=0x5b;
  37   2              }
  38   1              if(!(P1&0x10))
  39   1              {
  40   2                      Buf[i++]=0x5c;
  41   2              }
  42   1              if(!(P1&0x20))
  43   1              {
  44   2                      Buf[i++]=0x5d;
  45   2              }
  46   1              if(!(P1&0x40))
  47   1              {
  48   2                      Buf[i++]=0x5e;
  49   2              }
  50   1              if(!(P1&0x80))
  51   1              {
  52   2                      Buf[i++]=0x5f;
  53   2              }
  54   1              print_str("·¢ËÍ±¨¸æ\r\n");
  55   1              D12WriteEndpointBuffer(3,8,Buf);
C51 COMPILER V7.06   TEXT1                                                                 02/24/2010 13:23:12 PAGE 2   

  56   1              Ep1InIsBusy=1;  
  57   1      }
  58          int main(void)
  59          {
  60   1              uint16 i;
  61   1              uint8 InterruptSource;
  62   1              init_uart();
  63   1              UsbDisconnect();
  64   1              i=ReadD12ID();
  65   1              print_str("ID:");
  66   1              print_16hex(i);
  67   1              UsbConnect();
  68   1              while(1)
  69   1              {
  70   2                      USB_INT=1;
  71   2                      if(USB_INT==0)          
  72   2                      {
  73   3                              D12WriteCommand(Read_Interrupt_Register);                       
  74   3                              InterruptSource=D12ReadByte();                  
  75   3                              if(InterruptSource&0x80)UsbBusSuspend();                        
  76   3                              if(InterruptSource&0x40)UsbBusReset();                  
  77   3                              if(InterruptSource&0x01)UsbEp0Out();                    
  78   3                              if(InterruptSource&0x02)UsbEp0In();                     
  79   3                              if(InterruptSource&0x04)UsbEp1Out();                    
  80   3                              if(InterruptSource&0x08)UsbEp1In();                     
  81   3                              if(InterruptSource&0x10)UsbEp2Out();    
  82   3                              if(InterruptSource&0x20)UsbEp2In();
  83   3                      }
  84   2                      if(ConfigValue!=0)
  85   2                      {
  86   3                              SendReport();
  87   3                      }
  88   2              }
  89   1      }


MODULE INFORMATION:   STATIC OVERLAYABLE
   CODE SIZE        =    281    ----
   CONSTANT SIZE    =    251    ----
   XDATA SIZE       =   ----    ----
   PDATA SIZE       =   ----    ----
   DATA SIZE        =      8      11
   IDATA SIZE       =     16    ----
   BIT SIZE         =   ----    ----
END OF MODULE INFORMATION.


C51 COMPILATION COMPLETE.  0 WARNING(S),  0 ERROR(S)
