BUILD: Examining f:\usb\sample\userapp directory for files to compile.
Compiling f:\usb\sample\userapp directory ********************
'nmake.exe /c BUILDMSG=Stop. -i NTTEST= UMTEST= NOLINK=1 386=1'
    rc -l 409 -DSXS_ASSEMBLY_NAME=""""""  -DSXS_ASSEMBLY_VERSION=""""""  -DSXS_ASSEMBLY_LANGUAGE=""""""  -DSXS_PROCESSOR_ARCHITECTURE="""x86"""  -DSXS_TARGET="""RwBulk.exe"""   -DSYSTEM_COMPATIBLE_ASSEMBLY_NAME="""Microsoft.Windows.SystemCompatible"""  -DLSYSTEM_COMPATIBLE_ASSEMBLY_NAME=L"""Microsoft.Windows.SystemCompatible"""   -z "MS Sans Serif,Helv/MS Shell Dlg"  -r -fo objchk_w2k\i386\rwbulk.tmp -D_X86_=1 -Di386=1  -DSTD_CALL -DCONDITION_HANDLING=1 -DNT_UP=1  -DNT_INST=0 -DWIN32=100 -D_NT1X_=100 -DWINNT=1 -D_WIN32_WINNT=0x0501 /DWINVER=0x0501 -D_WIN32_IE=0x0600    -DWIN32_LEAN_AND_MEAN=1 -DDBG=1 -DDEVL=1 -D__BUILDMACHINE__=Administrator -DFPO=0  -DNDEBUG    -I..\sys -Iobjchk_w2k\i386 -IF:\WINDDK\2600\inc\w2k -IF:\WINDDK\2600\inc\w2k -IF:\WINDDK\2600\inc\crt .\rwbulk.rc


cl -nologo -Ii386\ -I. -I..\sys -Iobjchk_w2k\i386 -IF:\WINDDK\2600\inc\w2k -IF:\WINDDK\2600\inc\w2k -IF:\WINDDK\2600\inc\crt -D_X86_=1 -Di386=1  -DSTD_CALL -DCONDITION_HANDLING=1 -DNT_UP=1  -DNT_INST=0 -DWIN32=100 -D_NT1X_=100 -DWINNT=1 -D_WIN32_WINNT=0x0501 /DWINVER=0x0501 -D_WIN32_IE=0x0600    -DWIN32_LEAN_AND_MEAN=1 -DDBG=1 -DDEVL=1 -D__BUILDMACHINE__=Administrator -DFPO=0  -DNDEBUG      /c /Zel /Zp8 /Gy  /W3 /WX /Gz  /QIfdiv- /QIf /G6 /Gi- /Gm- /GX-  /GR- /GF  -Z7 /Od /Oi /Oy-   -FIF:\WINDDK\2600\inc\w2k\warning.h   .\rwbulk.c
rwbulk.c

Stop.
Linking f:\usb\sample\userapp directory ********************
'nmake.exe /c BUILDMSG=Stop. -i LINKONLY=1 NOPASS0=1 NTTEST= UMTEST= 386=1'
	link -out:objchk_w2k\i386\RwBulk.exe -machine:ix86 @C:\WINNT\Profiles\ADMINI~1\LOCALS~1\Temp\nma01240.
Microsoft (R) Incremental Linker Version 7.00.9210
Copyright (C) Microsoft Corporation.  All rights reserved.

-MERGE:_PAGE=PAGE 
-MERGE:_TEXT=.text 
-SECTION:INIT,d 
-OPT:REF 
-OPT:ICF 
-IGNORE:4010,4037,4039,4065,4070,4078,4087,4089,4198,4221 
-INCREMENTAL:NO 
-FULLBUILD 
/release 
-NODEFAULTLIB 
/WX 
-debug:FULL 
-debugtype:cv 
-version:5.1 
-osversion:5.1 
/opt:nowin98 
-STACK:0x40000,0x1000 
-merge:.rdata=.text 
/tsaware 
-subsystem:console,4.00 
-base:0x01000000 
-entry:mainCRTStartup 
objchk_w2k\i386\rwbulk.res 
objchk_w2k\i386\rwbulk.obj 
F:\WINDDK\2600\lib\w2k\i386\libc.lib 
F:\WINDDK\2600\lib\w2k\i386\advapi32.lib 
F:\WINDDK\2600\lib\w2k\i386\kernel32.lib 
F:\WINDDK\2600\lib\w2k\i386\usbd.lib 
F:\WINDDK\2600\lib\w2k\i386\setupapi.lib 
/debugtype:vc6 
Skip Binplace:

Stop.
