C51 COMPILER V8.02   TEXT1                                                                 09/17/2009 19:43:03 PAGE 1   


C51 COMPILER V8.02, COMPILATION OF MODULE TEXT1
OBJECT MODULE PLACED IN Text1.OBJ
COMPILER INVOKED BY: C:\Keil\C51\BIN\C51.EXE Text1.c BROWSE DEBUG OBJECTEXTEND

line level    source

   1          #include <reg51.h>
   2          #define J 0x30
   3          unsigned char code sintable[]={
   4          0x80,0x83,0x86,0x89,0x8c,0x8f,0x92,0x95,
   5          0x98,0x9c,0x9f,0xa2,0xa5,0xa8,0xab,0xae,
   6          0xb0,0xb3,0xb6,0xb9,0xbc,0xbf,0xc1,0xc4,
   7          0xc7,0xc9,0xcc,0xce,0xd1,0xd3,0xd5,0xd8,
   8          0xda,0xdc,0xde,0xe0,0xe2,0xe4,0xe6,0xe8,
   9          0xea,0xec,0xed,0xef,0xf0,0xf2,0xf3,0xf4,
  10          0xf6,0xf7,0xf8,0xf9,0xfa,0xfb,0xfc,0xfc,
  11          0xfd,0xfe,0xfe,0xff,0xff,0xff,0xff,0xff,
  12          0xff,0xff,0xff,0xff,0xff,0xff,0xfe,0xfe,
  13          0xfd,0xfc,0xfc,0xfb,0xfa,0xf9,0xf8,0xf7,
  14          0xf6,0xf5,0xf3,0xf2,0xf0,0xef,0xed,0xec,
  15          0xea,0xe8,0xe6,0xe4,0xe3,0xe1,0xde,0xdc,
  16          0xda,0xd8,0xd6,0xd3,0xd1,0xce,0xcc,0xc9,
  17          0xc7,0xc4,0xc1,0xbf,0xbc,0xb9,0xb6,0xb4,
  18          0xb1,0xae,0xab,0xa8,0xa5,0xa2,0x9f,0x9c,
  19          0x99,0x96,0x92,0x8f,0x8c,0x89,0x86,0x83,
  20          0x80,0x7d,0x79,0x76,0x73,0x70,0x6d,0x6a,
  21          0x67,0x64,0x61,0x5e,0x5b,0x58,0x55,0x52,
  22          0x4f,0x4c,0x49,0x46,0x43,0x41,0x3e,0x3b,
  23          0x39,0x36,0x33,0x31,0x2e,0x2c,0x2a,0x27,
  24          0x25,0x23,0x21,0x1f,0x1d,0x1b,0x19,0x17,
  25          0x15,0x14,0x12,0x10,0xf,0xd,0xc,0xb,0x9,
  26          0x8,0x7,0x6,0x5,0x4,0x3,0x3,0x2,0x1,0x1,
  27          0x0,0x0,0x0,0x0,0x0,0x0,0x0,0x0,0x0,0x0,
  28          0x0,0x1,0x1,0x2,0x3,0x3,0x4,0x5,0x6,0x7,
  29          0x8,0x9,0xa,0xc,0xd,0xe,0x10,0x12,0x13,
  30          0x15,0x17,0x18,0x1a,0x1c,0x1e,0x20,0x23,
  31          0x25,0x27,0x29,0x2c,0x2e,0x30,0x33,0x35,
  32          0x38,0x3b,0x3d,0x40,0x43,0x46,0x48,0x4b,
  33          0x4e,0x51,0x54,0x57,0x5a,0x5d,0x60,0x63,
  34          0x66,0x69,0x6c,0x6f,0x73,0x76,0x79,0x7c
  35          //本表由VsinTab生成 http://cinzy.com
  36          };
  37          unsigned char level=0,jishu=0;
  38          void delay(void)
  39          {
  40   1              unsigned char i,j;
  41   1              for(i=100;i;i--)
  42   1              for(j=0;j;j--);
  43   1      }
  44          void timer0(void) interrupt 1 using 1
  45          {
  46   1              TH0=0xf0;
  47   1              TL0=0x00;
  48   1              P2=sintable[jishu];
  49   1              jishu++;
  50   1      }
  51          void main(void)
  52          {
  53   1              P0=0xf0;
  54   1              P2=0x00;
  55   1              TMOD=0x01;
C51 COMPILER V8.02   TEXT1                                                                 09/17/2009 19:43:03 PAGE 2   

  56   1              TH0=0xf0;
  57   1              TL0=0x00;
  58   1              TR0=1;
  59   1              ET0=1;
  60   1              EA=1;
  61   1              while(1)
  62   1              {
  63   2      
  64   2              }
  65   1      }
  66                          


MODULE INFORMATION:   STATIC OVERLAYABLE
   CODE SIZE        =     64    ----
   CONSTANT SIZE    =    256    ----
   XDATA SIZE       =   ----    ----
   PDATA SIZE       =   ----    ----
   DATA SIZE        =      2    ----
   IDATA SIZE       =   ----    ----
   BIT SIZE         =   ----    ----
END OF MODULE INFORMATION.


C51 COMPILATION COMPLETE.  0 WARNING(S),  0 ERROR(S)
