Sunplus u'nSP Assembler - Ver. 1.14.3.1
              Listing File Has Been Relocated
                            	// GCC for SUNPLUS u'nSP version 1.0.21-3
                            	// Command: D:\PROGRA~1\Sunplus\UNSPID~1.0\cc1.exe C:\DOCUME~1\ADMINI~1\LOCALS~1\Temp\ccqgaaaa.i -fkeep-inline-functions -quiet -dumpbase isr.c -mglobal-var-iram -gstabs -Wall -o .\Debug/isr.asm
                            		.external __sn_func_ptr_sec
                            	
                            	// gcc2_compiled.:
                            	
00000000                    	.debug
00000000 2E 00 73 00        		.dw '.stabs "C:/Documents and Settings/Administrator/×ÀÃæ/voice/voice/",0x64,0,3,',0,0,offset Ltext0,seg Ltext0,0x0d,0x0a
         74 00 61 00
         62 00 73 00
         20 00 22 00
         43 00 3A 00
         2F 00 44 00
         6F 00 63 00
         75 00 6D 00
         65 00 6E 00
         74 00 73 00
         20 00 61 00
         6E 00 64 00
         20 00 53 00
         65 00 74 00
         74 00 69 00
         6E 00 67 00
         73 00 2F 00
         41 00 64 00
         6D 00 69 00
         6E 00 69 00
         73 00 74 00
         72 00 61 00
         74 00 6F 00
         72 00 2F 00
         D7 00 C0 00
         C3 00 E6 00
         2F 00 76 00
         6F 00 69 00
         63 00 65 00
         2F 00 76 00
         6F 00 69 00
         63 00 65 00
         2F 00 22 00
         2C 00 30 00
         78 00 36 00
         34 00 2C 00
         30 00 2C 00
         33 00 2C 00
         00 00 00 00
         00 00 00 00
         0D 00 0A 00
00000000                    	.code
00000052                    	.debug
00000052 2E 00 73 00        		.dw '.stabs "C:/Documents and Settings/Administrator/×/300Ã/346/voice/voice/isr.c",0x64,0,3,',0,0,offset Ltext0,seg Ltext0,0x0d,0x0a
         74 00 61 00
         62 00 73 00
         20 00 22 00
         43 00 3A 00
         2F 00 44 00
         6F 00 63 00
         75 00 6D 00
         65 00 6E 00
         74 00 73 00
         20 00 61 00
         6E 00 64 00
         20 00 53 00
         65 00 74 00
         74 00 69 00
         6E 00 67 00
         73 00 2F 00
         41 00 64 00
         6D 00 69 00
         6E 00 69 00
         73 00 74 00
         72 00 61 00
         74 00 6F 00
         72 00 2F 00
         D7 00 2F 00
         33 00 30 00
         30 00 C3 00
         2F 00 33 00
         34 00 36 00
         2F 00 76 00
         6F 00 69 00
         63 00 65 00
         2F 00 76 00
         6F 00 69 00
         63 00 65 00
         2F 00 69 00
         73 00 72 00
         2E 00 63 00
         22 00 2C 00
         30 00 78 00
         36 00 34 00
         2C 00 30 00
         2C 00 33 00
         2C 00 00 00
         00 00 00 00
         00 00 0D 00
         0A 00      
00000000                    	.code
00000000                    	.code
                            	Ltext0:
000000AF                    	.debug
000000AF 2E 00 73 00        		.dw '.stabs "int:t1=r1;-32768;32767;",128,0,0,0',0x0d,0x0a
         74 00 61 00
         62 00 73 00
         20 00 22 00
         69 00 6E 00
         74 00 3A 00
         74 00 31 00
         3D 00 72 00
         31 00 3B 00
         2D 00 33 00
         32 00 37 00
         36 00 38 00
         3B 00 33 00
         32 00 37 00
         36 00 37 00
         3B 00 22 00
         2C 00 31 00
         32 00 38 00
         2C 00 30 00
         2C 00 30 00
         2C 00 30 00
         0D 00 0A 00
00000000                    	.CODE
000000DB                    	.debug
000000DB 2E 00 73 00        		.dw '.stabs "char:t2=r2;0;127;",128,0,0,0',0x0d,0x0a
         74 00 61 00
         62 00 73 00
         20 00 22 00
         63 00 68 00
         61 00 72 00
         3A 00 74 00
         32 00 3D 00
         72 00 32 00
         3B 00 30 00
         3B 00 31 00
         32 00 37 00
         3B 00 22 00
         2C 00 31 00
         32 00 38 00
         2C 00 30 00
         2C 00 30 00
         2C 00 30 00
         0D 00 0A 00
00000000                    	.CODE
00000101                    	.debug
00000101 2E 00 73 00        		.dw '.stabs "long int:t3=r3;-2147483648;2147483647;",128,0,0,0',0x0d,0x0a
         74 00 61 00
         62 00 73 00
         20 00 22 00
         6C 00 6F 00
         6E 00 67 00
         20 00 69 00
         6E 00 74 00
         3A 00 74 00
         33 00 3D 00
         72 00 33 00
         3B 00 2D 00
         32 00 31 00
         34 00 37 00
         34 00 38 00
         33 00 36 00
         34 00 38 00
         3B 00 32 00
         31 00 34 00
         37 00 34 00
         38 00 33 00
         36 00 34 00
         37 00 3B 00
         22 00 2C 00
         31 00 32 00
         38 00 2C 00
         30 00 2C 00
         30 00 2C 00
         30 00 0D 00
         0A 00      
00000000                    	.CODE
0000013C                    	.debug
0000013C 2E 00 73 00        		.dw '.stabs "unsigned int:t4=r4;0;65535;",128,0,0,0',0x0d,0x0a
         74 00 61 00
         62 00 73 00
         20 00 22 00
         75 00 6E 00
         73 00 69 00
         67 00 6E 00
         65 00 64 00
         20 00 69 00
         6E 00 74 00
         3A 00 74 00
         34 00 3D 00
         72 00 34 00
         3B 00 30 00
         3B 00 36 00
         35 00 35 00
         33 00 35 00
         3B 00 22 00
         2C 00 31 00
         32 00 38 00
         2C 00 30 00
         2C 00 30 00
         2C 00 30 00
         0D 00 0A 00
00000000                    	.CODE
0000016C                    	.debug
0000016C 2E 00 73 00        		.dw '.stabs "long unsigned int:t5=r5;0;4294967295;",128,0,0,0',0x0d,0x0a
         74 00 61 00
         62 00 73 00
         20 00 22 00
         6C 00 6F 00
         6E 00 67 00
         20 00 75 00
         6E 00 73 00
         69 00 67 00
         6E 00 65 00
         64 00 20 00
         69 00 6E 00
         74 00 3A 00
         74 00 35 00
         3D 00 72 00
         35 00 3B 00
         30 00 3B 00
         34 00 32 00
         39 00 34 00
         39 00 36 00
         37 00 32 00
         39 00 35 00
         3B 00 22 00
         2C 00 31 00
         32 00 38 00
         2C 00 30 00
         2C 00 30 00
         2C 00 30 00
         0D 00 0A 00
00000000                    	.CODE
000001A6                    	.debug
000001A6 2E 00 73 00        		.dw '.stabs "long long int:t6=r6;-2147483648;2147483647;",128,0,0,0',0x0d,0x0a
         74 00 61 00
         62 00 73 00
         20 00 22 00
         6C 00 6F 00
         6E 00 67 00
         20 00 6C 00
         6F 00 6E 00
         67 00 20 00
         69 00 6E 00
         74 00 3A 00
         74 00 36 00
         3D 00 72 00
         36 00 3B 00
         2D 00 32 00
         31 00 34 00
         37 00 34 00
         38 00 33 00
         36 00 34 00
         38 00 3B 00
         32 00 31 00
         34 00 37 00
         34 00 38 00
         33 00 36 00
         34 00 37 00
         3B 00 22 00
         2C 00 31 00
         32 00 38 00
         2C 00 30 00
         2C 00 30 00
         2C 00 30 00
         0D 00 0A 00
00000000                    	.CODE
000001E6                    	.debug
000001E6 2E 00 73 00        		.dw '.stabs "long long unsigned int:t7=r7;0;4294967295;",128,0,0,0',0x0d,0x0a
         74 00 61 00
         62 00 73 00
         20 00 22 00
         6C 00 6F 00
         6E 00 67 00
         20 00 6C 00
         6F 00 6E 00
         67 00 20 00
         75 00 6E 00
         73 00 69 00
         67 00 6E 00
         65 00 64 00
         20 00 69 00
         6E 00 74 00
         3A 00 74 00
         37 00 3D 00
         72 00 37 00
         3B 00 30 00
         3B 00 34 00
         32 00 39 00
         34 00 39 00
         36 00 37 00
         32 00 39 00
         35 00 3B 00
         22 00 2C 00
         31 00 32 00
         38 00 2C 00
         30 00 2C 00
         30 00 2C 00
         30 00 0D 00
         0A 00      
00000000                    	.CODE
00000225                    	.debug
00000225 2E 00 73 00        		.dw '.stabs "short int:t8=r8;-32768;32767;",128,0,0,0',0x0d,0x0a
         74 00 61 00
         62 00 73 00
         20 00 22 00
         73 00 68 00
         6F 00 72 00
         74 00 20 00
         69 00 6E 00
         74 00 3A 00
         74 00 38 00
         3D 00 72 00
         38 00 3B 00
         2D 00 33 00
         32 00 37 00
         36 00 38 00
         3B 00 33 00
         32 00 37 00
         36 00 37 00
         3B 00 22 00
         2C 00 31 00
         32 00 38 00
         2C 00 30 00
         2C 00 30 00
         2C 00 30 00
         0D 00 0A 00
00000000                    	.CODE
00000257                    	.debug
00000257 2E 00 73 00        		.dw '.stabs "short unsigned int:t9=r9;0;65535;",128,0,0,0',0x0d,0x0a
         74 00 61 00
         62 00 73 00
         20 00 22 00
         73 00 68 00
         6F 00 72 00
         74 00 20 00
         75 00 6E 00
         73 00 69 00
         67 00 6E 00
         65 00 64 00
         20 00 69 00
         6E 00 74 00
         3A 00 74 00
         39 00 3D 00
         72 00 39 00
         3B 00 30 00
         3B 00 36 00
         35 00 35 00
         33 00 35 00
         3B 00 22 00
         2C 00 31 00
         32 00 38 00
         2C 00 30 00
         2C 00 30 00
         2C 00 30 00
         0D 00 0A 00
00000000                    	.CODE
0000028D                    	.debug
0000028D 2E 00 73 00        		.dw '.stabs "signed char:t10=r10;-32768;32767;",128,0,0,0',0x0d,0x0a
         74 00 61 00
         62 00 73 00
         20 00 22 00
         73 00 69 00
         67 00 6E 00
         65 00 64 00
         20 00 63 00
         68 00 61 00
         72 00 3A 00
         74 00 31 00
         30 00 3D 00
         72 00 31 00
         30 00 3B 00
         2D 00 33 00
         32 00 37 00
         36 00 38 00
         3B 00 33 00
         32 00 37 00
         36 00 37 00
         3B 00 22 00
         2C 00 31 00
         32 00 38 00
         2C 00 30 00
         2C 00 30 00
         2C 00 30 00
         0D 00 0A 00
00000000                    	.CODE
000002C3                    	.debug
000002C3 2E 00 73 00        		.dw '.stabs "unsigned char:t11=r11;0;65535;",128,0,0,0',0x0d,0x0a
         74 00 61 00
         62 00 73 00
         20 00 22 00
         75 00 6E 00
         73 00 69 00
         67 00 6E 00
         65 00 64 00
         20 00 63 00
         68 00 61 00
         72 00 3A 00
         74 00 31 00
         31 00 3D 00
         72 00 31 00
         31 00 3B 00
         30 00 3B 00
         36 00 35 00
         35 00 33 00
         35 00 3B 00
         22 00 2C 00
         31 00 32 00
         38 00 2C 00
         30 00 2C 00
         30 00 2C 00
         30 00 0D 00
         0A 00      
00000000                    	.CODE
000002F6                    	.debug
000002F6 2E 00 73 00        		.dw '.stabs "float:t12=r1;2;0;",128,0,0,0',0x0d,0x0a
         74 00 61 00
         62 00 73 00
         20 00 22 00
         66 00 6C 00
         6F 00 61 00
         74 00 3A 00
         74 00 31 00
         32 00 3D 00
         72 00 31 00
         3B 00 32 00
         3B 00 30 00
         3B 00 22 00
         2C 00 31 00
         32 00 38 00
         2C 00 30 00
         2C 00 30 00
         2C 00 30 00
         0D 00 0A 00
00000000                    	.CODE
0000031C                    	.debug
0000031C 2E 00 73 00        		.dw '.stabs "double:t13=r1;2;0;",128,0,0,0',0x0d,0x0a
         74 00 61 00
         62 00 73 00
         20 00 22 00
         64 00 6F 00
         75 00 62 00
         6C 00 65 00
         3A 00 74 00
         31 00 33 00
         3D 00 72 00
         31 00 3B 00
         32 00 3B 00
         30 00 3B 00
         22 00 2C 00
         31 00 32 00
         38 00 2C 00
         30 00 2C 00
         30 00 2C 00
         30 00 0D 00
         0A 00      
00000000                    	.CODE
00000343                    	.debug
00000343 2E 00 73 00        		.dw '.stabs "long double:t14=r1;2;0;",128,0,0,0',0x0d,0x0a
         74 00 61 00
         62 00 73 00
         20 00 22 00
         6C 00 6F 00
         6E 00 67 00
         20 00 64 00
         6F 00 75 00
         62 00 6C 00
         65 00 3A 00
         74 00 31 00
         34 00 3D 00
         72 00 31 00
         3B 00 32 00
         3B 00 30 00
         3B 00 22 00
         2C 00 31 00
         32 00 38 00
         2C 00 30 00
         2C 00 30 00
         2C 00 30 00
         0D 00 0A 00
00000000                    	.CODE
0000036F                    	.debug
0000036F 2E 00 73 00        		.dw '.stabs "complex int:t15=s2real:1,0,16;imag:1,16,16;;",128,0,0,0',0x0d,0x0a
         74 00 61 00
         62 00 73 00
         20 00 22 00
         63 00 6F 00
         6D 00 70 00
         6C 00 65 00
         78 00 20 00
         69 00 6E 00
         74 00 3A 00
         74 00 31 00
         35 00 3D 00
         73 00 32 00
         72 00 65 00
         61 00 6C 00
         3A 00 31 00
         2C 00 30 00
         2C 00 31 00
         36 00 3B 00
         69 00 6D 00
         61 00 67 00
         3A 00 31 00
         2C 00 31 00
         36 00 2C 00
         31 00 36 00
         3B 00 3B 00
         22 00 2C 00
         31 00 32 00
         38 00 2C 00
         30 00 2C 00
         30 00 2C 00
         30 00 0D 00
         0A 00      
00000000                    	.CODE
000003B0                    	.debug
000003B0 2E 00 73 00        		.dw '.stabs "complex float:t16=r16;2;0;",128,0,0,0',0x0d,0x0a
         74 00 61 00
         62 00 73 00
         20 00 22 00
         63 00 6F 00
         6D 00 70 00
         6C 00 65 00
         78 00 20 00
         66 00 6C 00
         6F 00 61 00
         74 00 3A 00
         74 00 31 00
         36 00 3D 00
         72 00 31 00
         36 00 3B 00
         32 00 3B 00
         30 00 3B 00
         22 00 2C 00
         31 00 32 00
         38 00 2C 00
         30 00 2C 00
         30 00 2C 00
         30 00 0D 00
         0A 00      
00000000                    	.CODE
000003DF                    	.debug
000003DF 2E 00 73 00        		.dw '.stabs "complex double:t17=r17;2;0;",128,0,0,0',0x0d,0x0a
         74 00 61 00
         62 00 73 00
         20 00 22 00
         63 00 6F 00
         6D 00 70 00
         6C 00 65 00
         78 00 20 00
         64 00 6F 00
         75 00 62 00
         6C 00 65 00
         3A 00 74 00
         31 00 37 00
         3D 00 72 00
         31 00 37 00
         3B 00 32 00
         3B 00 30 00
         3B 00 22 00
         2C 00 31 00
         32 00 38 00
         2C 00 30 00
         2C 00 30 00
         2C 00 30 00
         0D 00 0A 00
00000000                    	.CODE
0000040F                    	.debug
0000040F 2E 00 73 00        		.dw '.stabs "complex long double:t18=r18;2;0;",128,0,0,0',0x0d,0x0a
         74 00 61 00
         62 00 73 00
         20 00 22 00
         63 00 6F 00
         6D 00 70 00
         6C 00 65 00
         78 00 20 00
         6C 00 6F 00
         6E 00 67 00
         20 00 64 00
         6F 00 75 00
         62 00 6C 00
         65 00 3A 00
         74 00 31 00
         38 00 3D 00
         72 00 31 00
         38 00 3B 00
         32 00 3B 00
         30 00 3B 00
         22 00 2C 00
         31 00 32 00
         38 00 2C 00
         30 00 2C 00
         30 00 2C 00
         30 00 0D 00
         0A 00      
00000000                    	.CODE
00000444                    	.debug
00000444 2E 00 73 00        		.dw '.stabs "void:t19=19",128,0,0,0',0x0d,0x0a
         74 00 61 00
         62 00 73 00
         20 00 22 00
         76 00 6F 00
         69 00 64 00
         3A 00 74 00
         31 00 39 00
         3D 00 31 00
         39 00 22 00
         2C 00 31 00
         32 00 38 00
         2C 00 30 00
         2C 00 30 00
         2C 00 30 00
         0D 00 0A 00
00000000                    	.CODE
                            	// GCC inline ASM start
                            		.external F_FIQ_Service_SACM_S480
                            	// GCC inline ASM end
                            	// ISR ATTRIBUTE FUNCTION, LOCATE in .text SECTION
00008009                    	.text
00000464                    	.debug
00000464 2E 00 73 00        		.dw '.stabs "FIQ:F19",36,0,0,',0,0,offset _FIQ,seg _FIQ,0x0d,0x0a
         74 00 61 00
         62 00 73 00
         20 00 22 00
         46 00 49 00
         51 00 3A 00
         46 00 31 00
         39 00 22 00
         2C 00 33 00
         36 00 2C 00
         30 00 2C 00
         30 00 2C 00
         00 00 00 00
         00 00 00 00
         0D 00 0A 00
00008009                    	.TEXT
                            	.public _FIQ
                            	_FIQ:	.proc
00000482                    	.debug
00000482 2E 00 73 00        		.dw '.stabn 0x44,0,17,',0,0
         74 00 61 00
         62 00 6E 00
         20 00 30 00
         78 00 34 00
         34 00 2C 00
         30 00 2C 00
         31 00 37 00
         2C 00 00 00
         00 00      
00000495 00 00 00 00        		.dd LM1-_FIQ
00000497 0D 00 0A 00        		.dw 0x0d,0x0a
00008009                    	.text
                            	LM1:
                            		// ISR ATTRIBUTE FUNCTION, PUSH r1,bp
00008009 A8 DA              		push r1,bp to [sp]
                            	
                            		// total=0, vars=0
                            		// frame_pointer_needed: 1
0000800A 08 0B 01 00        		bp=sp+1
                            	
0000800C 0D 03 03 00        		R1=BP+3
00000499                    	.debug
00000499 2E 00 73 00        		.dw '.stabn 0x44,0,18,',0,0
         74 00 61 00
         62 00 6E 00
         20 00 30 00
         78 00 34 00
         34 00 2C 00
         30 00 2C 00
         31 00 38 00
         2C 00 00 00
         00 00      
000004AC 05 00 00 00        		.dd LM2-_FIQ
000004AE 0D 00 0A 00        		.dw 0x0d,0x0a
0000800E                    	.text
                            	LM2:
0000800E 13 97 10 70        		R3=[28688]	// QImode move
00008010 0B B5 00 20        		R2=R3&8192
00008012 40 44              		CMP R2,0	// QImode test
00008013 0A 5E 01 EE        		NSJZ L3	//QImode EQ
         00 EE      
000004B0                    	.debug
000004B0 2E 00 73 00        		.dw '.stabn 0x44,0,20,',0,0
         74 00 61 00
         62 00 6E 00
         20 00 30 00
         78 00 34 00
         34 00 2C 00
         30 00 2C 00
         32 00 30 00
         2C 00 00 00
         00 00      
000004C3 0D 00 00 00        		.dd LM3-_FIQ
000004C5 0D 00 0A 00        		.dw 0x0d,0x0a
00008016                    	.text
                            	LM3:
00008016 0A 95 00 20        		R2=8192	// QImode move
00008018 1A D5 11 70        		[28689]=R2	// QImode move
000004C7                    	.debug
000004C7 2E 00 73 00        		.dw '.stabn 0x44,0,21,',0,0
         74 00 61 00
         62 00 6E 00
         20 00 30 00
         78 00 34 00
         34 00 2C 00
         30 00 2C 00
         32 00 31 00
         2C 00 00 00
         00 00      
000004DA 11 00 00 00        		.dd LM4-_FIQ
000004DC 0D 00 0A 00        		.dw 0x0d,0x0a
0000801A                    	.text
                            	LM4:
                            	// GCC inline ASM start
0000801A 40 F0 9F 87        		call F_FIQ_Service_SACM_S480
                            	// GCC inline ASM end
000004DE                    	.debug
000004DE 2E 00 73 00        		.dw '.stabn 0x44,0,22,',0,0
         74 00 61 00
         62 00 6E 00
         20 00 30 00
         78 00 34 00
         34 00 2C 00
         30 00 2C 00
         32 00 32 00
         2C 00 00 00
         00 00      
000004F1 13 00 00 00        		.dd LM5-_FIQ
000004F3 0D 00 0A 00        		.dw 0x0d,0x0a
0000801C                    	.text
                            	LM5:
0000801C 0F 9F 30 80        		pc=L4	// Indirect jump
                            	L3:
000004F5                    	.debug
000004F5 2E 00 73 00        		.dw '.stabn 0x44,0,23,',0,0
         74 00 61 00
         62 00 6E 00
         20 00 30 00
         78 00 34 00
         34 00 2C 00
         30 00 2C 00
         32 00 33 00
         2C 00 00 00
         00 00      
00000508 15 00 00 00        		.dd LM6-_FIQ
0000050A 0D 00 0A 00        		.dw 0x0d,0x0a
0000801E                    	.text
                            	LM6:
0000801E 13 97 10 70        		R3=[28688]	// QImode move
00008020 0B B5 00 08        		R2=R3&2048
00008022 40 44              		CMP R2,0	// QImode test
00008023 08 5E 01 EE        		NSJZ L5	//QImode EQ
         00 EE      
0000050C                    	.debug
0000050C 2E 00 73 00        		.dw '.stabn 0x44,0,24,',0,0
         74 00 61 00
         62 00 6E 00
         20 00 30 00
         78 00 34 00
         34 00 2C 00
         30 00 2C 00
         32 00 34 00
         2C 00 00 00
         00 00      
0000051F 1D 00 00 00        		.dd LM7-_FIQ
00000521 0D 00 0A 00        		.dw 0x0d,0x0a
00008026                    	.text
                            	LM7:
00008026 0A 95 00 08        		R2=2048	// QImode move
00008028 1A D5 11 70        		[28689]=R2	// QImode move
0000802A 0F 9F 30 80        		pc=L4	// Indirect jump
                            	L5:
00000523                    	.debug
00000523 2E 00 73 00        		.dw '.stabn 0x44,0,26,',0,0
         74 00 61 00
         62 00 6E 00
         20 00 30 00
         78 00 34 00
         34 00 2C 00
         30 00 2C 00
         32 00 36 00
         2C 00 00 00
         00 00      
00000536 23 00 00 00        		.dd LM8-_FIQ
00000538 0D 00 0A 00        		.dw 0x0d,0x0a
0000802C                    	.text
                            	LM8:
0000802C 0A 65 00 80        		R2=(-32768)	// QImode move
0000802E 1A D5 11 70        		[28689]=R2	// QImode move
                            	L6:
                            	L4:
0000053A                    	.debug
0000053A 2E 00 73 00        		.dw '.stabn 0x44,0,27,',0,0
         74 00 61 00
         62 00 6E 00
         20 00 30 00
         78 00 34 00
         34 00 2C 00
         30 00 2C 00
         32 00 37 00
         2C 00 00 00
         00 00      
0000054D 27 00 00 00        		.dd LM9-_FIQ
0000054F 0D 00 0A 00        		.dw 0x0d,0x0a
00008030                    	.text
                            	LM9:
00000551                    	.debug
00000551 2E 00 73 00        		.dw '.stabn 0x44,0,27,',0,0
         74 00 61 00
         62 00 6E 00
         20 00 30 00
         78 00 34 00
         34 00 2C 00
         30 00 2C 00
         32 00 37 00
         2C 00 00 00
         00 00      
00000564 27 00 00 00        		.dd LM10-_FIQ
00000566 0D 00 0A 00        		.dw 0x0d,0x0a
00008030                    	.text
                            	LM10:
                            	L2:
                            	
                            		// ISR ATTRIBUTE FUNCTION, POP r1,bp
00008030 A8 90              		pop r1,bp from [sp]
00008031 98 9A              		reti
                            		.endp	// end of FIQ
                            	
00000568                    	.debug
00000568 2E 00 73 00        		.dw '.stabf ',0,0
         74 00 61 00
         62 00 66 00
         20 00 00 00
         00 00      
00000571 29 00 00 00        		.dd LME1-_FIQ
00000573 0D 00 0A 00        		.dw 0x0d,0x0a
00008032                    	.text
                            	LME1:
                            	// ISR ATTRIBUTE FUNCTION, LOCATE in .text SECTION
00008032                    	.text
00000575                    	.debug
00000575 2E 00 73 00        		.dw '.stabs "IRQ5:F19",36,0,0,',0,0,offset _IRQ5,seg _IRQ5,0x0d,0x0a
         74 00 61 00
         62 00 73 00
         20 00 22 00
         49 00 52 00
         51 00 35 00
         3A 00 46 00
         31 00 39 00
         22 00 2C 00
         33 00 36 00
         2C 00 30 00
         2C 00 30 00
         2C 00 00 00
         00 00 29 00
         00 00 0D 00
         0A 00      
00008032                    	.TEXT
                            	.public _IRQ5
                            	_IRQ5:	.proc
00000594                    	.debug
00000594 2E 00 73 00        		.dw '.stabn 0x44,0,32,',0,0
         74 00 61 00
         62 00 6E 00
         20 00 30 00
         78 00 34 00
         34 00 2C 00
         30 00 2C 00
         33 00 32 00
         2C 00 00 00
         00 00      
000005A7 00 00 00 00        		.dd LM11-_IRQ5
000005A9 0D 00 0A 00        		.dw 0x0d,0x0a
00008032                    	.text
                            	LM11:
                            		// ISR ATTRIBUTE FUNCTION, PUSH r1,bp
00008032 A8 DA              		push r1,bp to [sp]
                            	
                            		// total=0, vars=0
                            		// frame_pointer_needed: 1
00008033 08 0B 01 00        		bp=sp+1
                            	
00008035 0D 03 03 00        		R1=BP+3
000005AB                    	.debug
000005AB 2E 00 73 00        		.dw '.stabn 0x44,0,33,',0,0
         74 00 61 00
         62 00 6E 00
         20 00 30 00
         78 00 34 00
         34 00 2C 00
         30 00 2C 00
         33 00 33 00
         2C 00 00 00
         00 00      
000005BE 05 00 00 00        		.dd LM12-_IRQ5
000005C0 0D 00 0A 00        		.dw 0x0d,0x0a
00008037                    	.text
                            	LM12:
00008037 13 97 10 70        		R3=[28688]	// QImode move
00008039 0B B5 04 00        		R2=R3&4
0000803B 40 44              		CMP R2,0	// QImode test
0000803C 29 5E 01 EE        		NSJZ L10	//QImode EQ
         00 EE      
000005C2                    	.debug
000005C2 2E 00 73 00        		.dw '.stabn 0x44,0,35,',0,0
         74 00 61 00
         62 00 6E 00
         20 00 30 00
         78 00 34 00
         34 00 2C 00
         30 00 2C 00
         33 00 35 00
         2C 00 00 00
         00 00      
000005D5 0D 00 00 00        		.dd LM13-_IRQ5
000005D7 0D 00 0A 00        		.dw 0x0d,0x0a
0000803F                    	.text
                            	LM13:
0000803F 12 95 47 02        		R2=[_num]	// QImode move
00008041 41 96              		R3=1	// QImode move
00008042 1A 07 47 02        		[_num]=R2+R3  //addqi3_Qrr
000005D9                    	.debug
000005D9 2E 00 73 00        		.dw '.stabn 0x44,0,36,',0,0
         74 00 61 00
         62 00 6E 00
         20 00 30 00
         78 00 34 00
         34 00 2C 00
         30 00 2C 00
         33 00 36 00
         2C 00 00 00
         00 00      
000005EC 12 00 00 00        		.dd LM14-_IRQ5
000005EE 0D 00 0A 00        		.dw 0x0d,0x0a
00008044                    	.text
                            	LM14:
00008044 12 95 47 02        		R2=[_num]	// QImode move
00008046 42 44              		CMP R2,2	// QImode compare
00008047 05 8E 01 EE        		NSJNA L11	//QImode LEU
         00 EE      
000005F0                    	.debug
000005F0 2E 00 73 00        		.dw '.stabn 0x44,0,37,',0,0
         74 00 61 00
         62 00 6E 00
         20 00 30 00
         78 00 34 00
         34 00 2C 00
         30 00 2C 00
         33 00 37 00
         2C 00 00 00
         00 00      
00000603 18 00 00 00        		.dd LM15-_IRQ5
00000605 0D 00 0A 00        		.dw 0x0d,0x0a
0000804A                    	.text
                            	LM15:
0000804A 40 94              		R2=0	// QImode move
0000804B 1A D5 47 02        		[_num]=R2	// QImode move
                            	L11:
00000607                    	.debug
00000607 2E 00 73 00        		.dw '.stabn 0x44,0,38,',0,0
         74 00 61 00
         62 00 6E 00
         20 00 30 00
         78 00 34 00
         34 00 2C 00
         30 00 2C 00
         33 00 38 00
         2C 00 00 00
         00 00      
0000061A 1B 00 00 00        		.dd LM16-_IRQ5
0000061C 0D 00 0A 00        		.dw 0x0d,0x0a
0000804D                    	.text
                            	LM16:
0000804D 12 95 44 02        		R2=[_dian]	// QImode move
0000804F 0A 87 FF FF        		R3=R2^0xffff	// one_cmplqi2
00008051 1B D7 44 02        		[_dian]=R3	// QImode move
0000061E                    	.debug
0000061E 2E 00 73 00        		.dw '.stabn 0x44,0,39,',0,0
         74 00 61 00
         62 00 6E 00
         20 00 30 00
         78 00 34 00
         34 00 2C 00
         30 00 2C 00
         33 00 39 00
         2C 00 00 00
         00 00      
00000631 21 00 00 00        		.dd LM17-_IRQ5
00000633 0D 00 0A 00        		.dw 0x0d,0x0a
00008053                    	.text
                            	LM17:
00008053 12 95 3E 02        		R2=[_temperatureflag]	// QImode move
00008055 41 96              		R3=1	// QImode move
00008056 1A 07 3E 02        		[_temperatureflag]=R2+R3  //addqi3_Qrr
00000635                    	.debug
00000635 2E 00 73 00        		.dw '.stabn 0x44,0,40,',0,0
         74 00 61 00
         62 00 6E 00
         20 00 30 00
         78 00 34 00
         34 00 2C 00
         30 00 2C 00
         34 00 30 00
         2C 00 00 00
         00 00      
00000648 26 00 00 00        		.dd LM18-_IRQ5
0000064A 0D 00 0A 00        		.dw 0x0d,0x0a
00008058                    	.text
                            	LM18:
00008058 12 95 3E 02        		R2=[_temperatureflag]	// QImode move
0000805A 42 44              		CMP R2,2	// QImode compare
0000805B 05 8E 01 EE        		NSJNA L12	//QImode LEU
         00 EE      
0000064C                    	.debug
0000064C 2E 00 73 00        		.dw '.stabn 0x44,0,41,',0,0
         74 00 61 00
         62 00 6E 00
         20 00 30 00
         78 00 34 00
         34 00 2C 00
         30 00 2C 00
         34 00 31 00
         2C 00 00 00
         00 00      
0000065F 2C 00 00 00        		.dd LM19-_IRQ5
00000661 0D 00 0A 00        		.dw 0x0d,0x0a
0000805E                    	.text
                            	LM19:
0000805E 40 94              		R2=0	// QImode move
0000805F 1A D5 3E 02        		[_temperatureflag]=R2	// QImode move
                            	L12:
00000663                    	.debug
00000663 2E 00 73 00        		.dw '.stabn 0x44,0,42,',0,0
         74 00 61 00
         62 00 6E 00
         20 00 30 00
         78 00 34 00
         34 00 2C 00
         30 00 2C 00
         34 00 32 00
         2C 00 00 00
         00 00      
00000676 2F 00 00 00        		.dd LM20-_IRQ5
00000678 0D 00 0A 00        		.dw 0x0d,0x0a
00008061                    	.text
                            	LM20:
00008061 44 94              		R2=4	// QImode move
00008062 1A D5 11 70        		[28689]=R2	// QImode move
0000067A                    	.debug
0000067A 2E 00 73 00        		.dw '.stabn 0x44,0,43,',0,0
         74 00 61 00
         62 00 6E 00
         20 00 30 00
         78 00 34 00
         34 00 2C 00
         30 00 2C 00
         34 00 33 00
         2C 00 00 00
         00 00      
0000068D 32 00 00 00        		.dd LM21-_IRQ5
0000068F 0D 00 0A 00        		.dw 0x0d,0x0a
00008064                    	.text
                            	LM21:
00008064 0F 9F 69 80        		pc=L13	// Indirect jump
                            	L10:
00000691                    	.debug
00000691 2E 00 73 00        		.dw '.stabn 0x44,0,46,',0,0
         74 00 61 00
         62 00 6E 00
         20 00 30 00
         78 00 34 00
         34 00 2C 00
         30 00 2C 00
         34 00 36 00
         2C 00 00 00
         00 00      
000006A4 34 00 00 00        		.dd LM22-_IRQ5
000006A6 0D 00 0A 00        		.dw 0x0d,0x0a
00008066                    	.text
                            	LM22:
00008066 48 94              		R2=8	// QImode move
00008067 1A D5 11 70        		[28689]=R2	// QImode move
                            	L13:
000006A8                    	.debug
000006A8 2E 00 73 00        		.dw '.stabn 0x44,0,48,',0,0
         74 00 61 00
         62 00 6E 00
         20 00 30 00
         78 00 34 00
         34 00 2C 00
         30 00 2C 00
         34 00 38 00
         2C 00 00 00
         00 00      
000006BB 37 00 00 00        		.dd LM23-_IRQ5
000006BD 0D 00 0A 00        		.dw 0x0d,0x0a
00008069                    	.text
                            	LM23:
000006BF                    	.debug
000006BF 2E 00 73 00        		.dw '.stabn 0x44,0,48,',0,0
         74 00 61 00
         62 00 6E 00
         20 00 30 00
         78 00 34 00
         34 00 2C 00
         30 00 2C 00
         34 00 38 00
         2C 00 00 00
         00 00      
000006D2 37 00 00 00        		.dd LM24-_IRQ5
000006D4 0D 00 0A 00        		.dw 0x0d,0x0a
00008069                    	.text
                            	LM24:
                            	L9:
                            	
                            		// ISR ATTRIBUTE FUNCTION, POP r1,bp
00008069 A8 90              		pop r1,bp from [sp]
0000806A 98 9A              		reti
                            		.endp	// end of IRQ5
                            	
000006D6                    	.debug
000006D6 2E 00 73 00        		.dw '.stabf ',0,0
         74 00 61 00
         62 00 66 00
         20 00 00 00
         00 00      
000006DF 39 00 00 00        		.dd LME2-_IRQ5
000006E1 0D 00 0A 00        		.dw 0x0d,0x0a
0000806B                    	.text
                            	LME2:
                            	.external _temperatureflag
                            	.external _dian
                            	.external _num
                            		.end
0 error(s), 0 warning(s).




