Sunplus u'nSP Assembler - Ver. 1.14.3.1
              Listing File Has Been Relocated
                            	// GCC for SUNPLUS u'nSP version 1.0.21-3
                            	// Command: D:\PROGRA~1\Sunplus\UNSPID~1.0\cc1.exe C:\DOCUME~1\ADMINI~1\LOCALS~1\Temp\ccWWaaaa.i -fkeep-inline-functions -quiet -dumpbase main.c -mglobal-var-iram -gstabs -Wall -o .\Debug/main.asm
                            		.external __sn_func_ptr_sec
                            	
                            	// gcc2_compiled.:
                            	
00000000                    	.debug
00000000 2E 00 73 00        		.dw '.stabs "C:/Documents and Settings/Administrator/×ÀÃæ/voice/voice/",0x64,0,3,',0,0,offset Ltext0,seg Ltext0,0x0d,0x0a
         74 00 61 00
         62 00 73 00
         20 00 22 00
         43 00 3A 00
         2F 00 44 00
         6F 00 63 00
         75 00 6D 00
         65 00 6E 00
         74 00 73 00
         20 00 61 00
         6E 00 64 00
         20 00 53 00
         65 00 74 00
         74 00 69 00
         6E 00 67 00
         73 00 2F 00
         41 00 64 00
         6D 00 69 00
         6E 00 69 00
         73 00 74 00
         72 00 61 00
         74 00 6F 00
         72 00 2F 00
         D7 00 C0 00
         C3 00 E6 00
         2F 00 76 00
         6F 00 69 00
         63 00 65 00
         2F 00 76 00
         6F 00 69 00
         63 00 65 00
         2F 00 22 00
         2C 00 30 00
         78 00 36 00
         34 00 2C 00
         30 00 2C 00
         33 00 2C 00
         00 00 00 00
         00 00 00 00
         0D 00 0A 00
000095F9                    	.code
00000052                    	.debug
00000052 2E 00 73 00        		.dw '.stabs "C:/Documents and Settings/Administrator/×/300Ã/346/voice/voice/main.c",0x64,0,3,',0,0,offset Ltext0,seg Ltext0,0x0d,0x0a
         74 00 61 00
         62 00 73 00
         20 00 22 00
         43 00 3A 00
         2F 00 44 00
         6F 00 63 00
         75 00 6D 00
         65 00 6E 00
         74 00 73 00
         20 00 61 00
         6E 00 64 00
         20 00 53 00
         65 00 74 00
         74 00 69 00
         6E 00 67 00
         73 00 2F 00
         41 00 64 00
         6D 00 69 00
         6E 00 69 00
         73 00 74 00
         72 00 61 00
         74 00 6F 00
         72 00 2F 00
         D7 00 2F 00
         33 00 30 00
         30 00 C3 00
         2F 00 33 00
         34 00 36 00
         2F 00 76 00
         6F 00 69 00
         63 00 65 00
         2F 00 76 00
         6F 00 69 00
         63 00 65 00
         2F 00 6D 00
         61 00 69 00
         6E 00 2E 00
         63 00 22 00
         2C 00 30 00
         78 00 36 00
         34 00 2C 00
         30 00 2C 00
         33 00 2C 00
         00 00 00 00
         00 00 00 00
         0D 00 0A 00
000095F9                    	.code
000095F9                    	.code
                            	Ltext0:
000000B0                    	.debug
000000B0 2E 00 73 00        		.dw '.stabs "int:t1=r1;-32768;32767;",128,0,0,0',0x0d,0x0a
         74 00 61 00
         62 00 73 00
         20 00 22 00
         69 00 6E 00
         74 00 3A 00
         74 00 31 00
         3D 00 72 00
         31 00 3B 00
         2D 00 33 00
         32 00 37 00
         36 00 38 00
         3B 00 33 00
         32 00 37 00
         36 00 37 00
         3B 00 22 00
         2C 00 31 00
         32 00 38 00
         2C 00 30 00
         2C 00 30 00
         2C 00 30 00
         0D 00 0A 00
000095F9                    	.CODE
000000DC                    	.debug
000000DC 2E 00 73 00        		.dw '.stabs "char:t2=r2;0;127;",128,0,0,0',0x0d,0x0a
         74 00 61 00
         62 00 73 00
         20 00 22 00
         63 00 68 00
         61 00 72 00
         3A 00 74 00
         32 00 3D 00
         72 00 32 00
         3B 00 30 00
         3B 00 31 00
         32 00 37 00
         3B 00 22 00
         2C 00 31 00
         32 00 38 00
         2C 00 30 00
         2C 00 30 00
         2C 00 30 00
         0D 00 0A 00
000095F9                    	.CODE
00000102                    	.debug
00000102 2E 00 73 00        		.dw '.stabs "long int:t3=r3;-2147483648;2147483647;",128,0,0,0',0x0d,0x0a
         74 00 61 00
         62 00 73 00
         20 00 22 00
         6C 00 6F 00
         6E 00 67 00
         20 00 69 00
         6E 00 74 00
         3A 00 74 00
         33 00 3D 00
         72 00 33 00
         3B 00 2D 00
         32 00 31 00
         34 00 37 00
         34 00 38 00
         33 00 36 00
         34 00 38 00
         3B 00 32 00
         31 00 34 00
         37 00 34 00
         38 00 33 00
         36 00 34 00
         37 00 3B 00
         22 00 2C 00
         31 00 32 00
         38 00 2C 00
         30 00 2C 00
         30 00 2C 00
         30 00 0D 00
         0A 00      
000095F9                    	.CODE
0000013D                    	.debug
0000013D 2E 00 73 00        		.dw '.stabs "unsigned int:t4=r4;0;65535;",128,0,0,0',0x0d,0x0a
         74 00 61 00
         62 00 73 00
         20 00 22 00
         75 00 6E 00
         73 00 69 00
         67 00 6E 00
         65 00 64 00
         20 00 69 00
         6E 00 74 00
         3A 00 74 00
         34 00 3D 00
         72 00 34 00
         3B 00 30 00
         3B 00 36 00
         35 00 35 00
         33 00 35 00
         3B 00 22 00
         2C 00 31 00
         32 00 38 00
         2C 00 30 00
         2C 00 30 00
         2C 00 30 00
         0D 00 0A 00
000095F9                    	.CODE
0000016D                    	.debug
0000016D 2E 00 73 00        		.dw '.stabs "long unsigned int:t5=r5;0;4294967295;",128,0,0,0',0x0d,0x0a
         74 00 61 00
         62 00 73 00
         20 00 22 00
         6C 00 6F 00
         6E 00 67 00
         20 00 75 00
         6E 00 73 00
         69 00 67 00
         6E 00 65 00
         64 00 20 00
         69 00 6E 00
         74 00 3A 00
         74 00 35 00
         3D 00 72 00
         35 00 3B 00
         30 00 3B 00
         34 00 32 00
         39 00 34 00
         39 00 36 00
         37 00 32 00
         39 00 35 00
         3B 00 22 00
         2C 00 31 00
         32 00 38 00
         2C 00 30 00
         2C 00 30 00
         2C 00 30 00
         0D 00 0A 00
000095F9                    	.CODE
000001A7                    	.debug
000001A7 2E 00 73 00        		.dw '.stabs "long long int:t6=r6;-2147483648;2147483647;",128,0,0,0',0x0d,0x0a
         74 00 61 00
         62 00 73 00
         20 00 22 00
         6C 00 6F 00
         6E 00 67 00
         20 00 6C 00
         6F 00 6E 00
         67 00 20 00
         69 00 6E 00
         74 00 3A 00
         74 00 36 00
         3D 00 72 00
         36 00 3B 00
         2D 00 32 00
         31 00 34 00
         37 00 34 00
         38 00 33 00
         36 00 34 00
         38 00 3B 00
         32 00 31 00
         34 00 37 00
         34 00 38 00
         33 00 36 00
         34 00 37 00
         3B 00 22 00
         2C 00 31 00
         32 00 38 00
         2C 00 30 00
         2C 00 30 00
         2C 00 30 00
         0D 00 0A 00
000095F9                    	.CODE
000001E7                    	.debug
000001E7 2E 00 73 00        		.dw '.stabs "long long unsigned int:t7=r7;0;4294967295;",128,0,0,0',0x0d,0x0a
         74 00 61 00
         62 00 73 00
         20 00 22 00
         6C 00 6F 00
         6E 00 67 00
         20 00 6C 00
         6F 00 6E 00
         67 00 20 00
         75 00 6E 00
         73 00 69 00
         67 00 6E 00
         65 00 64 00
         20 00 69 00
         6E 00 74 00
         3A 00 74 00
         37 00 3D 00
         72 00 37 00
         3B 00 30 00
         3B 00 34 00
         32 00 39 00
         34 00 39 00
         36 00 37 00
         32 00 39 00
         35 00 3B 00
         22 00 2C 00
         31 00 32 00
         38 00 2C 00
         30 00 2C 00
         30 00 2C 00
         30 00 0D 00
         0A 00      
000095F9                    	.CODE
00000226                    	.debug
00000226 2E 00 73 00        		.dw '.stabs "short int:t8=r8;-32768;32767;",128,0,0,0',0x0d,0x0a
         74 00 61 00
         62 00 73 00
         20 00 22 00
         73 00 68 00
         6F 00 72 00
         74 00 20 00
         69 00 6E 00
         74 00 3A 00
         74 00 38 00
         3D 00 72 00
         38 00 3B 00
         2D 00 33 00
         32 00 37 00
         36 00 38 00
         3B 00 33 00
         32 00 37 00
         36 00 37 00
         3B 00 22 00
         2C 00 31 00
         32 00 38 00
         2C 00 30 00
         2C 00 30 00
         2C 00 30 00
         0D 00 0A 00
000095F9                    	.CODE
00000258                    	.debug
00000258 2E 00 73 00        		.dw '.stabs "short unsigned int:t9=r9;0;65535;",128,0,0,0',0x0d,0x0a
         74 00 61 00
         62 00 73 00
         20 00 22 00
         73 00 68 00
         6F 00 72 00
         74 00 20 00
         75 00 6E 00
         73 00 69 00
         67 00 6E 00
         65 00 64 00
         20 00 69 00
         6E 00 74 00
         3A 00 74 00
         39 00 3D 00
         72 00 39 00
         3B 00 30 00
         3B 00 36 00
         35 00 35 00
         33 00 35 00
         3B 00 22 00
         2C 00 31 00
         32 00 38 00
         2C 00 30 00
         2C 00 30 00
         2C 00 30 00
         0D 00 0A 00
000095F9                    	.CODE
0000028E                    	.debug
0000028E 2E 00 73 00        		.dw '.stabs "signed char:t10=r10;-32768;32767;",128,0,0,0',0x0d,0x0a
         74 00 61 00
         62 00 73 00
         20 00 22 00
         73 00 69 00
         67 00 6E 00
         65 00 64 00
         20 00 63 00
         68 00 61 00
         72 00 3A 00
         74 00 31 00
         30 00 3D 00
         72 00 31 00
         30 00 3B 00
         2D 00 33 00
         32 00 37 00
         36 00 38 00
         3B 00 33 00
         32 00 37 00
         36 00 37 00
         3B 00 22 00
         2C 00 31 00
         32 00 38 00
         2C 00 30 00
         2C 00 30 00
         2C 00 30 00
         0D 00 0A 00
000095F9                    	.CODE
000002C4                    	.debug
000002C4 2E 00 73 00        		.dw '.stabs "unsigned char:t11=r11;0;65535;",128,0,0,0',0x0d,0x0a
         74 00 61 00
         62 00 73 00
         20 00 22 00
         75 00 6E 00
         73 00 69 00
         67 00 6E 00
         65 00 64 00
         20 00 63 00
         68 00 61 00
         72 00 3A 00
         74 00 31 00
         31 00 3D 00
         72 00 31 00
         31 00 3B 00
         30 00 3B 00
         36 00 35 00
         35 00 33 00
         35 00 3B 00
         22 00 2C 00
         31 00 32 00
         38 00 2C 00
         30 00 2C 00
         30 00 2C 00
         30 00 0D 00
         0A 00      
000095F9                    	.CODE
000002F7                    	.debug
000002F7 2E 00 73 00        		.dw '.stabs "float:t12=r1;2;0;",128,0,0,0',0x0d,0x0a
         74 00 61 00
         62 00 73 00
         20 00 22 00
         66 00 6C 00
         6F 00 61 00
         74 00 3A 00
         74 00 31 00
         32 00 3D 00
         72 00 31 00
         3B 00 32 00
         3B 00 30 00
         3B 00 22 00
         2C 00 31 00
         32 00 38 00
         2C 00 30 00
         2C 00 30 00
         2C 00 30 00
         0D 00 0A 00
000095F9                    	.CODE
0000031D                    	.debug
0000031D 2E 00 73 00        		.dw '.stabs "double:t13=r1;2;0;",128,0,0,0',0x0d,0x0a
         74 00 61 00
         62 00 73 00
         20 00 22 00
         64 00 6F 00
         75 00 62 00
         6C 00 65 00
         3A 00 74 00
         31 00 33 00
         3D 00 72 00
         31 00 3B 00
         32 00 3B 00
         30 00 3B 00
         22 00 2C 00
         31 00 32 00
         38 00 2C 00
         30 00 2C 00
         30 00 2C 00
         30 00 0D 00
         0A 00      
000095F9                    	.CODE
00000344                    	.debug
00000344 2E 00 73 00        		.dw '.stabs "long double:t14=r1;2;0;",128,0,0,0',0x0d,0x0a
         74 00 61 00
         62 00 73 00
         20 00 22 00
         6C 00 6F 00
         6E 00 67 00
         20 00 64 00
         6F 00 75 00
         62 00 6C 00
         65 00 3A 00
         74 00 31 00
         34 00 3D 00
         72 00 31 00
         3B 00 32 00
         3B 00 30 00
         3B 00 22 00
         2C 00 31 00
         32 00 38 00
         2C 00 30 00
         2C 00 30 00
         2C 00 30 00
         0D 00 0A 00
000095F9                    	.CODE
00000370                    	.debug
00000370 2E 00 73 00        		.dw '.stabs "complex int:t15=s2real:1,0,16;imag:1,16,16;;",128,0,0,0',0x0d,0x0a
         74 00 61 00
         62 00 73 00
         20 00 22 00
         63 00 6F 00
         6D 00 70 00
         6C 00 65 00
         78 00 20 00
         69 00 6E 00
         74 00 3A 00
         74 00 31 00
         35 00 3D 00
         73 00 32 00
         72 00 65 00
         61 00 6C 00
         3A 00 31 00
         2C 00 30 00
         2C 00 31 00
         36 00 3B 00
         69 00 6D 00
         61 00 67 00
         3A 00 31 00
         2C 00 31 00
         36 00 2C 00
         31 00 36 00
         3B 00 3B 00
         22 00 2C 00
         31 00 32 00
         38 00 2C 00
         30 00 2C 00
         30 00 2C 00
         30 00 0D 00
         0A 00      
000095F9                    	.CODE
000003B1                    	.debug
000003B1 2E 00 73 00        		.dw '.stabs "complex float:t16=r16;2;0;",128,0,0,0',0x0d,0x0a
         74 00 61 00
         62 00 73 00
         20 00 22 00
         63 00 6F 00
         6D 00 70 00
         6C 00 65 00
         78 00 20 00
         66 00 6C 00
         6F 00 61 00
         74 00 3A 00
         74 00 31 00
         36 00 3D 00
         72 00 31 00
         36 00 3B 00
         32 00 3B 00
         30 00 3B 00
         22 00 2C 00
         31 00 32 00
         38 00 2C 00
         30 00 2C 00
         30 00 2C 00
         30 00 0D 00
         0A 00      
000095F9                    	.CODE
000003E0                    	.debug
000003E0 2E 00 73 00        		.dw '.stabs "complex double:t17=r17;2;0;",128,0,0,0',0x0d,0x0a
         74 00 61 00
         62 00 73 00
         20 00 22 00
         63 00 6F 00
         6D 00 70 00
         6C 00 65 00
         78 00 20 00
         64 00 6F 00
         75 00 62 00
         6C 00 65 00
         3A 00 74 00
         31 00 37 00
         3D 00 72 00
         31 00 37 00
         3B 00 32 00
         3B 00 30 00
         3B 00 22 00
         2C 00 31 00
         32 00 38 00
         2C 00 30 00
         2C 00 30 00
         2C 00 30 00
         0D 00 0A 00
000095F9                    	.CODE
00000410                    	.debug
00000410 2E 00 73 00        		.dw '.stabs "complex long double:t18=r18;2;0;",128,0,0,0',0x0d,0x0a
         74 00 61 00
         62 00 73 00
         20 00 22 00
         63 00 6F 00
         6D 00 70 00
         6C 00 65 00
         78 00 20 00
         6C 00 6F 00
         6E 00 67 00
         20 00 64 00
         6F 00 75 00
         62 00 6C 00
         65 00 3A 00
         74 00 31 00
         38 00 3D 00
         72 00 31 00
         38 00 3B 00
         32 00 3B 00
         30 00 3B 00
         22 00 2C 00
         31 00 32 00
         38 00 2C 00
         30 00 2C 00
         30 00 2C 00
         30 00 0D 00
         0A 00      
000095F9                    	.CODE
00000445                    	.debug
00000445 2E 00 73 00        		.dw '.stabs "void:t19=19",128,0,0,0',0x0d,0x0a
         74 00 61 00
         62 00 73 00
         20 00 22 00
         76 00 6F 00
         69 00 64 00
         3A 00 74 00
         31 00 39 00
         3D 00 31 00
         39 00 22 00
         2C 00 31 00
         32 00 38 00
         2C 00 30 00
         2C 00 30 00
         2C 00 30 00
         0D 00 0A 00
000095F9                    	.CODE
                            	.public _hour
00000237                    	.iram
                            	_hour:
00000237 0B 00              		.dw 11
00000465                    	.debug
00000465 2E 00 73 00        		.dw '.stabs "hour:G4",32,0,0,',0,0,offset _hour,seg _hour,0x0d,0x0a
         74 00 61 00
         62 00 73 00
         20 00 22 00
         68 00 6F 00
         75 00 72 00
         3A 00 47 00
         34 00 22 00
         2C 00 33 00
         32 00 2C 00
         30 00 2C 00
         30 00 2C 00
         00 00 00 00
         00 00 00 00
         0D 00 0A 00
000095F9                    	.CODE
                            	.public _min
00000238                    	.iram
                            	_min:
00000238 3B 00              		.dw 59
00000483                    	.debug
00000483 2E 00 73 00        		.dw '.stabs "min:G1",32,0,0,',0,0,offset _min,seg _min,0x0d,0x0a
         74 00 61 00
         62 00 73 00
         20 00 22 00
         6D 00 69 00
         6E 00 3A 00
         47 00 31 00
         22 00 2C 00
         33 00 32 00
         2C 00 30 00
         2C 00 30 00
         2C 00 00 00
         00 00 01 00
         00 00 0D 00
         0A 00      
000095F9                    	.CODE
                            	.public _sec
00000239                    	.iram
                            	_sec:
00000239 37 00              		.dw 55
000004A0                    	.debug
000004A0 2E 00 73 00        		.dw '.stabs "sec:G4",32,0,0,',0,0,offset _sec,seg _sec,0x0d,0x0a
         74 00 61 00
         62 00 73 00
         20 00 22 00
         73 00 65 00
         63 00 3A 00
         47 00 34 00
         22 00 2C 00
         33 00 32 00
         2C 00 30 00
         2C 00 30 00
         2C 00 00 00
         00 00 02 00
         00 00 0D 00
         0A 00      
000095F9                    	.CODE
                            	.public _nhour
0000023A                    	.iram
                            	_nhour:
0000023A 0C 00              		.dw 12
000004BD                    	.debug
000004BD 2E 00 73 00        		.dw '.stabs "nhour:G4",32,0,0,',0,0,offset _nhour,seg _nhour,0x0d,0x0a
         74 00 61 00
         62 00 73 00
         20 00 22 00
         6E 00 68 00
         6F 00 75 00
         72 00 3A 00
         47 00 34 00
         22 00 2C 00
         33 00 32 00
         2C 00 30 00
         2C 00 30 00
         2C 00 00 00
         00 00 03 00
         00 00 0D 00
         0A 00      
000095F9                    	.CODE
                            	.public _nmin
0000023B                    	.iram
                            	_nmin:
0000023B 00 00              		.dw 0
000004DC                    	.debug
000004DC 2E 00 73 00        		.dw '.stabs "nmin:G1",32,0,0,',0,0,offset _nmin,seg _nmin,0x0d,0x0a
         74 00 61 00
         62 00 73 00
         20 00 22 00
         6E 00 6D 00
         69 00 6E 00
         3A 00 47 00
         31 00 22 00
         2C 00 33 00
         32 00 2C 00
         30 00 2C 00
         30 00 2C 00
         00 00 00 00
         04 00 00 00
         0D 00 0A 00
000095F9                    	.CODE
                            	.public _is_nao
0000023C                    	.iram
                            	_is_nao:
0000023C 00 00              		.dw 0
000004FA                    	.debug
000004FA 2E 00 73 00        		.dw '.stabs "is_nao:G11",32,0,0,',0,0,offset _is_nao,seg _is_nao,0x0d,0x0a
         74 00 61 00
         62 00 73 00
         20 00 22 00
         69 00 73 00
         5F 00 6E 00
         61 00 6F 00
         3A 00 47 00
         31 00 31 00
         22 00 2C 00
         33 00 32 00
         2C 00 30 00
         2C 00 30 00
         2C 00 00 00
         00 00 05 00
         00 00 0D 00
         0A 00      
000095F9                    	.CODE
                            	.public _tep
0000023D                    	.iram
                            	_tep:
0000023D 00 00              		.dw 0
0000051B                    	.debug
0000051B 2E 00 73 00        		.dw '.stabs "tep:G1",32,0,0,',0,0,offset _tep,seg _tep,0x0d,0x0a
         74 00 61 00
         62 00 73 00
         20 00 22 00
         74 00 65 00
         70 00 3A 00
         47 00 31 00
         22 00 2C 00
         33 00 32 00
         2C 00 30 00
         2C 00 30 00
         2C 00 00 00
         00 00 06 00
         00 00 0D 00
         0A 00      
000095F9                    	.CODE
                            	.public _temperatureflag
0000023E                    	.iram
                            	_temperatureflag:
0000023E 00 00              		.dw 0
00000538                    	.debug
00000538 2E 00 73 00        		.dw '.stabs "temperatureflag:G11",32,0,0,',0,0,offset _temperatureflag,seg _temperatureflag,0x0d,0x0a
         74 00 61 00
         62 00 73 00
         20 00 22 00
         74 00 65 00
         6D 00 70 00
         65 00 72 00
         61 00 74 00
         75 00 72 00
         65 00 66 00
         6C 00 61 00
         67 00 3A 00
         47 00 31 00
         31 00 22 00
         2C 00 33 00
         32 00 2C 00
         30 00 2C 00
         30 00 2C 00
         00 00 00 00
         07 00 00 00
         0D 00 0A 00
000095F9                    	.CODE
000095F9                    	.code
00000562                    	.debug
00000562 2E 00 73 00        		.dw '.stabs "isrInit:F19",36,0,0,',0,0,offset _isrInit,seg _isrInit,0x0d,0x0a
         74 00 61 00
         62 00 73 00
         20 00 22 00
         69 00 73 00
         72 00 49 00
         6E 00 69 00
         74 00 3A 00
         46 00 31 00
         39 00 22 00
         2C 00 33 00
         36 00 2C 00
         30 00 2C 00
         30 00 2C 00
         00 00 00 00
         00 00 00 00
         0D 00 0A 00
000095F9                    	.CODE
                            	.public _isrInit
                            	_isrInit:	.proc
00000584                    	.debug
00000584 2E 00 73 00        		.dw '.stabn 0x44,0,21,',0,0
         74 00 61 00
         62 00 6E 00
         20 00 30 00
         78 00 34 00
         34 00 2C 00
         30 00 2C 00
         32 00 31 00
         2C 00 00 00
         00 00      
00000597 00 00 00 00        		.dd LM1-_isrInit
00000599 0D 00 0A 00        		.dw 0x0d,0x0a
000095F9                    	.code
                            	LM1:
                            		// total=0, vars=0
                            		// frame_pointer_needed: 1
000095F9 88 DA              		push bp to [sp]
000095FA 08 0B 01 00        		bp=sp+1
                            	
000095FC 0D 03 03 00        		R1=BP+3
0000059B                    	.debug
0000059B 2E 00 73 00        		.dw '.stabn 0x44,0,22,',0,0
         74 00 61 00
         62 00 6E 00
         20 00 30 00
         78 00 34 00
         34 00 2C 00
         30 00 2C 00
         32 00 32 00
         2C 00 00 00
         00 00      
000005AE 05 00 00 00        		.dd LM2-_isrInit
000005B0 0D 00 0A 00        		.dw 0x0d,0x0a
000095FE                    	.code
                            	LM2:
                            	// GCC inline ASM start
000095FE 48 F1              		IRQ OFF
                            	// GCC inline ASM end
000005B2                    	.debug
000005B2 2E 00 73 00        		.dw '.stabn 0x44,0,23,',0,0
         74 00 61 00
         62 00 6E 00
         20 00 30 00
         78 00 34 00
         34 00 2C 00
         30 00 2C 00
         32 00 33 00
         2C 00 00 00
         00 00      
000005C5 06 00 00 00        		.dd LM3-_isrInit
000005C7 0D 00 0A 00        		.dw 0x0d,0x0a
000095FF                    	.code
                            	LM3:
000095FF 12 95 10 70        		R2=[28688]	// QImode move
00009601 0A A7 04 00        		R3=R2|4
00009603 1B D7 10 70        		[28688]=R3	// QImode move
000005C9                    	.debug
000005C9 2E 00 73 00        		.dw '.stabn 0x44,0,25,',0,0
         74 00 61 00
         62 00 6E 00
         20 00 30 00
         78 00 34 00
         34 00 2C 00
         30 00 2C 00
         32 00 35 00
         2C 00 00 00
         00 00      
000005DC 0C 00 00 00        		.dd LM4-_isrInit
000005DE 0D 00 0A 00        		.dw 0x0d,0x0a
00009605                    	.code
                            	LM4:
                            	// GCC inline ASM start
00009605 41 F1              		INT IRQ
                            	// GCC inline ASM end
000005E0                    	.debug
000005E0 2E 00 73 00        		.dw '.stabn 0x44,0,26,',0,0
         74 00 61 00
         62 00 6E 00
         20 00 30 00
         78 00 34 00
         34 00 2C 00
         30 00 2C 00
         32 00 36 00
         2C 00 00 00
         00 00      
000005F3 0D 00 00 00        		.dd LM5-_isrInit
000005F5 0D 00 0A 00        		.dw 0x0d,0x0a
00009606                    	.code
                            	LM5:
000005F7                    	.debug
000005F7 2E 00 73 00        		.dw '.stabn 0x44,0,26,',0,0
         74 00 61 00
         62 00 6E 00
         20 00 30 00
         78 00 34 00
         34 00 2C 00
         30 00 2C 00
         32 00 36 00
         2C 00 00 00
         00 00      
0000060A 0D 00 00 00        		.dd LM6-_isrInit
0000060C 0D 00 0A 00        		.dw 0x0d,0x0a
00009606                    	.code
                            	LM6:
                            	L2:
                            	
00009606 88 98              		pop bp from [sp]
00009607 90 9A              		retf
                            		.endp	// end of isrInit
                            	
0000060E                    	.debug
0000060E 2E 00 73 00        		.dw '.stabf ',0,0
         74 00 61 00
         62 00 66 00
         20 00 00 00
         00 00      
00000617 0F 00 00 00        		.dd LME1-_isrInit
00000619 0D 00 0A 00        		.dw 0x0d,0x0a
00009608                    	.code
                            	LME1:
00009608                    	.code
0000061B                    	.debug
0000061B 2E 00 73 00        		.dw '.stabs "MeatureTemp:F19",36,0,0,',0,0,offset _MeatureTemp,seg _MeatureTemp,0x0d,0x0a
         74 00 61 00
         62 00 73 00
         20 00 22 00
         4D 00 65 00
         61 00 74 00
         75 00 72 00
         65 00 54 00
         65 00 6D 00
         70 00 3A 00
         46 00 31 00
         39 00 22 00
         2C 00 33 00
         36 00 2C 00
         30 00 2C 00
         30 00 2C 00
         00 00 00 00
         0F 00 00 00
         0D 00 0A 00
00009608                    	.CODE
                            	.public _MeatureTemp
                            	_MeatureTemp:	.proc
00000641                    	.debug
00000641 2E 00 73 00        		.dw '.stabn 0x44,0,29,',0,0
         74 00 61 00
         62 00 6E 00
         20 00 30 00
         78 00 34 00
         34 00 2C 00
         30 00 2C 00
         32 00 39 00
         2C 00 00 00
         00 00      
00000654 00 00 00 00        		.dd LM7-_MeatureTemp
00000656 0D 00 0A 00        		.dw 0x0d,0x0a
00009608                    	.code
                            	LM7:
                            		// total=5, vars=5
                            		// frame_pointer_needed: 1
00009608 88 DA              		push bp to [sp]
00009609 45 20              		sp-=5
0000960A 08 0B 01 00        		bp=sp+1
                            	
0000960C 0D 03 08 00        		R1=BP+8
0000960E 03 D2              		[bp+3]=R1	// QImode move
00000658                    	.debug
00000658 2E 00 73 00        		.dw '.stabn 0x44,0,30,',0,0
         74 00 61 00
         62 00 6E 00
         20 00 30 00
         78 00 34 00
         34 00 2C 00
         30 00 2C 00
         33 00 30 00
         2C 00 00 00
         00 00      
0000066B 07 00 00 00        		.dd LM8-_MeatureTemp
0000066D 0D 00 0A 00        		.dw 0x0d,0x0a
0000960F                    	.code
                            	LM8:
                            	LBB2:
0000960F 11 93 3E 02        		R1=[_temperatureflag]	// QImode move
00009611 42 42              		CMP R1,2	// QImode compare
00009612 02 5E 0F 9F        		NSJNZ L4	//QImode NE
         55 96      
0000066F                    	.debug
0000066F 2E 00 73 00        		.dw '.stabn 0x44,0,32,',0,0
         74 00 61 00
         62 00 6E 00
         20 00 30 00
         78 00 34 00
         34 00 2C 00
         30 00 2C 00
         33 00 32 00
         2C 00 00 00
         00 00      
00000682 0D 00 00 00        		.dd LM9-_MeatureTemp
00000684 0D 00 0A 00        		.dw 0x0d,0x0a
00009615                    	.code
                            	LM9:
                            	LBB3:
00009615 40 92              		R1=0	// HFmode immediate to register move
00009616 40 94              		R2=0
00009617 D5 D2              		[BP++]=R1	// [RD]=RS HFmode, RD!=RS+1
00009618 CD D4              		[BP--]=R2
00000686                    	.debug
00000686 2E 00 73 00        		.dw '.stabn 0x44,0,33,',0,0
         74 00 61 00
         62 00 6E 00
         20 00 30 00
         78 00 34 00
         34 00 2C 00
         30 00 2C 00
         33 00 33 00
         2C 00 00 00
         00 00      
00000699 11 00 00 00        		.dd LM10-_MeatureTemp
0000069B 0D 00 0A 00        		.dw 0x0d,0x0a
00009619                    	.code
                            	LM10:
00009619 05 93              		R1=BP	// QImode move
0000961A 0D 05 02 00        		R2=BP+2
0000961C 40 92              		R1=0	// QImode move
0000961D 02 97              		R3=R2	// QImode move
0000961E C3 D2              		[R3]=R1	// QImode move
0000069D                    	.debug
0000069D 2E 00 73 00        		.dw '.stabn 0x44,0,34,',0,0
         74 00 61 00
         62 00 6E 00
         20 00 30 00
         78 00 34 00
         34 00 2C 00
         30 00 2C 00
         33 00 34 00
         2C 00 00 00
         00 00      
000006B0 17 00 00 00        		.dd LM11-_MeatureTemp
000006B2 0D 00 0A 00        		.dw 0x0d,0x0a
0000961F                    	.code
                            	LM11:
0000961F 40 92              		R1=0	// QImode move
00009620 19 D3 3E 02        		[_temperatureflag]=R1	// QImode move
000006B4                    	.debug
000006B4 2E 00 73 00        		.dw '.stabn 0x44,0,35,',0,0
         74 00 61 00
         62 00 6E 00
         20 00 30 00
         78 00 34 00
         34 00 2C 00
         30 00 2C 00
         33 00 35 00
         2C 00 00 00
         00 00      
000006C7 1A 00 00 00        		.dd LM12-_MeatureTemp
000006C9 0D 00 0A 00        		.dw 0x0d,0x0a
00009622                    	.code
                            	LM12:
00009622 40 F0 33 95        		call _ADtoVoltage	// call with return value
00009624 D5 D2              		[BP++]=R1	// [RD]=RS HFmode, RD!=RS+1
00009625 CD D4              		[BP--]=R2
000006CB                    	.debug
000006CB 2E 00 73 00        		.dw '.stabn 0x44,0,36,',0,0
         74 00 61 00
         62 00 6E 00
         20 00 30 00
         78 00 34 00
         34 00 2C 00
         30 00 2C 00
         33 00 36 00
         2C 00 00 00
         00 00      
000006DE 1E 00 00 00        		.dd LM13-_MeatureTemp
000006E0 0D 00 0A 00        		.dw 0x0d,0x0a
00009626                    	.code
                            	LM13:
00009626 D5 92              		R1=[BP++]	// RD=[RS] HFmode, RD!=RS
00009627 CD 94              		R2=[BP--]
00009628 40 96              		R3=0	// HFmode immediate to register move
00009629 0C 99 C8 42        		R4=17096
0000962B 90 D8              		push R3,R4 to [sp]	// pushhf
0000962C 90 D4              		push R1,R2 to [sp]	// pushhf
0000962D 40 F0 CF 96        		call __mulf2	// call with return value
0000962F 44 00              		SP = SP + 4	//SP
00009630 D5 D2              		[BP++]=R1	// [RD]=RS HFmode, RD!=RS+1
00009631 CD D4              		[BP--]=R2
000006E2                    	.debug
000006E2 2E 00 73 00        		.dw '.stabn 0x44,0,37,',0,0
         74 00 61 00
         62 00 6E 00
         20 00 30 00
         78 00 34 00
         34 00 2C 00
         30 00 2C 00
         33 00 37 00
         2C 00 00 00
         00 00      
000006F5 2A 00 00 00        		.dd LM14-_MeatureTemp
000006F7 0D 00 0A 00        		.dw 0x0d,0x0a
00009632                    	.code
                            	LM14:
00009632 05 93              		R1=BP	// QImode move
00009633 0D 03 02 00        		R1=BP+2
00009635 04 D2              		[bp+4]=R1	// QImode move
00009636 40 92              		R1=0	// HFmode immediate to register move
00009637 0A 95 0C 43        		R2=17164
00009639 D5 96              		R3=[BP++]	// RD=[RS] HFmode, RD!=RS
0000963A CD 98              		R4=[BP--]
0000963B 90 D8              		push R3,R4 to [sp]	// pushhf
0000963C 90 D4              		push R1,R2 to [sp]	// pushhf
0000963D 40 F0 AE 9A        		call __subf2	// call with return value
0000963F 44 00              		SP = SP + 4	//SP
00009640 40 96              		R3=0	// HFmode immediate to register move
00009641 0C 99 00 40        		R4=16384
00009643 90 D8              		push R3,R4 to [sp]	// pushhf
00009644 90 D4              		push R1,R2 to [sp]	// pushhf
00009645 40 F0 6F 98        		call __divf2	// call with return value
00009647 44 00              		SP = SP + 4	//SP
00009648 90 D4              		push R1,R2 to [sp]	// pushhf
00009649 40 F0 D5 99        		call __cvf2i1	// call with return value
0000964B 42 00              		SP = SP + 2	//SP
0000964C 04 94              		R2=[bp+4]	// QImode move
0000964D C2 D2              		[R2]=R1	// QImode move
000006F9                    	.debug
000006F9 2E 00 73 00        		.dw '.stabn 0x44,0,38,',0,0
         74 00 61 00
         62 00 6E 00
         20 00 30 00
         78 00 34 00
         34 00 2C 00
         30 00 2C 00
         33 00 38 00
         2C 00 00 00
         00 00      
0000070C 46 00 00 00        		.dd LM15-_MeatureTemp
0000070E 0D 00 0A 00        		.dw 0x0d,0x0a
0000964E                    	.code
                            	LM15:
0000964E 05 93              		R1=BP	// QImode move
0000964F 0D 05 02 00        		R2=BP+2
00009651 02 97              		R3=R2	// QImode move
00009652 C3 92              		R1=[R3]	// QImode move
00009653 19 D3 3D 02        		[_tep]=R1	// QImode move
00000710                    	.debug
00000710 2E 00 73 00        		.dw '.stabn 0x44,0,39,',0,0
         74 00 61 00
         62 00 6E 00
         20 00 30 00
         78 00 34 00
         34 00 2C 00
         30 00 2C 00
         33 00 39 00
         2C 00 00 00
         00 00      
00000723 4D 00 00 00        		.dd LM16-_MeatureTemp
00000725 0D 00 0A 00        		.dw 0x0d,0x0a
00009655                    	.code
                            	LM16:
                            	LBE3:
                            	L4:
00000727                    	.debug
00000727 2E 00 73 00        		.dw '.stabn 0x44,0,40,',0,0
         74 00 61 00
         62 00 6E 00
         20 00 30 00
         78 00 34 00
         34 00 2C 00
         30 00 2C 00
         34 00 30 00
         2C 00 00 00
         00 00      
0000073A 4D 00 00 00        		.dd LM17-_MeatureTemp
0000073C 0D 00 0A 00        		.dw 0x0d,0x0a
00009655                    	.code
                            	LM17:
                            	LBE2:
0000073E                    	.debug
0000073E 2E 00 73 00        		.dw '.stabn 0x44,0,40,',0,0
         74 00 61 00
         62 00 6E 00
         20 00 30 00
         78 00 34 00
         34 00 2C 00
         30 00 2C 00
         34 00 30 00
         2C 00 00 00
         00 00      
00000751 4D 00 00 00        		.dd LM18-_MeatureTemp
00000753 0D 00 0A 00        		.dw 0x0d,0x0a
00009655                    	.code
                            	LM18:
                            	L3:
                            	
00009655 45 00              		sp+=5
00009656 88 98              		pop bp from [sp]
00009657 90 9A              		retf
                            		.endp	// end of MeatureTemp
                            	
00000755                    	.debug
00000755 2E 00 73 00        		.dw '.stabn 0xc0,0,0,',0,0
         74 00 61 00
         62 00 6E 00
         20 00 30 00
         78 00 63 00
         30 00 2C 00
         30 00 2C 00
         30 00 2C 00
         00 00 00 00
00000767 07 00 00 00        		.dd LBB2-_MeatureTemp
00000769 0D 00 0A 00        		.dw 0x0d,0x0a
00009658                    	.code
0000076B                    	.debug
0000076B 2E 00 73 00        		.dw '.stabn 0xc0,0,0,',0,0
         74 00 61 00
         62 00 6E 00
         20 00 30 00
         78 00 63 00
         30 00 2C 00
         30 00 2C 00
         30 00 2C 00
         00 00 00 00
0000077D 0D 00 00 00        		.dd LBB3-_MeatureTemp
0000077F 0D 00 0A 00        		.dw 0x0d,0x0a
00009658                    	.code
00000781                    	.debug
00000781 2E 00 73 00        		.dw '.stabs "temperature:12",128,0,0,0',0x0d,0x0a
         74 00 61 00
         62 00 73 00
         20 00 22 00
         74 00 65 00
         6D 00 70 00
         65 00 72 00
         61 00 74 00
         75 00 72 00
         65 00 3A 00
         31 00 32 00
         22 00 2C 00
         31 00 32 00
         38 00 2C 00
         30 00 2C 00
         30 00 2C 00
         30 00 0D 00
         0A 00      
00009658                    	.CODE
000007A4                    	.debug
000007A4 2E 00 73 00        		.dw '.stabs "shownum:1",128,0,0,2',0x0d,0x0a
         74 00 61 00
         62 00 73 00
         20 00 22 00
         73 00 68 00
         6F 00 77 00
         6E 00 75 00
         6D 00 3A 00
         31 00 22 00
         2C 00 31 00
         32 00 38 00
         2C 00 30 00
         2C 00 30 00
         2C 00 32 00
         0D 00 0A 00
00009658                    	.CODE
000007C2                    	.debug
000007C2 2E 00 73 00        		.dw '.stabn 0xe0,0,0,',0,0
         74 00 61 00
         62 00 6E 00
         20 00 30 00
         78 00 65 00
         30 00 2C 00
         30 00 2C 00
         30 00 2C 00
         00 00 00 00
000007D4 4D 00 00 00        		.dd LBE3-_MeatureTemp
000007D6 0D 00 0A 00        		.dw 0x0d,0x0a
00009658                    	.code
000007D8                    	.debug
000007D8 2E 00 73 00        		.dw '.stabn 0xe0,0,0,',0,0
         74 00 61 00
         62 00 6E 00
         20 00 30 00
         78 00 65 00
         30 00 2C 00
         30 00 2C 00
         30 00 2C 00
         00 00 00 00
000007EA 4D 00 00 00        		.dd LBE2-_MeatureTemp
000007EC 0D 00 0A 00        		.dw 0x0d,0x0a
00009658                    	.code
000007EE                    	.debug
000007EE 2E 00 73 00        		.dw '.stabf ',0,0
         74 00 61 00
         62 00 66 00
         20 00 00 00
         00 00      
000007F7 50 00 00 00        		.dd LME2-_MeatureTemp
000007F9 0D 00 0A 00        		.dw 0x0d,0x0a
00009658                    	.code
                            	LME2:
00009658                    	.code
000007FB                    	.debug
000007FB 2E 00 73 00        		.dw '.stabs "main:F19",36,0,0,',0,0,offset _main,seg _main,0x0d,0x0a
         74 00 61 00
         62 00 73 00
         20 00 22 00
         6D 00 61 00
         69 00 6E 00
         3A 00 46 00
         31 00 39 00
         22 00 2C 00
         33 00 36 00
         2C 00 30 00
         2C 00 30 00
         2C 00 00 00
         00 00 5F 00
         00 00 0D 00
         0A 00      
00009658                    	.CODE
                            	.public _main
                            	_main:	.proc
0000081A                    	.debug
0000081A 2E 00 73 00        		.dw '.stabn 0x44,0,42,',0,0
         74 00 61 00
         62 00 6E 00
         20 00 30 00
         78 00 34 00
         34 00 2C 00
         30 00 2C 00
         34 00 32 00
         2C 00 00 00
         00 00      
0000082D 00 00 00 00        		.dd LM19-_main
0000082F 0D 00 0A 00        		.dw 0x0d,0x0a
00009658                    	.code
                            	LM19:
                            		// total=1, vars=1
                            		// frame_pointer_needed: 1
00009658 88 DA              		push bp to [sp]
00009659 41 20              		sp-=1
0000965A 08 0B 01 00        		bp=sp+1
                            	
0000965C 0D 03 04 00        		R1=BP+4
0000965E C5 D2              		[BP]=R1	// QImode move
00000831                    	.debug
00000831 2E 00 73 00        		.dw '.stabn 0x44,0,43,',0,0
         74 00 61 00
         62 00 6E 00
         20 00 30 00
         78 00 34 00
         34 00 2C 00
         30 00 2C 00
         34 00 33 00
         2C 00 00 00
         00 00      
00000844 07 00 00 00        		.dd LM20-_main
00000846 0D 00 0A 00        		.dw 0x0d,0x0a
0000965F                    	.code
                            	LM20:
0000965F 09 93 98 00        		R1=152	// QImode move
00009661 19 D3 13 70        		[28691]=R1	// QImode move
00000848                    	.debug
00000848 2E 00 73 00        		.dw '.stabn 0x44,0,44,',0,0
         74 00 61 00
         62 00 6E 00
         20 00 30 00
         78 00 34 00
         34 00 2C 00
         30 00 2C 00
         34 00 34 00
         2C 00 00 00
         00 00      
0000085B 0B 00 00 00        		.dd LM21-_main
0000085D 0D 00 0A 00        		.dw 0x0d,0x0a
00009663                    	.code
                            	LM21:
00009663 09 93 64 00        		R1=100	// QImode move
00009665 C8 D2              		[SP--]=R1	// QImode move
00009666 40 F0 C3 8E        		call _DelayTime	// call without return value
00009668 41 00              		SP = SP + 1	//SP
0000085F                    	.debug
0000085F 2E 00 73 00        		.dw '.stabn 0x44,0,46,',0,0
         74 00 61 00
         62 00 6E 00
         20 00 30 00
         78 00 34 00
         34 00 2C 00
         30 00 2C 00
         34 00 36 00
         2C 00 00 00
         00 00      
00000872 11 00 00 00        		.dd LM22-_main
00000874 0D 00 0A 00        		.dw 0x0d,0x0a
00009669                    	.code
                            	LM22:
00009669 40 F0 F9 95        		call _isrInit	// call without return value
00000876                    	.debug
00000876 2E 00 73 00        		.dw '.stabn 0x44,0,47,',0,0
         74 00 61 00
         62 00 6E 00
         20 00 30 00
         78 00 34 00
         34 00 2C 00
         30 00 2C 00
         34 00 37 00
         2C 00 00 00
         00 00      
00000889 13 00 00 00        		.dd LM23-_main
0000088B 0D 00 0A 00        		.dw 0x0d,0x0a
0000966B                    	.code
                            	LM23:
0000966B 40 F0 E6 8A        		call _disp_Init	// call without return value
0000088D                    	.debug
0000088D 2E 00 73 00        		.dw '.stabn 0x44,0,48,',0,0
         74 00 61 00
         62 00 6E 00
         20 00 30 00
         78 00 34 00
         34 00 2C 00
         30 00 2C 00
         34 00 38 00
         2C 00 00 00
         00 00      
000008A0 15 00 00 00        		.dd LM24-_main
000008A2 0D 00 0A 00        		.dw 0x0d,0x0a
0000966D                    	.code
                            	LM24:
0000966D 40 F0 F1 94        		call _ADInit	// call without return value
000008A4                    	.debug
000008A4 2E 00 73 00        		.dw '.stabn 0x44,0,49,',0,0
         74 00 61 00
         62 00 6E 00
         20 00 30 00
         78 00 34 00
         34 00 2C 00
         30 00 2C 00
         34 00 39 00
         2C 00 00 00
         00 00      
000008B7 17 00 00 00        		.dd LM25-_main
000008B9 0D 00 0A 00        		.dw 0x0d,0x0a
0000966F                    	.code
                            	LM25:
                            	L7:
0000966F 12 95 00 70        		R2=[28672]	// QImode move
00009671 0A B3 0F 00        		R1=R2&15
00009673 4F 42              		CMP R1,15	// QImode compare
00009674 04 5E 01 EE        		NSJZ L9	//QImode EQ
         00 EE      
00009677 0F 9F 80 96        		pc=L8	// Indirect jump
                            	L9:
000008BB                    	.debug
000008BB 2E 00 73 00        		.dw '.stabn 0x44,0,51,',0,0
         74 00 61 00
         62 00 6E 00
         20 00 30 00
         78 00 34 00
         34 00 2C 00
         30 00 2C 00
         35 00 31 00
         2C 00 00 00
         00 00      
000008CE 21 00 00 00        		.dd LM26-_main
000008D0 0D 00 0A 00        		.dw 0x0d,0x0a
00009679                    	.code
                            	LM26:
00009679 40 F0 AE 8E        		call _disp_ID	// call without return value
000008D2                    	.debug
000008D2 2E 00 73 00        		.dw '.stabn 0x44,0,52,',0,0
         74 00 61 00
         62 00 6E 00
         20 00 30 00
         78 00 34 00
         34 00 2C 00
         30 00 2C 00
         35 00 32 00
         2C 00 00 00
         00 00      
000008E5 23 00 00 00        		.dd LM27-_main
000008E7 0D 00 0A 00        		.dw 0x0d,0x0a
0000967B                    	.code
                            	LM27:
0000967B 41 92              		R1=1	// QImode move
0000967C 19 D3 12 70        		[28690]=R1	// QImode move
000008E9                    	.debug
000008E9 2E 00 73 00        		.dw '.stabn 0x44,0,53,',0,0
         74 00 61 00
         62 00 6E 00
         20 00 30 00
         78 00 34 00
         34 00 2C 00
         30 00 2C 00
         35 00 33 00
         2C 00 00 00
         00 00      
000008FC 26 00 00 00        		.dd LM28-_main
000008FE 0D 00 0A 00        		.dw 0x0d,0x0a
0000967E                    	.code
                            	LM28:
0000967E 0F 9F 6F 96        		pc=L7	// Indirect jump
                            	L8:
00000900                    	.debug
00000900 2E 00 73 00        		.dw '.stabn 0x44,0,54,',0,0
         74 00 61 00
         62 00 6E 00
         20 00 30 00
         78 00 34 00
         34 00 2C 00
         30 00 2C 00
         35 00 34 00
         2C 00 00 00
         00 00      
00000913 28 00 00 00        		.dd LM29-_main
00000915 0D 00 0A 00        		.dw 0x0d,0x0a
00009680                    	.code
                            	LM29:
00009680 09 93 64 00        		R1=100	// QImode move
00009682 C8 D2              		[SP--]=R1	// QImode move
00009683 40 F0 C3 8E        		call _DelayTime	// call without return value
00009685 41 00              		SP = SP + 1	//SP
00000917                    	.debug
00000917 2E 00 73 00        		.dw '.stabn 0x44,0,55,',0,0
         74 00 61 00
         62 00 6E 00
         20 00 30 00
         78 00 34 00
         34 00 2C 00
         30 00 2C 00
         35 00 35 00
         2C 00 00 00
         00 00      
0000092A 2E 00 00 00        		.dd LM30-_main
0000092C 0D 00 0A 00        		.dw 0x0d,0x0a
00009686                    	.code
                            	LM30:
                            	L10:
00009686 12 95 00 70        		R2=[28672]	// QImode move
00009688 0A B3 0F 00        		R1=R2&15
0000968A 4F 42              		CMP R1,15	// QImode compare
0000968B 04 4E 01 EE        		NSJNZ L12	//QImode NE
         00 EE      
0000968E 0F 9F 95 96        		pc=L11	// Indirect jump
                            	L12:
0000092E                    	.debug
0000092E 2E 00 73 00        		.dw '.stabn 0x44,0,56,',0,0
         74 00 61 00
         62 00 6E 00
         20 00 30 00
         78 00 34 00
         34 00 2C 00
         30 00 2C 00
         35 00 36 00
         2C 00 00 00
         00 00      
00000941 38 00 00 00        		.dd LM31-_main
00000943 0D 00 0A 00        		.dw 0x0d,0x0a
00009690                    	.code
                            	LM31:
00009690 41 92              		R1=1	// QImode move
00009691 19 D3 12 70        		[28690]=R1	// QImode move
00009693 0F 9F 86 96        		pc=L10	// Indirect jump
                            	L11:
00000945                    	.debug
00000945 2E 00 73 00        		.dw '.stabn 0x44,0,57,',0,0
         74 00 61 00
         62 00 6E 00
         20 00 30 00
         78 00 34 00
         34 00 2C 00
         30 00 2C 00
         35 00 37 00
         2C 00 00 00
         00 00      
00000958 3D 00 00 00        		.dd LM32-_main
0000095A 0D 00 0A 00        		.dw 0x0d,0x0a
00009695                    	.code
                            	LM32:
                            	L13:
00009695 0F 9F 99 96        		pc=L15	// Indirect jump
00009697 0F 9F CC 96        		pc=L14	// Indirect jump
                            	L15:
0000095C                    	.debug
0000095C 2E 00 73 00        		.dw '.stabn 0x44,0,59,',0,0
         74 00 61 00
         62 00 6E 00
         20 00 30 00
         78 00 34 00
         34 00 2C 00
         30 00 2C 00
         35 00 39 00
         2C 00 00 00
         00 00      
0000096F 41 00 00 00        		.dd LM33-_main
00000971 0D 00 0A 00        		.dw 0x0d,0x0a
00009699                    	.code
                            	LM33:
00009699 40 F0 7F 8F        		call _ModeSel	// call without return value
00000973                    	.debug
00000973 2E 00 73 00        		.dw '.stabn 0x44,0,60,',0,0
         74 00 61 00
         62 00 6E 00
         20 00 30 00
         78 00 34 00
         34 00 2C 00
         30 00 2C 00
         36 00 30 00
         2C 00 00 00
         00 00      
00000986 43 00 00 00        		.dd LM34-_main
00000988 0D 00 0A 00        		.dw 0x0d,0x0a
0000969B                    	.code
                            	LM34:
0000969B 40 F0 02 8F        		call _clock	// call without return value
0000098A                    	.debug
0000098A 2E 00 73 00        		.dw '.stabn 0x44,0,61,',0,0
         74 00 61 00
         62 00 6E 00
         20 00 30 00
         78 00 34 00
         34 00 2C 00
         30 00 2C 00
         36 00 31 00
         2C 00 00 00
         00 00      
0000099D 45 00 00 00        		.dd LM35-_main
0000099F 0D 00 0A 00        		.dw 0x0d,0x0a
0000969D                    	.code
                            	LM35:
0000969D 40 F0 08 96        		call _MeatureTemp	// call without return value
000009A1                    	.debug
000009A1 2E 00 73 00        		.dw '.stabn 0x44,0,62,',0,0
         74 00 61 00
         62 00 6E 00
         20 00 30 00
         78 00 34 00
         34 00 2C 00
         30 00 2C 00
         36 00 32 00
         2C 00 00 00
         00 00      
000009B4 47 00 00 00        		.dd LM36-_main
000009B6 0D 00 0A 00        		.dw 0x0d,0x0a
0000969F                    	.code
                            	LM36:
0000969F 11 93 49 02        		R1=[_nflag]	// QImode move
000096A1 40 42              		CMP R1,0	// QImode test
000096A2 13 4E 01 EE        		NSJNZ L16	//QImode NE
         00 EE      
000009B8                    	.debug
000009B8 2E 00 73 00        		.dw '.stabn 0x44,0,63,',0,0
         74 00 61 00
         62 00 6E 00
         20 00 30 00
         78 00 34 00
         34 00 2C 00
         30 00 2C 00
         36 00 33 00
         2C 00 00 00
         00 00      
000009CB 4D 00 00 00        		.dd LM37-_main
000009CD 0D 00 0A 00        		.dw 0x0d,0x0a
000096A5                    	.code
                            	LM37:
000096A5 11 93 39 02        		R1=[_sec]	// QImode move
000096A7 C8 D2              		[SP--]=R1	// QImode move
000096A8 11 93 38 02        		R1=[_min]	// QImode move
000096AA C8 D2              		[SP--]=R1	// QImode move
000096AB 11 93 37 02        		R1=[_hour]	// QImode move
000096AD C8 D2              		[SP--]=R1	// QImode move
000096AE 11 93 3D 02        		R1=[_tep]	// QImode move
000096B0 C8 D2              		[SP--]=R1	// QImode move
000096B1 40 F0 0D 8B        		call _disp	// call without return value
000096B3 44 00              		SP = SP + 4	//SP
000096B4 0F 9F C5 96        		pc=L17	// Indirect jump
                            	L16:
000009CF                    	.debug
000009CF 2E 00 73 00        		.dw '.stabn 0x44,0,66,',0,0
         74 00 61 00
         62 00 6E 00
         20 00 30 00
         78 00 34 00
         34 00 2C 00
         30 00 2C 00
         36 00 36 00
         2C 00 00 00
         00 00      
000009E2 5E 00 00 00        		.dd LM38-_main
000009E4 0D 00 0A 00        		.dw 0x0d,0x0a
000096B6                    	.code
                            	LM38:
000096B6 11 93 39 02        		R1=[_sec]	// QImode move
000096B8 C8 D2              		[SP--]=R1	// QImode move
000096B9 11 93 3B 02        		R1=[_nmin]	// QImode move
000096BB C8 D2              		[SP--]=R1	// QImode move
000096BC 11 93 3A 02        		R1=[_nhour]	// QImode move
000096BE C8 D2              		[SP--]=R1	// QImode move
000096BF 11 93 3D 02        		R1=[_tep]	// QImode move
000096C1 C8 D2              		[SP--]=R1	// QImode move
000096C2 40 F0 0D 8B        		call _disp	// call without return value
000096C4 44 00              		SP = SP + 4	//SP
                            	L17:
000009E6                    	.debug
000009E6 2E 00 73 00        		.dw '.stabn 0x44,0,68,',0,0
         74 00 61 00
         62 00 6E 00
         20 00 30 00
         78 00 34 00
         34 00 2C 00
         30 00 2C 00
         36 00 38 00
         2C 00 00 00
         00 00      
000009F9 6D 00 00 00        		.dd LM39-_main
000009FB 0D 00 0A 00        		.dw 0x0d,0x0a
000096C5                    	.code
                            	LM39:
000096C5 40 F0 44 91        		call _nclock	// call without return value
000009FD                    	.debug
000009FD 2E 00 73 00        		.dw '.stabn 0x44,0,69,',0,0
         74 00 61 00
         62 00 6E 00
         20 00 30 00
         78 00 34 00
         34 00 2C 00
         30 00 2C 00
         36 00 39 00
         2C 00 00 00
         00 00      
00000A10 6F 00 00 00        		.dd LM40-_main
00000A12 0D 00 0A 00        		.dw 0x0d,0x0a
000096C7                    	.code
                            	LM40:
000096C7 41 92              		R1=1	// QImode move
000096C8 19 D3 12 70        		[28690]=R1	// QImode move
00000A14                    	.debug
00000A14 2E 00 73 00        		.dw '.stabn 0x44,0,70,',0,0
         74 00 61 00
         62 00 6E 00
         20 00 30 00
         78 00 34 00
         34 00 2C 00
         30 00 2C 00
         37 00 30 00
         2C 00 00 00
         00 00      
00000A27 72 00 00 00        		.dd LM41-_main
00000A29 0D 00 0A 00        		.dw 0x0d,0x0a
000096CA                    	.code
                            	LM41:
000096CA 0F 9F 95 96        		pc=L13	// Indirect jump
                            	L14:
00000A2B                    	.debug
00000A2B 2E 00 73 00        		.dw '.stabn 0x44,0,73,',0,0
         74 00 61 00
         62 00 6E 00
         20 00 30 00
         78 00 34 00
         34 00 2C 00
         30 00 2C 00
         37 00 33 00
         2C 00 00 00
         00 00      
00000A3E 74 00 00 00        		.dd LM42-_main
00000A40 0D 00 0A 00        		.dw 0x0d,0x0a
000096CC                    	.code
                            	LM42:
00000A42                    	.debug
00000A42 2E 00 73 00        		.dw '.stabn 0x44,0,73,',0,0
         74 00 61 00
         62 00 6E 00
         20 00 30 00
         78 00 34 00
         34 00 2C 00
         30 00 2C 00
         37 00 33 00
         2C 00 00 00
         00 00      
00000A55 74 00 00 00        		.dd LM43-_main
00000A57 0D 00 0A 00        		.dw 0x0d,0x0a
000096CC                    	.code
                            	LM43:
                            	L6:
                            	
000096CC 41 00              		sp+=1
000096CD 88 98              		pop bp from [sp]
000096CE 90 9A              		retf
                            		.endp	// end of main
                            	
00000A59                    	.debug
00000A59 2E 00 73 00        		.dw '.stabf ',0,0
         74 00 61 00
         62 00 66 00
         20 00 00 00
         00 00      
00000A62 77 00 00 00        		.dd LME3-_main
00000A64 0D 00 0A 00        		.dw 0x0d,0x0a
000096CF                    	.code
                            	LME3:
                            	.external _nclock
                            	.external _disp
                            	.external _nflag
                            	.external _clock
                            	.external _ModeSel
                            	.external _disp_ID
                            	.external _ADInit
                            	.external _disp_Init
                            	.external _DelayTime
                            	.external _ADtoVoltage
                            	.external __cvf2i1
                            	.external __divf2
                            	.external __subf2
                            	.external __mulf2
                            		.end
0 error(s), 0 warning(s).




