Sunplus u'nSP Assembler - Ver. 1.14.12
              Listing File Has Been Relocated
                            	
                            	// Resource Table
                            	// Created by IDE, Do not modify this table
                            	
00008026                    	.TEXT
                            	.public _RES_Table;
                            	.external __RES_MZ_48K_sa
                            	.public _RES_MZ_48K_SA;
                            	.external __RES_MZ_48K_ea;
                            	.public _RES_MZ_48K_EA;
                            	.external __RES_QJ_48K_sa
                            	.public _RES_QJ_48K_SA;
                            	.external __RES_QJ_48K_ea;
                            	.public _RES_QJ_48K_EA;
                            	.external __RES_DC_48K_sa
                            	.public _RES_DC_48K_SA;
                            	.external __RES_DC_48K_ea;
                            	.public _RES_DC_48K_EA;
                            	.external __RES_ZG_48K_sa
                            	.public _RES_ZG_48K_SA;
                            	.external __RES_ZG_48K_ea;
                            	.public _RES_ZG_48K_EA;
                            	.external __RES_YG_48K_sa
                            	.public _RES_YG_48K_SA;
                            	.external __RES_YG_48K_ea;
                            	.public _RES_YG_48K_EA;
                            	.external __RES_YE_48K_sa
                            	.public _RES_YE_48K_SA;
                            	.external __RES_YE_48K_ea;
                            	.public _RES_YE_48K_EA;
                            	.external __RES_YB_48K_sa
                            	.public _RES_YB_48K_SA;
                            	.external __RES_YB_48K_ea;
                            	.public _RES_YB_48K_EA;
                            	.external __RES_MY_48K_sa
                            	.public _RES_MY_48K_SA;
                            	.external __RES_MY_48K_ea;
                            	.public _RES_MY_48K_EA;
                            	.external __RES_AY_48K_sa
                            	.public _RES_AY_48K_SA;
                            	.external __RES_AY_48K_ea;
                            	.public _RES_AY_48K_EA;
                            	.external __RES_JX_48K_sa
                            	.public _RES_JX_48K_SA;
                            	.external __RES_JX_48K_ea;
                            	.public _RES_JX_48K_EA;
                            	.external __RES_GJG_48K_sa
                            	.public _RES_GJG_48K_SA;
                            	.external __RES_GJG_48K_ea;
                            	.public _RES_GJG_48K_EA;
                            	
                            	
                            	_RES_Table:
                            	
                            	_RES_MZ_48K_SA:
00008026 5E B5 00 00        		.DW offset __RES_MZ_48K_sa,seg __RES_MZ_48K_sa;
                            	_RES_MZ_48K_EA:
00008028 50 B7 00 00        		.DW offset __RES_MZ_48K_ea,seg __RES_MZ_48K_ea;
                            	
                            	_RES_QJ_48K_SA:
0000802A 2A BC 00 00        		.DW offset __RES_QJ_48K_sa,seg __RES_QJ_48K_sa;
                            	_RES_QJ_48K_EA:
0000802C 17 BD 00 00        		.DW offset __RES_QJ_48K_ea,seg __RES_QJ_48K_ea;
                            	
                            	_RES_DC_48K_SA:
0000802E 39 B9 00 00        		.DW offset __RES_DC_48K_sa,seg __RES_DC_48K_sa;
                            	_RES_DC_48K_EA:
00008030 22 BB 00 00        		.DW offset __RES_DC_48K_ea,seg __RES_DC_48K_ea;
                            	
                            	_RES_ZG_48K_SA:
00008032 FB BD 00 00        		.DW offset __RES_ZG_48K_sa,seg __RES_ZG_48K_sa;
                            	_RES_ZG_48K_EA:
00008034 D6 BE 00 00        		.DW offset __RES_ZG_48K_ea,seg __RES_ZG_48K_ea;
                            	
                            	_RES_YG_48K_SA:
00008036 17 BD 00 00        		.DW offset __RES_YG_48K_sa,seg __RES_YG_48K_sa;
                            	_RES_YG_48K_EA:
00008038 FB BD 00 00        		.DW offset __RES_YG_48K_ea,seg __RES_YG_48K_ea;
                            	
                            	_RES_YE_48K_SA:
0000803A D6 BE 00 00        		.DW offset __RES_YE_48K_sa,seg __RES_YE_48K_sa;
                            	_RES_YE_48K_EA:
0000803C A8 BF 00 00        		.DW offset __RES_YE_48K_ea,seg __RES_YE_48K_ea;
                            	
                            	_RES_YB_48K_SA:
0000803E 50 B7 00 00        		.DW offset __RES_YB_48K_sa,seg __RES_YB_48K_sa;
                            	_RES_YB_48K_EA:
00008040 39 B9 00 00        		.DW offset __RES_YB_48K_ea,seg __RES_YB_48K_ea;
                            	
                            	_RES_MY_48K_SA:
00008042 C6 B0 00 00        		.DW offset __RES_MY_48K_sa,seg __RES_MY_48K_sa;
                            	_RES_MY_48K_EA:
00008044 6C B3 00 00        		.DW offset __RES_MY_48K_ea,seg __RES_MY_48K_ea;
                            	
                            	_RES_AY_48K_SA:
00008046 6C B3 00 00        		.DW offset __RES_AY_48K_sa,seg __RES_AY_48K_sa;
                            	_RES_AY_48K_EA:
00008048 5E B5 00 00        		.DW offset __RES_AY_48K_ea,seg __RES_AY_48K_ea;
                            	
                            	_RES_JX_48K_SA:
0000804A EE AC 00 00        		.DW offset __RES_JX_48K_sa,seg __RES_JX_48K_sa;
                            	_RES_JX_48K_EA:
0000804C C6 B0 00 00        		.DW offset __RES_JX_48K_ea,seg __RES_JX_48K_ea;
                            	
                            	_RES_GJG_48K_SA:
0000804E 22 BB 00 00        		.DW offset __RES_GJG_48K_sa,seg __RES_GJG_48K_sa;
                            	_RES_GJG_48K_EA:
00008050 2A BC 00 00        		.DW offset __RES_GJG_48K_ea,seg __RES_GJG_48K_ea;
                            	
                            	
                            	// End Table
                            	.public T_SACM_S480_SpeechTable
                            	T_SACM_S480_SpeechTable:
00008052 26 80              		.dw _RES_MZ_48K_SA
00008053 2A 80              		.dw _RES_QJ_48K_SA
00008054 2E 80              		.dw _RES_DC_48K_SA
00008055 32 80              		.dw _RES_ZG_48K_SA
00008056 36 80              		.dw _RES_YG_48K_SA
00008057 3A 80              		.dw _RES_YE_48K_SA
00008058 3E 80              		.dw _RES_YB_48K_SA
00008059 42 80              		.dw _RES_MY_48K_SA
                            		
0000805A 46 80              		.dw _RES_AY_48K_SA
0000805B 4A 80              		.dw _RES_JX_48K_SA
0000805C 4E 80              		.dw _RES_GJG_48K_SA
0 error(s), 0 warning(s).

