Sunplus u'nSP Assembler - Ver. 1.14.3.1
              Listing File Has Been Relocated
                            	//========================================================================================
                            	// Progarm: Standard function definition
                            	// Writen by: Andy
                            	// Modifiyed: by Arthur Shieh
                            	//
                            	// Lastest modified date: 
                            	// 		2000/06/23: first version
                            	//		2000/07/15: modified
                            	//		2000/07/24: modified					for sacmv25.lib
                            	//		2001/10/03: Add more public about queue for sacmv25f.lib
                            	// 		2001/11/05: Independent Queue for A2000/S480/MS01 Manual Mode - sacmv25h.lib
                            	//		2001/11/06: Fix volume parameter problem - sacmv25i.lib
                            	//      2002/05/26: Modified the length of C_QueueSize to 144 for DVR usage
                            	//      2005/10/20: Modified for SACMV26e.lib    by Xinqiang Zhang
                            	//
                            	// For: sacmV26e.lib
                            	//
                            	// Note: 
                            	//  1. Don't change this file if possible.
                            	//  2. Update hardware.inc with hardware.asm synchorously
                            	//	3. Provide Open code for sacmV26e.lib
                            	//
                            	//========================================================================================
                            	
                            	.PUBLIC	F_SP_RampUpDAC1
                            	.PUBLIC	F_SP_RampDnDAC1
                            	.PUBLIC	F_SP_RampUpDAC2
                            	.PUBLIC	F_SP_RampDnDAC2
                            	.PUBLIC	_SP_RampUpDAC1 
                            	.PUBLIC	_SP_RampDnDAC1 
                            	.PUBLIC	_SP_RampUpDAC2 
                            	.PUBLIC	_SP_RampDnDAC2 
                            	
                            	.PUBLIC	_SP_InitQueue
                            	.PUBLIC	_SP_InitQueue_A2000
                            	.PUBLIC	_SP_InitQueue_S480
                            	.PUBLIC	_SP_InitQueue_S240
                            	.PUBLIC	_SP_InitQueue_MS01
                            	.PUBLIC	_SP_InitQueue_DVR
                            	
                            	.PUBLIC	F_SP_InitQueue
                            	.PUBLIC	F_SP_InitQueue_A2000
                            	.PUBLIC	F_SP_InitQueue_S480
                            	.PUBLIC	F_SP_InitQueue_S240
                            	.PUBLIC	F_SP_InitQueue_MS01
                            	.PUBLIC	F_SP_InitQueue_DVR
                            	
                            	.PUBLIC	F_SP_ReadQueue
                            	.PUBLIC F_SP_ReadQueue_A2000
                            	.PUBLIC F_SP_ReadQueue_S480
                            	.PUBLIC F_SP_ReadQueue_S240
                            	.PUBLIC F_SP_ReadQueue_MS01
                            	.PUBLIC F_SP_ReadQueue_DVR
                            	
                            	.PUBLIC	F_SP_ReadQueue_NIC			// Read Queue with no index change
                            	.PUBLIC	F_SP_ReadQueue_NIC_A2000
                            	.PUBLIC	F_SP_ReadQueue_NIC_S480
                            	.PUBLIC	F_SP_ReadQueue_NIC_S240
                            	.PUBLIC	F_SP_ReadQueue_NIC_MS01
                            	.PUBLIC	F_SP_ReadQueue_NIC_DVR
                            	
                            	.PUBLIC	F_SP_WriteQueue
                            	.PUBLIC F_SP_WriteQueue_A2000
                            	.PUBLIC F_SP_WriteQueue_S480
                            	.PUBLIC F_SP_WriteQueue_S240
                            	.PUBLIC F_SP_WriteQueue_MS01
                            	.PUBLIC F_SP_WriteQueue_DVR
                            	
                            	.PUBLIC F_SP_TestQueue
                            	.PUBLIC F_SP_TestQueue_A2000
                            	.PUBLIC F_SP_TestQueue_S480
                            	.PUBLIC F_SP_TestQueue_S240
                            	.PUBLIC F_SP_TestQueue_MS01
                            	.PUBLIC F_SP_TestQueue_DVR
                            	
                            	.PUBLIC _SP_Export  
                            	.PUBLIC	_SP_Import 
                            	.PUBLIC _SP_Init_IOB 
                            	.PUBLIC _SP_Init_IOA 
                            	
                            	.PUBLIC	_SP_GetResource	
                            	.PUBLIC F_SP_GetResource
                            	
                            	.PUBLIC F_SP_SACM_A2000_Init_
                            	.PUBLIC F_SP_SACM_S480_Init_
                            	.PUBLIC F_SP_SACM_S240_Init_
                            	
                            	.PUBLIC F_SP_SACM_MS01_Init_
                            	.PUBLIC F_SP_PlayMode0_
                            	.PUBLIC F_SP_PlayMode1_    
                            	.PUBLIC F_SP_PlayMode2_  
                            	.PUBLIC F_SP_PlayMode3_   
                            	
                            	.PUBLIC F_SP_SACM_DVR_Init_
                            	.PUBLIC F_SP_SACM_DVR_Rec_Init_
                            	.PUBLIC F_SP_SACM_DVR_Play_Init_
                            	
                            	
                            	//////////////////////////////////////////////////////////////////
                            	// Definitions for I/O Port
                            	//////////////////////////////////////////////////////////////////
                            	.DEFINE	P_IOA_Data   		0x7000         // Write Data into data register and read from IOA pad
                            	.DEFINE P_IOA_Buffer        0x7001         // Write Data into buffer register and read from buffer register
                            	.DEFINE P_IOA_Dir           0x7002         // Direction vector for IOA
                            	.DEFINE P_IOA_Attrib        0x7003         // Attribute vector for IOA
                            	.DEFINE P_IOA_Latch         0x7004         // Latch PortA data for key change wake-up
                            	
                            	.DEFINE P_IOB_Data         	0x7005         // Write Data into the data register and read from IOB pad
                            	.DEFINE P_IOB_Buffer        0x7006         // Write Data into buffer register and read from buffer register
                            	.DEFINE P_IOB_Dir           0x7007         // Direction vector for IOB
                            	.DEFINE P_IOB_Attrib        0x7008         // Attribute vector for IOB
                            	
                            	.DEFINE P_FeedBack          0x7009         // Clock form external R,C
                            	.DEFINE P_TimerA_Data       0x700A         // Data port for TimerA 
                            	.DEFINE P_TimerA_Ctrl       0x700B         // Control Port for TimerA
                            	.DEFINE P_TimerB_Data       0x700C         // Data port for TimerB
                            	.DEFINE P_TimerB_Ctrl       0x700D         // Control Port for TimerB
                            	.DEFINE P_TimeBase_Setup    0x700E         // TimerBase Freq. Set
                            	.DEFINE P_TimeBase_Clear	0x700F 		   // Reset Timerbase counter
                            	.DEFINE P_INT_Ctrl          0x7010         // Control port for interrupt source
                            	.DEFINE P_INT_Clear         0x7011         // Clear interrupt source
                            	.DEFINE P_Watchdog_Clear    0x7012         // Watchdog Reset
                            	.DEFINE P_SystemClock       0x7013         // Change system clock frequency(include go to standby mode)
                            	
                            	//... PA6442 New version MC52A (For EC-03)....
                            	.DEFINE P_ADC 	        	0x7014         	// Data Port for AD
                            	.DEFINE P_ADC_Ctrl          0x7015         	// Control Port for AD control
                            	.DEFINE P_ADC_Status        0x7015         	// AD Port Status
                            	.DEFINE P_DAC2              0x7016         	// Data Port for DAC2
                            	.DEFINE P_PWM               0x7016         	// Data Port for PWM
                            	.DEFINE P_DAC1	        	0x7017         	// Data Port for DAC1
                            	.DEFINE P_DAC_Ctrl			0x702A 			// Control Port for two DAC and audio output mode
                            	//............................................
                            	
                            	.DEFINE P_IR_Ctrl			0x7018 			// Control Port for IR
                            	.DEFINE P_LVD_Ctrl          0x7019         	// Control Port for LVD
                            	.DEFINE P_SIO_Data			0x701A 			// Data port for serial IO
                            	.DEFINE P_SIO_Addr_Low		0x701B 			// Address Port low
                            	.DEFINE P_SIO_Addr_Mid		0x701C 			// Address Port middle
                            	.DEFINE P_SIO_Addr_High	 	0x701D 			// Address Port high
                            	.DEFINE P_SIO_Ctrl			0x701E 			// Control Port
                            	.DEFINE P_SIO_Start			0x701F 			// Start port for serial interface
                            	.DEFINE P_SIO_Stop			0x7020 			// Stop port for serial interface
                            	
                            	.DEFINE P_UART_Command1		 0x7021 		// Command1 Port for UART
                            	.DEFINE P_UART_Command2		 0x7022 		// Command2 Port for UART
                            	.DEFINE P_UART_Data			 0x7023  		// Data Port for UART
                            	.DEFINE	P_UART_BaudScalarLow 0x7024 		// Set Baud Rate scalar low
                            	.DEFINE	P_UART_BaudScalarHigh 0x7025 		// Set Baud Rate scalar high
                            	
                            	
                            	//... Definitions for P_INT_Ctrl ..............
                            	.DEFINE C_IRQ6_TMB2             0x0001         	// Timer B IRQ6
                            	.DEFINE C_IRQ6_TMB1             0x0002         	// Timer A IRQ6
                            	.DEFINE C_IRQ5_2Hz              0x0004         	// 2Hz IRQ5
                            	.DEFINE C_IRQ5_4Hz              0x0008         	// 4Hz IRQ5
                            	.DEFINE C_IRQ4_1KHz             0x0010         	// 1024Hz IRQ4
                            	.DEFINE C_IRQ4_2KHz             0x0020         	// 2048Hz IRQ4
                            	.DEFINE C_IRQ4_4KHz             0x0040         	// 4096Hz IRQ4
                            	.DEFINE C_IRQ3_KEY              0x0080         	// Key Change IRQ3
                            	.DEFINE C_IRQ3_EXT1             0x0100         	// Ext1 IRQ3
                            	.DEFINE C_IRQ3_EXT2             0x0200         	// Ext2 IRQ3
                            	.DEFINE C_IRQ2_TMB              0x0400         	// Timer B IRQ2
                            	.DEFINE C_FIQ_TMB               0x0800         	// Timer B FIQ
                            	.DEFINE C_IRQ1_TMA              0x1000         	// Timer A IRQ1
                            	.DEFINE C_FIQ_TMA               0x2000         	// Timer A FIQ
                            	.DEFINE C_IRQ0_PWM              0x4000         	// PWM IRQ0
                            	.DEFINE C_FIQ_PWM               0x8000         	// PWM FIQ
                            	
                            	// Definitions for P_TimerA/B_Ctrl ............                               
                            	.DEFINE	C_Fosc_2				0x0000 			// 
                            	.DEFINE	C_Fosc_256		    	0x0001 			//
                            	.DEFINE	C_32768Hz				0x0002 			//
                            	.DEFINE	C_8192Hz				0x0003 			//
                            	.DEFINE	C_4096Hz				0x0004 			//
                            	.DEFINE	C_A1					0x0005 			//
                            	.DEFINE C_A0					0x0006 			//
                            	.DEFINE C_Ext1					0x0007 			//
                            	
                            	.DEFINE	C_2048Hz				0x0000 			//
                            	.DEFINE	C_1024Hz				0x0008 			//
                            	.DEFINE	C_256Hz					0x0010 			//
                            	.DEFINE	C_TMB1Hz				0x0018 			//
                            	.DEFINE	C_4Hz					0x0020 			//
                            	.DEFINE	C_2Hz					0x0028 			//
                            	.DEFINE	C_B1					0x0030 			//
                            	.DEFINE	C_Ext2					0x0038 			//
                            	
                            	.DEFINE	C_Off					0x0000 			//
                            	.DEFINE C_D1					0x0040 			//
                            	.DEFINE C_D2					0x0080 			//
                            	.DEFINE C_D3					0x00C0 			//
                            	.DEFINE C_D4					0x0100 			//
                            	.DEFINE C_D5					0x0140 			//
                            	.DEFINE C_D6					0x0180 			//
                            	.DEFINE C_D7					0x01C0 			//
                            	.DEFINE C_D8					0x0200 			//
                            	.DEFINE C_D9					0x0240 			//
                            	.DEFINE C_D10					0x0280 			//
                            	.DEFINE C_D11					0x02C0 			//
                            	.DEFINE C_D12					0x0300 			//
                            	.DEFINE C_D13					0x0340 			//
                            	.DEFINE C_D14					0x0380 			//
                            	.DEFINE C_TA_Div_2				0x03C0 			// Timer A
                            	.DEFINE C_TB_Div_2				0x03C0 			// Timer B
                            	
                            	//... Definition for P_SystemClock ............
                            	.DEFINE C_Fosc					0x0000 			// b3..b0
                            	.DEFINE C_Fosc_Div_2			0x0001 			//
                            	.DEFINE C_Fosc_Div_4			0x0002 			//
                            	.DEFINE C_Fosc_Div_8			0x0003 			// (default)
                            	.DEFINE C_Fosc_Div_16			0x0004 			//
                            	.DEFINE C_Fosc_Div_32			0x0005 			//
                            	.DEFINE C_Fosc_Div_64			0x0006 			//
                            	.DEFINE C_Sleep					0x0007 		 	//
                            	
                            	.DEFINE	C_32K_Work				0x0000 			// b4
                            	.DEFINE C_32K_Off				0x0000 			// 
                            	.DEFINE C_StrongMode			0x0000 			// b5
                            	.DEFINE C_AutoMode				0x0000 			//
                            	
                            	//... Define for P_AD_Ctrl ....................
                            	.DEFINE	C_AD					0x0001 			//
                            	.DEFINE C_DA					0x0000 			//
                            	.DEFINE C_MIC					0x0000 			//
                            	.DEFINE C_LINE					0x0002 			//
                            	
                            	//... Define for P_DA_Ctrl ....................
                            	.DEFINE C_PushPull				0x0000 			// b0, (default) 
                            	.DEFINE C_DoubleEnd				0x0001 			// b0
                            	.DEFINE	C_DAC_Mode				0x0000 			// b1, (default)
                            	.DEFINE C_PWM_Mode				0x0002 			// b1
                            	
                            	.DEFINE	C_D1_Direct				0x0000 			// DAC1 latch
                            	.DEFINE C_D1_LatchA				0x0008 			// 
                            	.DEFINE C_D1_LatchB				0x0010 			//
                            	.DEFINE C_D1_LatchAB			0x0018 			//
                            	
                            	.DEFINE	C_D2_Direct				0x0000 			// DAC2 latch
                            	.DEFINE C_D2_LatchA				0x0020 			// 
                            	.DEFINE C_D2_LatchB				0x0040 			//
                            	.DEFINE C_D2_LatchAB			0x00C0 			//
                            	
                            	//... Define for P_LVD_Ctrl ...................
                            	.DEFINE C_LVD24V				0x0000 			// LVD = 2.4V 
                            	.DEFINE C_LVD28V				0x0001 			// LVD = 2.8V
                            	.DEFINE C_LVD32V				0x0002 			// LVD = 3.2V
                            	.DEFINE C_LVD36V				0x0003 			// LVD = 3.6V
                            	
                            	
                            	
                            	/////////////////////////////////////////////////////////////////
                            	// Note: This register map to the P_INT_Ctrl(0x7010)
                            	// 	User's interrupt setting have to combine with this register 
                            	//	while co-work with SACM library.
                            	//
                            	//  See. following function for example:
                            	//	F_SP_SACM_A2000_Init_:
                            	//	F_SP_SACM_S480_Init_:
                            	//	F_SP_SACM_S240_Init_:
                            	//	F_SP_SACM_MS01_Init_:
                            	//	F_SP_SACM_DVR_Init_: 
                            	//////////////////////////////////////////////////
00000247                    	.IRAM
                            	.PUBLIC	R_InterruptStatus 
00000247 00 00              	.VAR	R_InterruptStatus = 0 					// 
                            	
                            	//////////////////////////////////////////////////
                            	
                            	.DEFINE C_RampDelayTime 32
                            	.DEFINE C_QueueSize 144
                            			
00000248 00 00              	.VAR 	R_Queue 
00000249 00 00 00 00        	.DW		C_QueueSize-1	DUP(0) 
         00 00 00 00
         00 00 00 00
         00 00 00 00
         00 00 00 00
         00 00 00 00
         00 00 00 00
         00 00 00 00
         00 00 00 00
         00 00 00 00
         00 00 00 00
         00 00 00 00
         00 00 00 00
         00 00 00 00
         00 00 00 00
         00 00 00 00
         00 00 00 00
         00 00 00 00
         00 00 00 00
         00 00 00 00
         00 00 00 00
         00 00 00 00
         00 00 00 00
         00 00 00 00
         00 00 00 00
         00 00 00 00
         00 00 00 00
         00 00 00 00
         00 00 00 00
         00 00 00 00
         00 00 00 00
         00 00 00 00
         00 00 00 00
         00 00 00 00
         00 00 00 00
         00 00 00 00
         00 00 00 00
         00 00 00 00
         00 00 00 00
         00 00 00 00
         00 00 00 00
         00 00 00 00
         00 00 00 00
         00 00 00 00
         00 00 00 00
         00 00 00 00
         00 00 00 00
         00 00 00 00
         00 00 00 00
         00 00 00 00
         00 00 00 00
         00 00 00 00
         00 00 00 00
         00 00 00 00
         00 00 00 00
         00 00 00 00
         00 00 00 00
         00 00 00 00
         00 00 00 00
         00 00 00 00
         00 00 00 00
         00 00 00 00
         00 00 00 00
         00 00 00 00
         00 00 00 00
         00 00 00 00
         00 00 00 00
         00 00 00 00
         00 00 00 00
         00 00 00 00
         00 00 00 00
         00 00      
000002D8 00 00              	.VAR	R_ReadIndex 
000002D9 00 00              	.VAR	R_WriteIndex 
                            	
000094C0                    	.CODE
                            	
                            					
                            	
                            	///////////////////////////////////////////
                            	// Function: Initial Queue
                            	// Destory: R1,r2
                            	///////////////////////////////////////////	
                            	_SP_InitQueue:	.PROC
                            	_SP_InitQueue_A2000:
                            	_SP_InitQueue_S480:
                            	_SP_InitQueue_S240:
                            	_SP_InitQueue_MS01:
                            	_SP_InitQueue_DVR:
                            	
                            	F_SP_InitQueue_A2000:
                            	F_SP_InitQueue_S480:
                            	F_SP_InitQueue_S240:
                            	F_SP_InitQueue_MS01:
                            	F_SP_InitQueue_DVR:
                            	F_SP_InitQueue:
000094C0 09 93 48 02        			r1 = R_Queue
000094C2 40 94              			r2 = 0 
                            	L_ClearQueueLoop?:		
000094C3 D1 D4              			[r1++] = r2
000094C4 09 43 D8 02        			cmp	r1, R_Queue+C_QueueSize
000094C6 44 4E              			jne	L_ClearQueueLoop?
                            				
000094C7 40 92              			r1 = 0
000094C8 19 D3 D8 02        			[R_ReadIndex] = r1
000094CA 19 D3 D9 02        			[R_WriteIndex] = r1
                            					
000094CC 90 9A              			RETF
                            			.ENDP
                            			
                            	///////////////////////////////////////////
                            	// Function: Get a data form Queue
                            	// Output:  R1: Data
                            	//			R2: return value
                            	// Destory: R1,R2
                            	///////////////////////////////////////////	
                            	F_SP_ReadQueue_A2000:
                            	F_SP_ReadQueue_S480:
                            	F_SP_ReadQueue_S240:
                            	F_SP_ReadQueue_MS01:
                            	F_SP_ReadQueue_DVR:
                            	F_SP_ReadQueue:
000094CD 12 95 D8 02        			r2 = [R_ReadIndex]
000094CF 12 45 D9 02        			cmp r2,[R_WriteIndex]
000094D1 0D 5E              			je	L_RQ_QueueEmpty
                            	
000094D2 0A 05 48 02        			r2 += R_Queue				// get queue data address
000094D4 C2 92              			r1 = [r2]
                            			
000094D5 12 95 D8 02        			r2 = [R_ReadIndex]
000094D7 41 04              			r2 += 1
000094D8 0A 45 90 00        			cmp	r2, C_QueueSize
000094DA 01 4E              			jne	L_RQ_NotQueueBottom
000094DB 40 94              			r2 = 0
                            	L_RQ_NotQueueBottom:	
000094DC 1A D5 D8 02        			[R_ReadIndex] = r2		
                            			//r2 = 0x0000 						// get queue data
000094DE 90 9A              			retf 
                            	L_RQ_QueueEmpty:
                            			//r2 = 0x8000 						// queue empty
000094DF 90 9A              			retf 
                            	
                            	///////////////////////////////////////////
                            	// Function: Get a data from Queue but do 
                            	//			not change queue index
                            	// R1: output
                            	// Destory: R1,R2
                            	///////////////////////////////////////////
                            	F_SP_ReadQueue_NIC:
                            	F_SP_ReadQueue_NIC_A2000:
                            	F_SP_ReadQueue_NIC_S480:
                            	F_SP_ReadQueue_NIC_S240:
                            	F_SP_ReadQueue_NIC_MS01:
                            	F_SP_ReadQueue_NIC_DVR:
000094E0 12 95 D8 02        			r2 = [R_ReadIndex]
000094E2 12 45 D9 02        			cmp r2,[R_WriteIndex]
000094E4 03 5E              			je	L_RQ_QueueEmpty?
                            	
000094E5 0A 05 48 02        			r2 += R_Queue				// get queue data index
000094E7 C2 92              			r1 = [r2]
                            	L_RQ_QueueEmpty?:
000094E8 90 9A              			RETF
                            			
                            	///////////////////////////////////////////
                            	// Function: Put a data to Queue
                            	// R1: Input
                            	// Destory: R1,R2
                            	///////////////////////////////////////////	
                            	F_SP_WriteQueue_A2000:
                            	F_SP_WriteQueue_S480:
                            	F_SP_WriteQueue_S240:
                            	F_SP_WriteQueue_MS01:
                            	F_SP_WriteQueue_DVR:
                            	F_SP_WriteQueue:
000094E9 12 95 D9 02        			r2 = [R_WriteIndex] 			// put data to queue
000094EB 0A 05 48 02        			r2 += R_Queue
000094ED C2 D2              			[r2] = r1
                            	
000094EE 12 95 D9 02        			r2 = [R_WriteIndex]
000094F0 41 04              			r2 += 1
000094F1 0A 45 90 00        			cmp	r2, C_QueueSize
000094F3 01 4E              			jne	L_WQ_NotQueueBottom
000094F4 40 94              			r2 = 0
                            	L_WQ_NotQueueBottom:
000094F5 1A D5 D9 02        			[R_WriteIndex] = r2
000094F7 90 9A              			RETF
                            	
                            			
                            	///////////////////////////////////////////
                            	// Function: Test Queue Status
                            	// o/p: R1
                            	// Destory: R1
                            	///////////////////////////////////////////	
                            	F_SP_TestQueue_A2000:
                            	F_SP_TestQueue_S480:
                            	F_SP_TestQueue_S240:
                            	F_SP_TestQueue_MS01:
                            	F_SP_TestQueue_DVR:
                            	F_SP_TestQueue:
                            			//... Test Queue Empty ...
000094F8 11 93 D8 02        			r1 = [R_ReadIndex] 
000094FA 11 43 D9 02        			cmp r1,[R_WriteIndex] 
000094FC 12 5E              			je	L_TQ_QueueEmpty 
                            	
                            			//... Test Queue Full ...
000094FD 11 93 D8 02        			r1 = [R_ReadIndex] 				// For N Queue Full: 1.R=0 and W=N-1 2. R<>0 and W=R-1 
000094FF 05 4E              			jnz	L_TQ_JudgeCond2 
00009500 11 93 D9 02        			r1 = [R_WriteIndex] 
00009502 09 43 8F 00        			cmp	r1, C_QueueSize-1 			// Cond1
00009504 08 5E              			je	L_TQ_QueueFull 			
                            	L_TQ_JudgeCond2:		
00009505 11 93 D8 02        			r1 = [R_ReadIndex] 
00009507 41 22              			r1 -=1 
00009508 11 43 D9 02        			cmp r1,[R_WriteIndex] 
0000950A 02 5E              			je	L_TQ_QueueFull 	
                            	
0000950B 40 92              			r1 = 0 							// not Full, not empty
0000950C 90 9A              			retf 
                            	L_TQ_QueueFull:
0000950D 41 92              			r1 = 1 							// full
0000950E 90 9A              			retf 
                            	L_TQ_QueueEmpty:
0000950F 42 92              			r1 = 2 							// empty
00009510 90 9A              			retf 
                            	
                            	
                            	
                            	
                            	
                            	///////////////////////////////////////////////////////////////////////////////
                            	// Function: The partial code of hardware setting of SACM_A2000_Initial() 
                            	//			or F_SACM_A2000_Initial:
                            	// Note: The following functions are the partial code of original
                            	//			initial subroutine. (H/W setting part) 
                            	//
                            	//	Ex: F_SACM_A2000_Initial:
                            	//			...
                            	//			call F_SP_SACM_A2000_Init_	: S480/S240/MS01 is same
                            	//			...
                            	//			retf
                            	////////////////////////////////////////////////////////////////////////////////
                            	F_SP_SACM_A2000_Init_:	
00009511 40 92              			r1=0x0000;                      // 24MHz, Fcpu=Fosc
00009512 19 D3 13 70        	        [P_SystemClock]=r1           	//  Frequency 20MHz
00009514 70 92              	        r1 = 0x0030                     // TimerA CKA=Fosc/2 CKB=1 Tout:off
00009515 19 D3 0B 70        	        [P_TimerA_Ctrl] = r1			// Initial Timer A
00009517 09 93 00 FD        	        r1 = 0xfd00                  	// 16K
00009519 19 D3 0A 70        	        [P_TimerA_Data] = r1 
0000951B 09 93 A8 00        	        r1 = 0x00A8                     // Set the DAC Ctrl
0000951D 19 D3 2A 70        	        [P_DAC_Ctrl] = r1
0000951F 09 93 FF FF        	        r1 = 0xffff
                            	        
00009521 19 D3 11 70        	        [P_INT_Clear] = r1          	// Clear interrupt occuiped events
00009523 40 92              	        r1 =0x0000						// 
                            	        
                            	        
00009524 11 93 47 02        	        r1 = [R_InterruptStatus]		//
00009526 09 A3 00 20        	        r1 |= C_FIQ_TMA					// Enable Timer A FIQ
                            	        //R1 |= C_IRQ4_1KHz
00009528 19 D3 47 02        	        [R_InterruptStatus] = r1		//
0000952A 19 D3 10 70        	        [P_INT_Ctrl] = r1				//
                            	
0000952C 90 9A              			RETF
                            	
                            	
                            	//////////////////////////////////////////////////////////////////
                            	// Function: The partial code of hardware setting of SACM_S480_Initial() 
                            	//			or F_SACM_S480_Initial:
                            	//////////////////////////////////////////////////////////////////
                            	F_SP_SACM_S480_Init_:
0000952D 40 92              	        r1 = 0x0000						// 24MHz Fosc
0000952E 19 D3 13 70        	        [P_SystemClock]=r1          	// Initial System Clock
00009530 70 92              	        r1=0x0030                       // TimerA CKA=Fosc/2 CKB=1 Tout:off
00009531 19 D3 0B 70        	        [P_TimerA_Ctrl]=r1				// Initial Timer A
                            	        //R1 = 0xfd00                  	// 16K
00009533 09 93 ED FC        	        r1 = 0xfced						// 15.625K
00009535 19 D3 0A 70        	        [P_TimerA_Data]=r1
00009537 09 93 A8 00        	        r1 = 0x00A8						// 
00009539 19 D3 2A 70        	        [P_DAC_Ctrl] = r1				//
                            	        
0000953B 09 93 FF FF        	        r1 = 0xffff
0000953D 19 D3 11 70        	        [P_INT_Clear] = r1          	// Clear interrupt occuiped events
0000953F 11 93 47 02        	        R1 = [R_InterruptStatus]		//
00009541 09 A3 00 20        	        r1 |= C_FIQ_TMA					// Enable Timer A FIQ
                            	        //R1 |= C_IRQ4_1KHz				// Enable 1KHz IRQ4 for S480 decoder
00009543 19 D3 47 02        	        [R_InterruptStatus] = r1		//
00009545 19 D3 10 70        	        [P_INT_Ctrl] = r1				//
                            	        
00009547 90 9A              	        RETF
                            	
                            	//////////////////////////////////////////////////////////////////
                            	// Function: The partial code of hardware setting of SACM_S240_Initial() 
                            	//			or F_SACM_S240_Initial:
                            	//////////////////////////////////////////////////////////////////
                            	F_SP_SACM_S240_Init_:	
00009548 60 92              			r1=0x0020;	
00009549 19 D3 13 70        			[P_SystemClock]=r1
0000954B 09 93 A8 00        			r1 = 0x00A8;					// 
0000954D 19 D3 2A 70        			[P_DAC_Ctrl]= r1
0000954F 70 92              			r1 = 0x0030;               	// TimerA CKA=Fosc/2 CKB=1 Tout:off
00009550 19 D3 0B 70        	        [P_TimerA_Ctrl] = r1;
00009552 09 93 00 FE        			r1 = 0xfe00;                    // 24K
00009554 19 D3 0A 70        	    	[P_TimerA_Data] = r1;		
00009556 09 93 FF FF        	        r1 = 0xffff
00009558 19 D3 11 70        	        [P_INT_Clear] = r1          	// Clear interrupt occuiped events
0000955A 11 93 47 02        	        r1 = [R_InterruptStatus]		//
0000955C 09 A3 00 20        	        r1 |= C_FIQ_TMA					// Enable Timer A FIQ
0000955E 19 D3 47 02        	        [R_InterruptStatus] = r1		//
00009560 19 D3 10 70        	        [P_INT_Ctrl] = r1				//
00009562 90 9A              	        RETF
                            	
                            	//////////////////////////////////////////////////////////////////
                            	// Function: The partial code of hardware setting of SACM_MS01_Initial() 
                            	//			or F_SACM_MS01_Initial:
                            	//
                            	//	Ex: F_SACM_MS01_Initial:
                            	//			...
                            	//			call F_SP_SACM_MS01_Init_
                            	//			call F_SP_Play_Mode0/1/2/3	->0,1,2,3 depending on the para1
                            	//			...
                            	//			retf
                            	//////////////////////////////////////////////////////////////////
                            	F_SP_SACM_MS01_Init_:	
00009563 40 92              			r1 = 0x0000;                    // 24MHz, Fcpu=Fosc
00009564 19 D3 13 70        	        [P_SystemClock] = r1;        	// Initial System Clock
00009566 70 92              	        r1 = 0x0030;                    // TimerA CKA=Fosc/2 CKB=1 Tout:off
00009567 19 D3 0B 70        	        [P_TimerA_Ctrl] = r1			// Initial Timer A
                            	        
                            	        //R1 = 0x0003						// 8K
00009569 40 92              	        r1 = 0x0000						// Fosc/2
0000956A 19 D3 0D 70        	        [P_TimerB_Ctrl] = r1;			// Initial Timer B -> 8192	
                            	        
                            	        //R1 = 0xFFFF        
0000956C 09 93 00 FA        	        r1 = 0xFA00					// Any time for ADPCM channel 0,1
0000956E 19 D3 0C 70        	        [P_TimerB_Data] = r1			// 8K sample rate
                            	        
00009570 09 93 FF FF        			r1 = 0xffff
00009572 19 D3 11 70        	        [P_INT_Clear] = r1          	// Clear interrupt occuiped events
00009574 90 9A              	        RETF
                            	
                            	//........................................
                            	F_SP_PlayMode0_:						// with F_SP_SACM_MS01_Initial
00009575 46 92              			r1 = 0x0006
00009576 19 D3 2A 70        	        [P_DAC_Ctrl] = r1
00009578 09 93 00 FE        	        r1 = 0xFE00
0000957A 19 D3 0A 70        	        [P_TimerA_Data] = r1 			//
0000957C 11 93 47 02        	        r1 = [R_InterruptStatus] 		//
0000957E 09 A3 10 84        	        r1 |= C_FIQ_PWM+C_IRQ2_TMB+C_IRQ4_1KHz
00009580 19 D3 47 02        	        [R_InterruptStatus] = r1 		//
00009582 19 D3 10 70        	        [P_INT_Ctrl] = r1				//
00009584 90 9A              	        RETF
                            	
                            	F_SP_PlayMode1_:						// with F_SP_SACM_MS01_Initial
00009585 09 93 A8 00        			r1 = 0x00A8
00009587 19 D3 2A 70        	        [P_DAC_Ctrl] = r1
00009589 09 93 00 FE        	        r1 = 0xFE00
0000958B 19 D3 0A 70        	        [P_TimerA_Data] = r1 			//
0000958D 11 93 47 02        	        r1 = [R_InterruptStatus] 		//
0000958F 09 A3 10 24        	        r1 |= C_FIQ_TMA+C_IRQ2_TMB+C_IRQ4_1KHz
00009591 19 D3 47 02        	        [R_InterruptStatus] = r1 		//
00009593 19 D3 10 70        	        [P_INT_Ctrl] = r1				//
00009595 90 9A              	        RETF
                            	
                            	
                            	F_SP_PlayMode2_:	 						// with F_SP_SACM_MS01_Initial
00009596 09 93 A8 00        			r1 = 0x00A8
00009598 19 D3 2A 70        	        [P_DAC_Ctrl] = r1
0000959A 09 93 9A FD        	        r1 = 0xFD9A
0000959C 19 D3 0A 70        	        [P_TimerA_Data] = r1 				//
0000959E 11 93 47 02        	        r1 = [R_InterruptStatus] 			//
000095A0 09 A3 10 24        	        r1 |= C_FIQ_TMA+C_IRQ2_TMB+C_IRQ4_1KHz
000095A2 19 D3 47 02        	        [R_InterruptStatus] = r1 			//
000095A4 19 D3 10 70        	        [P_INT_Ctrl] = r1					//
000095A6 90 9A              	        RETF
                            	
                            	      
                            	F_SP_PlayMode3_:								// with F_SP_SACM_MS01_Initial
000095A7 09 93 A8 00        			r1 = 0x00A8
000095A9 19 D3 2A 70        	        [P_DAC_Ctrl] = r1
000095AB 09 93 00 FD        	        r1 = 0xFD00
000095AD 19 D3 0A 70        	        [P_TimerA_Data] = r1 					//
000095AF 11 93 47 02        	        r1 = [R_InterruptStatus] 				//
000095B1 09 A3 10 24        	        r1 |= C_FIQ_TMA+C_IRQ2_TMB+C_IRQ4_1KHz
000095B3 19 D3 47 02        		    [R_InterruptStatus] = r1 				//
000095B5 19 D3 10 70        	        [P_INT_Ctrl] = r1						//
000095B7 90 9A              	        RETF
                            	        
                            	///////////////////////////////////////////////////////////////////////////////
                            	// Function: The partial code of hardware setting of SACM_MS01_Initial() 
                            	//			or F_SACM_MS01_Initial:
                            	//
                            	//	Ex: F_SACM_DVR_Initial:
                            	//			...
                            	//			call F_SP_SACM_DVR_Init_
                            	//			call F_SP_Play_Mode0/1/2/3	->0,1,2,3 depending on the para1
                            	//			...
                            	//			retf
                            	//	Ex1:
                            	//		F_SACM_DVR_Record: (or F_SACM_DVR_InitEncoder)
                            	//			...
                            	//			call F_SP_SACM_DVR_Rec_Init
                            	//			...
                            	//			retf
                            	//	Ex2:
                            	//		F_SACM_DVR_Play: (or F_SACM_DVR_InitDecoder)
                            	//			...
                            	//			call F_SP_SACM_DVR_Play_Init_
                            	//			...
                            	//			retf
                            	///////////////////////////////////////////////////////////////////////////////
                            	F_SP_SACM_DVR_Init_:
000095B8 40 92              	        r1 = 0x0000;                    // 24MHz, Fcpu=Fosc
000095B9 19 D3 13 70        	        [P_SystemClock] = r1;           //  Frequency 20MHz
000095BB 70 92              	        r1 = 0x0030;                    // TimerA CKA=Fosc/2 CKB=1 Tout:off
000095BC 19 D3 0B 70        	        [P_TimerA_Ctrl] = r1;
000095BE 09 93 00 FA        	        r1 = 0xfa00;                    // 8K @ 24.576MHz
                            	        //r1 = 0xfb1d;                  // 8K @ 20MHz
000095C0 19 D3 0A 70        	        [P_TimerA_Data] = r1;
000095C2 75 92              	        r1 = 0x0035;                    // ADINI should be open (107)
000095C3 19 D3 15 70        	        [P_ADC_Ctrl] = r1;
000095C5 09 93 A8 00        	        r1 = 0x00A8;                    // Set the DA Ctrl
000095C7 19 D3 2A 70        	        [P_DAC_Ctrl] = r1;
                            	        
000095C9 09 93 FF FF        	        r1 = 0xffff;
000095CB 19 D3 11 70        	        [P_INT_Clear] = r1;          	// Clear interrupt occuiped events
                            	        
000095CD 11 93 47 02        	        r1 = [R_InterruptStatus]		//
000095CF 09 A3 00 20        	        r1 |= C_FIQ_TMA					// Enable Timer A FIQ
000095D1 19 D3 47 02        	        [R_InterruptStatus] = r1		//
000095D3 19 D3 10 70        	        [P_INT_Ctrl] = r1				//
                            	        
000095D5 90 9A              	        RETF
                            	
                            	
                            	
                            	F_SP_SACM_DVR_Rec_Init_:					// call by SACM_DVR_Record / SACM_DVR_InitEncoder
000095D6 75 92              			r1 = 0x0035;  					//mic input
                            	        //r1 = 0x0037					//line_in input
000095D7 19 D3 15 70        	        [P_ADC_Ctrl] = r1;       		//enable ADC
                            	        
000095D9 09 93 00 FE        	        r1=0xfe00;                     	//24K @ 24.576MHz
000095DB 19 D3 0A 70        	        [P_TimerA_Data] = r1 
000095DD 90 9A              			RETF
                            	
                            	F_SP_SACM_DVR_Play_Init_:
000095DE 40 92              		    r1 = 0x0000						// call by SACM_DVR_Stop / SACM_DVR_Play
000095DF 19 D3 15 70        	        [P_ADC_Ctrl] = r1;       		// Disable ADC
                            	        
000095E1 09 93 00 FD        	        r1 = 0xfd00;                	// 16K @ 24.576MHz
000095E3 19 D3 0A 70        	        [P_TimerA_Data] = r1;
000095E5 90 9A              	        RETF
                            	
                            	
                            	
                            	
                            	/////////////////////////////////////////////////////////////////////////////// 
                            	// Function: Extra Functions provided by Sunplus
                            	//	Type:	
                            	//		1. DAC Ramp up/down
                            	//		2. IO config/import/export
                            	//		3. Get resource data
                            	//
                            	//
                            	///////////////////////////////////////////////////////////////////////////////
                            	
                            	////////////////////////////////////////////////////////
                            	// Function: Ramp Up/Down to avoid speaker "pow" noise
                            	// Destory: R1,R2
                            	////////////////////////////////////////////////////////
                            	_SP_RampUpDAC1:	.PROC
                            	F_SP_RampUpDAC1:
000095E6 90 D4              			push r1,r2 to [sp] 
000095E7 11 93 17 70        	        r1=[P_DAC1] 
000095E9 09 B3 C0 FF        	        r1 &= ~0x003f 
000095EB 09 43 00 80        	        cmp     r1,0x8000
000095ED 0E 0E              	        jb     	L_RU_NormalUp
000095EE 19 5E              	        je      L_RU_End
                            	                
                            	L_RU_DownLoop:
000095EF 40 F0 52 96        	        call    F_Delay         
000095F1 41 94              	        r2 = 0x0001 
000095F2 1A D5 12 70        	        [P_Watchdog_Clear] = r2 
000095F4 09 23 40 00        	        r1 -= 0x40 
000095F6 19 D3 17 70        	        [P_DAC1] = r1 
000095F8 09 43 00 80        	        cmp     r1,0x8000 
000095FA 4C 4E              	        jne     L_RU_DownLoop   
                            	L_RD_DownEnd:
000095FB 0C EE              	        jmp     L_RU_End 
                            	
                            	L_RU_NormalUp:
                            	L_RU_Loop:
000095FC 40 F0 52 96        	        call    F_Delay 
000095FE 41 94              	        r2 = 0x0001 
000095FF 1A D5 12 70        	        [P_Watchdog_Clear] = r2 
00009601 09 03 40 00        	        r1 += 0x40 
00009603 19 D3 17 70        	        [P_DAC1] = r1 
00009605 09 43 00 80        	        cmp     r1, 0x8000 
00009607 4C 4E              	        jne     L_RU_Loop 
                            	L_RU_End:
00009608 90 90              			pop     r1,r2 from [sp] 
00009609 90 9A              	  		retf 
                            	    	.ENDP
                            	    
                            	//............................................................
                            	_SP_RampDnDAC1:	.PROC
                            	F_SP_RampDnDAC1:
0000960A 90 D4              			push r1,r2 to [sp] 
                            	  		//int off 
0000960B 11 93 17 70        	    	r1 = [P_DAC1] 
0000960D 09 B3 C0 FF        	     	r1 &= ~0x003F 
0000960F 0A 5E              	      	jz      L_RD_End 
                            	L_RD_Loop:                
00009610 40 F0 52 96        	        call    F_Delay         
00009612 41 94              	        r2 = 0x0001 
00009613 1A D5 12 70        	        [P_Watchdog_Clear] = r2 
00009615 09 23 40 00        	        r1 -= 0x40 
00009617 19 D3 17 70        	        [P_DAC1] = r1   
00009619 4A 4E              	        jnz     L_RD_Loop 
                            	L_RD_End:       
                            			//int	fiq,irq
0000961A 90 90              	        pop     r1,r2 from [sp] 
0000961B 90 9A              	        retf 
                            			.ENDP
                            	
                            	//..............................................................
                            	_SP_RampUpDAC2:	.PROC
                            	F_SP_RampUpDAC2:
0000961C 90 D4              			push r1,r2 to [sp] 
0000961D 11 93 16 70        	  		r1=[P_DAC2] 
0000961F 09 B3 C0 FF        	    	r1 &= ~0x003f 
00009621 09 43 00 80        	     	cmp     r1,0x8000
00009623 0E 0E              	      	jb     	L_RU_NormalUp_   
00009624 5D 5E              	       	je      L_RU_End 
                            	                
                            	L_RU_DownLoop_:
00009625 40 F0 52 96        	        call    F_Delay         
00009627 41 94              	        r2 = 0x0001 
00009628 1A D5 12 70        	        [P_Watchdog_Clear] = r2 
0000962A 09 23 40 00        	        r1 -= 0x40 
0000962C 19 D3 16 70        	        [P_DAC2] = r1 
0000962E 09 43 00 80        	        cmp     r1,0x8000 
00009630 4C 4E              	        jne     L_RU_DownLoop_   
                            	L_RD_DownEnd_:
00009631 0C EE              	        jmp     L_RU_End_ 
                            	
                            	L_RU_NormalUp_:
                            	L_RU_Loop_:
00009632 40 F0 52 96        			call    F_Delay 
00009634 41 94              	  		r2 = 0x0001 
00009635 1A D5 12 70        	    	[P_Watchdog_Clear] = r2 
00009637 09 03 40 00        	        r1 += 0x40 
00009639 19 D3 16 70        	        [P_DAC2] = r1 
0000963B 09 43 00 80        	        cmp     r1, 0x8000 
0000963D 4C 4E              	        jne     L_RU_Loop_ 
                            	L_RU_End_:
0000963E 90 90              	   		pop     r1,r2 from [sp] 
0000963F 90 9A              	     	retf 
                            	      	.ENDP
                            	//.............................................................
                            	_SP_RampDnDAC2:	.PROC
                            	F_SP_RampDnDAC2:
                            			//int off 
00009640 90 D4              			push r1,r2 to [sp] 
                            	                
00009641 11 93 16 70        	        r1 = [P_DAC2] 
00009643 09 B3 C0 FF        	        r1 &= ~0x003F 
00009645 0A 5E              	        jz      L_RD_End_ 
                            	L_RD_Loop_:                
00009646 40 F0 52 96        	        call    F_Delay         
00009648 41 94              	        r2 = 0x0001 
00009649 1A D5 12 70        	        [P_Watchdog_Clear] = r2 
0000964B 09 23 40 00        	        r1 -= 0x40 
0000964D 19 D3 16 70        	        [P_DAC2] = r1   
0000964F 4A 4E              	        jnz     L_RD_Loop_ 
                            	L_RD_End_:       
00009650 90 90              	        pop     r1,r2 from [sp] 
00009651 90 9A              	        retf 
                            			.ENDP
                            	
                            	//..................................................................				
                            	F_Delay:
00009652 88 D2              	        push r1 to [sp] 
00009653 60 92              	        r1 = C_RampDelayTime			// Ramp Up/Dn delay per step
                            	L_D_Loop:
00009654 41 22              	        r1 -= 1 
00009655 42 4E              	        jnz     L_D_Loop  
00009656 88 90              	        pop     r1 from [sp] 
00009657 90 9A              	        RETF	 
                            	
                            	
                            	
                            	////////////////////////////////////////////////////////////////
                            	// Function: I/O Port A configuration
                            	// 	void SP_Inti_IOA(int Dir, int Data, int Attrib)
                            	////////////////////////////////////////////////////////////////
                            	_SP_Init_IOA: .PROC
00009658 88 DA              			PUSH bp TO [sp] 
00009659 08 0B 01 00        	        bp = sp + 1 
0000965B 88 D2              			PUSH r1 TO [sp] 
0000965C 03 92              			r1 = [bp+3] 						// Port direction
0000965D 19 D3 02 70        			[P_IOA_Dir] = r1 
0000965F 04 92              			r1 = [bp+4] 
00009660 19 D3 00 70        			[P_IOA_Data] = r1 
00009662 05 92              			r1 = [bp+5] 
00009663 19 D3 03 70        			[P_IOA_Attrib] = r1 
                            			
00009665 88 90              			POP r1 FROM [sp] 
00009666 88 98              	        POP bp FROM [sp] 
00009667 90 9A              	        RETF 
                            			.ENDP
                            	
                            	////////////////////////////////////////////////////////////////// 
                            	// Function: I/O Port B configuration
                            	//  void SP_Inti_IOB(int Dir, int Data, int Attrib)
                            	//////////////////////////////////////////////////////////////////    
                            	_SP_Init_IOB: .PROC
00009668 88 DA              			PUSH bp TO [sp] 
00009669 08 0B 01 00        	        bp = sp + 1 
0000966B 88 D2              			PUSH r1 TO [sp] 
0000966C 03 92              			r1 = [bp+3] 						// Port direction
0000966D 19 D3 07 70        			[P_IOB_Dir] = r1 
0000966F 04 92              			r1 = [bp+4] 
00009670 19 D3 05 70        			[P_IOB_Data] = r1 
00009672 05 92              			r1 = [bp+5] 
00009673 19 D3 08 70        			[P_IOB_Attrib] = r1 
                            			
00009675 88 90              			POP r1 FROM [sp] 
00009676 88 98              	        POP bp FROM [sp] 
00009677 90 9A              	        RETF 
                            			.ENDP
                            	
                            	////////////////////////////////////////////////////////////////// 
                            	// Function: Get data from port
                            	// 	int SP_Import(unsigned int Port)
                            	//////////////////////////////////////////////////////////////////  
                            	_SP_Import: .PROC
00009678 88 DA              	        PUSH bp TO [sp] 
00009679 08 0B 01 00        	        bp = sp + 1 
                            	        
0000967B 03 92              			r1 = [bp+3]  						// Port Number
0000967C C1 92              			r1 = [r1]  
                            					
0000967D 88 98              	        POP bp FROM [sp] 
0000967E 90 9A              	        RETF 
                            			.ENDP
                            	
                            	_SP_Export: .PROC
0000967F 88 DA              	        PUSH bp,bp TO [sp] 
00009680 41 00              	        sp = sp + 1 
00009681 90 D4              			PUSH r1,r2 TO [sp] 
00009682 03 92              			r1 = [bp+3]  						// Port Number
00009683 04 94              			r2 = [bp+4]  						// Value
00009684 C1 D4              			[r1] = r2  
00009685 90 90              			POP r1,r2 FROM [sp] 
00009686 88 98              	        POP bp,bp FROM [sp] 
00009687 90 9A              	        RETF         
                            	 		.ENDP
                            	
                            	
                            	////////////////////////////////////////////////////////////////// 
                            	// Function: Get data from resource(ROM area)
                            	// 	int SP_GetResource(int Addr, int Page)
                            	//////////////////////////////////////////////////////////////////  
                            	_SP_GetResource:	.PROC
00009688 88 DA              			push bp to [sp] 
00009689 08 0B 01 00        			bp = sp + 1 
                            			
0000968B 03 92              			r1 = [bp+3] 					// Address
0000968C 04 94              			r2 = [bp+4] 					// Page
                            			
0000968D 5A 95              			r2 = r2 lsl 4 					// Prepare Page for SR
0000968E 5A 95              			r2 = r2 lsl 4 
0000968F 4A 95              			r2 = r2 lsl 2 
                            			
00009690 7F BC              			sr &= 0x03f 					// Change Page
00009691 06 A5              	        r2 |=sr 						//
00009692 02 9D              	        sr = r2 						//
                            	  
00009693 E1 92              	  		r1 = D:[r1] 					// Get data
                            	       
00009694 88 98              			pop	 bp from [sp] 
00009695 90 9A              			retf 
                            			.ENDP 
                            	//........................................
                            	F_SP_GetResource:
00009696 5A 95              			r2 = r2 lsl 4 					// Prepare Page for SR
00009697 5A 95              			r2 = r2 lsl 4 
00009698 4A 95              			r2 = r2 lsl 2 
                            			
00009699 7F BC              			sr &= 0x03f 					// Change Page
0000969A 06 A5              	        r2 |=sr 						//
0000969B 02 9D              	        sr = r2 						//
                            	  
0000969C E1 92              	  		r1 = D:[r1] 					// Get data
0000969D 90 9A              		  	retf
                            	
                            	//////////////////////////////////////////////////////////////////
                            	// Functions: Reserve old defintion
                            	// Note: 	1. Some user who use old library may use the old name
                            	//			2. Have to be put at the end of this file
                            	//////////////////////////////////////////////////////////////////
                            	.PUBLIC	F_RampUpDAC1 
                            	.PUBLIC	F_RampDnDAC1 
                            	.PUBLIC	F_RampUpDAC2 
                            	.PUBLIC	F_RampDnDAC2 
                            	.PUBLIC	_STD_RampUpDAC1 
                            	.PUBLIC	_STD_RampDnDAC1 
                            	.PUBLIC	_STD_RampUpDAC2 
                            	.PUBLIC	_STD_RampDnDAC2 
                            	
                            	.DEFINE F_RampUpDAC1 F_SP_RampUpDAC1
                            	.DEFINE F_RampDnDAC1 F_SP_RampDnDAC1
                            	.DEFINE F_RampUpDAC2 F_SP_RampUpDAC2
                            	.DEFINE F_RampDnDAC2 F_SP_RampDnDAC2
                            	.DEFINE _STD_RampUpDAC1 _SP_RampUpDAC1
                            	.DEFINE _STD_RampDnDAC1 _SP_RampDnDAC1
                            	.DEFINE _STD_RampUpDAC2 _SP_RampUpDAC2
                            	.DEFINE _STD_RampDnDAC2 _SP_RampDnDAC2
                            	
                            	
                            	///////////////////////////////////////////////////////////////////
                            	                
                            	//========================================================================================        
                            	// End of hardware.asm
                            	//========================================================================================
                            	
                            	
                            	
                            	        
                            	        
                            	        
0 error(s), 0 warning(s).























