Sunplus u'nSP Assembler - Ver. 1.14.3.1
              Listing File Has Been Relocated
                            	
                            	// Resource Table
                            	// Created by IDE, Do not modify this table
                            	
00008772                    	.TEXT
                            	.public _RES_Table;
                            	.external __RES_0_48K_sa
                            	.public _RES_0_48K_SA;
                            	.external __RES_0_48K_ea;
                            	.public _RES_0_48K_EA;
                            	.external __RES_1_48K_sa
                            	.public _RES_1_48K_SA;
                            	.external __RES_1_48K_ea;
                            	.public _RES_1_48K_EA;
                            	.external __RES_2_48K_sa
                            	.public _RES_2_48K_SA;
                            	.external __RES_2_48K_ea;
                            	.public _RES_2_48K_EA;
                            	.external __RES_3_48K_sa
                            	.public _RES_3_48K_SA;
                            	.external __RES_3_48K_ea;
                            	.public _RES_3_48K_EA;
                            	.external __RES_4_48K_sa
                            	.public _RES_4_48K_SA;
                            	.external __RES_4_48K_ea;
                            	.public _RES_4_48K_EA;
                            	.external __RES_5_48K_sa
                            	.public _RES_5_48K_SA;
                            	.external __RES_5_48K_ea;
                            	.public _RES_5_48K_EA;
                            	.external __RES_6_48K_sa
                            	.public _RES_6_48K_SA;
                            	.external __RES_6_48K_ea;
                            	.public _RES_6_48K_EA;
                            	.external __RES_7_48K_sa
                            	.public _RES_7_48K_SA;
                            	.external __RES_7_48K_ea;
                            	.public _RES_7_48K_EA;
                            	.external __RES_8_48K_sa
                            	.public _RES_8_48K_SA;
                            	.external __RES_8_48K_ea;
                            	.public _RES_8_48K_EA;
                            	.external __RES_9_48K_sa
                            	.public _RES_9_48K_SA;
                            	.external __RES_9_48K_ea;
                            	.public _RES_9_48K_EA;
                            	.external __RES_10_48K_sa
                            	.public _RES_10_48K_SA;
                            	.external __RES_10_48K_ea;
                            	.public _RES_10_48K_EA;
                            	.external __RES_DIAN_72K_sa
                            	.public _RES_DIAN_72K_SA;
                            	.external __RES_DIAN_72K_ea;
                            	.public _RES_DIAN_72K_EA;
                            	.external __RES_FEN_72K_sa
                            	.public _RES_FEN_72K_SA;
                            	.external __RES_FEN_72K_ea;
                            	.public _RES_FEN_72K_EA;
                            	.external __RES_WD_48K_sa
                            	.public _RES_WD_48K_SA;
                            	.external __RES_WD_48K_ea;
                            	.public _RES_WD_48K_EA;
                            	.external __RES_SSD_72K_sa
                            	.public _RES_SSD_72K_SA;
                            	.external __RES_SSD_72K_ea;
                            	.public _RES_SSD_72K_EA;
                            	.external __RES_GX_48K_sa
                            	.public _RES_GX_48K_SA;
                            	.external __RES_GX_48K_ea;
                            	.public _RES_GX_48K_EA;
                            	.external __RES_TR_48K_sa
                            	.public _RES_TR_48K_SA;
                            	.external __RES_TR_48K_ea;
                            	.public _RES_TR_48K_EA;
                            	.external __RES_RUH_48K_sa
                            	.public _RES_RUH_48K_SA;
                            	.external __RES_RUH_48K_ea;
                            	.public _RES_RUH_48K_EA;
                            	.external __RES_TQ_48K_sa
                            	.public _RES_TQ_48K_SA;
                            	.external __RES_TQ_48K_ea;
                            	.public _RES_TQ_48K_EA;
                            	.external __RES_XZ_48K_sa
                            	.public _RES_XZ_48K_SA;
                            	.external __RES_XZ_48K_ea;
                            	.public _RES_XZ_48K_EA;
                            	.external __RES_SHOOT1_48K_sa
                            	.public _RES_SHOOT1_48K_SA;
                            	.external __RES_SHOOT1_48K_ea;
                            	.public _RES_SHOOT1_48K_EA;
                            	.external __RES_MUSIC2_72K_sa
                            	.public _RES_MUSIC2_72K_SA;
                            	.external __RES_MUSIC2_72K_ea;
                            	.public _RES_MUSIC2_72K_EA;
                            	.external __RES_MUSIC1_72K_sa
                            	.public _RES_MUSIC1_72K_SA;
                            	.external __RES_MUSIC1_72K_ea;
                            	.public _RES_MUSIC1_72K_EA;
                            	
                            	
                            	_RES_Table:
                            	
                            	_RES_0_48K_SA:
00008772 59 B4 00 00        		.DW offset __RES_0_48K_sa,seg __RES_0_48K_sa;
                            	_RES_0_48K_EA:
00008774 E3 B4 00 00        		.DW offset __RES_0_48K_ea,seg __RES_0_48K_ea;
                            	
                            	_RES_1_48K_SA:
00008776 CF B3 00 00        		.DW offset __RES_1_48K_sa,seg __RES_1_48K_sa;
                            	_RES_1_48K_EA:
00008778 59 B4 00 00        		.DW offset __RES_1_48K_ea,seg __RES_1_48K_ea;
                            	
                            	_RES_2_48K_SA:
0000877A EE B5 00 00        		.DW offset __RES_2_48K_sa,seg __RES_2_48K_sa;
                            	_RES_2_48K_EA:
0000877C 6F B6 00 00        		.DW offset __RES_2_48K_ea,seg __RES_2_48K_ea;
                            	
                            	_RES_3_48K_SA:
0000877E C3 B0 00 00        		.DW offset __RES_3_48K_sa,seg __RES_3_48K_sa;
                            	_RES_3_48K_EA:
00008780 68 B1 00 00        		.DW offset __RES_3_48K_ea,seg __RES_3_48K_ea;
                            	
                            	_RES_4_48K_SA:
00008782 68 B1 00 00        		.DW offset __RES_4_48K_sa,seg __RES_4_48K_sa;
                            	_RES_4_48K_EA:
00008784 0D B2 00 00        		.DW offset __RES_4_48K_ea,seg __RES_4_48K_ea;
                            	
                            	_RES_5_48K_SA:
00008786 6D B5 00 00        		.DW offset __RES_5_48K_sa,seg __RES_5_48K_sa;
                            	_RES_5_48K_EA:
00008788 EE B5 00 00        		.DW offset __RES_5_48K_ea,seg __RES_5_48K_ea;
                            	
                            	_RES_6_48K_SA:
0000878A 3C B3 00 00        		.DW offset __RES_6_48K_sa,seg __RES_6_48K_sa;
                            	_RES_6_48K_EA:
0000878C CF B3 00 00        		.DW offset __RES_6_48K_ea,seg __RES_6_48K_ea;
                            	
                            	_RES_7_48K_SA:
0000878E A9 B2 00 00        		.DW offset __RES_7_48K_sa,seg __RES_7_48K_sa;
                            	_RES_7_48K_EA:
00008790 3C B3 00 00        		.DW offset __RES_7_48K_ea,seg __RES_7_48K_ea;
                            	
                            	_RES_8_48K_SA:
00008792 6F B6 00 00        		.DW offset __RES_8_48K_sa,seg __RES_8_48K_sa;
                            	_RES_8_48K_EA:
00008794 E7 B6 00 00        		.DW offset __RES_8_48K_ea,seg __RES_8_48K_ea;
                            	
                            	_RES_9_48K_SA:
00008796 0D B2 00 00        		.DW offset __RES_9_48K_sa,seg __RES_9_48K_sa;
                            	_RES_9_48K_EA:
00008798 A9 B2 00 00        		.DW offset __RES_9_48K_ea,seg __RES_9_48K_ea;
                            	
                            	_RES_10_48K_SA:
0000879A E3 B4 00 00        		.DW offset __RES_10_48K_sa,seg __RES_10_48K_sa;
                            	_RES_10_48K_EA:
0000879C 6D B5 00 00        		.DW offset __RES_10_48K_ea,seg __RES_10_48K_ea;
                            	
                            	_RES_DIAN_72K_SA:
0000879E 7A AE 00 00        		.DW offset __RES_DIAN_72K_sa,seg __RES_DIAN_72K_sa;
                            	_RES_DIAN_72K_EA:
000087A0 4C AF 00 00        		.DW offset __RES_DIAN_72K_ea,seg __RES_DIAN_72K_ea;
                            	
                            	_RES_FEN_72K_SA:
000087A2 F2 AB 00 00        		.DW offset __RES_FEN_72K_sa,seg __RES_FEN_72K_sa;
                            	_RES_FEN_72K_EA:
000087A4 CD AC 00 00        		.DW offset __RES_FEN_72K_ea,seg __RES_FEN_72K_ea;
                            	
                            	_RES_WD_48K_SA:
000087A6 A8 AD 00 00        		.DW offset __RES_WD_48K_sa,seg __RES_WD_48K_sa;
                            	_RES_WD_48K_EA:
000087A8 7A AE 00 00        		.DW offset __RES_WD_48K_ea,seg __RES_WD_48K_ea;
                            	
                            	_RES_SSD_72K_SA:
000087AA DB A7 00 00        		.DW offset __RES_SSD_72K_sa,seg __RES_SSD_72K_sa;
                            	_RES_SSD_72K_EA:
000087AC 3D A9 00 00        		.DW offset __RES_SSD_72K_ea,seg __RES_SSD_72K_ea;
                            	
                            	_RES_GX_48K_SA:
000087AE 4C AF 00 00        		.DW offset __RES_GX_48K_sa,seg __RES_GX_48K_sa;
                            	_RES_GX_48K_EA:
000087B0 15 B0 00 00        		.DW offset __RES_GX_48K_ea,seg __RES_GX_48K_ea;
                            	
                            	_RES_TR_48K_SA:
000087B2 2A AA 00 00        		.DW offset __RES_TR_48K_sa,seg __RES_TR_48K_sa;
                            	_RES_TR_48K_EA:
000087B4 17 AB 00 00        		.DW offset __RES_TR_48K_ea,seg __RES_TR_48K_ea;
                            	
                            	_RES_RUH_48K_SA:
000087B6 3D A9 00 00        		.DW offset __RES_RUH_48K_sa,seg __RES_RUH_48K_sa;
                            	_RES_RUH_48K_EA:
000087B8 2A AA 00 00        		.DW offset __RES_RUH_48K_ea,seg __RES_RUH_48K_ea;
                            	
                            	_RES_TQ_48K_SA:
000087BA 17 AB 00 00        		.DW offset __RES_TQ_48K_sa,seg __RES_TQ_48K_sa;
                            	_RES_TQ_48K_EA:
000087BC F2 AB 00 00        		.DW offset __RES_TQ_48K_ea,seg __RES_TQ_48K_ea;
                            	
                            	_RES_XZ_48K_SA:
000087BE CD AC 00 00        		.DW offset __RES_XZ_48K_sa,seg __RES_XZ_48K_sa;
                            	_RES_XZ_48K_EA:
000087C0 A8 AD 00 00        		.DW offset __RES_XZ_48K_ea,seg __RES_XZ_48K_ea;
                            	
                            	_RES_SHOOT1_48K_SA:
000087C2 15 B0 00 00        		.DW offset __RES_SHOOT1_48K_sa,seg __RES_SHOOT1_48K_sa;
                            	_RES_SHOOT1_48K_EA:
000087C4 C3 B0 00 00        		.DW offset __RES_SHOOT1_48K_ea,seg __RES_SHOOT1_48K_ea;
                            	
                            	_RES_MUSIC2_72K_SA:
000087C6 A0 A3 00 00        		.DW offset __RES_MUSIC2_72K_sa,seg __RES_MUSIC2_72K_sa;
                            	_RES_MUSIC2_72K_EA:
000087C8 DB A7 00 00        		.DW offset __RES_MUSIC2_72K_ea,seg __RES_MUSIC2_72K_ea;
                            	
                            	_RES_MUSIC1_72K_SA:
000087CA E1 9B 00 00        		.DW offset __RES_MUSIC1_72K_sa,seg __RES_MUSIC1_72K_sa;
                            	_RES_MUSIC1_72K_EA:
000087CC A0 A3 00 00        		.DW offset __RES_MUSIC1_72K_ea,seg __RES_MUSIC1_72K_ea;
                            	
                            	
                            	// End Table
                            	.PUBLIC T_SACM_S480_SpeechTable
                            	T_SACM_S480_SpeechTable:
000087CE 72 87              		.DW _RES_0_48K_SA
000087CF 76 87              		.DW _RES_1_48K_SA
000087D0 7A 87              		.DW _RES_2_48K_SA
000087D1 7E 87              		.DW _RES_3_48K_SA
000087D2 82 87              		.DW _RES_4_48K_SA
000087D3 86 87              		.DW _RES_5_48K_SA
000087D4 8A 87              		.DW _RES_6_48K_SA
000087D5 8E 87              		.DW _RES_7_48K_SA
000087D6 92 87              		.DW _RES_8_48K_SA
000087D7 96 87              		.DW _RES_9_48K_SA
000087D8 9A 87              		.DW _RES_10_48K_SA
000087D9 9E 87              		.DW _RES_DIAN_72K_SA
000087DA A2 87              		.DW _RES_FEN_72K_SA
000087DB A6 87              		.DW _RES_WD_48K_SA
000087DC AA 87              		.DW _RES_SSD_72K_SA
000087DD AE 87              		.DW _RES_GX_48K_SA
000087DE B2 87              		.DW _RES_TR_48K_SA
000087DF B6 87              		.DW _RES_RUH_48K_SA
000087E0 BA 87              		.DW _RES_TQ_48K_SA
000087E1 BE 87              		.DW _RES_XZ_48K_SA
000087E2 C2 87              	    .DW _RES_SHOOT1_48K_SA
000087E3 C6 87              	    .DW _RES_MUSIC2_72K_SA
000087E4 CA 87              		.DW _RES_MUSIC1_72K_SA
0 error(s), 0 warning(s).

