C51 COMPILER V7.00  TEXT1                                                                  08/09/2008 21:00:41 PAGE 1   


C51 COMPILER V7.00, COMPILATION OF MODULE TEXT1
OBJECT MODULE PLACED IN Text1.OBJ
COMPILER INVOKED BY: C:\Elecs\Keilc\C51\BIN\C51.EXE Text1.c BROWSE DEBUG OBJECTEXTEND

stmt level    source

   1          #include <at89x51.h>
   2          unsigned char code table[]={0x3f,0x06,0x5b,0x4f,0x66,0x6d,0x7d,0x07,0x7f,0x6f};
   3          static unsigned char count;
   4          sbit a=P3^7;
   5          sbit b=P3^6;
   6          unsigned char i;
   7          unsigned char x,y;
   8          void delay();
   9          void int0(void) interrupt 0 using 1
  10          {
  11   1              count++;
  12   1              for(i=10;i;i--)delay();
  13   1      }
  14          void delay()
  15          {
  16   1              unsigned char x,y,z;
  17   1              for(x=5;x;x--)
  18   1              for(y=73;y;y--)
  19   1              for(z=43;z;z--);
  20   1      }
  21          void main()
  22          {
  23   1      
  24   1              EA=1;
  25   1              EX0=1;
  26   1              IT0=0;
  27   1      
  28   1              while(1)
  29   1              {
  30   2                      x=count/10;
  31   2                      P2=table[x];
  32   2                      b=0;
  33   2                      a=1;
  34   2                      delay();
  35   2                      x=count%10;
  36   2                      P2=table[x];
  37   2                      a=0;b=1;
  38   2                      delay();
  39   2      
  40   2              }
  41   1      }


MODULE INFORMATION:   STATIC OVERLAYABLE
   CODE SIZE        =     98    ----
   CONSTANT SIZE    =     10    ----
   XDATA SIZE       =   ----    ----
   PDATA SIZE       =   ----    ----
   DATA SIZE        =      4    ----
   IDATA SIZE       =   ----    ----
   BIT SIZE         =   ----    ----
END OF MODULE INFORMATION.


C51 COMPILATION COMPLETE.  0 WARNING(S),  0 ERROR(S)
