Sunplus u'nSP Assembler - Ver. 1.14.3.1
              Listing File Has Been Relocated
                            	// GCC for SUNPLUS u'nSP version 1.0.21-3
                            	// Command: C:\PROGRA~1\Sunplus\UNSPID~1.0\cc1.exe c:\temp\cckzaaaa.i -fkeep-inline-functions -quiet -dumpbase main.c -mglobal-var-iram -gstabs -Wall -o .\Debug/main.asm
                            		.external __sn_func_ptr_sec
                            	
                            	// gcc2_compiled.:
                            	
00000000                    	.debug
00000000 2E 00 73 00        		.dw '.stabs "E:/program/sun/yejing/",0x64,0,3,',0,0,offset Ltext0,seg Ltext0,0x0d,0x0a
         74 00 61 00
         62 00 73 00
         20 00 22 00
         45 00 3A 00
         2F 00 70 00
         72 00 6F 00
         67 00 72 00
         61 00 6D 00
         2F 00 73 00
         75 00 6E 00
         2F 00 79 00
         65 00 6A 00
         69 00 6E 00
         67 00 2F 00
         22 00 2C 00
         30 00 78 00
         36 00 34 00
         2C 00 30 00
         2C 00 33 00
         2C 00 00 00
         00 00 00 00
         00 00 0D 00
         0A 00      
000094A8                    	.code
0000002F                    	.debug
0000002F 2E 00 73 00        		.dw '.stabs "E:/program/sun/yejing/main.c",0x64,0,3,',0,0,offset Ltext0,seg Ltext0,0x0d,0x0a
         74 00 61 00
         62 00 73 00
         20 00 22 00
         45 00 3A 00
         2F 00 70 00
         72 00 6F 00
         67 00 72 00
         61 00 6D 00
         2F 00 73 00
         75 00 6E 00
         2F 00 79 00
         65 00 6A 00
         69 00 6E 00
         67 00 2F 00
         6D 00 61 00
         69 00 6E 00
         2E 00 63 00
         22 00 2C 00
         30 00 78 00
         36 00 34 00
         2C 00 30 00
         2C 00 33 00
         2C 00 00 00
         00 00 00 00
         00 00 0D 00
         0A 00      
000094A8                    	.code
000094A8                    	.code
                            	Ltext0:
00000064                    	.debug
00000064 2E 00 73 00        		.dw '.stabs "int:t1=r1;-32768;32767;",128,0,0,0',0x0d,0x0a
         74 00 61 00
         62 00 73 00
         20 00 22 00
         69 00 6E 00
         74 00 3A 00
         74 00 31 00
         3D 00 72 00
         31 00 3B 00
         2D 00 33 00
         32 00 37 00
         36 00 38 00
         3B 00 33 00
         32 00 37 00
         36 00 37 00
         3B 00 22 00
         2C 00 31 00
         32 00 38 00
         2C 00 30 00
         2C 00 30 00
         2C 00 30 00
         0D 00 0A 00
000094A8                    	.CODE
00000090                    	.debug
00000090 2E 00 73 00        		.dw '.stabs "char:t2=r2;0;127;",128,0,0,0',0x0d,0x0a
         74 00 61 00
         62 00 73 00
         20 00 22 00
         63 00 68 00
         61 00 72 00
         3A 00 74 00
         32 00 3D 00
         72 00 32 00
         3B 00 30 00
         3B 00 31 00
         32 00 37 00
         3B 00 22 00
         2C 00 31 00
         32 00 38 00
         2C 00 30 00
         2C 00 30 00
         2C 00 30 00
         0D 00 0A 00
000094A8                    	.CODE
000000B6                    	.debug
000000B6 2E 00 73 00        		.dw '.stabs "long int:t3=r3;-2147483648;2147483647;",128,0,0,0',0x0d,0x0a
         74 00 61 00
         62 00 73 00
         20 00 22 00
         6C 00 6F 00
         6E 00 67 00
         20 00 69 00
         6E 00 74 00
         3A 00 74 00
         33 00 3D 00
         72 00 33 00
         3B 00 2D 00
         32 00 31 00
         34 00 37 00
         34 00 38 00
         33 00 36 00
         34 00 38 00
         3B 00 32 00
         31 00 34 00
         37 00 34 00
         38 00 33 00
         36 00 34 00
         37 00 3B 00
         22 00 2C 00
         31 00 32 00
         38 00 2C 00
         30 00 2C 00
         30 00 2C 00
         30 00 0D 00
         0A 00      
000094A8                    	.CODE
000000F1                    	.debug
000000F1 2E 00 73 00        		.dw '.stabs "unsigned int:t4=r4;0;65535;",128,0,0,0',0x0d,0x0a
         74 00 61 00
         62 00 73 00
         20 00 22 00
         75 00 6E 00
         73 00 69 00
         67 00 6E 00
         65 00 64 00
         20 00 69 00
         6E 00 74 00
         3A 00 74 00
         34 00 3D 00
         72 00 34 00
         3B 00 30 00
         3B 00 36 00
         35 00 35 00
         33 00 35 00
         3B 00 22 00
         2C 00 31 00
         32 00 38 00
         2C 00 30 00
         2C 00 30 00
         2C 00 30 00
         0D 00 0A 00
000094A8                    	.CODE
00000121                    	.debug
00000121 2E 00 73 00        		.dw '.stabs "long unsigned int:t5=r5;0;4294967295;",128,0,0,0',0x0d,0x0a
         74 00 61 00
         62 00 73 00
         20 00 22 00
         6C 00 6F 00
         6E 00 67 00
         20 00 75 00
         6E 00 73 00
         69 00 67 00
         6E 00 65 00
         64 00 20 00
         69 00 6E 00
         74 00 3A 00
         74 00 35 00
         3D 00 72 00
         35 00 3B 00
         30 00 3B 00
         34 00 32 00
         39 00 34 00
         39 00 36 00
         37 00 32 00
         39 00 35 00
         3B 00 22 00
         2C 00 31 00
         32 00 38 00
         2C 00 30 00
         2C 00 30 00
         2C 00 30 00
         0D 00 0A 00
000094A8                    	.CODE
0000015B                    	.debug
0000015B 2E 00 73 00        		.dw '.stabs "long long int:t6=r6;-2147483648;2147483647;",128,0,0,0',0x0d,0x0a
         74 00 61 00
         62 00 73 00
         20 00 22 00
         6C 00 6F 00
         6E 00 67 00
         20 00 6C 00
         6F 00 6E 00
         67 00 20 00
         69 00 6E 00
         74 00 3A 00
         74 00 36 00
         3D 00 72 00
         36 00 3B 00
         2D 00 32 00
         31 00 34 00
         37 00 34 00
         38 00 33 00
         36 00 34 00
         38 00 3B 00
         32 00 31 00
         34 00 37 00
         34 00 38 00
         33 00 36 00
         34 00 37 00
         3B 00 22 00
         2C 00 31 00
         32 00 38 00
         2C 00 30 00
         2C 00 30 00
         2C 00 30 00
         0D 00 0A 00
000094A8                    	.CODE
0000019B                    	.debug
0000019B 2E 00 73 00        		.dw '.stabs "long long unsigned int:t7=r7;0;4294967295;",128,0,0,0',0x0d,0x0a
         74 00 61 00
         62 00 73 00
         20 00 22 00
         6C 00 6F 00
         6E 00 67 00
         20 00 6C 00
         6F 00 6E 00
         67 00 20 00
         75 00 6E 00
         73 00 69 00
         67 00 6E 00
         65 00 64 00
         20 00 69 00
         6E 00 74 00
         3A 00 74 00
         37 00 3D 00
         72 00 37 00
         3B 00 30 00
         3B 00 34 00
         32 00 39 00
         34 00 39 00
         36 00 37 00
         32 00 39 00
         35 00 3B 00
         22 00 2C 00
         31 00 32 00
         38 00 2C 00
         30 00 2C 00
         30 00 2C 00
         30 00 0D 00
         0A 00      
000094A8                    	.CODE
000001DA                    	.debug
000001DA 2E 00 73 00        		.dw '.stabs "short int:t8=r8;-32768;32767;",128,0,0,0',0x0d,0x0a
         74 00 61 00
         62 00 73 00
         20 00 22 00
         73 00 68 00
         6F 00 72 00
         74 00 20 00
         69 00 6E 00
         74 00 3A 00
         74 00 38 00
         3D 00 72 00
         38 00 3B 00
         2D 00 33 00
         32 00 37 00
         36 00 38 00
         3B 00 33 00
         32 00 37 00
         36 00 37 00
         3B 00 22 00
         2C 00 31 00
         32 00 38 00
         2C 00 30 00
         2C 00 30 00
         2C 00 30 00
         0D 00 0A 00
000094A8                    	.CODE
0000020C                    	.debug
0000020C 2E 00 73 00        		.dw '.stabs "short unsigned int:t9=r9;0;65535;",128,0,0,0',0x0d,0x0a
         74 00 61 00
         62 00 73 00
         20 00 22 00
         73 00 68 00
         6F 00 72 00
         74 00 20 00
         75 00 6E 00
         73 00 69 00
         67 00 6E 00
         65 00 64 00
         20 00 69 00
         6E 00 74 00
         3A 00 74 00
         39 00 3D 00
         72 00 39 00
         3B 00 30 00
         3B 00 36 00
         35 00 35 00
         33 00 35 00
         3B 00 22 00
         2C 00 31 00
         32 00 38 00
         2C 00 30 00
         2C 00 30 00
         2C 00 30 00
         0D 00 0A 00
000094A8                    	.CODE
00000242                    	.debug
00000242 2E 00 73 00        		.dw '.stabs "signed char:t10=r10;-32768;32767;",128,0,0,0',0x0d,0x0a
         74 00 61 00
         62 00 73 00
         20 00 22 00
         73 00 69 00
         67 00 6E 00
         65 00 64 00
         20 00 63 00
         68 00 61 00
         72 00 3A 00
         74 00 31 00
         30 00 3D 00
         72 00 31 00
         30 00 3B 00
         2D 00 33 00
         32 00 37 00
         36 00 38 00
         3B 00 33 00
         32 00 37 00
         36 00 37 00
         3B 00 22 00
         2C 00 31 00
         32 00 38 00
         2C 00 30 00
         2C 00 30 00
         2C 00 30 00
         0D 00 0A 00
000094A8                    	.CODE
00000278                    	.debug
00000278 2E 00 73 00        		.dw '.stabs "unsigned char:t11=r11;0;65535;",128,0,0,0',0x0d,0x0a
         74 00 61 00
         62 00 73 00
         20 00 22 00
         75 00 6E 00
         73 00 69 00
         67 00 6E 00
         65 00 64 00
         20 00 63 00
         68 00 61 00
         72 00 3A 00
         74 00 31 00
         31 00 3D 00
         72 00 31 00
         31 00 3B 00
         30 00 3B 00
         36 00 35 00
         35 00 33 00
         35 00 3B 00
         22 00 2C 00
         31 00 32 00
         38 00 2C 00
         30 00 2C 00
         30 00 2C 00
         30 00 0D 00
         0A 00      
000094A8                    	.CODE
000002AB                    	.debug
000002AB 2E 00 73 00        		.dw '.stabs "float:t12=r1;2;0;",128,0,0,0',0x0d,0x0a
         74 00 61 00
         62 00 73 00
         20 00 22 00
         66 00 6C 00
         6F 00 61 00
         74 00 3A 00
         74 00 31 00
         32 00 3D 00
         72 00 31 00
         3B 00 32 00
         3B 00 30 00
         3B 00 22 00
         2C 00 31 00
         32 00 38 00
         2C 00 30 00
         2C 00 30 00
         2C 00 30 00
         0D 00 0A 00
000094A8                    	.CODE
000002D1                    	.debug
000002D1 2E 00 73 00        		.dw '.stabs "double:t13=r1;2;0;",128,0,0,0',0x0d,0x0a
         74 00 61 00
         62 00 73 00
         20 00 22 00
         64 00 6F 00
         75 00 62 00
         6C 00 65 00
         3A 00 74 00
         31 00 33 00
         3D 00 72 00
         31 00 3B 00
         32 00 3B 00
         30 00 3B 00
         22 00 2C 00
         31 00 32 00
         38 00 2C 00
         30 00 2C 00
         30 00 2C 00
         30 00 0D 00
         0A 00      
000094A8                    	.CODE
000002F8                    	.debug
000002F8 2E 00 73 00        		.dw '.stabs "long double:t14=r1;2;0;",128,0,0,0',0x0d,0x0a
         74 00 61 00
         62 00 73 00
         20 00 22 00
         6C 00 6F 00
         6E 00 67 00
         20 00 64 00
         6F 00 75 00
         62 00 6C 00
         65 00 3A 00
         74 00 31 00
         34 00 3D 00
         72 00 31 00
         3B 00 32 00
         3B 00 30 00
         3B 00 22 00
         2C 00 31 00
         32 00 38 00
         2C 00 30 00
         2C 00 30 00
         2C 00 30 00
         0D 00 0A 00
000094A8                    	.CODE
00000324                    	.debug
00000324 2E 00 73 00        		.dw '.stabs "complex int:t15=s2real:1,0,16;imag:1,16,16;;",128,0,0,0',0x0d,0x0a
         74 00 61 00
         62 00 73 00
         20 00 22 00
         63 00 6F 00
         6D 00 70 00
         6C 00 65 00
         78 00 20 00
         69 00 6E 00
         74 00 3A 00
         74 00 31 00
         35 00 3D 00
         73 00 32 00
         72 00 65 00
         61 00 6C 00
         3A 00 31 00
         2C 00 30 00
         2C 00 31 00
         36 00 3B 00
         69 00 6D 00
         61 00 67 00
         3A 00 31 00
         2C 00 31 00
         36 00 2C 00
         31 00 36 00
         3B 00 3B 00
         22 00 2C 00
         31 00 32 00
         38 00 2C 00
         30 00 2C 00
         30 00 2C 00
         30 00 0D 00
         0A 00      
000094A8                    	.CODE
00000365                    	.debug
00000365 2E 00 73 00        		.dw '.stabs "complex float:t16=r16;2;0;",128,0,0,0',0x0d,0x0a
         74 00 61 00
         62 00 73 00
         20 00 22 00
         63 00 6F 00
         6D 00 70 00
         6C 00 65 00
         78 00 20 00
         66 00 6C 00
         6F 00 61 00
         74 00 3A 00
         74 00 31 00
         36 00 3D 00
         72 00 31 00
         36 00 3B 00
         32 00 3B 00
         30 00 3B 00
         22 00 2C 00
         31 00 32 00
         38 00 2C 00
         30 00 2C 00
         30 00 2C 00
         30 00 0D 00
         0A 00      
000094A8                    	.CODE
00000394                    	.debug
00000394 2E 00 73 00        		.dw '.stabs "complex double:t17=r17;2;0;",128,0,0,0',0x0d,0x0a
         74 00 61 00
         62 00 73 00
         20 00 22 00
         63 00 6F 00
         6D 00 70 00
         6C 00 65 00
         78 00 20 00
         64 00 6F 00
         75 00 62 00
         6C 00 65 00
         3A 00 74 00
         31 00 37 00
         3D 00 72 00
         31 00 37 00
         3B 00 32 00
         3B 00 30 00
         3B 00 22 00
         2C 00 31 00
         32 00 38 00
         2C 00 30 00
         2C 00 30 00
         2C 00 30 00
         0D 00 0A 00
000094A8                    	.CODE
000003C4                    	.debug
000003C4 2E 00 73 00        		.dw '.stabs "complex long double:t18=r18;2;0;",128,0,0,0',0x0d,0x0a
         74 00 61 00
         62 00 73 00
         20 00 22 00
         63 00 6F 00
         6D 00 70 00
         6C 00 65 00
         78 00 20 00
         6C 00 6F 00
         6E 00 67 00
         20 00 64 00
         6F 00 75 00
         62 00 6C 00
         65 00 3A 00
         74 00 31 00
         38 00 3D 00
         72 00 31 00
         38 00 3B 00
         32 00 3B 00
         30 00 3B 00
         22 00 2C 00
         31 00 32 00
         38 00 2C 00
         30 00 2C 00
         30 00 2C 00
         30 00 0D 00
         0A 00      
000094A8                    	.CODE
000003F9                    	.debug
000003F9 2E 00 73 00        		.dw '.stabs "void:t19=19",128,0,0,0',0x0d,0x0a
         74 00 61 00
         62 00 73 00
         20 00 22 00
         76 00 6F 00
         69 00 64 00
         3A 00 74 00
         31 00 39 00
         3D 00 31 00
         39 00 22 00
         2C 00 31 00
         32 00 38 00
         2C 00 30 00
         2C 00 30 00
         2C 00 30 00
         0D 00 0A 00
000094A8                    	.CODE
000094A8                    	.code
00000419                    	.debug
00000419 2E 00 73 00        		.dw '.stabs "playsound:F19",36,0,0,',0,0,offset _playsound,seg _playsound,0x0d,0x0a
         74 00 61 00
         62 00 73 00
         20 00 22 00
         70 00 6C 00
         61 00 79 00
         73 00 6F 00
         75 00 6E 00
         64 00 3A 00
         46 00 31 00
         39 00 22 00
         2C 00 33 00
         36 00 2C 00
         30 00 2C 00
         30 00 2C 00
         00 00 00 00
         00 00 00 00
         0D 00 0A 00
000094A8                    	.CODE
                            	.public _playsound
                            	_playsound:	.proc
0000043D                    	.debug
0000043D 2E 00 73 00        		.dw '.stabn 0x44,0,5,',0,0
         74 00 61 00
         62 00 6E 00
         20 00 30 00
         78 00 34 00
         34 00 2C 00
         30 00 2C 00
         35 00 2C 00
         00 00 00 00
0000044F 00 00 00 00        		.dd LM1-_playsound
00000451 0D 00 0A 00        		.dw 0x0d,0x0a
000094A8                    	.code
                            	LM1:
                            		// total=1, vars=1
                            		// frame_pointer_needed: 1
000094A8 88 DA              		push bp to [sp]
000094A9 41 20              		sp-=1
000094AA 08 0B 01 00        		bp=sp+1
                            	
000094AC 0D 03 04 00        		R1=BP+4
000094AE C5 D2              		[BP]=R1	// QImode move
00000453                    	.debug
00000453 2E 00 73 00        		.dw '.stabn 0x44,0,6,',0,0
         74 00 61 00
         62 00 6E 00
         20 00 30 00
         78 00 34 00
         34 00 2C 00
         30 00 2C 00
         36 00 2C 00
         00 00 00 00
00000465 07 00 00 00        		.dd LM2-_playsound
00000467 0D 00 0A 00        		.dw 0x0d,0x0a
000094AF                    	.code
                            	LM2:
000094AF 41 92              		R1=1	// QImode move
000094B0 C8 D2              		[SP--]=R1	// QImode move
000094B1 40 F0 B0 80        		call _SACM_A2000_Initial	// call with return value
000094B3 41 00              		SP = SP + 1	//SP
00000469                    	.debug
00000469 2E 00 73 00        		.dw '.stabn 0x44,0,7,',0,0
         74 00 61 00
         62 00 6E 00
         20 00 30 00
         78 00 34 00
         34 00 2C 00
         30 00 2C 00
         37 00 2C 00
         00 00 00 00
0000047B 0C 00 00 00        		.dd LM3-_playsound
0000047D 0D 00 0A 00        		.dw 0x0d,0x0a
000094B4                    	.code
                            	LM3:
000094B4 43 92              		R1=3	// QImode move
000094B5 C8 D2              		[SP--]=R1	// QImode move
000094B6 C5 92              		R1=[BP]	// QImode move
000094B7 C5 96              		R3=[BP]	// QImode move
000094B8 0B 05 01 00        		R2=R3+1
000094BA 02 97              		R3=R2	// QImode move
000094BB C3 92              		R1=[R3]	// QImode move
000094BC C8 D2              		[SP--]=R1	// QImode move
000094BD C5 94              		R2=[BP]	// QImode move
000094BE C2 92              		R1=[R2]	// QImode move
000094BF C8 D2              		[SP--]=R1	// QImode move
000094C0 40 F0 2B 81        		call _SACM_A2000_Play	// call without return value
000094C2 43 00              		SP = SP + 3	//SP
0000047F                    	.debug
0000047F 2E 00 73 00        		.dw '.stabn 0x44,0,8,',0,0
         74 00 61 00
         62 00 6E 00
         20 00 30 00
         78 00 34 00
         34 00 2C 00
         30 00 2C 00
         38 00 2C 00
         00 00 00 00
00000491 1B 00 00 00        		.dd LM4-_playsound
00000493 0D 00 0A 00        		.dw 0x0d,0x0a
000094C3                    	.code
                            	LM4:
                            	L3:
000094C3 40 F0 3C 82        		call _SACM_A2000_Status	// call with return value
000094C5 09 B5 01 00        		R2=R1&1
000094C7 40 44              		CMP R2,0	// QImode test
000094C8 04 4E 01 EE        		NSJNZ L5	//QImode NE
         00 EE      
000094CB 0F 9F D4 94        		pc=L4	// Indirect jump
                            	L5:
00000495                    	.debug
00000495 2E 00 73 00        		.dw '.stabn 0x44,0,10,',0,0
         74 00 61 00
         62 00 6E 00
         20 00 30 00
         78 00 34 00
         34 00 2C 00
         30 00 2C 00
         31 00 30 00
         2C 00 00 00
         00 00      
000004A8 25 00 00 00        		.dd LM5-_playsound
000004AA 0D 00 0A 00        		.dw 0x0d,0x0a
000094CD                    	.code
                            	LM5:
000094CD 40 F0 28 83        		call _SACM_A2000_ServiceLoop	// call without return value
000004AC                    	.debug
000004AC 2E 00 73 00        		.dw '.stabn 0x44,0,11,',0,0
         74 00 61 00
         62 00 6E 00
         20 00 30 00
         78 00 34 00
         34 00 2C 00
         30 00 2C 00
         31 00 31 00
         2C 00 00 00
         00 00      
000004BF 27 00 00 00        		.dd LM6-_playsound
000004C1 0D 00 0A 00        		.dw 0x0d,0x0a
000094CF                    	.code
                            	LM6:
000094CF 41 92              		R1=1	// QImode move
000094D0 19 D3 12 70        		[28690]=R1	// QImode move
000004C3                    	.debug
000004C3 2E 00 73 00        		.dw '.stabn 0x44,0,12,',0,0
         74 00 61 00
         62 00 6E 00
         20 00 30 00
         78 00 34 00
         34 00 2C 00
         30 00 2C 00
         31 00 32 00
         2C 00 00 00
         00 00      
000004D6 2A 00 00 00        		.dd LM7-_playsound
000004D8 0D 00 0A 00        		.dw 0x0d,0x0a
000094D2                    	.code
                            	LM7:
000094D2 0F 9F C3 94        		pc=L3	// Indirect jump
                            	L4:
000004DA                    	.debug
000004DA 2E 00 73 00        		.dw '.stabn 0x44,0,13,',0,0
         74 00 61 00
         62 00 6E 00
         20 00 30 00
         78 00 34 00
         34 00 2C 00
         30 00 2C 00
         31 00 33 00
         2C 00 00 00
         00 00      
000004ED 2C 00 00 00        		.dd LM8-_playsound
000004EF 0D 00 0A 00        		.dw 0x0d,0x0a
000094D4                    	.code
                            	LM8:
000094D4 40 F0 D9 81        		call _SACM_A2000_Stop	// call without return value
000004F1                    	.debug
000004F1 2E 00 73 00        		.dw '.stabn 0x44,0,14,',0,0
         74 00 61 00
         62 00 6E 00
         20 00 30 00
         78 00 34 00
         34 00 2C 00
         30 00 2C 00
         31 00 34 00
         2C 00 00 00
         00 00      
00000504 2E 00 00 00        		.dd LM9-_playsound
00000506 0D 00 0A 00        		.dw 0x0d,0x0a
000094D6                    	.code
                            	LM9:
00000508                    	.debug
00000508 2E 00 73 00        		.dw '.stabn 0x44,0,14,',0,0
         74 00 61 00
         62 00 6E 00
         20 00 30 00
         78 00 34 00
         34 00 2C 00
         30 00 2C 00
         31 00 34 00
         2C 00 00 00
         00 00      
0000051B 2E 00 00 00        		.dd LM10-_playsound
0000051D 0D 00 0A 00        		.dw 0x0d,0x0a
000094D6                    	.code
                            	LM10:
                            	L2:
                            	
000094D6 41 00              		sp+=1
000094D7 88 98              		pop bp from [sp]
000094D8 90 9A              		retf
                            		.endp	// end of playsound
                            	
0000051F                    	.debug
0000051F 2E 00 73 00        		.dw '.stabs "index:p1",160,0,0,4',0x0d,0x0a
         74 00 61 00
         62 00 73 00
         20 00 22 00
         69 00 6E 00
         64 00 65 00
         78 00 3A 00
         70 00 31 00
         22 00 2C 00
         31 00 36 00
         30 00 2C 00
         30 00 2C 00
         30 00 2C 00
         34 00 0D 00
         0A 00      
000094D9                    	.CODE
0000053C                    	.debug
0000053C 2E 00 73 00        		.dw '.stabs "channel:p1",160,0,0,5',0x0d,0x0a
         74 00 61 00
         62 00 73 00
         20 00 22 00
         63 00 68 00
         61 00 6E 00
         6E 00 65 00
         6C 00 3A 00
         70 00 31 00
         22 00 2C 00
         31 00 36 00
         30 00 2C 00
         30 00 2C 00
         30 00 2C 00
         35 00 0D 00
         0A 00      
000094D9                    	.CODE
0000055B                    	.debug
0000055B 2E 00 73 00        		.dw '.stabf ',0,0
         74 00 61 00
         62 00 66 00
         20 00 00 00
         00 00      
00000564 31 00 00 00        		.dd LME1-_playsound
00000566 0D 00 0A 00        		.dw 0x0d,0x0a
000094D9                    	.code
                            	LME1:
00008009                    	.text
                            	LC0:
00008009 CE 00 D2 00        		.str 206, 210, 189, 208, 213, 212, 211, 192, 191, 198, 185, 254, 185, 254, 185, 254, 0
         BD 00 D0 00
         D5 00 D4 00
         D3 00 C0 00
         BF 00 C6 00
         B9 00 FE 00
         B9 00 FE 00
         B9 00 FE 00
         00 00      
                            		// length = 17
                            	LC1:
0000801A D6 00 F7 00        		.str 214, 247, 200, 203, 199, 235, 189, 248, 163, 161, 0
         C8 00 CB 00
         C7 00 EB 00
         BD 00 F8 00
         A3 00 A1 00
         00 00      
                            		// length = 11
                            	LC2:
00008025 B6 00 D4 00        		.str 182, 212, 178, 187, 198, 240, 206, 210, 178, 187, 200, 207, 202, 182, 196, 227, 0
         B2 00 BB 00
         C6 00 F0 00
         CE 00 D2 00
         B2 00 BB 00
         C8 00 CF 00
         CA 00 B6 00
         C4 00 E3 00
         00 00      
                            		// length = 17
                            	LC3:
00008036 C4 00 E3 00        		.str 196, 227, 202, 199, 203, 173, 209, 189, 163, 191, 0
         CA 00 C7 00
         CB 00 AD 00
         D1 00 BD 00
         A3 00 BF 00
         00 00      
                            		// length = 11
000094D9                    	.code
00000568                    	.debug
00000568 2E 00 73 00        		.dw '.stabs "main:F1",36,0,0,',0,0,offset _main,seg _main,0x0d,0x0a
         74 00 61 00
         62 00 73 00
         20 00 22 00
         6D 00 61 00
         69 00 6E 00
         3A 00 46 00
         31 00 22 00
         2C 00 33 00
         36 00 2C 00
         30 00 2C 00
         30 00 2C 00
         00 00 00 00
         31 00 00 00
         0D 00 0A 00
000094D9                    	.CODE
                            	.public _main
                            	_main:	.proc
00000586                    	.debug
00000586 2E 00 73 00        		.dw '.stabn 0x44,0,16,',0,0
         74 00 61 00
         62 00 6E 00
         20 00 30 00
         78 00 34 00
         34 00 2C 00
         30 00 2C 00
         31 00 36 00
         2C 00 00 00
         00 00      
00000599 00 00 00 00        		.dd LM11-_main
0000059B 0D 00 0A 00        		.dw 0x0d,0x0a
000094D9                    	.code
                            	LM11:
                            		// total=2, vars=2
                            		// frame_pointer_needed: 1
000094D9 88 DA              		push bp to [sp]
000094DA 42 20              		sp-=2
000094DB 08 0B 01 00        		bp=sp+1
                            	
000094DD 0D 03 05 00        		R1=BP+5
000094DF 01 D2              		[bp+1]=R1	// QImode move
0000059D                    	.debug
0000059D 2E 00 73 00        		.dw '.stabn 0x44,0,17,',0,0
         74 00 61 00
         62 00 6E 00
         20 00 30 00
         78 00 34 00
         34 00 2C 00
         30 00 2C 00
         31 00 37 00
         2C 00 00 00
         00 00      
000005B0 07 00 00 00        		.dd LM12-_main
000005B2 0D 00 0A 00        		.dw 0x0d,0x0a
000094E0                    	.code
                            	LM12:
                            	LBB2:
000094E0 40 92              		R1=0	// QImode move
000094E1 C5 D2              		[BP]=R1	// QImode move
000005B4                    	.debug
000005B4 2E 00 73 00        		.dw '.stabn 0x44,0,18,',0,0
         74 00 61 00
         62 00 6E 00
         20 00 30 00
         78 00 34 00
         34 00 2C 00
         30 00 2C 00
         31 00 38 00
         2C 00 00 00
         00 00      
000005C7 09 00 00 00        		.dd LM13-_main
000005C9 0D 00 0A 00        		.dw 0x0d,0x0a
000094E2                    	.code
                            	LM13:
000094E2 11 93 02 70        		R1=[28674]	// QImode move
000094E4 09 B5 F8 FF        		R2=R1&(-8)
000094E6 1A D5 02 70        		[28674]=R2	// QImode move
000005CB                    	.debug
000005CB 2E 00 73 00        		.dw '.stabn 0x44,0,19,',0,0
         74 00 61 00
         62 00 6E 00
         20 00 30 00
         78 00 34 00
         34 00 2C 00
         30 00 2C 00
         31 00 39 00
         2C 00 00 00
         00 00      
000005DE 0F 00 00 00        		.dd LM14-_main
000005E0 0D 00 0A 00        		.dw 0x0d,0x0a
000094E8                    	.code
                            	LM14:
000094E8 11 93 03 70        		R1=[28675]	// QImode move
000094EA 09 B5 F8 FF        		R2=R1&(-8)
000094EC 1A D5 03 70        		[28675]=R2	// QImode move
000005E2                    	.debug
000005E2 2E 00 73 00        		.dw '.stabn 0x44,0,20,',0,0
         74 00 61 00
         62 00 6E 00
         20 00 30 00
         78 00 34 00
         34 00 2C 00
         30 00 2C 00
         32 00 30 00
         2C 00 00 00
         00 00      
000005F5 15 00 00 00        		.dd LM15-_main
000005F7 0D 00 0A 00        		.dw 0x0d,0x0a
000094EE                    	.code
                            	LM15:
000094EE 11 93 00 70        		R1=[28672]	// QImode move
000094F0 09 B5 F8 FF        		R2=R1&(-8)
000094F2 1A D5 00 70        		[28672]=R2	// QImode move
000005F9                    	.debug
000005F9 2E 00 73 00        		.dw '.stabn 0x44,0,21,',0,0
         74 00 61 00
         62 00 6E 00
         20 00 30 00
         78 00 34 00
         34 00 2C 00
         30 00 2C 00
         32 00 31 00
         2C 00 00 00
         00 00      
0000060C 1B 00 00 00        		.dd LM16-_main
0000060E 0D 00 0A 00        		.dw 0x0d,0x0a
000094F4                    	.code
                            	LM16:
000094F4 40 F0 55 8D        		call _init_12864	// call without return value
00000610                    	.debug
00000610 2E 00 73 00        		.dw '.stabn 0x44,0,22,',0,0
         74 00 61 00
         62 00 6E 00
         20 00 30 00
         78 00 34 00
         34 00 2C 00
         30 00 2C 00
         32 00 32 00
         2C 00 00 00
         00 00      
00000623 1D 00 00 00        		.dd LM17-_main
00000625 0D 00 0A 00        		.dw 0x0d,0x0a
000094F6                    	.code
                            	LM17:
000094F6 41 92              		R1=1	// QImode move
000094F7 C8 D2              		[SP--]=R1	// QImode move
000094F8 40 F0 BF 8E        		call _write_cmd_12864	// call without return value
000094FA 41 00              		SP = SP + 1	//SP
00000627                    	.debug
00000627 2E 00 73 00        		.dw '.stabn 0x44,0,23,',0,0
         74 00 61 00
         62 00 6E 00
         20 00 30 00
         78 00 34 00
         34 00 2C 00
         30 00 2C 00
         32 00 33 00
         2C 00 00 00
         00 00      
0000063A 22 00 00 00        		.dd LM18-_main
0000063C 0D 00 0A 00        		.dw 0x0d,0x0a
000094FB                    	.code
                            	LM18:
000094FB 48 92              		R1=8	// QImode move
000094FC C8 D2              		[SP--]=R1	// QImode move
000094FD 40 92              		R1=0	// QImode move
000094FE C8 D2              		[SP--]=R1	// QImode move
000094FF 40 92              		R1=0	// QImode move
00009500 C8 D2              		[SP--]=R1	// QImode move
00009501 09 93 09 80        		R1=LC0	// QImode move
00009503 C8 D2              		[SP--]=R1	// QImode move
00009504 40 F0 96 8D        		call _write_chinese_12864	// call without return value
00009506 44 00              		SP = SP + 4	//SP
0000063E                    	.debug
0000063E 2E 00 73 00        		.dw '.stabn 0x44,0,25,',0,0
         74 00 61 00
         62 00 6E 00
         20 00 30 00
         78 00 34 00
         34 00 2C 00
         30 00 2C 00
         32 00 35 00
         2C 00 00 00
         00 00      
00000651 2E 00 00 00        		.dd LM19-_main
00000653 0D 00 0A 00        		.dw 0x0d,0x0a
00009507                    	.code
                            	LM19:
                            	L8:
00009507 0F 9F 0B 95        		pc=L10	// Indirect jump
00009509 0F 9F 87 95        		pc=L9	// Indirect jump
                            	L10:
00000655                    	.debug
00000655 2E 00 73 00        		.dw '.stabn 0x44,0,27,',0,0
         74 00 61 00
         62 00 6E 00
         20 00 30 00
         78 00 34 00
         34 00 2C 00
         30 00 2C 00
         32 00 37 00
         2C 00 00 00
         00 00      
00000668 32 00 00 00        		.dd LM20-_main
0000066A 0D 00 0A 00        		.dw 0x0d,0x0a
0000950B                    	.code
                            	LM20:
0000950B 11 93 02 70        		R1=[28674]	// QImode move
0000950D 09 B5 F8 FF        		R2=R1&(-8)
0000950F 1A D5 02 70        		[28674]=R2	// QImode move
0000066C                    	.debug
0000066C 2E 00 73 00        		.dw '.stabn 0x44,0,28,',0,0
         74 00 61 00
         62 00 6E 00
         20 00 30 00
         78 00 34 00
         34 00 2C 00
         30 00 2C 00
         32 00 38 00
         2C 00 00 00
         00 00      
0000067F 38 00 00 00        		.dd LM21-_main
00000681 0D 00 0A 00        		.dw 0x0d,0x0a
00009511                    	.code
                            	LM21:
00009511 11 93 03 70        		R1=[28675]	// QImode move
00009513 09 B5 F8 FF        		R2=R1&(-8)
00009515 1A D5 03 70        		[28675]=R2	// QImode move
00000683                    	.debug
00000683 2E 00 73 00        		.dw '.stabn 0x44,0,29,',0,0
         74 00 61 00
         62 00 6E 00
         20 00 30 00
         78 00 34 00
         34 00 2C 00
         30 00 2C 00
         32 00 39 00
         2C 00 00 00
         00 00      
00000696 3E 00 00 00        		.dd LM22-_main
00000698 0D 00 0A 00        		.dw 0x0d,0x0a
00009517                    	.code
                            	LM22:
00009517 11 93 00 70        		R1=[28672]	// QImode move
00009519 09 B5 F8 FF        		R2=R1&(-8)
0000951B 1A D5 00 70        		[28672]=R2	// QImode move
0000069A                    	.debug
0000069A 2E 00 73 00        		.dw '.stabn 0x44,0,30,',0,0
         74 00 61 00
         62 00 6E 00
         20 00 30 00
         78 00 34 00
         34 00 2C 00
         30 00 2C 00
         33 00 30 00
         2C 00 00 00
         00 00      
000006AD 44 00 00 00        		.dd LM23-_main
000006AF 0D 00 0A 00        		.dw 0x0d,0x0a
0000951D                    	.code
                            	LM23:
0000951D 11 93 00 70        		R1=[28672]	// QImode move
0000951F 09 B5 07 00        		R2=R1&7
00009521 C5 D4              		[BP]=R2	// QImode move
000006B1                    	.debug
000006B1 2E 00 73 00        		.dw '.stabn 0x44,0,31,',0,0
         74 00 61 00
         62 00 6E 00
         20 00 30 00
         78 00 34 00
         34 00 2C 00
         30 00 2C 00
         33 00 31 00
         2C 00 00 00
         00 00      
000006C4 49 00 00 00        		.dd LM24-_main
000006C6 0D 00 0A 00        		.dw 0x0d,0x0a
00009522                    	.code
                            	LM24:
00009522 C5 92              		R1=[BP]	// QImode move
00009523 42 42              		CMP R1,2	// QImode compare
00009524 27 5E 01 EE        		NSJZ L13	//QImode EQ
         00 EE      
00009527 42 42              		CMP R1,2	// QImode compare
00009528 08 9E 01 EE        		NSJA L17	//QImode GTU
         00 EE      
0000952B 41 42              		CMP R1,1	// QImode compare
0000952C 0A 5E 01 EE        		NSJZ L12	//QImode EQ
         00 EE      
0000952F 0F 9F 76 95        		pc=L15	// Indirect jump
                            	L17:
00009531 44 42              		CMP R1,4	// QImode compare
00009532 2E 5E 01 EE        		NSJZ L14	//QImode EQ
         00 EE      
00009535 0F 9F 76 95        		pc=L15	// Indirect jump
                            	L12:
000006C8                    	.debug
000006C8 2E 00 73 00        		.dw '.stabn 0x44,0,34,',0,0
         74 00 61 00
         62 00 6E 00
         20 00 30 00
         78 00 34 00
         34 00 2C 00
         30 00 2C 00
         33 00 34 00
         2C 00 00 00
         00 00      
000006DB 5E 00 00 00        		.dd LM25-_main
000006DD 0D 00 0A 00        		.dw 0x0d,0x0a
00009537                    	.code
                            	LM25:
00009537 45 92              		R1=5	// QImode move
00009538 C8 D2              		[SP--]=R1	// QImode move
00009539 40 92              		R1=0	// QImode move
0000953A C8 D2              		[SP--]=R1	// QImode move
0000953B 40 92              		R1=0	// QImode move
0000953C C8 D2              		[SP--]=R1	// QImode move
0000953D 09 93 1A 80        		R1=LC1	// QImode move
0000953F C8 D2              		[SP--]=R1	// QImode move
00009540 40 F0 96 8D        		call _write_chinese_12864	// call without return value
00009542 44 00              		SP = SP + 4	//SP
000006DF                    	.debug
000006DF 2E 00 73 00        		.dw '.stabn 0x44,0,35,',0,0
         74 00 61 00
         62 00 6E 00
         20 00 30 00
         78 00 34 00
         34 00 2C 00
         30 00 2C 00
         33 00 35 00
         2C 00 00 00
         00 00      
000006F2 6A 00 00 00        		.dd LM26-_main
000006F4 0D 00 0A 00        		.dw 0x0d,0x0a
00009543                    	.code
                            	LM26:
00009543 43 92              		R1=3	// QImode move
00009544 C8 D2              		[SP--]=R1	// QImode move
00009545 40 92              		R1=0	// QImode move
00009546 C8 D2              		[SP--]=R1	// QImode move
00009547 40 F0 A8 94        		call _playsound	// call without return value
00009549 42 00              		SP = SP + 2	//SP
000006F6                    	.debug
000006F6 2E 00 73 00        		.dw '.stabn 0x44,0,36,',0,0
         74 00 61 00
         62 00 6E 00
         20 00 30 00
         78 00 34 00
         34 00 2C 00
         30 00 2C 00
         33 00 36 00
         2C 00 00 00
         00 00      
00000709 71 00 00 00        		.dd LM27-_main
0000070B 0D 00 0A 00        		.dw 0x0d,0x0a
0000954A                    	.code
                            	LM27:
0000954A 0F 9F 85 95        		pc=L11	// Indirect jump
                            	L13:
0000070D                    	.debug
0000070D 2E 00 73 00        		.dw '.stabn 0x44,0,38,',0,0
         74 00 61 00
         62 00 6E 00
         20 00 30 00
         78 00 34 00
         34 00 2C 00
         30 00 2C 00
         33 00 38 00
         2C 00 00 00
         00 00      
00000720 73 00 00 00        		.dd LM28-_main
00000722 0D 00 0A 00        		.dw 0x0d,0x0a
0000954C                    	.code
                            	LM28:
0000954C 48 92              		R1=8	// QImode move
0000954D C8 D2              		[SP--]=R1	// QImode move
0000954E 40 92              		R1=0	// QImode move
0000954F C8 D2              		[SP--]=R1	// QImode move
00009550 40 92              		R1=0	// QImode move
00009551 C8 D2              		[SP--]=R1	// QImode move
00009552 09 93 25 80        		R1=LC2	// QImode move
00009554 C8 D2              		[SP--]=R1	// QImode move
00009555 40 F0 96 8D        		call _write_chinese_12864	// call without return value
00009557 44 00              		SP = SP + 4	//SP
00000724                    	.debug
00000724 2E 00 73 00        		.dw '.stabn 0x44,0,39,',0,0
         74 00 61 00
         62 00 6E 00
         20 00 30 00
         78 00 34 00
         34 00 2C 00
         30 00 2C 00
         33 00 39 00
         2C 00 00 00
         00 00      
00000737 7F 00 00 00        		.dd LM29-_main
00000739 0D 00 0A 00        		.dw 0x0d,0x0a
00009558                    	.code
                            	LM29:
00009558 43 92              		R1=3	// QImode move
00009559 C8 D2              		[SP--]=R1	// QImode move
0000955A 41 92              		R1=1	// QImode move
0000955B C8 D2              		[SP--]=R1	// QImode move
0000955C 40 F0 A8 94        		call _playsound	// call without return value
0000955E 42 00              		SP = SP + 2	//SP
0000073B                    	.debug
0000073B 2E 00 73 00        		.dw '.stabn 0x44,0,40,',0,0
         74 00 61 00
         62 00 6E 00
         20 00 30 00
         78 00 34 00
         34 00 2C 00
         30 00 2C 00
         34 00 30 00
         2C 00 00 00
         00 00      
0000074E 86 00 00 00        		.dd LM30-_main
00000750 0D 00 0A 00        		.dw 0x0d,0x0a
0000955F                    	.code
                            	LM30:
0000955F 0F 9F 85 95        		pc=L11	// Indirect jump
                            	L14:
00000752                    	.debug
00000752 2E 00 73 00        		.dw '.stabn 0x44,0,42,',0,0
         74 00 61 00
         62 00 6E 00
         20 00 30 00
         78 00 34 00
         34 00 2C 00
         30 00 2C 00
         34 00 32 00
         2C 00 00 00
         00 00      
00000765 88 00 00 00        		.dd LM31-_main
00000767 0D 00 0A 00        		.dw 0x0d,0x0a
00009561                    	.code
                            	LM31:
00009561 45 92              		R1=5	// QImode move
00009562 C8 D2              		[SP--]=R1	// QImode move
00009563 40 92              		R1=0	// QImode move
00009564 C8 D2              		[SP--]=R1	// QImode move
00009565 40 92              		R1=0	// QImode move
00009566 C8 D2              		[SP--]=R1	// QImode move
00009567 09 93 36 80        		R1=LC3	// QImode move
00009569 C8 D2              		[SP--]=R1	// QImode move
0000956A 40 F0 96 8D        		call _write_chinese_12864	// call without return value
0000956C 44 00              		SP = SP + 4	//SP
00000769                    	.debug
00000769 2E 00 73 00        		.dw '.stabn 0x44,0,43,',0,0
         74 00 61 00
         62 00 6E 00
         20 00 30 00
         78 00 34 00
         34 00 2C 00
         30 00 2C 00
         34 00 33 00
         2C 00 00 00
         00 00      
0000077C 94 00 00 00        		.dd LM32-_main
0000077E 0D 00 0A 00        		.dw 0x0d,0x0a
0000956D                    	.code
                            	LM32:
0000956D 43 92              		R1=3	// QImode move
0000956E C8 D2              		[SP--]=R1	// QImode move
0000956F 42 92              		R1=2	// QImode move
00009570 C8 D2              		[SP--]=R1	// QImode move
00009571 40 F0 A8 94        		call _playsound	// call without return value
00009573 42 00              		SP = SP + 2	//SP
00000780                    	.debug
00000780 2E 00 73 00        		.dw '.stabn 0x44,0,44,',0,0
         74 00 61 00
         62 00 6E 00
         20 00 30 00
         78 00 34 00
         34 00 2C 00
         30 00 2C 00
         34 00 34 00
         2C 00 00 00
         00 00      
00000793 9B 00 00 00        		.dd LM33-_main
00000795 0D 00 0A 00        		.dw 0x0d,0x0a
00009574                    	.code
                            	LM33:
00009574 0F 9F 85 95        		pc=L11	// Indirect jump
                            	L15:
00000797                    	.debug
00000797 2E 00 73 00        		.dw '.stabn 0x44,0,46,',0,0
         74 00 61 00
         62 00 6E 00
         20 00 30 00
         78 00 34 00
         34 00 2C 00
         30 00 2C 00
         34 00 36 00
         2C 00 00 00
         00 00      
000007AA 9D 00 00 00        		.dd LM34-_main
000007AC 0D 00 0A 00        		.dw 0x0d,0x0a
00009576                    	.code
                            	LM34:
00009576 41 92              		R1=1	// QImode move
00009577 19 D3 12 70        		[28690]=R1	// QImode move
000007AE                    	.debug
000007AE 2E 00 73 00        		.dw '.stabn 0x44,0,47,',0,0
         74 00 61 00
         62 00 6E 00
         20 00 30 00
         78 00 34 00
         34 00 2C 00
         30 00 2C 00
         34 00 37 00
         2C 00 00 00
         00 00      
000007C1 A0 00 00 00        		.dd LM35-_main
000007C3 0D 00 0A 00        		.dw 0x0d,0x0a
00009579                    	.code
                            	LM35:
00009579 48 92              		R1=8	// QImode move
0000957A C8 D2              		[SP--]=R1	// QImode move
0000957B 40 92              		R1=0	// QImode move
0000957C C8 D2              		[SP--]=R1	// QImode move
0000957D 40 92              		R1=0	// QImode move
0000957E C8 D2              		[SP--]=R1	// QImode move
0000957F 09 93 09 80        		R1=LC0	// QImode move
00009581 C8 D2              		[SP--]=R1	// QImode move
00009582 40 F0 96 8D        		call _write_chinese_12864	// call without return value
00009584 44 00              		SP = SP + 4	//SP
                            	L11:
000007C5                    	.debug
000007C5 2E 00 73 00        		.dw '.stabn 0x44,0,49,',0,0
         74 00 61 00
         62 00 6E 00
         20 00 30 00
         78 00 34 00
         34 00 2C 00
         30 00 2C 00
         34 00 39 00
         2C 00 00 00
         00 00      
000007D8 AC 00 00 00        		.dd LM36-_main
000007DA 0D 00 0A 00        		.dw 0x0d,0x0a
00009585                    	.code
                            	LM36:
00009585 0F 9F 07 95        		pc=L8	// Indirect jump
                            	L9:
000007DC                    	.debug
000007DC 2E 00 73 00        		.dw '.stabn 0x44,0,50,',0,0
         74 00 61 00
         62 00 6E 00
         20 00 30 00
         78 00 34 00
         34 00 2C 00
         30 00 2C 00
         35 00 30 00
         2C 00 00 00
         00 00      
000007EF AE 00 00 00        		.dd LM37-_main
000007F1 0D 00 0A 00        		.dw 0x0d,0x0a
00009587                    	.code
                            	LM37:
                            	LBE2:
000007F3                    	.debug
000007F3 2E 00 73 00        		.dw '.stabn 0x44,0,50,',0,0
         74 00 61 00
         62 00 6E 00
         20 00 30 00
         78 00 34 00
         34 00 2C 00
         30 00 2C 00
         35 00 30 00
         2C 00 00 00
         00 00      
00000806 AE 00 00 00        		.dd LM38-_main
00000808 0D 00 0A 00        		.dw 0x0d,0x0a
00009587                    	.code
                            	LM38:
                            	L7:
                            	
00009587 42 00              		sp+=2
00009588 88 98              		pop bp from [sp]
00009589 90 9A              		retf
                            		.endp	// end of main
                            	
0000080A                    	.debug
0000080A 2E 00 73 00        		.dw '.stabn 0xc0,0,0,',0,0
         74 00 61 00
         62 00 6E 00
         20 00 30 00
         78 00 63 00
         30 00 2C 00
         30 00 2C 00
         30 00 2C 00
         00 00 00 00
0000081C 07 00 00 00        		.dd LBB2-_main
0000081E 0D 00 0A 00        		.dw 0x0d,0x0a
0000958A                    	.code
00000820                    	.debug
00000820 2E 00 73 00        		.dw '.stabs "key:11",128,0,0,0',0x0d,0x0a
         74 00 61 00
         62 00 73 00
         20 00 22 00
         6B 00 65 00
         79 00 3A 00
         31 00 31 00
         22 00 2C 00
         31 00 32 00
         38 00 2C 00
         30 00 2C 00
         30 00 2C 00
         30 00 0D 00
         0A 00      
0000958A                    	.CODE
0000083B                    	.debug
0000083B 2E 00 73 00        		.dw '.stabn 0xe0,0,0,',0,0
         74 00 61 00
         62 00 6E 00
         20 00 30 00
         78 00 65 00
         30 00 2C 00
         30 00 2C 00
         30 00 2C 00
         00 00 00 00
0000084D AE 00 00 00        		.dd LBE2-_main
0000084F 0D 00 0A 00        		.dw 0x0d,0x0a
0000958A                    	.code
00000851                    	.debug
00000851 2E 00 73 00        		.dw '.stabf ',0,0
         74 00 61 00
         62 00 66 00
         20 00 00 00
         00 00      
0000085A B1 00 00 00        		.dd LME2-_main
0000085C 0D 00 0A 00        		.dw 0x0d,0x0a
0000958A                    	.code
                            	LME2:
                            	.external _write_chinese_12864
                            	.external _write_cmd_12864
                            	.external _init_12864
                            	.external _SACM_A2000_Stop
                            	.external _SACM_A2000_ServiceLoop
                            	.external _SACM_A2000_Status
                            	.external _SACM_A2000_Play
                            	.external _SACM_A2000_Initial
                            		.end
0 error(s), 0 warning(s).

