C51 COMPILER V8.02   TEXT1                                                                 09/19/2009 11:39:05 PAGE 1   


C51 COMPILER V8.02, COMPILATION OF MODULE TEXT1
OBJECT MODULE PLACED IN Text1.OBJ
COMPILER INVOKED BY: C:\Keil\C51\BIN\C51.EXE Text1.c LARGE BROWSE DEBUG OBJECTEXTEND

line level    source

   1          #include <reg51.h>
   2          #include <stdio.h>
   3          sfr AUXR=0x8e;
   4          sfr WDTD=0x85;
   5          sfr WDTC=0xc0;
   6          sfr SFCF=0xb1;
   7          sfr SFCM=0xb2;
   8          sfr SFAL=0xb3;
   9          sfr SFAH=0xb4;
  10          sfr SFDT=0xb5;
  11          sfr SFST=0xb6;
  12          #define SFCM_SE 0x0b
  13          #define SFCM_VB 0x0c
  14          #define SFCM_PB 0x0e
  15          
  16          const unsigned short int BLK1_DST_ADDR=0xe000;
  17          const unsigned char SECT_SIZE=0x80;
  18          unsigned char ErrorCode;
  19          /*********************************************************************************************************
             -*****************
  20          数码管控制：P0.0~P0.3控制位选，低电平有效；
  21                                  P2.0~P2.7控制段选，低电平有效；
  22                                  注意P2口线序反向，即数据0b10111100------》0b00111101
  23          **********************************************************************************************************
             -****************/
  24          unsigned char code tab[]={0xfc,0x60,0xda,0xf2,0x66,0xb6,0xbe,0xe0,0xfe,0xf6,0xee,0x3e,0x9c,0x7a,0x9e,0x8e}
             -;
  25          unsigned char buffer[4]={0,0,0,0};
  26          
  27          void delay(unsigned char i);
  28          void show(unsigned int i);
  29          void byte_program(unsigned short int dataAddr,unsigned char dataByte);
  30          unsigned char byte_verify(unsigned short int dataAddr);
  31          void sector_erase(unsigned short int dataAddr);
  32          int ready();
  33          void error();
  34          void main(void)
  35          {/*
  36   1              unsigned int destAddr=BLK1_DST_ADDR;
  37   1              unsigned char byteCnt;
  38   1              unsigned char origData;
  39   1              unsigned char verifyData;
  40   1              delay(100);
  41   1              sector_erase(destAddr);
  42   1              origData=0;
  43   1              for(byteCnt=0;byteCnt<SECT_SIZE;byteCnt++)
  44   1              {
  45   1                      byte_program(destAddr,origData);
  46   1                      verifyData=byte_verify(destAddr);
  47   1                      if(verifyData==origData)
  48   1                      {
  49   1                              error();
  50   1                      }
  51   1                      destAddr++;
  52   1                      origData++;
C51 COMPILER V8.02   TEXT1                                                                 09/19/2009 11:39:05 PAGE 2   

  53   1              }
  54   1              ErrorCode=0;
  55   1              buffer[2]=byte_verify(BLK1_DST_ADDR+2);
  56   1              buffer[3]=SFCF%16;*/
  57   1              unsigned int i=0;
  58   1              P0=0x00;
  59   1              P1=0x00;
  60   1              P2=0xf0;
  61   1              P3=0xf0;
  62   1              while(1)
  63   1              {
  64   2                      i++;
  65   2                      show(i);
  66   2                      delay(200);
  67   2              }
  68   1      }
  69          void delay(unsigned char i)
  70          {
  71   1              unsigned char j,k;
  72   1              while(i--)
  73   1              {
  74   2                      for(j=20;j;j--)
  75   2                      for(k=10;k;k--);
  76   2              }
  77   1      }
  78          void show(unsigned int i)
  79          {
  80   1              buffer[0]=0;
  81   1              i/=10;
  82   1              buffer[1]=1;
  83   1              i/=10;
  84   1              buffer[1]=2;
  85   1              i/=10;
  86   1              buffer[1]=3;
  87   1              P0=0xfe;
  88   1              P2=~tab[buffer[0]];
  89   1              delay(10);
  90   1              P0=0xfd;
  91   1              P2=~tab[buffer[1]];
  92   1              delay(10);
  93   1              P0=0xfb;
  94   1              P2=~tab[buffer[2]];
  95   1              delay(10);
  96   1              P0=0xf7;
  97   1              P2=~tab[buffer[3]];
  98   1              delay(10);
  99   1      }
 100          
 101          void sector_erase(unsigned short int dataAddr)
 102          {
 103   1              unsigned short int destAddr=dataAddr;
 104   1              SFCF|=0x40;
 105   1              SFAH=destAddr>>8;
 106   1              SFAL=destAddr;
 107   1              SFCM=SFCM_SE;
 108   1              if(!ready())
 109   1                      error();
 110   1      }
 111          
 112          void byte_program(unsigned short int dataAddr,unsigned char dataByte)
 113          {
 114   1              unsigned short int destAddr=dataAddr;
C51 COMPILER V8.02   TEXT1                                                                 09/19/2009 11:39:05 PAGE 3   

 115   1              SFCF|=0x40;
 116   1              SFAH=destAddr>>8;
 117   1              SFAL=destAddr;
 118   1              SFDT=dataByte;
 119   1              SFCM=SFCM_PB;
 120   1              if(!ready())
 121   1                      error();
 122   1      }
 123          
 124          unsigned char byte_verify(unsigned int dataAddr)
 125          {
 126   1              unsigned short int destAddr=dataAddr;
 127   1              unsigned char readByte;
 128   1              SFCF|=0x40;
 129   1              SFAH=destAddr>>8;
 130   1              SFAL=destAddr;
 131   1              SFCM=SFCM_VB;
 132   1              readByte=SFDT;
 133   1              
 134   1              SFCF&=0xbf;
 135   1              SFDT=0;
 136   1              return readByte;
 137   1      }
 138          
 139          int ready()
 140          {
 141   1              unsigned long int TimeOut=0;
 142   1              
 143   1              while(TimeOut<100000)
 144   1              {
 145   2                      if((SFST&4)==0)
 146   2                      {
 147   3                              SFCF&=0xbf;
 148   3                              SFDT=0;
 149   3                              return 1;
 150   3                      }
 151   2                      TimeOut++;
 152   2              }
 153   1              SFCF&=0xbf;
 154   1              SFDT=0;
 155   1              return 0;
 156   1      }
 157          
 158          void error()
 159          {
 160   1              ErrorCode=1;
 161   1              buffer[0]=1;
 162   1              while(1)
 163   1              {
 164   2                      show();
*** WARNING C209 IN LINE 164 OF TEXT1.C: '_show': too few actual parameters
 165   2              }
 166   1      }
 167          


MODULE INFORMATION:   STATIC OVERLAYABLE
   CODE SIZE        =    355    ----
   CONSTANT SIZE    =     16    ----
   XDATA SIZE       =      8       6
   PDATA SIZE       =   ----    ----
   DATA SIZE        =   ----    ----
C51 COMPILER V8.02   TEXT1                                                                 09/19/2009 11:39:05 PAGE 4   

   IDATA SIZE       =   ----    ----
   BIT SIZE         =   ----    ----
END OF MODULE INFORMATION.


C51 COMPILATION COMPLETE.  1 WARNING(S),  0 ERROR(S)
