Sunplus u'nSP Assembler - Ver. 1.14.3.1
              Listing File Has Been Relocated
                            	// GCC for SUNPLUS u'nSP version 1.0.21-3
                            	// Command: C:\PROGRA~1\Sunplus\UNSPID~1.0\cc1.exe C:\DOCUME~1\ADMINI~1\LOCALS~1\Temp\ccs3aaaa.i -fkeep-inline-functions -quiet -dumpbase nzj.c -mglobal-var-iram -gstabs -Wall -o .\Debug/nzj.asm
                            		.external __sn_func_ptr_sec
                            	
                            	// gcc2_compiled.:
                            	
00000000                    	.debug
00000000 2E 00 73 00        		.dw '.stabs "G:/hellosystem/",0x64,0,3,',0,0,offset Ltext0,seg Ltext0,0x0d,0x0a
         74 00 61 00
         62 00 73 00
         20 00 22 00
         47 00 3A 00
         2F 00 68 00
         65 00 6C 00
         6C 00 6F 00
         73 00 79 00
         73 00 74 00
         65 00 6D 00
         2F 00 22 00
         2C 00 30 00
         78 00 36 00
         34 00 2C 00
         30 00 2C 00
         33 00 2C 00
         00 00 00 00
         00 00 00 00
         0D 00 0A 00
00008029                    	.code
00000028                    	.debug
00000028 2E 00 73 00        		.dw '.stabs "G:/hellosystem/nzj.c",0x64,0,3,',0,0,offset Ltext0,seg Ltext0,0x0d,0x0a
         74 00 61 00
         62 00 73 00
         20 00 22 00
         47 00 3A 00
         2F 00 68 00
         65 00 6C 00
         6C 00 6F 00
         73 00 79 00
         73 00 74 00
         65 00 6D 00
         2F 00 6E 00
         7A 00 6A 00
         2E 00 63 00
         22 00 2C 00
         30 00 78 00
         36 00 34 00
         2C 00 30 00
         2C 00 33 00
         2C 00 00 00
         00 00 00 00
         00 00 0D 00
         0A 00      
00008029                    	.code
00008029                    	.code
                            	Ltext0:
00000055                    	.debug
00000055 2E 00 73 00        		.dw '.stabs "int:t1=r1;-32768;32767;",128,0,0,0',0x0d,0x0a
         74 00 61 00
         62 00 73 00
         20 00 22 00
         69 00 6E 00
         74 00 3A 00
         74 00 31 00
         3D 00 72 00
         31 00 3B 00
         2D 00 33 00
         32 00 37 00
         36 00 38 00
         3B 00 33 00
         32 00 37 00
         36 00 37 00
         3B 00 22 00
         2C 00 31 00
         32 00 38 00
         2C 00 30 00
         2C 00 30 00
         2C 00 30 00
         0D 00 0A 00
00008029                    	.CODE
00000081                    	.debug
00000081 2E 00 73 00        		.dw '.stabs "char:t2=r2;0;127;",128,0,0,0',0x0d,0x0a
         74 00 61 00
         62 00 73 00
         20 00 22 00
         63 00 68 00
         61 00 72 00
         3A 00 74 00
         32 00 3D 00
         72 00 32 00
         3B 00 30 00
         3B 00 31 00
         32 00 37 00
         3B 00 22 00
         2C 00 31 00
         32 00 38 00
         2C 00 30 00
         2C 00 30 00
         2C 00 30 00
         0D 00 0A 00
00008029                    	.CODE
000000A7                    	.debug
000000A7 2E 00 73 00        		.dw '.stabs "long int:t3=r3;-2147483648;2147483647;",128,0,0,0',0x0d,0x0a
         74 00 61 00
         62 00 73 00
         20 00 22 00
         6C 00 6F 00
         6E 00 67 00
         20 00 69 00
         6E 00 74 00
         3A 00 74 00
         33 00 3D 00
         72 00 33 00
         3B 00 2D 00
         32 00 31 00
         34 00 37 00
         34 00 38 00
         33 00 36 00
         34 00 38 00
         3B 00 32 00
         31 00 34 00
         37 00 34 00
         38 00 33 00
         36 00 34 00
         37 00 3B 00
         22 00 2C 00
         31 00 32 00
         38 00 2C 00
         30 00 2C 00
         30 00 2C 00
         30 00 0D 00
         0A 00      
00008029                    	.CODE
000000E2                    	.debug
000000E2 2E 00 73 00        		.dw '.stabs "unsigned int:t4=r4;0;65535;",128,0,0,0',0x0d,0x0a
         74 00 61 00
         62 00 73 00
         20 00 22 00
         75 00 6E 00
         73 00 69 00
         67 00 6E 00
         65 00 64 00
         20 00 69 00
         6E 00 74 00
         3A 00 74 00
         34 00 3D 00
         72 00 34 00
         3B 00 30 00
         3B 00 36 00
         35 00 35 00
         33 00 35 00
         3B 00 22 00
         2C 00 31 00
         32 00 38 00
         2C 00 30 00
         2C 00 30 00
         2C 00 30 00
         0D 00 0A 00
00008029                    	.CODE
00000112                    	.debug
00000112 2E 00 73 00        		.dw '.stabs "long unsigned int:t5=r5;0;4294967295;",128,0,0,0',0x0d,0x0a
         74 00 61 00
         62 00 73 00
         20 00 22 00
         6C 00 6F 00
         6E 00 67 00
         20 00 75 00
         6E 00 73 00
         69 00 67 00
         6E 00 65 00
         64 00 20 00
         69 00 6E 00
         74 00 3A 00
         74 00 35 00
         3D 00 72 00
         35 00 3B 00
         30 00 3B 00
         34 00 32 00
         39 00 34 00
         39 00 36 00
         37 00 32 00
         39 00 35 00
         3B 00 22 00
         2C 00 31 00
         32 00 38 00
         2C 00 30 00
         2C 00 30 00
         2C 00 30 00
         0D 00 0A 00
00008029                    	.CODE
0000014C                    	.debug
0000014C 2E 00 73 00        		.dw '.stabs "long long int:t6=r6;-2147483648;2147483647;",128,0,0,0',0x0d,0x0a
         74 00 61 00
         62 00 73 00
         20 00 22 00
         6C 00 6F 00
         6E 00 67 00
         20 00 6C 00
         6F 00 6E 00
         67 00 20 00
         69 00 6E 00
         74 00 3A 00
         74 00 36 00
         3D 00 72 00
         36 00 3B 00
         2D 00 32 00
         31 00 34 00
         37 00 34 00
         38 00 33 00
         36 00 34 00
         38 00 3B 00
         32 00 31 00
         34 00 37 00
         34 00 38 00
         33 00 36 00
         34 00 37 00
         3B 00 22 00
         2C 00 31 00
         32 00 38 00
         2C 00 30 00
         2C 00 30 00
         2C 00 30 00
         0D 00 0A 00
00008029                    	.CODE
0000018C                    	.debug
0000018C 2E 00 73 00        		.dw '.stabs "long long unsigned int:t7=r7;0;4294967295;",128,0,0,0',0x0d,0x0a
         74 00 61 00
         62 00 73 00
         20 00 22 00
         6C 00 6F 00
         6E 00 67 00
         20 00 6C 00
         6F 00 6E 00
         67 00 20 00
         75 00 6E 00
         73 00 69 00
         67 00 6E 00
         65 00 64 00
         20 00 69 00
         6E 00 74 00
         3A 00 74 00
         37 00 3D 00
         72 00 37 00
         3B 00 30 00
         3B 00 34 00
         32 00 39 00
         34 00 39 00
         36 00 37 00
         32 00 39 00
         35 00 3B 00
         22 00 2C 00
         31 00 32 00
         38 00 2C 00
         30 00 2C 00
         30 00 2C 00
         30 00 0D 00
         0A 00      
00008029                    	.CODE
000001CB                    	.debug
000001CB 2E 00 73 00        		.dw '.stabs "short int:t8=r8;-32768;32767;",128,0,0,0',0x0d,0x0a
         74 00 61 00
         62 00 73 00
         20 00 22 00
         73 00 68 00
         6F 00 72 00
         74 00 20 00
         69 00 6E 00
         74 00 3A 00
         74 00 38 00
         3D 00 72 00
         38 00 3B 00
         2D 00 33 00
         32 00 37 00
         36 00 38 00
         3B 00 33 00
         32 00 37 00
         36 00 37 00
         3B 00 22 00
         2C 00 31 00
         32 00 38 00
         2C 00 30 00
         2C 00 30 00
         2C 00 30 00
         0D 00 0A 00
00008029                    	.CODE
000001FD                    	.debug
000001FD 2E 00 73 00        		.dw '.stabs "short unsigned int:t9=r9;0;65535;",128,0,0,0',0x0d,0x0a
         74 00 61 00
         62 00 73 00
         20 00 22 00
         73 00 68 00
         6F 00 72 00
         74 00 20 00
         75 00 6E 00
         73 00 69 00
         67 00 6E 00
         65 00 64 00
         20 00 69 00
         6E 00 74 00
         3A 00 74 00
         39 00 3D 00
         72 00 39 00
         3B 00 30 00
         3B 00 36 00
         35 00 35 00
         33 00 35 00
         3B 00 22 00
         2C 00 31 00
         32 00 38 00
         2C 00 30 00
         2C 00 30 00
         2C 00 30 00
         0D 00 0A 00
00008029                    	.CODE
00000233                    	.debug
00000233 2E 00 73 00        		.dw '.stabs "signed char:t10=r10;-32768;32767;",128,0,0,0',0x0d,0x0a
         74 00 61 00
         62 00 73 00
         20 00 22 00
         73 00 69 00
         67 00 6E 00
         65 00 64 00
         20 00 63 00
         68 00 61 00
         72 00 3A 00
         74 00 31 00
         30 00 3D 00
         72 00 31 00
         30 00 3B 00
         2D 00 33 00
         32 00 37 00
         36 00 38 00
         3B 00 33 00
         32 00 37 00
         36 00 37 00
         3B 00 22 00
         2C 00 31 00
         32 00 38 00
         2C 00 30 00
         2C 00 30 00
         2C 00 30 00
         0D 00 0A 00
00008029                    	.CODE
00000269                    	.debug
00000269 2E 00 73 00        		.dw '.stabs "unsigned char:t11=r11;0;65535;",128,0,0,0',0x0d,0x0a
         74 00 61 00
         62 00 73 00
         20 00 22 00
         75 00 6E 00
         73 00 69 00
         67 00 6E 00
         65 00 64 00
         20 00 63 00
         68 00 61 00
         72 00 3A 00
         74 00 31 00
         31 00 3D 00
         72 00 31 00
         31 00 3B 00
         30 00 3B 00
         36 00 35 00
         35 00 33 00
         35 00 3B 00
         22 00 2C 00
         31 00 32 00
         38 00 2C 00
         30 00 2C 00
         30 00 2C 00
         30 00 0D 00
         0A 00      
00008029                    	.CODE
0000029C                    	.debug
0000029C 2E 00 73 00        		.dw '.stabs "float:t12=r1;2;0;",128,0,0,0',0x0d,0x0a
         74 00 61 00
         62 00 73 00
         20 00 22 00
         66 00 6C 00
         6F 00 61 00
         74 00 3A 00
         74 00 31 00
         32 00 3D 00
         72 00 31 00
         3B 00 32 00
         3B 00 30 00
         3B 00 22 00
         2C 00 31 00
         32 00 38 00
         2C 00 30 00
         2C 00 30 00
         2C 00 30 00
         0D 00 0A 00
00008029                    	.CODE
000002C2                    	.debug
000002C2 2E 00 73 00        		.dw '.stabs "double:t13=r1;2;0;",128,0,0,0',0x0d,0x0a
         74 00 61 00
         62 00 73 00
         20 00 22 00
         64 00 6F 00
         75 00 62 00
         6C 00 65 00
         3A 00 74 00
         31 00 33 00
         3D 00 72 00
         31 00 3B 00
         32 00 3B 00
         30 00 3B 00
         22 00 2C 00
         31 00 32 00
         38 00 2C 00
         30 00 2C 00
         30 00 2C 00
         30 00 0D 00
         0A 00      
00008029                    	.CODE
000002E9                    	.debug
000002E9 2E 00 73 00        		.dw '.stabs "long double:t14=r1;2;0;",128,0,0,0',0x0d,0x0a
         74 00 61 00
         62 00 73 00
         20 00 22 00
         6C 00 6F 00
         6E 00 67 00
         20 00 64 00
         6F 00 75 00
         62 00 6C 00
         65 00 3A 00
         74 00 31 00
         34 00 3D 00
         72 00 31 00
         3B 00 32 00
         3B 00 30 00
         3B 00 22 00
         2C 00 31 00
         32 00 38 00
         2C 00 30 00
         2C 00 30 00
         2C 00 30 00
         0D 00 0A 00
00008029                    	.CODE
00000315                    	.debug
00000315 2E 00 73 00        		.dw '.stabs "complex int:t15=s2real:1,0,16;imag:1,16,16;;",128,0,0,0',0x0d,0x0a
         74 00 61 00
         62 00 73 00
         20 00 22 00
         63 00 6F 00
         6D 00 70 00
         6C 00 65 00
         78 00 20 00
         69 00 6E 00
         74 00 3A 00
         74 00 31 00
         35 00 3D 00
         73 00 32 00
         72 00 65 00
         61 00 6C 00
         3A 00 31 00
         2C 00 30 00
         2C 00 31 00
         36 00 3B 00
         69 00 6D 00
         61 00 67 00
         3A 00 31 00
         2C 00 31 00
         36 00 2C 00
         31 00 36 00
         3B 00 3B 00
         22 00 2C 00
         31 00 32 00
         38 00 2C 00
         30 00 2C 00
         30 00 2C 00
         30 00 0D 00
         0A 00      
00008029                    	.CODE
00000356                    	.debug
00000356 2E 00 73 00        		.dw '.stabs "complex float:t16=r16;2;0;",128,0,0,0',0x0d,0x0a
         74 00 61 00
         62 00 73 00
         20 00 22 00
         63 00 6F 00
         6D 00 70 00
         6C 00 65 00
         78 00 20 00
         66 00 6C 00
         6F 00 61 00
         74 00 3A 00
         74 00 31 00
         36 00 3D 00
         72 00 31 00
         36 00 3B 00
         32 00 3B 00
         30 00 3B 00
         22 00 2C 00
         31 00 32 00
         38 00 2C 00
         30 00 2C 00
         30 00 2C 00
         30 00 0D 00
         0A 00      
00008029                    	.CODE
00000385                    	.debug
00000385 2E 00 73 00        		.dw '.stabs "complex double:t17=r17;2;0;",128,0,0,0',0x0d,0x0a
         74 00 61 00
         62 00 73 00
         20 00 22 00
         63 00 6F 00
         6D 00 70 00
         6C 00 65 00
         78 00 20 00
         64 00 6F 00
         75 00 62 00
         6C 00 65 00
         3A 00 74 00
         31 00 37 00
         3D 00 72 00
         31 00 37 00
         3B 00 32 00
         3B 00 30 00
         3B 00 22 00
         2C 00 31 00
         32 00 38 00
         2C 00 30 00
         2C 00 30 00
         2C 00 30 00
         0D 00 0A 00
00008029                    	.CODE
000003B5                    	.debug
000003B5 2E 00 73 00        		.dw '.stabs "complex long double:t18=r18;2;0;",128,0,0,0',0x0d,0x0a
         74 00 61 00
         62 00 73 00
         20 00 22 00
         63 00 6F 00
         6D 00 70 00
         6C 00 65 00
         78 00 20 00
         6C 00 6F 00
         6E 00 67 00
         20 00 64 00
         6F 00 75 00
         62 00 6C 00
         65 00 3A 00
         74 00 31 00
         38 00 3D 00
         72 00 31 00
         38 00 3B 00
         32 00 3B 00
         30 00 3B 00
         22 00 2C 00
         31 00 32 00
         38 00 2C 00
         30 00 2C 00
         30 00 2C 00
         30 00 0D 00
         0A 00      
00008029                    	.CODE
000003EA                    	.debug
000003EA 2E 00 73 00        		.dw '.stabs "void:t19=19",128,0,0,0',0x0d,0x0a
         74 00 61 00
         62 00 73 00
         20 00 22 00
         76 00 6F 00
         69 00 64 00
         3A 00 74 00
         31 00 39 00
         3D 00 31 00
         39 00 22 00
         2C 00 31 00
         32 00 38 00
         2C 00 30 00
         2C 00 30 00
         2C 00 30 00
         0D 00 0A 00
00008029                    	.CODE
0000040A                    	.debug
0000040A 2E 00 73 00        		.dw '.stabs "stack1:G20=ar1;0;19;11",32,0,0,',0,0,offset _stack1,seg _stack1,0x0d,0x0a
         74 00 61 00
         62 00 73 00
         20 00 22 00
         73 00 74 00
         61 00 63 00
         6B 00 31 00
         3A 00 47 00
         32 00 30 00
         3D 00 61 00
         72 00 31 00
         3B 00 30 00
         3B 00 31 00
         39 00 3B 00
         31 00 31 00
         22 00 2C 00
         33 00 32 00
         2C 00 30 00
         2C 00 30 00
         2C 00 00 00
         00 00 01 00
         00 00 0D 00
         0A 00      
00008029                    	.CODE
00000437                    	.debug
00000437 2E 00 73 00        		.dw '.stabs "stack2:G20",32,0,0,',0,0,offset _stack2,seg _stack2,0x0d,0x0a
         74 00 61 00
         62 00 73 00
         20 00 22 00
         73 00 74 00
         61 00 63 00
         6B 00 32 00
         3A 00 47 00
         32 00 30 00
         22 00 2C 00
         33 00 32 00
         2C 00 30 00
         2C 00 30 00
         2C 00 00 00
         00 00 15 00
         00 00 0D 00
         0A 00      
00008029                    	.CODE
00000458                    	.debug
00000458 2E 00 73 00        		.dw '.stabs "pstack:G21=*11",32,0,0,',0,0,offset _pstack,seg _pstack,0x0d,0x0a
         74 00 61 00
         62 00 73 00
         20 00 22 00
         70 00 73 00
         74 00 61 00
         63 00 6B 00
         3A 00 47 00
         32 00 31 00
         3D 00 2A 00
         31 00 31 00
         22 00 2C 00
         33 00 32 00
         2C 00 30 00
         2C 00 30 00
         2C 00 00 00
         00 00 29 00
         00 00 0D 00
         0A 00      
00008029                    	.CODE
                            	.public _flag
00000001                    	.iram
                            	_flag:
00000001 01 00              		.dw 1
0000047D                    	.debug
0000047D 2E 00 73 00        		.dw '.stabs "flag:G11",32,0,0,',0,0,offset _flag,seg _flag,0x0d,0x0a
         74 00 61 00
         62 00 73 00
         20 00 22 00
         66 00 6C 00
         61 00 67 00
         3A 00 47 00
         31 00 31 00
         22 00 2C 00
         33 00 32 00
         2C 00 30 00
         2C 00 30 00
         2C 00 00 00
         00 00 00 00
         00 00 0D 00
         0A 00      
00008029                    	.CODE
00008029                    	.code
0000049C                    	.debug
0000049C 2E 00 73 00        		.dw '.stabs "taskcreate:F19",36,0,0,',0,0,offset _taskcreate,seg _taskcreate,0x0d,0x0a
         74 00 61 00
         62 00 73 00
         20 00 22 00
         74 00 61 00
         73 00 6B 00
         63 00 72 00
         65 00 61 00
         74 00 65 00
         3A 00 46 00
         31 00 39 00
         22 00 2C 00
         33 00 36 00
         2C 00 30 00
         2C 00 30 00
         2C 00 00 00
         00 00 00 00
         00 00 0D 00
         0A 00      
00008029                    	.CODE
                            	.public _taskcreate
                            	_taskcreate:	.proc
000004C1                    	.debug
000004C1 2E 00 73 00        		.dw '.stabn 0x44,0,9,',0,0
         74 00 61 00
         62 00 6E 00
         20 00 30 00
         78 00 34 00
         34 00 2C 00
         30 00 2C 00
         39 00 2C 00
         00 00 00 00
000004D3 00 00 00 00        		.dd LM1-_taskcreate
000004D5 0D 00 0A 00        		.dw 0x0d,0x0a
00008029                    	.code
                            	LM1:
                            		// total=2, vars=2
                            		// frame_pointer_needed: 1
00008029 88 DA              		push bp to [sp]
0000802A 42 20              		sp-=2
0000802B 08 0B 01 00        		bp=sp+1
                            	
0000802D 0D 03 05 00        		R1=BP+5
000004D7                    	.debug
000004D7 2E 00 73 00        		.dw '.stabn 0x44,0,10,',0,0
         74 00 61 00
         62 00 6E 00
         20 00 30 00
         78 00 34 00
         34 00 2C 00
         30 00 2C 00
         31 00 30 00
         2C 00 00 00
         00 00      
000004EA 06 00 00 00        		.dd LM2-_taskcreate
000004EC 0D 00 0A 00        		.dw 0x0d,0x0a
0000802F                    	.code
                            	LM2:
0000802F 0A 95 2A 00        		R2=_pstack	// QImode move
00008031 01 D4              		[bp+1]=R2	// QImode move
00008032 01 98              		R4=[bp+1]	// QImode move
00008033 C4 96              		R3=[R4]	// QImode move
00008034 01 95              		R2=R1	// QImode move
00008035 C2 94              		R2=[R2]	// QImode move
00008036 C5 D4              		[BP]=R2	// QImode move
00008037 C5 98              		R4=[BP]	// QImode move
00008038 03 95              		R2=R3	// QImode move
00008039 C2 D8              		[R2]=R4	// QImode move
0000803A 0B 07 FF FF        		R3=R3+(-1)
0000803C 01 98              		R4=[bp+1]	// QImode move
0000803D C4 D6              		[R4]=R3	// QImode move
000004EE                    	.debug
000004EE 2E 00 73 00        		.dw '.stabn 0x44,0,11,',0,0
         74 00 61 00
         62 00 6E 00
         20 00 30 00
         78 00 34 00
         34 00 2C 00
         30 00 2C 00
         31 00 31 00
         2C 00 00 00
         00 00      
00000501 15 00 00 00        		.dd LM3-_taskcreate
00000503 0D 00 0A 00        		.dw 0x0d,0x0a
0000803E                    	.code
                            	LM3:
0000803E 0A 95 2A 00        		R2=_pstack	// QImode move
00008040 01 D4              		[bp+1]=R2	// QImode move
00008041 01 98              		R4=[bp+1]	// QImode move
00008042 C4 96              		R3=[R4]	// QImode move
00008043 40 94              		R2=0	// QImode move
00008044 C5 D4              		[BP]=R2	// QImode move
00008045 C5 98              		R4=[BP]	// QImode move
00008046 03 95              		R2=R3	// QImode move
00008047 C2 D8              		[R2]=R4	// QImode move
00008048 0B 07 FF FF        		R3=R3+(-1)
0000804A 01 98              		R4=[bp+1]	// QImode move
0000804B C4 D6              		[R4]=R3	// QImode move
00000505                    	.debug
00000505 2E 00 73 00        		.dw '.stabn 0x44,0,12,',0,0
         74 00 61 00
         62 00 6E 00
         20 00 30 00
         78 00 34 00
         34 00 2C 00
         30 00 2C 00
         31 00 32 00
         2C 00 00 00
         00 00      
00000518 23 00 00 00        		.dd LM4-_taskcreate
0000051A 0D 00 0A 00        		.dw 0x0d,0x0a
0000804C                    	.code
                            	LM4:
                            	// GCC inline ASM start
0000804C 08 91 2A 00        		sp=_pstack
                            	// GCC inline ASM end
0000051C                    	.debug
0000051C 2E 00 73 00        		.dw '.stabn 0x44,0,13,',0,0
         74 00 61 00
         62 00 6E 00
         20 00 30 00
         78 00 34 00
         34 00 2C 00
         30 00 2C 00
         31 00 33 00
         2C 00 00 00
         00 00      
0000052F 25 00 00 00        		.dd LM5-_taskcreate
00000531 0D 00 0A 00        		.dw 0x0d,0x0a
0000804E                    	.code
                            	LM5:
00000533                    	.debug
00000533 2E 00 73 00        		.dw '.stabn 0x44,0,13,',0,0
         74 00 61 00
         62 00 6E 00
         20 00 30 00
         78 00 34 00
         34 00 2C 00
         30 00 2C 00
         31 00 33 00
         2C 00 00 00
         00 00      
00000546 25 00 00 00        		.dd LM6-_taskcreate
00000548 0D 00 0A 00        		.dw 0x0d,0x0a
0000804E                    	.code
                            	LM6:
                            	L2:
                            	
0000804E 42 00              		sp+=2
0000804F 88 98              		pop bp from [sp]
00008050 90 9A              		retf
                            		.endp	// end of taskcreate
                            	
0000054A                    	.debug
0000054A 2E 00 73 00        		.dw '.stabs "fun:p22=*23=f19",160,0,0,5',0x0d,0x0a
         74 00 61 00
         62 00 73 00
         20 00 22 00
         66 00 75 00
         6E 00 3A 00
         70 00 32 00
         32 00 3D 00
         2A 00 32 00
         33 00 3D 00
         66 00 31 00
         39 00 22 00
         2C 00 31 00
         36 00 30 00
         2C 00 30 00
         2C 00 30 00
         2C 00 35 00
         0D 00 0A 00
00008051                    	.CODE
0000056E                    	.debug
0000056E 2E 00 73 00        		.dw '.stabf ',0,0
         74 00 61 00
         62 00 66 00
         20 00 00 00
         00 00      
00000577 28 00 00 00        		.dd LME1-_taskcreate
00000579 0D 00 0A 00        		.dw 0x0d,0x0a
00008051                    	.code
                            	LME1:
00008051                    	.code
0000057B                    	.debug
0000057B 2E 00 73 00        		.dw '.stabs "fun1:F19",36,0,0,',0,0,offset _fun1,seg _fun1,0x0d,0x0a
         74 00 61 00
         62 00 73 00
         20 00 22 00
         66 00 75 00
         6E 00 31 00
         3A 00 46 00
         31 00 39 00
         22 00 2C 00
         33 00 36 00
         2C 00 30 00
         2C 00 30 00
         2C 00 00 00
         00 00 28 00
         00 00 0D 00
         0A 00      
00008051                    	.CODE
                            	.public _fun1
                            	_fun1:	.proc
0000059A                    	.debug
0000059A 2E 00 73 00        		.dw '.stabn 0x44,0,16,',0,0
         74 00 61 00
         62 00 6E 00
         20 00 30 00
         78 00 34 00
         34 00 2C 00
         30 00 2C 00
         31 00 36 00
         2C 00 00 00
         00 00      
000005AD 00 00 00 00        		.dd LM7-_fun1
000005AF 0D 00 0A 00        		.dw 0x0d,0x0a
00008051                    	.code
                            	LM7:
                            		// total=0, vars=0
                            		// frame_pointer_needed: 1
00008051 88 DA              		push bp to [sp]
00008052 08 0B 01 00        		bp=sp+1
                            	
00008054 0D 03 03 00        		R1=BP+3
000005B1                    	.debug
000005B1 2E 00 73 00        		.dw '.stabn 0x44,0,17,',0,0
         74 00 61 00
         62 00 6E 00
         20 00 30 00
         78 00 34 00
         34 00 2C 00
         30 00 2C 00
         31 00 37 00
         2C 00 00 00
         00 00      
000005C4 05 00 00 00        		.dd LM8-_fun1
000005C6 0D 00 0A 00        		.dw 0x0d,0x0a
00008056                    	.code
                            	LM8:
                            	L4:
00008056 0F 9F 5A 80        		pc=L6	// Indirect jump
00008058 0F 9F 63 80        		pc=L5	// Indirect jump
                            	L6:
000005C8                    	.debug
000005C8 2E 00 73 00        		.dw '.stabn 0x44,0,19,',0,0
         74 00 61 00
         62 00 6E 00
         20 00 30 00
         78 00 34 00
         34 00 2C 00
         30 00 2C 00
         31 00 39 00
         2C 00 00 00
         00 00      
000005DB 09 00 00 00        		.dd LM9-_fun1
000005DD 0D 00 0A 00        		.dw 0x0d,0x0a
0000805A                    	.code
                            	LM9:
0000805A 41 94              		R2=1	// QImode move
0000805B 1A D5 12 70        		[28690]=R2	// QImode move
000005DF                    	.debug
000005DF 2E 00 73 00        		.dw '.stabn 0x44,0,20,',0,0
         74 00 61 00
         62 00 6E 00
         20 00 30 00
         78 00 34 00
         34 00 2C 00
         30 00 2C 00
         32 00 30 00
         2C 00 00 00
         00 00      
000005F2 0C 00 00 00        		.dd LM10-_fun1
000005F4 0D 00 0A 00        		.dw 0x0d,0x0a
0000805D                    	.code
                            	LM10:
0000805D 41 94              		R2=1	// QImode move
0000805E 1A D5 01 00        		[_flag]=R2	// QImode move
000005F6                    	.debug
000005F6 2E 00 73 00        		.dw '.stabn 0x44,0,21,',0,0
         74 00 61 00
         62 00 6E 00
         20 00 30 00
         78 00 34 00
         34 00 2C 00
         30 00 2C 00
         32 00 31 00
         2C 00 00 00
         00 00      
00000609 0F 00 00 00        		.dd LM11-_fun1
0000060B 0D 00 0A 00        		.dw 0x0d,0x0a
00008060                    	.code
                            	LM11:
                            	// GCC inline ASM start
00008060 60 F1              		break
                            	// GCC inline ASM end
0000060D                    	.debug
0000060D 2E 00 73 00        		.dw '.stabn 0x44,0,22,',0,0
         74 00 61 00
         62 00 6E 00
         20 00 30 00
         78 00 34 00
         34 00 2C 00
         30 00 2C 00
         32 00 32 00
         2C 00 00 00
         00 00      
00000620 10 00 00 00        		.dd LM12-_fun1
00000622 0D 00 0A 00        		.dw 0x0d,0x0a
00008061                    	.code
                            	LM12:
00008061 0F 9F 56 80        		pc=L4	// Indirect jump
                            	L5:
00000624                    	.debug
00000624 2E 00 73 00        		.dw '.stabn 0x44,0,23,',0,0
         74 00 61 00
         62 00 6E 00
         20 00 30 00
         78 00 34 00
         34 00 2C 00
         30 00 2C 00
         32 00 33 00
         2C 00 00 00
         00 00      
00000637 12 00 00 00        		.dd LM13-_fun1
00000639 0D 00 0A 00        		.dw 0x0d,0x0a
00008063                    	.code
                            	LM13:
0000063B                    	.debug
0000063B 2E 00 73 00        		.dw '.stabn 0x44,0,23,',0,0
         74 00 61 00
         62 00 6E 00
         20 00 30 00
         78 00 34 00
         34 00 2C 00
         30 00 2C 00
         32 00 33 00
         2C 00 00 00
         00 00      
0000064E 12 00 00 00        		.dd LM14-_fun1
00000650 0D 00 0A 00        		.dw 0x0d,0x0a
00008063                    	.code
                            	LM14:
                            	L3:
                            	
00008063 88 98              		pop bp from [sp]
00008064 90 9A              		retf
                            		.endp	// end of fun1
                            	
00000652                    	.debug
00000652 2E 00 73 00        		.dw '.stabf ',0,0
         74 00 61 00
         62 00 66 00
         20 00 00 00
         00 00      
0000065B 14 00 00 00        		.dd LME2-_fun1
0000065D 0D 00 0A 00        		.dw 0x0d,0x0a
00008065                    	.code
                            	LME2:
00008065                    	.code
0000065F                    	.debug
0000065F 2E 00 73 00        		.dw '.stabs "fun2:F19",36,0,0,',0,0,offset _fun2,seg _fun2,0x0d,0x0a
         74 00 61 00
         62 00 73 00
         20 00 22 00
         66 00 75 00
         6E 00 32 00
         3A 00 46 00
         31 00 39 00
         22 00 2C 00
         33 00 36 00
         2C 00 30 00
         2C 00 30 00
         2C 00 00 00
         00 00 3C 00
         00 00 0D 00
         0A 00      
00008065                    	.CODE
                            	.public _fun2
                            	_fun2:	.proc
0000067E                    	.debug
0000067E 2E 00 73 00        		.dw '.stabn 0x44,0,25,',0,0
         74 00 61 00
         62 00 6E 00
         20 00 30 00
         78 00 34 00
         34 00 2C 00
         30 00 2C 00
         32 00 35 00
         2C 00 00 00
         00 00      
00000691 00 00 00 00        		.dd LM15-_fun2
00000693 0D 00 0A 00        		.dw 0x0d,0x0a
00008065                    	.code
                            	LM15:
                            		// total=0, vars=0
                            		// frame_pointer_needed: 1
00008065 88 DA              		push bp to [sp]
00008066 08 0B 01 00        		bp=sp+1
                            	
00008068 0D 03 03 00        		R1=BP+3
00000695                    	.debug
00000695 2E 00 73 00        		.dw '.stabn 0x44,0,26,',0,0
         74 00 61 00
         62 00 6E 00
         20 00 30 00
         78 00 34 00
         34 00 2C 00
         30 00 2C 00
         32 00 36 00
         2C 00 00 00
         00 00      
000006A8 05 00 00 00        		.dd LM16-_fun2
000006AA 0D 00 0A 00        		.dw 0x0d,0x0a
0000806A                    	.code
                            	LM16:
                            	L8:
0000806A 0F 9F 6E 80        		pc=L10	// Indirect jump
0000806C 0F 9F 77 80        		pc=L9	// Indirect jump
                            	L10:
000006AC                    	.debug
000006AC 2E 00 73 00        		.dw '.stabn 0x44,0,28,',0,0
         74 00 61 00
         62 00 6E 00
         20 00 30 00
         78 00 34 00
         34 00 2C 00
         30 00 2C 00
         32 00 38 00
         2C 00 00 00
         00 00      
000006BF 09 00 00 00        		.dd LM17-_fun2
000006C1 0D 00 0A 00        		.dw 0x0d,0x0a
0000806E                    	.code
                            	LM17:
0000806E 41 94              		R2=1	// QImode move
0000806F 1A D5 12 70        		[28690]=R2	// QImode move
000006C3                    	.debug
000006C3 2E 00 73 00        		.dw '.stabn 0x44,0,29,',0,0
         74 00 61 00
         62 00 6E 00
         20 00 30 00
         78 00 34 00
         34 00 2C 00
         30 00 2C 00
         32 00 39 00
         2C 00 00 00
         00 00      
000006D6 0C 00 00 00        		.dd LM18-_fun2
000006D8 0D 00 0A 00        		.dw 0x0d,0x0a
00008071                    	.code
                            	LM18:
00008071 42 94              		R2=2	// QImode move
00008072 1A D5 01 00        		[_flag]=R2	// QImode move
000006DA                    	.debug
000006DA 2E 00 73 00        		.dw '.stabn 0x44,0,30,',0,0
         74 00 61 00
         62 00 6E 00
         20 00 30 00
         78 00 34 00
         34 00 2C 00
         30 00 2C 00
         33 00 30 00
         2C 00 00 00
         00 00      
000006ED 0F 00 00 00        		.dd LM19-_fun2
000006EF 0D 00 0A 00        		.dw 0x0d,0x0a
00008074                    	.code
                            	LM19:
                            	// GCC inline ASM start
00008074 60 F1              		break
                            	// GCC inline ASM end
000006F1                    	.debug
000006F1 2E 00 73 00        		.dw '.stabn 0x44,0,31,',0,0
         74 00 61 00
         62 00 6E 00
         20 00 30 00
         78 00 34 00
         34 00 2C 00
         30 00 2C 00
         33 00 31 00
         2C 00 00 00
         00 00      
00000704 10 00 00 00        		.dd LM20-_fun2
00000706 0D 00 0A 00        		.dw 0x0d,0x0a
00008075                    	.code
                            	LM20:
00008075 0F 9F 6A 80        		pc=L8	// Indirect jump
                            	L9:
00000708                    	.debug
00000708 2E 00 73 00        		.dw '.stabn 0x44,0,32,',0,0
         74 00 61 00
         62 00 6E 00
         20 00 30 00
         78 00 34 00
         34 00 2C 00
         30 00 2C 00
         33 00 32 00
         2C 00 00 00
         00 00      
0000071B 12 00 00 00        		.dd LM21-_fun2
0000071D 0D 00 0A 00        		.dw 0x0d,0x0a
00008077                    	.code
                            	LM21:
0000071F                    	.debug
0000071F 2E 00 73 00        		.dw '.stabn 0x44,0,32,',0,0
         74 00 61 00
         62 00 6E 00
         20 00 30 00
         78 00 34 00
         34 00 2C 00
         30 00 2C 00
         33 00 32 00
         2C 00 00 00
         00 00      
00000732 12 00 00 00        		.dd LM22-_fun2
00000734 0D 00 0A 00        		.dw 0x0d,0x0a
00008077                    	.code
                            	LM22:
                            	L7:
                            	
00008077 88 98              		pop bp from [sp]
00008078 90 9A              		retf
                            		.endp	// end of fun2
                            	
00000736                    	.debug
00000736 2E 00 73 00        		.dw '.stabf ',0,0
         74 00 61 00
         62 00 66 00
         20 00 00 00
         00 00      
0000073F 14 00 00 00        		.dd LME3-_fun2
00000741 0D 00 0A 00        		.dw 0x0d,0x0a
00008079                    	.code
                            	LME3:
00008079                    	.code
00000743                    	.debug
00000743 2E 00 73 00        		.dw '.stabs "main:F1",36,0,0,',0,0,offset _main,seg _main,0x0d,0x0a
         74 00 61 00
         62 00 73 00
         20 00 22 00
         6D 00 61 00
         69 00 6E 00
         3A 00 46 00
         31 00 22 00
         2C 00 33 00
         36 00 2C 00
         30 00 2C 00
         30 00 2C 00
         00 00 00 00
         50 00 00 00
         0D 00 0A 00
00008079                    	.CODE
                            	.public _main
                            	_main:	.proc
00000761                    	.debug
00000761 2E 00 73 00        		.dw '.stabn 0x44,0,34,',0,0
         74 00 61 00
         62 00 6E 00
         20 00 30 00
         78 00 34 00
         34 00 2C 00
         30 00 2C 00
         33 00 34 00
         2C 00 00 00
         00 00      
00000774 00 00 00 00        		.dd LM23-_main
00000776 0D 00 0A 00        		.dw 0x0d,0x0a
00008079                    	.code
                            	LM23:
                            		// total=1, vars=1
                            		// frame_pointer_needed: 1
00008079 88 DA              		push bp to [sp]
0000807A 41 20              		sp-=1
0000807B 08 0B 01 00        		bp=sp+1
                            	
0000807D 0D 03 04 00        		R1=BP+4
0000807F C5 D2              		[BP]=R1	// QImode move
00000778                    	.debug
00000778 2E 00 73 00        		.dw '.stabn 0x44,0,35,',0,0
         74 00 61 00
         62 00 6E 00
         20 00 30 00
         78 00 34 00
         34 00 2C 00
         30 00 2C 00
         33 00 35 00
         2C 00 00 00
         00 00      
0000078B 07 00 00 00        		.dd LM24-_main
0000078D 0D 00 0A 00        		.dw 0x0d,0x0a
00008080                    	.code
                            	LM24:
00008080 09 93 15 00        		R1=_stack1+19	// QImode move
00008082 19 D3 2A 00        		[_pstack]=R1	// QImode move
0000078F                    	.debug
0000078F 2E 00 73 00        		.dw '.stabn 0x44,0,36,',0,0
         74 00 61 00
         62 00 6E 00
         20 00 30 00
         78 00 34 00
         34 00 2C 00
         30 00 2C 00
         33 00 36 00
         2C 00 00 00
         00 00      
000007A2 0B 00 00 00        		.dd LM25-_main
000007A4 0D 00 0A 00        		.dw 0x0d,0x0a
00008084                    	.code
                            	LM25:
00008084 09 93 27 80        		R1=fun1_entry	// QImode move, function pointer
00008086 C8 D2              		[SP--]=R1	// QImode move
00008087 40 F0 29 80        		call _taskcreate	// call without return value
00008089 41 00              		SP = SP + 1	//SP
000007A6                    	.debug
000007A6 2E 00 73 00        		.dw '.stabn 0x44,0,37,',0,0
         74 00 61 00
         62 00 6E 00
         20 00 30 00
         78 00 34 00
         34 00 2C 00
         30 00 2C 00
         33 00 37 00
         2C 00 00 00
         00 00      
000007B9 11 00 00 00        		.dd LM26-_main
000007BB 0D 00 0A 00        		.dw 0x0d,0x0a
0000808A                    	.code
                            	LM26:
000007BD                    	.debug
000007BD 2E 00 73 00        		.dw '.stabn 0x44,0,37,',0,0
         74 00 61 00
         62 00 6E 00
         20 00 30 00
         78 00 34 00
         34 00 2C 00
         30 00 2C 00
         33 00 37 00
         2C 00 00 00
         00 00      
000007D0 11 00 00 00        		.dd LM27-_main
000007D2 0D 00 0A 00        		.dw 0x0d,0x0a
0000808A                    	.code
                            	LM27:
                            	L11:
                            	
0000808A 41 00              		sp+=1
0000808B 88 98              		pop bp from [sp]
0000808C 90 9A              		retf
                            		.endp	// end of main
                            	
000007D4                    	.debug
000007D4 2E 00 73 00        		.dw '.stabf ',0,0
         74 00 61 00
         62 00 66 00
         20 00 00 00
         00 00      
000007DD 14 00 00 00        		.dd LME4-_main
000007DF 0D 00 0A 00        		.dw 0x0d,0x0a
0000808D                    	.code
                            	LME4:
00000002                    	.iram
                            	.public _stack1
                            	_stack1:
00000002 00 00 00 00        		.dw 20 dup(0)
         00 00 00 00
         00 00 00 00
         00 00 00 00
         00 00 00 00
         00 00 00 00
         00 00 00 00
         00 00 00 00
         00 00 00 00
         00 00 00 00
00000016                    	.iram
                            	.public _stack2
                            	_stack2:
00000016 00 00 00 00        		.dw 20 dup(0)
         00 00 00 00
         00 00 00 00
         00 00 00 00
         00 00 00 00
         00 00 00 00
         00 00 00 00
         00 00 00 00
         00 00 00 00
         00 00 00 00
0000002A                    	.iram
                            	.public _pstack
                            	_pstack:
0000002A 00 00              		.dw 0
                            	
                            	// far pointer entry table:
00008027                    	fun1_ptsec: .section .vtbl
00008027 00 00 51 80        	fun1_entry:	.dw seg _fun1, offset _fun1
                            	
                            		.end
0 error(s), 0 warning(s).

