C51 COMPILER V8.02   18B20                                                                 04/02/2011 21:57:14 PAGE 1   


C51 COMPILER V8.02, COMPILATION OF MODULE 18B20
OBJECT MODULE PLACED IN 18b20.OBJ
COMPILER INVOKED BY: C:\Keil\C51\BIN\C51.EXE 18b20.c DEBUG OBJECTEXTEND

line level    source

   1          
   2          #include<18B20.h>
   3          #include<1602.h>
   4          #include<1302.h>
   5          //unsigned char code digit[11]={"0123456789-"};     //定义字符数组显示数字
   6          extern unsigned char code digit[];
   7          unsigned char code Str[]={"WXWL    DS18B20"};    //说明显示的是温度
   8          unsigned char code Error[]={"  DS18B20 ERROR"};     //说明没有检测到DS18B20
   9          unsigned char code Error1[]={" PLEASE  CHECK"};     //说明没有检测到DS18B20
  10          unsigned char code Temp[]={"WENDU:"};             //说明显示的是温度
  11          unsigned char code Cent[]={"Cent"};              //温度单位
  12          bit yes0 ;
  13          unsigned char flag,tltemp;                                              //负温度标志 和临时暂存变量
  14          unsigned char TL,TH,TN,TD;     //储存暂存器的温度低位、高位、整数部分、小数部分
  15          /**********************************************************/
  16          void DS18B20_delay(uint num)//延时函数
  17          {
  18   1        while( --num );
  19   1      }
  20          void Ds18B20_beep()             //蜂鸣器响一声函数
  21          {
  22   1        unsigned char i;
  23   1        for (i=0;i<100;i++)
  24   1         {
  25   2         Lcd_delay(100);
  26   2         BEEP=!BEEP;       //BEEP取反
  27   2         } 
  28   1         BEEP=1;           //关闭蜂鸣器
  29   1         DS18B20_delay(250);       //延时     
  30   1      }
  31          /**********************************************************/
  32          bit DS18B20_Init(void)//初始化ds1820            延时30晶振
  33          {
  34   1        
  35   1           DQ = 1;      //DQ复位
  36   1           DS18B20_delay(22);    //稍做延时
  37   1           DQ = 0;      //单片机将DQ拉低
  38   1           DS18B20_delay(240);   //精确延时 大于 480us
  39   1           DQ = 1;       //拉高总线
  40   1           DS18B20_delay(22);
  41   1      
  42   1           yes0 = DQ;    //如果=0则初始化成功 =1则初始化失败
  43   1           DS18B20_delay(270);
  44   1           DQ = 1; 
  45   1           
  46   1           return(yes0); //返回信号，若yes0为0则存在,若yes0为1则不存在
  47   1      }
  48          /**********************************************************/
  49          DS18B20_ReadOneByte(void)//读一个字节
  50          {
  51   1      uchar i = 0;
  52   1      uchar dat = 0;
  53   1      
  54   1      for (i = 8; i > 0; i--)
  55   1        {
C51 COMPILER V8.02   18B20                                                                 04/02/2011 21:57:14 PAGE 2   

  56   2          DQ = 0; // 给脉冲信号
  57   2          dat >>= 1;
  58   2          DQ = 1; // 给脉冲信号
  59   2      
  60   2          if(DQ)
  61   2           dat |= 0x80;
  62   2          DS18B20_delay(10);    //随着晶振调整延时
  63   2        }
  64   1      
  65   1          return (dat);
  66   1      }
  67          
  68          /**********************************************************/
  69          DS18B20_WriteOneByte(uchar dat)//写一个字节
  70          {
  71   1        uchar i = 0;
  72   1        for (i = 8; i > 0; i--)
  73   1        {
  74   2          DQ = 0;
  75   2          DQ = dat&0x01;
  76   2          DS18B20_delay(13);            //随着晶振调整延时
  77   2      
  78   2          DQ = 1;
  79   2          dat>>=1;
  80   2        }
  81   1      }
  82           void Ds18B20_TempConv()   //转换成适合显示的
  83          {  if((TH&0xf8)!=0x00)//判断高五位 得到温度正负标志
  84   1                      {
  85   2                      flag=1;
  86   2                      TL=~TL;  //取反
  87   2                      TH=~TH;   //取反
  88   2                      tltemp=TL+1; //低位加1
  89   2                      TL=tltemp;
  90   2                      if(tltemp>255) TH++;  //如果低8位大于255，向高8位进1
  91   2                 TN=TH*16+TL/16;      //实际温度值=(TH*256+TL)/16,即：TH*16+TL/16
  92   2                                                        //这样得出的是温度的整数部分,小数部分被丢弃了
  93   2                 TD=(TL%16)*10/16;    //计算温度的小数部分,将余数乘以10再除以16取整，
  94   2                      }
  95   1                      TN=TH*16+TL/16;      //实际温度值=(TH*256+TL)/16,即：TH*16+TL/16
  96   1                                                        //这样得出的是温度的整数部分,小数部分被丢弃了
  97   1                 TD=(TL%16)*10/16;    //计算温度的小数部分,将余数乘以10再除以16取整，
  98   1                                                //这样得到的是温度小数部分的第一位数字(保留1位小数)
  99   1      }
 100           /*****************************************************
 101          函数功能：显示没有检测到DS18B20
 102          ***************************************************/   
 103          void DS18B20_display_error(void)
 104           {
 105   1             unsigned char i;
 106   1                  Lcd_WriteCom(0x01); //清屏
 107   1                       Lcd_delay(5);
 108   1                           Lcd_WriteAddress(0x00);    //写显示地址，将在第1行第1列开始显示
 109   1                                 i = 0;                //从第一个字符开始显示
 110   1                                      while(Error[i] != '\0')  //只要没有写到结束标志，就继续写
 111   1                                      {                                               
 112   2                                              Lcd_WriteData(Error[i]);   //将字符常量写入LCD
 113   2                                              i++;                 //指向下一个字符
 114   2                                              Lcd_delay(10);        //延时100ms较长时间，以看清关于显示的说明
 115   2                                      }       
 116   1                              
 117   1                           Lcd_WriteAddress(0x40);    //写显示地址，将在第1行第1列开始显示
C51 COMPILER V8.02   18B20                                                                 04/02/2011 21:57:14 PAGE 3   

 118   1                                 i = 0;                //从第一个字符开始显示
 119   1                                      while(Error1[i] != '\0')  //只要没有写到结束标志，就继续写
 120   1                                      {                                               
 121   2                                              Lcd_WriteData(Error1[i]);   //将字符常量写入LCD
 122   2                                              i++;                 //指向下一个字符
 123   2                                              Lcd_delay(10);        //延时100ms较长时间，以看清关于显示的说明
 124   2                                      }
 125   1                                      Ds18B20_beep();         //蜂鸣器响一声函数      
 126   1                              //      while(1)              //进入死循环，等待查明原因           如果多个应用的话会使别的程序没办法运行，一般不加
 127   1                                        ;
 128   1      }
 129          /********以下是读取温度值函数********/
 130          Ds18B20_GetTemperture(void)
 131          { 
 132   1       DS18B20_Init();                                        //DS18B20初始化
 133   1        if(yes0==0)                                   //若yes0为0,说明DS18B20正常
 134   1        {
 135   2                  DS18B20_WriteOneByte(0xCC);                 // 跳过读序号列号的操作
 136   2              DS18B20_WriteOneByte(0x44);             // 启动温度转换
 137   2                       Lcd_delay(200);                //调用显示函数延时,等待A/D转换结束,分辨率为12位时需延时750ms以上
 138   2              DS18B20_Init();
 139   2              DS18B20_WriteOneByte(0xCC);             //跳过读序号列号的操作
 140   2              DS18B20_WriteOneByte(0xBE);             //读取温度寄存器
 141   2              TL = DS18B20_ReadOneByte();     //温度低8位
 142   2              TH= DS18B20_ReadOneByte();      //温度高8位 
 143   2         }
 144   1              else  
 145   1              {
 146   2              DS18B20_display_error();
 147   2              }
 148   1      }
 149          /*****************************************************
 150          函数功能：显示说明信息
 151          ***************************************************/   
 152          void DS18B20_display_explain(void)
 153           {
 154   1             unsigned char i;
 155   1                           Lcd_WriteAddress(0x00);    //写显示地址，将在第1行第1列开始显示
 156   1                                 i = 0;                //从第一个字符开始显示
 157   1                                      while(Str[i] != '\0')  //只要没有写到结束标志，就继续写
 158   1                                      {                                               
 159   2                                              Lcd_WriteData(Str[i]);   //将字符常量写入LCD
 160   2                                              i++;                 //指向下一个字符
 161   2                                              Lcd_delay(1);        //延时100ms较长时间，以看清关于显示的说明
 162   2                                      }       
 163   1      }
 164          /*****************************************************
 165          函数功能：显示温度符号
 166          ***************************************************/   
 167          void DS18B20_display_symbol(void)
 168           {
 169   1             unsigned char i;
 170   1                           Lcd_WriteAddress(0x40);    //写显示地址，将在第2行第1列开始显示
 171   1                                 i = 0;                //从第一个字符开始显示
 172   1                                      while(Temp[i] != '\0')  //只要没有写到结束标志，就继续写
 173   1                                      {                                               
 174   2                                              Lcd_WriteData(Temp[i]);   //将字符常量写入LCD
 175   2                                              i++;                 //指向下一个字符
 176   2                                              Lcd_delay(1);        //延时1ms给硬件一点反应时间
 177   2                                      }       
 178   1      }
 179          
C51 COMPILER V8.02   18B20                                                                 04/02/2011 21:57:14 PAGE 4   

 180          /*****************************************************
 181          函数功能：显示温度的小数点
 182          ***************************************************/   
 183          void    DS18B20_display_dot(void)
 184          {         
 185   1               Lcd_WriteAddress(0x49);          //写显示地址，将在第2行第10列开始显示            
 186   1               Lcd_WriteData('.');      //将小数点的字符常量写入LCD
 187   1               Lcd_delay(1);         //延时1ms给硬件一点反应时间              
 188   1      }
 189          /*****************************************************
 190          函数功能：显示温度的单位(Cent)
 191          ***************************************************/   
 192          void    DS18B20_display_cent(void)
 193          {
 194   1                 unsigned char i;    
 195   1                           Lcd_WriteAddress(0x4c);        //写显示地址，将在第2行第13列开始显示       
 196   1                                 i = 0;                    //从第一个字符开始显示 
 197   1                                      while(Cent[i] != '\0')     //只要没有写到结束标志，就继续写
 198   1                                      {                                       
 199   2                                              Lcd_WriteData(Cent[i]);     //将字符常量写入LCD
 200   2                                              i++;                 //指向下一个字符
 201   2                                              Lcd_delay(1);        //延时1ms给硬件一点反应时间
 202   2                                      }       
 203   1      }
 204          /*****************************************************
 205          函数功能：显示温度的整数部分
 206          入口参数：x
 207          ***************************************************/ 
 208          void DS18B20_display_temp1(unsigned char x)
 209          {
 210   1       unsigned char j,k,l;     //j,k,l分别储存温度的百位、十位和个位
 211   1              j=x/100;              //取百位
 212   1              k=(x%100)/10;    //取十位
 213   1              l=x%10;             //取个位  
 214   1              Lcd_WriteAddress(0x46);    //写显示地址,将在第2行第7列开始显示
 215   1              if(flag==1)                             //负温度时 显示“―”
 216   1              {
 217   2              Lcd_WriteData(digit[10]);    //将百位数字的字符常量写入LCD
 218   2              Lcd_delay(1);         //延时5ms给硬件一点反应时间
 219   2                                                                                                                
             -                                                                                                                        
             -                                                                                                                        
             -                                                                                                                        
             -                                                                                                                        
             -                                                                                                                        
             -                                                                                                                        
             -                                                                                                                        
             -                                                                                                                        
             -                                                                                                                        
             -                                                                                                                        
             -                                                                      }
 220   1              else{
 221   2              Lcd_WriteData(digit[j]);    //将百位数字的字符常量写入LCD
 222   2              Lcd_delay(1);         //延时5ms给硬件一点反应时间
 223   2              }
 224   1              Lcd_WriteData(digit[k]);    //将十位数字的字符常量写入LCD
 225   1              Lcd_delay(1);         //延时5ms给硬件一点反应时间
 226   1              Lcd_WriteData(digit[l]);    //将个位数字的字符常量写入LCD
 227   1              Lcd_delay(1);         //延时5ms给硬件一点反应时间     
 228   1       }
 229           /*****************************************************
 230          函数功能：显示温度的小数数部分
C51 COMPILER V8.02   18B20                                                                 04/02/2011 21:57:14 PAGE 5   

 231          入口参数：x
 232          ***************************************************/ 
 233           void DS18B20_display_temp2(unsigned char x)
 234          {
 235   1              Lcd_WriteAddress(0x4a);      //写显示地址,将在第2行第11列开始显示
 236   1              Lcd_delay(1);         //延时10ms给硬件一点反应时间
 237   1              Lcd_WriteData(digit[x]);     //将小数部分的第一位数字字符常量写入LCD
 238   1              Lcd_delay(1);          //延时1ms给硬件一点反应时间
 239   1      }
 240           /********以下是显示函数, 在前4位数码管上显示出温度值********/
 241          void Ds18B20_Display()
 242          { 
 243   1               DS18B20_display_temp1(TN);    //显示温度的整数部分
 244   1               DS18B20_display_temp2(TD);    //显示温度的小数部分
 245   1      }


MODULE INFORMATION:   STATIC OVERLAYABLE
   CODE SIZE        =    596    ----
   CONSTANT SIZE    =     59    ----
   XDATA SIZE       =   ----    ----
   PDATA SIZE       =   ----    ----
   DATA SIZE        =      6       9
   IDATA SIZE       =   ----    ----
   BIT SIZE         =      1    ----
END OF MODULE INFORMATION.


C51 COMPILATION COMPLETE.  0 WARNING(S),  0 ERROR(S)
