C51 COMPILER V8.02   ZIKU                                                                  06/17/2010 08:52:26 PAGE 1   


C51 COMPILER V8.02, COMPILATION OF MODULE ZIKU
OBJECT MODULE PLACED IN ziku.OBJ
COMPILER INVOKED BY: C:\Keil\C51\BIN\C51.EXE ziku.c BROWSE DEBUG OBJECTEXTEND

line level    source

   1          //ASCII Font for TFT/CSTN
   2          code unsigned char ascii_font[][16] =
   3          {
   4                  {0x0, 0x0, 0x0, 0x0, 0x0, 0x0, 0x0, 0x0, 0x0, 0x0, 0x0, 0x0, 0x0, 0x0, 0x0, 0x0},//- -
   5                  {0x0, 0x0, 0x18, 0x3C, 0x3C, 0x3C, 0x18, 0x18, 0x18, 0x0, 0x18, 0x18, 0x0, 0x0, 0x0, 0x0},//-!-
   6                  {0x0, 0x66, 0x66, 0x66, 0x24, 0x0, 0x0, 0x0, 0x0, 0x0, 0x0, 0x0, 0x0, 0x0, 0x0, 0x0},//-"-
   7                  {0x0, 0x0, 0x0, 0x6C, 0x6C, 0xFE, 0x6C, 0x6C, 0x6C, 0xFE, 0x6C, 0x6C, 0x0, 0x0, 0x0, 0x0},//-#-
   8                  {0x18, 0x18, 0x7C, 0xC6, 0xC2, 0xC0, 0x7C, 0x6, 0x86, 0xC6, 0x7C, 0x18,0x18, 0x0, 0x0, 0x0},//-$-
   9                  {0x0, 0x0, 0x0, 0x0, 0xC2, 0xC6, 0xC, 0x18, 0x30, 0x60, 0xC6, 0x86, 0x0, 0x0, 0x0, 0x0},//-%-
  10                  {0x0, 0x0, 0x38, 0x6C, 0x6C, 0x38, 0x76, 0xDC, 0xCC, 0xCC, 0xCC, 0x76, 0x0, 0x0, 0x0, 0x0},//-&-
  11                  {0x0, 0x30, 0x30, 0x30, 0x60, 0x0, 0x0, 0x0, 0x0, 0x0, 0x0, 0x0, 0x0, 0x0, 0x0, 0x0},//-'-
  12                  {0x0, 0x0, 0xC, 0x18, 0x30, 0x30, 0x30, 0x30, 0x30, 0x30, 0x18, 0xC, 0x0, 0x0, 0x0, 0x0},//-(-
  13                  {0x0, 0x0, 0x30, 0x18, 0xC, 0xC, 0xC, 0xC, 0xC, 0xC, 0x18, 0x30, 0x0, 0x0, 0x0, 0x0},//-)-
  14                  {0x0, 0x0, 0x0, 0x0, 0x0, 0x66, 0x3C, 0xFF, 0x3C, 0x66, 0x0, 0x0, 0x0, 0x0, 0x0, 0x0},//-*-
  15                  {0x0, 0x0, 0x0, 0x0, 0x0, 0x18, 0x18, 0x7E, 0x18, 0x18, 0x0, 0x0, 0x0, 0x0, 0x0, 0x0},//-+-
  16                  {0x0, 0x0, 0x0, 0x0, 0x0, 0x0, 0x0, 0x0, 0x0, 0x18, 0x18, 0x18, 0x30, 0x0, 0x0, 0x0},//-,-
  17                  {0x0, 0x0, 0x0, 0x0, 0x0, 0x0, 0x0, 0xFE, 0x0, 0x0, 0x0, 0x0, 0x0, 0x0,0x0, 0x0},//---
  18                  {0x0, 0x0, 0x0, 0x0, 0x0, 0x0, 0x0, 0x0, 0x0, 0x0, 0x18, 0x18, 0x0, 0x0, 0x0, 0x0},//-.-
  19                  {0x0, 0x0, 0x0, 0x0, 0x2, 0x6, 0xC, 0x18, 0x30, 0x60, 0xC0, 0x80, 0x0, 0x0, 0x0, 0x0},//-/-
  20                  {0x0, 0x0, 0x7C, 0xC6, 0xC6, 0xCE, 0xD6, 0xD6, 0xE6, 0xC6, 0xC6, 0x7C, 0x0, 0x0, 0x0, 0x0},//-0-
  21                  {0x0, 0x0, 0x18, 0x38, 0x78, 0x18, 0x18, 0x18, 0x18, 0x18, 0x18, 0x7E, 0x0, 0x0, 0x0, 0x0},//-1-
  22                  {0x0, 0x0, 0x7C, 0xC6, 0x6, 0xC, 0x18, 0x30, 0x60, 0xC0, 0xC6, 0xFE, 0x0, 0x0, 0x0, 0x0},//-2-
  23                  {0x0, 0x0, 0x7C, 0xC6, 0x6, 0x6, 0x3C, 0x6, 0x6, 0x6, 0xC6, 0x7C, 0x0, 0x0, 0x0, 0x0},//-3-
  24                  {0x0, 0x0, 0xC, 0x1C, 0x3C, 0x6C, 0xCC, 0xFE, 0xC, 0xC, 0xC, 0x1E, 0x0,0x0, 0x0, 0x0},//-4-
  25                  {0x0, 0x0, 0xFE, 0xC0, 0xC0, 0xC0, 0xFC, 0xE, 0x6, 0x6, 0xC6, 0x7C, 0x0, 0x0, 0x0, 0x0},//-5-
  26                  {0x0, 0x0, 0x38, 0x60, 0xC0, 0xC0, 0xFC, 0xC6, 0xC6, 0xC6, 0xC6, 0x7C, 0x0, 0x0, 0x0, 0x0},//-6-
  27                  {0x0, 0x0, 0xFE, 0xC6, 0x6, 0x6, 0xC, 0x18, 0x30, 0x30, 0x30, 0x30, 0x0, 0x0, 0x0, 0x0},//-7-
  28                  {0x0, 0x0, 0x7C, 0xC6, 0xC6, 0xC6, 0x7C, 0xC6, 0xC6, 0xC6, 0xC6, 0x7C, 0x0, 0x0, 0x0, 0x0},//-8-
  29                  {0x0, 0x0, 0x7C, 0xC6, 0xC6, 0xC6, 0x7E, 0x6, 0x6, 0x6, 0xC, 0x78, 0x0, 0x0, 0x0, 0x0},//-9-
  30                  {0x0, 0x0, 0x0, 0x0, 0x18, 0x18, 0x0, 0x0, 0x0, 0x18, 0x18, 0x0, 0x0, 0x0, 0x0, 0x0},//-:-
  31                  {0x0, 0x0, 0x0, 0x0, 0x18, 0x18, 0x0, 0x0, 0x0, 0x18, 0x18, 0x30, 0x0, 0x0, 0x0, 0x0},//-;-
  32                  {0x0, 0x0, 0x0, 0x6, 0xC, 0x18, 0x30, 0x60, 0x30, 0x18, 0xC, 0x6, 0x0, 0x0, 0x0, 0x0},//-<-
  33                  {0x0, 0x0, 0x0, 0x0, 0x0, 0x0, 0xFE, 0x0, 0x0, 0xFE, 0x0, 0x0, 0x0, 0x0, 0x0, 0x0},//-=-
  34                  {0x0, 0x0, 0x0, 0x60, 0x30, 0x18, 0xC, 0x6, 0xC, 0x18, 0x30, 0x60, 0x0, 0x0, 0x0, 0x0},//->-
  35                  {0x0, 0x0, 0x7C, 0xC6, 0xC6, 0xC, 0x18, 0x18, 0x18, 0x0, 0x18, 0x18, 0x0, 0x0, 0x0, 0x0},//-?-
  36                  {0x0, 0x0, 0x0, 0x7C, 0xC6, 0xC6, 0xDE, 0xDE, 0xDE, 0xDC, 0xC0, 0x7C, 0x0, 0x0, 0x0, 0x0},//-@-
  37                  {0x0, 0x0, 0x10, 0x38, 0x6C, 0xC6, 0xC6, 0xFE, 0xC6, 0xC6, 0xC6, 0xC6, 0x0, 0x0, 0x0, 0x0},//-A-
  38                  {0x0, 0x0, 0xFC, 0x66, 0x66, 0x66, 0x7C, 0x66, 0x66, 0x66, 0x66, 0xFC, 0x0, 0x0, 0x0, 0x0},//-B-
  39                  {0x0, 0x0, 0x3C, 0x66, 0xC2, 0xC0, 0xC0, 0xC0, 0xC0, 0xC2, 0x66, 0x3C, 0x0, 0x0, 0x0, 0x0},//-C-
  40                  {0x0, 0x0, 0xF8, 0x6C, 0x66, 0x66, 0x66, 0x66, 0x66, 0x66, 0x6C, 0xF8, 0x0, 0x0, 0x0, 0x0},//-D-
  41                  {0x0, 0x0, 0xFE, 0x66, 0x62, 0x68, 0x78, 0x68, 0x60, 0x62, 0x66, 0xFE, 0x0, 0x0, 0x0, 0x0},//-E-
  42                  {0x0, 0x0, 0xFE, 0x66, 0x62, 0x68, 0x78, 0x68, 0x60, 0x60, 0x60, 0xF0, 0x0, 0x0, 0x0, 0x0},//-F-
  43                  {0x0, 0x0, 0x3C, 0x66, 0xC2, 0xC0, 0xC0, 0xDE, 0xC6, 0xC6, 0x66, 0x3A, 0x0, 0x0, 0x0, 0x0},//-G-
  44                  {0x0, 0x0, 0xC6, 0xC6, 0xC6, 0xC6, 0xFE, 0xC6, 0xC6, 0xC6, 0xC6, 0xC6, 0x0, 0x0, 0x0, 0x0},//-H-
  45                  {0x0, 0x0, 0x3C, 0x18, 0x18, 0x18, 0x18, 0x18, 0x18, 0x18, 0x18, 0x3C, 0x0, 0x0, 0x0, 0x0},//-I-
  46                  {0x0, 0x0, 0x1E, 0xC, 0xC, 0xC, 0xC, 0xC, 0xCC, 0xCC, 0xCC, 0x78, 0x0, 0x0, 0x0, 0x0},//-J-
  47                  {0x0, 0x0, 0xE6, 0x66, 0x6C, 0x6C, 0x78, 0x78, 0x6C, 0x66, 0x66, 0xE6, 0x0, 0x0, 0x0, 0x0},//-K-
  48                  {0x0, 0x0, 0xF0, 0x60, 0x60, 0x60, 0x60, 0x60, 0x60, 0x62, 0x66, 0xFE, 0x0, 0x0, 0x0, 0x0},//-L-
  49                  {0x0, 0x0, 0xC6, 0xEE, 0xFE, 0xFE, 0xD6, 0xC6, 0xC6, 0xC6, 0xC6, 0xC6, 0x0, 0x0, 0x0, 0x0},//-M-
  50                  {0x0, 0x0, 0xC6, 0xE6, 0xF6, 0xFE, 0xDE, 0xCE, 0xC6, 0xC6, 0xC6, 0xC6, 0x0, 0x0, 0x0, 0x0},//-N-
  51                  {0x0, 0x0, 0x38, 0x6C, 0xC6, 0xC6, 0xC6, 0xC6, 0xC6, 0xC6, 0x6C, 0x38, 0x0, 0x0, 0x0, 0x0},//-O-
  52                  {0x0, 0x0, 0xFC, 0x66, 0x66, 0x66, 0x7C, 0x60, 0x60, 0x60, 0x60, 0xF0, 0x0, 0x0, 0x0, 0x0},//-P-
  53                  {0x0, 0x0, 0x7C, 0xC6, 0xC6, 0xC6, 0xC6, 0xC6, 0xC6, 0xD6, 0xDE, 0x7C, 0xC, 0xE, 0x0, 0x0},//-Q-
  54                  {0x0, 0x0, 0xFC, 0x66, 0x66, 0x66, 0x7C, 0x6C, 0x66, 0x66, 0x66, 0xE6, 0x0, 0x0, 0x0, 0x0},//-R-
  55                  {0x0, 0x0, 0x7C, 0xC6, 0xC6, 0x60, 0x38, 0xC, 0x6, 0xC6, 0xC6, 0x7C, 0x0, 0x0, 0x0, 0x0},//-S-
C51 COMPILER V8.02   ZIKU                                                                  06/17/2010 08:52:26 PAGE 2   

  56                  {0x0, 0x0, 0x7E, 0x7E, 0x5A, 0x18, 0x18, 0x18, 0x18, 0x18, 0x18, 0x3C, 0x0, 0x0, 0x0, 0x0},//-T-
  57                  {0x0, 0x0, 0xC6, 0xC6, 0xC6, 0xC6, 0xC6, 0xC6, 0xC6, 0xC6, 0xC6, 0x7C, 0x0, 0x0, 0x0, 0x0},//-U-
  58                  {0x0, 0x0, 0xC6, 0xC6, 0xC6, 0xC6, 0xC6, 0xC6, 0xC6, 0x6C, 0x38, 0x10, 0x0, 0x0, 0x0, 0x0},//-V-
  59                  {0x0, 0x0, 0xC6, 0xC6, 0xC6, 0xC6, 0xC6, 0xD6, 0xD6, 0xFE, 0x6C, 0x6C, 0x0, 0x0, 0x0, 0x0},//-W-
  60                  {0x0, 0x0, 0xC6, 0xC6, 0x6C, 0x6C, 0x38, 0x38, 0x6C, 0x6C, 0xC6, 0xC6, 0x0, 0x0, 0x0, 0x0},//-X-
  61                  {0x0, 0x0, 0x66, 0x66, 0x66, 0x66, 0x3C, 0x18, 0x18, 0x18, 0x18, 0x3C, 0x0, 0x0, 0x0, 0x0},//-Y-
  62                  {0x0, 0x0, 0xFE, 0xC6, 0x86, 0xC, 0x18, 0x30, 0x60, 0xC2, 0xC6, 0xFE, 0x0, 0x0, 0x0, 0x0},//-Z-
  63                  {0x0, 0x0, 0x3C, 0x30, 0x30, 0x30, 0x30, 0x30, 0x30, 0x30, 0x30, 0x3C, 0x0, 0x0, 0x0, 0x0},//-[-
  64                  {0x0, 0x0, 0x0, 0x80, 0xC0, 0xE0, 0x70, 0x38, 0x1C, 0xE, 0x6, 0x2, 0x0, 0x0, 0x0, 0x0},//-\-
  65                  {0x0, 0x0, 0x3C, 0xC, 0xC, 0xC, 0xC, 0xC, 0xC, 0xC, 0xC, 0x3C, 0x0, 0x0, 0x0, 0x0},//-]-
  66                  {0x10, 0x38, 0x6C, 0xC6, 0x0, 0x0, 0x0, 0x0, 0x0, 0x0, 0x0, 0x0, 0x0, 0x0, 0x0, 0x0},//-^-
  67                  {0x0, 0x0, 0x0, 0x0, 0x0, 0x0, 0x0, 0x0, 0x0, 0x0, 0x0, 0x0, 0x0, 0xFF, 0x0, 0x0},//-_-
  68                  {0x30, 0x30, 0x18, 0x0, 0x0, 0x0, 0x0, 0x0, 0x0, 0x0, 0x0, 0x0, 0x0, 0x0, 0x0, 0x0},//-`-
  69                  {0x0, 0x0, 0x0, 0x0, 0x0, 0x78, 0xC, 0x7C, 0xCC, 0xCC, 0xCC, 0x76, 0x0, 0x0, 0x0, 0x0},//-a-
  70                  {0x0, 0x0, 0xE0, 0x60, 0x60, 0x78, 0x6C, 0x66, 0x66, 0x66, 0x66, 0xDC, 0x0, 0x0, 0x0, 0x0},//-b-
  71                  {0x0, 0x0, 0x0, 0x0, 0x0, 0x7C, 0xC6, 0xC0, 0xC0, 0xC0, 0xC6, 0x7C, 0x0, 0x0, 0x0, 0x0},//-c-
  72                  {0x0, 0x0, 0x1C, 0xC, 0xC, 0x3C, 0x6C, 0xCC, 0xCC, 0xCC, 0xCC, 0x76, 0x0, 0x0, 0x0, 0x0},//-d-
  73                  {0x0, 0x0, 0x0, 0x0, 0x0, 0x7C, 0xC6, 0xFE, 0xC0, 0xC0, 0xC6, 0x7C, 0x0, 0x0, 0x0, 0x0},//-e-
  74                  {0x0, 0x0, 0x38, 0x6C, 0x64, 0x60, 0xF0, 0x60, 0x60, 0x60, 0x60, 0xF0, 0x0, 0x0, 0x0, 0x0},//-f-
  75                  {0x0, 0x0, 0x0, 0x0, 0x0, 0x76, 0xCC, 0xCC, 0xCC, 0xCC, 0xCC, 0x7C, 0xC, 0xCC, 0x78, 0x0},//-g-
  76                  {0x0, 0x0, 0xE0, 0x60, 0x60, 0x6C, 0x76, 0x66, 0x66, 0x66, 0x66, 0xE6, 0x0, 0x0, 0x0, 0x0},//-h-
  77                  {0x0, 0x0, 0x18, 0x18, 0x0, 0x38, 0x18, 0x18, 0x18, 0x18, 0x18, 0x3C, 0x0, 0x0, 0x0, 0x0},//-i-
  78                  {0x0, 0x0, 0x6, 0x6, 0x0, 0xE, 0x6, 0x6, 0x6, 0x6, 0x6, 0x6, 0x66, 0x66, 0x3C, 0x0},//-j-
  79                  {0x0, 0x0, 0xE0, 0x60, 0x60, 0x66, 0x6C, 0x78, 0x78, 0x6C, 0x66, 0xE6, 0x0, 0x0, 0x0, 0x0},//-k-
  80                  {0x0, 0x0, 0x38, 0x18, 0x18, 0x18, 0x18, 0x18, 0x18, 0x18, 0x18, 0x3C, 0x0, 0x0, 0x0, 0x0},//-l-
  81                  {0x0, 0x0, 0x0, 0x0, 0x0, 0xEC, 0xFE, 0xD6, 0xD6, 0xD6, 0xD6, 0xD6, 0x0, 0x0, 0x0, 0x0},//-m-
  82                  {0x0, 0x0, 0x0, 0x0, 0x0, 0xDC, 0x66, 0x66, 0x66, 0x66, 0x66, 0x66, 0x0, 0x0, 0x0, 0x0},//-n-
  83                  {0x0, 0x0, 0x0, 0x0, 0x0, 0x7C, 0xC6, 0xC6, 0xC6, 0xC6, 0xC6, 0x7C, 0x0, 0x0, 0x0, 0x0},//-o-
  84                  {0x0, 0x0, 0x0, 0x0, 0x0, 0xDC, 0x66, 0x66, 0x66, 0x66, 0x66, 0x7C, 0x60, 0x60, 0xF0, 0x0},//-p-
  85                  {0x0, 0x0, 0x0, 0x0, 0x0, 0x76, 0xCC, 0xCC, 0xCC, 0xCC, 0xCC, 0x7C, 0xC, 0xC, 0x1E, 0x0},//-q-
  86                  {0x0, 0x0, 0x0, 0x0, 0x0, 0xDC, 0x76, 0x62, 0x60, 0x60, 0x60, 0xF0, 0x0, 0x0, 0x0, 0x0},//-r-
  87                  {0x0, 0x0, 0x0, 0x0, 0x0, 0x7C, 0xC6, 0x60, 0x38, 0xC, 0xC6, 0x7C, 0x0, 0x0, 0x0, 0x0},//-s-
  88                  {0x0, 0x0, 0x10, 0x30, 0x30, 0xFC, 0x30, 0x30, 0x30, 0x30, 0x36, 0x1C, 0x0, 0x0, 0x0, 0x0},//-t-
  89                  {0x0, 0x0, 0x0, 0x0, 0x0, 0xCC, 0xCC, 0xCC, 0xCC, 0xCC, 0xCC, 0x76, 0x0, 0x0, 0x0, 0x0},//-u-
  90                  {0x0, 0x0, 0x0, 0x0, 0x0, 0x66, 0x66, 0x66, 0x66, 0x66, 0x3C, 0x18, 0x0, 0x0, 0x0, 0x0},//-v-
  91                  {0x0, 0x0, 0x0, 0x0, 0x0, 0xC6, 0xC6, 0xC6, 0xD6, 0xD6, 0xFE, 0x6C, 0x0, 0x0, 0x0, 0x0},//-w-
  92                  {0x0, 0x0, 0x0, 0x0, 0x0, 0xC6, 0x6C, 0x38, 0x38, 0x38, 0x6C, 0xC6, 0x0, 0x0, 0x0, 0x0},//-x-
  93                  {0x0, 0x0, 0x0, 0x0, 0x0, 0xC6, 0xC6, 0xC6, 0xC6, 0xC6, 0xC6, 0x7E, 0x6, 0xC, 0xF8, 0x0},//-y-
  94                  {0x0, 0x0, 0x0, 0x0, 0x0, 0xFE, 0xCC, 0x18, 0x30, 0x60, 0xC6, 0xFE, 0x0, 0x0, 0x0, 0x0},//-z-
  95                  {0x0, 0x0, 0xE, 0x18, 0x18, 0x18, 0x70, 0x18, 0x18, 0x18, 0x18, 0xE, 0x0, 0x0, 0x0, 0x0},//-{-
  96                  {0x0, 0x0, 0x18, 0x18, 0x18, 0x18, 0x0, 0x18, 0x18, 0x18, 0x18, 0x18, 0x0, 0x0, 0x0, 0x0},//-|-
  97                  {0x0, 0x0, 0x70, 0x18, 0x18, 0x18, 0xE, 0x18, 0x18, 0x18, 0x18, 0x70, 0x0, 0x0, 0x0, 0x0},//-}-
  98                  {0x0, 0x0, 0x76, 0xDC, 0x0, 0x0, 0x0, 0x0, 0x0, 0x0, 0x0, 0x0, 0x0, 0x0, 0x0, 0x0},//-~-
  99                  {0x0, 0x0, 0x0, 0x0, 0x10, 0x38, 0x6C, 0xC6, 0xC6, 0xC6, 0xFE, 0x0, 0x0, 0x0, 0x0, 0x0}//--
 100          };
 101          
 102          code unsigned char Hanzi[]=
 103          {
 104          /*--  文字:  数  --*/
 105          /*--  宋体12;  此字体下对应的点阵为：宽x高=16x16   --*/
 106          0x08,0x20,0x49,0x30,0x2A,0x20,0x1C,0x20,0xFF,0x7E,0x1C,0x44,0x2B,0x44,0x48,0xC4,
 107          0x08,0x28,0xFF,0x28,0x12,0x10,0x34,0x10,0x0C,0x28,0x32,0x4E,0xC0,0x84,0x00,0x00,
 108          
 109          /*--  文字:  字  --*/
 110          /*--  宋体12;  此字体下对应的点阵为：宽x高=16x16   --*/
 111          0x02,0x00,0x01,0x00,0x3F,0xFC,0x20,0x04,0x40,0x08,0x1F,0xE0,0x00,0x40,0x00,0x80,
 112          0x01,0x00,0x7F,0xFE,0x01,0x00,0x01,0x00,0x01,0x00,0x01,0x00,0x05,0x00,0x02,0x00,
 113          
 114          /*--  文字:  指  --*/
 115          /*--  宋体12;  此字体下对应的点阵为：宽x高=16x16   --*/
 116          0x11,0x00,0x11,0x38,0x11,0xC0,0x11,0x04,0xFD,0x04,0x11,0xFC,0x14,0x00,0x19,0xFC,
 117          0x31,0x04,0xD1,0x04,0x11,0xFC,0x11,0x04,0x11,0x04,0x11,0x04,0x51,0xFC,0x20,0x00,
C51 COMPILER V8.02   ZIKU                                                                  06/17/2010 08:52:26 PAGE 3   

 118          
 119          /*--  文字:  针  --*/
 120          /*--  宋体12;  此字体下对应的点阵为：宽x高=16x16   --*/
 121          0x10,0x20,0x10,0x20,0x20,0x20,0x3E,0x20,0x40,0x20,0x7C,0x20,0x91,0xFE,0x10,0x20,
 122          0xFE,0x20,0x10,0x20,0x10,0x20,0x12,0x20,0x14,0x20,0x18,0x20,0x10,0x20,0x00,0x20,
 123          
 124          /*--  文字:  电  --*/
 125          /*--  宋体12;  此字体下对应的点阵为：宽x高=16x16   --*/
 126          0x01,0x00,0x01,0x00,0x01,0x00,0x3F,0xF8,0x21,0x08,0x21,0x08,0x3F,0xF8,0x21,0x08,
 127          0x21,0x08,0x21,0x08,0x3F,0xF8,0x21,0x08,0x01,0x02,0x01,0x02,0x00,0xFE,0x00,0x00,
 128          
 129          /*--  文字:  子  --*/
 130          /*--  宋体12;  此字体下对应的点阵为：宽x高=16x16   --*/
 131          0x00,0x00,0x3F,0xF0,0x00,0x20,0x00,0x40,0x00,0x80,0x01,0x00,0x01,0x00,0x01,0x04,
 132          0xFF,0xFE,0x01,0x00,0x01,0x00,0x01,0x00,0x01,0x00,0x01,0x00,0x05,0x00,0x02,0x00,
 133          
 134          /*--  文字:  钟  --*/
 135          /*--  宋体12;  此字体下对应的点阵为：宽x高=16x16   --*/
 136          0x10,0x20,0x10,0x20,0x20,0x20,0x3D,0xFC,0x41,0x24,0x7D,0x24,0x91,0x24,0x11,0x24,
 137          0xFD,0xFC,0x10,0x20,0x10,0x20,0x10,0x20,0x10,0x20,0x14,0x20,0x18,0x20,0x10,0x20,
 138          
 139          /*--  文字:  赵  --*/
 140          /*--  宋体12;  此字体下对应的点阵为：宽x高=16x16   --*/
 141          0x08,0x00,0x08,0x00,0x08,0x04,0x7E,0x84,0x08,0x48,0x08,0x28,0xFF,0x10,0x08,0x10,
 142          0x28,0x28,0x2F,0x28,0x28,0x44,0x28,0x84,0x58,0x00,0x48,0x00,0x87,0xFE,0x00,0x00,
 143          
 144          /*--  文字:  永  --*/
 145          /*--  宋体12;  此字体下对应的点阵为：宽x高=16x16   --*/
 146          0x02,0x00,0x01,0x80,0x00,0x80,0x1F,0x00,0x01,0x08,0x01,0x18,0x7D,0xA0,0x05,0x40,
 147          0x09,0x20,0x09,0x20,0x11,0x10,0x11,0x08,0x21,0x06,0xC1,0x00,0x05,0x00,0x02,0x00,
 148          
 149          /*--  文字:  科  --*/
 150          /*--  宋体12;  此字体下对应的点阵为：宽x高=16x16   --*/
 151          0x06,0x08,0x78,0x88,0x08,0x48,0x08,0x48,0xFE,0x08,0x18,0x88,0x1C,0x48,0x2A,0x48,
 152          0x28,0x0E,0x48,0x78,0x8B,0x88,0x08,0x08,0x08,0x08,0x08,0x08,0x08,0x08,0x08,0x08,
 153          };


MODULE INFORMATION:   STATIC OVERLAYABLE
   CODE SIZE        =   ----    ----
   CONSTANT SIZE    =   1856    ----
   XDATA SIZE       =   ----    ----
   PDATA SIZE       =   ----    ----
   DATA SIZE        =   ----    ----
   IDATA SIZE       =   ----    ----
   BIT SIZE         =   ----    ----
END OF MODULE INFORMATION.


C51 COMPILATION COMPLETE.  0 WARNING(S),  0 ERROR(S)
