C51 COMPILER V8.02   12864                                                                 11/14/2009 11:35:44 PAGE 1   


C51 COMPILER V8.02, COMPILATION OF MODULE 12864
OBJECT MODULE PLACED IN 12864.OBJ
COMPILER INVOKED BY: C:\Keil\C51\BIN\C51.EXE 12864.c BROWSE DEBUG OBJECTEXTEND

line level    source

   1          /********************************************/
   2          /* 12864系列测试程序  */
   3          /********************************************/
   4          
   5          #include <reg51.h>
   6          #include <ctype.h>
   7          #include <string.h>
   8          #include <stdlib.h>
   9          #include <stdio.h>
  10          #include <math.h>
  11          
  12          
  13          
  14          /* Define the register command code */
  15          #define Disp_On  0x3f
  16          #define Disp_Off 0x3e
  17          #define Col_Add  0x40
  18          #define Page_Add 0xb8
  19          #define Start_Line 0xc0
  20          
  21          #define Lcd_Bus P1  //MCU P1<------> LCM
  22          
  23          sbit Mcs=P3^3;  //Master chip enable
  24          sbit Scs=P3^4;  //Slave chip enable
  25          sbit Enable=P3^0; //6800 mode Enable single
  26          sbit Di=P3^5;  //Data or Instrument Select
  27          sbit RW=P3^6;  //Write or Read
  28          sbit Lcd_Rst=P3^2; //Lcm reset
  29          sbit Test_Key=P3^1;
  30          
  31          
  32          char code ce[]={
  33          /*-- 文字: 测 --*/
  34          /*-- 宋体12; 此字体下对应的点阵为：宽x高=16x16 --*/
  35          0x08,0x31,0x86,0x60,0x00,0xFE,0x02,0xF2,0x02,0xFE,0x00,0xF8,0x00,0x00,0xFF,0x00,
  36          0x04,0xFC,0x03,0x00,0x80,0x47,0x30,0x0F,0x10,0x67,0x00,0x07,0x40,0x80,0x7F,0x00
  37          };
  38          char code shi[]={
  39          /*-- 文字: 试 --*/
  40          /*-- 宋体12; 此字体下对应的点阵为：宽x高=16x16 --*/
  41          0x40,0x42,0xDC,0x08,0x00,0x90,0x90,0x90,0x90,0x90,0xFF,0x10,0x12,0x1C,0x10,0x00,
  42          0x00,0x00,0x7F,0x20,0x10,0x20,0x20,0x1F,0x10,0x10,0x01,0x06,0x18,0x20,0x78,0x00
  43          };
  44          char code kai[]={
  45          /*-- 文字: 开 --*/
  46          /*-- 宋体12; 此字体下对应的点阵为：宽x高=16x16 --*/
  47          0x40,0x42,0x42,0x42,0x42,0xFE,0x42,0x42,0x42,0x42,0xFE,0x42,0x42,0x42,0x42,0x00,
  48          0x00,0x40,0x20,0x10,0x0C,0x03,0x00,0x00,0x00,0x00,0x7F,0x00,0x00,0x00,0x00,0x00
  49          };
  50          char code shi3[]={
  51          /*-- 文字: 始 --*/
  52          /*-- 宋体12; 此字体下对应的点阵为：宽x高=16x16 --*/
  53          0x10,0x90,0x70,0x1F,0x12,0xF0,0x00,0x20,0x70,0x28,0x27,0x22,0x28,0x70,0x20,0x00,
  54          0x40,0x21,0x12,0x0C,0x06,0x09,0x30,0x00,0x7F,0x21,0x21,0x21,0x21,0x7F,0x00,0x00
  55          };
C51 COMPILER V8.02   12864                                                                 11/14/2009 11:35:44 PAGE 2   

  56          
  57          char code wan[]={
  58          /*-- 文字: 完 --*/
  59          /*-- 宋体12; 此字体下对应的点阵为：宽x高=16x16 --*/
  60          0x00,0x90,0x8C,0xA4,0xA4,0xA4,0xA5,0xA6,0xA4,0xA4,0xA4,0xA4,0x94,0x8C,0x04,0x00,
  61          0x00,0x80,0x40,0x20,0x18,0x07,0x00,0x00,0x00,0x3F,0x40,0x40,0x40,0x70,0x00,0x00
  62          };
  63          char code bi[]={
  64          /*-- 文字: 毕 --*/
  65          /*-- 宋体12; 此字体下对应的点阵为：宽x高=16x16 --*/
  66          0x00,0x00,0xFF,0x88,0x48,0x28,0x08,0x80,0x7F,0x88,0x88,0x88,0x84,0x84,0xE0,0x00,
  67          0x04,0x04,0x04,0x04,0x04,0x04,0x04,0xFF,0x04,0x04,0x04,0x04,0x04,0x04,0x04,0x00
  68          };
  69          
  70          
  71          
  72          unsigned char code FirstPage[]={
  73          /*-- 调入了一幅图像：\\Andorin-server\开发部\arin\12864.bmp --*/
  74          /*-- 宽度x高度=128x64 --*/
  75          0x00,0x00,0x00,0x80,0xF0,0xFE,0x7E,0x0E,0x7E,0xFE,0xF0,0x80,0x00,0x00,0x00,0x00,
  76          0xFE,0xFE,0xFE,0x3C,0xF0,0xE0,0x80,0x00,0x00,0xFE,0xFE,0xFE,0x00,0x00,0x00,0xFE,
  77          0xFE,0xFE,0x0E,0x0E,0x0E,0x0E,0x0E,0x3E,0xFC,0xF8,0xE0,0x00,0x00,0xE0,0xF8,0xFC,
  78          0x3C,0x1E,0x0E,0x0E,0x0E,0x0E,0x1E,0x3C,0xFC,0xF8,0xE0,0x00,0x00,0x00,0xFE,0xFE,
  79          0xFE,0x8E,0x8E,0x8E,0x8E,0x8E,0xFE,0xFC,0xF8,0x00,0x00,0x00,0xFE,0xFE,0xFE,0x00,
  80          0x00,0xFE,0xFE,0xFE,0x3C,0xF0,0xE0,0x80,0x00,0x00,0xFE,0xFE,0xFE,0x00,0x00,0x00,
  81          0x00,0x00,0x00,0x00,0x00,0x00,0x00,0x00,0x00,0x00,0x00,0x00,0x00,0x00,0x00,0x00,
  82          0x00,0x00,0x00,0x00,0x00,0x00,0x00,0x00,0x00,0x00,0x00,0x00,0x00,0x00,0x00,0x00,
  83          0x80,0xF0,0xFE,0x7F,0x1F,0x1D,0x1C,0x1C,0x1C,0x1D,0x1F,0x7F,0xFE,0xF0,0x80,0x00,
  84          0xFF,0xFF,0xFF,0x00,0x00,0x03,0x0F,0x3E,0x78,0xFF,0xFF,0xFF,0x00,0x00,0x00,0xFF,
  85          0xFF,0xFF,0xE0,0xE0,0xE0,0xE0,0xE0,0x70,0x7F,0x3F,0x0F,0x00,0x00,0x0F,0x3F,0x7F,
  86          0x78,0xF0,0xE0,0xE0,0xE0,0xE0,0xF0,0x78,0x7F,0x3F,0x0F,0x00,0x00,0x00,0xFF,0xFF,
  87          0xFF,0x03,0x03,0x03,0x0F,0x1F,0x7D,0xF9,0xE0,0x80,0x00,0x00,0xFF,0xFF,0xFF,0x00,
  88          0x00,0xFF,0xFF,0xFF,0x00,0x00,0x03,0x0F,0x3E,0x78,0xFF,0xFF,0xFF,0x00,0x00,0x00,
  89          0x00,0x00,0x00,0x00,0x00,0x00,0x00,0x00,0x00,0x00,0x00,0x00,0x00,0x00,0x00,0x00,
  90          0x00,0x00,0x00,0x00,0x00,0x00,0x00,0x00,0x00,0x00,0x00,0x00,0x00,0x00,0x00,0x00,
  91          0x00,0x00,0x00,0x40,0x30,0x10,0x10,0x10,0xD0,0x12,0x1C,0x10,0x10,0x10,0x10,0x50,
  92          0x30,0x00,0x00,0x00,0x00,0xF0,0x10,0x18,0x16,0x10,0xF0,0x80,0x40,0x30,0x1E,0x10,
  93          0x10,0x10,0xF8,0x10,0x00,0x00,0x40,0x48,0x48,0x48,0xC8,0xF8,0x44,0x46,0x44,0x40,
  94          0x00,0xF8,0x00,0x00,0xFE,0x00,0x00,0x00,0x00,0x00,0x00,0x08,0x10,0x60,0x00,0x00,
  95          0xFE,0x00,0x80,0x60,0x18,0x00,0x80,0x00,0x00,0x00,0x00,0x00,0xF0,0x10,0x10,0x10,
  96          0x10,0xFE,0x10,0x10,0x10,0x10,0x10,0xF8,0x10,0x00,0x00,0x00,0x48,0x48,0x48,0x44,
  97          0xFC,0x42,0x42,0x40,0x80,0x08,0x30,0x00,0x00,0xFE,0x00,0x00,0x00,0x00,0x20,0x20,
  98          0x20,0xFE,0x20,0x20,0x00,0x20,0x20,0x20,0xFE,0x20,0x20,0x20,0x30,0x20,0x00,0x00,
  99          0x00,0x00,0x01,0x01,0x01,0x01,0x09,0x8F,0x91,0x51,0x21,0x21,0x59,0x47,0x81,0x81,
 100          0x81,0x01,0x00,0x00,0x00,0xFF,0x42,0x42,0x42,0x42,0xFF,0x00,0x00,0x01,0x0E,0x80,
 101          0x00,0x80,0x7F,0x00,0x00,0x00,0x20,0x10,0x08,0x06,0x01,0xFF,0x01,0x02,0x0C,0x00,
 102          0x00,0x1F,0x80,0x00,0xFF,0x00,0x00,0x00,0x01,0x01,0x01,0x81,0x41,0x3F,0x01,0x01,
 103          0x01,0xFF,0x01,0x01,0x01,0x01,0x01,0xF1,0x00,0x00,0x00,0x00,0x1F,0x09,0x09,0x09,
 104          0x09,0xFF,0x09,0x09,0x09,0x09,0x09,0x1F,0xC0,0x00,0x00,0x00,0x10,0x08,0x04,0x03,
 105          0xFF,0x01,0x06,0x10,0x10,0x13,0x08,0x08,0x08,0xFF,0x04,0x04,0x00,0x00,0x04,0x84,
 106          0x02,0xFF,0x01,0x01,0x00,0x81,0x87,0x59,0x21,0x51,0x4D,0x83,0x81,0x80,0x00,0x00,
 107          0x00,0x00,0x00,0x01,0x01,0x01,0x01,0x00,0x00,0x00,0x00,0x00,0x00,0x00,0x00,0x00,
 108          0x01,0x00,0x00,0x00,0x00,0x01,0x00,0x00,0x00,0x80,0xF1,0x7C,0x0C,0x7C,0xF0,0x80,
 109          0x01,0x00,0x00,0xFC,0xFC,0x3C,0xF8,0xC0,0x00,0x00,0x00,0xC1,0xF8,0x3C,0xFC,0xFC,
 110          0x00,0x00,0x00,0x61,0x30,0x18,0xFC,0xFC,0x01,0x01,0x01,0x00,0x30,0x38,0x1C,0x0C,
 111          0x0C,0x1C,0xF9,0xF1,0x01,0x01,0x71,0xF9,0x8C,0x8C,0x8C,0x8C,0xF8,0x70,0x00,0x00,
 112          0xE0,0xF8,0x1D,0x8D,0x8D,0x8D,0x19,0x11,0x01,0x00,0x00,0xC0,0xE0,0x38,0xFC,0xFC,
 113          0x01,0x00,0x00,0x00,0x00,0x00,0x00,0x00,0x00,0x01,0x00,0x00,0x00,0x00,0x00,0x00,
 114          0x01,0x00,0x00,0x01,0x01,0x00,0x00,0x00,0x00,0x00,0x00,0x00,0x01,0x00,0x00,0x00,
 115          0x00,0x00,0x00,0x00,0x00,0x00,0x00,0x00,0x00,0x00,0x00,0x00,0x00,0x00,0x00,0x00,
 116          0x00,0x00,0x00,0x00,0x00,0x00,0x00,0x60,0x7C,0x1F,0x07,0x06,0x06,0x06,0x07,0x1F,
 117          0x7C,0x60,0x00,0x7F,0x7F,0x00,0x01,0x1F,0x7C,0x60,0x7C,0x1F,0x01,0x00,0x7F,0x7F,
C51 COMPILER V8.02   12864                                                                 11/14/2009 11:35:44 PAGE 3   

 118          0x00,0x00,0x00,0x00,0x00,0x00,0x7F,0x7F,0x00,0x00,0x00,0x00,0x60,0x70,0x78,0x6C,
 119          0x66,0x63,0x61,0x60,0x00,0x00,0x1E,0x3F,0x61,0x61,0x61,0x61,0x3F,0x1E,0x00,0x00,
 120          0x0F,0x3F,0x73,0x61,0x61,0x61,0x3F,0x1E,0x00,0x0E,0x0F,0x0D,0x0C,0x0C,0x7F,0x7F,
 121          0x0C,0x0C,0x00,0x00,0x00,0x00,0x00,0x00,0x00,0x00,0x00,0x00,0x00,0x00,0x00,0x00,
 122          0x00,0x00,0x00,0x00,0x00,0x00,0x00,0x00,0x00,0x00,0x00,0x00,0x00,0x00,0x00,0x00,
 123          0x00,0x00,0x00,0x00,0x00,0x00,0x00,0x00,0x00,0x00,0x00,0x00,0x10,0x61,0x06,0xC0,
 124          0x00,0xFE,0x02,0xF2,0x02,0xFE,0x00,0x00,0xF8,0x00,0xFF,0x00,0x00,0x00,0x80,0x82,
 125          0x84,0x8C,0x00,0x10,0x90,0x90,0x90,0x90,0x90,0xFF,0x10,0x12,0x14,0x10,0x00,0x00,
 126          0x24,0x24,0xA4,0xFE,0xA2,0x23,0x22,0x80,0xBE,0xA2,0xA2,0xA2,0xA2,0xA2,0xBF,0x82,
 127          0x00,0x00,0x00,0x00,0xFC,0x04,0x14,0x14,0x14,0x15,0x56,0x94,0x54,0x34,0x14,0x14,
 128          0x06,0x04,0x00,0x00,0x00,0x00,0x00,0x00,0x00,0x00,0x60,0x30,0x18,0xFC,0xFC,0x00,
 129          0x00,0x00,0x00,0x00,0x00,0x00,0x00,0x00,0xF0,0xF8,0x1C,0x0C,0x0C,0x1C,0xF8,0xF0,
 130          0x00,0x00,0x00,0x00,0x00,0x00,0x00,0x00,0x00,0x00,0x00,0x00,0x00,0x00,0x00,0x00,
 131          0x00,0x00,0x00,0x00,0x00,0x00,0x00,0x00,0x00,0x00,0x00,0x00,0x08,0x08,0x7E,0x81,
 132          0x40,0x27,0x10,0x0F,0x10,0x67,0x00,0x00,0x4F,0x80,0x7F,0x00,0x00,0x00,0x00,0x00,
 133          0x00,0x7F,0x20,0x10,0x20,0x60,0x3F,0x10,0x10,0x03,0x1C,0x20,0x40,0xF0,0x00,0x00,
 134          0x10,0x0E,0x01,0xFF,0x00,0x03,0x80,0x88,0x88,0x88,0x88,0xFF,0x88,0x88,0x88,0xC8,
 135          0x80,0x00,0x80,0x60,0x1F,0x00,0x01,0x01,0x01,0x41,0x81,0x7F,0x01,0x01,0x01,0x05,
 136          0x03,0x01,0x00,0x00,0x00,0x00,0x00,0x00,0x00,0x00,0x00,0x00,0x00,0x7F,0x7F,0x00,
 137          0x00,0x00,0x00,0x00,0x60,0x60,0x00,0x00,0x1F,0x3F,0x70,0x60,0x60,0x70,0x3F,0x1F,
 138          0x00,0x00,0x00,0x00,0x00,0x00,0x00,0x00,0x00,0x00,0x00,0x00,0x00,0x00,0x00,0x00
 139          };
 140          
 141          /*------------------延时子程序-----------------------------*/
 142          void delay(unsigned int t)
 143          {
 144   1      unsigned int i,j;
 145   1      for(i=0;i<t;i++)
 146   1      for(j=0;j<10;j++)
 147   1      ;
 148   1      }
 149          
 150          /*------------------写命令到LCD------------------------------*/
 151          void write_com(unsigned char cmdcode)
 152          {
 153   1      
 154   1      Di=0;
 155   1      RW=0;
 156   1      
 157   1      Lcd_Bus=cmdcode;
 158   1      delay(0);
 159   1      Enable=1;
 160   1      delay(0);
 161   1      Enable=0;
 162   1      }
 163          
 164          /*-------------------写数据到LCD----------------------------*/
 165          
 166          void write_data(unsigned char Dispdata)
 167          {
 168   1      
 169   1      Di=1;
 170   1      RW=0;
 171   1      
 172   1      Lcd_Bus=Dispdata;
 173   1      delay(0);
 174   1      Enable=1;
 175   1      delay(0);
 176   1      Enable=0;
 177   1      }
 178          
 179          /*-------------------读LCD数据----------------------------*/
C51 COMPILER V8.02   12864                                                                 11/14/2009 11:35:44 PAGE 4   

 180          
 181          unsigned char read_data()
 182          {
 183   1      unsigned char tmpin;
 184   1      
 185   1      Di=1;
 186   1      RW=1;
 187   1      delay(0);
 188   1      Enable=1;
 189   1      delay(0);
 190   1      Enable=0;
 191   1      
 192   1      tmpin=Lcd_Bus;
 193   1      
 194   1      return tmpin;
 195   1      }
 196          
 197          
 198          
 199          /*------------------显示边框-------------------------------*/
 200          void frame()
 201          {
 202   1      unsigned char i;
 203   1      Mcs=1;
 204   1      Scs=1;
 205   1      write_com(Page_Add+0);
 206   1      write_com(Col_Add+0);
 207   1      for(i=0;i<64;i++) write_data(0x01);
 208   1      write_com(Page_Add+7);
 209   1      write_com(Col_Add+0);
 210   1      for(i=0;i<64;i++) write_data(0x80);
 211   1      
 212   1      for(i=0;i<8;i++)
 213   1      
 214   1      {
 215   2      Mcs=0;
 216   2      Scs=1;
 217   2      write_com(Page_Add+i);
 218   2      write_com(Col_Add+63);
 219   2      write_data(0xff);
 220   2      Mcs=1;
 221   2      Scs=0;
 222   2      write_com(Page_Add+i);
 223   2      write_com(Col_Add+0);
 224   2      write_data(0xff);
 225   2      }
 226   1      }
 227          
 228          
 229          
 230          /*------------------清除内存---------------*/
 231          void Clr_Scr()
 232          {
 233   1      unsigned char j,k;
 234   1      Mcs=1;Scs=1;
 235   1       write_com(Page_Add+0);
 236   1       write_com(Col_Add+0);
 237   1      
 238   1       for(k=0;k<8;k++){
 239   2      write_com(Page_Add+k);
 240   2        for(j=0;j<64;j++)write_data(0x00);
 241   2       }
C51 COMPILER V8.02   12864                                                                 11/14/2009 11:35:44 PAGE 5   

 242   1      }
 243          
 244          /*------------------显示12864图片---------------------------*/
 245          void Disp_Img(unsigned char code *img)
 246          {
 247   1      unsigned char j,k;
 248   1       for(k=0;k<8;k++){
 249   2        Mcs=1;Scs=0;delay(10);
 250   2        write_com(Page_Add+k);
 251   2        write_com(Col_Add+0);
 252   2        for(j=0;j<64;j++) write_data(img[k*128+j]);
 253   2        Mcs=0;Scs=1; delay(10);
 254   2        write_com(Page_Add+k);
 255   2        write_com(Col_Add+0);
 256   2        for(j=64;j<128;j++) write_data(img[k*128+j]);
 257   2       }
 258   1      }
 259          
 260          /*------------------显示横---------------------------*/
 261          void Disp_H_Line()
 262          {
 263   1      unsigned char i,j;
 264   1      Mcs=1;
 265   1      Scs=1;
 266   1      write_com(Disp_On);
 267   1      write_com(Page_Add);
 268   1      write_com(Start_Line);
 269   1      write_com(Col_Add);
 270   1      
 271   1      for(j=0;j<8;j++)
 272   1      {
 273   2      write_com(Page_Add+j);
 274   2      write_com(Col_Add+0);
 275   2      // write_com(Start_Line+0);
 276   2      for(i=0;i<64;i++)write_data(0x55);
 277   2      }
 278   1      }
 279          
 280          
 281          /*------------------显示列-----------------------------*/
 282          void Disp_V_Line()
 283          {
 284   1      unsigned char i,j;
 285   1      write_com(Disp_On);
 286   1      write_com(Page_Add);
 287   1      write_com(Start_Line);
 288   1      write_com(Col_Add);
 289   1      
 290   1      for(j=0;j<8;j++)
 291   1      {
 292   2      write_com(Page_Add+j);
 293   2      write_com(Col_Add+0);
 294   2      write_com(Start_Line+0);
 295   2      for(i=0;i<32;i++)
 296   2      {
 297   3      write_data(0x00);
 298   3      write_data(0xff);
 299   3      }
 300   2      
 301   2      }
 302   1      }
 303          
C51 COMPILER V8.02   12864                                                                 11/14/2009 11:35:44 PAGE 6   

 304          /*------------------棋盘-----------------------------*/
 305          void Disp_Cross_Line(unsigned char mode)
 306          {
 307   1      unsigned char i,j;
 308   1      unsigned char data1,data2;
 309   1      if(mode==0) {data1=0xaa;data2=0x55;}
 310   1      else if(mode==1) {data1=0x55;data2=0xaa;}
 311   1      else return;
 312   1      Mcs=1;Scs=1;
 313   1      write_com(Disp_On);
 314   1      write_com(Page_Add);
 315   1      write_com(Start_Line);
 316   1      write_com(Col_Add);
 317   1      for(j=0;j<8;j++)
 318   1      {
 319   2      write_com(Page_Add+j);
 320   2      write_com(Col_Add+0);
 321   2      write_com(Start_Line+0);
 322   2      for(i=0;i<32;i++){
 323   3      write_data(data1);
 324   3      write_data(data2);
 325   3      }
 326   2      }
 327   1      }
 328          
 329          
 330          /*---------------------指定位置显示汉字16*16-----------------------*/
 331          
 332          void hz_disp16(unsigned char pag,unsigned char col, unsigned char code *hzk)
 333          {
 334   1      unsigned char j=0,i=0;
 335   1      for(j=0;j<2;j++){
 336   2      write_com(Page_Add+pag+j);
 337   2      write_com(Col_Add+col);
 338   2      for(i=0;i<16;i++) write_data(hzk[16*j+i]);
 339   2      }
 340   1      }
 341          
 342          
 343          /*------------------初始化LCD屏--------------------------*/
 344          void init_lcd()
 345          {
 346   1      Lcd_Rst=0;
 347   1      delay(100);
 348   1      Lcd_Rst=1;
 349   1      delay(100);
 350   1      
 351   1      Mcs=1;
 352   1      Scs=1;
 353   1      
 354   1      delay(100);
 355   1      write_com(Disp_Off);
 356   1      write_com(Page_Add+0);
 357   1      write_com(Start_Line+0);
 358   1      write_com(Col_Add+0);
 359   1      write_com(Disp_On);
 360   1      }
 361          
 362          
 363          /*------------------------------信息显示------------------------*/
 364          void Msg(int flg)
 365          {
C51 COMPILER V8.02   12864                                                                 11/14/2009 11:35:44 PAGE 7   

 366   1      Clr_Scr();
 367   1      frame();
 368   1      if(flg==0){ //显示“测试开始”
 369   2      Mcs=1;Scs=0;
 370   2      hz_disp16(3,32,ce);
 371   2      delay(2000);
 372   2      hz_disp16(3,48,shi);
 373   2      delay(2000);
 374   2      Mcs=0;Scs=1;
 375   2      hz_disp16(3,0,kai);
 376   2      delay(2000);
 377   2      hz_disp16(3,16,shi3);
 378   2      delay(2000);
 379   2      }
 380   1      else if(flg==1){ //显示“测试完毕”
 381   2      Mcs=1;Scs=0;
 382   2      hz_disp16(3,32,ce);
 383   2      hz_disp16(3,48,shi);
 384   2      Mcs=0;Scs=1;
 385   2      hz_disp16(3,0,wan);
 386   2      hz_disp16(3,16,bi); 
 387   2      }
 388   1      }
 389          
 390          
 391          /*--------------------------------键盘扫描-------------------------*/
 392          void Key_Scan()
 393          {
 394   1      while(Test_Key);
 395   1      while(~Test_Key);
 396   1      }
 397          
 398          
 399          /*--------------------主程序---------------------------------*/
 400          
 401          
 402          main()
 403          {
 404   1      unsigned char i=0;
 405   1      while(1){
 406   2      // Key_Scan();
 407   2       init_lcd();
 408   2      Disp_Img(FirstPage);
 409   2      delay(10000);
 410   2      // Key_Scan();
 411   2      Msg(0);
 412   2      delay(10000);
 413   2       Disp_H_Line();
 414   2      delay(10000);
 415   2       Disp_V_Line();
 416   2      delay(10000);
 417   2      Msg(1); 
 418   2      delay(10000);
 419   2       }
 420   1      }
 421          


MODULE INFORMATION:   STATIC OVERLAYABLE
   CODE SIZE        =    783    ----
   CONSTANT SIZE    =   1216    ----
   XDATA SIZE       =   ----    ----
C51 COMPILER V8.02   12864                                                                 11/14/2009 11:35:44 PAGE 8   

   PDATA SIZE       =   ----    ----
   DATA SIZE        =   ----      17
   IDATA SIZE       =   ----    ----
   BIT SIZE         =   ----    ----
END OF MODULE INFORMATION.


C51 COMPILATION COMPLETE.  0 WARNING(S),  0 ERROR(S)
