C51 COMPILER V8.02   SERIAL                                                                06/07/2010 13:04:51 PAGE 1   


C51 COMPILER V8.02, COMPILATION OF MODULE SERIAL
OBJECT MODULE PLACED IN serial.OBJ
COMPILER INVOKED BY: C:\Keil\C51\BIN\C51.EXE serial.c BROWSE DEBUG OBJECTEXTEND

line level    source

   1          #include "reg52.h"
   2          /*****************************************************************
   3          计算波特率注意，Fclk=48MHz
   4          定时器1采用方式二
   5          串行口采用方式一,波特率倍增位SMOD置1
   6          波特率初值计算公式：Baud=Fclk/(12*16*（256-x）)，x为定时器1初值
   7          *****************************************************************/
   8          void rs232_init(void)
   9          {
  10   1              TMOD&=0x0f;
  11   1              TMOD|=0x20;                     // 定时器1工作于8位自动重载模式, 用于产生波特率
  12   1              TH1 = 243;                      // 波特率19200
  13   1              TL1 = 243;
  14   1              PCON|=0x80;                     // 波特率倍增
  15   1              SCON = 0x50;            // 设定串行口工作方式1,REN=1
  16   1              TR1 = 1;                        // 启动定时器1
  17   1              ES=1;
  18   1              EA=1;
  19   1      }
  20          unsigned char rs232_getchar(void)
  21          {
  22   1              unsigned char b;
  23   1              while(!RI);
  24   1              RI=0;
  25   1              b=SBUF;
  26   1              return b;
  27   1      }
  28          void rs232_putchar(unsigned char txd)
  29          {
  30   1              SBUF = txd;
  31   1              while(!TI);                             // 等特数据传送
  32   1              TI = 0;                                 // 清除数据传送标志
  33   1      }
  34          void rs232_printstr(unsigned char *str)
  35          {
  36   1              while(*str!= '\0')
  37   1              {
  38   2                      SBUF =*str++;
  39   2                      while(!TI);                             // 等特数据传送
  40   2                      TI = 0;                                 // 清除数据传送标志
  41   2              }
  42   1      }
  43          void rs232_printhex(unsigned char b)
  44          {
  45   1              unsigned char hexvalue;
  46   1      #if 1
  47   1              rs232_printstr("0x");
  48   1      #endif
  49   1              hexvalue=(b&0xf0)>>4;
  50   1              if(hexvalue<10)
  51   1              {
  52   2                      rs232_putchar(hexvalue+'0');
  53   2              }
  54   1              else
  55   1              {
C51 COMPILER V8.02   SERIAL                                                                06/07/2010 13:04:51 PAGE 2   

  56   2                      rs232_putchar(hexvalue+55);
  57   2              }
  58   1              hexvalue=(b&0x0f);
  59   1              if(hexvalue<10)
  60   1              {
  61   2                      rs232_putchar(hexvalue+'0');
  62   2              }
  63   1              else
  64   1              {
  65   2                      rs232_putchar(hexvalue+55);
  66   2              }
  67   1      #if 1
  68   1              rs232_printstr(" ");
  69   1      #endif
  70   1      }


MODULE INFORMATION:   STATIC OVERLAYABLE
   CODE SIZE        =    144    ----
   CONSTANT SIZE    =      5    ----
   XDATA SIZE       =   ----    ----
   PDATA SIZE       =   ----    ----
   DATA SIZE        =   ----       3
   IDATA SIZE       =   ----    ----
   BIT SIZE         =   ----    ----
END OF MODULE INFORMATION.


C51 COMPILATION COMPLETE.  0 WARNING(S),  0 ERROR(S)
