C51 COMPILER V8.02   TEXT1                                                                 06/08/2010 23:19:06 PAGE 1   


C51 COMPILER V8.02, COMPILATION OF MODULE TEXT1
OBJECT MODULE PLACED IN Text1.OBJ
COMPILER INVOKED BY: C:\Keil\C51\BIN\C51.EXE Text1.c BROWSE DEBUG OBJECTEXTEND

line level    source

   1          #include <reg51.h>
   2          #include "tusb2136.h"
   3          #include <string.h>
   4          #include "font.h"
   5          #include "tft.h"
   6          #include "serial.h"
   7          
   8          
   9          void serial_int(void)interrupt 4 using 1
  10          {
  11   1              if(RI)
  12   1              {
  13   2                      P0=SBUF;
  14   2                      RI=0;
  15   2              }
  16   1              if(TI)
  17   1              {
  18   2                      TI=0;
  19   2              }
  20   1      }
  21          
  22          
  23          
  24          
  25          void delay_ms(uint16 t)
  26          {
  27   1              uint16 a;
  28   1              while(t--)
  29   1              {
  30   2                      for(a=0;a<255;a++);
  31   2              }
  32   1      }
  33          void main(void)
  34          {
  35   1              rs232_init();
  36   1              LCD_RESET = 1;
  37   1              Delay(50);
  38   1              LCD_RESET = 0;
  39   1              Delay(200);
  40   1              LCD_RESET = 1;
  41   1              Delay(50);
  42   1              SPFD5408A_CPT24_Initial();
  43   1              Blue();
  44   1              rs232_printstr("Hello world!\r\n");
  45   1              drawline(0,0x00ef,0,0x018f,0xffff);
  46   1              while(1)
  47   1              {
  48   2                      delay_ms(10);
  49   2              }
  50   1      }


MODULE INFORMATION:   STATIC OVERLAYABLE
   CODE SIZE        =   1797    ----
   CONSTANT SIZE    =     15    ----
C51 COMPILER V8.02   TEXT1                                                                 06/08/2010 23:19:06 PAGE 2   

   XDATA SIZE       =   ----    ----
   PDATA SIZE       =   ----    ----
   DATA SIZE        =   ----      71
   IDATA SIZE       =   ----    ----
   BIT SIZE         =   ----    ----
END OF MODULE INFORMATION.


C51 COMPILATION COMPLETE.  0 WARNING(S),  0 ERROR(S)
