Sunplus u'nSP Assembler - Ver. 1.14.3.1
              Listing File Has Been Relocated
                            	// GCC for SUNPLUS u'nSP version 1.0.21-3
                            	// Command: D:\PROGRA~1\Sunplus\UNSPID~1.0\cc1.exe C:\DOCUME~1\ZHANGZ~1.YSU\LOCALS~1\Temp\cc8Qaaaa.i -fkeep-inline-functions -quiet -dumpbase dd.c -mglobal-var-iram -gstabs -Wall -o .\Debug/dd.asm
                            		.external __sn_func_ptr_sec
                            	
                            	// gcc2_compiled.:
                            	
00000000                    	.debug
00000000 2E 00 73 00        		.dw '.stabs "F:/abc/kkk2/",0x64,0,3,',0,0,offset Ltext0,seg Ltext0,0x0d,0x0a
         74 00 61 00
         62 00 73 00
         20 00 22 00
         46 00 3A 00
         2F 00 61 00
         62 00 63 00
         2F 00 6B 00
         6B 00 6B 00
         32 00 2F 00
         22 00 2C 00
         30 00 78 00
         36 00 34 00
         2C 00 30 00
         2C 00 33 00
         2C 00 00 00
         00 00 00 00
         00 00 0D 00
         0A 00      
00008026                    	.code
00000025                    	.debug
00000025 2E 00 73 00        		.dw '.stabs "F:/abc/kkk2/dd.c",0x64,0,3,',0,0,offset Ltext0,seg Ltext0,0x0d,0x0a
         74 00 61 00
         62 00 73 00
         20 00 22 00
         46 00 3A 00
         2F 00 61 00
         62 00 63 00
         2F 00 6B 00
         6B 00 6B 00
         32 00 2F 00
         64 00 64 00
         2E 00 63 00
         22 00 2C 00
         30 00 78 00
         36 00 34 00
         2C 00 30 00
         2C 00 33 00
         2C 00 00 00
         00 00 00 00
         00 00 0D 00
         0A 00      
00008026                    	.code
00008026                    	.code
                            	Ltext0:
0000004E                    	.debug
0000004E 2E 00 73 00        		.dw '.stabs "int:t1=r1;-32768;32767;",128,0,0,0',0x0d,0x0a
         74 00 61 00
         62 00 73 00
         20 00 22 00
         69 00 6E 00
         74 00 3A 00
         74 00 31 00
         3D 00 72 00
         31 00 3B 00
         2D 00 33 00
         32 00 37 00
         36 00 38 00
         3B 00 33 00
         32 00 37 00
         36 00 37 00
         3B 00 22 00
         2C 00 31 00
         32 00 38 00
         2C 00 30 00
         2C 00 30 00
         2C 00 30 00
         0D 00 0A 00
00008026                    	.CODE
0000007A                    	.debug
0000007A 2E 00 73 00        		.dw '.stabs "char:t2=r2;0;127;",128,0,0,0',0x0d,0x0a
         74 00 61 00
         62 00 73 00
         20 00 22 00
         63 00 68 00
         61 00 72 00
         3A 00 74 00
         32 00 3D 00
         72 00 32 00
         3B 00 30 00
         3B 00 31 00
         32 00 37 00
         3B 00 22 00
         2C 00 31 00
         32 00 38 00
         2C 00 30 00
         2C 00 30 00
         2C 00 30 00
         0D 00 0A 00
00008026                    	.CODE
000000A0                    	.debug
000000A0 2E 00 73 00        		.dw '.stabs "long int:t3=r3;-2147483648;2147483647;",128,0,0,0',0x0d,0x0a
         74 00 61 00
         62 00 73 00
         20 00 22 00
         6C 00 6F 00
         6E 00 67 00
         20 00 69 00
         6E 00 74 00
         3A 00 74 00
         33 00 3D 00
         72 00 33 00
         3B 00 2D 00
         32 00 31 00
         34 00 37 00
         34 00 38 00
         33 00 36 00
         34 00 38 00
         3B 00 32 00
         31 00 34 00
         37 00 34 00
         38 00 33 00
         36 00 34 00
         37 00 3B 00
         22 00 2C 00
         31 00 32 00
         38 00 2C 00
         30 00 2C 00
         30 00 2C 00
         30 00 0D 00
         0A 00      
00008026                    	.CODE
000000DB                    	.debug
000000DB 2E 00 73 00        		.dw '.stabs "unsigned int:t4=r4;0;65535;",128,0,0,0',0x0d,0x0a
         74 00 61 00
         62 00 73 00
         20 00 22 00
         75 00 6E 00
         73 00 69 00
         67 00 6E 00
         65 00 64 00
         20 00 69 00
         6E 00 74 00
         3A 00 74 00
         34 00 3D 00
         72 00 34 00
         3B 00 30 00
         3B 00 36 00
         35 00 35 00
         33 00 35 00
         3B 00 22 00
         2C 00 31 00
         32 00 38 00
         2C 00 30 00
         2C 00 30 00
         2C 00 30 00
         0D 00 0A 00
00008026                    	.CODE
0000010B                    	.debug
0000010B 2E 00 73 00        		.dw '.stabs "long unsigned int:t5=r5;0;4294967295;",128,0,0,0',0x0d,0x0a
         74 00 61 00
         62 00 73 00
         20 00 22 00
         6C 00 6F 00
         6E 00 67 00
         20 00 75 00
         6E 00 73 00
         69 00 67 00
         6E 00 65 00
         64 00 20 00
         69 00 6E 00
         74 00 3A 00
         74 00 35 00
         3D 00 72 00
         35 00 3B 00
         30 00 3B 00
         34 00 32 00
         39 00 34 00
         39 00 36 00
         37 00 32 00
         39 00 35 00
         3B 00 22 00
         2C 00 31 00
         32 00 38 00
         2C 00 30 00
         2C 00 30 00
         2C 00 30 00
         0D 00 0A 00
00008026                    	.CODE
00000145                    	.debug
00000145 2E 00 73 00        		.dw '.stabs "long long int:t6=r6;-2147483648;2147483647;",128,0,0,0',0x0d,0x0a
         74 00 61 00
         62 00 73 00
         20 00 22 00
         6C 00 6F 00
         6E 00 67 00
         20 00 6C 00
         6F 00 6E 00
         67 00 20 00
         69 00 6E 00
         74 00 3A 00
         74 00 36 00
         3D 00 72 00
         36 00 3B 00
         2D 00 32 00
         31 00 34 00
         37 00 34 00
         38 00 33 00
         36 00 34 00
         38 00 3B 00
         32 00 31 00
         34 00 37 00
         34 00 38 00
         33 00 36 00
         34 00 37 00
         3B 00 22 00
         2C 00 31 00
         32 00 38 00
         2C 00 30 00
         2C 00 30 00
         2C 00 30 00
         0D 00 0A 00
00008026                    	.CODE
00000185                    	.debug
00000185 2E 00 73 00        		.dw '.stabs "long long unsigned int:t7=r7;0;4294967295;",128,0,0,0',0x0d,0x0a
         74 00 61 00
         62 00 73 00
         20 00 22 00
         6C 00 6F 00
         6E 00 67 00
         20 00 6C 00
         6F 00 6E 00
         67 00 20 00
         75 00 6E 00
         73 00 69 00
         67 00 6E 00
         65 00 64 00
         20 00 69 00
         6E 00 74 00
         3A 00 74 00
         37 00 3D 00
         72 00 37 00
         3B 00 30 00
         3B 00 34 00
         32 00 39 00
         34 00 39 00
         36 00 37 00
         32 00 39 00
         35 00 3B 00
         22 00 2C 00
         31 00 32 00
         38 00 2C 00
         30 00 2C 00
         30 00 2C 00
         30 00 0D 00
         0A 00      
00008026                    	.CODE
000001C4                    	.debug
000001C4 2E 00 73 00        		.dw '.stabs "short int:t8=r8;-32768;32767;",128,0,0,0',0x0d,0x0a
         74 00 61 00
         62 00 73 00
         20 00 22 00
         73 00 68 00
         6F 00 72 00
         74 00 20 00
         69 00 6E 00
         74 00 3A 00
         74 00 38 00
         3D 00 72 00
         38 00 3B 00
         2D 00 33 00
         32 00 37 00
         36 00 38 00
         3B 00 33 00
         32 00 37 00
         36 00 37 00
         3B 00 22 00
         2C 00 31 00
         32 00 38 00
         2C 00 30 00
         2C 00 30 00
         2C 00 30 00
         0D 00 0A 00
00008026                    	.CODE
000001F6                    	.debug
000001F6 2E 00 73 00        		.dw '.stabs "short unsigned int:t9=r9;0;65535;",128,0,0,0',0x0d,0x0a
         74 00 61 00
         62 00 73 00
         20 00 22 00
         73 00 68 00
         6F 00 72 00
         74 00 20 00
         75 00 6E 00
         73 00 69 00
         67 00 6E 00
         65 00 64 00
         20 00 69 00
         6E 00 74 00
         3A 00 74 00
         39 00 3D 00
         72 00 39 00
         3B 00 30 00
         3B 00 36 00
         35 00 35 00
         33 00 35 00
         3B 00 22 00
         2C 00 31 00
         32 00 38 00
         2C 00 30 00
         2C 00 30 00
         2C 00 30 00
         0D 00 0A 00
00008026                    	.CODE
0000022C                    	.debug
0000022C 2E 00 73 00        		.dw '.stabs "signed char:t10=r10;-32768;32767;",128,0,0,0',0x0d,0x0a
         74 00 61 00
         62 00 73 00
         20 00 22 00
         73 00 69 00
         67 00 6E 00
         65 00 64 00
         20 00 63 00
         68 00 61 00
         72 00 3A 00
         74 00 31 00
         30 00 3D 00
         72 00 31 00
         30 00 3B 00
         2D 00 33 00
         32 00 37 00
         36 00 38 00
         3B 00 33 00
         32 00 37 00
         36 00 37 00
         3B 00 22 00
         2C 00 31 00
         32 00 38 00
         2C 00 30 00
         2C 00 30 00
         2C 00 30 00
         0D 00 0A 00
00008026                    	.CODE
00000262                    	.debug
00000262 2E 00 73 00        		.dw '.stabs "unsigned char:t11=r11;0;65535;",128,0,0,0',0x0d,0x0a
         74 00 61 00
         62 00 73 00
         20 00 22 00
         75 00 6E 00
         73 00 69 00
         67 00 6E 00
         65 00 64 00
         20 00 63 00
         68 00 61 00
         72 00 3A 00
         74 00 31 00
         31 00 3D 00
         72 00 31 00
         31 00 3B 00
         30 00 3B 00
         36 00 35 00
         35 00 33 00
         35 00 3B 00
         22 00 2C 00
         31 00 32 00
         38 00 2C 00
         30 00 2C 00
         30 00 2C 00
         30 00 0D 00
         0A 00      
00008026                    	.CODE
00000295                    	.debug
00000295 2E 00 73 00        		.dw '.stabs "float:t12=r1;2;0;",128,0,0,0',0x0d,0x0a
         74 00 61 00
         62 00 73 00
         20 00 22 00
         66 00 6C 00
         6F 00 61 00
         74 00 3A 00
         74 00 31 00
         32 00 3D 00
         72 00 31 00
         3B 00 32 00
         3B 00 30 00
         3B 00 22 00
         2C 00 31 00
         32 00 38 00
         2C 00 30 00
         2C 00 30 00
         2C 00 30 00
         0D 00 0A 00
00008026                    	.CODE
000002BB                    	.debug
000002BB 2E 00 73 00        		.dw '.stabs "double:t13=r1;2;0;",128,0,0,0',0x0d,0x0a
         74 00 61 00
         62 00 73 00
         20 00 22 00
         64 00 6F 00
         75 00 62 00
         6C 00 65 00
         3A 00 74 00
         31 00 33 00
         3D 00 72 00
         31 00 3B 00
         32 00 3B 00
         30 00 3B 00
         22 00 2C 00
         31 00 32 00
         38 00 2C 00
         30 00 2C 00
         30 00 2C 00
         30 00 0D 00
         0A 00      
00008026                    	.CODE
000002E2                    	.debug
000002E2 2E 00 73 00        		.dw '.stabs "long double:t14=r1;2;0;",128,0,0,0',0x0d,0x0a
         74 00 61 00
         62 00 73 00
         20 00 22 00
         6C 00 6F 00
         6E 00 67 00
         20 00 64 00
         6F 00 75 00
         62 00 6C 00
         65 00 3A 00
         74 00 31 00
         34 00 3D 00
         72 00 31 00
         3B 00 32 00
         3B 00 30 00
         3B 00 22 00
         2C 00 31 00
         32 00 38 00
         2C 00 30 00
         2C 00 30 00
         2C 00 30 00
         0D 00 0A 00
00008026                    	.CODE
0000030E                    	.debug
0000030E 2E 00 73 00        		.dw '.stabs "complex int:t15=s2real:1,0,16;imag:1,16,16;;",128,0,0,0',0x0d,0x0a
         74 00 61 00
         62 00 73 00
         20 00 22 00
         63 00 6F 00
         6D 00 70 00
         6C 00 65 00
         78 00 20 00
         69 00 6E 00
         74 00 3A 00
         74 00 31 00
         35 00 3D 00
         73 00 32 00
         72 00 65 00
         61 00 6C 00
         3A 00 31 00
         2C 00 30 00
         2C 00 31 00
         36 00 3B 00
         69 00 6D 00
         61 00 67 00
         3A 00 31 00
         2C 00 31 00
         36 00 2C 00
         31 00 36 00
         3B 00 3B 00
         22 00 2C 00
         31 00 32 00
         38 00 2C 00
         30 00 2C 00
         30 00 2C 00
         30 00 0D 00
         0A 00      
00008026                    	.CODE
0000034F                    	.debug
0000034F 2E 00 73 00        		.dw '.stabs "complex float:t16=r16;2;0;",128,0,0,0',0x0d,0x0a
         74 00 61 00
         62 00 73 00
         20 00 22 00
         63 00 6F 00
         6D 00 70 00
         6C 00 65 00
         78 00 20 00
         66 00 6C 00
         6F 00 61 00
         74 00 3A 00
         74 00 31 00
         36 00 3D 00
         72 00 31 00
         36 00 3B 00
         32 00 3B 00
         30 00 3B 00
         22 00 2C 00
         31 00 32 00
         38 00 2C 00
         30 00 2C 00
         30 00 2C 00
         30 00 0D 00
         0A 00      
00008026                    	.CODE
0000037E                    	.debug
0000037E 2E 00 73 00        		.dw '.stabs "complex double:t17=r17;2;0;",128,0,0,0',0x0d,0x0a
         74 00 61 00
         62 00 73 00
         20 00 22 00
         63 00 6F 00
         6D 00 70 00
         6C 00 65 00
         78 00 20 00
         64 00 6F 00
         75 00 62 00
         6C 00 65 00
         3A 00 74 00
         31 00 37 00
         3D 00 72 00
         31 00 37 00
         3B 00 32 00
         3B 00 30 00
         3B 00 22 00
         2C 00 31 00
         32 00 38 00
         2C 00 30 00
         2C 00 30 00
         2C 00 30 00
         0D 00 0A 00
00008026                    	.CODE
000003AE                    	.debug
000003AE 2E 00 73 00        		.dw '.stabs "complex long double:t18=r18;2;0;",128,0,0,0',0x0d,0x0a
         74 00 61 00
         62 00 73 00
         20 00 22 00
         63 00 6F 00
         6D 00 70 00
         6C 00 65 00
         78 00 20 00
         6C 00 6F 00
         6E 00 67 00
         20 00 64 00
         6F 00 75 00
         62 00 6C 00
         65 00 3A 00
         74 00 31 00
         38 00 3D 00
         72 00 31 00
         38 00 3B 00
         32 00 3B 00
         30 00 3B 00
         22 00 2C 00
         31 00 32 00
         38 00 2C 00
         30 00 2C 00
         30 00 2C 00
         30 00 0D 00
         0A 00      
00008026                    	.CODE
000003E3                    	.debug
000003E3 2E 00 73 00        		.dw '.stabs "void:t19=19",128,0,0,0',0x0d,0x0a
         74 00 61 00
         62 00 73 00
         20 00 22 00
         76 00 6F 00
         69 00 64 00
         3A 00 74 00
         31 00 39 00
         3D 00 31 00
         39 00 22 00
         2C 00 31 00
         32 00 38 00
         2C 00 30 00
         2C 00 30 00
         2C 00 30 00
         0D 00 0A 00
00008026                    	.CODE
00008026                    	.code
00000403                    	.debug
00000403 2E 00 73 00        		.dw '.stabs "delay:F19",36,0,0,',0,0,offset _delay,seg _delay,0x0d,0x0a
         74 00 61 00
         62 00 73 00
         20 00 22 00
         64 00 65 00
         6C 00 61 00
         79 00 3A 00
         46 00 31 00
         39 00 22 00
         2C 00 33 00
         36 00 2C 00
         30 00 2C 00
         30 00 2C 00
         00 00 00 00
         00 00 00 00
         0D 00 0A 00
00008026                    	.CODE
                            	.public _delay
                            	_delay:	.proc
00000423                    	.debug
00000423 2E 00 73 00        		.dw '.stabn 0x44,0,3,',0,0
         74 00 61 00
         62 00 6E 00
         20 00 30 00
         78 00 34 00
         34 00 2C 00
         30 00 2C 00
         33 00 2C 00
         00 00 00 00
00000435 00 00 00 00        		.dd LM1-_delay
00000437 0D 00 0A 00        		.dw 0x0d,0x0a
00008026                    	.code
                            	LM1:
                            		// total=1, vars=1
                            		// frame_pointer_needed: 1
00008026 88 DA              		push bp to [sp]
00008027 41 20              		sp-=1
00008028 08 0B 01 00        		bp=sp+1
                            	
0000802A 0D 03 04 00        		R1=BP+4
00000439                    	.debug
00000439 2E 00 73 00        		.dw '.stabn 0x44,0,4,',0,0
         74 00 61 00
         62 00 6E 00
         20 00 30 00
         78 00 34 00
         34 00 2C 00
         30 00 2C 00
         34 00 2C 00
         00 00 00 00
0000044B 06 00 00 00        		.dd LM2-_delay
0000044D 0D 00 0A 00        		.dw 0x0d,0x0a
0000802C                    	.code
                            	LM2:
                            	LBB2:
0000044F                    	.debug
0000044F 2E 00 73 00        		.dw '.stabn 0x44,0,5,',0,0
         74 00 61 00
         62 00 6E 00
         20 00 30 00
         78 00 34 00
         34 00 2C 00
         30 00 2C 00
         35 00 2C 00
         00 00 00 00
00000461 06 00 00 00        		.dd LM3-_delay
00000463 0D 00 0A 00        		.dw 0x0d,0x0a
0000802C                    	.code
                            	LM3:
0000802C 0A 95 64 00        		R2=100	// QImode move
0000802E C5 D4              		[BP]=R2	// QImode move
                            	L3:
0000802F C5 94              		R2=[BP]	// QImode move
00008030 40 44              		CMP R2,0	// QImode test
00008031 04 4E 01 EE        		NSJNZ L5	//QImode NE
         00 EE      
00008034 0F 9F 3C 80        		pc=L4	// Indirect jump
                            	L6:
                            	L5:
00008036 C5 94              		R2=[BP]	// QImode move
00008037 0A 07 FF FF        		R3=R2+(-1)
00008039 C5 D6              		[BP]=R3	// QImode move
0000803A 0F 9F 2F 80        		pc=L3	// Indirect jump
                            	L4:
00000465                    	.debug
00000465 2E 00 73 00        		.dw '.stabn 0x44,0,6,',0,0
         74 00 61 00
         62 00 6E 00
         20 00 30 00
         78 00 34 00
         34 00 2C 00
         30 00 2C 00
         36 00 2C 00
         00 00 00 00
00000477 16 00 00 00        		.dd LM4-_delay
00000479 0D 00 0A 00        		.dw 0x0d,0x0a
0000803C                    	.code
                            	LM4:
0000803C 41 94              		R2=1	// QImode move
0000803D 1A D5 12 70        		[28690]=R2	// QImode move
0000047B                    	.debug
0000047B 2E 00 73 00        		.dw '.stabn 0x44,0,7,',0,0
         74 00 61 00
         62 00 6E 00
         20 00 30 00
         78 00 34 00
         34 00 2C 00
         30 00 2C 00
         37 00 2C 00
         00 00 00 00
0000048D 19 00 00 00        		.dd LM5-_delay
0000048F 0D 00 0A 00        		.dw 0x0d,0x0a
0000803F                    	.code
                            	LM5:
                            	LBE2:
00000491                    	.debug
00000491 2E 00 73 00        		.dw '.stabn 0x44,0,7,',0,0
         74 00 61 00
         62 00 6E 00
         20 00 30 00
         78 00 34 00
         34 00 2C 00
         30 00 2C 00
         37 00 2C 00
         00 00 00 00
000004A3 19 00 00 00        		.dd LM6-_delay
000004A5 0D 00 0A 00        		.dw 0x0d,0x0a
0000803F                    	.code
                            	LM6:
                            	L2:
                            	
0000803F 41 00              		sp+=1
00008040 88 98              		pop bp from [sp]
00008041 90 9A              		retf
                            		.endp	// end of delay
                            	
000004A7                    	.debug
000004A7 2E 00 73 00        		.dw '.stabn 0xc0,0,0,',0,0
         74 00 61 00
         62 00 6E 00
         20 00 30 00
         78 00 63 00
         30 00 2C 00
         30 00 2C 00
         30 00 2C 00
         00 00 00 00
000004B9 06 00 00 00        		.dd LBB2-_delay
000004BB 0D 00 0A 00        		.dw 0x0d,0x0a
00008042                    	.code
000004BD                    	.debug
000004BD 2E 00 73 00        		.dw '.stabs "i:1",128,0,0,0',0x0d,0x0a
         74 00 61 00
         62 00 73 00
         20 00 22 00
         69 00 3A 00
         31 00 22 00
         2C 00 31 00
         32 00 38 00
         2C 00 30 00
         2C 00 30 00
         2C 00 30 00
         0D 00 0A 00
00008042                    	.CODE
000004D5                    	.debug
000004D5 2E 00 73 00        		.dw '.stabn 0xe0,0,0,',0,0
         74 00 61 00
         62 00 6E 00
         20 00 30 00
         78 00 65 00
         30 00 2C 00
         30 00 2C 00
         30 00 2C 00
         00 00 00 00
000004E7 19 00 00 00        		.dd LBE2-_delay
000004E9 0D 00 0A 00        		.dw 0x0d,0x0a
00008042                    	.code
000004EB                    	.debug
000004EB 2E 00 73 00        		.dw '.stabf ',0,0
         74 00 61 00
         62 00 66 00
         20 00 00 00
         00 00      
000004F4 1C 00 00 00        		.dd LME1-_delay
000004F6 0D 00 0A 00        		.dw 0x0d,0x0a
00008042                    	.code
                            	LME1:
00008042                    	.code
000004F8                    	.debug
000004F8 2E 00 73 00        		.dw '.stabs "main:F1",36,0,0,',0,0,offset _main,seg _main,0x0d,0x0a
         74 00 61 00
         62 00 73 00
         20 00 22 00
         6D 00 61 00
         69 00 6E 00
         3A 00 46 00
         31 00 22 00
         2C 00 33 00
         36 00 2C 00
         30 00 2C 00
         30 00 2C 00
         00 00 00 00
         1C 00 00 00
         0D 00 0A 00
00008042                    	.CODE
                            	.public _main
                            	_main:	.proc
00000516                    	.debug
00000516 2E 00 73 00        		.dw '.stabn 0x44,0,9,',0,0
         74 00 61 00
         62 00 6E 00
         20 00 30 00
         78 00 34 00
         34 00 2C 00
         30 00 2C 00
         39 00 2C 00
         00 00 00 00
00000528 00 00 00 00        		.dd LM7-_main
0000052A 0D 00 0A 00        		.dw 0x0d,0x0a
00008042                    	.code
                            	LM7:
                            		// total=2, vars=2
                            		// frame_pointer_needed: 1
00008042 88 DA              		push bp to [sp]
00008043 42 20              		sp-=2
00008044 08 0B 01 00        		bp=sp+1
                            	
00008046 0D 03 05 00        		R1=BP+5
00008048 01 D2              		[bp+1]=R1	// QImode move
0000052C                    	.debug
0000052C 2E 00 73 00        		.dw '.stabn 0x44,0,10,',0,0
         74 00 61 00
         62 00 6E 00
         20 00 30 00
         78 00 34 00
         34 00 2C 00
         30 00 2C 00
         31 00 30 00
         2C 00 00 00
         00 00      
0000053F 07 00 00 00        		.dd LM8-_main
00000541 0D 00 0A 00        		.dw 0x0d,0x0a
00008049                    	.code
                            	LM8:
                            	LBB3:
00000543                    	.debug
00000543 2E 00 73 00        		.dw '.stabn 0x44,0,11,',0,0
         74 00 61 00
         62 00 6E 00
         20 00 30 00
         78 00 34 00
         34 00 2C 00
         30 00 2C 00
         31 00 31 00
         2C 00 00 00
         00 00      
00000556 07 00 00 00        		.dd LM9-_main
00000558 0D 00 0A 00        		.dw 0x0d,0x0a
00008049                    	.code
                            	LM9:
00008049 09 93 84 00        		R1=132	// QImode move
0000804B 19 D3 13 70        		[28691]=R1	// QImode move
0000055A                    	.debug
0000055A 2E 00 73 00        		.dw '.stabn 0x44,0,12,',0,0
         74 00 61 00
         62 00 6E 00
         20 00 30 00
         78 00 34 00
         34 00 2C 00
         30 00 2C 00
         31 00 32 00
         2C 00 00 00
         00 00      
0000056D 0B 00 00 00        		.dd LM10-_main
0000056F 0D 00 0A 00        		.dw 0x0d,0x0a
0000804D                    	.code
                            	LM10:
0000804D 41 62              		R1=(-1)	// QImode move
0000804E 19 D3 02 70        		[28674]=R1	// QImode move
00000571                    	.debug
00000571 2E 00 73 00        		.dw '.stabn 0x44,0,13,',0,0
         74 00 61 00
         62 00 6E 00
         20 00 30 00
         78 00 34 00
         34 00 2C 00
         30 00 2C 00
         31 00 33 00
         2C 00 00 00
         00 00      
00000584 0E 00 00 00        		.dd LM11-_main
00000586 0D 00 0A 00        		.dw 0x0d,0x0a
00008050                    	.code
                            	LM11:
00008050 41 62              		R1=(-1)	// QImode move
00008051 19 D3 03 70        		[28675]=R1	// QImode move
00000588                    	.debug
00000588 2E 00 73 00        		.dw '.stabn 0x44,0,14,',0,0
         74 00 61 00
         62 00 6E 00
         20 00 30 00
         78 00 34 00
         34 00 2C 00
         30 00 2C 00
         31 00 34 00
         2C 00 00 00
         00 00      
0000059B 11 00 00 00        		.dd LM12-_main
0000059D 0D 00 0A 00        		.dw 0x0d,0x0a
00008053                    	.code
                            	LM12:
00008053 41 62              		R1=(-1)	// QImode move
00008054 19 D3 00 70        		[28672]=R1	// QImode move
0000059F                    	.debug
0000059F 2E 00 73 00        		.dw '.stabn 0x44,0,15,',0,0
         74 00 61 00
         62 00 6E 00
         20 00 30 00
         78 00 34 00
         34 00 2C 00
         30 00 2C 00
         31 00 35 00
         2C 00 00 00
         00 00      
000005B2 14 00 00 00        		.dd LM13-_main
000005B4 0D 00 0A 00        		.dw 0x0d,0x0a
00008056                    	.code
                            	LM13:
                            	L9:
00008056 0F 9F 5A 80        		pc=L11	// Indirect jump
00008058 0F 9F 69 80        		pc=L10	// Indirect jump
                            	L11:
000005B6                    	.debug
000005B6 2E 00 73 00        		.dw '.stabn 0x44,0,17,',0,0
         74 00 61 00
         62 00 6E 00
         20 00 30 00
         78 00 34 00
         34 00 2C 00
         30 00 2C 00
         31 00 37 00
         2C 00 00 00
         00 00      
000005C9 18 00 00 00        		.dd LM14-_main
000005CB 0D 00 0A 00        		.dw 0x0d,0x0a
0000805A                    	.code
                            	LM14:
0000805A 41 92              		R1=1	// QImode move
0000805B 19 D3 12 70        		[28690]=R1	// QImode move
000005CD                    	.debug
000005CD 2E 00 73 00        		.dw '.stabn 0x44,0,18,',0,0
         74 00 61 00
         62 00 6E 00
         20 00 30 00
         78 00 34 00
         34 00 2C 00
         30 00 2C 00
         31 00 38 00
         2C 00 00 00
         00 00      
000005E0 1B 00 00 00        		.dd LM15-_main
000005E2 0D 00 0A 00        		.dw 0x0d,0x0a
0000805D                    	.code
                            	LM15:
0000805D 11 93 00 70        		R1=[28672]	// QImode move
0000805F 09 85 FF FF        		R2=R1^0xffff	// one_cmplqi2
00008061 C5 D4              		[BP]=R2	// QImode move
000005E4                    	.debug
000005E4 2E 00 73 00        		.dw '.stabn 0x44,0,19,',0,0
         74 00 61 00
         62 00 6E 00
         20 00 30 00
         78 00 34 00
         34 00 2C 00
         30 00 2C 00
         31 00 39 00
         2C 00 00 00
         00 00      
000005F7 20 00 00 00        		.dd LM16-_main
000005F9 0D 00 0A 00        		.dw 0x0d,0x0a
00008062                    	.code
                            	LM16:
00008062 C5 92              		R1=[BP]	// QImode move
00008063 19 D3 00 70        		[28672]=R1	// QImode move
000005FB                    	.debug
000005FB 2E 00 73 00        		.dw '.stabn 0x44,0,20,',0,0
         74 00 61 00
         62 00 6E 00
         20 00 30 00
         78 00 34 00
         34 00 2C 00
         30 00 2C 00
         32 00 30 00
         2C 00 00 00
         00 00      
0000060E 23 00 00 00        		.dd LM17-_main
00000610 0D 00 0A 00        		.dw 0x0d,0x0a
00008065                    	.code
                            	LM17:
00008065 40 F0 26 80        		call _delay	// call without return value
00000612                    	.debug
00000612 2E 00 73 00        		.dw '.stabn 0x44,0,21,',0,0
         74 00 61 00
         62 00 6E 00
         20 00 30 00
         78 00 34 00
         34 00 2C 00
         30 00 2C 00
         32 00 31 00
         2C 00 00 00
         00 00      
00000625 25 00 00 00        		.dd LM18-_main
00000627 0D 00 0A 00        		.dw 0x0d,0x0a
00008067                    	.code
                            	LM18:
00008067 0F 9F 56 80        		pc=L9	// Indirect jump
                            	L10:
00000629                    	.debug
00000629 2E 00 73 00        		.dw '.stabn 0x44,0,22,',0,0
         74 00 61 00
         62 00 6E 00
         20 00 30 00
         78 00 34 00
         34 00 2C 00
         30 00 2C 00
         32 00 32 00
         2C 00 00 00
         00 00      
0000063C 27 00 00 00        		.dd LM19-_main
0000063E 0D 00 0A 00        		.dw 0x0d,0x0a
00008069                    	.code
                            	LM19:
                            	LBE3:
00000640                    	.debug
00000640 2E 00 73 00        		.dw '.stabn 0x44,0,22,',0,0
         74 00 61 00
         62 00 6E 00
         20 00 30 00
         78 00 34 00
         34 00 2C 00
         30 00 2C 00
         32 00 32 00
         2C 00 00 00
         00 00      
00000653 27 00 00 00        		.dd LM20-_main
00000655 0D 00 0A 00        		.dw 0x0d,0x0a
00008069                    	.code
                            	LM20:
                            	L8:
                            	
00008069 42 00              		sp+=2
0000806A 88 98              		pop bp from [sp]
0000806B 90 9A              		retf
                            		.endp	// end of main
                            	
00000657                    	.debug
00000657 2E 00 73 00        		.dw '.stabn 0xc0,0,0,',0,0
         74 00 61 00
         62 00 6E 00
         20 00 30 00
         78 00 63 00
         30 00 2C 00
         30 00 2C 00
         30 00 2C 00
         00 00 00 00
00000669 07 00 00 00        		.dd LBB3-_main
0000066B 0D 00 0A 00        		.dw 0x0d,0x0a
0000806C                    	.code
0000066D                    	.debug
0000066D 2E 00 73 00        		.dw '.stabs "buff:4",128,0,0,0',0x0d,0x0a
         74 00 61 00
         62 00 73 00
         20 00 22 00
         62 00 75 00
         66 00 66 00
         3A 00 34 00
         22 00 2C 00
         31 00 32 00
         38 00 2C 00
         30 00 2C 00
         30 00 2C 00
         30 00 0D 00
         0A 00      
0000806C                    	.CODE
00000688                    	.debug
00000688 2E 00 73 00        		.dw '.stabn 0xe0,0,0,',0,0
         74 00 61 00
         62 00 6E 00
         20 00 30 00
         78 00 65 00
         30 00 2C 00
         30 00 2C 00
         30 00 2C 00
         00 00 00 00
0000069A 27 00 00 00        		.dd LBE3-_main
0000069C 0D 00 0A 00        		.dw 0x0d,0x0a
0000806C                    	.code
0000069E                    	.debug
0000069E 2E 00 73 00        		.dw '.stabf ',0,0
         74 00 61 00
         62 00 66 00
         20 00 00 00
         00 00      
000006A7 2A 00 00 00        		.dd LME2-_main
000006A9 0D 00 0A 00        		.dw 0x0d,0x0a
0000806C                    	.code
                            	LME2:
                            		.end
0 error(s), 0 warning(s).

