Removed Pin From Net: NetName=NetC1_2 Pin=Y1-1
Removed Pin From Net: NetName=NetC2_2 Pin=Y1-2
Change Component Footprint: Designator=R1 Old Footprint=AXIAL-0.4 New Footprint=c0805
Change Component Footprint: Designator=Y1 Old Footprint=R38 New Footprint=GJA-M
Added Component: Designator=C1(C0805)
Added Component: Designator=C2(C0805)
Added Component: Designator=C3(C0805)
Added Pin To Net: NetName=GND Pin=C1-1
Added Pin To Net: NetName=NetC1_2 Pin=C1-2
Added Pin To Net: NetName=GND Pin=C2-1
Added Pin To Net: NetName=VCC3.3 Pin=C2-2
Added Pin To Net: NetName=GND Pin=C3-1
Added Pin To Net: NetName=NetC2_2 Pin=C3-2
Added Pin To Net: NetName=NetC2_2 Pin=Y1-1
Added Pin To Net: NetName=NetC1_2 Pin=Y1-2
Change Net Name : Old Net Name=NetC2_2 New Net Name=NetC3_2
Added Member To Class: ClassName=Sheet1 Member=Component C1 Cap
Added Member To Class: ClassName=Sheet1 Member=Component C2 Cap
Added Member To Class: ClassName=Sheet1 Member=Component C3 Cap
Added Room: Name=Sheet1
