Added Pin To Net: NetName=NetC9_1 Pin=C9-1
Added Pin To Net: NetName=GND Pin=C9-2
Added Pin To Net: NetName=NetC10_1 Pin=C10-1
Added Pin To Net: NetName=GND Pin=C10-2
Added Pin To Net: NetName=RST_TUSB Pin=C11-1
Added Pin To Net: NetName=GND Pin=C11-2
Added Pin To Net: NetName=GND Pin=C12-1
Added Pin To Net: NetName=+3.3 Pin=C12-2
Added Pin To Net: NetName=VBUS Pin=J1-1
Added Pin To Net: NetName=NetJ1_2 Pin=J1-2
Added Pin To Net: NetName=NetJ1_3 Pin=J1-3
Added Pin To Net: NetName=GND Pin=J1-4
Added Pin To Net: NetName=GND Pin=J1-5
Added Pin To Net: NetName=GND Pin=J1-6
Added Pin To Net: NetName=VBUS Pin=P2-1
Added Pin To Net: NetName=VBUS Pin=P2-2
Added Pin To Net: NetName=+3.3 Pin=P2-3
Added Pin To Net: NetName=+1.8 Pin=P2-4
Added Pin To Net: NetName=P0_0 Pin=P2-5
Added Pin To Net: NetName=P2_0 Pin=P2-6
Added Pin To Net: NetName=P0_1 Pin=P2-7
Added Pin To Net: NetName=P2_1 Pin=P2-8
Added Pin To Net: NetName=P0_2 Pin=P2-9
Added Pin To Net: NetName=P2_2 Pin=P2-10
Added Pin To Net: NetName=P0_3 Pin=P2-11
Added Pin To Net: NetName=P2_3 Pin=P2-12
Added Pin To Net: NetName=P0_4 Pin=P2-13
Added Pin To Net: NetName=P2_4 Pin=P2-14
Added Pin To Net: NetName=P0_5 Pin=P2-15
Added Pin To Net: NetName=P2_5 Pin=P2-16
Added Pin To Net: NetName=P0_6 Pin=P2-17
Added Pin To Net: NetName=P2_6 Pin=P2-18
Added Pin To Net: NetName=P0_7 Pin=P2-19
Added Pin To Net: NetName=P2_7 Pin=P2-20
Added Pin To Net: NetName=P1_0 Pin=P2-21
Added Pin To Net: NetName=P3_0 Pin=P2-22
Added Pin To Net: NetName=P1_1 Pin=P2-23
Added Pin To Net: NetName=P3_1 Pin=P2-24
Added Pin To Net: NetName=P1_2 Pin=P2-25
Added Pin To Net: NetName=P3_2 Pin=P2-26
Added Pin To Net: NetName=P1_3 Pin=P2-27
Added Pin To Net: NetName=P3_3 Pin=P2-28
Added Pin To Net: NetName=P1_4 Pin=P2-29
Added Pin To Net: NetName=P3_4 Pin=P2-30
Added Pin To Net: NetName=P1_5 Pin=P2-31
Added Pin To Net: NetName=P3_5 Pin=P2-32
Added Pin To Net: NetName=P1_6 Pin=P2-33
Added Pin To Net: NetName=P3_6 Pin=P2-34
Added Pin To Net: NetName=P1_7 Pin=P2-35
Added Pin To Net: NetName=P3_7 Pin=P2-36
Added Pin To Net: NetName=GND Pin=P2-37
Added Pin To Net: NetName=GND Pin=P2-38
Added Pin To Net: NetName=GND Pin=P2-39
Added Pin To Net: NetName=GND Pin=P2-40
Added Pin To Net: NetName=NetQ1_1 Pin=Q1-1
Added Pin To Net: NetName=NetQ1_2 Pin=Q1-2
Added Pin To Net: NetName=NetQ1_3 Pin=Q1-3
Added Pin To Net: NetName=NetC9_1 Pin=R7-1
Added Pin To Net: NetName=NetC10_1 Pin=R7-2
Added Pin To Net: NetName=NetJ1_2 Pin=R8-1
Added Pin To Net: NetName=NetR8_2 Pin=R8-2
Added Pin To Net: NetName=NetJ1_3 Pin=R9-1
Added Pin To Net: NetName=NetR9_2 Pin=R9-2
Added Pin To Net: NetName=RST_TUSB Pin=R10-1
Added Pin To Net: NetName=+3.3 Pin=R10-2
Added Pin To Net: NetName=NetR11_1 Pin=R11-1
Added Pin To Net: NetName=RST_TUSB Pin=R11-2
Added Pin To Net: NetName=NetQ1_1 Pin=R12-1
Added Pin To Net: NetName=NetJ1_3 Pin=R12-2
Added Pin To Net: NetName=NetQ1_2 Pin=R13-1
Added Pin To Net: NetName=VBUS Pin=R13-2
Added Pin To Net: NetName=SUSP Pin=R14-1
Added Pin To Net: NetName=GND Pin=R14-2
Added Pin To Net: NetName=+3.3 Pin=R15-1
Added Pin To Net: NetName=NetR15_2 Pin=R15-2
Added Pin To Net: NetName=+3.3 Pin=R16-1
Added Pin To Net: NetName=NetR16_2 Pin=R16-2
Added Pin To Net: NetName=+3.3 Pin=R17-1
Added Pin To Net: NetName=NetR17_2 Pin=R17-2
Added Pin To Net: NetName=SCL Pin=R18-1
Added Pin To Net: NetName=+3.3 Pin=R18-2
Added Pin To Net: NetName=SDA Pin=R19-1
Added Pin To Net: NetName=+3.3 Pin=R19-2
Added Pin To Net: NetName=NetR15_2 Pin=SUSP-1
Added Pin To Net: NetName=SUSP Pin=SUSP-2
Added Pin To Net: NetName=NetR11_1 Pin=SW1-2
Added Pin To Net: NetName=GND Pin=SW1-3
Added Pin To Net: NetName=NetR8_2 Pin=TP1-1
Added Pin To Net: NetName=NetR9_2 Pin=TP2-1
Added Pin To Net: NetName=GND Pin=U3-5
Added Pin To Net: NetName=NetR16_2 Pin=U3-8
Added Pin To Net: NetName=NetR17_2 Pin=U3-9
Added Pin To Net: NetName=+3.3 Pin=U3-10
Added Pin To Net: NetName=SDA Pin=U3-11
Added Pin To Net: NetName=SCL Pin=U3-12
Added Pin To Net: NetName=RST_TUSB Pin=U3-13
Added Pin To Net: NetName=SUSP Pin=U3-16
Added Pin To Net: NetName=NetQ1_3 Pin=U3-17
Added Pin To Net: NetName=NetR9_2 Pin=U3-18
Added Pin To Net: NetName=NetR8_2 Pin=U3-19
Added Pin To Net: NetName=GND Pin=U3-21
Added Pin To Net: NetName=P2_0 Pin=U3-22
Added Pin To Net: NetName=P2_1 Pin=U3-23
Added Pin To Net: NetName=GND Pin=U3-24
Added Pin To Net: NetName=P2_2 Pin=U3-25
Added Pin To Net: NetName=P2_3 Pin=U3-26
Added Pin To Net: NetName=P2_4 Pin=U3-27
Added Pin To Net: NetName=P2_5 Pin=U3-28
Added Pin To Net: NetName=P2_6 Pin=U3-29
Added Pin To Net: NetName=P2_7 Pin=U3-30
Added Pin To Net: NetName=P1_0 Pin=U3-31
Added Pin To Net: NetName=P1_1 Pin=U3-32
Added Pin To Net: NetName=P1_2 Pin=U3-33
Added Pin To Net: NetName=P1_3 Pin=U3-34
Added Pin To Net: NetName=P1_4 Pin=U3-35
Added Pin To Net: NetName=P1_5 Pin=U3-36
Added Pin To Net: NetName=+1.8 Pin=U3-37
Added Pin To Net: NetName=SUSP Pin=U3-38
Added Pin To Net: NetName=+3.3 Pin=U3-39
Added Pin To Net: NetName=P1_6 Pin=U3-40
Added Pin To Net: NetName=P1_7 Pin=U3-41
Added Pin To Net: NetName=GND Pin=U3-42
Added Pin To Net: NetName=P0_0 Pin=U3-43
Added Pin To Net: NetName=P0_1 Pin=U3-44
Added Pin To Net: NetName=P0_2 Pin=U3-45
Added Pin To Net: NetName=P0_3 Pin=U3-46
Added Pin To Net: NetName=P0_4 Pin=U3-47
Added Pin To Net: NetName=P0_5 Pin=U3-48
Added Pin To Net: NetName=P0_6 Pin=U3-49
Added Pin To Net: NetName=P0_7 Pin=U3-50
Added Pin To Net: NetName=P3_7 Pin=U3-51
Added Pin To Net: NetName=P3_6 Pin=U3-52
Added Pin To Net: NetName=P3_5 Pin=U3-53
Added Pin To Net: NetName=P3_4 Pin=U3-54
Added Pin To Net: NetName=P3_3 Pin=U3-55
Added Pin To Net: NetName=P3_2 Pin=U3-56
Added Pin To Net: NetName=P3_1 Pin=U3-57
Added Pin To Net: NetName=P3_0 Pin=U3-58
Added Pin To Net: NetName=GND Pin=U3-59
Added Pin To Net: NetName=NetC10_1 Pin=U3-60
Added Pin To Net: NetName=NetC9_1 Pin=U3-61
Added Pin To Net: NetName=+3.3 Pin=U3-62
Added Pin To Net: NetName=GND Pin=U5-1
Added Pin To Net: NetName=GND Pin=U5-2
Added Pin To Net: NetName=GND Pin=U5-3
Added Pin To Net: NetName=GND Pin=U5-4
Added Pin To Net: NetName=SDA Pin=U5-5
Added Pin To Net: NetName=SCL Pin=U5-6
Added Pin To Net: NetName=+3.3 Pin=U5-8
Added Pin To Net: NetName=NetC9_1 Pin=Y1-1
Added Pin To Net: NetName=NetC10_1 Pin=Y1-2
Added Member To Class: ClassName=Sheet1 Member=Component TP1 TestPoint
Added Member To Class: ClassName=Sheet1 Member=Component TP2 TestPoint
Added Room: Name=Sheet1
