Added Component: Designator=+3.3  GND(HDR2X4)
Added Component: Designator=U3(Quad64)
Added Component: Designator=U5(DIP-8)
Added Pin To Net: NetName=+3.3 Pin=+3.3  GND-1
Added Pin To Net: NetName=GND Pin=+3.3  GND-2
Added Pin To Net: NetName=+3.3 Pin=+3.3  GND-3
Added Pin To Net: NetName=GND Pin=+3.3  GND-4
Added Pin To Net: NetName=+3.3 Pin=+3.3  GND-5
Added Pin To Net: NetName=GND Pin=+3.3  GND-6
Added Pin To Net: NetName=+3.3 Pin=+3.3  GND-7
Added Pin To Net: NetName=GND Pin=+3.3  GND-8
Added Pin To Net: NetName=GND Pin=U3-5
Added Pin To Net: NetName=NetR16_2 Pin=U3-8
Added Pin To Net: NetName=NetR17_2 Pin=U3-9
Added Pin To Net: NetName=+3.3 Pin=U3-10
Added Pin To Net: NetName=SDA Pin=U3-11
Added Pin To Net: NetName=SCL Pin=U3-12
Added Pin To Net: NetName=RST_TUSB Pin=U3-13
Added Pin To Net: NetName=SUSP Pin=U3-16
Added Pin To Net: NetName=NetQ1_3 Pin=U3-17
Added Pin To Net: NetName=NetR9_2 Pin=U3-18
Added Pin To Net: NetName=NetR8_2 Pin=U3-19
Added Pin To Net: NetName=GND Pin=U3-21
Added Pin To Net: NetName=P2_0 Pin=U3-22
Added Pin To Net: NetName=P2_1 Pin=U3-23
Added Pin To Net: NetName=GND Pin=U3-24
Added Pin To Net: NetName=P2_2 Pin=U3-25
Added Pin To Net: NetName=P2_3 Pin=U3-26
Added Pin To Net: NetName=P2_4 Pin=U3-27
Added Pin To Net: NetName=P2_5 Pin=U3-28
Added Pin To Net: NetName=P2_6 Pin=U3-29
Added Pin To Net: NetName=P2_7 Pin=U3-30
Added Pin To Net: NetName=P1_0 Pin=U3-31
Added Pin To Net: NetName=P1_1 Pin=U3-32
Added Pin To Net: NetName=P1_2 Pin=U3-33
Added Pin To Net: NetName=P1_3 Pin=U3-34
Added Pin To Net: NetName=P1_4 Pin=U3-35
Added Pin To Net: NetName=P1_5 Pin=U3-36
Added Pin To Net: NetName=+1.8 Pin=U3-37
Added Pin To Net: NetName=SUSP Pin=U3-38
Added Pin To Net: NetName=+3.3 Pin=U3-39
Added Pin To Net: NetName=P1_6 Pin=U3-40
Added Pin To Net: NetName=P1_7 Pin=U3-41
Added Pin To Net: NetName=GND Pin=U3-42
Added Pin To Net: NetName=P0_0 Pin=U3-43
Added Pin To Net: NetName=P0_1 Pin=U3-44
Added Pin To Net: NetName=P0_2 Pin=U3-45
Added Pin To Net: NetName=P0_3 Pin=U3-46
Added Pin To Net: NetName=P0_4 Pin=U3-47
Added Pin To Net: NetName=P0_5 Pin=U3-48
Added Pin To Net: NetName=P0_6 Pin=U3-49
Added Pin To Net: NetName=P0_7 Pin=U3-50
Added Pin To Net: NetName=P3_7 Pin=U3-51
Added Pin To Net: NetName=P3_6 Pin=U3-52
Added Pin To Net: NetName=P3_5 Pin=U3-53
Added Pin To Net: NetName=P3_4 Pin=U3-54
Added Pin To Net: NetName=P3_3 Pin=U3-55
Added Pin To Net: NetName=P3_2 Pin=U3-56
Added Pin To Net: NetName=P3_1 Pin=U3-57
Added Pin To Net: NetName=P3_0 Pin=U3-58
Added Pin To Net: NetName=GND Pin=U3-59
Added Pin To Net: NetName=NetC10_1 Pin=U3-60
Added Pin To Net: NetName=NetC9_1 Pin=U3-61
Added Pin To Net: NetName=+3.3 Pin=U3-62
Added Pin To Net: NetName=GND Pin=U5-1
Added Pin To Net: NetName=GND Pin=U5-2
Added Pin To Net: NetName=GND Pin=U5-3
Added Pin To Net: NetName=GND Pin=U5-4
Added Pin To Net: NetName=SDA Pin=U5-5
Added Pin To Net: NetName=SCL Pin=U5-6
Added Pin To Net: NetName=+3.3 Pin=U5-8
Added Member To Class: ClassName=Sheet1 Member=Component +3.3  GND Header 4X2
Added Member To Class: ClassName=Sheet1 Member=Component U3 TUSB3210
Added Member To Class: ClassName=Sheet1 Member=Component U5 24LCxx
Added Room: Name=Sheet1
