Added Component: Designator=DPower1(LED)
Added Component: Designator=P1(HDR2X8)
Added Component: Designator=P2(HDR2X8)
Added Component: Designator=R2(c0805)
Added Pin To Net: NetName=GND Pin=DPower1-2
Added Pin To Net: NetName=P0_0 Pin=P1-1
Added Pin To Net: NetName=P2_0 Pin=P1-2
Added Pin To Net: NetName=P0_1 Pin=P1-3
Added Pin To Net: NetName=P2_1 Pin=P1-4
Added Pin To Net: NetName=P0_2 Pin=P1-5
Added Pin To Net: NetName=P2_2 Pin=P1-6
Added Pin To Net: NetName=P0_3 Pin=P1-7
Added Pin To Net: NetName=P2_3 Pin=P1-8
Added Pin To Net: NetName=P0_4 Pin=P1-9
Added Pin To Net: NetName=P2_4 Pin=P1-10
Added Pin To Net: NetName=P0_5 Pin=P1-11
Added Pin To Net: NetName=P2_5 Pin=P1-12
Added Pin To Net: NetName=P0_6 Pin=P1-13
Added Pin To Net: NetName=P2_6 Pin=P1-14
Added Pin To Net: NetName=P0_7 Pin=P1-15
Added Pin To Net: NetName=P2_7 Pin=P1-16
Added Pin To Net: NetName=P3_0 Pin=P2-1
Added Pin To Net: NetName=P1_0 Pin=P2-2
Added Pin To Net: NetName=P3_1 Pin=P2-3
Added Pin To Net: NetName=P1_1 Pin=P2-4
Added Pin To Net: NetName=P3_2 Pin=P2-5
Added Pin To Net: NetName=P1_2 Pin=P2-6
Added Pin To Net: NetName=P3_3 Pin=P2-7
Added Pin To Net: NetName=P1_3 Pin=P2-8
Added Pin To Net: NetName=P3_4 Pin=P2-9
Added Pin To Net: NetName=P1_4 Pin=P2-10
Added Pin To Net: NetName=P3_5 Pin=P2-11
Added Pin To Net: NetName=P1_5 Pin=P2-12
Added Pin To Net: NetName=P3_6 Pin=P2-13
Added Pin To Net: NetName=P1_6 Pin=P2-14
Added Pin To Net: NetName=P3_7 Pin=P2-15
Added Pin To Net: NetName=P1_7 Pin=P2-16
Added Pin To Net: NetName=+3.3 Pin=R2-1
Added Pin To Net: NetName=NetDPower1_1 Pin=DPower1-1
Added Pin To Net: NetName=NetDPower1_1 Pin=R2-2
Added Net: Name=NetDPower1_1
Added Member To Class: ClassName=Sheet1 Member=Component DPower1 LED1
Added Member To Class: ClassName=Sheet1 Member=Component P1 Header 8X2
Added Member To Class: ClassName=Sheet1 Member=Component P2 Header 8X2
Added Member To Class: ClassName=Sheet1 Member=Component R2 Res2
Added Room: Name=Sheet1
