C51 COMPILER V8.02   MAIN                                                                  07/21/2010 10:42:03 PAGE 1   


C51 COMPILER V8.02, COMPILATION OF MODULE MAIN
OBJECT MODULE PLACED IN main.OBJ
COMPILER INVOKED BY: C:\Keil\C51\BIN\C51.EXE main.c BROWSE DEFINE(WORK_AROUND_192) DEBUG OBJECTEXTEND CODE

line level    source

   1          #include "reg52modified.h"
   2          #include "types.h"
   3          #include "usb.h"
   4          #include "tusb2136.h"
   5          #include "stdio.h"
   6          #include "string.h"
   7          
   8          
   9          extern void InitializeUsbFunction(void);
  10          
  11          extern bit deviceReady;
  12          extern bit bSuspended;
  13          extern bit With_PEC; 
  14          extern bit Set_400KHz; // 1 for 400KHz; 0 for 100KHz
  15          extern tEDB xdata tInputEndPointDescriptorBlock[3];
  16          extern BYTE xdata pbInBufferAddress[EP_MAX_PACKET_SIZE];  // ENDPOINT 1 IN X buffer
  17          extern BYTE xdata pb48BufferAddress[EP_MAX_PACKET_SIZE];  // use ENDPOINT 1 OUT Y buffer space for bufferi
             -ng the 1st 
  18                                                                    // half of 96-byte block write for UCD9110 flash
             - programming
  19          extern BYTE previous_crc8;
  20          
  21          BYTE intFlags = 0x00;
  22          BYTE otherFlags = 0x00;
  23          BYTE modifierByte = 0x00;
  24          
  25          void IEP1InterruptHandler(void);
  26          void OEP0SetLEDs(void);
  27          
  28          
  29          
  30          void main(void)
  31          {
  32   1      #ifdef SERIALDEBUG
                      // Enable serial port for debug at 9600 baud, using 48.000MHZ.
                      SCON = 0x52;
                      TH1 = -13;
                      TMOD = 0x20;
                      TR1 = 1;
                      TI=1;
                  puts("3:11:L32 of main_c");
              #endif
  41   1      
  42   1          With_PEC = 1; // default is with PEC on
  43   1          previous_crc8 = 0; // starts with 0
  44   1          Set_400KHz = 0; // 100KHz // 1; // default is 400KHz
  45   1      
  46   1              bPUR0 = 0x07;   // enable internal pull-ups for PMB_CONTROL lines only
  47   1              bPUR1 = 0xc0;   // enable all internal pull-ups except for pins P1.6 and P1.7
  48   1              bPUR2 = 0xff;   // disable internal pull-ups
  49   1              bPUR3 = 0xff;   // disable internal pull-ups
  50   1              
  51   1              P3 = 0x00; // speed-up pull-ups
  52   1              P2 = 0x00;
  53   1              P1 = 0x15; // pull-ups for SDA, SCL and ALERT are set to 2.2K by default
C51 COMPILER V8.02   MAIN                                                                  07/21/2010 10:42:03 PAGE 2   

  54   1              P0 = 0x07; // release SMB_DATA and SMB_CLK high; configure ALERT line as input only
  55   1      
  56   1          P0_5 = 1;  // Set P0 Pin 5 to a 1 so that the RESET on the TAS3108 is initialized to HIGH. (JLH 4.Aug.
             -2006)
  57   1      
  58   1          bI2CSTA = 0x00; // set the I2C of EEPROM to talk at 100 kHz, clear everthing else (JLH 4.Aug.2006)
  59   1              
  60   1      
  61   1              // Make sure we're disconnected from the upstream port
  62   1              bUSBCTL = 0x00;
  63   1              InitializeUsbFunction(); // Initialize the USB embedded function
  64   1              
  65   1              while(!deviceReady); // Wait for the setup packets to be exchanged, etc.
  66   1      
  67   1              while(1) { // Indefinite loop to handle keyboard scanning
  68   2                      
  69   2                      if(bSuspended) {
  70   3                              
  71   3                  EX1 = ENABLE;  // enable P2 interrupt
  72   3                              
  73   3                              // Set IDLE bit in PCON to bring MCU to suspend
  74   3                              PCON |= 0x01;
  75   3      
  76   3                  // uC wakeups from suspend
  77   3                              EX1 = DISABLE;
  78   3                      bPUR0 = 0x07;   // enable internal pull-ups for PMB_CONTROL lines only
  79   3                      bPUR1 = 0xc0;   // enable all internal pull-ups except for pins P1.6 and P1.7
  80   3                      bPUR2 = 0xff;   // disable internal pull-ups
  81   3                      bPUR3 = 0xff;   // disable internal pull-ups
  82   3      
  83   3                              // Execution will stop until we wake back up, at which point
  84   3                              // we then conitnue by indicating we're no longer in Suspend
  85   3                              // mode.
  86   3                              bSuspended = FALSE;
  87   3                      } // end of if(bSuspended)
  88   2                              
  89   2                      if(!deviceReady)
  90   2              {
  91   3                  P1_0 = 1; // turn off USB ATTACHED LED
  92   3                              continue;
  93   3              }
  94   2              else P1_0 = 0; // turn on LED indicating USB attached
  95   2              }
  96   1      }
  97          
  98          
  99          void IEP1InterruptHandler(void)
 100          {
 101   1              // Just clear the NAK bit
 102   1              bIEPDCTX_1 = EPBCT_NAK ;
 103   1      }
 104          
 105          
 106          void OEP0SetLEDs(void)
 107          {
 108   1      }
C51 COMPILER V8.02   MAIN                                                                  07/21/2010 10:42:03 PAGE 3   

ASSEMBLY LISTING OF GENERATED OBJECT CODE


             ; FUNCTION main (BEGIN)
                                           ; SOURCE LINE # 30
                                           ; SOURCE LINE # 31
                                           ; SOURCE LINE # 42
0000 D200        E     SETB    With_PEC
                                           ; SOURCE LINE # 43
0002 E4                CLR     A
0003 F500        E     MOV     previous_crc8,A
                                           ; SOURCE LINE # 44
0005 C200        E     CLR     Set_400KHz
                                           ; SOURCE LINE # 46
0007 90FF94            MOV     DPTR,#0FF94H
000A 7407              MOV     A,#07H
000C F0                MOVX    @DPTR,A
                                           ; SOURCE LINE # 47
000D A3                INC     DPTR
000E 74C0              MOV     A,#0C0H
0010 F0                MOVX    @DPTR,A
                                           ; SOURCE LINE # 48
0011 A3                INC     DPTR
0012 74FF              MOV     A,#0FFH
0014 F0                MOVX    @DPTR,A
                                           ; SOURCE LINE # 49
0015 A3                INC     DPTR
0016 F0                MOVX    @DPTR,A
                                           ; SOURCE LINE # 51
0017 E4                CLR     A
0018 F5B0              MOV     P3,A
                                           ; SOURCE LINE # 52
001A F5A0              MOV     P2,A
                                           ; SOURCE LINE # 53
001C 759015            MOV     P1,#015H
                                           ; SOURCE LINE # 54
001F 758007            MOV     P0,#07H
                                           ; SOURCE LINE # 56
0022 D285              SETB    P0_5
                                           ; SOURCE LINE # 58
0024 90FFF0            MOV     DPTR,#0FFF0H
0027 F0                MOVX    @DPTR,A
                                           ; SOURCE LINE # 62
0028 90FFFC            MOV     DPTR,#0FFFCH
002B F0                MOVX    @DPTR,A
                                           ; SOURCE LINE # 63
002C 120000      E     LCALL   InitializeUsbFunction
002F         ?C0001:
                                           ; SOURCE LINE # 65
002F 3000FD      E     JNB     deviceReady,?C0001
0032         ?C0003:
                                           ; SOURCE LINE # 67
                                           ; SOURCE LINE # 69
0032 300019      E     JNB     bSuspended,?C0005
                                           ; SOURCE LINE # 71
0035 D2AA              SETB    EX1
                                           ; SOURCE LINE # 74
0037 438701            ORL     PCON,#01H
                                           ; SOURCE LINE # 77
003A C2AA              CLR     EX1
                                           ; SOURCE LINE # 78
003C 90FF94            MOV     DPTR,#0FF94H
C51 COMPILER V8.02   MAIN                                                                  07/21/2010 10:42:03 PAGE 4   

003F 7407              MOV     A,#07H
0041 F0                MOVX    @DPTR,A
                                           ; SOURCE LINE # 79
0042 A3                INC     DPTR
0043 74C0              MOV     A,#0C0H
0045 F0                MOVX    @DPTR,A
                                           ; SOURCE LINE # 80
0046 A3                INC     DPTR
0047 74FF              MOV     A,#0FFH
0049 F0                MOVX    @DPTR,A
                                           ; SOURCE LINE # 81
004A A3                INC     DPTR
004B F0                MOVX    @DPTR,A
                                           ; SOURCE LINE # 86
004C C200        E     CLR     bSuspended
                                           ; SOURCE LINE # 87
004E         ?C0005:
                                           ; SOURCE LINE # 89
004E 200004      E     JB      deviceReady,?C0006
                                           ; SOURCE LINE # 90
                                           ; SOURCE LINE # 91
0051 D290              SETB    P1_0
                                           ; SOURCE LINE # 92
0053 80DD              SJMP    ?C0003
                                           ; SOURCE LINE # 93
0055         ?C0006:
                                           ; SOURCE LINE # 94
0055 C290              CLR     P1_0
                                           ; SOURCE LINE # 95
0057 80D9              SJMP    ?C0003
             ; FUNCTION main (END)

             ; FUNCTION IEP1InterruptHandler (BEGIN)
                                           ; SOURCE LINE # 99
                                           ; SOURCE LINE # 100
                                           ; SOURCE LINE # 102
0000 90FF4A            MOV     DPTR,#0FF4AH
0003 7480              MOV     A,#080H
0005 F0                MOVX    @DPTR,A
                                           ; SOURCE LINE # 103
0006 22                RET     
             ; FUNCTION IEP1InterruptHandler (END)

             ; FUNCTION OEP0SetLEDs (BEGIN)
                                           ; SOURCE LINE # 106
                                           ; SOURCE LINE # 107
                                           ; SOURCE LINE # 108
0000 22                RET     
             ; FUNCTION OEP0SetLEDs (END)



MODULE INFORMATION:   STATIC OVERLAYABLE
   CODE SIZE        =     97    ----
   CONSTANT SIZE    =   ----    ----
   XDATA SIZE       =   ----    ----
   PDATA SIZE       =   ----    ----
   DATA SIZE        =      3    ----
   IDATA SIZE       =   ----    ----
   BIT SIZE         =   ----    ----
END OF MODULE INFORMATION.


C51 COMPILATION COMPLETE.  0 WARNING(S),  0 ERROR(S)
