C51 COMPILER V8.02   TEXT1                                                                 10/28/2009 00:05:11 PAGE 1   


C51 COMPILER V8.02, COMPILATION OF MODULE TEXT1
OBJECT MODULE PLACED IN Text1.OBJ
COMPILER INVOKED BY: C:\Keil\C51\BIN\C51.EXE Text1.c LARGE BROWSE DEBUG OBJECTEXTEND

line level    source

   1          #include<reg52.h>
   2          #include <absacc.h>
   3          #define LCMDW(x)        XBYTE[0x8000+x]
   4          void main(void)
   5          {
   6   1              unsigned char i;
   7   1              for(i=0;i<100;i++)
   8   1              {
   9   2                      LCMDW(i)=i;
  10   2              }
  11   1              while(1)
  12   1              {
  13   2      
  14   2              }
  15   1      }


MODULE INFORMATION:   STATIC OVERLAYABLE
   CODE SIZE        =     20    ----
   CONSTANT SIZE    =   ----    ----
   XDATA SIZE       =   ----    ----
   PDATA SIZE       =   ----    ----
   DATA SIZE        =   ----    ----
   IDATA SIZE       =   ----    ----
   BIT SIZE         =   ----    ----
END OF MODULE INFORMATION.


C51 COMPILATION COMPLETE.  0 WARNING(S),  0 ERROR(S)
